17:09:40.668 [main                     ] DEBUG Logger               - Configured Logger
17:09:40.674 [main                     ] DEBUG GameApplication      - Logging settings
Title: Akanov-an225
Version: 0.1
Width: 800
Height: 600
Fullscreen: false
Intro: false
Profiling: false
Single step:false
App Mode: DEVELOPER
Menu Key: ESCAPE
Stage Style: DECORATED
Scene Factory: class com.almasb.fxgl.app.scene.SceneFactory

17:09:40.985 [JavaFX Application Thread] DEBUG FXGLApplication      - Initializing FXGL
17:09:40.987 [JavaFX Application Thread] INFO  Engine               - FXGL-17.3 (30.03.2023 11.49) on MAC (J:24.0.2 FX:21.0.6)
17:09:40.987 [JavaFX Application Thread] DEBUG Engine               - JRE Vendor Name: Amazon.com Inc.
17:09:40.987 [JavaFX Application Thread] DEBUG Engine               - Running on OS: Mac OS X version 14.8.1
17:09:40.987 [JavaFX Application Thread] DEBUG Engine               - Architecture: aarch64
17:09:40.987 [JavaFX Application Thread] INFO  Engine               - Source code and latest versions at: https://github.com/AlmasB/FXGL
17:09:40.987 [JavaFX Application Thread] INFO  Engine               -       Ask questions and discuss at: https://github.com/AlmasB/FXGL/discussions
17:09:40.987 [JavaFX Application Thread] INFO  Engine               -              Join the FXGL chat at: https://gitter.im/AlmasB/FXGL
17:09:41.056 [JavaFX Application Thread] DEBUG PrimaryStageWindow   - Creating a JavaFX scene
17:09:41.090 [JavaFX Application Thread] DEBUG PrimaryStageWindow   - Target settings size: 800.0 x 600.0
17:09:41.090 [JavaFX Application Thread] DEBUG PrimaryStageWindow   - Scaled scene size:    800.0 x 600.0
17:09:41.090 [JavaFX Application Thread] DEBUG PrimaryStageWindow   - Scaled ratio: (1.0, 1.0)
17:09:41.091 [JavaFX Application Thread] DEBUG PrimaryStageWindow   - Set initial scene to FXGLStartupScene
17:09:41.093 [JavaFX Application Thread] DEBUG PrimaryStageWindow   - Opening main window
17:09:41.166 [JavaFX Application Thread] DEBUG PrimaryStageWindow   - Window border size: (0.0, 28.0)
17:09:41.166 [JavaFX Application Thread] DEBUG PrimaryStageWindow   - Scaled size: 800.0 x 600.0
17:09:41.166 [JavaFX Application Thread] DEBUG PrimaryStageWindow   - Scaled ratio: (1.0, 1.0)
17:09:41.166 [JavaFX Application Thread] DEBUG PrimaryStageWindow   - Scene size: 800.0 x 600.0
17:09:41.166 [JavaFX Application Thread] DEBUG PrimaryStageWindow   - Stage size: 800.0 x 628.0
17:09:41.171 [FXGL Background Thread 1 ] DEBUG Engine               - Initializing environment variables
17:09:41.236 [FXGL Background Thread 1 ] DEBUG FXGLAssetLoaderServi - User app class for loading assets: class gameplay.Launch
17:09:41.236 [FXGL Background Thread 1 ] DEBUG GameApplicationServi - Applying CSS: fxgl_dark.css
17:09:41.237 [FXGL Background Thread 1 ] DEBUG FXGLAssetLoaderServi - Loading from file system: jar:file:///Users/huyle/.m2/repository/com/github/almasb/fxgl/17.3/fxgl-17.3.jar!/fxglassets/ui/css/fxgl_dark.css
17:09:41.302 [FXGL Background Thread 1 ] DEBUG GameApplicationServi - Initializing application scenes
17:09:41.383 [FXGL Background Thread 1 ] DEBUG GameWorld            - Game world initialized
17:09:41.423 [FXGL Background Thread 1 ] DEBUG PhysicsWorld         - Physics world initialized: appHeight=600, physics.ppm=50.0
17:09:41.423 [FXGL Background Thread 1 ] DEBUG PhysicsWorld         - Using strategy: BRUTE_FORCE
17:09:41.426 [FXGL Background Thread 1 ] DEBUG GameScene            - Game scene initialized: 800x600
17:09:41.433 [FXGL Background Thread 1 ] DEBUG FXGL.DefaultMenu     - createMenuBodyGameMenu()
17:09:41.443 [FXGL Background Thread 1 ] DEBUG FXGL.DefaultMenu     - createOptionsMenu()
17:09:41.449 [FXGL Background Thread 1 ] DEBUG FXGLAssetLoaderServi - Loading from file system: jar:file:///Users/huyle/.m2/repository/com/github/almasb/fxgl/17.3/fxgl-17.3.jar!/fxglassets/textures/particles/smoke.png
17:09:41.511 [FXGL Background Thread 1 ] DEBUG FXGLAssetLoaderServi - Loading from file system: jar:file:///Users/huyle/.m2/repository/com/github/almasb/fxgl/17.3/fxgl-17.3.jar!/fxglassets/textures/particles/trace_horizontal.png
17:09:41.533 [FXGL Background Thread 1 ] DEBUG GameApplicationServi - Application scenes initialized
17:09:41.540 [FXGL Background Thread 1 ] DEBUG SystemBundleService  - Loading FXGL system data
17:09:41.542 [FXGL Background Thread 1 ] DEBUG FileSystemAccess     - Reading from: /Users/huyle/Downloads/demo-main/system/fxgl.bundle
17:09:41.547 [FXGL Background Thread 1 ] DEBUG SystemBundleService  - Bundle FXGL: {}
17:09:41.547 [FXGL Background Thread 1 ] DEBUG UpdaterService       - Checking for updates
17:09:41.550 [FXGL Background Thread 4 ] DEBUG FXGLApplication      - Loading fonts
17:09:41.550 [FXGL Background Thread 4 ] DEBUG FXGLAssetLoaderServi - Loading from file system: jar:file:///Users/huyle/.m2/repository/com/github/almasb/fxgl/17.3/fxgl-17.3.jar!/fxglassets/ui/fonts/VarelaRound-Regular.ttf
17:09:41.550 [FXGL Background Thread 1 ] DEBUG FXGLApplication      - Loading default localization
17:09:41.551 [FXGL Background Thread 1 ] DEBUG FXGLAssetLoaderServi - Loading from file system: jar:file:///Users/huyle/.m2/repository/com/github/almasb/fxgl/17.3/fxgl-17.3.jar!/fxglassets/languages/english.lang
17:09:41.562 [FXGL Background Thread 4 ] DEBUG FXGLAssetLoaderServi - Loading from file system: jar:file:///Users/huyle/.m2/repository/com/github/almasb/fxgl/17.3/fxgl-17.3.jar!/fxglassets/ui/fonts/Abel-Regular.ttf
17:09:41.562 [FXGL Background Thread 1 ] INFO  FXGLApplication      - FXGL initialization took: 0.391 sec
17:09:41.564 [FXGL Background Thread 4 ] DEBUG FXGLAssetLoaderServi - Loading from file system: jar:file:///Users/huyle/.m2/repository/com/github/almasb/fxgl/17.3/fxgl-17.3.jar!/fxglassets/ui/fonts/TerminalLandMono-Regular.otf
17:09:41.567 [FXGL Background Thread 4 ] DEBUG FXGLAssetLoaderServi - Loading from file system: jar:file:///Users/huyle/.m2/repository/com/github/almasb/fxgl/17.3/fxgl-17.3.jar!/fxglassets/ui/fonts/Courier-Prime.ttf
17:09:41.568 [JavaFX Application Thread] DEBUG Input                - Registered new binding: action0 - D
17:09:41.569 [JavaFX Application Thread] DEBUG Input                - Registered new binding: action1 - A
17:09:41.569 [JavaFX Application Thread] DEBUG Input                - Registered new binding: action2 - Left
17:09:41.569 [JavaFX Application Thread] DEBUG Input                - Registered new binding: action3 - Right
17:09:41.569 [JavaFX Application Thread] DEBUG FXGLAssetLoaderServi - Loading from file system: jar:file:///Users/huyle/.m2/repository/com/github/almasb/fxgl/17.3/fxgl-17.3.jar!/fxglassets/textures/fxgl_icon.png
17:09:41.594 [JavaFX Application Thread] DEBUG FXGLAssetLoaderServi - Loading from file system: jar:file:///Users/huyle/.m2/repository/com/github/almasb/fxgl/17.3/fxgl-17.3.jar!/fxglassets/textures/fxgl_default_cursor.png
17:09:41.596 [JavaFX Application Thread] DEBUG Input                - Registered new binding: Screenshot - CTRL+8
17:09:41.596 [JavaFX Application Thread] DEBUG Input                - Registered new binding: System info dump - CTRL+9
17:09:41.596 [JavaFX Application Thread] DEBUG Input                - Registered new binding: Restart - CTRL+R
17:09:41.596 [JavaFX Application Thread] DEBUG Input                - Registered new binding: Toggle Debug Camera - CTRL+7
17:09:41.598 [JavaFX Application Thread] DEBUG LoopRunner           - Starting loop
17:09:41.598 [JavaFX Application Thread] DEBUG LoopRunner           - Initializing JavaFX AnimationTimerLoop
17:09:41.599 [JavaFX Application Thread] DEBUG GameApplicationServi - Starting new game
17:09:41.599 [JavaFX Application Thread] DEBUG Input                - Clearing active input actions
17:09:41.605 [JavaFX Application Thread] DEBUG GameApplicationServi - Removing overlay from FXGLStartupScene and adding to FXGLLoadingScene
17:09:41.606 [JavaFX Application Thread] DEBUG PrimaryStageWindow   - FXGLStartupScene -> FXGLLoadingScene
17:09:41.606 [JavaFX Application Thread] DEBUG GameApplicationServi - Clearing previous game
17:09:41.606 [JavaFX Application Thread] DEBUG GameScene            - Clearing game scene
17:09:41.606 [JavaFX Application Thread] DEBUG GameWorld            - Clearing game world
17:09:41.606 [JavaFX Application Thread] DEBUG PhysicsWorld         - Clearing physics world
17:09:41.607 [FXGL Background Thread 4 ] DEBUG FXGLApplication      - Initializing game
17:09:41.612 [FXGL Background Thread 4 ] INFO  FXGLApplication      - Game initialization took: 0.005 sec
17:09:41.620 [JavaFX Application Thread] DEBUG FXGLApplication      - Registering font factories with UI factory
17:09:41.622 [JavaFX Application Thread] DEBUG Input                - Clearing active input actions
17:09:41.628 [JavaFX Application Thread] DEBUG GameApplicationServi - Removing overlay from FXGLLoadingScene and adding to GameScene
17:09:41.628 [JavaFX Application Thread] DEBUG PrimaryStageWindow   - FXGLLoadingScene -> GameScene
17:09:41.991 [FXGL Background Thread 2 ] INFO  UpdaterService       - Your current version:  17.3
17:09:41.991 [FXGL Background Thread 2 ] INFO  UpdaterService       - Latest stable version: 21.1
17:09:42.911 [JavaFX Application Thread] DEBUG FXGLApplication      - Exiting FXGL
17:09:42.911 [JavaFX Application Thread] DEBUG LoopRunner           - Stopping loop
17:09:42.911 [JavaFX Application Thread] DEBUG SystemBundleService  - Saving FXGL system data
17:09:42.917 [JavaFX Application Thread] DEBUG FileSystemAccess     - Writing to: /Users/huyle/Downloads/demo-main/system/fxgl.bundle
17:09:42.922 [JavaFX Application Thread] DEBUG Async                - Shutting down background threads
17:09:42.922 [JavaFX Application Thread] DEBUG PrimaryStageWindow   - Closing main window
17:09:42.933 [JavaFX Application Thread] DEBUG Logger               - Closing Logger
