11:30:00.731 [main                     ] DEBUG Logger               - Configured Logger
11:30:00.739 [main                     ] DEBUG GameApplication      - Logging settings
Title: Akanov-an225
Version: 0.1
Width: 800
Height: 600
Fullscreen: false
Intro: false
Profiling: false
Single step:false
App Mode: DEVELOPER
Menu Key: ESCAPE
Stage Style: DECORATED
Scene Factory: class com.almasb.fxgl.app.scene.SceneFactory

11:30:01.093 [JavaFX Application Thread] DEBUG FXGLApplication      - Initializing FXGL
11:30:01.094 [JavaFX Application Thread] INFO  Engine               - FXGL-17.3 (30.03.2023 11.49) on MAC (J:24.0.2 FX:21.0.6)
11:30:01.095 [JavaFX Application Thread] DEBUG Engine               - JRE Vendor Name: Amazon.com Inc.
11:30:01.095 [JavaFX Application Thread] DEBUG Engine               - Running on OS: Mac OS X version 14.8.1
11:30:01.095 [JavaFX Application Thread] DEBUG Engine               - Architecture: aarch64
11:30:01.095 [JavaFX Application Thread] INFO  Engine               - Source code and latest versions at: https://github.com/AlmasB/FXGL
11:30:01.095 [JavaFX Application Thread] INFO  Engine               -       Ask questions and discuss at: https://github.com/AlmasB/FXGL/discussions
11:30:01.095 [JavaFX Application Thread] INFO  Engine               -              Join the FXGL chat at: https://gitter.im/AlmasB/FXGL
11:30:01.165 [JavaFX Application Thread] DEBUG PrimaryStageWindow   - Creating a JavaFX scene
11:30:01.201 [JavaFX Application Thread] DEBUG PrimaryStageWindow   - Target settings size: 800.0 x 600.0
11:30:01.201 [JavaFX Application Thread] DEBUG PrimaryStageWindow   - Scaled scene size:    800.0 x 600.0
11:30:01.201 [JavaFX Application Thread] DEBUG PrimaryStageWindow   - Scaled ratio: (1.0, 1.0)
11:30:01.202 [JavaFX Application Thread] DEBUG PrimaryStageWindow   - Set initial scene to FXGLStartupScene
11:30:01.204 [JavaFX Application Thread] DEBUG PrimaryStageWindow   - Opening main window
11:30:01.271 [JavaFX Application Thread] DEBUG PrimaryStageWindow   - Window border size: (0.0, 28.0)
11:30:01.271 [JavaFX Application Thread] DEBUG PrimaryStageWindow   - Scaled size: 800.0 x 600.0
11:30:01.271 [JavaFX Application Thread] DEBUG PrimaryStageWindow   - Scaled ratio: (1.0, 1.0)
11:30:01.272 [JavaFX Application Thread] DEBUG PrimaryStageWindow   - Scene size: 800.0 x 600.0
11:30:01.272 [JavaFX Application Thread] DEBUG PrimaryStageWindow   - Stage size: 800.0 x 628.0
11:30:01.278 [FXGL Background Thread 1 ] DEBUG Engine               - Initializing environment variables
11:30:01.326 [FXGL Background Thread 1 ] DEBUG FXGLAssetLoaderServi - User app class for loading assets: class view.Launch
11:30:01.326 [FXGL Background Thread 1 ] DEBUG GameApplicationServi - Applying CSS: fxgl_dark.css
11:30:01.327 [FXGL Background Thread 1 ] DEBUG FXGLAssetLoaderServi - Loading from file system: jar:file:///Users/huyle/.m2/repository/com/github/almasb/fxgl/17.3/fxgl-17.3.jar!/fxglassets/ui/css/fxgl_dark.css
11:30:01.377 [FXGL Background Thread 1 ] DEBUG GameApplicationServi - Initializing application scenes
11:30:01.472 [FXGL Background Thread 1 ] DEBUG GameWorld            - Game world initialized
11:30:01.517 [FXGL Background Thread 1 ] DEBUG PhysicsWorld         - Physics world initialized: appHeight=600, physics.ppm=50.0
11:30:01.518 [FXGL Background Thread 1 ] DEBUG PhysicsWorld         - Using strategy: BRUTE_FORCE
11:30:01.520 [FXGL Background Thread 1 ] DEBUG GameScene            - Game scene initialized: 800x600
11:30:01.529 [FXGL Background Thread 1 ] DEBUG FXGL.DefaultMenu     - createMenuBodyGameMenu()
11:30:01.541 [FXGL Background Thread 1 ] DEBUG FXGL.DefaultMenu     - createOptionsMenu()
11:30:01.548 [FXGL Background Thread 1 ] DEBUG FXGLAssetLoaderServi - Loading from file system: jar:file:///Users/huyle/.m2/repository/com/github/almasb/fxgl/17.3/fxgl-17.3.jar!/fxglassets/textures/particles/smoke.png
11:30:01.623 [FXGL Background Thread 1 ] DEBUG FXGLAssetLoaderServi - Loading from file system: jar:file:///Users/huyle/.m2/repository/com/github/almasb/fxgl/17.3/fxgl-17.3.jar!/fxglassets/textures/particles/trace_horizontal.png
11:30:01.650 [FXGL Background Thread 1 ] DEBUG GameApplicationServi - Application scenes initialized
11:30:01.657 [FXGL Background Thread 1 ] DEBUG SystemBundleService  - Loading FXGL system data
11:30:01.660 [FXGL Background Thread 1 ] DEBUG FileSystemAccess     - Reading from: /Users/huyle/Documents/UET/year2/ki1/OOP/BTL/demo/system/fxgl.bundle
11:30:01.664 [FXGL Background Thread 1 ] DEBUG SystemBundleService  - Bundle FXGL: {}
11:30:01.665 [FXGL Background Thread 1 ] DEBUG UpdaterService       - Checking for updates
11:30:01.667 [FXGL Background Thread 4 ] DEBUG FXGLApplication      - Loading fonts
11:30:01.667 [FXGL Background Thread 4 ] DEBUG FXGLAssetLoaderServi - Loading from file system: jar:file:///Users/huyle/.m2/repository/com/github/almasb/fxgl/17.3/fxgl-17.3.jar!/fxglassets/ui/fonts/VarelaRound-Regular.ttf
11:30:01.668 [FXGL Background Thread 1 ] DEBUG FXGLApplication      - Loading default localization
11:30:01.668 [FXGL Background Thread 1 ] DEBUG FXGLAssetLoaderServi - Loading from file system: jar:file:///Users/huyle/.m2/repository/com/github/almasb/fxgl/17.3/fxgl-17.3.jar!/fxglassets/languages/english.lang
11:30:01.682 [FXGL Background Thread 1 ] INFO  FXGLApplication      - FXGL initialization took: 0.404 sec
11:30:01.684 [FXGL Background Thread 4 ] DEBUG FXGLAssetLoaderServi - Loading from file system: jar:file:///Users/huyle/.m2/repository/com/github/almasb/fxgl/17.3/fxgl-17.3.jar!/fxglassets/ui/fonts/Abel-Regular.ttf
11:30:01.687 [FXGL Background Thread 4 ] DEBUG FXGLAssetLoaderServi - Loading from file system: jar:file:///Users/huyle/.m2/repository/com/github/almasb/fxgl/17.3/fxgl-17.3.jar!/fxglassets/ui/fonts/TerminalLandMono-Regular.otf
11:30:01.689 [JavaFX Application Thread] DEBUG Input                - Registered new binding: action0 - D
11:30:01.689 [JavaFX Application Thread] DEBUG Input                - Registered new binding: action1 - A
11:30:01.690 [JavaFX Application Thread] DEBUG Input                - Registered new binding: action2 - Left
11:30:01.690 [JavaFX Application Thread] DEBUG Input                - Registered new binding: action3 - Right
11:30:01.690 [JavaFX Application Thread] DEBUG FXGLAssetLoaderServi - Loading from file system: jar:file:///Users/huyle/.m2/repository/com/github/almasb/fxgl/17.3/fxgl-17.3.jar!/fxglassets/textures/fxgl_icon.png
11:30:01.690 [FXGL Background Thread 4 ] DEBUG FXGLAssetLoaderServi - Loading from file system: jar:file:///Users/huyle/.m2/repository/com/github/almasb/fxgl/17.3/fxgl-17.3.jar!/fxglassets/ui/fonts/Courier-Prime.ttf
11:30:01.712 [JavaFX Application Thread] DEBUG FXGLAssetLoaderServi - Loading from file system: jar:file:///Users/huyle/.m2/repository/com/github/almasb/fxgl/17.3/fxgl-17.3.jar!/fxglassets/textures/fxgl_default_cursor.png
11:30:01.714 [JavaFX Application Thread] DEBUG Input                - Registered new binding: Screenshot - CTRL+8
11:30:01.714 [JavaFX Application Thread] DEBUG Input                - Registered new binding: System info dump - CTRL+9
11:30:01.714 [JavaFX Application Thread] DEBUG Input                - Registered new binding: Restart - CTRL+R
11:30:01.714 [JavaFX Application Thread] DEBUG Input                - Registered new binding: Toggle Debug Camera - CTRL+7
11:30:01.716 [JavaFX Application Thread] DEBUG LoopRunner           - Starting loop
11:30:01.716 [JavaFX Application Thread] DEBUG LoopRunner           - Initializing JavaFX AnimationTimerLoop
11:30:01.717 [JavaFX Application Thread] DEBUG GameApplicationServi - Starting new game
11:30:01.717 [JavaFX Application Thread] DEBUG Input                - Clearing active input actions
11:30:01.724 [JavaFX Application Thread] DEBUG GameApplicationServi - Removing overlay from FXGLStartupScene and adding to FXGLLoadingScene
11:30:01.724 [JavaFX Application Thread] DEBUG PrimaryStageWindow   - FXGLStartupScene -> FXGLLoadingScene
11:30:01.724 [JavaFX Application Thread] DEBUG GameApplicationServi - Clearing previous game
11:30:01.724 [JavaFX Application Thread] DEBUG GameScene            - Clearing game scene
11:30:01.724 [JavaFX Application Thread] DEBUG GameWorld            - Clearing game world
11:30:01.724 [JavaFX Application Thread] DEBUG PhysicsWorld         - Clearing physics world
11:30:01.725 [FXGL Background Thread 4 ] DEBUG FXGLApplication      - Initializing game
11:30:01.730 [FXGL Background Thread 4 ] INFO  FXGLApplication      - Game initialization took: 0.004 sec
11:30:01.741 [JavaFX Application Thread] DEBUG FXGLApplication      - Registering font factories with UI factory
11:30:01.744 [JavaFX Application Thread] DEBUG Input                - Clearing active input actions
11:30:01.748 [JavaFX Application Thread] DEBUG GameApplicationServi - Removing overlay from FXGLLoadingScene and adding to GameScene
11:30:01.749 [JavaFX Application Thread] DEBUG PrimaryStageWindow   - FXGLLoadingScene -> GameScene
11:30:02.095 [FXGL Background Thread 2 ] INFO  UpdaterService       - Your current version:  17.3
11:30:02.095 [FXGL Background Thread 2 ] INFO  UpdaterService       - Latest stable version: 21.1
11:30:04.280 [JavaFX Application Thread] DEBUG FXGLApplication      - Exiting FXGL
11:30:04.280 [JavaFX Application Thread] DEBUG LoopRunner           - Stopping loop
11:30:04.280 [JavaFX Application Thread] DEBUG SystemBundleService  - Saving FXGL system data
11:30:04.284 [JavaFX Application Thread] DEBUG FileSystemAccess     - Writing to: /Users/huyle/Documents/UET/year2/ki1/OOP/BTL/demo/system/fxgl.bundle
11:30:04.288 [JavaFX Application Thread] DEBUG Async                - Shutting down background threads
11:30:04.289 [JavaFX Application Thread] DEBUG PrimaryStageWindow   - Closing main window
11:30:04.330 [JavaFX Application Thread] DEBUG Logger               - Closing Logger
