11:10:47.597 [main                     ] DEBUG Logger               - Configured Logger
11:10:47.604 [main                     ] DEBUG GameApplication      - Logging settings
Title: Akanov-an225
Version: 0.1
Width: 800
Height: 600
Fullscreen: false
Intro: false
Profiling: false
Single step:false
App Mode: DEVELOPER
Menu Key: ESCAPE
Stage Style: DECORATED
Scene Factory: class com.almasb.fxgl.app.scene.SceneFactory

11:10:47.903 [JavaFX Application Thread] DEBUG FXGLApplication      - Initializing FXGL
11:10:47.907 [JavaFX Application Thread] INFO  Engine               - FXGL-17.3 (30.03.2023 11.49) on WINDOWS (J:24.0.2 FX:21.0.6)
11:10:47.907 [JavaFX Application Thread] DEBUG Engine               - JRE Vendor Name: Oracle Corporation
11:10:47.907 [JavaFX Application Thread] DEBUG Engine               - Running on OS: Windows 11 version 10.0
11:10:47.908 [JavaFX Application Thread] DEBUG Engine               - Architecture: amd64
11:10:47.908 [JavaFX Application Thread] INFO  Engine               - Source code and latest versions at: https://github.com/AlmasB/FXGL
11:10:47.908 [JavaFX Application Thread] INFO  Engine               -       Ask questions and discuss at: https://github.com/AlmasB/FXGL/discussions
11:10:47.908 [JavaFX Application Thread] INFO  Engine               -              Join the FXGL chat at: https://gitter.im/AlmasB/FXGL
11:10:47.984 [JavaFX Application Thread] DEBUG PrimaryStageWindow   - Creating a JavaFX scene
11:10:48.027 [JavaFX Application Thread] DEBUG PrimaryStageWindow   - Target settings size: 800.0 x 600.0
11:10:48.027 [JavaFX Application Thread] DEBUG PrimaryStageWindow   - Scaled scene size:    800.0 x 600.0
11:10:48.027 [JavaFX Application Thread] DEBUG PrimaryStageWindow   - Scaled ratio: (1.0, 1.0)
11:10:48.027 [JavaFX Application Thread] DEBUG PrimaryStageWindow   - Set initial scene to FXGLStartupScene
11:10:48.031 [JavaFX Application Thread] DEBUG PrimaryStageWindow   - Opening main window
11:10:48.100 [JavaFX Application Thread] DEBUG PrimaryStageWindow   - Window border size: (14.66668701171875, 37.33331298828125)
11:10:48.101 [JavaFX Application Thread] DEBUG PrimaryStageWindow   - Scaled size: 800.0 x 600.0
11:10:48.101 [JavaFX Application Thread] DEBUG PrimaryStageWindow   - Scaled ratio: (1.0, 1.0)
11:10:48.101 [JavaFX Application Thread] DEBUG PrimaryStageWindow   - Scene size: 800.0 x 600.0
11:10:48.101 [JavaFX Application Thread] DEBUG PrimaryStageWindow   - Stage size: 814.6666870117188 x 637.3333129882812
11:10:48.109 [FXGL Background Thread 1 ] DEBUG Engine               - Initializing environment variables
11:10:48.180 [FXGL Background Thread 1 ] DEBUG FXGLAssetLoaderServi - User app class for loading assets: class view.Launch
11:10:48.181 [FXGL Background Thread 1 ] DEBUG GameApplicationServi - Applying CSS: fxgl_dark.css
11:10:48.182 [FXGL Background Thread 1 ] DEBUG FXGLAssetLoaderServi - Loading from file system: jar:file:///C:/Users/DELL/.m2/repository/com/github/almasb/fxgl/17.3/fxgl-17.3.jar!/fxglassets/ui/css/fxgl_dark.css
11:10:48.232 [FXGL Background Thread 1 ] DEBUG GameApplicationServi - Initializing application scenes
11:10:48.269 [FXGL Background Thread 1 ] DEBUG GameWorld            - Game world initialized
11:10:48.329 [FXGL Background Thread 1 ] DEBUG PhysicsWorld         - Physics world initialized: appHeight=600, physics.ppm=50.0
11:10:48.329 [FXGL Background Thread 1 ] DEBUG PhysicsWorld         - Using strategy: BRUTE_FORCE
11:10:48.333 [FXGL Background Thread 1 ] DEBUG GameScene            - Game scene initialized: 800x600
11:10:48.346 [FXGL Background Thread 1 ] DEBUG FXGL.DefaultMenu     - createMenuBodyGameMenu()
11:10:48.360 [FXGL Background Thread 1 ] DEBUG FXGL.DefaultMenu     - createOptionsMenu()
11:10:48.369 [FXGL Background Thread 1 ] DEBUG FXGLAssetLoaderServi - Loading from file system: jar:file:///C:/Users/DELL/.m2/repository/com/github/almasb/fxgl/17.3/fxgl-17.3.jar!/fxglassets/textures/particles/smoke.png
11:10:48.461 [FXGL Background Thread 1 ] DEBUG FXGLAssetLoaderServi - Loading from file system: jar:file:///C:/Users/DELL/.m2/repository/com/github/almasb/fxgl/17.3/fxgl-17.3.jar!/fxglassets/textures/particles/trace_horizontal.png
11:10:48.490 [FXGL Background Thread 1 ] DEBUG GameApplicationServi - Application scenes initialized
11:10:48.499 [FXGL Background Thread 1 ] DEBUG SystemBundleService  - Loading FXGL system data
11:10:48.503 [FXGL Background Thread 1 ] DEBUG FileSystemAccess     - Reading from: D:\akanov-an225\system\fxgl.bundle
11:10:48.511 [FXGL Background Thread 1 ] DEBUG SystemBundleService  - Bundle FXGL: {}
11:10:48.511 [FXGL Background Thread 1 ] DEBUG UpdaterService       - Checking for updates
11:10:48.515 [FXGL Background Thread 4 ] DEBUG FXGLApplication      - Loading fonts
11:10:48.516 [FXGL Background Thread 1 ] DEBUG FXGLApplication      - Loading default localization
11:10:48.516 [FXGL Background Thread 4 ] DEBUG FXGLAssetLoaderServi - Loading from file system: jar:file:///C:/Users/DELL/.m2/repository/com/github/almasb/fxgl/17.3/fxgl-17.3.jar!/fxglassets/ui/fonts/VarelaRound-Regular.ttf
11:10:48.516 [FXGL Background Thread 1 ] DEBUG FXGLAssetLoaderServi - Loading from file system: jar:file:///C:/Users/DELL/.m2/repository/com/github/almasb/fxgl/17.3/fxgl-17.3.jar!/fxglassets/languages/english.lang
11:10:48.533 [FXGL Background Thread 1 ] INFO  FXGLApplication      - FXGL initialization took: 0.424 sec
11:10:48.546 [JavaFX Application Thread] DEBUG Input                - Registered new binding: action0 - Left
11:10:48.546 [JavaFX Application Thread] DEBUG Input                - Registered new binding: action1 - Right
11:10:48.547 [JavaFX Application Thread] DEBUG FXGLAssetLoaderServi - Loading from file system: jar:file:///C:/Users/DELL/.m2/repository/com/github/almasb/fxgl/17.3/fxgl-17.3.jar!/fxglassets/textures/fxgl_icon.png
11:10:48.558 [FXGL Background Thread 4 ] DEBUG FXGLAssetLoaderServi - Loading from file system: jar:file:///C:/Users/DELL/.m2/repository/com/github/almasb/fxgl/17.3/fxgl-17.3.jar!/fxglassets/ui/fonts/Abel-Regular.ttf
11:10:48.561 [FXGL Background Thread 4 ] DEBUG FXGLAssetLoaderServi - Loading from file system: jar:file:///C:/Users/DELL/.m2/repository/com/github/almasb/fxgl/17.3/fxgl-17.3.jar!/fxglassets/ui/fonts/TerminalLandMono-Regular.otf
11:10:48.565 [FXGL Background Thread 4 ] DEBUG FXGLAssetLoaderServi - Loading from file system: jar:file:///C:/Users/DELL/.m2/repository/com/github/almasb/fxgl/17.3/fxgl-17.3.jar!/fxglassets/ui/fonts/Courier-Prime.ttf
11:10:48.572 [JavaFX Application Thread] DEBUG FXGLAssetLoaderServi - Loading from file system: jar:file:///C:/Users/DELL/.m2/repository/com/github/almasb/fxgl/17.3/fxgl-17.3.jar!/fxglassets/textures/fxgl_default_cursor.png
11:10:48.575 [JavaFX Application Thread] DEBUG Input                - Registered new binding: Screenshot - CTRL+8
11:10:48.575 [JavaFX Application Thread] DEBUG Input                - Registered new binding: System info dump - CTRL+9
11:10:48.576 [JavaFX Application Thread] DEBUG Input                - Registered new binding: Restart - CTRL+R
11:10:48.576 [JavaFX Application Thread] DEBUG Input                - Registered new binding: Toggle Debug Camera - CTRL+7
11:10:48.579 [JavaFX Application Thread] DEBUG LoopRunner           - Starting loop
11:10:48.579 [JavaFX Application Thread] DEBUG LoopRunner           - Initializing JavaFX AnimationTimerLoop
11:10:48.580 [JavaFX Application Thread] DEBUG GameApplicationServi - Starting new game
11:10:48.580 [JavaFX Application Thread] DEBUG Input                - Clearing active input actions
11:10:48.592 [JavaFX Application Thread] DEBUG GameApplicationServi - Removing overlay from FXGLStartupScene and adding to FXGLLoadingScene
11:10:48.592 [JavaFX Application Thread] DEBUG PrimaryStageWindow   - FXGLStartupScene -> FXGLLoadingScene
11:10:48.592 [JavaFX Application Thread] DEBUG GameApplicationServi - Clearing previous game
11:10:48.592 [JavaFX Application Thread] DEBUG GameScene            - Clearing game scene
11:10:48.592 [JavaFX Application Thread] DEBUG GameWorld            - Clearing game world
11:10:48.592 [JavaFX Application Thread] DEBUG PhysicsWorld         - Clearing physics world
11:10:48.594 [FXGL Background Thread 4 ] DEBUG FXGLApplication      - Initializing game
11:10:48.596 [FXGL Background Thread 4 ] WARN  Entity               - Entity already has component: com.almasb.fxgl.entity.components.BoundingBoxComponent
11:10:48.617 [FXGL Background Thread 4 ] WARN  Entity               - Entity already has component: com.almasb.fxgl.entity.components.BoundingBoxComponent
11:10:48.618 [FXGL Background Thread 4 ] INFO  FXGLApplication      - Game initialization took: 0.024 sec
11:10:48.639 [JavaFX Application Thread] DEBUG Input                - Clearing active input actions
11:10:48.646 [JavaFX Application Thread] DEBUG GameApplicationServi - Removing overlay from FXGLLoadingScene and adding to GameScene
11:10:48.646 [JavaFX Application Thread] DEBUG PrimaryStageWindow   - FXGLLoadingScene -> GameScene
11:10:49.015 [FXGL Background Thread 2 ] INFO  UpdaterService       - Your current version:  17.3
11:10:49.015 [FXGL Background Thread 2 ] INFO  UpdaterService       - Latest stable version: 21.1
11:10:50.771 [JavaFX Application Thread] DEBUG FXGLApplication      - Exiting FXGL
11:10:50.771 [JavaFX Application Thread] DEBUG LoopRunner           - Stopping loop
11:10:50.771 [JavaFX Application Thread] DEBUG SystemBundleService  - Saving FXGL system data
11:10:50.774 [JavaFX Application Thread] DEBUG FileSystemAccess     - Writing to: D:\akanov-an225\system\fxgl.bundle
11:10:50.777 [JavaFX Application Thread] DEBUG Async                - Shutting down background threads
11:10:50.777 [JavaFX Application Thread] DEBUG PrimaryStageWindow   - Closing main window
11:10:50.793 [JavaFX Application Thread] DEBUG Logger               - Closing Logger
