00:38:03.551 [main                     ] DEBUG Logger               - Configured Logger
00:38:03.559 [main                     ] DEBUG GameApplication      - Logging settings
Title: Akanov-an225
Version: 0.1
Width: 800
Height: 600
Fullscreen: false
Intro: false
Profiling: false
Single step:false
App Mode: DEVELOPER
Menu Key: ESCAPE
Stage Style: DECORATED
Scene Factory: class com.almasb.fxgl.app.scene.SceneFactory

00:38:03.827 [JavaFX Application Thread] DEBUG FXGLApplication      - Initializing FXGL
00:38:03.830 [JavaFX Application Thread] INFO  Engine               - FXGL-17.3 (30.03.2023 11.49) on WINDOWS (J:24.0.2 FX:21.0.6)
00:38:03.832 [JavaFX Application Thread] DEBUG Engine               - JRE Vendor Name: Oracle Corporation
00:38:03.832 [JavaFX Application Thread] DEBUG Engine               - Running on OS: Windows 11 version 10.0
00:38:03.832 [JavaFX Application Thread] DEBUG Engine               - Architecture: amd64
00:38:03.832 [JavaFX Application Thread] INFO  Engine               - Source code and latest versions at: https://github.com/AlmasB/FXGL
00:38:03.832 [JavaFX Application Thread] INFO  Engine               -       Ask questions and discuss at: https://github.com/AlmasB/FXGL/discussions
00:38:03.832 [JavaFX Application Thread] INFO  Engine               -              Join the FXGL chat at: https://gitter.im/AlmasB/FXGL
00:38:03.902 [JavaFX Application Thread] DEBUG PrimaryStageWindow   - Creating a JavaFX scene
00:38:03.946 [JavaFX Application Thread] DEBUG PrimaryStageWindow   - Target settings size: 800.0 x 600.0
00:38:03.946 [JavaFX Application Thread] DEBUG PrimaryStageWindow   - Scaled scene size:    800.0 x 600.0
00:38:03.946 [JavaFX Application Thread] DEBUG PrimaryStageWindow   - Scaled ratio: (1.0, 1.0)
00:38:03.947 [JavaFX Application Thread] DEBUG PrimaryStageWindow   - Set initial scene to FXGLStartupScene
00:38:03.949 [JavaFX Application Thread] DEBUG PrimaryStageWindow   - Opening main window
00:38:04.025 [JavaFX Application Thread] DEBUG PrimaryStageWindow   - Window border size: (14.66668701171875, 37.33331298828125)
00:38:04.025 [JavaFX Application Thread] DEBUG PrimaryStageWindow   - Scaled size: 800.0 x 600.0
00:38:04.025 [JavaFX Application Thread] DEBUG PrimaryStageWindow   - Scaled ratio: (1.0, 1.0)
00:38:04.025 [JavaFX Application Thread] DEBUG PrimaryStageWindow   - Scene size: 800.0 x 600.0
00:38:04.025 [JavaFX Application Thread] DEBUG PrimaryStageWindow   - Stage size: 814.6666870117188 x 637.3333129882812
00:38:04.036 [FXGL Background Thread 1 ] DEBUG Engine               - Initializing environment variables
00:38:04.098 [FXGL Background Thread 1 ] DEBUG FXGLAssetLoaderServi - User app class for loading assets: class view.Launch
00:38:04.098 [FXGL Background Thread 1 ] DEBUG GameApplicationServi - Applying CSS: fxgl_dark.css
00:38:04.099 [FXGL Background Thread 1 ] DEBUG FXGLAssetLoaderServi - Loading from file system: jar:file:///C:/Users/DELL/.m2/repository/com/github/almasb/fxgl/17.3/fxgl-17.3.jar!/fxglassets/ui/css/fxgl_dark.css
00:38:04.145 [FXGL Background Thread 1 ] DEBUG GameApplicationServi - Initializing application scenes
00:38:04.183 [FXGL Background Thread 1 ] DEBUG GameWorld            - Game world initialized
00:38:04.241 [FXGL Background Thread 1 ] DEBUG PhysicsWorld         - Physics world initialized: appHeight=600, physics.ppm=50.0
00:38:04.241 [FXGL Background Thread 1 ] DEBUG PhysicsWorld         - Using strategy: BRUTE_FORCE
00:38:04.244 [FXGL Background Thread 1 ] DEBUG GameScene            - Game scene initialized: 800x600
00:38:04.255 [FXGL Background Thread 1 ] DEBUG FXGL.DefaultMenu     - createMenuBodyGameMenu()
00:38:04.267 [FXGL Background Thread 1 ] DEBUG FXGL.DefaultMenu     - createOptionsMenu()
00:38:04.275 [FXGL Background Thread 1 ] DEBUG FXGLAssetLoaderServi - Loading from file system: jar:file:///C:/Users/DELL/.m2/repository/com/github/almasb/fxgl/17.3/fxgl-17.3.jar!/fxglassets/textures/particles/smoke.png
00:38:04.348 [FXGL Background Thread 1 ] DEBUG FXGLAssetLoaderServi - Loading from file system: jar:file:///C:/Users/DELL/.m2/repository/com/github/almasb/fxgl/17.3/fxgl-17.3.jar!/fxglassets/textures/particles/trace_horizontal.png
00:38:04.370 [FXGL Background Thread 1 ] DEBUG GameApplicationServi - Application scenes initialized
00:38:04.380 [FXGL Background Thread 1 ] DEBUG SystemBundleService  - Loading FXGL system data
00:38:04.384 [FXGL Background Thread 1 ] DEBUG FileSystemAccess     - Reading from: D:\akanov-an225\system\fxgl.bundle
00:38:04.390 [FXGL Background Thread 1 ] DEBUG SystemBundleService  - Bundle FXGL: {}
00:38:04.390 [FXGL Background Thread 1 ] DEBUG UpdaterService       - Checking for updates
00:38:04.395 [FXGL Background Thread 4 ] DEBUG FXGLApplication      - Loading fonts
00:38:04.395 [FXGL Background Thread 1 ] DEBUG FXGLApplication      - Loading default localization
00:38:04.395 [FXGL Background Thread 4 ] DEBUG FXGLAssetLoaderServi - Loading from file system: jar:file:///C:/Users/DELL/.m2/repository/com/github/almasb/fxgl/17.3/fxgl-17.3.jar!/fxglassets/ui/fonts/VarelaRound-Regular.ttf
00:38:04.396 [FXGL Background Thread 1 ] DEBUG FXGLAssetLoaderServi - Loading from file system: jar:file:///C:/Users/DELL/.m2/repository/com/github/almasb/fxgl/17.3/fxgl-17.3.jar!/fxglassets/languages/english.lang
00:38:04.413 [FXGL Background Thread 1 ] INFO  FXGLApplication      - FXGL initialization took: 0.377 sec
00:38:04.415 [JavaFX Application Thread] DEBUG FXGLAssetLoaderServi - Loading from file system: jar:file:///C:/Users/DELL/.m2/repository/com/github/almasb/fxgl/17.3/fxgl-17.3.jar!/fxglassets/textures/fxgl_icon.png
00:38:04.437 [JavaFX Application Thread] DEBUG FXGLAssetLoaderServi - Loading from file system: jar:file:///C:/Users/DELL/.m2/repository/com/github/almasb/fxgl/17.3/fxgl-17.3.jar!/fxglassets/textures/fxgl_default_cursor.png
00:38:04.446 [JavaFX Application Thread] DEBUG Input                - Registered new binding: Screenshot - CTRL+8
00:38:04.447 [JavaFX Application Thread] DEBUG Input                - Registered new binding: System info dump - CTRL+9
00:38:04.447 [JavaFX Application Thread] DEBUG Input                - Registered new binding: Restart - CTRL+R
00:38:04.447 [JavaFX Application Thread] DEBUG Input                - Registered new binding: Toggle Debug Camera - CTRL+7
00:38:04.449 [FXGL Background Thread 4 ] DEBUG FXGLAssetLoaderServi - Loading from file system: jar:file:///C:/Users/DELL/.m2/repository/com/github/almasb/fxgl/17.3/fxgl-17.3.jar!/fxglassets/ui/fonts/Abel-Regular.ttf
00:38:04.451 [JavaFX Application Thread] DEBUG LoopRunner           - Starting loop
00:38:04.451 [JavaFX Application Thread] DEBUG LoopRunner           - Initializing JavaFX AnimationTimerLoop
00:38:04.452 [JavaFX Application Thread] DEBUG GameApplicationServi - Starting new game
00:38:04.452 [FXGL Background Thread 4 ] DEBUG FXGLAssetLoaderServi - Loading from file system: jar:file:///C:/Users/DELL/.m2/repository/com/github/almasb/fxgl/17.3/fxgl-17.3.jar!/fxglassets/ui/fonts/TerminalLandMono-Regular.otf
00:38:04.453 [JavaFX Application Thread] DEBUG Input                - Clearing active input actions
00:38:04.457 [FXGL Background Thread 4 ] DEBUG FXGLAssetLoaderServi - Loading from file system: jar:file:///C:/Users/DELL/.m2/repository/com/github/almasb/fxgl/17.3/fxgl-17.3.jar!/fxglassets/ui/fonts/Courier-Prime.ttf
00:38:04.466 [JavaFX Application Thread] DEBUG GameApplicationServi - Removing overlay from FXGLStartupScene and adding to FXGLLoadingScene
00:38:04.466 [JavaFX Application Thread] DEBUG PrimaryStageWindow   - FXGLStartupScene -> FXGLLoadingScene
00:38:04.466 [JavaFX Application Thread] DEBUG GameApplicationServi - Clearing previous game
00:38:04.466 [JavaFX Application Thread] DEBUG GameScene            - Clearing game scene
00:38:04.466 [JavaFX Application Thread] DEBUG GameWorld            - Clearing game world
00:38:04.466 [JavaFX Application Thread] DEBUG PhysicsWorld         - Clearing physics world
00:38:04.468 [FXGL Background Thread 4 ] DEBUG FXGLApplication      - Initializing game
00:38:04.470 [FXGL Background Thread 4 ] WARN  Entity               - Entity already has component: com.almasb.fxgl.entity.components.BoundingBoxComponent
00:38:04.499 [FXGL Background Thread 4 ] INFO  FXGLApplication      - Game initialization took: 0.031 sec
00:38:04.511 [JavaFX Application Thread] DEBUG FXGLApplication      - Registering font factories with UI factory
00:38:04.515 [JavaFX Application Thread] DEBUG Input                - Clearing active input actions
00:38:04.521 [JavaFX Application Thread] DEBUG GameApplicationServi - Removing overlay from FXGLLoadingScene and adding to GameScene
00:38:04.521 [JavaFX Application Thread] DEBUG PrimaryStageWindow   - FXGLLoadingScene -> GameScene
00:38:04.580 [FXGL Background Thread 2 ] WARN  UpdaterService       - Failed to find updates: java.net.UnknownHostException: raw.githubusercontent.com
00:38:06.229 [JavaFX Application Thread] DEBUG FXGLApplication      - Exiting FXGL
00:38:06.231 [JavaFX Application Thread] DEBUG LoopRunner           - Stopping loop
00:38:06.231 [JavaFX Application Thread] DEBUG SystemBundleService  - Saving FXGL system data
00:38:06.233 [JavaFX Application Thread] DEBUG FileSystemAccess     - Writing to: D:\akanov-an225\system\fxgl.bundle
00:38:06.236 [JavaFX Application Thread] DEBUG Async                - Shutting down background threads
00:38:06.236 [JavaFX Application Thread] DEBUG PrimaryStageWindow   - Closing main window
00:38:06.252 [JavaFX Application Thread] DEBUG Logger               - Closing Logger
