19:36:26.884 [main                     ] DEBUG Logger               - Configured Logger
19:36:26.893 [main                     ] DEBUG GameApplication      - Logging settings
Title: Akanov-an225
Version: 0.2
Width: 960
Height: 720
Fullscreen: false
Intro: false
Profiling: false
Single step:false
App Mode: DEVELOPER
Menu Key: ESCAPE
Stage Style: DECORATED
Scene Factory: class view.GeneralInit$1

19:36:27.417 [JavaFX Application Thread] DEBUG FXGLApplication      - Initializing FXGL
19:36:27.420 [JavaFX Application Thread] INFO  Engine               - FXGL-17.3 (30.03.2023 11.49) on WINDOWS (J:24.0.2 FX:21.0.6)
19:36:27.420 [JavaFX Application Thread] DEBUG Engine               - JRE Vendor Name: Oracle Corporation
19:36:27.420 [JavaFX Application Thread] DEBUG Engine               - Running on OS: Windows 11 version 10.0
19:36:27.420 [JavaFX Application Thread] DEBUG Engine               - Architecture: amd64
19:36:27.420 [JavaFX Application Thread] INFO  Engine               - Source code and latest versions at: https://github.com/AlmasB/FXGL
19:36:27.420 [JavaFX Application Thread] INFO  Engine               -       Ask questions and discuss at: https://github.com/AlmasB/FXGL/discussions
19:36:27.420 [JavaFX Application Thread] INFO  Engine               -              Join the FXGL chat at: https://gitter.im/AlmasB/FXGL
19:36:27.502 [JavaFX Application Thread] DEBUG PrimaryStageWindow   - Creating a JavaFX scene
19:36:27.567 [JavaFX Application Thread] DEBUG PrimaryStageWindow   - Target settings size: 960.0 x 720.0
19:36:27.567 [JavaFX Application Thread] DEBUG PrimaryStageWindow   - Scaled scene size:    960.0 x 720.0
19:36:27.567 [JavaFX Application Thread] DEBUG PrimaryStageWindow   - Scaled ratio: (1.0, 1.0)
19:36:27.568 [JavaFX Application Thread] DEBUG PrimaryStageWindow   - Set initial scene to FXGLStartupScene
19:36:27.573 [JavaFX Application Thread] DEBUG PrimaryStageWindow   - Opening main window
19:36:27.707 [JavaFX Application Thread] DEBUG PrimaryStageWindow   - Window border size: (14.4000244140625, 37.5999755859375)
19:36:27.707 [JavaFX Application Thread] DEBUG PrimaryStageWindow   - Scaled size: 960.0 x 720.0
19:36:27.707 [JavaFX Application Thread] DEBUG PrimaryStageWindow   - Scaled ratio: (1.0, 1.0)
19:36:27.708 [JavaFX Application Thread] DEBUG PrimaryStageWindow   - Scene size: 960.0 x 720.0
19:36:27.708 [JavaFX Application Thread] DEBUG PrimaryStageWindow   - Stage size: 974.4000244140625 x 757.5999755859375
19:36:27.724 [FXGL Background Thread 1 ] DEBUG Engine               - Initializing environment variables
19:36:27.807 [FXGL Background Thread 1 ] DEBUG FXGLAssetLoaderServi - User app class for loading assets: class view.Launch
19:36:27.807 [FXGL Background Thread 1 ] DEBUG GameApplicationServi - Applying CSS: fxgl_dark.css
19:36:27.808 [FXGL Background Thread 1 ] DEBUG FXGLAssetLoaderServi - Loading from file system: jar:file:///C:/Users/nguye/.m2/repository/com/github/almasb/fxgl/17.3/fxgl-17.3.jar!/fxglassets/ui/css/fxgl_dark.css
19:36:27.860 [FXGL Background Thread 1 ] DEBUG GameApplicationServi - Initializing application scenes
19:36:27.910 [FXGL Background Thread 1 ] DEBUG GameWorld            - Game world initialized
19:36:27.984 [FXGL Background Thread 1 ] DEBUG PhysicsWorld         - Physics world initialized: appHeight=720, physics.ppm=50.0
19:36:27.984 [FXGL Background Thread 1 ] DEBUG PhysicsWorld         - Using strategy: BRUTE_FORCE
19:36:27.988 [FXGL Background Thread 1 ] DEBUG GameScene            - Game scene initialized: 960x720
19:36:28.210 [FXGL Background Thread 1 ] DEBUG GameApplicationServi - Application scenes initialized
19:36:28.224 [FXGL Background Thread 1 ] DEBUG SystemBundleService  - Loading FXGL system data
19:36:28.230 [FXGL Background Thread 1 ] DEBUG FileSystemAccess     - Reading from: C:\akk\akanov-an225\system\fxgl.bundle
19:36:28.236 [FXGL Background Thread 1 ] DEBUG SystemBundleService  - Bundle FXGL: {}
19:36:28.237 [FXGL Background Thread 1 ] DEBUG UpdaterService       - Checking for updates
19:36:28.243 [FXGL Background Thread 4 ] DEBUG FXGLApplication      - Loading fonts
19:36:28.244 [FXGL Background Thread 4 ] DEBUG FXGLAssetLoaderServi - Loading from file system: jar:file:///C:/Users/nguye/.m2/repository/com/github/almasb/fxgl/17.3/fxgl-17.3.jar!/fxglassets/ui/fonts/VarelaRound-Regular.ttf
19:36:28.248 [FXGL Background Thread 1 ] DEBUG FXGLApplication      - Loading default localization
19:36:28.249 [FXGL Background Thread 1 ] DEBUG FXGLAssetLoaderServi - Loading from file system: jar:file:///C:/Users/nguye/.m2/repository/com/github/almasb/fxgl/17.3/fxgl-17.3.jar!/fxglassets/languages/english.lang
19:36:28.293 [FXGL Background Thread 1 ] INFO  FXGLApplication      - FXGL initialization took: 0.569 sec
19:36:28.293 [FXGL Background Thread 4 ] DEBUG FXGLAssetLoaderServi - Loading from file system: jar:file:///C:/Users/nguye/.m2/repository/com/github/almasb/fxgl/17.3/fxgl-17.3.jar!/fxglassets/ui/fonts/Abel-Regular.ttf
19:36:28.299 [FXGL Background Thread 4 ] DEBUG FXGLAssetLoaderServi - Loading from file system: jar:file:///C:/Users/nguye/.m2/repository/com/github/almasb/fxgl/17.3/fxgl-17.3.jar!/fxglassets/ui/fonts/TerminalLandMono-Regular.otf
19:36:28.303 [FXGL Background Thread 4 ] DEBUG FXGLAssetLoaderServi - Loading from file system: jar:file:///C:/Users/nguye/.m2/repository/com/github/almasb/fxgl/17.3/fxgl-17.3.jar!/fxglassets/ui/fonts/Courier-Prime.ttf
19:36:28.307 [JavaFX Application Thread] DEBUG Input                - Registered new binding: action0 - Right
19:36:28.307 [JavaFX Application Thread] DEBUG Input                - Registered new binding: action1 - Left
19:36:28.308 [JavaFX Application Thread] DEBUG Input                - Registered new binding: action2 - D
19:36:28.308 [JavaFX Application Thread] DEBUG Input                - Registered new binding: action3 - R
19:36:28.309 [JavaFX Application Thread] DEBUG FXGLAssetLoaderServi - Loading from file system: jar:file:///C:/Users/nguye/.m2/repository/com/github/almasb/fxgl/17.3/fxgl-17.3.jar!/fxglassets/textures/fxgl_icon.png
19:36:28.333 [JavaFX Application Thread] DEBUG FXGLAssetLoaderServi - Loading from file system: jar:file:///C:/Users/nguye/.m2/repository/com/github/almasb/fxgl/17.3/fxgl-17.3.jar!/fxglassets/textures/fxgl_default_cursor.png
19:36:28.337 [JavaFX Application Thread] DEBUG Input                - Registered new binding: Screenshot - CTRL+8
19:36:28.338 [JavaFX Application Thread] DEBUG Input                - Registered new binding: System info dump - CTRL+9
19:36:28.338 [JavaFX Application Thread] DEBUG Input                - Registered new binding: Restart - CTRL+R
19:36:28.341 [JavaFX Application Thread] DEBUG Input                - Registered new binding: Toggle Debug Camera - CTRL+7
19:36:28.353 [JavaFX Application Thread] DEBUG LoopRunner           - Starting loop
19:36:28.353 [JavaFX Application Thread] DEBUG LoopRunner           - Initializing JavaFX AnimationTimerLoop
19:36:28.360 [JavaFX Application Thread] DEBUG Input                - Clearing active input actions
19:36:28.366 [JavaFX Application Thread] DEBUG GameApplicationServi - Removing overlay from FXGLStartupScene and adding to FXGLMainMenuDummyScene
19:36:28.366 [JavaFX Application Thread] DEBUG PrimaryStageWindow   - FXGLStartupScene -> FXGLMainMenuDummyScene
19:36:28.366 [JavaFX Application Thread] DEBUG PrimaryStageWindow   - Push state: MainMenu
19:36:28.366 [JavaFX Application Thread] DEBUG Input                - Clearing active input actions
19:36:28.382 [JavaFX Application Thread] DEBUG GameApplicationServi - Removing overlay from FXGLMainMenuDummyScene and adding to MainMenu
19:36:28.382 [JavaFX Application Thread] DEBUG PrimaryStageWindow   - FXGLMainMenuDummyScene -> MainMenu
19:36:28.385 [JavaFX Application Thread] DEBUG FXGLApplication      - Registering font factories with UI factory
19:36:28.894 [FXGL Background Thread 2 ] INFO  UpdaterService       - Your current version:  17.3
19:36:28.895 [FXGL Background Thread 2 ] INFO  UpdaterService       - Latest stable version: 21.1
19:36:31.242 [FXGL Background Thread 3 ] DEBUG Engine               - Logging environment variables
19:36:31.243 [FXGL Background Thread 3 ] DEBUG Engine               - achievements: []
19:36:31.243 [FXGL Background Thread 3 ] DEBUG Engine               - actualHeight: 720.0
19:36:31.243 [FXGL Background Thread 3 ] DEBUG Engine               - actualHeightProperty: ReadOnlyDoubleProperty [value: 720.0]
19:36:31.243 [FXGL Background Thread 3 ] DEBUG Engine               - actualWidth: 960.0
19:36:31.243 [FXGL Background Thread 3 ] DEBUG Engine               - actualWidthProperty: ReadOnlyDoubleProperty [value: 960.0]
19:36:31.243 [FXGL Background Thread 3 ] DEBUG Engine               - appIcon: fxgl_icon.png
19:36:31.243 [FXGL Background Thread 3 ] DEBUG Engine               - applicationMode: DEVELOPER
19:36:31.243 [FXGL Background Thread 3 ] DEBUG Engine               - cSSList: [fxgl_dark.css]
19:36:31.243 [FXGL Background Thread 3 ] DEBUG Engine               - collisionDetectionStrategy: BRUTE_FORCE
19:36:31.243 [FXGL Background Thread 3 ] DEBUG Engine               - configClass: Optional.empty
19:36:31.244 [FXGL Background Thread 3 ] DEBUG Engine               - credits: []
19:36:31.246 [FXGL Background Thread 3 ] DEBUG Engine               - defaultCursor: CursorInfo(imageName=fxgl_default_cursor.png, hotspotX=7.0, hotspotY=6.0)
19:36:31.246 [FXGL Background Thread 3 ] DEBUG Engine               - devBBoxColorProperty: ObjectProperty [value: 0xff0000ff]
19:36:31.246 [FXGL Background Thread 3 ] DEBUG Engine               - devEnableDebugCameraProperty: BooleanProperty [value: false]
19:36:31.246 [FXGL Background Thread 3 ] DEBUG Engine               - devSensorColorProperty: ObjectProperty [value: 0xffff00ff]
19:36:31.246 [FXGL Background Thread 3 ] DEBUG Engine               - devShowBBoxProperty: BooleanProperty [value: false]
19:36:31.247 [FXGL Background Thread 3 ] DEBUG Engine               - devShowPositionProperty: BooleanProperty [value: false]
19:36:31.247 [FXGL Background Thread 3 ] DEBUG Engine               - enabledMenuItems: []
19:36:31.247 [FXGL Background Thread 3 ] DEBUG Engine               - engineServices: [class com.almasb.fxgl.app.services.FXGLAssetLoaderService, class com.almasb.fxgl.app.FXGLApplication$GameApplicationService, class com.almasb.fxgl.app.services.FXGLDialogService, class com.almasb.fxgl.app.services.IOTaskExecutorService, class com.almasb.fxgl.io.FileSystemService, class com.almasb.fxgl.localization.LocalizationService, class com.almasb.fxgl.app.services.SystemBundleService, class com.almasb.fxgl.profile.SaveLoadService, class com.almasb.fxgl.ui.FXGLUIFactoryServiceProvider, class com.almasb.fxgl.ui.FXGLDialogFactoryServiceProvider, class com.almasb.fxgl.audio.AudioPlayer, class com.almasb.fxgl.notification.impl.NotificationServiceProvider, class com.almasb.fxgl.achievement.AchievementService, class com.almasb.fxgl.cutscene.CutsceneService, class com.almasb.fxgl.minigames.MiniGameService, class com.almasb.fxgl.net.NetService, class com.almasb.fxgl.app.services.UpdaterService, class com.almasb.fxgl.dev.DevService]
19:36:31.247 [FXGL Background Thread 3 ] DEBUG Engine               - fontGame: Abel-Regular.ttf
19:36:31.247 [FXGL Background Thread 3 ] DEBUG Engine               - fontMono: TerminalLandMono-Regular.otf
19:36:31.247 [FXGL Background Thread 3 ] DEBUG Engine               - fontSizeScaleUI: 1.0
19:36:31.247 [FXGL Background Thread 3 ] DEBUG Engine               - fontText: Courier-Prime.ttf
19:36:31.247 [FXGL Background Thread 3 ] DEBUG Engine               - fontUI: VarelaRound-Regular.ttf
19:36:31.247 [FXGL Background Thread 3 ] DEBUG Engine               - fullScreen: BooleanProperty [value: false]
19:36:31.247 [FXGL Background Thread 3 ] DEBUG Engine               - gameDifficulty: MEDIUM
19:36:31.247 [FXGL Background Thread 3 ] DEBUG Engine               - gameDifficultyProperty: ObjectProperty [value: MEDIUM]
19:36:31.247 [FXGL Background Thread 3 ] DEBUG Engine               - globalMusicVolume: 0.5
19:36:31.247 [FXGL Background Thread 3 ] DEBUG Engine               - globalMusicVolumeProperty: DoubleProperty [value: 0.5]
19:36:31.247 [FXGL Background Thread 3 ] DEBUG Engine               - globalSoundVolume: 0.5
19:36:31.247 [FXGL Background Thread 3 ] DEBUG Engine               - globalSoundVolumeProperty: DoubleProperty [value: 0.5]
19:36:31.247 [FXGL Background Thread 3 ] DEBUG Engine               - height: 720
19:36:31.248 [FXGL Background Thread 3 ] DEBUG Engine               - is3D: false
19:36:31.248 [FXGL Background Thread 3 ] DEBUG Engine               - isAndroid: false
19:36:31.248 [FXGL Background Thread 3 ] DEBUG Engine               - isBrowser: false
19:36:31.248 [FXGL Background Thread 3 ] DEBUG Engine               - isClickFeedbackEnabled: false
19:36:31.248 [FXGL Background Thread 3 ] DEBUG Engine               - isCloseConfirmation: false
19:36:31.248 [FXGL Background Thread 3 ] DEBUG Engine               - isDesktop: true
19:36:31.248 [FXGL Background Thread 3 ] DEBUG Engine               - isDeveloperMenuEnabled: false
19:36:31.248 [FXGL Background Thread 3 ] DEBUG Engine               - isEmbedded: false
19:36:31.248 [FXGL Background Thread 3 ] DEBUG Engine               - isEntityPreloadEnabled: true
19:36:31.248 [FXGL Background Thread 3 ] DEBUG Engine               - isExperimentalTiledLargeMap: false
19:36:31.248 [FXGL Background Thread 3 ] DEBUG Engine               - isFileSystemWriteAllowed: true
19:36:31.248 [FXGL Background Thread 3 ] DEBUG Engine               - isFullScreenAllowed: false
19:36:31.248 [FXGL Background Thread 3 ] DEBUG Engine               - isFullScreenFromStart: false
19:36:31.248 [FXGL Background Thread 3 ] DEBUG Engine               - isGameMenuEnabled: true
19:36:31.248 [FXGL Background Thread 3 ] DEBUG Engine               - isIOS: false
19:36:31.248 [FXGL Background Thread 3 ] DEBUG Engine               - isIntroEnabled: false
19:36:31.248 [FXGL Background Thread 3 ] DEBUG Engine               - isLinux: false
19:36:31.248 [FXGL Background Thread 3 ] DEBUG Engine               - isMac: false
19:36:31.248 [FXGL Background Thread 3 ] DEBUG Engine               - isMainMenuEnabled: true
19:36:31.249 [FXGL Background Thread 3 ] DEBUG Engine               - isManualResizeEnabled: false
19:36:31.249 [FXGL Background Thread 3 ] DEBUG Engine               - isMobile: false
19:36:31.249 [FXGL Background Thread 3 ] DEBUG Engine               - isNative: false
19:36:31.249 [FXGL Background Thread 3 ] DEBUG Engine               - isPauseMusicWhenMinimized: true
19:36:31.249 [FXGL Background Thread 3 ] DEBUG Engine               - isPreserveResizeRatio: false
19:36:31.249 [FXGL Background Thread 3 ] DEBUG Engine               - isProfilingEnabled: false
19:36:31.249 [FXGL Background Thread 3 ] DEBUG Engine               - isScaleAffectedOnResize: true
19:36:31.249 [FXGL Background Thread 3 ] DEBUG Engine               - isSingleStep: false
19:36:31.249 [FXGL Background Thread 3 ] DEBUG Engine               - isUserProfileEnabled: false
19:36:31.249 [FXGL Background Thread 3 ] DEBUG Engine               - isWindows: true
19:36:31.249 [FXGL Background Thread 3 ] DEBUG Engine               - language: ObjectProperty [value: ENGLISH]
19:36:31.249 [FXGL Background Thread 3 ] DEBUG Engine               - menuKey: ESCAPE
19:36:31.249 [FXGL Background Thread 3 ] DEBUG Engine               - mouseSensitivity: 0.2
19:36:31.249 [FXGL Background Thread 3 ] DEBUG Engine               - notificationViewClass: class com.almasb.fxgl.notification.view.XboxNotificationView
19:36:31.249 [FXGL Background Thread 3 ] DEBUG Engine               - pixelsPerMeter: 50.0
19:36:31.250 [FXGL Background Thread 3 ] DEBUG Engine               - platform: WINDOWS
19:36:31.250 [FXGL Background Thread 3 ] DEBUG Engine               - prefHeightProperty: ReadOnlyDoubleProperty [value: 720.0]
19:36:31.250 [FXGL Background Thread 3 ] DEBUG Engine               - prefWidthProperty: ReadOnlyDoubleProperty [value: 960.0]
19:36:31.250 [FXGL Background Thread 3 ] DEBUG Engine               - profileDir: profiles/
19:36:31.250 [FXGL Background Thread 3 ] DEBUG Engine               - profileName: StringProperty [value: DEFAULT]
19:36:31.250 [FXGL Background Thread 3 ] DEBUG Engine               - randomSeed: -1
19:36:31.250 [FXGL Background Thread 3 ] DEBUG Engine               - runtimeInfo: RuntimeInfo(platform=WINDOWS, version=17.3, build=30.03.2023 11.49)
19:36:31.250 [FXGL Background Thread 3 ] DEBUG Engine               - saveFileExt: sav
19:36:31.250 [FXGL Background Thread 3 ] DEBUG Engine               - scaledHeightProp$fxgl: DoubleProperty [bound, value: 720.0]
19:36:31.250 [FXGL Background Thread 3 ] DEBUG Engine               - scaledWidthProp$fxgl: DoubleProperty [bound, value: 960.0]
19:36:31.250 [FXGL Background Thread 3 ] DEBUG Engine               - sceneFactory: view.GeneralInit$1@aa97a09
19:36:31.250 [FXGL Background Thread 3 ] DEBUG Engine               - secondsIn24h: 60
19:36:31.250 [FXGL Background Thread 3 ] DEBUG Engine               - soundMenuBack: menu/back.wav
19:36:31.250 [FXGL Background Thread 3 ] DEBUG Engine               - soundMenuPress: menu/press.wav
19:36:31.250 [FXGL Background Thread 3 ] DEBUG Engine               - soundMenuSelect: menu/select.wav
19:36:31.250 [FXGL Background Thread 3 ] DEBUG Engine               - soundNotification: core/notification.wav
19:36:31.250 [FXGL Background Thread 3 ] DEBUG Engine               - stageStyle: DECORATED
19:36:31.250 [FXGL Background Thread 3 ] DEBUG Engine               - supportedLanguages: [ENGLISH, FRENCH, GERMAN, HUNGARIAN, RUSSIAN]
19:36:31.250 [FXGL Background Thread 3 ] DEBUG Engine               - ticksPerSecond: -1
19:36:31.250 [FXGL Background Thread 3 ] DEBUG Engine               - title: Akanov-an225
19:36:31.250 [FXGL Background Thread 3 ] DEBUG Engine               - urlGithub: https://github.com/AlmasB/FXGL
19:36:31.250 [FXGL Background Thread 3 ] DEBUG Engine               - urlLeaderboard: http://fxgl-top.herokuapp.com/
19:36:31.250 [FXGL Background Thread 3 ] DEBUG Engine               - urlPOM: https://raw.githubusercontent.com/AlmasB/FXGL/release/README.md
19:36:31.251 [FXGL Background Thread 3 ] DEBUG Engine               - userAppClass: class view.Launch
19:36:31.251 [FXGL Background Thread 3 ] DEBUG Engine               - version: 0.2
19:36:31.251 [FXGL Background Thread 3 ] DEBUG Engine               - versionCheckDays: 7
19:36:31.251 [FXGL Background Thread 3 ] DEBUG Engine               - width: 960
19:36:31.251 [FXGL Background Thread 3 ] DEBUG Engine               - Logging services
19:36:31.251 [FXGL Background Thread 3 ] DEBUG Engine               - class com.almasb.fxgl.app.services.FXGLAssetLoaderService
19:36:31.251 [FXGL Background Thread 3 ] DEBUG Engine               - class com.almasb.fxgl.app.FXGLApplication$GameApplicationService
19:36:31.251 [FXGL Background Thread 3 ] DEBUG Engine               - class com.almasb.fxgl.app.services.FXGLDialogService
19:36:31.251 [FXGL Background Thread 3 ] DEBUG Engine               - class com.almasb.fxgl.app.services.IOTaskExecutorService
19:36:31.251 [FXGL Background Thread 3 ] DEBUG Engine               - class com.almasb.fxgl.io.FileSystemService
19:36:31.251 [FXGL Background Thread 3 ] DEBUG Engine               - class com.almasb.fxgl.localization.LocalizationService
19:36:31.251 [FXGL Background Thread 3 ] DEBUG Engine               - class com.almasb.fxgl.app.services.SystemBundleService
19:36:31.251 [FXGL Background Thread 3 ] DEBUG Engine               - class com.almasb.fxgl.profile.SaveLoadService
19:36:31.251 [FXGL Background Thread 3 ] DEBUG Engine               - class com.almasb.fxgl.ui.FXGLUIFactoryServiceProvider
19:36:31.251 [FXGL Background Thread 3 ] DEBUG Engine               - class com.almasb.fxgl.ui.FXGLDialogFactoryServiceProvider
19:36:31.251 [FXGL Background Thread 3 ] DEBUG Engine               - class com.almasb.fxgl.audio.AudioPlayer
19:36:31.251 [FXGL Background Thread 3 ] DEBUG Engine               - class com.almasb.fxgl.notification.impl.NotificationServiceProvider
19:36:31.251 [FXGL Background Thread 3 ] DEBUG Engine               - class com.almasb.fxgl.achievement.AchievementService
19:36:31.251 [FXGL Background Thread 3 ] DEBUG Engine               - class com.almasb.fxgl.cutscene.CutsceneService
19:36:31.251 [FXGL Background Thread 3 ] DEBUG Engine               - class com.almasb.fxgl.minigames.MiniGameService
19:36:31.251 [FXGL Background Thread 3 ] DEBUG Engine               - class com.almasb.fxgl.net.NetService
19:36:31.251 [FXGL Background Thread 3 ] DEBUG Engine               - class com.almasb.fxgl.app.services.UpdaterService
19:36:31.251 [FXGL Background Thread 3 ] DEBUG Engine               - class com.almasb.fxgl.dev.DevService
19:36:33.687 [JavaFX Application Thread] DEBUG Menu                 - fireExit()
19:36:33.702 [JavaFX Application Thread] DEBUG PrimaryStageWindow   - Push state: DialogSubScene
19:36:33.702 [JavaFX Application Thread] DEBUG Input                - Clearing active input actions
19:36:33.704 [JavaFX Application Thread] DEBUG GameApplicationServi - Removing overlay from MainMenu and adding to DialogSubScene
19:36:33.704 [JavaFX Application Thread] DEBUG PrimaryStageWindow   - MainMenu -> DialogSubScene
19:36:34.588 [JavaFX Application Thread] DEBUG PrimaryStageWindow   - Pop state: DialogSubScene
19:36:34.588 [JavaFX Application Thread] DEBUG Input                - Clearing active input actions
19:36:34.589 [JavaFX Application Thread] DEBUG GameApplicationServi - Removing overlay from DialogSubScene and adding to MainMenu
19:36:34.590 [JavaFX Application Thread] DEBUG PrimaryStageWindow   - MainMenu <- DialogSubScene
19:36:39.439 [JavaFX Application Thread] DEBUG FXGLApplication      - Exiting FXGL
19:36:39.440 [JavaFX Application Thread] DEBUG LoopRunner           - Stopping loop
19:36:39.440 [JavaFX Application Thread] DEBUG SystemBundleService  - Saving FXGL system data
19:36:39.442 [JavaFX Application Thread] DEBUG FileSystemAccess     - Writing to: C:\akk\akanov-an225\system\fxgl.bundle
19:36:39.444 [JavaFX Application Thread] DEBUG Async                - Shutting down background threads
19:36:39.444 [JavaFX Application Thread] DEBUG PrimaryStageWindow   - Closing main window
19:36:39.478 [JavaFX Application Thread] DEBUG Logger               - Closing Logger
