00:19:52.960 [main                     ] DEBUG Logger               - Configured Logger
00:19:52.966 [main                     ] DEBUG GameApplication      - Logging settings
Title: Akanov-an225
Version: 0.2
Width: 960
Height: 720
Fullscreen: false
Intro: false
Profiling: false
Single step:false
App Mode: DEVELOPER
Menu Key: ESCAPE
Stage Style: DECORATED
Scene Factory: class view.GeneralInit$1

00:19:53.365 [JavaFX Application Thread] DEBUG FXGLApplication      - Initializing FXGL
00:19:53.367 [JavaFX Application Thread] INFO  Engine               - FXGL-17.3 (30.03.2023 11.49) on WINDOWS (J:24.0.2 FX:21.0.6)
00:19:53.368 [JavaFX Application Thread] DEBUG Engine               - JRE Vendor Name: Oracle Corporation
00:19:53.368 [JavaFX Application Thread] DEBUG Engine               - Running on OS: Windows 11 version 10.0
00:19:53.368 [JavaFX Application Thread] DEBUG Engine               - Architecture: amd64
00:19:53.368 [JavaFX Application Thread] INFO  Engine               - Source code and latest versions at: https://github.com/AlmasB/FXGL
00:19:53.368 [JavaFX Application Thread] INFO  Engine               -       Ask questions and discuss at: https://github.com/AlmasB/FXGL/discussions
00:19:53.368 [JavaFX Application Thread] INFO  Engine               -              Join the FXGL chat at: https://gitter.im/AlmasB/FXGL
00:19:53.450 [JavaFX Application Thread] DEBUG PrimaryStageWindow   - Creating a JavaFX scene
00:19:53.496 [JavaFX Application Thread] DEBUG PrimaryStageWindow   - Target settings size: 960.0 x 720.0
00:19:53.496 [JavaFX Application Thread] DEBUG PrimaryStageWindow   - Scaled scene size:    960.0 x 720.0
00:19:53.496 [JavaFX Application Thread] DEBUG PrimaryStageWindow   - Scaled ratio: (1.0, 1.0)
00:19:53.497 [JavaFX Application Thread] DEBUG PrimaryStageWindow   - Set initial scene to FXGLStartupScene
00:19:53.500 [JavaFX Application Thread] DEBUG PrimaryStageWindow   - Opening main window
00:19:53.614 [JavaFX Application Thread] DEBUG PrimaryStageWindow   - Window border size: (13.823974609375, 37.24798583984375)
00:19:53.614 [JavaFX Application Thread] DEBUG PrimaryStageWindow   - Scaled size: 960.0 x 720.0
00:19:53.615 [JavaFX Application Thread] DEBUG PrimaryStageWindow   - Scaled ratio: (1.0, 1.0)
00:19:53.615 [JavaFX Application Thread] DEBUG PrimaryStageWindow   - Scene size: 960.0 x 720.0
00:19:53.615 [JavaFX Application Thread] DEBUG PrimaryStageWindow   - Stage size: 973.823974609375 x 757.2479858398438
00:19:53.628 [FXGL Background Thread 1 ] DEBUG Engine               - Initializing environment variables
00:19:53.713 [FXGL Background Thread 1 ] DEBUG FXGLAssetLoaderServi - User app class for loading assets: class view.Launch
00:19:53.713 [FXGL Background Thread 1 ] DEBUG GameApplicationServi - Applying CSS: fxgl_dark.css
00:19:53.713 [FXGL Background Thread 1 ] DEBUG FXGLAssetLoaderServi - Loading from file system: jar:file:///C:/Users/Tuanngth/.m2/repository/com/github/almasb/fxgl/17.3/fxgl-17.3.jar!/fxglassets/ui/css/fxgl_dark.css
00:19:53.765 [FXGL Background Thread 1 ] DEBUG GameApplicationServi - Initializing application scenes
00:19:53.835 [FXGL Background Thread 1 ] DEBUG GameWorld            - Game world initialized
00:19:53.900 [FXGL Background Thread 1 ] DEBUG PhysicsWorld         - Physics world initialized: appHeight=720, physics.ppm=50,0
00:19:53.901 [FXGL Background Thread 1 ] DEBUG PhysicsWorld         - Using strategy: BRUTE_FORCE
00:19:53.904 [FXGL Background Thread 1 ] DEBUG GameScene            - Game scene initialized: 960x720
00:19:53.962 [FXGL Background Thread 1 ] DEBUG GameApplicationServi - Application scenes initialized
00:19:53.972 [FXGL Background Thread 1 ] DEBUG SystemBundleService  - Loading FXGL system data
00:19:53.976 [FXGL Background Thread 1 ] DEBUG FileSystemAccess     - Reading from: C:\Users\Tuanngth\Desktop\akanov-an225\system\fxgl.bundle
00:19:53.983 [FXGL Background Thread 1 ] DEBUG SystemBundleService  - Bundle FXGL: {}
00:19:53.983 [FXGL Background Thread 1 ] DEBUG UpdaterService       - Checking for updates
00:19:53.990 [FXGL Background Thread 4 ] DEBUG FXGLApplication      - Loading fonts
00:19:53.991 [FXGL Background Thread 4 ] DEBUG FXGLAssetLoaderServi - Loading from file system: jar:file:///C:/Users/Tuanngth/.m2/repository/com/github/almasb/fxgl/17.3/fxgl-17.3.jar!/fxglassets/ui/fonts/VarelaRound-Regular.ttf
00:19:53.994 [FXGL Background Thread 1 ] DEBUG FXGLApplication      - Loading default localization
00:19:53.994 [FXGL Background Thread 1 ] DEBUG FXGLAssetLoaderServi - Loading from file system: jar:file:///C:/Users/Tuanngth/.m2/repository/com/github/almasb/fxgl/17.3/fxgl-17.3.jar!/fxglassets/languages/english.lang
00:19:54.054 [FXGL Background Thread 4 ] DEBUG FXGLAssetLoaderServi - Loading from file system: jar:file:///C:/Users/Tuanngth/.m2/repository/com/github/almasb/fxgl/17.3/fxgl-17.3.jar!/fxglassets/ui/fonts/Abel-Regular.ttf
00:19:54.065 [FXGL Background Thread 4 ] DEBUG FXGLAssetLoaderServi - Loading from file system: jar:file:///C:/Users/Tuanngth/.m2/repository/com/github/almasb/fxgl/17.3/fxgl-17.3.jar!/fxglassets/ui/fonts/TerminalLandMono-Regular.otf
00:19:54.066 [FXGL Background Thread 1 ] INFO  FXGLApplication      - FXGL initialization took: 0,438 sec
00:19:54.075 [FXGL Background Thread 4 ] DEBUG FXGLAssetLoaderServi - Loading from file system: jar:file:///C:/Users/Tuanngth/.m2/repository/com/github/almasb/fxgl/17.3/fxgl-17.3.jar!/fxglassets/ui/fonts/Courier-Prime.ttf
00:19:54.091 [JavaFX Application Thread] DEBUG Input                - Registered new binding: action0 - Right
00:19:54.091 [JavaFX Application Thread] DEBUG Input                - Registered new binding: action1 - Left
00:19:54.091 [JavaFX Application Thread] DEBUG Input                - Registered new binding: action2 - D
00:19:54.092 [JavaFX Application Thread] DEBUG FXGLAssetLoaderServi - Loading from file system: jar:file:///C:/Users/Tuanngth/.m2/repository/com/github/almasb/fxgl/17.3/fxgl-17.3.jar!/fxglassets/textures/fxgl_icon.png
00:19:54.121 [JavaFX Application Thread] DEBUG FXGLAssetLoaderServi - Loading from file system: jar:file:///C:/Users/Tuanngth/.m2/repository/com/github/almasb/fxgl/17.3/fxgl-17.3.jar!/fxglassets/textures/fxgl_default_cursor.png
00:19:54.124 [JavaFX Application Thread] DEBUG Input                - Registered new binding: Screenshot - CTRL+8
00:19:54.124 [JavaFX Application Thread] DEBUG Input                - Registered new binding: System info dump - CTRL+9
00:19:54.124 [JavaFX Application Thread] DEBUG Input                - Registered new binding: Restart - CTRL+R
00:19:54.125 [JavaFX Application Thread] DEBUG Input                - Registered new binding: Toggle Debug Camera - CTRL+7
00:19:54.127 [JavaFX Application Thread] DEBUG LoopRunner           - Starting loop
00:19:54.127 [JavaFX Application Thread] DEBUG LoopRunner           - Initializing JavaFX AnimationTimerLoop
00:19:54.128 [JavaFX Application Thread] DEBUG Input                - Clearing active input actions
00:19:54.135 [JavaFX Application Thread] DEBUG GameApplicationServi - Removing overlay from FXGLStartupScene and adding to FXGLMainMenuDummyScene
00:19:54.135 [JavaFX Application Thread] DEBUG PrimaryStageWindow   - FXGLStartupScene -> FXGLMainMenuDummyScene
00:19:54.135 [JavaFX Application Thread] DEBUG PrimaryStageWindow   - Push state: MainMenu
00:19:54.135 [JavaFX Application Thread] DEBUG Input                - Clearing active input actions
00:19:54.142 [JavaFX Application Thread] DEBUG GameApplicationServi - Removing overlay from FXGLMainMenuDummyScene and adding to MainMenu
00:19:54.143 [JavaFX Application Thread] DEBUG PrimaryStageWindow   - FXGLMainMenuDummyScene -> MainMenu
00:19:54.144 [JavaFX Application Thread] DEBUG FXGLApplication      - Registering font factories with UI factory
00:19:54.771 [FXGL Background Thread 2 ] INFO  UpdaterService       - Your current version:  17.3
00:19:54.771 [FXGL Background Thread 2 ] INFO  UpdaterService       - Latest stable version: 21.1
00:19:55.936 [JavaFX Application Thread] DEBUG Menu                 - fireNewGame()
00:19:55.936 [JavaFX Application Thread] DEBUG GameApplicationServi - Starting new game
00:19:55.936 [JavaFX Application Thread] DEBUG PrimaryStageWindow   - Pop state: MainMenu
00:19:55.936 [JavaFX Application Thread] DEBUG Input                - Clearing active input actions
00:19:55.937 [JavaFX Application Thread] DEBUG GameApplicationServi - Removing overlay from MainMenu and adding to FXGLMainMenuDummyScene
00:19:55.938 [JavaFX Application Thread] DEBUG PrimaryStageWindow   - FXGLMainMenuDummyScene <- MainMenu
00:19:55.938 [JavaFX Application Thread] DEBUG Input                - Clearing active input actions
00:19:55.954 [JavaFX Application Thread] DEBUG GameApplicationServi - Removing overlay from FXGLMainMenuDummyScene and adding to FXGLLoadingScene
00:19:55.955 [JavaFX Application Thread] DEBUG PrimaryStageWindow   - FXGLMainMenuDummyScene -> FXGLLoadingScene
00:19:55.955 [JavaFX Application Thread] DEBUG GameApplicationServi - Clearing previous game
00:19:55.955 [JavaFX Application Thread] DEBUG GameScene            - Clearing game scene
00:19:55.955 [JavaFX Application Thread] DEBUG GameWorld            - Clearing game world
00:19:55.955 [JavaFX Application Thread] DEBUG PhysicsWorld         - Clearing physics world
00:19:55.960 [FXGL Background Thread 2 ] DEBUG FXGLApplication      - Initializing game
00:19:55.968 [FXGL Background Thread 2 ] WARN  Entity               - Entity already has component: com.almasb.fxgl.entity.components.BoundingBoxComponent
00:19:56.030 [FXGL Background Thread 2 ] INFO  FXGLApplication      - Game initialization took: 0,071 sec
00:19:56.033 [JavaFX Application Thread] DEBUG Input                - Clearing active input actions
00:19:56.039 [JavaFX Application Thread] DEBUG GameApplicationServi - Removing overlay from FXGLLoadingScene and adding to GameScene
00:19:56.039 [JavaFX Application Thread] DEBUG PrimaryStageWindow   - FXGLLoadingScene -> GameScene
00:19:56.988 [FXGL Background Thread 3 ] DEBUG Engine               - Logging environment variables
00:19:56.989 [FXGL Background Thread 3 ] DEBUG Engine               - achievements: []
00:19:56.990 [FXGL Background Thread 3 ] DEBUG Engine               - actualHeight: 720.0
00:19:56.990 [FXGL Background Thread 3 ] DEBUG Engine               - actualHeightProperty: ReadOnlyDoubleProperty [value: 720.0]
00:19:56.990 [FXGL Background Thread 3 ] DEBUG Engine               - actualWidth: 960.0
00:19:56.990 [FXGL Background Thread 3 ] DEBUG Engine               - actualWidthProperty: ReadOnlyDoubleProperty [value: 960.0]
00:19:56.990 [FXGL Background Thread 3 ] DEBUG Engine               - appIcon: fxgl_icon.png
00:19:56.990 [FXGL Background Thread 3 ] DEBUG Engine               - applicationMode: DEVELOPER
00:19:56.990 [FXGL Background Thread 3 ] DEBUG Engine               - cSSList: [fxgl_dark.css]
00:19:56.990 [FXGL Background Thread 3 ] DEBUG Engine               - collisionDetectionStrategy: BRUTE_FORCE
00:19:56.990 [FXGL Background Thread 3 ] DEBUG Engine               - configClass: Optional.empty
00:19:56.991 [FXGL Background Thread 3 ] DEBUG Engine               - credits: []
00:19:56.993 [FXGL Background Thread 3 ] DEBUG Engine               - defaultCursor: CursorInfo(imageName=fxgl_default_cursor.png, hotspotX=7.0, hotspotY=6.0)
00:19:56.996 [FXGL Background Thread 3 ] DEBUG Engine               - devBBoxColorProperty: ObjectProperty [value: 0xff0000ff]
00:19:56.996 [FXGL Background Thread 3 ] DEBUG Engine               - devEnableDebugCameraProperty: BooleanProperty [value: false]
00:19:56.996 [FXGL Background Thread 3 ] DEBUG Engine               - devSensorColorProperty: ObjectProperty [value: 0xffff00ff]
00:19:56.996 [FXGL Background Thread 3 ] DEBUG Engine               - devShowBBoxProperty: BooleanProperty [value: false]
00:19:56.996 [FXGL Background Thread 3 ] DEBUG Engine               - devShowPositionProperty: BooleanProperty [value: false]
00:19:56.996 [FXGL Background Thread 3 ] DEBUG Engine               - enabledMenuItems: []
00:19:56.996 [FXGL Background Thread 3 ] DEBUG Engine               - engineServices: [class com.almasb.fxgl.app.services.FXGLAssetLoaderService, class com.almasb.fxgl.app.FXGLApplication$GameApplicationService, class com.almasb.fxgl.app.services.FXGLDialogService, class com.almasb.fxgl.app.services.IOTaskExecutorService, class com.almasb.fxgl.io.FileSystemService, class com.almasb.fxgl.localization.LocalizationService, class com.almasb.fxgl.app.services.SystemBundleService, class com.almasb.fxgl.profile.SaveLoadService, class com.almasb.fxgl.ui.FXGLUIFactoryServiceProvider, class com.almasb.fxgl.ui.FXGLDialogFactoryServiceProvider, class com.almasb.fxgl.audio.AudioPlayer, class com.almasb.fxgl.notification.impl.NotificationServiceProvider, class com.almasb.fxgl.achievement.AchievementService, class com.almasb.fxgl.cutscene.CutsceneService, class com.almasb.fxgl.minigames.MiniGameService, class com.almasb.fxgl.net.NetService, class com.almasb.fxgl.app.services.UpdaterService, class com.almasb.fxgl.dev.DevService]
00:19:56.997 [FXGL Background Thread 3 ] DEBUG Engine               - fontGame: Abel-Regular.ttf
00:19:56.997 [FXGL Background Thread 3 ] DEBUG Engine               - fontMono: TerminalLandMono-Regular.otf
00:19:56.997 [FXGL Background Thread 3 ] DEBUG Engine               - fontSizeScaleUI: 1.0
00:19:56.997 [FXGL Background Thread 3 ] DEBUG Engine               - fontText: Courier-Prime.ttf
00:19:56.997 [FXGL Background Thread 3 ] DEBUG Engine               - fontUI: VarelaRound-Regular.ttf
00:19:56.997 [FXGL Background Thread 3 ] DEBUG Engine               - fullScreen: BooleanProperty [value: false]
00:19:56.997 [FXGL Background Thread 3 ] DEBUG Engine               - gameDifficulty: MEDIUM
00:19:56.997 [FXGL Background Thread 3 ] DEBUG Engine               - gameDifficultyProperty: ObjectProperty [value: MEDIUM]
00:19:56.997 [FXGL Background Thread 3 ] DEBUG Engine               - globalMusicVolume: 0.5
00:19:56.997 [FXGL Background Thread 3 ] DEBUG Engine               - globalMusicVolumeProperty: DoubleProperty [value: 0.5]
00:19:56.998 [FXGL Background Thread 3 ] DEBUG Engine               - globalSoundVolume: 0.5
00:19:56.998 [FXGL Background Thread 3 ] DEBUG Engine               - globalSoundVolumeProperty: DoubleProperty [value: 0.5]
00:19:56.998 [FXGL Background Thread 3 ] DEBUG Engine               - height: 720
00:19:56.998 [FXGL Background Thread 3 ] DEBUG Engine               - is3D: false
00:19:56.998 [FXGL Background Thread 3 ] DEBUG Engine               - isAndroid: false
00:19:56.998 [FXGL Background Thread 3 ] DEBUG Engine               - isBrowser: false
00:19:56.998 [FXGL Background Thread 3 ] DEBUG Engine               - isClickFeedbackEnabled: false
00:19:56.998 [FXGL Background Thread 3 ] DEBUG Engine               - isCloseConfirmation: false
00:19:56.998 [FXGL Background Thread 3 ] DEBUG Engine               - isDesktop: true
00:19:56.998 [FXGL Background Thread 3 ] DEBUG Engine               - isDeveloperMenuEnabled: false
00:19:56.998 [FXGL Background Thread 3 ] DEBUG Engine               - isEmbedded: false
00:19:56.999 [FXGL Background Thread 3 ] DEBUG Engine               - isEntityPreloadEnabled: true
00:19:56.999 [FXGL Background Thread 3 ] DEBUG Engine               - isExperimentalTiledLargeMap: false
00:19:56.999 [FXGL Background Thread 3 ] DEBUG Engine               - isFileSystemWriteAllowed: true
00:19:56.999 [FXGL Background Thread 3 ] DEBUG Engine               - isFullScreenAllowed: false
00:19:57.000 [FXGL Background Thread 3 ] DEBUG Engine               - isFullScreenFromStart: false
00:19:57.000 [FXGL Background Thread 3 ] DEBUG Engine               - isGameMenuEnabled: true
00:19:57.000 [FXGL Background Thread 3 ] DEBUG Engine               - isIOS: false
00:19:57.000 [FXGL Background Thread 3 ] DEBUG Engine               - isIntroEnabled: false
00:19:57.000 [FXGL Background Thread 3 ] DEBUG Engine               - isLinux: false
00:19:57.001 [FXGL Background Thread 3 ] DEBUG Engine               - isMac: false
00:19:57.001 [FXGL Background Thread 3 ] DEBUG Engine               - isMainMenuEnabled: true
00:19:57.001 [FXGL Background Thread 3 ] DEBUG Engine               - isManualResizeEnabled: false
00:19:57.001 [FXGL Background Thread 3 ] DEBUG Engine               - isMobile: false
00:19:57.001 [FXGL Background Thread 3 ] DEBUG Engine               - isNative: false
00:19:57.001 [FXGL Background Thread 3 ] DEBUG Engine               - isPauseMusicWhenMinimized: true
00:19:57.001 [FXGL Background Thread 3 ] DEBUG Engine               - isPreserveResizeRatio: false
00:19:57.001 [FXGL Background Thread 3 ] DEBUG Engine               - isProfilingEnabled: false
00:19:57.001 [FXGL Background Thread 3 ] DEBUG Engine               - isScaleAffectedOnResize: true
00:19:57.001 [FXGL Background Thread 3 ] DEBUG Engine               - isSingleStep: false
00:19:57.001 [FXGL Background Thread 3 ] DEBUG Engine               - isUserProfileEnabled: false
00:19:57.002 [FXGL Background Thread 3 ] DEBUG Engine               - isWindows: true
00:19:57.002 [FXGL Background Thread 3 ] DEBUG Engine               - language: ObjectProperty [value: ENGLISH]
00:19:57.002 [FXGL Background Thread 3 ] DEBUG Engine               - menuKey: ESCAPE
00:19:57.002 [FXGL Background Thread 3 ] DEBUG Engine               - mouseSensitivity: 0.2
00:19:57.002 [FXGL Background Thread 3 ] DEBUG Engine               - notificationViewClass: class com.almasb.fxgl.notification.view.XboxNotificationView
00:19:57.002 [FXGL Background Thread 3 ] DEBUG Engine               - pixelsPerMeter: 50.0
00:19:57.002 [FXGL Background Thread 3 ] DEBUG Engine               - platform: WINDOWS
00:19:57.002 [FXGL Background Thread 3 ] DEBUG Engine               - prefHeightProperty: ReadOnlyDoubleProperty [value: 720.0]
00:19:57.002 [FXGL Background Thread 3 ] DEBUG Engine               - prefWidthProperty: ReadOnlyDoubleProperty [value: 960.0]
00:19:57.002 [FXGL Background Thread 3 ] DEBUG Engine               - profileDir: profiles/
00:19:57.002 [FXGL Background Thread 3 ] DEBUG Engine               - profileName: StringProperty [value: DEFAULT]
00:19:57.003 [FXGL Background Thread 3 ] DEBUG Engine               - randomSeed: -1
00:19:57.003 [FXGL Background Thread 3 ] DEBUG Engine               - runtimeInfo: RuntimeInfo(platform=WINDOWS, version=17.3, build=30.03.2023 11.49)
00:19:57.003 [FXGL Background Thread 3 ] DEBUG Engine               - saveFileExt: sav
00:19:57.003 [FXGL Background Thread 3 ] DEBUG Engine               - scaledHeightProp$fxgl: DoubleProperty [bound, value: 720.0]
00:19:57.003 [FXGL Background Thread 3 ] DEBUG Engine               - scaledWidthProp$fxgl: DoubleProperty [bound, value: 960.0]
00:19:57.003 [FXGL Background Thread 3 ] DEBUG Engine               - sceneFactory: view.GeneralInit$1@28e320c1
00:19:57.003 [FXGL Background Thread 3 ] DEBUG Engine               - secondsIn24h: 60
00:19:57.003 [FXGL Background Thread 3 ] DEBUG Engine               - soundMenuBack: menu/back.wav
00:19:57.004 [FXGL Background Thread 3 ] DEBUG Engine               - soundMenuPress: menu/press.wav
00:19:57.004 [FXGL Background Thread 3 ] DEBUG Engine               - soundMenuSelect: menu/select.wav
00:19:57.004 [FXGL Background Thread 3 ] DEBUG Engine               - soundNotification: core/notification.wav
00:19:57.004 [FXGL Background Thread 3 ] DEBUG Engine               - stageStyle: DECORATED
00:19:57.004 [FXGL Background Thread 3 ] DEBUG Engine               - supportedLanguages: [ENGLISH, FRENCH, GERMAN, HUNGARIAN, RUSSIAN]
00:19:57.004 [FXGL Background Thread 3 ] DEBUG Engine               - ticksPerSecond: -1
00:19:57.004 [FXGL Background Thread 3 ] DEBUG Engine               - title: Akanov-an225
00:19:57.004 [FXGL Background Thread 3 ] DEBUG Engine               - urlGithub: https://github.com/AlmasB/FXGL
00:19:57.004 [FXGL Background Thread 3 ] DEBUG Engine               - urlLeaderboard: http://fxgl-top.herokuapp.com/
00:19:57.004 [FXGL Background Thread 3 ] DEBUG Engine               - urlPOM: https://raw.githubusercontent.com/AlmasB/FXGL/release/README.md
00:19:57.004 [FXGL Background Thread 3 ] DEBUG Engine               - userAppClass: class view.Launch
00:19:57.004 [FXGL Background Thread 3 ] DEBUG Engine               - version: 0.2
00:19:57.004 [FXGL Background Thread 3 ] DEBUG Engine               - versionCheckDays: 7
00:19:57.005 [FXGL Background Thread 3 ] DEBUG Engine               - width: 960
00:19:57.005 [FXGL Background Thread 3 ] DEBUG Engine               - Logging services
00:19:57.005 [FXGL Background Thread 3 ] DEBUG Engine               - class com.almasb.fxgl.app.services.FXGLAssetLoaderService
00:19:57.005 [FXGL Background Thread 3 ] DEBUG Engine               - class com.almasb.fxgl.app.FXGLApplication$GameApplicationService
00:19:57.005 [FXGL Background Thread 3 ] DEBUG Engine               - class com.almasb.fxgl.app.services.FXGLDialogService
00:19:57.005 [FXGL Background Thread 3 ] DEBUG Engine               - class com.almasb.fxgl.app.services.IOTaskExecutorService
00:19:57.005 [FXGL Background Thread 3 ] DEBUG Engine               - class com.almasb.fxgl.io.FileSystemService
00:19:57.005 [FXGL Background Thread 3 ] DEBUG Engine               - class com.almasb.fxgl.localization.LocalizationService
00:19:57.005 [FXGL Background Thread 3 ] DEBUG Engine               - class com.almasb.fxgl.app.services.SystemBundleService
00:19:57.005 [FXGL Background Thread 3 ] DEBUG Engine               - class com.almasb.fxgl.profile.SaveLoadService
00:19:57.005 [FXGL Background Thread 3 ] DEBUG Engine               - class com.almasb.fxgl.ui.FXGLUIFactoryServiceProvider
00:19:57.005 [FXGL Background Thread 3 ] DEBUG Engine               - class com.almasb.fxgl.ui.FXGLDialogFactoryServiceProvider
00:19:57.005 [FXGL Background Thread 3 ] DEBUG Engine               - class com.almasb.fxgl.audio.AudioPlayer
00:19:57.005 [FXGL Background Thread 3 ] DEBUG Engine               - class com.almasb.fxgl.notification.impl.NotificationServiceProvider
00:19:57.005 [FXGL Background Thread 3 ] DEBUG Engine               - class com.almasb.fxgl.achievement.AchievementService
00:19:57.005 [FXGL Background Thread 3 ] DEBUG Engine               - class com.almasb.fxgl.cutscene.CutsceneService
00:19:57.005 [FXGL Background Thread 3 ] DEBUG Engine               - class com.almasb.fxgl.minigames.MiniGameService
00:19:57.005 [FXGL Background Thread 3 ] DEBUG Engine               - class com.almasb.fxgl.net.NetService
00:19:57.005 [FXGL Background Thread 3 ] DEBUG Engine               - class com.almasb.fxgl.app.services.UpdaterService
00:19:57.006 [FXGL Background Thread 3 ] DEBUG Engine               - class com.almasb.fxgl.dev.DevService
00:19:57.097 [JavaFX Application Thread] DEBUG PrimaryStageWindow   - Push state: PauseMenu
00:19:57.126 [JavaFX Application Thread] DEBUG Input                - Clearing active input actions
00:19:57.127 [JavaFX Application Thread] DEBUG GameApplicationServi - Removing overlay from GameScene and adding to PauseMenu
00:19:57.128 [JavaFX Application Thread] DEBUG PrimaryStageWindow   - GameScene -> PauseMenu
00:19:58.655 [JavaFX Application Thread] DEBUG PrimaryStageWindow   - Push state: DialogSubScene
00:19:58.655 [JavaFX Application Thread] DEBUG Input                - Clearing active input actions
00:19:58.661 [JavaFX Application Thread] DEBUG GameApplicationServi - Removing overlay from PauseMenu and adding to DialogSubScene
00:19:58.661 [JavaFX Application Thread] DEBUG PrimaryStageWindow   - PauseMenu -> DialogSubScene
00:20:03.002 [JavaFX Application Thread] DEBUG PrimaryStageWindow   - Pop state: DialogSubScene
00:20:03.002 [JavaFX Application Thread] DEBUG Input                - Clearing active input actions
00:20:03.004 [JavaFX Application Thread] DEBUG GameApplicationServi - Removing overlay from DialogSubScene and adding to PauseMenu
00:20:03.005 [JavaFX Application Thread] DEBUG PrimaryStageWindow   - PauseMenu <- DialogSubScene
00:20:03.007 [JavaFX Application Thread] DEBUG SaveLoadService      - Checking if save file exists: Hello.sav
00:20:03.012 [JavaFX Application Thread] DEBUG PrimaryStageWindow   - Push state: DialogSubScene
00:20:03.013 [JavaFX Application Thread] DEBUG Input                - Clearing active input actions
00:20:03.014 [JavaFX Application Thread] DEBUG GameApplicationServi - Removing overlay from PauseMenu and adding to DialogSubScene
00:20:03.015 [JavaFX Application Thread] DEBUG PrimaryStageWindow   - PauseMenu -> DialogSubScene
00:20:04.201 [JavaFX Application Thread] DEBUG PrimaryStageWindow   - Pop state: DialogSubScene
00:20:04.201 [JavaFX Application Thread] DEBUG Input                - Clearing active input actions
00:20:04.202 [JavaFX Application Thread] DEBUG GameApplicationServi - Removing overlay from DialogSubScene and adding to PauseMenu
00:20:04.202 [JavaFX Application Thread] DEBUG PrimaryStageWindow   - PauseMenu <- DialogSubScene
00:20:04.203 [JavaFX Application Thread] DEBUG SaveLoadService      - writeTask: Hello.sav
00:20:04.206 [JavaFX Application Thread] DEBUG PrimaryStageWindow   - Push state: DialogSubScene
00:20:04.206 [JavaFX Application Thread] DEBUG Input                - Clearing active input actions
00:20:04.208 [JavaFX Application Thread] DEBUG GameApplicationServi - Removing overlay from PauseMenu and adding to DialogSubScene
00:20:04.208 [JavaFX Application Thread] DEBUG PrimaryStageWindow   - PauseMenu -> DialogSubScene
00:20:04.212 [FXGL Background Thread 2 ] DEBUG FileSystemAccess     - Writing to: C:\Users\Tuanngth\Desktop\akanov-an225\Hello.sav
00:20:04.239 [JavaFX Application Thread] DEBUG PrimaryStageWindow   - Pop state: DialogSubScene
00:20:04.239 [JavaFX Application Thread] DEBUG Input                - Clearing active input actions
00:20:04.240 [JavaFX Application Thread] DEBUG GameApplicationServi - Removing overlay from DialogSubScene and adding to PauseMenu
00:20:04.240 [JavaFX Application Thread] DEBUG PrimaryStageWindow   - PauseMenu <- DialogSubScene
00:20:06.122 [JavaFX Application Thread] DEBUG FXGLApplication      - Exiting FXGL
00:20:06.122 [JavaFX Application Thread] DEBUG LoopRunner           - Stopping loop
00:20:06.122 [JavaFX Application Thread] DEBUG SystemBundleService  - Saving FXGL system data
00:20:06.124 [JavaFX Application Thread] DEBUG FileSystemAccess     - Writing to: C:\Users\Tuanngth\Desktop\akanov-an225\system\fxgl.bundle
00:20:06.125 [JavaFX Application Thread] DEBUG Async                - Shutting down background threads
00:20:06.125 [JavaFX Application Thread] DEBUG PrimaryStageWindow   - Closing main window
00:20:06.184 [JavaFX Application Thread] DEBUG Logger               - Closing Logger
