20:07:01.408 [main                     ] DEBUG Logger               - Configured Logger
20:07:01.416 [main                     ] DEBUG GameApplication      - Logging settings
Title: Akanov-an225
Version: 0.2
Width: 960
Height: 720
Fullscreen: false
Intro: false
Profiling: false
Single step:false
App Mode: DEVELOPER
Menu Key: ESCAPE
Stage Style: DECORATED
Scene Factory: class view.GeneralInit$1

20:07:01.900 [JavaFX Application Thread] DEBUG FXGLApplication      - Initializing FXGL
20:07:01.904 [JavaFX Application Thread] INFO  Engine               - FXGL-17.3 (30.03.2023 11.49) on WINDOWS (J:24.0.2 FX:21.0.6)
20:07:01.904 [JavaFX Application Thread] DEBUG Engine               - JRE Vendor Name: Oracle Corporation
20:07:01.904 [JavaFX Application Thread] DEBUG Engine               - Running on OS: Windows 11 version 10.0
20:07:01.905 [JavaFX Application Thread] DEBUG Engine               - Architecture: amd64
20:07:01.905 [JavaFX Application Thread] INFO  Engine               - Source code and latest versions at: https://github.com/AlmasB/FXGL
20:07:01.905 [JavaFX Application Thread] INFO  Engine               -       Ask questions and discuss at: https://github.com/AlmasB/FXGL/discussions
20:07:01.905 [JavaFX Application Thread] INFO  Engine               -              Join the FXGL chat at: https://gitter.im/AlmasB/FXGL
20:07:02.005 [JavaFX Application Thread] DEBUG PrimaryStageWindow   - Creating a JavaFX scene
20:07:02.090 [JavaFX Application Thread] DEBUG PrimaryStageWindow   - Target settings size: 960.0 x 720.0
20:07:02.090 [JavaFX Application Thread] DEBUG PrimaryStageWindow   - Scaled scene size:    960.0 x 720.0
20:07:02.090 [JavaFX Application Thread] DEBUG PrimaryStageWindow   - Scaled ratio: (1.0, 1.0)
20:07:02.091 [JavaFX Application Thread] DEBUG PrimaryStageWindow   - Set initial scene to FXGLStartupScene
20:07:02.094 [JavaFX Application Thread] DEBUG PrimaryStageWindow   - Opening main window
20:07:02.238 [JavaFX Application Thread] DEBUG PrimaryStageWindow   - Window border size: (14.4000244140625, 37.5999755859375)
20:07:02.238 [JavaFX Application Thread] DEBUG PrimaryStageWindow   - Scaled size: 960.0 x 720.0
20:07:02.238 [JavaFX Application Thread] DEBUG PrimaryStageWindow   - Scaled ratio: (1.0, 1.0)
20:07:02.238 [JavaFX Application Thread] DEBUG PrimaryStageWindow   - Scene size: 960.0 x 720.0
20:07:02.239 [JavaFX Application Thread] DEBUG PrimaryStageWindow   - Stage size: 974.4000244140625 x 757.5999755859375
20:07:02.253 [FXGL Background Thread 1 ] DEBUG Engine               - Initializing environment variables
20:07:02.347 [FXGL Background Thread 1 ] DEBUG FXGLAssetLoaderServi - User app class for loading assets: class view.Launch
20:07:02.347 [FXGL Background Thread 1 ] DEBUG GameApplicationServi - Applying CSS: fxgl_dark.css
20:07:02.349 [FXGL Background Thread 1 ] DEBUG FXGLAssetLoaderServi - Loading from file system: jar:file:///C:/Users/nguye/.m2/repository/com/github/almasb/fxgl/17.3/fxgl-17.3.jar!/fxglassets/ui/css/fxgl_dark.css
20:07:02.403 [FXGL Background Thread 1 ] DEBUG GameApplicationServi - Initializing application scenes
20:07:02.447 [FXGL Background Thread 1 ] DEBUG GameWorld            - Game world initialized
20:07:02.531 [FXGL Background Thread 1 ] DEBUG PhysicsWorld         - Physics world initialized: appHeight=720, physics.ppm=50.0
20:07:02.531 [FXGL Background Thread 1 ] DEBUG PhysicsWorld         - Using strategy: BRUTE_FORCE
20:07:02.536 [FXGL Background Thread 1 ] DEBUG GameScene            - Game scene initialized: 960x720
20:07:02.799 [FXGL Background Thread 1 ] DEBUG GameApplicationServi - Application scenes initialized
20:07:02.809 [FXGL Background Thread 1 ] DEBUG SystemBundleService  - Loading FXGL system data
20:07:02.815 [FXGL Background Thread 1 ] DEBUG FileSystemAccess     - Reading from: C:\akk\akanov-an225\system\fxgl.bundle
20:07:02.824 [FXGL Background Thread 1 ] DEBUG SystemBundleService  - Bundle FXGL: {}
20:07:02.824 [FXGL Background Thread 1 ] DEBUG UpdaterService       - Checking for updates
20:07:02.831 [FXGL Background Thread 4 ] DEBUG FXGLApplication      - Loading fonts
20:07:02.831 [FXGL Background Thread 4 ] DEBUG FXGLAssetLoaderServi - Loading from file system: jar:file:///C:/Users/nguye/.m2/repository/com/github/almasb/fxgl/17.3/fxgl-17.3.jar!/fxglassets/ui/fonts/VarelaRound-Regular.ttf
20:07:02.832 [FXGL Background Thread 1 ] DEBUG FXGLApplication      - Loading default localization
20:07:02.832 [FXGL Background Thread 1 ] DEBUG FXGLAssetLoaderServi - Loading from file system: jar:file:///C:/Users/nguye/.m2/repository/com/github/almasb/fxgl/17.3/fxgl-17.3.jar!/fxglassets/languages/english.lang
20:07:02.867 [FXGL Background Thread 1 ] INFO  FXGLApplication      - FXGL initialization took: 0.613 sec
20:07:02.881 [FXGL Background Thread 4 ] DEBUG FXGLAssetLoaderServi - Loading from file system: jar:file:///C:/Users/nguye/.m2/repository/com/github/almasb/fxgl/17.3/fxgl-17.3.jar!/fxglassets/ui/fonts/Abel-Regular.ttf
20:07:02.882 [JavaFX Application Thread] DEBUG Input                - Registered new binding: action0 - Right
20:07:02.883 [JavaFX Application Thread] DEBUG Input                - Registered new binding: action1 - Left
20:07:02.883 [JavaFX Application Thread] DEBUG Input                - Registered new binding: action2 - D
20:07:02.883 [JavaFX Application Thread] DEBUG Input                - Registered new binding: action3 - R
20:07:02.884 [JavaFX Application Thread] DEBUG FXGLAssetLoaderServi - Loading from file system: jar:file:///C:/Users/nguye/.m2/repository/com/github/almasb/fxgl/17.3/fxgl-17.3.jar!/fxglassets/textures/fxgl_icon.png
20:07:02.885 [FXGL Background Thread 4 ] DEBUG FXGLAssetLoaderServi - Loading from file system: jar:file:///C:/Users/nguye/.m2/repository/com/github/almasb/fxgl/17.3/fxgl-17.3.jar!/fxglassets/ui/fonts/TerminalLandMono-Regular.otf
20:07:02.890 [FXGL Background Thread 4 ] DEBUG FXGLAssetLoaderServi - Loading from file system: jar:file:///C:/Users/nguye/.m2/repository/com/github/almasb/fxgl/17.3/fxgl-17.3.jar!/fxglassets/ui/fonts/Courier-Prime.ttf
20:07:02.912 [JavaFX Application Thread] DEBUG FXGLAssetLoaderServi - Loading from file system: jar:file:///C:/Users/nguye/.m2/repository/com/github/almasb/fxgl/17.3/fxgl-17.3.jar!/fxglassets/textures/fxgl_default_cursor.png
20:07:02.914 [JavaFX Application Thread] DEBUG Input                - Registered new binding: Screenshot - CTRL+8
20:07:02.914 [JavaFX Application Thread] DEBUG Input                - Registered new binding: System info dump - CTRL+9
20:07:02.914 [JavaFX Application Thread] DEBUG Input                - Registered new binding: Restart - CTRL+R
20:07:02.915 [JavaFX Application Thread] DEBUG Input                - Registered new binding: Toggle Debug Camera - CTRL+7
20:07:02.918 [JavaFX Application Thread] DEBUG LoopRunner           - Starting loop
20:07:02.919 [JavaFX Application Thread] DEBUG LoopRunner           - Initializing JavaFX AnimationTimerLoop
20:07:02.921 [JavaFX Application Thread] DEBUG Input                - Clearing active input actions
20:07:02.928 [JavaFX Application Thread] DEBUG GameApplicationServi - Removing overlay from FXGLStartupScene and adding to FXGLMainMenuDummyScene
20:07:02.929 [JavaFX Application Thread] DEBUG PrimaryStageWindow   - FXGLStartupScene -> FXGLMainMenuDummyScene
20:07:02.929 [JavaFX Application Thread] DEBUG PrimaryStageWindow   - Push state: MainMenu
20:07:02.929 [JavaFX Application Thread] DEBUG Input                - Clearing active input actions
20:07:02.938 [JavaFX Application Thread] DEBUG GameApplicationServi - Removing overlay from FXGLMainMenuDummyScene and adding to MainMenu
20:07:02.938 [JavaFX Application Thread] DEBUG PrimaryStageWindow   - FXGLMainMenuDummyScene -> MainMenu
20:07:02.942 [JavaFX Application Thread] DEBUG FXGLApplication      - Registering font factories with UI factory
20:07:03.413 [FXGL Background Thread 2 ] INFO  UpdaterService       - Your current version:  17.3
20:07:03.413 [FXGL Background Thread 2 ] INFO  UpdaterService       - Latest stable version: 21.1
20:07:05.830 [FXGL Background Thread 3 ] DEBUG Engine               - Logging environment variables
20:07:05.830 [FXGL Background Thread 3 ] DEBUG Engine               - achievements: []
20:07:05.830 [FXGL Background Thread 3 ] DEBUG Engine               - actualHeight: 720.0
20:07:05.830 [FXGL Background Thread 3 ] DEBUG Engine               - actualHeightProperty: ReadOnlyDoubleProperty [value: 720.0]
20:07:05.830 [FXGL Background Thread 3 ] DEBUG Engine               - actualWidth: 960.0
20:07:05.830 [FXGL Background Thread 3 ] DEBUG Engine               - actualWidthProperty: ReadOnlyDoubleProperty [value: 960.0]
20:07:05.830 [FXGL Background Thread 3 ] DEBUG Engine               - appIcon: fxgl_icon.png
20:07:05.830 [FXGL Background Thread 3 ] DEBUG Engine               - applicationMode: DEVELOPER
20:07:05.830 [FXGL Background Thread 3 ] DEBUG Engine               - cSSList: [fxgl_dark.css]
20:07:05.830 [FXGL Background Thread 3 ] DEBUG Engine               - collisionDetectionStrategy: BRUTE_FORCE
20:07:05.830 [FXGL Background Thread 3 ] DEBUG Engine               - configClass: Optional.empty
20:07:05.830 [FXGL Background Thread 3 ] DEBUG Engine               - credits: []
20:07:05.833 [FXGL Background Thread 3 ] DEBUG Engine               - defaultCursor: CursorInfo(imageName=fxgl_default_cursor.png, hotspotX=7.0, hotspotY=6.0)
20:07:05.833 [FXGL Background Thread 3 ] DEBUG Engine               - devBBoxColorProperty: ObjectProperty [value: 0xff0000ff]
20:07:05.833 [FXGL Background Thread 3 ] DEBUG Engine               - devEnableDebugCameraProperty: BooleanProperty [value: false]
20:07:05.833 [FXGL Background Thread 3 ] DEBUG Engine               - devSensorColorProperty: ObjectProperty [value: 0xffff00ff]
20:07:05.833 [FXGL Background Thread 3 ] DEBUG Engine               - devShowBBoxProperty: BooleanProperty [value: false]
20:07:05.833 [FXGL Background Thread 3 ] DEBUG Engine               - devShowPositionProperty: BooleanProperty [value: false]
20:07:05.833 [FXGL Background Thread 3 ] DEBUG Engine               - enabledMenuItems: []
20:07:05.834 [FXGL Background Thread 3 ] DEBUG Engine               - engineServices: [class com.almasb.fxgl.app.services.FXGLAssetLoaderService, class com.almasb.fxgl.app.FXGLApplication$GameApplicationService, class com.almasb.fxgl.app.services.FXGLDialogService, class com.almasb.fxgl.app.services.IOTaskExecutorService, class com.almasb.fxgl.io.FileSystemService, class com.almasb.fxgl.localization.LocalizationService, class com.almasb.fxgl.app.services.SystemBundleService, class com.almasb.fxgl.profile.SaveLoadService, class com.almasb.fxgl.ui.FXGLUIFactoryServiceProvider, class com.almasb.fxgl.ui.FXGLDialogFactoryServiceProvider, class com.almasb.fxgl.audio.AudioPlayer, class com.almasb.fxgl.notification.impl.NotificationServiceProvider, class com.almasb.fxgl.achievement.AchievementService, class com.almasb.fxgl.cutscene.CutsceneService, class com.almasb.fxgl.minigames.MiniGameService, class com.almasb.fxgl.net.NetService, class com.almasb.fxgl.app.services.UpdaterService, class com.almasb.fxgl.dev.DevService]
20:07:05.834 [FXGL Background Thread 3 ] DEBUG Engine               - fontGame: Abel-Regular.ttf
20:07:05.834 [FXGL Background Thread 3 ] DEBUG Engine               - fontMono: TerminalLandMono-Regular.otf
20:07:05.834 [FXGL Background Thread 3 ] DEBUG Engine               - fontSizeScaleUI: 1.0
20:07:05.834 [FXGL Background Thread 3 ] DEBUG Engine               - fontText: Courier-Prime.ttf
20:07:05.834 [FXGL Background Thread 3 ] DEBUG Engine               - fontUI: VarelaRound-Regular.ttf
20:07:05.834 [FXGL Background Thread 3 ] DEBUG Engine               - fullScreen: BooleanProperty [value: false]
20:07:05.834 [FXGL Background Thread 3 ] DEBUG Engine               - gameDifficulty: MEDIUM
20:07:05.834 [FXGL Background Thread 3 ] DEBUG Engine               - gameDifficultyProperty: ObjectProperty [value: MEDIUM]
20:07:05.834 [FXGL Background Thread 3 ] DEBUG Engine               - globalMusicVolume: 0.5
20:07:05.834 [FXGL Background Thread 3 ] DEBUG Engine               - globalMusicVolumeProperty: DoubleProperty [value: 0.5]
20:07:05.834 [FXGL Background Thread 3 ] DEBUG Engine               - globalSoundVolume: 0.5
20:07:05.834 [FXGL Background Thread 3 ] DEBUG Engine               - globalSoundVolumeProperty: DoubleProperty [value: 0.5]
20:07:05.834 [FXGL Background Thread 3 ] DEBUG Engine               - height: 720
20:07:05.834 [FXGL Background Thread 3 ] DEBUG Engine               - is3D: false
20:07:05.834 [FXGL Background Thread 3 ] DEBUG Engine               - isAndroid: false
20:07:05.834 [FXGL Background Thread 3 ] DEBUG Engine               - isBrowser: false
20:07:05.834 [FXGL Background Thread 3 ] DEBUG Engine               - isClickFeedbackEnabled: false
20:07:05.834 [FXGL Background Thread 3 ] DEBUG Engine               - isCloseConfirmation: false
20:07:05.834 [FXGL Background Thread 3 ] DEBUG Engine               - isDesktop: true
20:07:05.835 [FXGL Background Thread 3 ] DEBUG Engine               - isDeveloperMenuEnabled: false
20:07:05.835 [FXGL Background Thread 3 ] DEBUG Engine               - isEmbedded: false
20:07:05.835 [FXGL Background Thread 3 ] DEBUG Engine               - isEntityPreloadEnabled: true
20:07:05.835 [FXGL Background Thread 3 ] DEBUG Engine               - isExperimentalTiledLargeMap: false
20:07:05.835 [FXGL Background Thread 3 ] DEBUG Engine               - isFileSystemWriteAllowed: true
20:07:05.835 [FXGL Background Thread 3 ] DEBUG Engine               - isFullScreenAllowed: false
20:07:05.835 [FXGL Background Thread 3 ] DEBUG Engine               - isFullScreenFromStart: false
20:07:05.835 [FXGL Background Thread 3 ] DEBUG Engine               - isGameMenuEnabled: true
20:07:05.835 [FXGL Background Thread 3 ] DEBUG Engine               - isIOS: false
20:07:05.835 [FXGL Background Thread 3 ] DEBUG Engine               - isIntroEnabled: false
20:07:05.835 [FXGL Background Thread 3 ] DEBUG Engine               - isLinux: false
20:07:05.835 [FXGL Background Thread 3 ] DEBUG Engine               - isMac: false
20:07:05.835 [FXGL Background Thread 3 ] DEBUG Engine               - isMainMenuEnabled: true
20:07:05.835 [FXGL Background Thread 3 ] DEBUG Engine               - isManualResizeEnabled: false
20:07:05.835 [FXGL Background Thread 3 ] DEBUG Engine               - isMobile: false
20:07:05.835 [FXGL Background Thread 3 ] DEBUG Engine               - isNative: false
20:07:05.835 [FXGL Background Thread 3 ] DEBUG Engine               - isPauseMusicWhenMinimized: true
20:07:05.835 [FXGL Background Thread 3 ] DEBUG Engine               - isPreserveResizeRatio: false
20:07:05.835 [FXGL Background Thread 3 ] DEBUG Engine               - isProfilingEnabled: false
20:07:05.835 [FXGL Background Thread 3 ] DEBUG Engine               - isScaleAffectedOnResize: true
20:07:05.835 [FXGL Background Thread 3 ] DEBUG Engine               - isSingleStep: false
20:07:05.835 [FXGL Background Thread 3 ] DEBUG Engine               - isUserProfileEnabled: false
20:07:05.835 [FXGL Background Thread 3 ] DEBUG Engine               - isWindows: true
20:07:05.835 [FXGL Background Thread 3 ] DEBUG Engine               - language: ObjectProperty [value: ENGLISH]
20:07:05.835 [FXGL Background Thread 3 ] DEBUG Engine               - menuKey: ESCAPE
20:07:05.835 [FXGL Background Thread 3 ] DEBUG Engine               - mouseSensitivity: 0.2
20:07:05.835 [FXGL Background Thread 3 ] DEBUG Engine               - notificationViewClass: class com.almasb.fxgl.notification.view.XboxNotificationView
20:07:05.835 [FXGL Background Thread 3 ] DEBUG Engine               - pixelsPerMeter: 50.0
20:07:05.835 [FXGL Background Thread 3 ] DEBUG Engine               - platform: WINDOWS
20:07:05.837 [FXGL Background Thread 3 ] DEBUG Engine               - prefHeightProperty: ReadOnlyDoubleProperty [value: 720.0]
20:07:05.837 [FXGL Background Thread 3 ] DEBUG Engine               - prefWidthProperty: ReadOnlyDoubleProperty [value: 960.0]
20:07:05.837 [FXGL Background Thread 3 ] DEBUG Engine               - profileDir: profiles/
20:07:05.837 [FXGL Background Thread 3 ] DEBUG Engine               - profileName: StringProperty [value: DEFAULT]
20:07:05.837 [FXGL Background Thread 3 ] DEBUG Engine               - randomSeed: -1
20:07:05.837 [FXGL Background Thread 3 ] DEBUG Engine               - runtimeInfo: RuntimeInfo(platform=WINDOWS, version=17.3, build=30.03.2023 11.49)
20:07:05.837 [FXGL Background Thread 3 ] DEBUG Engine               - saveFileExt: sav
20:07:05.837 [FXGL Background Thread 3 ] DEBUG Engine               - scaledHeightProp$fxgl: DoubleProperty [bound, value: 720.0]
20:07:05.837 [FXGL Background Thread 3 ] DEBUG Engine               - scaledWidthProp$fxgl: DoubleProperty [bound, value: 960.0]
20:07:05.837 [FXGL Background Thread 3 ] DEBUG Engine               - sceneFactory: view.GeneralInit$1@1836daa1
20:07:05.837 [FXGL Background Thread 3 ] DEBUG Engine               - secondsIn24h: 60
20:07:05.837 [FXGL Background Thread 3 ] DEBUG Engine               - soundMenuBack: menu/back.wav
20:07:05.837 [FXGL Background Thread 3 ] DEBUG Engine               - soundMenuPress: menu/press.wav
20:07:05.837 [FXGL Background Thread 3 ] DEBUG Engine               - soundMenuSelect: menu/select.wav
20:07:05.837 [FXGL Background Thread 3 ] DEBUG Engine               - soundNotification: core/notification.wav
20:07:05.837 [FXGL Background Thread 3 ] DEBUG Engine               - stageStyle: DECORATED
20:07:05.837 [FXGL Background Thread 3 ] DEBUG Engine               - supportedLanguages: [ENGLISH, FRENCH, GERMAN, HUNGARIAN, RUSSIAN]
20:07:05.837 [FXGL Background Thread 3 ] DEBUG Engine               - ticksPerSecond: -1
20:07:05.838 [FXGL Background Thread 3 ] DEBUG Engine               - title: Akanov-an225
20:07:05.838 [FXGL Background Thread 3 ] DEBUG Engine               - urlGithub: https://github.com/AlmasB/FXGL
20:07:05.838 [FXGL Background Thread 3 ] DEBUG Engine               - urlLeaderboard: http://fxgl-top.herokuapp.com/
20:07:05.838 [FXGL Background Thread 3 ] DEBUG Engine               - urlPOM: https://raw.githubusercontent.com/AlmasB/FXGL/release/README.md
20:07:05.838 [FXGL Background Thread 3 ] DEBUG Engine               - userAppClass: class view.Launch
20:07:05.838 [FXGL Background Thread 3 ] DEBUG Engine               - version: 0.2
20:07:05.838 [FXGL Background Thread 3 ] DEBUG Engine               - versionCheckDays: 7
20:07:05.838 [FXGL Background Thread 3 ] DEBUG Engine               - width: 960
20:07:05.838 [FXGL Background Thread 3 ] DEBUG Engine               - Logging services
20:07:05.838 [FXGL Background Thread 3 ] DEBUG Engine               - class com.almasb.fxgl.app.services.FXGLAssetLoaderService
20:07:05.838 [FXGL Background Thread 3 ] DEBUG Engine               - class com.almasb.fxgl.app.FXGLApplication$GameApplicationService
20:07:05.838 [FXGL Background Thread 3 ] DEBUG Engine               - class com.almasb.fxgl.app.services.FXGLDialogService
20:07:05.838 [FXGL Background Thread 3 ] DEBUG Engine               - class com.almasb.fxgl.app.services.IOTaskExecutorService
20:07:05.838 [FXGL Background Thread 3 ] DEBUG Engine               - class com.almasb.fxgl.io.FileSystemService
20:07:05.838 [FXGL Background Thread 3 ] DEBUG Engine               - class com.almasb.fxgl.localization.LocalizationService
20:07:05.838 [FXGL Background Thread 3 ] DEBUG Engine               - class com.almasb.fxgl.app.services.SystemBundleService
20:07:05.838 [FXGL Background Thread 3 ] DEBUG Engine               - class com.almasb.fxgl.profile.SaveLoadService
20:07:05.839 [FXGL Background Thread 3 ] DEBUG Engine               - class com.almasb.fxgl.ui.FXGLUIFactoryServiceProvider
20:07:05.839 [FXGL Background Thread 3 ] DEBUG Engine               - class com.almasb.fxgl.ui.FXGLDialogFactoryServiceProvider
20:07:05.839 [FXGL Background Thread 3 ] DEBUG Engine               - class com.almasb.fxgl.audio.AudioPlayer
20:07:05.839 [FXGL Background Thread 3 ] DEBUG Engine               - class com.almasb.fxgl.notification.impl.NotificationServiceProvider
20:07:05.839 [FXGL Background Thread 3 ] DEBUG Engine               - class com.almasb.fxgl.achievement.AchievementService
20:07:05.839 [FXGL Background Thread 3 ] DEBUG Engine               - class com.almasb.fxgl.cutscene.CutsceneService
20:07:05.839 [FXGL Background Thread 3 ] DEBUG Engine               - class com.almasb.fxgl.minigames.MiniGameService
20:07:05.839 [FXGL Background Thread 3 ] DEBUG Engine               - class com.almasb.fxgl.net.NetService
20:07:05.839 [FXGL Background Thread 3 ] DEBUG Engine               - class com.almasb.fxgl.app.services.UpdaterService
20:07:05.839 [FXGL Background Thread 3 ] DEBUG Engine               - class com.almasb.fxgl.dev.DevService
20:07:25.199 [JavaFX Application Thread] DEBUG FXGLApplication      - Exiting FXGL
20:07:25.200 [JavaFX Application Thread] DEBUG LoopRunner           - Stopping loop
20:07:25.200 [JavaFX Application Thread] DEBUG SystemBundleService  - Saving FXGL system data
20:07:25.204 [JavaFX Application Thread] DEBUG FileSystemAccess     - Writing to: C:\akk\akanov-an225\system\fxgl.bundle
20:07:25.209 [JavaFX Application Thread] DEBUG Async                - Shutting down background threads
20:07:25.209 [JavaFX Application Thread] DEBUG PrimaryStageWindow   - Closing main window
20:07:25.241 [JavaFX Application Thread] DEBUG Logger               - Closing Logger
