18:30:28.328 [main                     ] DEBUG Logger               - Configured Logger
18:30:28.336 [main                     ] DEBUG GameApplication      - Logging settings
Title: Akanov-an225
Version: 0.2
Width: 960
Height: 720
Fullscreen: false
Intro: false
Profiling: false
Single step:false
App Mode: DEVELOPER
Menu Key: ESCAPE
Stage Style: DECORATED
Scene Factory: class view.GeneralInit$1

18:30:28.695 [JavaFX Application Thread] DEBUG FXGLApplication      - Initializing FXGL
18:30:28.698 [JavaFX Application Thread] INFO  Engine               - FXGL-17.3 (30.03.2023 11.49) on WINDOWS (J:24.0.2 FX:21.0.6)
18:30:28.698 [JavaFX Application Thread] DEBUG Engine               - JRE Vendor Name: Oracle Corporation
18:30:28.699 [JavaFX Application Thread] DEBUG Engine               - Running on OS: Windows 11 version 10.0
18:30:28.699 [JavaFX Application Thread] DEBUG Engine               - Architecture: amd64
18:30:28.699 [JavaFX Application Thread] INFO  Engine               - Source code and latest versions at: https://github.com/AlmasB/FXGL
18:30:28.699 [JavaFX Application Thread] INFO  Engine               -       Ask questions and discuss at: https://github.com/AlmasB/FXGL/discussions
18:30:28.699 [JavaFX Application Thread] INFO  Engine               -              Join the FXGL chat at: https://gitter.im/AlmasB/FXGL
18:30:28.776 [JavaFX Application Thread] DEBUG PrimaryStageWindow   - Creating a JavaFX scene
18:30:28.828 [JavaFX Application Thread] DEBUG PrimaryStageWindow   - Target settings size: 960.0 x 720.0
18:30:28.828 [JavaFX Application Thread] DEBUG PrimaryStageWindow   - Scaled scene size:    960.0 x 720.0
18:30:28.828 [JavaFX Application Thread] DEBUG PrimaryStageWindow   - Scaled ratio: (1.0, 1.0)
18:30:28.829 [JavaFX Application Thread] DEBUG PrimaryStageWindow   - Set initial scene to FXGLStartupScene
18:30:28.832 [JavaFX Application Thread] DEBUG PrimaryStageWindow   - Opening main window
18:30:28.980 [JavaFX Application Thread] DEBUG PrimaryStageWindow   - Window border size: (14.4000244140625, 37.5999755859375)
18:30:28.980 [JavaFX Application Thread] DEBUG PrimaryStageWindow   - Scaled size: 960.0 x 720.0
18:30:28.980 [JavaFX Application Thread] DEBUG PrimaryStageWindow   - Scaled ratio: (1.0, 1.0)
18:30:28.980 [JavaFX Application Thread] DEBUG PrimaryStageWindow   - Scene size: 960.0 x 720.0
18:30:28.981 [JavaFX Application Thread] DEBUG PrimaryStageWindow   - Stage size: 974.4000244140625 x 757.5999755859375
18:30:28.994 [FXGL Background Thread 1 ] DEBUG Engine               - Initializing environment variables
18:30:29.076 [FXGL Background Thread 1 ] DEBUG FXGLAssetLoaderServi - User app class for loading assets: class view.Launch
18:30:29.076 [FXGL Background Thread 1 ] DEBUG GameApplicationServi - Applying CSS: fxgl_dark.css
18:30:29.077 [FXGL Background Thread 1 ] DEBUG FXGLAssetLoaderServi - Loading from file system: jar:file:///C:/Users/nguye/.m2/repository/com/github/almasb/fxgl/17.3/fxgl-17.3.jar!/fxglassets/ui/css/fxgl_dark.css
18:30:29.131 [FXGL Background Thread 1 ] DEBUG GameApplicationServi - Initializing application scenes
18:30:29.175 [FXGL Background Thread 1 ] DEBUG GameWorld            - Game world initialized
18:30:29.237 [FXGL Background Thread 1 ] DEBUG PhysicsWorld         - Physics world initialized: appHeight=720, physics.ppm=50.0
18:30:29.237 [FXGL Background Thread 1 ] DEBUG PhysicsWorld         - Using strategy: BRUTE_FORCE
18:30:29.241 [FXGL Background Thread 1 ] DEBUG GameScene            - Game scene initialized: 960x720
18:30:29.421 [FXGL Background Thread 1 ] DEBUG GameApplicationServi - Application scenes initialized
18:30:29.432 [FXGL Background Thread 1 ] DEBUG SystemBundleService  - Loading FXGL system data
18:30:29.436 [FXGL Background Thread 1 ] DEBUG FileSystemAccess     - Reading from: C:\akk\akanov-an225\system\fxgl.bundle
18:30:29.442 [FXGL Background Thread 1 ] DEBUG SystemBundleService  - Bundle FXGL: {}
18:30:29.442 [FXGL Background Thread 1 ] DEBUG UpdaterService       - Checking for updates
18:30:29.447 [FXGL Background Thread 4 ] DEBUG FXGLApplication      - Loading fonts
18:30:29.447 [FXGL Background Thread 4 ] DEBUG FXGLAssetLoaderServi - Loading from file system: jar:file:///C:/Users/nguye/.m2/repository/com/github/almasb/fxgl/17.3/fxgl-17.3.jar!/fxglassets/ui/fonts/VarelaRound-Regular.ttf
18:30:29.448 [FXGL Background Thread 1 ] DEBUG FXGLApplication      - Loading default localization
18:30:29.449 [FXGL Background Thread 1 ] DEBUG FXGLAssetLoaderServi - Loading from file system: jar:file:///C:/Users/nguye/.m2/repository/com/github/almasb/fxgl/17.3/fxgl-17.3.jar!/fxglassets/languages/english.lang
18:30:29.485 [FXGL Background Thread 1 ] INFO  FXGLApplication      - FXGL initialization took: 0.490 sec
18:30:29.496 [FXGL Background Thread 4 ] DEBUG FXGLAssetLoaderServi - Loading from file system: jar:file:///C:/Users/nguye/.m2/repository/com/github/almasb/fxgl/17.3/fxgl-17.3.jar!/fxglassets/ui/fonts/Abel-Regular.ttf
18:30:29.497 [JavaFX Application Thread] DEBUG Input                - Registered new binding: action0 - Right
18:30:29.498 [JavaFX Application Thread] DEBUG Input                - Registered new binding: action1 - Left
18:30:29.499 [JavaFX Application Thread] DEBUG Input                - Registered new binding: action2 - D
18:30:29.499 [JavaFX Application Thread] DEBUG Input                - Registered new binding: action3 - R
18:30:29.500 [JavaFX Application Thread] DEBUG FXGLAssetLoaderServi - Loading from file system: jar:file:///C:/Users/nguye/.m2/repository/com/github/almasb/fxgl/17.3/fxgl-17.3.jar!/fxglassets/textures/fxgl_icon.png
18:30:29.502 [FXGL Background Thread 4 ] DEBUG FXGLAssetLoaderServi - Loading from file system: jar:file:///C:/Users/nguye/.m2/repository/com/github/almasb/fxgl/17.3/fxgl-17.3.jar!/fxglassets/ui/fonts/TerminalLandMono-Regular.otf
18:30:29.510 [FXGL Background Thread 4 ] DEBUG FXGLAssetLoaderServi - Loading from file system: jar:file:///C:/Users/nguye/.m2/repository/com/github/almasb/fxgl/17.3/fxgl-17.3.jar!/fxglassets/ui/fonts/Courier-Prime.ttf
18:30:29.528 [JavaFX Application Thread] DEBUG FXGLAssetLoaderServi - Loading from file system: jar:file:///C:/Users/nguye/.m2/repository/com/github/almasb/fxgl/17.3/fxgl-17.3.jar!/fxglassets/textures/fxgl_default_cursor.png
18:30:29.532 [JavaFX Application Thread] DEBUG Input                - Registered new binding: Screenshot - CTRL+8
18:30:29.532 [JavaFX Application Thread] DEBUG Input                - Registered new binding: System info dump - CTRL+9
18:30:29.533 [JavaFX Application Thread] DEBUG Input                - Registered new binding: Restart - CTRL+R
18:30:29.533 [JavaFX Application Thread] DEBUG Input                - Registered new binding: Toggle Debug Camera - CTRL+7
18:30:29.537 [JavaFX Application Thread] DEBUG LoopRunner           - Starting loop
18:30:29.537 [JavaFX Application Thread] DEBUG LoopRunner           - Initializing JavaFX AnimationTimerLoop
18:30:29.540 [JavaFX Application Thread] DEBUG Input                - Clearing active input actions
18:30:29.546 [JavaFX Application Thread] DEBUG GameApplicationServi - Removing overlay from FXGLStartupScene and adding to FXGLMainMenuDummyScene
18:30:29.546 [JavaFX Application Thread] DEBUG PrimaryStageWindow   - FXGLStartupScene -> FXGLMainMenuDummyScene
18:30:29.546 [JavaFX Application Thread] DEBUG PrimaryStageWindow   - Push state: MainMenu
18:30:29.546 [JavaFX Application Thread] DEBUG Input                - Clearing active input actions
18:30:29.557 [JavaFX Application Thread] DEBUG GameApplicationServi - Removing overlay from FXGLMainMenuDummyScene and adding to MainMenu
18:30:29.557 [JavaFX Application Thread] DEBUG PrimaryStageWindow   - FXGLMainMenuDummyScene -> MainMenu
18:30:29.563 [JavaFX Application Thread] DEBUG FXGLApplication      - Registering font factories with UI factory
18:30:30.445 [FXGL Background Thread 2 ] INFO  UpdaterService       - Your current version:  17.3
18:30:30.445 [FXGL Background Thread 2 ] INFO  UpdaterService       - Latest stable version: 21.1
18:30:32.446 [FXGL Background Thread 3 ] DEBUG Engine               - Logging environment variables
18:30:32.446 [FXGL Background Thread 3 ] DEBUG Engine               - achievements: []
18:30:32.446 [FXGL Background Thread 3 ] DEBUG Engine               - actualHeight: 720.0
18:30:32.446 [FXGL Background Thread 3 ] DEBUG Engine               - actualHeightProperty: ReadOnlyDoubleProperty [value: 720.0]
18:30:32.446 [FXGL Background Thread 3 ] DEBUG Engine               - actualWidth: 960.0
18:30:32.446 [FXGL Background Thread 3 ] DEBUG Engine               - actualWidthProperty: ReadOnlyDoubleProperty [value: 960.0]
18:30:32.446 [FXGL Background Thread 3 ] DEBUG Engine               - appIcon: fxgl_icon.png
18:30:32.446 [FXGL Background Thread 3 ] DEBUG Engine               - applicationMode: DEVELOPER
18:30:32.446 [FXGL Background Thread 3 ] DEBUG Engine               - cSSList: [fxgl_dark.css]
18:30:32.447 [FXGL Background Thread 3 ] DEBUG Engine               - collisionDetectionStrategy: BRUTE_FORCE
18:30:32.447 [FXGL Background Thread 3 ] DEBUG Engine               - configClass: Optional.empty
18:30:32.447 [FXGL Background Thread 3 ] DEBUG Engine               - credits: []
18:30:32.448 [FXGL Background Thread 3 ] DEBUG Engine               - defaultCursor: CursorInfo(imageName=fxgl_default_cursor.png, hotspotX=7.0, hotspotY=6.0)
18:30:32.449 [FXGL Background Thread 3 ] DEBUG Engine               - devBBoxColorProperty: ObjectProperty [value: 0xff0000ff]
18:30:32.449 [FXGL Background Thread 3 ] DEBUG Engine               - devEnableDebugCameraProperty: BooleanProperty [value: false]
18:30:32.449 [FXGL Background Thread 3 ] DEBUG Engine               - devSensorColorProperty: ObjectProperty [value: 0xffff00ff]
18:30:32.449 [FXGL Background Thread 3 ] DEBUG Engine               - devShowBBoxProperty: BooleanProperty [value: false]
18:30:32.449 [FXGL Background Thread 3 ] DEBUG Engine               - devShowPositionProperty: BooleanProperty [value: false]
18:30:32.449 [FXGL Background Thread 3 ] DEBUG Engine               - enabledMenuItems: []
18:30:32.449 [FXGL Background Thread 3 ] DEBUG Engine               - engineServices: [class com.almasb.fxgl.app.services.FXGLAssetLoaderService, class com.almasb.fxgl.app.FXGLApplication$GameApplicationService, class com.almasb.fxgl.app.services.FXGLDialogService, class com.almasb.fxgl.app.services.IOTaskExecutorService, class com.almasb.fxgl.io.FileSystemService, class com.almasb.fxgl.localization.LocalizationService, class com.almasb.fxgl.app.services.SystemBundleService, class com.almasb.fxgl.profile.SaveLoadService, class com.almasb.fxgl.ui.FXGLUIFactoryServiceProvider, class com.almasb.fxgl.ui.FXGLDialogFactoryServiceProvider, class com.almasb.fxgl.audio.AudioPlayer, class com.almasb.fxgl.notification.impl.NotificationServiceProvider, class com.almasb.fxgl.achievement.AchievementService, class com.almasb.fxgl.cutscene.CutsceneService, class com.almasb.fxgl.minigames.MiniGameService, class com.almasb.fxgl.net.NetService, class com.almasb.fxgl.app.services.UpdaterService, class com.almasb.fxgl.dev.DevService]
18:30:32.449 [FXGL Background Thread 3 ] DEBUG Engine               - fontGame: Abel-Regular.ttf
18:30:32.449 [FXGL Background Thread 3 ] DEBUG Engine               - fontMono: TerminalLandMono-Regular.otf
18:30:32.449 [FXGL Background Thread 3 ] DEBUG Engine               - fontSizeScaleUI: 1.0
18:30:32.449 [FXGL Background Thread 3 ] DEBUG Engine               - fontText: Courier-Prime.ttf
18:30:32.449 [FXGL Background Thread 3 ] DEBUG Engine               - fontUI: VarelaRound-Regular.ttf
18:30:32.449 [FXGL Background Thread 3 ] DEBUG Engine               - fullScreen: BooleanProperty [value: false]
18:30:32.449 [FXGL Background Thread 3 ] DEBUG Engine               - gameDifficulty: MEDIUM
18:30:32.449 [FXGL Background Thread 3 ] DEBUG Engine               - gameDifficultyProperty: ObjectProperty [value: MEDIUM]
18:30:32.449 [FXGL Background Thread 3 ] DEBUG Engine               - globalMusicVolume: 0.5
18:30:32.449 [FXGL Background Thread 3 ] DEBUG Engine               - globalMusicVolumeProperty: DoubleProperty [value: 0.5]
18:30:32.449 [FXGL Background Thread 3 ] DEBUG Engine               - globalSoundVolume: 0.5
18:30:32.449 [FXGL Background Thread 3 ] DEBUG Engine               - globalSoundVolumeProperty: DoubleProperty [value: 0.5]
18:30:32.449 [FXGL Background Thread 3 ] DEBUG Engine               - height: 720
18:30:32.450 [FXGL Background Thread 3 ] DEBUG Engine               - is3D: false
18:30:32.450 [FXGL Background Thread 3 ] DEBUG Engine               - isAndroid: false
18:30:32.450 [FXGL Background Thread 3 ] DEBUG Engine               - isBrowser: false
18:30:32.450 [FXGL Background Thread 3 ] DEBUG Engine               - isClickFeedbackEnabled: false
18:30:32.450 [FXGL Background Thread 3 ] DEBUG Engine               - isCloseConfirmation: false
18:30:32.450 [FXGL Background Thread 3 ] DEBUG Engine               - isDesktop: true
18:30:32.450 [FXGL Background Thread 3 ] DEBUG Engine               - isDeveloperMenuEnabled: false
18:30:32.450 [FXGL Background Thread 3 ] DEBUG Engine               - isEmbedded: false
18:30:32.450 [FXGL Background Thread 3 ] DEBUG Engine               - isEntityPreloadEnabled: true
18:30:32.450 [FXGL Background Thread 3 ] DEBUG Engine               - isExperimentalTiledLargeMap: false
18:30:32.450 [FXGL Background Thread 3 ] DEBUG Engine               - isFileSystemWriteAllowed: true
18:30:32.450 [FXGL Background Thread 3 ] DEBUG Engine               - isFullScreenAllowed: false
18:30:32.450 [FXGL Background Thread 3 ] DEBUG Engine               - isFullScreenFromStart: false
18:30:32.450 [FXGL Background Thread 3 ] DEBUG Engine               - isGameMenuEnabled: true
18:30:32.450 [FXGL Background Thread 3 ] DEBUG Engine               - isIOS: false
18:30:32.450 [FXGL Background Thread 3 ] DEBUG Engine               - isIntroEnabled: false
18:30:32.450 [FXGL Background Thread 3 ] DEBUG Engine               - isLinux: false
18:30:32.450 [FXGL Background Thread 3 ] DEBUG Engine               - isMac: false
18:30:32.450 [FXGL Background Thread 3 ] DEBUG Engine               - isMainMenuEnabled: true
18:30:32.450 [FXGL Background Thread 3 ] DEBUG Engine               - isManualResizeEnabled: false
18:30:32.450 [FXGL Background Thread 3 ] DEBUG Engine               - isMobile: false
18:30:32.450 [FXGL Background Thread 3 ] DEBUG Engine               - isNative: false
18:30:32.451 [FXGL Background Thread 3 ] DEBUG Engine               - isPauseMusicWhenMinimized: true
18:30:32.451 [FXGL Background Thread 3 ] DEBUG Engine               - isPreserveResizeRatio: false
18:30:32.451 [FXGL Background Thread 3 ] DEBUG Engine               - isProfilingEnabled: false
18:30:32.451 [FXGL Background Thread 3 ] DEBUG Engine               - isScaleAffectedOnResize: true
18:30:32.451 [FXGL Background Thread 3 ] DEBUG Engine               - isSingleStep: false
18:30:32.451 [FXGL Background Thread 3 ] DEBUG Engine               - isUserProfileEnabled: false
18:30:32.451 [FXGL Background Thread 3 ] DEBUG Engine               - isWindows: true
18:30:32.451 [FXGL Background Thread 3 ] DEBUG Engine               - language: ObjectProperty [value: ENGLISH]
18:30:32.451 [FXGL Background Thread 3 ] DEBUG Engine               - menuKey: ESCAPE
18:30:32.451 [FXGL Background Thread 3 ] DEBUG Engine               - mouseSensitivity: 0.2
18:30:32.451 [FXGL Background Thread 3 ] DEBUG Engine               - notificationViewClass: class com.almasb.fxgl.notification.view.XboxNotificationView
18:30:32.451 [FXGL Background Thread 3 ] DEBUG Engine               - pixelsPerMeter: 50.0
18:30:32.451 [FXGL Background Thread 3 ] DEBUG Engine               - platform: WINDOWS
18:30:32.451 [FXGL Background Thread 3 ] DEBUG Engine               - prefHeightProperty: ReadOnlyDoubleProperty [value: 720.0]
18:30:32.451 [FXGL Background Thread 3 ] DEBUG Engine               - prefWidthProperty: ReadOnlyDoubleProperty [value: 960.0]
18:30:32.451 [FXGL Background Thread 3 ] DEBUG Engine               - profileDir: profiles/
18:30:32.451 [FXGL Background Thread 3 ] DEBUG Engine               - profileName: StringProperty [value: DEFAULT]
18:30:32.451 [FXGL Background Thread 3 ] DEBUG Engine               - randomSeed: -1
18:30:32.451 [FXGL Background Thread 3 ] DEBUG Engine               - runtimeInfo: RuntimeInfo(platform=WINDOWS, version=17.3, build=30.03.2023 11.49)
18:30:32.451 [FXGL Background Thread 3 ] DEBUG Engine               - saveFileExt: sav
18:30:32.451 [FXGL Background Thread 3 ] DEBUG Engine               - scaledHeightProp$fxgl: DoubleProperty [bound, value: 720.0]
18:30:32.451 [FXGL Background Thread 3 ] DEBUG Engine               - scaledWidthProp$fxgl: DoubleProperty [bound, value: 960.0]
18:30:32.452 [FXGL Background Thread 3 ] DEBUG Engine               - sceneFactory: view.GeneralInit$1@7804f3b8
18:30:32.452 [FXGL Background Thread 3 ] DEBUG Engine               - secondsIn24h: 60
18:30:32.452 [FXGL Background Thread 3 ] DEBUG Engine               - soundMenuBack: menu/back.wav
18:30:32.452 [FXGL Background Thread 3 ] DEBUG Engine               - soundMenuPress: menu/press.wav
18:30:32.452 [FXGL Background Thread 3 ] DEBUG Engine               - soundMenuSelect: menu/select.wav
18:30:32.452 [FXGL Background Thread 3 ] DEBUG Engine               - soundNotification: core/notification.wav
18:30:32.452 [FXGL Background Thread 3 ] DEBUG Engine               - stageStyle: DECORATED
18:30:32.452 [FXGL Background Thread 3 ] DEBUG Engine               - supportedLanguages: [ENGLISH, FRENCH, GERMAN, HUNGARIAN, RUSSIAN]
18:30:32.452 [FXGL Background Thread 3 ] DEBUG Engine               - ticksPerSecond: -1
18:30:32.452 [FXGL Background Thread 3 ] DEBUG Engine               - title: Akanov-an225
18:30:32.452 [FXGL Background Thread 3 ] DEBUG Engine               - urlGithub: https://github.com/AlmasB/FXGL
18:30:32.452 [FXGL Background Thread 3 ] DEBUG Engine               - urlLeaderboard: http://fxgl-top.herokuapp.com/
18:30:32.452 [FXGL Background Thread 3 ] DEBUG Engine               - urlPOM: https://raw.githubusercontent.com/AlmasB/FXGL/release/README.md
18:30:32.452 [FXGL Background Thread 3 ] DEBUG Engine               - userAppClass: class view.Launch
18:30:32.452 [FXGL Background Thread 3 ] DEBUG Engine               - version: 0.2
18:30:32.452 [FXGL Background Thread 3 ] DEBUG Engine               - versionCheckDays: 7
18:30:32.452 [FXGL Background Thread 3 ] DEBUG Engine               - width: 960
18:30:32.452 [FXGL Background Thread 3 ] DEBUG Engine               - Logging services
18:30:32.452 [FXGL Background Thread 3 ] DEBUG Engine               - class com.almasb.fxgl.app.services.FXGLAssetLoaderService
18:30:32.452 [FXGL Background Thread 3 ] DEBUG Engine               - class com.almasb.fxgl.app.FXGLApplication$GameApplicationService
18:30:32.452 [FXGL Background Thread 3 ] DEBUG Engine               - class com.almasb.fxgl.app.services.FXGLDialogService
18:30:32.452 [FXGL Background Thread 3 ] DEBUG Engine               - class com.almasb.fxgl.app.services.IOTaskExecutorService
18:30:32.452 [FXGL Background Thread 3 ] DEBUG Engine               - class com.almasb.fxgl.io.FileSystemService
18:30:32.452 [FXGL Background Thread 3 ] DEBUG Engine               - class com.almasb.fxgl.localization.LocalizationService
18:30:32.452 [FXGL Background Thread 3 ] DEBUG Engine               - class com.almasb.fxgl.app.services.SystemBundleService
18:30:32.452 [FXGL Background Thread 3 ] DEBUG Engine               - class com.almasb.fxgl.profile.SaveLoadService
18:30:32.452 [FXGL Background Thread 3 ] DEBUG Engine               - class com.almasb.fxgl.ui.FXGLUIFactoryServiceProvider
18:30:32.452 [FXGL Background Thread 3 ] DEBUG Engine               - class com.almasb.fxgl.ui.FXGLDialogFactoryServiceProvider
18:30:32.452 [FXGL Background Thread 3 ] DEBUG Engine               - class com.almasb.fxgl.audio.AudioPlayer
18:30:32.452 [FXGL Background Thread 3 ] DEBUG Engine               - class com.almasb.fxgl.notification.impl.NotificationServiceProvider
18:30:32.453 [FXGL Background Thread 3 ] DEBUG Engine               - class com.almasb.fxgl.achievement.AchievementService
18:30:32.453 [FXGL Background Thread 3 ] DEBUG Engine               - class com.almasb.fxgl.cutscene.CutsceneService
18:30:32.453 [FXGL Background Thread 3 ] DEBUG Engine               - class com.almasb.fxgl.minigames.MiniGameService
18:30:32.453 [FXGL Background Thread 3 ] DEBUG Engine               - class com.almasb.fxgl.net.NetService
18:30:32.453 [FXGL Background Thread 3 ] DEBUG Engine               - class com.almasb.fxgl.app.services.UpdaterService
18:30:32.453 [FXGL Background Thread 3 ] DEBUG Engine               - class com.almasb.fxgl.dev.DevService
18:30:45.061 [JavaFX Application Thread] DEBUG FXGLApplication      - Exiting FXGL
18:30:45.061 [JavaFX Application Thread] DEBUG LoopRunner           - Stopping loop
18:30:45.061 [JavaFX Application Thread] DEBUG SystemBundleService  - Saving FXGL system data
18:30:45.067 [JavaFX Application Thread] DEBUG FileSystemAccess     - Writing to: C:\akk\akanov-an225\system\fxgl.bundle
18:30:45.071 [JavaFX Application Thread] DEBUG Async                - Shutting down background threads
18:30:45.071 [JavaFX Application Thread] DEBUG PrimaryStageWindow   - Closing main window
18:30:45.111 [JavaFX Application Thread] DEBUG Logger               - Closing Logger
