08:20:31.640 [main                     ] DEBUG Logger               - Configured Logger
08:20:31.649 [main                     ] DEBUG GameApplication      - Logging settings
Title: Akanov-an225
Version: 0.1
Width: 800
Height: 600
Fullscreen: false
Intro: false
Profiling: false
Single step:false
App Mode: DEVELOPER
Menu Key: ESCAPE
Stage Style: DECORATED
Scene Factory: class com.almasb.fxgl.app.scene.SceneFactory

08:20:32.090 [JavaFX Application Thread] DEBUG FXGLApplication      - Initializing FXGL
08:20:32.094 [JavaFX Application Thread] INFO  Engine               - FXGL-17.3 (30.03.2023 11.49) on WINDOWS (J:24.0.2 FX:21.0.6)
08:20:32.095 [JavaFX Application Thread] DEBUG Engine               - JRE Vendor Name: Oracle Corporation
08:20:32.095 [JavaFX Application Thread] DEBUG Engine               - Running on OS: Windows 11 version 10.0
08:20:32.095 [JavaFX Application Thread] DEBUG Engine               - Architecture: amd64
08:20:32.095 [JavaFX Application Thread] INFO  Engine               - Source code and latest versions at: https://github.com/AlmasB/FXGL
08:20:32.095 [JavaFX Application Thread] INFO  Engine               -       Ask questions and discuss at: https://github.com/AlmasB/FXGL/discussions
08:20:32.095 [JavaFX Application Thread] INFO  Engine               -              Join the FXGL chat at: https://gitter.im/AlmasB/FXGL
08:20:32.217 [JavaFX Application Thread] DEBUG PrimaryStageWindow   - Creating a JavaFX scene
08:20:32.292 [JavaFX Application Thread] DEBUG PrimaryStageWindow   - Target settings size: 800.0 x 600.0
08:20:32.292 [JavaFX Application Thread] DEBUG PrimaryStageWindow   - Scaled scene size:    800.0 x 600.0
08:20:32.292 [JavaFX Application Thread] DEBUG PrimaryStageWindow   - Scaled ratio: (1.0, 1.0)
08:20:32.294 [JavaFX Application Thread] DEBUG PrimaryStageWindow   - Set initial scene to FXGLStartupScene
08:20:32.298 [JavaFX Application Thread] DEBUG PrimaryStageWindow   - Opening main window
08:20:32.416 [JavaFX Application Thread] DEBUG PrimaryStageWindow   - Window border size: (14.66668701171875, 37.33331298828125)
08:20:32.417 [JavaFX Application Thread] DEBUG PrimaryStageWindow   - Scaled size: 800.0 x 600.0
08:20:32.417 [JavaFX Application Thread] DEBUG PrimaryStageWindow   - Scaled ratio: (1.0, 1.0)
08:20:32.417 [JavaFX Application Thread] DEBUG PrimaryStageWindow   - Scene size: 800.0 x 600.0
08:20:32.417 [JavaFX Application Thread] DEBUG PrimaryStageWindow   - Stage size: 814.6666870117188 x 637.3333129882812
08:20:32.429 [FXGL Background Thread 1 ] DEBUG Engine               - Initializing environment variables
08:20:32.521 [FXGL Background Thread 1 ] DEBUG FXGLAssetLoaderServi - User app class for loading assets: class view.Launch
08:20:32.522 [FXGL Background Thread 1 ] DEBUG GameApplicationServi - Applying CSS: fxgl_dark.css
08:20:32.523 [FXGL Background Thread 1 ] DEBUG FXGLAssetLoaderServi - Loading from file system: jar:file:///C:/Users/DELL/.m2/repository/com/github/almasb/fxgl/17.3/fxgl-17.3.jar!/fxglassets/ui/css/fxgl_dark.css
08:20:32.583 [FXGL Background Thread 1 ] DEBUG GameApplicationServi - Initializing application scenes
08:20:32.635 [FXGL Background Thread 1 ] DEBUG GameWorld            - Game world initialized
08:20:32.734 [FXGL Background Thread 1 ] DEBUG PhysicsWorld         - Physics world initialized: appHeight=600, physics.ppm=50.0
08:20:32.735 [FXGL Background Thread 1 ] DEBUG PhysicsWorld         - Using strategy: BRUTE_FORCE
08:20:32.741 [FXGL Background Thread 1 ] DEBUG GameScene            - Game scene initialized: 800x600
08:20:32.760 [FXGL Background Thread 1 ] DEBUG FXGL.DefaultMenu     - createMenuBodyGameMenu()
08:20:32.781 [FXGL Background Thread 1 ] DEBUG FXGL.DefaultMenu     - createOptionsMenu()
08:20:32.793 [FXGL Background Thread 1 ] DEBUG FXGLAssetLoaderServi - Loading from file system: jar:file:///C:/Users/DELL/.m2/repository/com/github/almasb/fxgl/17.3/fxgl-17.3.jar!/fxglassets/textures/particles/smoke.png
08:20:32.911 [FXGL Background Thread 1 ] DEBUG FXGLAssetLoaderServi - Loading from file system: jar:file:///C:/Users/DELL/.m2/repository/com/github/almasb/fxgl/17.3/fxgl-17.3.jar!/fxglassets/textures/particles/trace_horizontal.png
08:20:32.952 [FXGL Background Thread 1 ] DEBUG GameApplicationServi - Application scenes initialized
08:20:32.969 [FXGL Background Thread 1 ] DEBUG SystemBundleService  - Loading FXGL system data
08:20:32.976 [FXGL Background Thread 1 ] DEBUG FileSystemAccess     - Reading from: D:\akanov-an225\system\fxgl.bundle
08:20:32.989 [FXGL Background Thread 1 ] DEBUG SystemBundleService  - Bundle FXGL: {}
08:20:32.989 [FXGL Background Thread 1 ] DEBUG UpdaterService       - Checking for updates
08:20:32.994 [FXGL Background Thread 4 ] DEBUG FXGLApplication      - Loading fonts
08:20:32.995 [FXGL Background Thread 4 ] DEBUG FXGLAssetLoaderServi - Loading from file system: jar:file:///C:/Users/DELL/.m2/repository/com/github/almasb/fxgl/17.3/fxgl-17.3.jar!/fxglassets/ui/fonts/VarelaRound-Regular.ttf
08:20:32.995 [FXGL Background Thread 1 ] DEBUG FXGLApplication      - Loading default localization
08:20:32.996 [FXGL Background Thread 1 ] DEBUG FXGLAssetLoaderServi - Loading from file system: jar:file:///C:/Users/DELL/.m2/repository/com/github/almasb/fxgl/17.3/fxgl-17.3.jar!/fxglassets/languages/english.lang
08:20:33.021 [FXGL Background Thread 1 ] INFO  FXGLApplication      - FXGL initialization took: 0.592 sec
08:20:33.037 [JavaFX Application Thread] DEBUG Input                - Registered new binding: action0 - Left
08:20:33.038 [JavaFX Application Thread] DEBUG Input                - Registered new binding: action1 - Right
08:20:33.038 [JavaFX Application Thread] DEBUG FXGLAssetLoaderServi - Loading from file system: jar:file:///C:/Users/DELL/.m2/repository/com/github/almasb/fxgl/17.3/fxgl-17.3.jar!/fxglassets/textures/fxgl_icon.png
08:20:33.060 [FXGL Background Thread 4 ] DEBUG FXGLAssetLoaderServi - Loading from file system: jar:file:///C:/Users/DELL/.m2/repository/com/github/almasb/fxgl/17.3/fxgl-17.3.jar!/fxglassets/ui/fonts/Abel-Regular.ttf
08:20:33.066 [FXGL Background Thread 4 ] DEBUG FXGLAssetLoaderServi - Loading from file system: jar:file:///C:/Users/DELL/.m2/repository/com/github/almasb/fxgl/17.3/fxgl-17.3.jar!/fxglassets/ui/fonts/TerminalLandMono-Regular.otf
08:20:33.068 [JavaFX Application Thread] DEBUG FXGLAssetLoaderServi - Loading from file system: jar:file:///C:/Users/DELL/.m2/repository/com/github/almasb/fxgl/17.3/fxgl-17.3.jar!/fxglassets/textures/fxgl_default_cursor.png
08:20:33.071 [JavaFX Application Thread] DEBUG Input                - Registered new binding: Screenshot - CTRL+8
08:20:33.072 [FXGL Background Thread 4 ] DEBUG FXGLAssetLoaderServi - Loading from file system: jar:file:///C:/Users/DELL/.m2/repository/com/github/almasb/fxgl/17.3/fxgl-17.3.jar!/fxglassets/ui/fonts/Courier-Prime.ttf
08:20:33.072 [JavaFX Application Thread] DEBUG Input                - Registered new binding: System info dump - CTRL+9
08:20:33.073 [JavaFX Application Thread] DEBUG Input                - Registered new binding: Restart - CTRL+R
08:20:33.073 [JavaFX Application Thread] DEBUG Input                - Registered new binding: Toggle Debug Camera - CTRL+7
08:20:33.078 [JavaFX Application Thread] DEBUG LoopRunner           - Starting loop
08:20:33.078 [JavaFX Application Thread] DEBUG LoopRunner           - Initializing JavaFX AnimationTimerLoop
08:20:33.079 [JavaFX Application Thread] DEBUG GameApplicationServi - Starting new game
08:20:33.080 [JavaFX Application Thread] DEBUG Input                - Clearing active input actions
08:20:33.096 [JavaFX Application Thread] DEBUG GameApplicationServi - Removing overlay from FXGLStartupScene and adding to FXGLLoadingScene
08:20:33.096 [JavaFX Application Thread] DEBUG PrimaryStageWindow   - FXGLStartupScene -> FXGLLoadingScene
08:20:33.096 [JavaFX Application Thread] DEBUG GameApplicationServi - Clearing previous game
08:20:33.097 [JavaFX Application Thread] DEBUG GameScene            - Clearing game scene
08:20:33.097 [JavaFX Application Thread] DEBUG GameWorld            - Clearing game world
08:20:33.097 [JavaFX Application Thread] DEBUG PhysicsWorld         - Clearing physics world
08:20:33.100 [FXGL Background Thread 4 ] DEBUG FXGLApplication      - Initializing game
08:20:33.105 [FXGL Background Thread 4 ] WARN  Entity               - Entity already has component: com.almasb.fxgl.entity.components.BoundingBoxComponent
08:20:33.138 [FXGL Background Thread 4 ] INFO  FXGLApplication      - Game initialization took: 0.038 sec
08:20:33.159 [JavaFX Application Thread] DEBUG Input                - Clearing active input actions
08:20:33.169 [JavaFX Application Thread] DEBUG GameApplicationServi - Removing overlay from FXGLLoadingScene and adding to GameScene
08:20:33.169 [JavaFX Application Thread] DEBUG PrimaryStageWindow   - FXGLLoadingScene -> GameScene
08:20:33.651 [FXGL Background Thread 2 ] INFO  UpdaterService       - Your current version:  17.3
08:20:33.651 [FXGL Background Thread 2 ] INFO  UpdaterService       - Latest stable version: 21.1
08:20:35.023 [JavaFX Application Thread] DEBUG FXGLApplication      - Exiting FXGL
08:20:35.024 [JavaFX Application Thread] DEBUG LoopRunner           - Stopping loop
08:20:35.024 [JavaFX Application Thread] DEBUG SystemBundleService  - Saving FXGL system data
08:20:35.027 [JavaFX Application Thread] DEBUG FileSystemAccess     - Writing to: D:\akanov-an225\system\fxgl.bundle
08:20:35.032 [JavaFX Application Thread] DEBUG Async                - Shutting down background threads
08:20:35.032 [JavaFX Application Thread] DEBUG PrimaryStageWindow   - Closing main window
08:20:35.052 [JavaFX Application Thread] DEBUG Logger               - Closing Logger
