16:43:53.070 [main                     ] DEBUG Logger               - Configured Logger
16:43:53.079 [main                     ] DEBUG GameApplication      - Logging settings
Title: Untitled
Version: 0.1
Width: 800
Height: 600
Fullscreen: false
Intro: false
Profiling: false
Single step:false
App Mode: DEVELOPER
Menu Key: ESCAPE
Stage Style: DECORATED
Scene Factory: class com.almasb.fxgl.app.scene.SceneFactory

16:43:53.443 [JavaFX Application Thread] DEBUG FXGLApplication      - Initializing FXGL
16:43:53.445 [JavaFX Application Thread] INFO  Engine               - FXGL-17.3 (30.03.2023 11.49) on MAC (J:24.0.2 FX:21.0.6)
16:43:53.445 [JavaFX Application Thread] DEBUG Engine               - JRE Vendor Name: Amazon.com Inc.
16:43:53.445 [JavaFX Application Thread] DEBUG Engine               - Running on OS: Mac OS X version 14.8.1
16:43:53.445 [JavaFX Application Thread] DEBUG Engine               - Architecture: aarch64
16:43:53.445 [JavaFX Application Thread] INFO  Engine               - Source code and latest versions at: https://github.com/AlmasB/FXGL
16:43:53.445 [JavaFX Application Thread] INFO  Engine               -       Ask questions and discuss at: https://github.com/AlmasB/FXGL/discussions
16:43:53.445 [JavaFX Application Thread] INFO  Engine               -              Join the FXGL chat at: https://gitter.im/AlmasB/FXGL
16:43:53.520 [JavaFX Application Thread] DEBUG PrimaryStageWindow   - Creating a JavaFX scene
16:43:53.558 [JavaFX Application Thread] DEBUG PrimaryStageWindow   - Target settings size: 800.0 x 600.0
16:43:53.558 [JavaFX Application Thread] DEBUG PrimaryStageWindow   - Scaled scene size:    800.0 x 600.0
16:43:53.558 [JavaFX Application Thread] DEBUG PrimaryStageWindow   - Scaled ratio: (1.0, 1.0)
16:43:53.559 [JavaFX Application Thread] DEBUG PrimaryStageWindow   - Set initial scene to FXGLStartupScene
16:43:53.561 [JavaFX Application Thread] DEBUG PrimaryStageWindow   - Opening main window
16:43:53.646 [JavaFX Application Thread] DEBUG PrimaryStageWindow   - Window border size: (0.0, 28.0)
16:43:53.646 [JavaFX Application Thread] DEBUG PrimaryStageWindow   - Scaled size: 800.0 x 600.0
16:43:53.646 [JavaFX Application Thread] DEBUG PrimaryStageWindow   - Scaled ratio: (1.0, 1.0)
16:43:53.646 [JavaFX Application Thread] DEBUG PrimaryStageWindow   - Scene size: 800.0 x 600.0
16:43:53.646 [JavaFX Application Thread] DEBUG PrimaryStageWindow   - Stage size: 800.0 x 628.0
16:43:53.652 [FXGL Background Thread 1 ] DEBUG Engine               - Initializing environment variables
16:43:53.725 [FXGL Background Thread 1 ] DEBUG FXGLAssetLoaderServi - User app class for loading assets: class gameplay.Launch
16:43:53.725 [FXGL Background Thread 1 ] DEBUG GameApplicationServi - Applying CSS: fxgl_dark.css
16:43:53.726 [FXGL Background Thread 1 ] DEBUG FXGLAssetLoaderServi - Loading from file system: jar:file:///Users/huyle/.m2/repository/com/github/almasb/fxgl/17.3/fxgl-17.3.jar!/fxglassets/ui/css/fxgl_dark.css
16:43:53.769 [FXGL Background Thread 1 ] DEBUG GameApplicationServi - Initializing application scenes
16:43:53.847 [FXGL Background Thread 1 ] DEBUG GameWorld            - Game world initialized
16:43:53.893 [FXGL Background Thread 1 ] DEBUG PhysicsWorld         - Physics world initialized: appHeight=600, physics.ppm=50.0
16:43:53.893 [FXGL Background Thread 1 ] DEBUG PhysicsWorld         - Using strategy: BRUTE_FORCE
16:43:53.896 [FXGL Background Thread 1 ] DEBUG GameScene            - Game scene initialized: 800x600
16:43:53.904 [FXGL Background Thread 1 ] DEBUG FXGL.DefaultMenu     - createMenuBodyGameMenu()
16:43:53.916 [FXGL Background Thread 1 ] DEBUG FXGL.DefaultMenu     - createOptionsMenu()
16:43:53.923 [FXGL Background Thread 1 ] DEBUG FXGLAssetLoaderServi - Loading from file system: jar:file:///Users/huyle/.m2/repository/com/github/almasb/fxgl/17.3/fxgl-17.3.jar!/fxglassets/textures/particles/smoke.png
16:43:53.997 [FXGL Background Thread 1 ] DEBUG FXGLAssetLoaderServi - Loading from file system: jar:file:///Users/huyle/.m2/repository/com/github/almasb/fxgl/17.3/fxgl-17.3.jar!/fxglassets/textures/particles/trace_horizontal.png
16:43:54.021 [FXGL Background Thread 1 ] DEBUG GameApplicationServi - Application scenes initialized
16:43:54.028 [FXGL Background Thread 1 ] DEBUG SystemBundleService  - Loading FXGL system data
16:43:54.031 [FXGL Background Thread 1 ] DEBUG FileSystemAccess     - Reading from: /Users/huyle/Downloads/demo-main/system/fxgl.bundle
16:43:54.035 [FXGL Background Thread 1 ] DEBUG SystemBundleService  - Bundle FXGL: {}
16:43:54.035 [FXGL Background Thread 1 ] DEBUG UpdaterService       - Checking for updates
16:43:54.038 [FXGL Background Thread 4 ] DEBUG FXGLApplication      - Loading fonts
16:43:54.038 [FXGL Background Thread 4 ] DEBUG FXGLAssetLoaderServi - Loading from file system: jar:file:///Users/huyle/.m2/repository/com/github/almasb/fxgl/17.3/fxgl-17.3.jar!/fxglassets/ui/fonts/VarelaRound-Regular.ttf
16:43:54.038 [FXGL Background Thread 1 ] DEBUG FXGLApplication      - Loading default localization
16:43:54.039 [FXGL Background Thread 1 ] DEBUG FXGLAssetLoaderServi - Loading from file system: jar:file:///Users/huyle/.m2/repository/com/github/almasb/fxgl/17.3/fxgl-17.3.jar!/fxglassets/languages/english.lang
16:43:54.051 [FXGL Background Thread 4 ] DEBUG FXGLAssetLoaderServi - Loading from file system: jar:file:///Users/huyle/.m2/repository/com/github/almasb/fxgl/17.3/fxgl-17.3.jar!/fxglassets/ui/fonts/Abel-Regular.ttf
16:43:54.051 [FXGL Background Thread 1 ] INFO  FXGLApplication      - FXGL initialization took: 0.398 sec
16:43:54.053 [FXGL Background Thread 4 ] DEBUG FXGLAssetLoaderServi - Loading from file system: jar:file:///Users/huyle/.m2/repository/com/github/almasb/fxgl/17.3/fxgl-17.3.jar!/fxglassets/ui/fonts/TerminalLandMono-Regular.otf
16:43:54.055 [FXGL Background Thread 4 ] DEBUG FXGLAssetLoaderServi - Loading from file system: jar:file:///Users/huyle/.m2/repository/com/github/almasb/fxgl/17.3/fxgl-17.3.jar!/fxglassets/ui/fonts/Courier-Prime.ttf
16:43:54.057 [JavaFX Application Thread] DEBUG Input                - Registered new binding: action0 - D
16:43:54.058 [JavaFX Application Thread] DEBUG Input                - Registered new binding: action1 - A
16:43:54.058 [JavaFX Application Thread] DEBUG Input                - Registered new binding: action2 - Left
16:43:54.058 [JavaFX Application Thread] DEBUG Input                - Registered new binding: action3 - Right
16:43:54.058 [JavaFX Application Thread] DEBUG FXGLAssetLoaderServi - Loading from file system: jar:file:///Users/huyle/.m2/repository/com/github/almasb/fxgl/17.3/fxgl-17.3.jar!/fxglassets/textures/fxgl_icon.png
16:43:54.085 [JavaFX Application Thread] DEBUG FXGLAssetLoaderServi - Loading from file system: jar:file:///Users/huyle/.m2/repository/com/github/almasb/fxgl/17.3/fxgl-17.3.jar!/fxglassets/textures/fxgl_default_cursor.png
16:43:54.087 [JavaFX Application Thread] DEBUG Input                - Registered new binding: Screenshot - CTRL+8
16:43:54.087 [JavaFX Application Thread] DEBUG Input                - Registered new binding: System info dump - CTRL+9
16:43:54.087 [JavaFX Application Thread] DEBUG Input                - Registered new binding: Restart - CTRL+R
16:43:54.088 [JavaFX Application Thread] DEBUG Input                - Registered new binding: Toggle Debug Camera - CTRL+7
16:43:54.089 [JavaFX Application Thread] DEBUG LoopRunner           - Starting loop
16:43:54.089 [JavaFX Application Thread] DEBUG LoopRunner           - Initializing JavaFX AnimationTimerLoop
16:43:54.090 [JavaFX Application Thread] DEBUG GameApplicationServi - Starting new game
16:43:54.090 [JavaFX Application Thread] DEBUG Input                - Clearing active input actions
16:43:54.097 [JavaFX Application Thread] DEBUG GameApplicationServi - Removing overlay from FXGLStartupScene and adding to FXGLLoadingScene
16:43:54.097 [JavaFX Application Thread] DEBUG PrimaryStageWindow   - FXGLStartupScene -> FXGLLoadingScene
16:43:54.097 [JavaFX Application Thread] DEBUG GameApplicationServi - Clearing previous game
16:43:54.097 [JavaFX Application Thread] DEBUG GameScene            - Clearing game scene
16:43:54.097 [JavaFX Application Thread] DEBUG GameWorld            - Clearing game world
16:43:54.097 [JavaFX Application Thread] DEBUG PhysicsWorld         - Clearing physics world
16:43:54.098 [FXGL Background Thread 4 ] DEBUG FXGLApplication      - Initializing game
16:43:54.102 [FXGL Background Thread 4 ] INFO  FXGLApplication      - Game initialization took: 0.004 sec
16:43:54.111 [JavaFX Application Thread] DEBUG FXGLApplication      - Registering font factories with UI factory
16:43:54.113 [JavaFX Application Thread] DEBUG Input                - Clearing active input actions
16:43:54.120 [JavaFX Application Thread] DEBUG GameApplicationServi - Removing overlay from FXGLLoadingScene and adding to GameScene
16:43:54.120 [JavaFX Application Thread] DEBUG PrimaryStageWindow   - FXGLLoadingScene -> GameScene
16:43:54.459 [FXGL Background Thread 2 ] INFO  UpdaterService       - Your current version:  17.3
16:43:54.459 [FXGL Background Thread 2 ] INFO  UpdaterService       - Latest stable version: 21.1
16:43:57.040 [FXGL Background Thread 3 ] DEBUG Engine               - Logging environment variables
16:43:57.041 [FXGL Background Thread 3 ] DEBUG Engine               - achievements: []
16:43:57.041 [FXGL Background Thread 3 ] DEBUG Engine               - actualHeight: 600.0
16:43:57.041 [FXGL Background Thread 3 ] DEBUG Engine               - actualHeightProperty: ReadOnlyDoubleProperty [value: 600.0]
16:43:57.041 [FXGL Background Thread 3 ] DEBUG Engine               - actualWidth: 800.0
16:43:57.041 [FXGL Background Thread 3 ] DEBUG Engine               - actualWidthProperty: ReadOnlyDoubleProperty [value: 800.0]
16:43:57.041 [FXGL Background Thread 3 ] DEBUG Engine               - appIcon: fxgl_icon.png
16:43:57.042 [FXGL Background Thread 3 ] DEBUG Engine               - applicationMode: DEVELOPER
16:43:57.042 [FXGL Background Thread 3 ] DEBUG Engine               - cSSList: [fxgl_dark.css]
16:43:57.042 [FXGL Background Thread 3 ] DEBUG Engine               - collisionDetectionStrategy: BRUTE_FORCE
16:43:57.042 [FXGL Background Thread 3 ] DEBUG Engine               - configClass: Optional.empty
16:43:57.042 [FXGL Background Thread 3 ] DEBUG Engine               - credits: []
16:43:57.043 [FXGL Background Thread 3 ] DEBUG Engine               - defaultCursor: CursorInfo(imageName=fxgl_default_cursor.png, hotspotX=7.0, hotspotY=6.0)
16:43:57.043 [FXGL Background Thread 3 ] DEBUG Engine               - devBBoxColorProperty: ObjectProperty [value: 0xff0000ff]
16:43:57.043 [FXGL Background Thread 3 ] DEBUG Engine               - devEnableDebugCameraProperty: BooleanProperty [value: false]
16:43:57.043 [FXGL Background Thread 3 ] DEBUG Engine               - devSensorColorProperty: ObjectProperty [value: 0xffff00ff]
16:43:57.043 [FXGL Background Thread 3 ] DEBUG Engine               - devShowBBoxProperty: BooleanProperty [value: false]
16:43:57.044 [FXGL Background Thread 3 ] DEBUG Engine               - devShowPositionProperty: BooleanProperty [value: false]
16:43:57.044 [FXGL Background Thread 3 ] DEBUG Engine               - enabledMenuItems: []
16:43:57.044 [FXGL Background Thread 3 ] DEBUG Engine               - engineServices: [class com.almasb.fxgl.app.services.FXGLAssetLoaderService, class com.almasb.fxgl.app.FXGLApplication$GameApplicationService, class com.almasb.fxgl.app.services.FXGLDialogService, class com.almasb.fxgl.app.services.IOTaskExecutorService, class com.almasb.fxgl.io.FileSystemService, class com.almasb.fxgl.localization.LocalizationService, class com.almasb.fxgl.app.services.SystemBundleService, class com.almasb.fxgl.profile.SaveLoadService, class com.almasb.fxgl.ui.FXGLUIFactoryServiceProvider, class com.almasb.fxgl.ui.FXGLDialogFactoryServiceProvider, class com.almasb.fxgl.audio.AudioPlayer, class com.almasb.fxgl.notification.impl.NotificationServiceProvider, class com.almasb.fxgl.achievement.AchievementService, class com.almasb.fxgl.cutscene.CutsceneService, class com.almasb.fxgl.minigames.MiniGameService, class com.almasb.fxgl.net.NetService, class com.almasb.fxgl.app.services.UpdaterService, class com.almasb.fxgl.dev.DevService]
16:43:57.044 [FXGL Background Thread 3 ] DEBUG Engine               - fontGame: Abel-Regular.ttf
16:43:57.044 [FXGL Background Thread 3 ] DEBUG Engine               - fontMono: TerminalLandMono-Regular.otf
16:43:57.044 [FXGL Background Thread 3 ] DEBUG Engine               - fontSizeScaleUI: 1.0
16:43:57.044 [FXGL Background Thread 3 ] DEBUG Engine               - fontText: Courier-Prime.ttf
16:43:57.044 [FXGL Background Thread 3 ] DEBUG Engine               - fontUI: VarelaRound-Regular.ttf
16:43:57.044 [FXGL Background Thread 3 ] DEBUG Engine               - fullScreen: BooleanProperty [value: false]
16:43:57.044 [FXGL Background Thread 3 ] DEBUG Engine               - gameDifficulty: MEDIUM
16:43:57.045 [FXGL Background Thread 3 ] DEBUG Engine               - gameDifficultyProperty: ObjectProperty [value: MEDIUM]
16:43:57.045 [FXGL Background Thread 3 ] DEBUG Engine               - globalMusicVolume: 0.5
16:43:57.045 [FXGL Background Thread 3 ] DEBUG Engine               - globalMusicVolumeProperty: DoubleProperty [value: 0.5]
16:43:57.045 [FXGL Background Thread 3 ] DEBUG Engine               - globalSoundVolume: 0.5
16:43:57.045 [FXGL Background Thread 3 ] DEBUG Engine               - globalSoundVolumeProperty: DoubleProperty [value: 0.5]
16:43:57.045 [FXGL Background Thread 3 ] DEBUG Engine               - height: 600
16:43:57.045 [FXGL Background Thread 3 ] DEBUG Engine               - is3D: false
16:43:57.045 [FXGL Background Thread 3 ] DEBUG Engine               - isAndroid: false
16:43:57.045 [FXGL Background Thread 3 ] DEBUG Engine               - isBrowser: false
16:43:57.045 [FXGL Background Thread 3 ] DEBUG Engine               - isClickFeedbackEnabled: false
16:43:57.046 [FXGL Background Thread 3 ] DEBUG Engine               - isCloseConfirmation: false
16:43:57.046 [FXGL Background Thread 3 ] DEBUG Engine               - isDesktop: true
16:43:57.046 [FXGL Background Thread 3 ] DEBUG Engine               - isDeveloperMenuEnabled: false
16:43:57.046 [FXGL Background Thread 3 ] DEBUG Engine               - isEmbedded: false
16:43:57.046 [FXGL Background Thread 3 ] DEBUG Engine               - isEntityPreloadEnabled: true
16:43:57.046 [FXGL Background Thread 3 ] DEBUG Engine               - isExperimentalTiledLargeMap: false
16:43:57.046 [FXGL Background Thread 3 ] DEBUG Engine               - isFileSystemWriteAllowed: true
16:43:57.046 [FXGL Background Thread 3 ] DEBUG Engine               - isFullScreenAllowed: false
16:43:57.046 [FXGL Background Thread 3 ] DEBUG Engine               - isFullScreenFromStart: false
16:43:57.046 [FXGL Background Thread 3 ] DEBUG Engine               - isGameMenuEnabled: true
16:43:57.046 [FXGL Background Thread 3 ] DEBUG Engine               - isIOS: false
16:43:57.046 [FXGL Background Thread 3 ] DEBUG Engine               - isIntroEnabled: false
16:43:57.046 [FXGL Background Thread 3 ] DEBUG Engine               - isLinux: false
16:43:57.046 [FXGL Background Thread 3 ] DEBUG Engine               - isMac: true
16:43:57.046 [FXGL Background Thread 3 ] DEBUG Engine               - isMainMenuEnabled: false
16:43:57.046 [FXGL Background Thread 3 ] DEBUG Engine               - isManualResizeEnabled: false
16:43:57.047 [FXGL Background Thread 3 ] DEBUG Engine               - isMobile: false
16:43:57.047 [FXGL Background Thread 3 ] DEBUG Engine               - isNative: false
16:43:57.047 [FXGL Background Thread 3 ] DEBUG Engine               - isPauseMusicWhenMinimized: true
16:43:57.047 [FXGL Background Thread 3 ] DEBUG Engine               - isPreserveResizeRatio: false
16:43:57.047 [FXGL Background Thread 3 ] DEBUG Engine               - isProfilingEnabled: false
16:43:57.047 [FXGL Background Thread 3 ] DEBUG Engine               - isScaleAffectedOnResize: true
16:43:57.047 [FXGL Background Thread 3 ] DEBUG Engine               - isSingleStep: false
16:43:57.047 [FXGL Background Thread 3 ] DEBUG Engine               - isUserProfileEnabled: false
16:43:57.047 [FXGL Background Thread 3 ] DEBUG Engine               - isWindows: false
16:43:57.047 [FXGL Background Thread 3 ] DEBUG Engine               - language: ObjectProperty [value: ENGLISH]
16:43:57.047 [FXGL Background Thread 3 ] DEBUG Engine               - menuKey: ESCAPE
16:43:57.047 [FXGL Background Thread 3 ] DEBUG Engine               - mouseSensitivity: 0.2
16:43:57.047 [FXGL Background Thread 3 ] DEBUG Engine               - notificationViewClass: class com.almasb.fxgl.notification.view.XboxNotificationView
16:43:57.047 [FXGL Background Thread 3 ] DEBUG Engine               - pixelsPerMeter: 50.0
16:43:57.048 [FXGL Background Thread 3 ] DEBUG Engine               - platform: MAC
16:43:57.048 [FXGL Background Thread 3 ] DEBUG Engine               - prefHeightProperty: ReadOnlyDoubleProperty [value: 600.0]
16:43:57.048 [FXGL Background Thread 3 ] DEBUG Engine               - prefWidthProperty: ReadOnlyDoubleProperty [value: 800.0]
16:43:57.048 [FXGL Background Thread 3 ] DEBUG Engine               - profileDir: profiles/
16:43:57.048 [FXGL Background Thread 3 ] DEBUG Engine               - profileName: StringProperty [value: DEFAULT]
16:43:57.048 [FXGL Background Thread 3 ] DEBUG Engine               - randomSeed: -1
16:43:57.048 [FXGL Background Thread 3 ] DEBUG Engine               - runtimeInfo: RuntimeInfo(platform=MAC, version=17.3, build=30.03.2023 11.49)
16:43:57.048 [FXGL Background Thread 3 ] DEBUG Engine               - saveFileExt: sav
16:43:57.048 [FXGL Background Thread 3 ] DEBUG Engine               - scaledHeightProp$fxgl: DoubleProperty [bound, value: 600.0]
16:43:57.048 [FXGL Background Thread 3 ] DEBUG Engine               - scaledWidthProp$fxgl: DoubleProperty [bound, value: 800.0]
16:43:57.048 [FXGL Background Thread 3 ] DEBUG Engine               - sceneFactory: com.almasb.fxgl.app.scene.SceneFactory@1d8c7aad
16:43:57.049 [FXGL Background Thread 3 ] DEBUG Engine               - secondsIn24h: 60
16:43:57.049 [FXGL Background Thread 3 ] DEBUG Engine               - soundMenuBack: menu/back.wav
16:43:57.049 [FXGL Background Thread 3 ] DEBUG Engine               - soundMenuPress: menu/press.wav
16:43:57.049 [FXGL Background Thread 3 ] DEBUG Engine               - soundMenuSelect: menu/select.wav
16:43:57.049 [FXGL Background Thread 3 ] DEBUG Engine               - soundNotification: core/notification.wav
16:43:57.049 [FXGL Background Thread 3 ] DEBUG Engine               - stageStyle: DECORATED
16:43:57.049 [FXGL Background Thread 3 ] DEBUG Engine               - supportedLanguages: [ENGLISH, FRENCH, GERMAN, HUNGARIAN, RUSSIAN]
16:43:57.049 [FXGL Background Thread 3 ] DEBUG Engine               - ticksPerSecond: -1
16:43:57.049 [FXGL Background Thread 3 ] DEBUG Engine               - title: Untitled
16:43:57.049 [FXGL Background Thread 3 ] DEBUG Engine               - urlGithub: https://github.com/AlmasB/FXGL
16:43:57.049 [FXGL Background Thread 3 ] DEBUG Engine               - urlLeaderboard: http://fxgl-top.herokuapp.com/
16:43:57.049 [FXGL Background Thread 3 ] DEBUG Engine               - urlPOM: https://raw.githubusercontent.com/AlmasB/FXGL/release/README.md
16:43:57.049 [FXGL Background Thread 3 ] DEBUG Engine               - userAppClass: class gameplay.Launch
16:43:57.049 [FXGL Background Thread 3 ] DEBUG Engine               - version: 0.1
16:43:57.049 [FXGL Background Thread 3 ] DEBUG Engine               - versionCheckDays: 7
16:43:57.050 [FXGL Background Thread 3 ] DEBUG Engine               - width: 800
16:43:57.050 [FXGL Background Thread 3 ] DEBUG Engine               - Logging services
16:43:57.050 [FXGL Background Thread 3 ] DEBUG Engine               - class com.almasb.fxgl.app.services.FXGLAssetLoaderService
16:43:57.050 [FXGL Background Thread 3 ] DEBUG Engine               - class com.almasb.fxgl.app.FXGLApplication$GameApplicationService
16:43:57.050 [FXGL Background Thread 3 ] DEBUG Engine               - class com.almasb.fxgl.app.services.FXGLDialogService
16:43:57.050 [FXGL Background Thread 3 ] DEBUG Engine               - class com.almasb.fxgl.app.services.IOTaskExecutorService
16:43:57.050 [FXGL Background Thread 3 ] DEBUG Engine               - class com.almasb.fxgl.io.FileSystemService
16:43:57.050 [FXGL Background Thread 3 ] DEBUG Engine               - class com.almasb.fxgl.localization.LocalizationService
16:43:57.050 [FXGL Background Thread 3 ] DEBUG Engine               - class com.almasb.fxgl.app.services.SystemBundleService
16:43:57.050 [FXGL Background Thread 3 ] DEBUG Engine               - class com.almasb.fxgl.profile.SaveLoadService
16:43:57.050 [FXGL Background Thread 3 ] DEBUG Engine               - class com.almasb.fxgl.ui.FXGLUIFactoryServiceProvider
16:43:57.050 [FXGL Background Thread 3 ] DEBUG Engine               - class com.almasb.fxgl.ui.FXGLDialogFactoryServiceProvider
16:43:57.050 [FXGL Background Thread 3 ] DEBUG Engine               - class com.almasb.fxgl.audio.AudioPlayer
16:43:57.050 [FXGL Background Thread 3 ] DEBUG Engine               - class com.almasb.fxgl.notification.impl.NotificationServiceProvider
16:43:57.050 [FXGL Background Thread 3 ] DEBUG Engine               - class com.almasb.fxgl.achievement.AchievementService
16:43:57.050 [FXGL Background Thread 3 ] DEBUG Engine               - class com.almasb.fxgl.cutscene.CutsceneService
16:43:57.050 [FXGL Background Thread 3 ] DEBUG Engine               - class com.almasb.fxgl.minigames.MiniGameService
16:43:57.050 [FXGL Background Thread 3 ] DEBUG Engine               - class com.almasb.fxgl.net.NetService
16:43:57.050 [FXGL Background Thread 3 ] DEBUG Engine               - class com.almasb.fxgl.app.services.UpdaterService
16:43:57.051 [FXGL Background Thread 3 ] DEBUG Engine               - class com.almasb.fxgl.dev.DevService
16:44:01.470 [JavaFX Application Thread] DEBUG FXGLApplication      - Exiting FXGL
16:44:01.470 [JavaFX Application Thread] DEBUG LoopRunner           - Stopping loop
16:44:01.471 [JavaFX Application Thread] DEBUG SystemBundleService  - Saving FXGL system data
16:44:01.475 [JavaFX Application Thread] DEBUG FileSystemAccess     - Writing to: /Users/huyle/Downloads/demo-main/system/fxgl.bundle
16:44:01.480 [JavaFX Application Thread] DEBUG Async                - Shutting down background threads
16:44:01.480 [JavaFX Application Thread] DEBUG PrimaryStageWindow   - Closing main window
16:44:01.491 [JavaFX Application Thread] DEBUG Logger               - Closing Logger
