23:29:15.697 [main                     ] DEBUG Logger               - Configured Logger
23:29:15.704 [main                     ] DEBUG GameApplication      - Logging settings
Title: Akanov-an225
Version: 0.2
Width: 960
Height: 720
Fullscreen: false
Intro: false
Profiling: false
Single step:false
App Mode: DEVELOPER
Menu Key: ESCAPE
Stage Style: DECORATED
Scene Factory: class view.GeneralInit$1

23:29:15.974 [JavaFX Application Thread] DEBUG FXGLApplication      - Initializing FXGL
23:29:15.978 [JavaFX Application Thread] INFO  Engine               - FXGL-17.3 (30.03.2023 11.49) on WINDOWS (J:24.0.2 FX:21.0.6)
23:29:15.978 [JavaFX Application Thread] DEBUG Engine               - JRE Vendor Name: Oracle Corporation
23:29:15.978 [JavaFX Application Thread] DEBUG Engine               - Running on OS: Windows 11 version 10.0
23:29:15.978 [JavaFX Application Thread] DEBUG Engine               - Architecture: amd64
23:29:15.978 [JavaFX Application Thread] INFO  Engine               - Source code and latest versions at: https://github.com/AlmasB/FXGL
23:29:15.979 [JavaFX Application Thread] INFO  Engine               -       Ask questions and discuss at: https://github.com/AlmasB/FXGL/discussions
23:29:15.979 [JavaFX Application Thread] INFO  Engine               -              Join the FXGL chat at: https://gitter.im/AlmasB/FXGL
23:29:16.055 [JavaFX Application Thread] DEBUG PrimaryStageWindow   - Creating a JavaFX scene
23:29:16.104 [JavaFX Application Thread] DEBUG PrimaryStageWindow   - Target settings size: 960.0 x 720.0
23:29:16.104 [JavaFX Application Thread] DEBUG PrimaryStageWindow   - Scaled scene size:    960.0 x 720.0
23:29:16.104 [JavaFX Application Thread] DEBUG PrimaryStageWindow   - Scaled ratio: (1.0, 1.0)
23:29:16.105 [JavaFX Application Thread] DEBUG PrimaryStageWindow   - Set initial scene to FXGLStartupScene
23:29:16.109 [JavaFX Application Thread] DEBUG PrimaryStageWindow   - Opening main window
23:29:16.182 [JavaFX Application Thread] DEBUG PrimaryStageWindow   - Window border size: (14.66668701171875, 37.33331298828125)
23:29:16.182 [JavaFX Application Thread] DEBUG PrimaryStageWindow   - Scaled size: 960.0 x 720.0
23:29:16.182 [JavaFX Application Thread] DEBUG PrimaryStageWindow   - Scaled ratio: (1.0, 1.0)
23:29:16.183 [JavaFX Application Thread] DEBUG PrimaryStageWindow   - Scene size: 960.0 x 720.0
23:29:16.183 [JavaFX Application Thread] DEBUG PrimaryStageWindow   - Stage size: 974.6666870117188 x 757.3333129882812
23:29:16.188 [FXGL Background Thread 1 ] DEBUG Engine               - Initializing environment variables
23:29:16.252 [FXGL Background Thread 1 ] DEBUG FXGLAssetLoaderServi - User app class for loading assets: class view.Launch
23:29:16.252 [FXGL Background Thread 1 ] DEBUG GameApplicationServi - Applying CSS: fxgl_dark.css
23:29:16.252 [FXGL Background Thread 1 ] DEBUG FXGLAssetLoaderServi - Loading from file system: jar:file:///C:/Users/DELL/.m2/repository/com/github/almasb/fxgl/17.3/fxgl-17.3.jar!/fxglassets/ui/css/fxgl_dark.css
23:29:16.292 [FXGL Background Thread 1 ] DEBUG GameApplicationServi - Initializing application scenes
23:29:16.328 [FXGL Background Thread 1 ] DEBUG GameWorld            - Game world initialized
23:29:16.384 [FXGL Background Thread 1 ] DEBUG PhysicsWorld         - Physics world initialized: appHeight=720, physics.ppm=50.0
23:29:16.384 [FXGL Background Thread 1 ] DEBUG PhysicsWorld         - Using strategy: BRUTE_FORCE
23:29:16.386 [FXGL Background Thread 1 ] DEBUG GameScene            - Game scene initialized: 960x720
23:29:16.437 [FXGL Background Thread 1 ] DEBUG GameApplicationServi - Application scenes initialized
23:29:16.444 [FXGL Background Thread 1 ] DEBUG SystemBundleService  - Loading FXGL system data
23:29:16.447 [FXGL Background Thread 1 ] DEBUG FileSystemAccess     - Reading from: D:\akanov-an225\system\fxgl.bundle
23:29:16.452 [FXGL Background Thread 1 ] DEBUG SystemBundleService  - Bundle FXGL: {}
23:29:16.452 [FXGL Background Thread 1 ] DEBUG UpdaterService       - Checking for updates
23:29:16.456 [FXGL Background Thread 4 ] DEBUG FXGLApplication      - Loading fonts
23:29:16.456 [FXGL Background Thread 4 ] DEBUG FXGLAssetLoaderServi - Loading from file system: jar:file:///C:/Users/DELL/.m2/repository/com/github/almasb/fxgl/17.3/fxgl-17.3.jar!/fxglassets/ui/fonts/VarelaRound-Regular.ttf
23:29:16.456 [FXGL Background Thread 1 ] DEBUG FXGLApplication      - Loading default localization
23:29:16.456 [FXGL Background Thread 1 ] DEBUG FXGLAssetLoaderServi - Loading from file system: jar:file:///C:/Users/DELL/.m2/repository/com/github/almasb/fxgl/17.3/fxgl-17.3.jar!/fxglassets/languages/english.lang
23:29:16.472 [FXGL Background Thread 1 ] INFO  FXGLApplication      - FXGL initialization took: 0.283 sec
23:29:16.481 [JavaFX Application Thread] DEBUG Input                - Registered new binding: action0 - Right
23:29:16.481 [JavaFX Application Thread] DEBUG Input                - Registered new binding: action1 - Left
23:29:16.482 [JavaFX Application Thread] DEBUG Input                - Registered new binding: action2 - D
23:29:16.482 [JavaFX Application Thread] DEBUG Input                - Registered new binding: action3 - R
23:29:16.482 [JavaFX Application Thread] DEBUG FXGLAssetLoaderServi - Loading from file system: jar:file:///C:/Users/DELL/.m2/repository/com/github/almasb/fxgl/17.3/fxgl-17.3.jar!/fxglassets/textures/fxgl_icon.png
23:29:16.495 [FXGL Background Thread 4 ] DEBUG FXGLAssetLoaderServi - Loading from file system: jar:file:///C:/Users/DELL/.m2/repository/com/github/almasb/fxgl/17.3/fxgl-17.3.jar!/fxglassets/ui/fonts/Abel-Regular.ttf
23:29:16.498 [FXGL Background Thread 4 ] DEBUG FXGLAssetLoaderServi - Loading from file system: jar:file:///C:/Users/DELL/.m2/repository/com/github/almasb/fxgl/17.3/fxgl-17.3.jar!/fxglassets/ui/fonts/TerminalLandMono-Regular.otf
23:29:16.502 [FXGL Background Thread 4 ] DEBUG FXGLAssetLoaderServi - Loading from file system: jar:file:///C:/Users/DELL/.m2/repository/com/github/almasb/fxgl/17.3/fxgl-17.3.jar!/fxglassets/ui/fonts/Courier-Prime.ttf
23:29:16.511 [JavaFX Application Thread] DEBUG FXGLAssetLoaderServi - Loading from file system: jar:file:///C:/Users/DELL/.m2/repository/com/github/almasb/fxgl/17.3/fxgl-17.3.jar!/fxglassets/textures/fxgl_default_cursor.png
23:29:16.513 [JavaFX Application Thread] DEBUG Input                - Registered new binding: Screenshot - CTRL+8
23:29:16.514 [JavaFX Application Thread] DEBUG Input                - Registered new binding: System info dump - CTRL+9
23:29:16.514 [JavaFX Application Thread] DEBUG Input                - Registered new binding: Restart - CTRL+R
23:29:16.514 [JavaFX Application Thread] DEBUG Input                - Registered new binding: Toggle Debug Camera - CTRL+7
23:29:16.517 [JavaFX Application Thread] DEBUG LoopRunner           - Starting loop
23:29:16.517 [JavaFX Application Thread] DEBUG LoopRunner           - Initializing JavaFX AnimationTimerLoop
23:29:16.519 [JavaFX Application Thread] DEBUG Input                - Clearing active input actions
23:29:16.525 [JavaFX Application Thread] DEBUG GameApplicationServi - Removing overlay from FXGLStartupScene and adding to FXGLMainMenuDummyScene
23:29:16.525 [JavaFX Application Thread] DEBUG PrimaryStageWindow   - FXGLStartupScene -> FXGLMainMenuDummyScene
23:29:16.525 [JavaFX Application Thread] DEBUG PrimaryStageWindow   - Push state: MainMenu
23:29:16.527 [JavaFX Application Thread] DEBUG Input                - Clearing active input actions
23:29:16.529 [JavaFX Application Thread] DEBUG GameApplicationServi - Removing overlay from FXGLMainMenuDummyScene and adding to MainMenu
23:29:16.530 [JavaFX Application Thread] DEBUG PrimaryStageWindow   - FXGLMainMenuDummyScene -> MainMenu
23:29:16.533 [JavaFX Application Thread] DEBUG FXGLApplication      - Registering font factories with UI factory
23:29:17.069 [JavaFX Application Thread] DEBUG Menu                 - fireNewGame()
23:29:17.070 [JavaFX Application Thread] DEBUG GameApplicationServi - Starting new game
23:29:17.070 [JavaFX Application Thread] DEBUG PrimaryStageWindow   - Pop state: MainMenu
23:29:17.070 [JavaFX Application Thread] DEBUG Input                - Clearing active input actions
23:29:17.070 [JavaFX Application Thread] DEBUG GameApplicationServi - Removing overlay from MainMenu and adding to FXGLMainMenuDummyScene
23:29:17.071 [JavaFX Application Thread] DEBUG PrimaryStageWindow   - FXGLMainMenuDummyScene <- MainMenu
23:29:17.071 [JavaFX Application Thread] DEBUG Input                - Clearing active input actions
23:29:17.076 [JavaFX Application Thread] DEBUG GameApplicationServi - Removing overlay from FXGLMainMenuDummyScene and adding to FXGLLoadingScene
23:29:17.078 [JavaFX Application Thread] DEBUG PrimaryStageWindow   - FXGLMainMenuDummyScene -> FXGLLoadingScene
23:29:17.078 [JavaFX Application Thread] DEBUG GameApplicationServi - Clearing previous game
23:29:17.078 [JavaFX Application Thread] DEBUG GameScene            - Clearing game scene
23:29:17.078 [JavaFX Application Thread] DEBUG GameWorld            - Clearing game world
23:29:17.078 [JavaFX Application Thread] DEBUG PhysicsWorld         - Clearing physics world
23:29:17.079 [FXGL Background Thread 4 ] DEBUG FXGLApplication      - Initializing game
23:29:17.130 [FXGL Background Thread 4 ] WARN  Entity               - Entity already has component: com.almasb.fxgl.entity.components.BoundingBoxComponent
23:29:17.139 [FXGL Background Thread 4 ] WARN  Entity               - Entity already has component: com.almasb.fxgl.entity.components.BoundingBoxComponent
23:29:17.162 [FXGL Background Thread 4 ] INFO  FXGLApplication      - Game initialization took: 0.084 sec
23:29:17.162 [JavaFX Application Thread] DEBUG Input                - Clearing active input actions
23:29:17.169 [JavaFX Application Thread] DEBUG GameApplicationServi - Removing overlay from FXGLLoadingScene and adding to GameScene
23:29:17.169 [JavaFX Application Thread] DEBUG PrimaryStageWindow   - FXGLLoadingScene -> GameScene
23:29:19.455 [FXGL Background Thread 3 ] DEBUG Engine               - Logging environment variables
23:29:19.456 [FXGL Background Thread 3 ] DEBUG Engine               - achievements: []
23:29:19.456 [FXGL Background Thread 3 ] DEBUG Engine               - actualHeight: 720.0
23:29:19.456 [FXGL Background Thread 3 ] DEBUG Engine               - actualHeightProperty: ReadOnlyDoubleProperty [value: 720.0]
23:29:19.456 [FXGL Background Thread 3 ] DEBUG Engine               - actualWidth: 960.0
23:29:19.456 [FXGL Background Thread 3 ] DEBUG Engine               - actualWidthProperty: ReadOnlyDoubleProperty [value: 960.0]
23:29:19.456 [FXGL Background Thread 3 ] DEBUG Engine               - appIcon: fxgl_icon.png
23:29:19.457 [FXGL Background Thread 3 ] DEBUG Engine               - applicationMode: DEVELOPER
23:29:19.457 [FXGL Background Thread 3 ] DEBUG Engine               - cSSList: [fxgl_dark.css]
23:29:19.457 [FXGL Background Thread 3 ] DEBUG Engine               - collisionDetectionStrategy: BRUTE_FORCE
23:29:19.457 [FXGL Background Thread 3 ] DEBUG Engine               - configClass: Optional.empty
23:29:19.457 [FXGL Background Thread 3 ] DEBUG Engine               - credits: []
23:29:19.460 [FXGL Background Thread 3 ] DEBUG Engine               - defaultCursor: CursorInfo(imageName=fxgl_default_cursor.png, hotspotX=7.0, hotspotY=6.0)
23:29:19.462 [FXGL Background Thread 3 ] DEBUG Engine               - devBBoxColorProperty: ObjectProperty [value: 0xff0000ff]
23:29:19.462 [FXGL Background Thread 3 ] DEBUG Engine               - devEnableDebugCameraProperty: BooleanProperty [value: false]
23:29:19.462 [FXGL Background Thread 3 ] DEBUG Engine               - devSensorColorProperty: ObjectProperty [value: 0xffff00ff]
23:29:19.462 [FXGL Background Thread 3 ] DEBUG Engine               - devShowBBoxProperty: BooleanProperty [value: false]
23:29:19.462 [FXGL Background Thread 3 ] DEBUG Engine               - devShowPositionProperty: BooleanProperty [value: false]
23:29:19.462 [FXGL Background Thread 3 ] DEBUG Engine               - enabledMenuItems: []
23:29:19.462 [FXGL Background Thread 3 ] DEBUG Engine               - engineServices: [class com.almasb.fxgl.app.services.FXGLAssetLoaderService, class com.almasb.fxgl.app.FXGLApplication$GameApplicationService, class com.almasb.fxgl.app.services.FXGLDialogService, class com.almasb.fxgl.app.services.IOTaskExecutorService, class com.almasb.fxgl.io.FileSystemService, class com.almasb.fxgl.localization.LocalizationService, class com.almasb.fxgl.app.services.SystemBundleService, class com.almasb.fxgl.profile.SaveLoadService, class com.almasb.fxgl.ui.FXGLUIFactoryServiceProvider, class com.almasb.fxgl.ui.FXGLDialogFactoryServiceProvider, class com.almasb.fxgl.audio.AudioPlayer, class com.almasb.fxgl.notification.impl.NotificationServiceProvider, class com.almasb.fxgl.achievement.AchievementService, class com.almasb.fxgl.cutscene.CutsceneService, class com.almasb.fxgl.minigames.MiniGameService, class com.almasb.fxgl.net.NetService, class com.almasb.fxgl.app.services.UpdaterService, class com.almasb.fxgl.dev.DevService]
23:29:19.462 [FXGL Background Thread 3 ] DEBUG Engine               - fontGame: Abel-Regular.ttf
23:29:19.462 [FXGL Background Thread 3 ] DEBUG Engine               - fontMono: TerminalLandMono-Regular.otf
23:29:19.462 [FXGL Background Thread 3 ] DEBUG Engine               - fontSizeScaleUI: 1.0
23:29:19.462 [FXGL Background Thread 3 ] DEBUG Engine               - fontText: Courier-Prime.ttf
23:29:19.462 [FXGL Background Thread 3 ] DEBUG Engine               - fontUI: VarelaRound-Regular.ttf
23:29:19.462 [FXGL Background Thread 3 ] DEBUG Engine               - fullScreen: BooleanProperty [value: false]
23:29:19.463 [FXGL Background Thread 3 ] DEBUG Engine               - gameDifficulty: MEDIUM
23:29:19.463 [FXGL Background Thread 3 ] DEBUG Engine               - gameDifficultyProperty: ObjectProperty [value: MEDIUM]
23:29:19.463 [FXGL Background Thread 3 ] DEBUG Engine               - globalMusicVolume: 0.5
23:29:19.463 [FXGL Background Thread 3 ] DEBUG Engine               - globalMusicVolumeProperty: DoubleProperty [value: 0.5]
23:29:19.463 [FXGL Background Thread 3 ] DEBUG Engine               - globalSoundVolume: 0.5
23:29:19.463 [FXGL Background Thread 3 ] DEBUG Engine               - globalSoundVolumeProperty: DoubleProperty [value: 0.5]
23:29:19.463 [FXGL Background Thread 3 ] DEBUG Engine               - height: 720
23:29:19.463 [FXGL Background Thread 3 ] DEBUG Engine               - is3D: false
23:29:19.463 [FXGL Background Thread 3 ] DEBUG Engine               - isAndroid: false
23:29:19.463 [FXGL Background Thread 3 ] DEBUG Engine               - isBrowser: false
23:29:19.463 [FXGL Background Thread 3 ] DEBUG Engine               - isClickFeedbackEnabled: false
23:29:19.463 [FXGL Background Thread 3 ] DEBUG Engine               - isCloseConfirmation: false
23:29:19.463 [FXGL Background Thread 3 ] DEBUG Engine               - isDesktop: true
23:29:19.463 [FXGL Background Thread 3 ] DEBUG Engine               - isDeveloperMenuEnabled: false
23:29:19.463 [FXGL Background Thread 3 ] DEBUG Engine               - isEmbedded: false
23:29:19.464 [FXGL Background Thread 3 ] DEBUG Engine               - isEntityPreloadEnabled: true
23:29:19.464 [FXGL Background Thread 3 ] DEBUG Engine               - isExperimentalTiledLargeMap: false
23:29:19.464 [FXGL Background Thread 3 ] DEBUG Engine               - isFileSystemWriteAllowed: true
23:29:19.464 [FXGL Background Thread 3 ] DEBUG Engine               - isFullScreenAllowed: false
23:29:19.464 [FXGL Background Thread 3 ] DEBUG Engine               - isFullScreenFromStart: false
23:29:19.464 [FXGL Background Thread 3 ] DEBUG Engine               - isGameMenuEnabled: true
23:29:19.464 [FXGL Background Thread 3 ] DEBUG Engine               - isIOS: false
23:29:19.464 [FXGL Background Thread 3 ] DEBUG Engine               - isIntroEnabled: false
23:29:19.464 [FXGL Background Thread 3 ] DEBUG Engine               - isLinux: false
23:29:19.464 [FXGL Background Thread 3 ] DEBUG Engine               - isMac: false
23:29:19.464 [FXGL Background Thread 3 ] DEBUG Engine               - isMainMenuEnabled: true
23:29:19.464 [FXGL Background Thread 3 ] DEBUG Engine               - isManualResizeEnabled: false
23:29:19.464 [FXGL Background Thread 3 ] DEBUG Engine               - isMobile: false
23:29:19.464 [FXGL Background Thread 3 ] DEBUG Engine               - isNative: false
23:29:19.464 [FXGL Background Thread 3 ] DEBUG Engine               - isPauseMusicWhenMinimized: true
23:29:19.464 [FXGL Background Thread 3 ] DEBUG Engine               - isPreserveResizeRatio: false
23:29:19.464 [FXGL Background Thread 3 ] DEBUG Engine               - isProfilingEnabled: false
23:29:19.464 [FXGL Background Thread 3 ] DEBUG Engine               - isScaleAffectedOnResize: true
23:29:19.464 [FXGL Background Thread 3 ] DEBUG Engine               - isSingleStep: false
23:29:19.464 [FXGL Background Thread 3 ] DEBUG Engine               - isUserProfileEnabled: false
23:29:19.465 [FXGL Background Thread 3 ] DEBUG Engine               - isWindows: true
23:29:19.465 [FXGL Background Thread 3 ] DEBUG Engine               - language: ObjectProperty [value: ENGLISH]
23:29:19.465 [FXGL Background Thread 3 ] DEBUG Engine               - menuKey: ESCAPE
23:29:19.465 [FXGL Background Thread 3 ] DEBUG Engine               - mouseSensitivity: 0.2
23:29:19.465 [FXGL Background Thread 3 ] DEBUG Engine               - notificationViewClass: class com.almasb.fxgl.notification.view.XboxNotificationView
23:29:19.465 [FXGL Background Thread 3 ] DEBUG Engine               - pixelsPerMeter: 50.0
23:29:19.465 [FXGL Background Thread 3 ] DEBUG Engine               - platform: WINDOWS
23:29:19.465 [FXGL Background Thread 3 ] DEBUG Engine               - prefHeightProperty: ReadOnlyDoubleProperty [value: 720.0]
23:29:19.465 [FXGL Background Thread 3 ] DEBUG Engine               - prefWidthProperty: ReadOnlyDoubleProperty [value: 960.0]
23:29:19.465 [FXGL Background Thread 3 ] DEBUG Engine               - profileDir: profiles/
23:29:19.465 [FXGL Background Thread 3 ] DEBUG Engine               - profileName: StringProperty [value: DEFAULT]
23:29:19.465 [FXGL Background Thread 3 ] DEBUG Engine               - randomSeed: -1
23:29:19.465 [FXGL Background Thread 3 ] DEBUG Engine               - runtimeInfo: RuntimeInfo(platform=WINDOWS, version=17.3, build=30.03.2023 11.49)
23:29:19.465 [FXGL Background Thread 3 ] DEBUG Engine               - saveFileExt: sav
23:29:19.465 [FXGL Background Thread 3 ] DEBUG Engine               - scaledHeightProp$fxgl: DoubleProperty [bound, value: 720.0]
23:29:19.465 [FXGL Background Thread 3 ] DEBUG Engine               - scaledWidthProp$fxgl: DoubleProperty [bound, value: 960.0]
23:29:19.465 [FXGL Background Thread 3 ] DEBUG Engine               - sceneFactory: view.GeneralInit$1@1b5d1146
23:29:19.465 [FXGL Background Thread 3 ] DEBUG Engine               - secondsIn24h: 60
23:29:19.465 [FXGL Background Thread 3 ] DEBUG Engine               - soundMenuBack: menu/back.wav
23:29:19.465 [FXGL Background Thread 3 ] DEBUG Engine               - soundMenuPress: menu/press.wav
23:29:19.465 [FXGL Background Thread 3 ] DEBUG Engine               - soundMenuSelect: menu/select.wav
23:29:19.465 [FXGL Background Thread 3 ] DEBUG Engine               - soundNotification: core/notification.wav
23:29:19.465 [FXGL Background Thread 3 ] DEBUG Engine               - stageStyle: DECORATED
23:29:19.465 [FXGL Background Thread 3 ] DEBUG Engine               - supportedLanguages: [ENGLISH, FRENCH, GERMAN, HUNGARIAN, RUSSIAN]
23:29:19.466 [FXGL Background Thread 3 ] DEBUG Engine               - ticksPerSecond: -1
23:29:19.466 [FXGL Background Thread 3 ] DEBUG Engine               - title: Akanov-an225
23:29:19.466 [FXGL Background Thread 3 ] DEBUG Engine               - urlGithub: https://github.com/AlmasB/FXGL
23:29:19.466 [FXGL Background Thread 3 ] DEBUG Engine               - urlLeaderboard: http://fxgl-top.herokuapp.com/
23:29:19.466 [FXGL Background Thread 3 ] DEBUG Engine               - urlPOM: https://raw.githubusercontent.com/AlmasB/FXGL/release/README.md
23:29:19.466 [FXGL Background Thread 3 ] DEBUG Engine               - userAppClass: class view.Launch
23:29:19.466 [FXGL Background Thread 3 ] DEBUG Engine               - version: 0.2
23:29:19.466 [FXGL Background Thread 3 ] DEBUG Engine               - versionCheckDays: 7
23:29:19.466 [FXGL Background Thread 3 ] DEBUG Engine               - width: 960
23:29:19.466 [FXGL Background Thread 3 ] DEBUG Engine               - Logging services
23:29:19.466 [FXGL Background Thread 3 ] DEBUG Engine               - class com.almasb.fxgl.app.services.FXGLAssetLoaderService
23:29:19.466 [FXGL Background Thread 3 ] DEBUG Engine               - class com.almasb.fxgl.app.FXGLApplication$GameApplicationService
23:29:19.466 [FXGL Background Thread 3 ] DEBUG Engine               - class com.almasb.fxgl.app.services.FXGLDialogService
23:29:19.466 [FXGL Background Thread 3 ] DEBUG Engine               - class com.almasb.fxgl.app.services.IOTaskExecutorService
23:29:19.466 [FXGL Background Thread 3 ] DEBUG Engine               - class com.almasb.fxgl.io.FileSystemService
23:29:19.466 [FXGL Background Thread 3 ] DEBUG Engine               - class com.almasb.fxgl.localization.LocalizationService
23:29:19.466 [FXGL Background Thread 3 ] DEBUG Engine               - class com.almasb.fxgl.app.services.SystemBundleService
23:29:19.466 [FXGL Background Thread 3 ] DEBUG Engine               - class com.almasb.fxgl.profile.SaveLoadService
23:29:19.466 [FXGL Background Thread 3 ] DEBUG Engine               - class com.almasb.fxgl.ui.FXGLUIFactoryServiceProvider
23:29:19.466 [FXGL Background Thread 3 ] DEBUG Engine               - class com.almasb.fxgl.ui.FXGLDialogFactoryServiceProvider
23:29:19.466 [FXGL Background Thread 3 ] DEBUG Engine               - class com.almasb.fxgl.audio.AudioPlayer
23:29:19.466 [FXGL Background Thread 3 ] DEBUG Engine               - class com.almasb.fxgl.notification.impl.NotificationServiceProvider
23:29:19.466 [FXGL Background Thread 3 ] DEBUG Engine               - class com.almasb.fxgl.achievement.AchievementService
23:29:19.466 [FXGL Background Thread 3 ] DEBUG Engine               - class com.almasb.fxgl.cutscene.CutsceneService
23:29:19.466 [FXGL Background Thread 3 ] DEBUG Engine               - class com.almasb.fxgl.minigames.MiniGameService
23:29:19.466 [FXGL Background Thread 3 ] DEBUG Engine               - class com.almasb.fxgl.net.NetService
23:29:19.466 [FXGL Background Thread 3 ] DEBUG Engine               - class com.almasb.fxgl.app.services.UpdaterService
23:29:19.466 [FXGL Background Thread 3 ] DEBUG Engine               - class com.almasb.fxgl.dev.DevService
23:29:23.681 [JavaFX Application Thread] WARN  Entity               - Entity already has component: com.almasb.fxgl.entity.components.BoundingBoxComponent
23:29:23.681 [JavaFX Application Thread] WARN  Entity               - Entity already has component: com.almasb.fxgl.entity.components.BoundingBoxComponent
23:29:30.312 [JavaFX Application Thread] WARN  Entity               - Entity already has component: com.almasb.fxgl.entity.components.BoundingBoxComponent
23:29:31.585 [JavaFX Application Thread] DEBUG PrimaryStageWindow   - Push state: PauseMenu
23:29:31.609 [JavaFX Application Thread] DEBUG Input                - Clearing active input actions
23:29:31.610 [JavaFX Application Thread] DEBUG GameApplicationServi - Removing overlay from GameScene and adding to PauseMenu
23:29:31.610 [JavaFX Application Thread] DEBUG PrimaryStageWindow   - GameScene -> PauseMenu
23:29:32.231 [JavaFX Application Thread] DEBUG PrimaryStageWindow   - Pop state: PauseMenu
23:29:32.231 [JavaFX Application Thread] DEBUG Input                - Clearing active input actions
23:29:32.231 [JavaFX Application Thread] DEBUG GameApplicationServi - Removing overlay from PauseMenu and adding to GameScene
23:29:32.231 [JavaFX Application Thread] DEBUG PrimaryStageWindow   - GameScene <- PauseMenu
23:29:32.628 [JavaFX Application Thread] DEBUG PrimaryStageWindow   - Push state: PauseMenu
23:29:32.647 [JavaFX Application Thread] DEBUG Input                - Clearing active input actions
23:29:32.647 [JavaFX Application Thread] DEBUG GameApplicationServi - Removing overlay from GameScene and adding to PauseMenu
23:29:32.647 [JavaFX Application Thread] DEBUG PrimaryStageWindow   - GameScene -> PauseMenu
23:29:33.569 [JavaFX Application Thread] DEBUG Menu                 - fireExitToMainMenu()
23:29:33.581 [JavaFX Application Thread] DEBUG PrimaryStageWindow   - Push state: DialogSubScene
23:29:33.581 [JavaFX Application Thread] DEBUG Input                - Clearing active input actions
23:29:33.583 [JavaFX Application Thread] DEBUG GameApplicationServi - Removing overlay from PauseMenu and adding to DialogSubScene
23:29:33.583 [JavaFX Application Thread] DEBUG PrimaryStageWindow   - PauseMenu -> DialogSubScene
23:29:35.004 [JavaFX Application Thread] DEBUG PrimaryStageWindow   - Pop state: DialogSubScene
23:29:35.004 [JavaFX Application Thread] DEBUG Input                - Clearing active input actions
23:29:35.004 [JavaFX Application Thread] DEBUG GameApplicationServi - Removing overlay from DialogSubScene and adding to PauseMenu
23:29:35.004 [JavaFX Application Thread] DEBUG PrimaryStageWindow   - PauseMenu <- DialogSubScene
23:29:35.005 [JavaFX Application Thread] DEBUG PrimaryStageWindow   - Pop state: PauseMenu
23:29:35.005 [JavaFX Application Thread] DEBUG Input                - Clearing active input actions
23:29:35.005 [JavaFX Application Thread] DEBUG GameApplicationServi - Removing overlay from PauseMenu and adding to GameScene
23:29:35.005 [JavaFX Application Thread] DEBUG PrimaryStageWindow   - GameScene <- PauseMenu
23:29:35.005 [JavaFX Application Thread] DEBUG Input                - Clearing active input actions
23:29:35.011 [JavaFX Application Thread] DEBUG GameApplicationServi - Removing overlay from GameScene and adding to FXGLMainMenuDummyScene
23:29:35.011 [JavaFX Application Thread] DEBUG PrimaryStageWindow   - GameScene -> FXGLMainMenuDummyScene
23:29:35.011 [JavaFX Application Thread] DEBUG PrimaryStageWindow   - Push state: MainMenu
23:29:35.011 [JavaFX Application Thread] DEBUG Input                - Clearing active input actions
23:29:35.011 [JavaFX Application Thread] DEBUG GameApplicationServi - Removing overlay from FXGLMainMenuDummyScene and adding to MainMenu
23:29:35.011 [JavaFX Application Thread] DEBUG PrimaryStageWindow   - FXGLMainMenuDummyScene -> MainMenu
23:29:36.180 [JavaFX Application Thread] DEBUG FXGLApplication      - Exiting FXGL
23:29:36.180 [JavaFX Application Thread] DEBUG LoopRunner           - Stopping loop
23:29:36.180 [JavaFX Application Thread] DEBUG SystemBundleService  - Saving FXGL system data
23:29:36.183 [JavaFX Application Thread] DEBUG FileSystemAccess     - Writing to: D:\akanov-an225\system\fxgl.bundle
23:29:36.185 [JavaFX Application Thread] DEBUG Async                - Shutting down background threads
23:29:36.186 [JavaFX Application Thread] DEBUG PrimaryStageWindow   - Closing main window
23:29:36.200 [JavaFX Application Thread] DEBUG Logger               - Closing Logger
