13:46:04.593 [main                     ] DEBUG Logger               - Configured Logger
13:46:04.599 [main                     ] DEBUG GameApplication      - Logging settings
Title: Akanov-an225
Version: 0.1
Width: 800
Height: 600
Fullscreen: false
Intro: false
Profiling: false
Single step:false
App Mode: DEVELOPER
Menu Key: ESCAPE
Stage Style: DECORATED
Scene Factory: class com.almasb.fxgl.app.scene.SceneFactory

13:46:04.880 [JavaFX Application Thread] DEBUG FXGLApplication      - Initializing FXGL
13:46:04.884 [JavaFX Application Thread] INFO  Engine               - FXGL-17.3 (30.03.2023 11.49) on WINDOWS (J:24.0.2 FX:21.0.6)
13:46:04.884 [JavaFX Application Thread] DEBUG Engine               - JRE Vendor Name: Oracle Corporation
13:46:04.884 [JavaFX Application Thread] DEBUG Engine               - Running on OS: Windows 11 version 10.0
13:46:04.884 [JavaFX Application Thread] DEBUG Engine               - Architecture: amd64
13:46:04.884 [JavaFX Application Thread] INFO  Engine               - Source code and latest versions at: https://github.com/AlmasB/FXGL
13:46:04.884 [JavaFX Application Thread] INFO  Engine               -       Ask questions and discuss at: https://github.com/AlmasB/FXGL/discussions
13:46:04.884 [JavaFX Application Thread] INFO  Engine               -              Join the FXGL chat at: https://gitter.im/AlmasB/FXGL
13:46:04.967 [JavaFX Application Thread] DEBUG PrimaryStageWindow   - Creating a JavaFX scene
13:46:05.009 [JavaFX Application Thread] DEBUG PrimaryStageWindow   - Target settings size: 800.0 x 600.0
13:46:05.009 [JavaFX Application Thread] DEBUG PrimaryStageWindow   - Scaled scene size:    800.0 x 600.0
13:46:05.009 [JavaFX Application Thread] DEBUG PrimaryStageWindow   - Scaled ratio: (1.0, 1.0)
13:46:05.010 [JavaFX Application Thread] DEBUG PrimaryStageWindow   - Set initial scene to FXGLStartupScene
13:46:05.012 [JavaFX Application Thread] DEBUG PrimaryStageWindow   - Opening main window
13:46:05.081 [JavaFX Application Thread] DEBUG PrimaryStageWindow   - Window border size: (14.66668701171875, 37.33331298828125)
13:46:05.081 [JavaFX Application Thread] DEBUG PrimaryStageWindow   - Scaled size: 800.0 x 600.0
13:46:05.081 [JavaFX Application Thread] DEBUG PrimaryStageWindow   - Scaled ratio: (1.0, 1.0)
13:46:05.081 [JavaFX Application Thread] DEBUG PrimaryStageWindow   - Scene size: 800.0 x 600.0
13:46:05.081 [JavaFX Application Thread] DEBUG PrimaryStageWindow   - Stage size: 814.6666870117188 x 637.3333129882812
13:46:05.086 [FXGL Background Thread 1 ] DEBUG Engine               - Initializing environment variables
13:46:05.155 [FXGL Background Thread 1 ] DEBUG FXGLAssetLoaderServi - User app class for loading assets: class view.Launch
13:46:05.155 [FXGL Background Thread 1 ] DEBUG GameApplicationServi - Applying CSS: fxgl_dark.css
13:46:05.156 [FXGL Background Thread 1 ] DEBUG FXGLAssetLoaderServi - Loading from file system: jar:file:///C:/Users/DELL/.m2/repository/com/github/almasb/fxgl/17.3/fxgl-17.3.jar!/fxglassets/ui/css/fxgl_dark.css
13:46:05.195 [FXGL Background Thread 1 ] DEBUG GameApplicationServi - Initializing application scenes
13:46:05.227 [FXGL Background Thread 1 ] DEBUG GameWorld            - Game world initialized
13:46:05.287 [FXGL Background Thread 1 ] DEBUG PhysicsWorld         - Physics world initialized: appHeight=600, physics.ppm=50.0
13:46:05.288 [FXGL Background Thread 1 ] DEBUG PhysicsWorld         - Using strategy: BRUTE_FORCE
13:46:05.291 [FXGL Background Thread 1 ] DEBUG GameScene            - Game scene initialized: 800x600
13:46:05.302 [FXGL Background Thread 1 ] DEBUG FXGL.DefaultMenu     - createMenuBodyGameMenu()
13:46:05.314 [FXGL Background Thread 1 ] DEBUG FXGL.DefaultMenu     - createOptionsMenu()
13:46:05.321 [FXGL Background Thread 1 ] DEBUG FXGLAssetLoaderServi - Loading from file system: jar:file:///C:/Users/DELL/.m2/repository/com/github/almasb/fxgl/17.3/fxgl-17.3.jar!/fxglassets/textures/particles/smoke.png
13:46:05.404 [FXGL Background Thread 1 ] DEBUG FXGLAssetLoaderServi - Loading from file system: jar:file:///C:/Users/DELL/.m2/repository/com/github/almasb/fxgl/17.3/fxgl-17.3.jar!/fxglassets/textures/particles/trace_horizontal.png
13:46:05.433 [FXGL Background Thread 1 ] DEBUG GameApplicationServi - Application scenes initialized
13:46:05.443 [FXGL Background Thread 1 ] DEBUG SystemBundleService  - Loading FXGL system data
13:46:05.446 [FXGL Background Thread 1 ] DEBUG FileSystemAccess     - Reading from: D:\akanov-an225\system\fxgl.bundle
13:46:05.451 [FXGL Background Thread 1 ] DEBUG SystemBundleService  - Bundle FXGL: {}
13:46:05.453 [FXGL Background Thread 1 ] DEBUG UpdaterService       - Checking for updates
13:46:05.457 [FXGL Background Thread 4 ] DEBUG FXGLApplication      - Loading fonts
13:46:05.457 [FXGL Background Thread 4 ] DEBUG FXGLAssetLoaderServi - Loading from file system: jar:file:///C:/Users/DELL/.m2/repository/com/github/almasb/fxgl/17.3/fxgl-17.3.jar!/fxglassets/ui/fonts/VarelaRound-Regular.ttf
13:46:05.458 [FXGL Background Thread 1 ] DEBUG FXGLApplication      - Loading default localization
13:46:05.458 [FXGL Background Thread 1 ] DEBUG FXGLAssetLoaderServi - Loading from file system: jar:file:///C:/Users/DELL/.m2/repository/com/github/almasb/fxgl/17.3/fxgl-17.3.jar!/fxglassets/languages/english.lang
13:46:05.477 [FXGL Background Thread 1 ] INFO  FXGLApplication      - FXGL initialization took: 0.390 sec
13:46:05.487 [JavaFX Application Thread] DEBUG Input                - Registered new binding: action0 - Left
13:46:05.489 [JavaFX Application Thread] DEBUG Input                - Registered new binding: action1 - Right
13:46:05.489 [JavaFX Application Thread] DEBUG FXGLAssetLoaderServi - Loading from file system: jar:file:///C:/Users/DELL/.m2/repository/com/github/almasb/fxgl/17.3/fxgl-17.3.jar!/fxglassets/textures/fxgl_icon.png
13:46:05.507 [FXGL Background Thread 4 ] DEBUG FXGLAssetLoaderServi - Loading from file system: jar:file:///C:/Users/DELL/.m2/repository/com/github/almasb/fxgl/17.3/fxgl-17.3.jar!/fxglassets/ui/fonts/Abel-Regular.ttf
13:46:05.509 [JavaFX Application Thread] DEBUG FXGLAssetLoaderServi - Loading from file system: jar:file:///C:/Users/DELL/.m2/repository/com/github/almasb/fxgl/17.3/fxgl-17.3.jar!/fxglassets/textures/fxgl_default_cursor.png
13:46:05.510 [FXGL Background Thread 4 ] DEBUG FXGLAssetLoaderServi - Loading from file system: jar:file:///C:/Users/DELL/.m2/repository/com/github/almasb/fxgl/17.3/fxgl-17.3.jar!/fxglassets/ui/fonts/TerminalLandMono-Regular.otf
13:46:05.511 [JavaFX Application Thread] DEBUG Input                - Registered new binding: Screenshot - CTRL+8
13:46:05.512 [JavaFX Application Thread] DEBUG Input                - Registered new binding: System info dump - CTRL+9
13:46:05.512 [JavaFX Application Thread] DEBUG Input                - Registered new binding: Restart - CTRL+R
13:46:05.514 [JavaFX Application Thread] DEBUG Input                - Registered new binding: Toggle Debug Camera - CTRL+7
13:46:05.517 [JavaFX Application Thread] DEBUG LoopRunner           - Starting loop
13:46:05.517 [JavaFX Application Thread] DEBUG LoopRunner           - Initializing JavaFX AnimationTimerLoop
13:46:05.519 [JavaFX Application Thread] DEBUG GameApplicationServi - Starting new game
13:46:05.519 [JavaFX Application Thread] DEBUG Input                - Clearing active input actions
13:46:05.527 [FXGL Background Thread 4 ] DEBUG FXGLAssetLoaderServi - Loading from file system: jar:file:///C:/Users/DELL/.m2/repository/com/github/almasb/fxgl/17.3/fxgl-17.3.jar!/fxglassets/ui/fonts/Courier-Prime.ttf
13:46:05.532 [JavaFX Application Thread] DEBUG GameApplicationServi - Removing overlay from FXGLStartupScene and adding to FXGLLoadingScene
13:46:05.532 [JavaFX Application Thread] DEBUG PrimaryStageWindow   - FXGLStartupScene -> FXGLLoadingScene
13:46:05.532 [JavaFX Application Thread] DEBUG GameApplicationServi - Clearing previous game
13:46:05.532 [JavaFX Application Thread] DEBUG GameScene            - Clearing game scene
13:46:05.532 [JavaFX Application Thread] DEBUG GameWorld            - Clearing game world
13:46:05.533 [JavaFX Application Thread] DEBUG PhysicsWorld         - Clearing physics world
13:46:05.534 [FXGL Background Thread 1 ] DEBUG FXGLApplication      - Initializing game
13:46:05.538 [FXGL Background Thread 1 ] WARN  Entity               - Entity already has component: com.almasb.fxgl.entity.components.BoundingBoxComponent
13:46:05.566 [FXGL Background Thread 1 ] INFO  FXGLApplication      - Game initialization took: 0.032 sec
13:46:05.584 [JavaFX Application Thread] DEBUG FXGLApplication      - Registering font factories with UI factory
13:46:05.585 [JavaFX Application Thread] DEBUG Input                - Clearing active input actions
13:46:05.595 [JavaFX Application Thread] DEBUG GameApplicationServi - Removing overlay from FXGLLoadingScene and adding to GameScene
13:46:05.595 [JavaFX Application Thread] DEBUG PrimaryStageWindow   - FXGLLoadingScene -> GameScene
13:46:05.959 [FXGL Background Thread 2 ] INFO  UpdaterService       - Your current version:  17.3
13:46:05.959 [FXGL Background Thread 2 ] INFO  UpdaterService       - Latest stable version: 21.1
13:46:08.456 [FXGL Background Thread 3 ] DEBUG Engine               - Logging environment variables
13:46:08.457 [FXGL Background Thread 3 ] DEBUG Engine               - achievements: []
13:46:08.457 [FXGL Background Thread 3 ] DEBUG Engine               - actualHeight: 600.0
13:46:08.457 [FXGL Background Thread 3 ] DEBUG Engine               - actualHeightProperty: ReadOnlyDoubleProperty [value: 600.0]
13:46:08.457 [FXGL Background Thread 3 ] DEBUG Engine               - actualWidth: 800.0
13:46:08.457 [FXGL Background Thread 3 ] DEBUG Engine               - actualWidthProperty: ReadOnlyDoubleProperty [value: 800.0]
13:46:08.457 [FXGL Background Thread 3 ] DEBUG Engine               - appIcon: fxgl_icon.png
13:46:08.457 [FXGL Background Thread 3 ] DEBUG Engine               - applicationMode: DEVELOPER
13:46:08.457 [FXGL Background Thread 3 ] DEBUG Engine               - cSSList: [fxgl_dark.css]
13:46:08.457 [FXGL Background Thread 3 ] DEBUG Engine               - collisionDetectionStrategy: BRUTE_FORCE
13:46:08.458 [FXGL Background Thread 3 ] DEBUG Engine               - configClass: Optional.empty
13:46:08.458 [FXGL Background Thread 3 ] DEBUG Engine               - credits: []
13:46:08.458 [FXGL Background Thread 3 ] DEBUG Engine               - defaultCursor: CursorInfo(imageName=fxgl_default_cursor.png, hotspotX=7.0, hotspotY=6.0)
13:46:08.458 [FXGL Background Thread 3 ] DEBUG Engine               - devBBoxColorProperty: ObjectProperty [value: 0xff0000ff]
13:46:08.458 [FXGL Background Thread 3 ] DEBUG Engine               - devEnableDebugCameraProperty: BooleanProperty [value: false]
13:46:08.458 [FXGL Background Thread 3 ] DEBUG Engine               - devSensorColorProperty: ObjectProperty [value: 0xffff00ff]
13:46:08.458 [FXGL Background Thread 3 ] DEBUG Engine               - devShowBBoxProperty: BooleanProperty [value: false]
13:46:08.458 [FXGL Background Thread 3 ] DEBUG Engine               - devShowPositionProperty: BooleanProperty [value: false]
13:46:08.458 [FXGL Background Thread 3 ] DEBUG Engine               - enabledMenuItems: []
13:46:08.458 [FXGL Background Thread 3 ] DEBUG Engine               - engineServices: [class com.almasb.fxgl.app.services.FXGLAssetLoaderService, class com.almasb.fxgl.app.FXGLApplication$GameApplicationService, class com.almasb.fxgl.app.services.FXGLDialogService, class com.almasb.fxgl.app.services.IOTaskExecutorService, class com.almasb.fxgl.io.FileSystemService, class com.almasb.fxgl.localization.LocalizationService, class com.almasb.fxgl.app.services.SystemBundleService, class com.almasb.fxgl.profile.SaveLoadService, class com.almasb.fxgl.ui.FXGLUIFactoryServiceProvider, class com.almasb.fxgl.ui.FXGLDialogFactoryServiceProvider, class com.almasb.fxgl.audio.AudioPlayer, class com.almasb.fxgl.notification.impl.NotificationServiceProvider, class com.almasb.fxgl.achievement.AchievementService, class com.almasb.fxgl.cutscene.CutsceneService, class com.almasb.fxgl.minigames.MiniGameService, class com.almasb.fxgl.net.NetService, class com.almasb.fxgl.app.services.UpdaterService, class com.almasb.fxgl.dev.DevService]
13:46:08.459 [FXGL Background Thread 3 ] DEBUG Engine               - fontGame: Abel-Regular.ttf
13:46:08.459 [FXGL Background Thread 3 ] DEBUG Engine               - fontMono: TerminalLandMono-Regular.otf
13:46:08.459 [FXGL Background Thread 3 ] DEBUG Engine               - fontSizeScaleUI: 1.0
13:46:08.459 [FXGL Background Thread 3 ] DEBUG Engine               - fontText: Courier-Prime.ttf
13:46:08.459 [FXGL Background Thread 3 ] DEBUG Engine               - fontUI: VarelaRound-Regular.ttf
13:46:08.459 [FXGL Background Thread 3 ] DEBUG Engine               - fullScreen: BooleanProperty [value: false]
13:46:08.459 [FXGL Background Thread 3 ] DEBUG Engine               - gameDifficulty: MEDIUM
13:46:08.459 [FXGL Background Thread 3 ] DEBUG Engine               - gameDifficultyProperty: ObjectProperty [value: MEDIUM]
13:46:08.459 [FXGL Background Thread 3 ] DEBUG Engine               - globalMusicVolume: 0.5
13:46:08.459 [FXGL Background Thread 3 ] DEBUG Engine               - globalMusicVolumeProperty: DoubleProperty [value: 0.5]
13:46:08.459 [FXGL Background Thread 3 ] DEBUG Engine               - globalSoundVolume: 0.5
13:46:08.459 [FXGL Background Thread 3 ] DEBUG Engine               - globalSoundVolumeProperty: DoubleProperty [value: 0.5]
13:46:08.459 [FXGL Background Thread 3 ] DEBUG Engine               - height: 600
13:46:08.459 [FXGL Background Thread 3 ] DEBUG Engine               - is3D: false
13:46:08.459 [FXGL Background Thread 3 ] DEBUG Engine               - isAndroid: false
13:46:08.459 [FXGL Background Thread 3 ] DEBUG Engine               - isBrowser: false
13:46:08.461 [FXGL Background Thread 3 ] DEBUG Engine               - isClickFeedbackEnabled: false
13:46:08.461 [FXGL Background Thread 3 ] DEBUG Engine               - isCloseConfirmation: false
13:46:08.461 [FXGL Background Thread 3 ] DEBUG Engine               - isDesktop: true
13:46:08.461 [FXGL Background Thread 3 ] DEBUG Engine               - isDeveloperMenuEnabled: false
13:46:08.461 [FXGL Background Thread 3 ] DEBUG Engine               - isEmbedded: false
13:46:08.461 [FXGL Background Thread 3 ] DEBUG Engine               - isEntityPreloadEnabled: true
13:46:08.461 [FXGL Background Thread 3 ] DEBUG Engine               - isExperimentalTiledLargeMap: false
13:46:08.461 [FXGL Background Thread 3 ] DEBUG Engine               - isFileSystemWriteAllowed: true
13:46:08.461 [FXGL Background Thread 3 ] DEBUG Engine               - isFullScreenAllowed: false
13:46:08.461 [FXGL Background Thread 3 ] DEBUG Engine               - isFullScreenFromStart: false
13:46:08.461 [FXGL Background Thread 3 ] DEBUG Engine               - isGameMenuEnabled: true
13:46:08.461 [FXGL Background Thread 3 ] DEBUG Engine               - isIOS: false
13:46:08.461 [FXGL Background Thread 3 ] DEBUG Engine               - isIntroEnabled: false
13:46:08.461 [FXGL Background Thread 3 ] DEBUG Engine               - isLinux: false
13:46:08.461 [FXGL Background Thread 3 ] DEBUG Engine               - isMac: false
13:46:08.461 [FXGL Background Thread 3 ] DEBUG Engine               - isMainMenuEnabled: false
13:46:08.461 [FXGL Background Thread 3 ] DEBUG Engine               - isManualResizeEnabled: false
13:46:08.461 [FXGL Background Thread 3 ] DEBUG Engine               - isMobile: false
13:46:08.462 [FXGL Background Thread 3 ] DEBUG Engine               - isNative: false
13:46:08.462 [FXGL Background Thread 3 ] DEBUG Engine               - isPauseMusicWhenMinimized: true
13:46:08.462 [FXGL Background Thread 3 ] DEBUG Engine               - isPreserveResizeRatio: false
13:46:08.462 [FXGL Background Thread 3 ] DEBUG Engine               - isProfilingEnabled: false
13:46:08.462 [FXGL Background Thread 3 ] DEBUG Engine               - isScaleAffectedOnResize: true
13:46:08.462 [FXGL Background Thread 3 ] DEBUG Engine               - isSingleStep: false
13:46:08.462 [FXGL Background Thread 3 ] DEBUG Engine               - isUserProfileEnabled: false
13:46:08.462 [FXGL Background Thread 3 ] DEBUG Engine               - isWindows: true
13:46:08.462 [FXGL Background Thread 3 ] DEBUG Engine               - language: ObjectProperty [value: ENGLISH]
13:46:08.462 [FXGL Background Thread 3 ] DEBUG Engine               - menuKey: ESCAPE
13:46:08.462 [FXGL Background Thread 3 ] DEBUG Engine               - mouseSensitivity: 0.2
13:46:08.462 [FXGL Background Thread 3 ] DEBUG Engine               - notificationViewClass: class com.almasb.fxgl.notification.view.XboxNotificationView
13:46:08.462 [FXGL Background Thread 3 ] DEBUG Engine               - pixelsPerMeter: 50.0
13:46:08.462 [FXGL Background Thread 3 ] DEBUG Engine               - platform: WINDOWS
13:46:08.462 [FXGL Background Thread 3 ] DEBUG Engine               - prefHeightProperty: ReadOnlyDoubleProperty [value: 600.0]
13:46:08.462 [FXGL Background Thread 3 ] DEBUG Engine               - prefWidthProperty: ReadOnlyDoubleProperty [value: 800.0]
13:46:08.462 [FXGL Background Thread 3 ] DEBUG Engine               - profileDir: profiles/
13:46:08.462 [FXGL Background Thread 3 ] DEBUG Engine               - profileName: StringProperty [value: DEFAULT]
13:46:08.462 [FXGL Background Thread 3 ] DEBUG Engine               - randomSeed: -1
13:46:08.462 [FXGL Background Thread 3 ] DEBUG Engine               - runtimeInfo: RuntimeInfo(platform=WINDOWS, version=17.3, build=30.03.2023 11.49)
13:46:08.462 [FXGL Background Thread 3 ] DEBUG Engine               - saveFileExt: sav
13:46:08.462 [FXGL Background Thread 3 ] DEBUG Engine               - scaledHeightProp$fxgl: DoubleProperty [bound, value: 600.0]
13:46:08.463 [FXGL Background Thread 3 ] DEBUG Engine               - scaledWidthProp$fxgl: DoubleProperty [bound, value: 800.0]
13:46:08.463 [FXGL Background Thread 3 ] DEBUG Engine               - sceneFactory: com.almasb.fxgl.app.scene.SceneFactory@4d61f15
13:46:08.463 [FXGL Background Thread 3 ] DEBUG Engine               - secondsIn24h: 60
13:46:08.463 [FXGL Background Thread 3 ] DEBUG Engine               - soundMenuBack: menu/back.wav
13:46:08.463 [FXGL Background Thread 3 ] DEBUG Engine               - soundMenuPress: menu/press.wav
13:46:08.463 [FXGL Background Thread 3 ] DEBUG Engine               - soundMenuSelect: menu/select.wav
13:46:08.463 [FXGL Background Thread 3 ] DEBUG Engine               - soundNotification: core/notification.wav
13:46:08.463 [FXGL Background Thread 3 ] DEBUG Engine               - stageStyle: DECORATED
13:46:08.463 [FXGL Background Thread 3 ] DEBUG Engine               - supportedLanguages: [ENGLISH, FRENCH, GERMAN, HUNGARIAN, RUSSIAN]
13:46:08.463 [FXGL Background Thread 3 ] DEBUG Engine               - ticksPerSecond: -1
13:46:08.463 [FXGL Background Thread 3 ] DEBUG Engine               - title: Akanov-an225
13:46:08.463 [FXGL Background Thread 3 ] DEBUG Engine               - urlGithub: https://github.com/AlmasB/FXGL
13:46:08.463 [FXGL Background Thread 3 ] DEBUG Engine               - urlLeaderboard: http://fxgl-top.herokuapp.com/
13:46:08.463 [FXGL Background Thread 3 ] DEBUG Engine               - urlPOM: https://raw.githubusercontent.com/AlmasB/FXGL/release/README.md
13:46:08.463 [FXGL Background Thread 3 ] DEBUG Engine               - userAppClass: class view.Launch
13:46:08.463 [FXGL Background Thread 3 ] DEBUG Engine               - version: 0.1
13:46:08.463 [FXGL Background Thread 3 ] DEBUG Engine               - versionCheckDays: 7
13:46:08.463 [FXGL Background Thread 3 ] DEBUG Engine               - width: 800
13:46:08.463 [FXGL Background Thread 3 ] DEBUG Engine               - Logging services
13:46:08.463 [FXGL Background Thread 3 ] DEBUG Engine               - class com.almasb.fxgl.app.services.FXGLAssetLoaderService
13:46:08.463 [FXGL Background Thread 3 ] DEBUG Engine               - class com.almasb.fxgl.app.FXGLApplication$GameApplicationService
13:46:08.463 [FXGL Background Thread 3 ] DEBUG Engine               - class com.almasb.fxgl.app.services.FXGLDialogService
13:46:08.463 [FXGL Background Thread 3 ] DEBUG Engine               - class com.almasb.fxgl.app.services.IOTaskExecutorService
13:46:08.463 [FXGL Background Thread 3 ] DEBUG Engine               - class com.almasb.fxgl.io.FileSystemService
13:46:08.464 [FXGL Background Thread 3 ] DEBUG Engine               - class com.almasb.fxgl.localization.LocalizationService
13:46:08.464 [FXGL Background Thread 3 ] DEBUG Engine               - class com.almasb.fxgl.app.services.SystemBundleService
13:46:08.464 [FXGL Background Thread 3 ] DEBUG Engine               - class com.almasb.fxgl.profile.SaveLoadService
13:46:08.464 [FXGL Background Thread 3 ] DEBUG Engine               - class com.almasb.fxgl.ui.FXGLUIFactoryServiceProvider
13:46:08.464 [FXGL Background Thread 3 ] DEBUG Engine               - class com.almasb.fxgl.ui.FXGLDialogFactoryServiceProvider
13:46:08.464 [FXGL Background Thread 3 ] DEBUG Engine               - class com.almasb.fxgl.audio.AudioPlayer
13:46:08.464 [FXGL Background Thread 3 ] DEBUG Engine               - class com.almasb.fxgl.notification.impl.NotificationServiceProvider
13:46:08.464 [FXGL Background Thread 3 ] DEBUG Engine               - class com.almasb.fxgl.achievement.AchievementService
13:46:08.464 [FXGL Background Thread 3 ] DEBUG Engine               - class com.almasb.fxgl.cutscene.CutsceneService
13:46:08.464 [FXGL Background Thread 3 ] DEBUG Engine               - class com.almasb.fxgl.minigames.MiniGameService
13:46:08.464 [FXGL Background Thread 3 ] DEBUG Engine               - class com.almasb.fxgl.net.NetService
13:46:08.464 [FXGL Background Thread 3 ] DEBUG Engine               - class com.almasb.fxgl.app.services.UpdaterService
13:46:08.464 [FXGL Background Thread 3 ] DEBUG Engine               - class com.almasb.fxgl.dev.DevService
13:46:11.608 [JavaFX Application Thread] DEBUG FXGLApplication      - Exiting FXGL
13:46:11.608 [JavaFX Application Thread] DEBUG LoopRunner           - Stopping loop
13:46:11.608 [JavaFX Application Thread] DEBUG SystemBundleService  - Saving FXGL system data
13:46:11.610 [JavaFX Application Thread] DEBUG FileSystemAccess     - Writing to: D:\akanov-an225\system\fxgl.bundle
13:46:11.612 [JavaFX Application Thread] DEBUG Async                - Shutting down background threads
13:46:11.612 [JavaFX Application Thread] DEBUG PrimaryStageWindow   - Closing main window
13:46:11.629 [JavaFX Application Thread] DEBUG Logger               - Closing Logger
