15:48:40.781 [main                     ] DEBUG Logger               - Configured Logger
15:48:40.830 [main                     ] DEBUG GameApplication      - Logging settings
Title: Akanov-an225
Version: 0.2
Width: 960
Height: 720
Fullscreen: false
Intro: false
Profiling: false
Single step:false
App Mode: DEVELOPER
Menu Key: ESCAPE
Stage Style: DECORATED
Scene Factory: class view.GeneralInit$1

15:48:41.541 [JavaFX Application Thread] DEBUG FXGLApplication      - Initializing FXGL
15:48:41.544 [JavaFX Application Thread] INFO  Engine               - FXGL-17.3 (30.03.2023 11.49) on WINDOWS (J:24.0.2 FX:21.0.6)
15:48:41.545 [JavaFX Application Thread] DEBUG Engine               - JRE Vendor Name: Oracle Corporation
15:48:41.545 [JavaFX Application Thread] DEBUG Engine               - Running on OS: Windows 11 version 10.0
15:48:41.545 [JavaFX Application Thread] DEBUG Engine               - Architecture: amd64
15:48:41.545 [JavaFX Application Thread] INFO  Engine               - Source code and latest versions at: https://github.com/AlmasB/FXGL
15:48:41.545 [JavaFX Application Thread] INFO  Engine               -       Ask questions and discuss at: https://github.com/AlmasB/FXGL/discussions
15:48:41.546 [JavaFX Application Thread] INFO  Engine               -              Join the FXGL chat at: https://gitter.im/AlmasB/FXGL
15:48:41.690 [JavaFX Application Thread] DEBUG PrimaryStageWindow   - Creating a JavaFX scene
15:48:41.750 [JavaFX Application Thread] DEBUG PrimaryStageWindow   - Target settings size: 960.0 x 720.0
15:48:41.751 [JavaFX Application Thread] DEBUG PrimaryStageWindow   - Scaled scene size:    960.0 x 720.0
15:48:41.751 [JavaFX Application Thread] DEBUG PrimaryStageWindow   - Scaled ratio: (1.0, 1.0)
15:48:41.752 [JavaFX Application Thread] DEBUG PrimaryStageWindow   - Set initial scene to FXGLStartupScene
15:48:41.763 [JavaFX Application Thread] DEBUG PrimaryStageWindow   - Opening main window
15:48:41.908 [JavaFX Application Thread] DEBUG PrimaryStageWindow   - Window border size: (13.823974609375, 37.24798583984375)
15:48:41.908 [JavaFX Application Thread] DEBUG PrimaryStageWindow   - Scaled size: 960.0 x 720.0
15:48:41.908 [JavaFX Application Thread] DEBUG PrimaryStageWindow   - Scaled ratio: (1.0, 1.0)
15:48:41.909 [JavaFX Application Thread] DEBUG PrimaryStageWindow   - Scene size: 960.0 x 720.0
15:48:41.909 [JavaFX Application Thread] DEBUG PrimaryStageWindow   - Stage size: 973.823974609375 x 757.2479858398438
15:48:41.921 [FXGL Background Thread 1 ] DEBUG Engine               - Initializing environment variables
15:48:41.984 [FXGL Background Thread 1 ] DEBUG FXGLAssetLoaderServi - User app class for loading assets: class view.Launch
15:48:41.984 [FXGL Background Thread 1 ] DEBUG GameApplicationServi - Applying CSS: fxgl_dark.css
15:48:41.985 [FXGL Background Thread 1 ] DEBUG FXGLAssetLoaderServi - Loading from file system: jar:file:///C:/Users/Tuanngth/.m2/repository/com/github/almasb/fxgl/17.3/fxgl-17.3.jar!/fxglassets/ui/css/fxgl_dark.css
15:48:42.039 [FXGL Background Thread 1 ] DEBUG GameApplicationServi - Initializing application scenes
15:48:42.084 [FXGL Background Thread 1 ] DEBUG GameWorld            - Game world initialized
15:48:42.169 [FXGL Background Thread 1 ] DEBUG PhysicsWorld         - Physics world initialized: appHeight=720, physics.ppm=50,0
15:48:42.169 [FXGL Background Thread 1 ] DEBUG PhysicsWorld         - Using strategy: BRUTE_FORCE
15:48:42.175 [FXGL Background Thread 1 ] DEBUG GameScene            - Game scene initialized: 960x720
15:48:42.282 [FXGL Background Thread 1 ] DEBUG GameApplicationServi - Application scenes initialized
15:48:42.295 [FXGL Background Thread 1 ] DEBUG SystemBundleService  - Loading FXGL system data
15:48:42.297 [FXGL Background Thread 1 ] DEBUG FileSystemAccess     - Reading from: C:\Users\Tuanngth\Desktop\akanov-an225\system\fxgl.bundle
15:48:42.300 [FXGL Background Thread 1 ] DEBUG SystemBundleService  - Bundle FXGL: {}
15:48:42.300 [FXGL Background Thread 1 ] DEBUG UpdaterService       - Checking for updates
15:48:42.307 [FXGL Background Thread 4 ] DEBUG FXGLApplication      - Loading fonts
15:48:42.308 [FXGL Background Thread 4 ] DEBUG FXGLAssetLoaderServi - Loading from file system: jar:file:///C:/Users/Tuanngth/.m2/repository/com/github/almasb/fxgl/17.3/fxgl-17.3.jar!/fxglassets/ui/fonts/VarelaRound-Regular.ttf
15:48:42.308 [FXGL Background Thread 1 ] DEBUG FXGLApplication      - Loading default localization
15:48:42.309 [FXGL Background Thread 1 ] DEBUG FXGLAssetLoaderServi - Loading from file system: jar:file:///C:/Users/Tuanngth/.m2/repository/com/github/almasb/fxgl/17.3/fxgl-17.3.jar!/fxglassets/languages/english.lang
15:48:42.317 [FXGL Background Thread 4 ] DEBUG FXGLAssetLoaderServi - Loading from file system: jar:file:///C:/Users/Tuanngth/.m2/repository/com/github/almasb/fxgl/17.3/fxgl-17.3.jar!/fxglassets/ui/fonts/Abel-Regular.ttf
15:48:42.323 [FXGL Background Thread 4 ] DEBUG FXGLAssetLoaderServi - Loading from file system: jar:file:///C:/Users/Tuanngth/.m2/repository/com/github/almasb/fxgl/17.3/fxgl-17.3.jar!/fxglassets/ui/fonts/TerminalLandMono-Regular.otf
15:48:42.330 [FXGL Background Thread 4 ] DEBUG FXGLAssetLoaderServi - Loading from file system: jar:file:///C:/Users/Tuanngth/.m2/repository/com/github/almasb/fxgl/17.3/fxgl-17.3.jar!/fxglassets/ui/fonts/Courier-Prime.ttf
15:48:42.339 [JavaFX Application Thread] DEBUG FXGLApplication      - Registering font factories with UI factory
15:48:42.341 [FXGL Background Thread 1 ] INFO  FXGLApplication      - FXGL initialization took: 0,421 sec
15:48:42.354 [JavaFX Application Thread] DEBUG Input                - Registered new binding: action0 - Right
15:48:42.355 [JavaFX Application Thread] DEBUG Input                - Registered new binding: action1 - Left
15:48:42.356 [JavaFX Application Thread] DEBUG Input                - Registered new binding: action2 - D
15:48:42.356 [JavaFX Application Thread] DEBUG FXGLAssetLoaderServi - Loading from file system: jar:file:///C:/Users/Tuanngth/.m2/repository/com/github/almasb/fxgl/17.3/fxgl-17.3.jar!/fxglassets/textures/fxgl_icon.png
15:48:42.408 [JavaFX Application Thread] DEBUG FXGLAssetLoaderServi - Loading from file system: jar:file:///C:/Users/Tuanngth/.m2/repository/com/github/almasb/fxgl/17.3/fxgl-17.3.jar!/fxglassets/textures/fxgl_default_cursor.png
15:48:42.415 [JavaFX Application Thread] DEBUG Input                - Registered new binding: Screenshot - CTRL+8
15:48:42.416 [JavaFX Application Thread] DEBUG Input                - Registered new binding: System info dump - CTRL+9
15:48:42.416 [JavaFX Application Thread] DEBUG Input                - Registered new binding: Restart - CTRL+R
15:48:42.417 [JavaFX Application Thread] DEBUG Input                - Registered new binding: Toggle Debug Camera - CTRL+7
15:48:42.421 [JavaFX Application Thread] DEBUG LoopRunner           - Starting loop
15:48:42.421 [JavaFX Application Thread] DEBUG LoopRunner           - Initializing JavaFX AnimationTimerLoop
15:48:42.424 [JavaFX Application Thread] DEBUG Input                - Clearing active input actions
15:48:42.436 [JavaFX Application Thread] DEBUG GameApplicationServi - Removing overlay from FXGLStartupScene and adding to FXGLMainMenuDummyScene
15:48:42.437 [JavaFX Application Thread] DEBUG PrimaryStageWindow   - FXGLStartupScene -> FXGLMainMenuDummyScene
15:48:42.437 [JavaFX Application Thread] DEBUG PrimaryStageWindow   - Push state: MainMenu
15:48:42.437 [JavaFX Application Thread] DEBUG Input                - Clearing active input actions
15:48:42.442 [JavaFX Application Thread] DEBUG GameApplicationServi - Removing overlay from FXGLMainMenuDummyScene and adding to MainMenu
15:48:42.443 [JavaFX Application Thread] DEBUG PrimaryStageWindow   - FXGLMainMenuDummyScene -> MainMenu
15:48:45.079 [FXGL Background Thread 2 ] INFO  UpdaterService       - Your current version:  17.3
15:48:45.080 [FXGL Background Thread 2 ] INFO  UpdaterService       - Latest stable version: 21.1
15:48:45.306 [FXGL Background Thread 3 ] DEBUG Engine               - Logging environment variables
15:48:45.308 [FXGL Background Thread 3 ] DEBUG Engine               - achievements: []
15:48:45.308 [FXGL Background Thread 3 ] DEBUG Engine               - actualHeight: 720.0
15:48:45.308 [FXGL Background Thread 3 ] DEBUG Engine               - actualHeightProperty: ReadOnlyDoubleProperty [value: 720.0]
15:48:45.308 [FXGL Background Thread 3 ] DEBUG Engine               - actualWidth: 960.0
15:48:45.308 [FXGL Background Thread 3 ] DEBUG Engine               - actualWidthProperty: ReadOnlyDoubleProperty [value: 960.0]
15:48:45.309 [FXGL Background Thread 3 ] DEBUG Engine               - appIcon: fxgl_icon.png
15:48:45.309 [FXGL Background Thread 3 ] DEBUG Engine               - applicationMode: DEVELOPER
15:48:45.310 [FXGL Background Thread 3 ] DEBUG Engine               - cSSList: [fxgl_dark.css]
15:48:45.311 [FXGL Background Thread 3 ] DEBUG Engine               - collisionDetectionStrategy: BRUTE_FORCE
15:48:45.315 [FXGL Background Thread 3 ] DEBUG Engine               - configClass: Optional.empty
15:48:45.315 [FXGL Background Thread 3 ] DEBUG Engine               - credits: []
15:48:45.334 [FXGL Background Thread 3 ] DEBUG Engine               - defaultCursor: CursorInfo(imageName=fxgl_default_cursor.png, hotspotX=7.0, hotspotY=6.0)
15:48:45.335 [FXGL Background Thread 3 ] DEBUG Engine               - devBBoxColorProperty: ObjectProperty [value: 0xff0000ff]
15:48:45.335 [FXGL Background Thread 3 ] DEBUG Engine               - devEnableDebugCameraProperty: BooleanProperty [value: false]
15:48:45.335 [FXGL Background Thread 3 ] DEBUG Engine               - devSensorColorProperty: ObjectProperty [value: 0xffff00ff]
15:48:45.335 [FXGL Background Thread 3 ] DEBUG Engine               - devShowBBoxProperty: BooleanProperty [value: false]
15:48:45.335 [FXGL Background Thread 3 ] DEBUG Engine               - devShowPositionProperty: BooleanProperty [value: false]
15:48:45.335 [FXGL Background Thread 3 ] DEBUG Engine               - enabledMenuItems: []
15:48:45.335 [FXGL Background Thread 3 ] DEBUG Engine               - engineServices: [class com.almasb.fxgl.app.services.FXGLAssetLoaderService, class com.almasb.fxgl.app.FXGLApplication$GameApplicationService, class com.almasb.fxgl.app.services.FXGLDialogService, class com.almasb.fxgl.app.services.IOTaskExecutorService, class com.almasb.fxgl.io.FileSystemService, class com.almasb.fxgl.localization.LocalizationService, class com.almasb.fxgl.app.services.SystemBundleService, class com.almasb.fxgl.profile.SaveLoadService, class com.almasb.fxgl.ui.FXGLUIFactoryServiceProvider, class com.almasb.fxgl.ui.FXGLDialogFactoryServiceProvider, class com.almasb.fxgl.audio.AudioPlayer, class com.almasb.fxgl.notification.impl.NotificationServiceProvider, class com.almasb.fxgl.achievement.AchievementService, class com.almasb.fxgl.cutscene.CutsceneService, class com.almasb.fxgl.minigames.MiniGameService, class com.almasb.fxgl.net.NetService, class com.almasb.fxgl.app.services.UpdaterService, class com.almasb.fxgl.dev.DevService]
15:48:45.335 [FXGL Background Thread 3 ] DEBUG Engine               - fontGame: Abel-Regular.ttf
15:48:45.337 [FXGL Background Thread 3 ] DEBUG Engine               - fontMono: TerminalLandMono-Regular.otf
15:48:45.337 [FXGL Background Thread 3 ] DEBUG Engine               - fontSizeScaleUI: 1.0
15:48:45.337 [FXGL Background Thread 3 ] DEBUG Engine               - fontText: Courier-Prime.ttf
15:48:45.338 [FXGL Background Thread 3 ] DEBUG Engine               - fontUI: VarelaRound-Regular.ttf
15:48:45.338 [FXGL Background Thread 3 ] DEBUG Engine               - fullScreen: BooleanProperty [value: false]
15:48:45.338 [FXGL Background Thread 3 ] DEBUG Engine               - gameDifficulty: MEDIUM
15:48:45.338 [FXGL Background Thread 3 ] DEBUG Engine               - gameDifficultyProperty: ObjectProperty [value: MEDIUM]
15:48:45.338 [FXGL Background Thread 3 ] DEBUG Engine               - globalMusicVolume: 0.5
15:48:45.338 [FXGL Background Thread 3 ] DEBUG Engine               - globalMusicVolumeProperty: DoubleProperty [value: 0.5]
15:48:45.338 [FXGL Background Thread 3 ] DEBUG Engine               - globalSoundVolume: 0.5
15:48:45.338 [FXGL Background Thread 3 ] DEBUG Engine               - globalSoundVolumeProperty: DoubleProperty [value: 0.5]
15:48:45.338 [FXGL Background Thread 3 ] DEBUG Engine               - height: 720
15:48:45.339 [FXGL Background Thread 3 ] DEBUG Engine               - is3D: false
15:48:45.339 [FXGL Background Thread 3 ] DEBUG Engine               - isAndroid: false
15:48:45.339 [FXGL Background Thread 3 ] DEBUG Engine               - isBrowser: false
15:48:45.339 [FXGL Background Thread 3 ] DEBUG Engine               - isClickFeedbackEnabled: false
15:48:45.339 [FXGL Background Thread 3 ] DEBUG Engine               - isCloseConfirmation: false
15:48:45.339 [FXGL Background Thread 3 ] DEBUG Engine               - isDesktop: true
15:48:45.339 [FXGL Background Thread 3 ] DEBUG Engine               - isDeveloperMenuEnabled: false
15:48:45.339 [FXGL Background Thread 3 ] DEBUG Engine               - isEmbedded: false
15:48:45.340 [FXGL Background Thread 3 ] DEBUG Engine               - isEntityPreloadEnabled: true
15:48:45.340 [FXGL Background Thread 3 ] DEBUG Engine               - isExperimentalTiledLargeMap: false
15:48:45.340 [FXGL Background Thread 3 ] DEBUG Engine               - isFileSystemWriteAllowed: true
15:48:45.340 [FXGL Background Thread 3 ] DEBUG Engine               - isFullScreenAllowed: false
15:48:45.340 [FXGL Background Thread 3 ] DEBUG Engine               - isFullScreenFromStart: false
15:48:45.340 [FXGL Background Thread 3 ] DEBUG Engine               - isGameMenuEnabled: true
15:48:45.341 [FXGL Background Thread 3 ] DEBUG Engine               - isIOS: false
15:48:45.341 [FXGL Background Thread 3 ] DEBUG Engine               - isIntroEnabled: false
15:48:45.341 [FXGL Background Thread 3 ] DEBUG Engine               - isLinux: false
15:48:45.341 [FXGL Background Thread 3 ] DEBUG Engine               - isMac: false
15:48:45.341 [FXGL Background Thread 3 ] DEBUG Engine               - isMainMenuEnabled: true
15:48:45.341 [FXGL Background Thread 3 ] DEBUG Engine               - isManualResizeEnabled: false
15:48:45.341 [FXGL Background Thread 3 ] DEBUG Engine               - isMobile: false
15:48:45.341 [FXGL Background Thread 3 ] DEBUG Engine               - isNative: false
15:48:45.341 [FXGL Background Thread 3 ] DEBUG Engine               - isPauseMusicWhenMinimized: true
15:48:45.342 [FXGL Background Thread 3 ] DEBUG Engine               - isPreserveResizeRatio: false
15:48:45.342 [FXGL Background Thread 3 ] DEBUG Engine               - isProfilingEnabled: false
15:48:45.342 [FXGL Background Thread 3 ] DEBUG Engine               - isScaleAffectedOnResize: true
15:48:45.342 [FXGL Background Thread 3 ] DEBUG Engine               - isSingleStep: false
15:48:45.342 [FXGL Background Thread 3 ] DEBUG Engine               - isUserProfileEnabled: false
15:48:45.342 [FXGL Background Thread 3 ] DEBUG Engine               - isWindows: true
15:48:45.342 [FXGL Background Thread 3 ] DEBUG Engine               - language: ObjectProperty [value: ENGLISH]
15:48:45.342 [FXGL Background Thread 3 ] DEBUG Engine               - menuKey: ESCAPE
15:48:45.343 [FXGL Background Thread 3 ] DEBUG Engine               - mouseSensitivity: 0.2
15:48:45.343 [FXGL Background Thread 3 ] DEBUG Engine               - notificationViewClass: class com.almasb.fxgl.notification.view.XboxNotificationView
15:48:45.343 [FXGL Background Thread 3 ] DEBUG Engine               - pixelsPerMeter: 50.0
15:48:45.343 [FXGL Background Thread 3 ] DEBUG Engine               - platform: WINDOWS
15:48:45.343 [FXGL Background Thread 3 ] DEBUG Engine               - prefHeightProperty: ReadOnlyDoubleProperty [value: 720.0]
15:48:45.343 [FXGL Background Thread 3 ] DEBUG Engine               - prefWidthProperty: ReadOnlyDoubleProperty [value: 960.0]
15:48:45.343 [FXGL Background Thread 3 ] DEBUG Engine               - profileDir: profiles/
15:48:45.344 [FXGL Background Thread 3 ] DEBUG Engine               - profileName: StringProperty [value: DEFAULT]
15:48:45.344 [FXGL Background Thread 3 ] DEBUG Engine               - randomSeed: -1
15:48:45.344 [FXGL Background Thread 3 ] DEBUG Engine               - runtimeInfo: RuntimeInfo(platform=WINDOWS, version=17.3, build=30.03.2023 11.49)
15:48:45.344 [FXGL Background Thread 3 ] DEBUG Engine               - saveFileExt: sav
15:48:45.345 [FXGL Background Thread 3 ] DEBUG Engine               - scaledHeightProp$fxgl: DoubleProperty [bound, value: 720.0]
15:48:45.345 [FXGL Background Thread 3 ] DEBUG Engine               - scaledWidthProp$fxgl: DoubleProperty [bound, value: 960.0]
15:48:45.347 [FXGL Background Thread 3 ] DEBUG Engine               - sceneFactory: view.GeneralInit$1@b939167
15:48:45.348 [FXGL Background Thread 3 ] DEBUG Engine               - secondsIn24h: 60
15:48:45.349 [FXGL Background Thread 3 ] DEBUG Engine               - soundMenuBack: menu/back.wav
15:48:45.349 [FXGL Background Thread 3 ] DEBUG Engine               - soundMenuPress: menu/press.wav
15:48:45.349 [FXGL Background Thread 3 ] DEBUG Engine               - soundMenuSelect: menu/select.wav
15:48:45.349 [FXGL Background Thread 3 ] DEBUG Engine               - soundNotification: core/notification.wav
15:48:45.349 [FXGL Background Thread 3 ] DEBUG Engine               - stageStyle: DECORATED
15:48:45.349 [FXGL Background Thread 3 ] DEBUG Engine               - supportedLanguages: [ENGLISH, FRENCH, GERMAN, HUNGARIAN, RUSSIAN]
15:48:45.349 [FXGL Background Thread 3 ] DEBUG Engine               - ticksPerSecond: -1
15:48:45.349 [FXGL Background Thread 3 ] DEBUG Engine               - title: Akanov-an225
15:48:45.349 [FXGL Background Thread 3 ] DEBUG Engine               - urlGithub: https://github.com/AlmasB/FXGL
15:48:45.349 [FXGL Background Thread 3 ] DEBUG Engine               - urlLeaderboard: http://fxgl-top.herokuapp.com/
15:48:45.349 [FXGL Background Thread 3 ] DEBUG Engine               - urlPOM: https://raw.githubusercontent.com/AlmasB/FXGL/release/README.md
15:48:45.349 [FXGL Background Thread 3 ] DEBUG Engine               - userAppClass: class view.Launch
15:48:45.349 [FXGL Background Thread 3 ] DEBUG Engine               - version: 0.2
15:48:45.349 [FXGL Background Thread 3 ] DEBUG Engine               - versionCheckDays: 7
15:48:45.349 [FXGL Background Thread 3 ] DEBUG Engine               - width: 960
15:48:45.350 [FXGL Background Thread 3 ] DEBUG Engine               - Logging services
15:48:45.350 [FXGL Background Thread 3 ] DEBUG Engine               - class com.almasb.fxgl.app.services.FXGLAssetLoaderService
15:48:45.350 [FXGL Background Thread 3 ] DEBUG Engine               - class com.almasb.fxgl.app.FXGLApplication$GameApplicationService
15:48:45.350 [FXGL Background Thread 3 ] DEBUG Engine               - class com.almasb.fxgl.app.services.FXGLDialogService
15:48:45.350 [FXGL Background Thread 3 ] DEBUG Engine               - class com.almasb.fxgl.app.services.IOTaskExecutorService
15:48:45.350 [FXGL Background Thread 3 ] DEBUG Engine               - class com.almasb.fxgl.io.FileSystemService
15:48:45.350 [FXGL Background Thread 3 ] DEBUG Engine               - class com.almasb.fxgl.localization.LocalizationService
15:48:45.350 [FXGL Background Thread 3 ] DEBUG Engine               - class com.almasb.fxgl.app.services.SystemBundleService
15:48:45.351 [FXGL Background Thread 3 ] DEBUG Engine               - class com.almasb.fxgl.profile.SaveLoadService
15:48:45.351 [FXGL Background Thread 3 ] DEBUG Engine               - class com.almasb.fxgl.ui.FXGLUIFactoryServiceProvider
15:48:45.351 [FXGL Background Thread 3 ] DEBUG Engine               - class com.almasb.fxgl.ui.FXGLDialogFactoryServiceProvider
15:48:45.351 [FXGL Background Thread 3 ] DEBUG Engine               - class com.almasb.fxgl.audio.AudioPlayer
15:48:45.351 [FXGL Background Thread 3 ] DEBUG Engine               - class com.almasb.fxgl.notification.impl.NotificationServiceProvider
15:48:45.355 [FXGL Background Thread 3 ] DEBUG Engine               - class com.almasb.fxgl.achievement.AchievementService
15:48:45.356 [FXGL Background Thread 3 ] DEBUG Engine               - class com.almasb.fxgl.cutscene.CutsceneService
15:48:45.356 [FXGL Background Thread 3 ] DEBUG Engine               - class com.almasb.fxgl.minigames.MiniGameService
15:48:45.356 [FXGL Background Thread 3 ] DEBUG Engine               - class com.almasb.fxgl.net.NetService
15:48:45.356 [FXGL Background Thread 3 ] DEBUG Engine               - class com.almasb.fxgl.app.services.UpdaterService
15:48:45.356 [FXGL Background Thread 3 ] DEBUG Engine               - class com.almasb.fxgl.dev.DevService
15:48:45.648 [JavaFX Application Thread] DEBUG PrimaryStageWindow   - Push state: DialogSubScene
15:48:45.648 [JavaFX Application Thread] DEBUG Input                - Clearing active input actions
15:48:45.654 [JavaFX Application Thread] DEBUG GameApplicationServi - Removing overlay from MainMenu and adding to DialogSubScene
15:48:45.654 [JavaFX Application Thread] DEBUG PrimaryStageWindow   - MainMenu -> DialogSubScene
15:48:47.399 [JavaFX Application Thread] DEBUG PrimaryStageWindow   - Pop state: DialogSubScene
15:48:47.399 [JavaFX Application Thread] DEBUG Input                - Clearing active input actions
15:48:47.400 [JavaFX Application Thread] DEBUG GameApplicationServi - Removing overlay from DialogSubScene and adding to MainMenu
15:48:47.400 [JavaFX Application Thread] DEBUG PrimaryStageWindow   - MainMenu <- DialogSubScene
15:48:48.930 [JavaFX Application Thread] DEBUG Menu                 - fireNewGame()
15:48:48.930 [JavaFX Application Thread] DEBUG GameApplicationServi - Starting new game
15:48:48.930 [JavaFX Application Thread] DEBUG PrimaryStageWindow   - Pop state: MainMenu
15:48:48.931 [JavaFX Application Thread] DEBUG Input                - Clearing active input actions
15:48:48.933 [JavaFX Application Thread] DEBUG GameApplicationServi - Removing overlay from MainMenu and adding to FXGLMainMenuDummyScene
15:48:48.934 [JavaFX Application Thread] DEBUG PrimaryStageWindow   - FXGLMainMenuDummyScene <- MainMenu
15:48:48.934 [JavaFX Application Thread] DEBUG Input                - Clearing active input actions
15:48:48.975 [JavaFX Application Thread] DEBUG GameApplicationServi - Removing overlay from FXGLMainMenuDummyScene and adding to FXGLLoadingScene
15:48:48.975 [JavaFX Application Thread] DEBUG PrimaryStageWindow   - FXGLMainMenuDummyScene -> FXGLLoadingScene
15:48:48.975 [JavaFX Application Thread] DEBUG GameApplicationServi - Clearing previous game
15:48:48.975 [JavaFX Application Thread] DEBUG GameScene            - Clearing game scene
15:48:48.975 [JavaFX Application Thread] DEBUG GameWorld            - Clearing game world
15:48:48.976 [JavaFX Application Thread] DEBUG PhysicsWorld         - Clearing physics world
15:48:48.985 [FXGL Background Thread 2 ] DEBUG FXGLApplication      - Initializing game
15:48:48.998 [FXGL Background Thread 2 ] WARN  Entity               - Entity already has component: com.almasb.fxgl.entity.components.BoundingBoxComponent
15:48:49.068 [FXGL Background Thread 2 ] INFO  FXGLApplication      - Game initialization took: 0,083 sec
15:48:49.069 [JavaFX Application Thread] DEBUG Input                - Clearing active input actions
15:48:49.080 [JavaFX Application Thread] DEBUG GameApplicationServi - Removing overlay from FXGLLoadingScene and adding to GameScene
15:48:49.081 [JavaFX Application Thread] DEBUG PrimaryStageWindow   - FXGLLoadingScene -> GameScene
15:49:02.478 [JavaFX Application Thread] DEBUG FXGLApplication      - Exiting FXGL
15:49:02.479 [JavaFX Application Thread] DEBUG LoopRunner           - Stopping loop
15:49:02.479 [JavaFX Application Thread] DEBUG SystemBundleService  - Saving FXGL system data
15:49:02.481 [JavaFX Application Thread] DEBUG FileSystemAccess     - Writing to: C:\Users\Tuanngth\Desktop\akanov-an225\system\fxgl.bundle
15:49:02.487 [JavaFX Application Thread] DEBUG Async                - Shutting down background threads
15:49:02.488 [JavaFX Application Thread] DEBUG PrimaryStageWindow   - Closing main window
15:49:02.568 [JavaFX Application Thread] DEBUG Logger               - Closing Logger
