01:13:51.856 [main                     ] DEBUG Logger               - Configured Logger
01:13:51.863 [main                     ] DEBUG GameApplication      - Logging settings
Title: Akanov-an225
Version: 0.2
Width: 960
Height: 720
Fullscreen: false
Intro: false
Profiling: false
Single step:false
App Mode: DEVELOPER
Menu Key: ESCAPE
Stage Style: DECORATED
Scene Factory: class view.GeneralInit$1

01:13:52.229 [JavaFX Application Thread] DEBUG FXGLApplication      - Initializing FXGL
01:13:52.231 [JavaFX Application Thread] INFO  Engine               - FXGL-17.3 (30.03.2023 11.49) on WINDOWS (J:24.0.2 FX:21.0.6)
01:13:52.232 [JavaFX Application Thread] DEBUG Engine               - JRE Vendor Name: Oracle Corporation
01:13:52.232 [JavaFX Application Thread] DEBUG Engine               - Running on OS: Windows 11 version 10.0
01:13:52.232 [JavaFX Application Thread] DEBUG Engine               - Architecture: amd64
01:13:52.232 [JavaFX Application Thread] INFO  Engine               - Source code and latest versions at: https://github.com/AlmasB/FXGL
01:13:52.232 [JavaFX Application Thread] INFO  Engine               -       Ask questions and discuss at: https://github.com/AlmasB/FXGL/discussions
01:13:52.232 [JavaFX Application Thread] INFO  Engine               -              Join the FXGL chat at: https://gitter.im/AlmasB/FXGL
01:13:52.314 [JavaFX Application Thread] DEBUG PrimaryStageWindow   - Creating a JavaFX scene
01:13:52.361 [JavaFX Application Thread] DEBUG PrimaryStageWindow   - Target settings size: 960.0 x 720.0
01:13:52.362 [JavaFX Application Thread] DEBUG PrimaryStageWindow   - Scaled scene size:    960.0 x 720.0
01:13:52.362 [JavaFX Application Thread] DEBUG PrimaryStageWindow   - Scaled ratio: (1.0, 1.0)
01:13:52.363 [JavaFX Application Thread] DEBUG PrimaryStageWindow   - Set initial scene to FXGLStartupScene
01:13:52.366 [JavaFX Application Thread] DEBUG PrimaryStageWindow   - Opening main window
01:13:52.438 [JavaFX Application Thread] DEBUG PrimaryStageWindow   - Window border size: (13.823974609375, 37.24798583984375)
01:13:52.438 [JavaFX Application Thread] DEBUG PrimaryStageWindow   - Scaled size: 960.0 x 720.0
01:13:52.438 [JavaFX Application Thread] DEBUG PrimaryStageWindow   - Scaled ratio: (1.0, 1.0)
01:13:52.438 [JavaFX Application Thread] DEBUG PrimaryStageWindow   - Scene size: 960.0 x 720.0
01:13:52.439 [JavaFX Application Thread] DEBUG PrimaryStageWindow   - Stage size: 973.823974609375 x 757.2479858398438
01:13:52.447 [FXGL Background Thread 1 ] DEBUG Engine               - Initializing environment variables
01:13:52.508 [FXGL Background Thread 1 ] DEBUG FXGLAssetLoaderServi - User app class for loading assets: class view.Launch
01:13:52.508 [FXGL Background Thread 1 ] DEBUG GameApplicationServi - Applying CSS: fxgl_dark.css
01:13:52.509 [FXGL Background Thread 1 ] DEBUG FXGLAssetLoaderServi - Loading from file system: jar:file:///C:/Users/Tuanngth/.m2/repository/com/github/almasb/fxgl/17.3/fxgl-17.3.jar!/fxglassets/ui/css/fxgl_dark.css
01:13:52.551 [FXGL Background Thread 1 ] DEBUG GameApplicationServi - Initializing application scenes
01:13:52.584 [FXGL Background Thread 1 ] DEBUG GameWorld            - Game world initialized
01:13:52.651 [FXGL Background Thread 1 ] DEBUG PhysicsWorld         - Physics world initialized: appHeight=720, physics.ppm=50,0
01:13:52.652 [FXGL Background Thread 1 ] DEBUG PhysicsWorld         - Using strategy: BRUTE_FORCE
01:13:52.657 [FXGL Background Thread 1 ] DEBUG GameScene            - Game scene initialized: 960x720
01:13:52.690 [FXGL Background Thread 1 ] DEBUG GameApplicationServi - Application scenes initialized
01:13:52.700 [FXGL Background Thread 1 ] DEBUG SystemBundleService  - Loading FXGL system data
01:13:52.703 [FXGL Background Thread 1 ] DEBUG FileSystemAccess     - Reading from: C:\Users\Tuanngth\Desktop\akanov-an225-huy\system\fxgl.bundle
01:13:52.710 [FXGL Background Thread 1 ] DEBUG SystemBundleService  - Bundle FXGL: {}
01:13:52.710 [FXGL Background Thread 1 ] DEBUG UpdaterService       - Checking for updates
01:13:52.716 [FXGL Background Thread 4 ] DEBUG FXGLApplication      - Loading fonts
01:13:52.716 [FXGL Background Thread 1 ] DEBUG FXGLApplication      - Loading default localization
01:13:52.716 [FXGL Background Thread 4 ] DEBUG FXGLAssetLoaderServi - Loading from file system: jar:file:///C:/Users/Tuanngth/.m2/repository/com/github/almasb/fxgl/17.3/fxgl-17.3.jar!/fxglassets/ui/fonts/VarelaRound-Regular.ttf
01:13:52.717 [FXGL Background Thread 1 ] DEBUG FXGLAssetLoaderServi - Loading from file system: jar:file:///C:/Users/Tuanngth/.m2/repository/com/github/almasb/fxgl/17.3/fxgl-17.3.jar!/fxglassets/languages/english.lang
01:13:52.758 [FXGL Background Thread 4 ] DEBUG FXGLAssetLoaderServi - Loading from file system: jar:file:///C:/Users/Tuanngth/.m2/repository/com/github/almasb/fxgl/17.3/fxgl-17.3.jar!/fxglassets/ui/fonts/Abel-Regular.ttf
01:13:52.764 [FXGL Background Thread 4 ] DEBUG FXGLAssetLoaderServi - Loading from file system: jar:file:///C:/Users/Tuanngth/.m2/repository/com/github/almasb/fxgl/17.3/fxgl-17.3.jar!/fxglassets/ui/fonts/TerminalLandMono-Regular.otf
01:13:52.768 [FXGL Background Thread 4 ] DEBUG FXGLAssetLoaderServi - Loading from file system: jar:file:///C:/Users/Tuanngth/.m2/repository/com/github/almasb/fxgl/17.3/fxgl-17.3.jar!/fxglassets/ui/fonts/Courier-Prime.ttf
01:13:52.773 [FXGL Background Thread 1 ] INFO  FXGLApplication      - FXGL initialization took: 0,326 sec
01:13:52.791 [JavaFX Application Thread] DEBUG Input                - Registered new binding: action0 - Right
01:13:52.792 [JavaFX Application Thread] DEBUG Input                - Registered new binding: action1 - Left
01:13:52.793 [JavaFX Application Thread] DEBUG Input                - Registered new binding: action2 - D
01:13:52.793 [JavaFX Application Thread] DEBUG FXGLAssetLoaderServi - Loading from file system: jar:file:///C:/Users/Tuanngth/.m2/repository/com/github/almasb/fxgl/17.3/fxgl-17.3.jar!/fxglassets/textures/fxgl_icon.png
01:13:52.851 [JavaFX Application Thread] DEBUG FXGLAssetLoaderServi - Loading from file system: jar:file:///C:/Users/Tuanngth/.m2/repository/com/github/almasb/fxgl/17.3/fxgl-17.3.jar!/fxglassets/textures/fxgl_default_cursor.png
01:13:52.855 [JavaFX Application Thread] DEBUG Input                - Registered new binding: Screenshot - CTRL+8
01:13:52.857 [JavaFX Application Thread] DEBUG Input                - Registered new binding: System info dump - CTRL+9
01:13:52.857 [JavaFX Application Thread] DEBUG Input                - Registered new binding: Restart - CTRL+R
01:13:52.857 [JavaFX Application Thread] DEBUG Input                - Registered new binding: Toggle Debug Camera - CTRL+7
01:13:52.863 [JavaFX Application Thread] DEBUG LoopRunner           - Starting loop
01:13:52.863 [JavaFX Application Thread] DEBUG LoopRunner           - Initializing JavaFX AnimationTimerLoop
01:13:52.866 [JavaFX Application Thread] DEBUG GameApplicationServi - Starting new game
01:13:52.867 [JavaFX Application Thread] DEBUG Input                - Clearing active input actions
01:13:52.884 [JavaFX Application Thread] DEBUG GameApplicationServi - Removing overlay from FXGLStartupScene and adding to FXGLLoadingScene
01:13:52.884 [JavaFX Application Thread] DEBUG PrimaryStageWindow   - FXGLStartupScene -> FXGLLoadingScene
01:13:52.884 [JavaFX Application Thread] DEBUG GameApplicationServi - Clearing previous game
01:13:52.884 [JavaFX Application Thread] DEBUG GameScene            - Clearing game scene
01:13:52.884 [JavaFX Application Thread] DEBUG GameWorld            - Clearing game world
01:13:52.884 [JavaFX Application Thread] DEBUG PhysicsWorld         - Clearing physics world
01:13:52.888 [FXGL Background Thread 4 ] DEBUG FXGLApplication      - Initializing game
01:13:52.890 [JavaFX Application Thread] DEBUG FXGLApplication      - Registering font factories with UI factory
01:13:52.895 [FXGL Background Thread 4 ] WARN  Entity               - Entity already has component: com.almasb.fxgl.entity.components.BoundingBoxComponent
01:13:52.985 [FXGL Background Thread 4 ] INFO  FXGLApplication      - Game initialization took: 0,097 sec
01:13:53.044 [JavaFX Application Thread] DEBUG Input                - Clearing active input actions
01:13:53.054 [JavaFX Application Thread] DEBUG GameApplicationServi - Removing overlay from FXGLLoadingScene and adding to GameScene
01:13:53.054 [JavaFX Application Thread] DEBUG PrimaryStageWindow   - FXGLLoadingScene -> GameScene
01:13:53.409 [FXGL Background Thread 2 ] INFO  UpdaterService       - Your current version:  17.3
01:13:53.409 [FXGL Background Thread 2 ] INFO  UpdaterService       - Latest stable version: 21.1
01:13:53.528 [JavaFX Application Thread] DEBUG PrimaryStageWindow   - Push state: PauseMenu
01:13:53.570 [JavaFX Application Thread] DEBUG Input                - Clearing active input actions
01:13:53.571 [JavaFX Application Thread] DEBUG GameApplicationServi - Removing overlay from GameScene and adding to PauseMenu
01:13:53.571 [JavaFX Application Thread] DEBUG PrimaryStageWindow   - GameScene -> PauseMenu
01:13:54.261 [JavaFX Application Thread] DEBUG PrimaryStageWindow   - Pop state: PauseMenu
01:13:54.261 [JavaFX Application Thread] DEBUG Input                - Clearing active input actions
01:13:54.263 [JavaFX Application Thread] DEBUG GameApplicationServi - Removing overlay from PauseMenu and adding to GameScene
01:13:54.266 [JavaFX Application Thread] DEBUG PrimaryStageWindow   - GameScene <- PauseMenu
01:13:54.694 [JavaFX Application Thread] DEBUG PrimaryStageWindow   - Push state: PauseMenu
01:13:54.722 [JavaFX Application Thread] DEBUG Input                - Clearing active input actions
01:13:54.724 [JavaFX Application Thread] DEBUG GameApplicationServi - Removing overlay from GameScene and adding to PauseMenu
01:13:54.724 [JavaFX Application Thread] DEBUG PrimaryStageWindow   - GameScene -> PauseMenu
01:13:55.145 [JavaFX Application Thread] DEBUG PrimaryStageWindow   - Pop state: PauseMenu
01:13:55.145 [JavaFX Application Thread] DEBUG Input                - Clearing active input actions
01:13:55.147 [JavaFX Application Thread] DEBUG GameApplicationServi - Removing overlay from PauseMenu and adding to GameScene
01:13:55.147 [JavaFX Application Thread] DEBUG PrimaryStageWindow   - GameScene <- PauseMenu
01:13:55.510 [JavaFX Application Thread] DEBUG PrimaryStageWindow   - Push state: PauseMenu
01:13:55.536 [JavaFX Application Thread] DEBUG Input                - Clearing active input actions
01:13:55.537 [JavaFX Application Thread] DEBUG GameApplicationServi - Removing overlay from GameScene and adding to PauseMenu
01:13:55.538 [JavaFX Application Thread] DEBUG PrimaryStageWindow   - GameScene -> PauseMenu
01:13:55.715 [FXGL Background Thread 3 ] DEBUG Engine               - Logging environment variables
01:13:55.716 [FXGL Background Thread 3 ] DEBUG Engine               - achievements: []
01:13:55.716 [FXGL Background Thread 3 ] DEBUG Engine               - actualHeight: 720.0
01:13:55.716 [FXGL Background Thread 3 ] DEBUG Engine               - actualHeightProperty: ReadOnlyDoubleProperty [value: 720.0]
01:13:55.716 [FXGL Background Thread 3 ] DEBUG Engine               - actualWidth: 960.0
01:13:55.716 [FXGL Background Thread 3 ] DEBUG Engine               - actualWidthProperty: ReadOnlyDoubleProperty [value: 960.0]
01:13:55.716 [FXGL Background Thread 3 ] DEBUG Engine               - appIcon: fxgl_icon.png
01:13:55.716 [FXGL Background Thread 3 ] DEBUG Engine               - applicationMode: DEVELOPER
01:13:55.716 [FXGL Background Thread 3 ] DEBUG Engine               - cSSList: [fxgl_dark.css]
01:13:55.716 [FXGL Background Thread 3 ] DEBUG Engine               - collisionDetectionStrategy: BRUTE_FORCE
01:13:55.717 [FXGL Background Thread 3 ] DEBUG Engine               - configClass: Optional.empty
01:13:55.717 [FXGL Background Thread 3 ] DEBUG Engine               - credits: []
01:13:55.720 [FXGL Background Thread 3 ] DEBUG Engine               - defaultCursor: CursorInfo(imageName=fxgl_default_cursor.png, hotspotX=7.0, hotspotY=6.0)
01:13:55.720 [FXGL Background Thread 3 ] DEBUG Engine               - devBBoxColorProperty: ObjectProperty [value: 0xff0000ff]
01:13:55.720 [FXGL Background Thread 3 ] DEBUG Engine               - devEnableDebugCameraProperty: BooleanProperty [value: false]
01:13:55.720 [FXGL Background Thread 3 ] DEBUG Engine               - devSensorColorProperty: ObjectProperty [value: 0xffff00ff]
01:13:55.720 [FXGL Background Thread 3 ] DEBUG Engine               - devShowBBoxProperty: BooleanProperty [value: false]
01:13:55.720 [FXGL Background Thread 3 ] DEBUG Engine               - devShowPositionProperty: BooleanProperty [value: false]
01:13:55.720 [FXGL Background Thread 3 ] DEBUG Engine               - enabledMenuItems: []
01:13:55.720 [FXGL Background Thread 3 ] DEBUG Engine               - engineServices: [class com.almasb.fxgl.app.services.FXGLAssetLoaderService, class com.almasb.fxgl.app.FXGLApplication$GameApplicationService, class com.almasb.fxgl.app.services.FXGLDialogService, class com.almasb.fxgl.app.services.IOTaskExecutorService, class com.almasb.fxgl.io.FileSystemService, class com.almasb.fxgl.localization.LocalizationService, class com.almasb.fxgl.app.services.SystemBundleService, class com.almasb.fxgl.profile.SaveLoadService, class com.almasb.fxgl.ui.FXGLUIFactoryServiceProvider, class com.almasb.fxgl.ui.FXGLDialogFactoryServiceProvider, class com.almasb.fxgl.audio.AudioPlayer, class com.almasb.fxgl.notification.impl.NotificationServiceProvider, class com.almasb.fxgl.achievement.AchievementService, class com.almasb.fxgl.cutscene.CutsceneService, class com.almasb.fxgl.minigames.MiniGameService, class com.almasb.fxgl.net.NetService, class com.almasb.fxgl.app.services.UpdaterService, class com.almasb.fxgl.dev.DevService]
01:13:55.721 [FXGL Background Thread 3 ] DEBUG Engine               - fontGame: Abel-Regular.ttf
01:13:55.721 [FXGL Background Thread 3 ] DEBUG Engine               - fontMono: TerminalLandMono-Regular.otf
01:13:55.721 [FXGL Background Thread 3 ] DEBUG Engine               - fontSizeScaleUI: 1.0
01:13:55.721 [FXGL Background Thread 3 ] DEBUG Engine               - fontText: Courier-Prime.ttf
01:13:55.721 [FXGL Background Thread 3 ] DEBUG Engine               - fontUI: VarelaRound-Regular.ttf
01:13:55.721 [FXGL Background Thread 3 ] DEBUG Engine               - fullScreen: BooleanProperty [value: false]
01:13:55.721 [FXGL Background Thread 3 ] DEBUG Engine               - gameDifficulty: MEDIUM
01:13:55.721 [FXGL Background Thread 3 ] DEBUG Engine               - gameDifficultyProperty: ObjectProperty [value: MEDIUM]
01:13:55.721 [FXGL Background Thread 3 ] DEBUG Engine               - globalMusicVolume: 0.5
01:13:55.722 [FXGL Background Thread 3 ] DEBUG Engine               - globalMusicVolumeProperty: DoubleProperty [value: 0.5]
01:13:55.722 [FXGL Background Thread 3 ] DEBUG Engine               - globalSoundVolume: 0.5
01:13:55.722 [FXGL Background Thread 3 ] DEBUG Engine               - globalSoundVolumeProperty: DoubleProperty [value: 0.5]
01:13:55.722 [FXGL Background Thread 3 ] DEBUG Engine               - height: 720
01:13:55.722 [FXGL Background Thread 3 ] DEBUG Engine               - is3D: false
01:13:55.722 [FXGL Background Thread 3 ] DEBUG Engine               - isAndroid: false
01:13:55.722 [FXGL Background Thread 3 ] DEBUG Engine               - isBrowser: false
01:13:55.722 [FXGL Background Thread 3 ] DEBUG Engine               - isClickFeedbackEnabled: false
01:13:55.723 [FXGL Background Thread 3 ] DEBUG Engine               - isCloseConfirmation: false
01:13:55.723 [FXGL Background Thread 3 ] DEBUG Engine               - isDesktop: true
01:13:55.723 [FXGL Background Thread 3 ] DEBUG Engine               - isDeveloperMenuEnabled: false
01:13:55.723 [FXGL Background Thread 3 ] DEBUG Engine               - isEmbedded: false
01:13:55.723 [FXGL Background Thread 3 ] DEBUG Engine               - isEntityPreloadEnabled: true
01:13:55.723 [FXGL Background Thread 3 ] DEBUG Engine               - isExperimentalTiledLargeMap: false
01:13:55.723 [FXGL Background Thread 3 ] DEBUG Engine               - isFileSystemWriteAllowed: true
01:13:55.723 [FXGL Background Thread 3 ] DEBUG Engine               - isFullScreenAllowed: false
01:13:55.723 [FXGL Background Thread 3 ] DEBUG Engine               - isFullScreenFromStart: false
01:13:55.723 [FXGL Background Thread 3 ] DEBUG Engine               - isGameMenuEnabled: true
01:13:55.740 [FXGL Background Thread 3 ] DEBUG Engine               - isIOS: false
01:13:55.740 [FXGL Background Thread 3 ] DEBUG Engine               - isIntroEnabled: false
01:13:55.740 [FXGL Background Thread 3 ] DEBUG Engine               - isLinux: false
01:13:55.740 [FXGL Background Thread 3 ] DEBUG Engine               - isMac: false
01:13:55.740 [FXGL Background Thread 3 ] DEBUG Engine               - isMainMenuEnabled: false
01:13:55.740 [FXGL Background Thread 3 ] DEBUG Engine               - isManualResizeEnabled: false
01:13:55.740 [FXGL Background Thread 3 ] DEBUG Engine               - isMobile: false
01:13:55.740 [FXGL Background Thread 3 ] DEBUG Engine               - isNative: false
01:13:55.740 [FXGL Background Thread 3 ] DEBUG Engine               - isPauseMusicWhenMinimized: true
01:13:55.741 [FXGL Background Thread 3 ] DEBUG Engine               - isPreserveResizeRatio: false
01:13:55.741 [FXGL Background Thread 3 ] DEBUG Engine               - isProfilingEnabled: false
01:13:55.741 [FXGL Background Thread 3 ] DEBUG Engine               - isScaleAffectedOnResize: true
01:13:55.741 [FXGL Background Thread 3 ] DEBUG Engine               - isSingleStep: false
01:13:55.741 [FXGL Background Thread 3 ] DEBUG Engine               - isUserProfileEnabled: false
01:13:55.741 [FXGL Background Thread 3 ] DEBUG Engine               - isWindows: true
01:13:55.741 [FXGL Background Thread 3 ] DEBUG Engine               - language: ObjectProperty [value: ENGLISH]
01:13:55.741 [FXGL Background Thread 3 ] DEBUG Engine               - menuKey: ESCAPE
01:13:55.741 [FXGL Background Thread 3 ] DEBUG Engine               - mouseSensitivity: 0.2
01:13:55.741 [FXGL Background Thread 3 ] DEBUG Engine               - notificationViewClass: class com.almasb.fxgl.notification.view.XboxNotificationView
01:13:55.741 [FXGL Background Thread 3 ] DEBUG Engine               - pixelsPerMeter: 50.0
01:13:55.741 [FXGL Background Thread 3 ] DEBUG Engine               - platform: WINDOWS
01:13:55.741 [FXGL Background Thread 3 ] DEBUG Engine               - prefHeightProperty: ReadOnlyDoubleProperty [value: 720.0]
01:13:55.742 [FXGL Background Thread 3 ] DEBUG Engine               - prefWidthProperty: ReadOnlyDoubleProperty [value: 960.0]
01:13:55.742 [FXGL Background Thread 3 ] DEBUG Engine               - profileDir: profiles/
01:13:55.742 [FXGL Background Thread 3 ] DEBUG Engine               - profileName: StringProperty [value: DEFAULT]
01:13:55.742 [FXGL Background Thread 3 ] DEBUG Engine               - randomSeed: -1
01:13:55.742 [FXGL Background Thread 3 ] DEBUG Engine               - runtimeInfo: RuntimeInfo(platform=WINDOWS, version=17.3, build=30.03.2023 11.49)
01:13:55.742 [FXGL Background Thread 3 ] DEBUG Engine               - saveFileExt: sav
01:13:55.742 [FXGL Background Thread 3 ] DEBUG Engine               - scaledHeightProp$fxgl: DoubleProperty [bound, value: 720.0]
01:13:55.742 [FXGL Background Thread 3 ] DEBUG Engine               - scaledWidthProp$fxgl: DoubleProperty [bound, value: 960.0]
01:13:55.742 [FXGL Background Thread 3 ] DEBUG Engine               - sceneFactory: view.GeneralInit$1@521c8bab
01:13:55.743 [FXGL Background Thread 3 ] DEBUG Engine               - secondsIn24h: 60
01:13:55.743 [FXGL Background Thread 3 ] DEBUG Engine               - soundMenuBack: menu/back.wav
01:13:55.743 [FXGL Background Thread 3 ] DEBUG Engine               - soundMenuPress: menu/press.wav
01:13:55.743 [FXGL Background Thread 3 ] DEBUG Engine               - soundMenuSelect: menu/select.wav
01:13:55.743 [FXGL Background Thread 3 ] DEBUG Engine               - soundNotification: core/notification.wav
01:13:55.743 [FXGL Background Thread 3 ] DEBUG Engine               - stageStyle: DECORATED
01:13:55.743 [FXGL Background Thread 3 ] DEBUG Engine               - supportedLanguages: [ENGLISH, FRENCH, GERMAN, HUNGARIAN, RUSSIAN]
01:13:55.743 [FXGL Background Thread 3 ] DEBUG Engine               - ticksPerSecond: -1
01:13:55.743 [FXGL Background Thread 3 ] DEBUG Engine               - title: Akanov-an225
01:13:55.743 [FXGL Background Thread 3 ] DEBUG Engine               - urlGithub: https://github.com/AlmasB/FXGL
01:13:55.743 [FXGL Background Thread 3 ] DEBUG Engine               - urlLeaderboard: http://fxgl-top.herokuapp.com/
01:13:55.743 [FXGL Background Thread 3 ] DEBUG Engine               - urlPOM: https://raw.githubusercontent.com/AlmasB/FXGL/release/README.md
01:13:55.743 [FXGL Background Thread 3 ] DEBUG Engine               - userAppClass: class view.Launch
01:13:55.743 [FXGL Background Thread 3 ] DEBUG Engine               - version: 0.2
01:13:55.744 [FXGL Background Thread 3 ] DEBUG Engine               - versionCheckDays: 7
01:13:55.744 [FXGL Background Thread 3 ] DEBUG Engine               - width: 960
01:13:55.744 [FXGL Background Thread 3 ] DEBUG Engine               - Logging services
01:13:55.744 [FXGL Background Thread 3 ] DEBUG Engine               - class com.almasb.fxgl.app.services.FXGLAssetLoaderService
01:13:55.744 [FXGL Background Thread 3 ] DEBUG Engine               - class com.almasb.fxgl.app.FXGLApplication$GameApplicationService
01:13:55.744 [FXGL Background Thread 3 ] DEBUG Engine               - class com.almasb.fxgl.app.services.FXGLDialogService
01:13:55.744 [FXGL Background Thread 3 ] DEBUG Engine               - class com.almasb.fxgl.app.services.IOTaskExecutorService
01:13:55.744 [FXGL Background Thread 3 ] DEBUG Engine               - class com.almasb.fxgl.io.FileSystemService
01:13:55.744 [FXGL Background Thread 3 ] DEBUG Engine               - class com.almasb.fxgl.localization.LocalizationService
01:13:55.744 [FXGL Background Thread 3 ] DEBUG Engine               - class com.almasb.fxgl.app.services.SystemBundleService
01:13:55.744 [FXGL Background Thread 3 ] DEBUG Engine               - class com.almasb.fxgl.profile.SaveLoadService
01:13:55.744 [FXGL Background Thread 3 ] DEBUG Engine               - class com.almasb.fxgl.ui.FXGLUIFactoryServiceProvider
01:13:55.744 [FXGL Background Thread 3 ] DEBUG Engine               - class com.almasb.fxgl.ui.FXGLDialogFactoryServiceProvider
01:13:55.744 [FXGL Background Thread 3 ] DEBUG Engine               - class com.almasb.fxgl.audio.AudioPlayer
01:13:55.744 [FXGL Background Thread 3 ] DEBUG Engine               - class com.almasb.fxgl.notification.impl.NotificationServiceProvider
01:13:55.744 [FXGL Background Thread 3 ] DEBUG Engine               - class com.almasb.fxgl.achievement.AchievementService
01:13:55.744 [FXGL Background Thread 3 ] DEBUG Engine               - class com.almasb.fxgl.cutscene.CutsceneService
01:13:55.745 [FXGL Background Thread 3 ] DEBUG Engine               - class com.almasb.fxgl.minigames.MiniGameService
01:13:55.745 [FXGL Background Thread 3 ] DEBUG Engine               - class com.almasb.fxgl.net.NetService
01:13:55.745 [FXGL Background Thread 3 ] DEBUG Engine               - class com.almasb.fxgl.app.services.UpdaterService
01:13:55.745 [FXGL Background Thread 3 ] DEBUG Engine               - class com.almasb.fxgl.dev.DevService
01:13:55.927 [JavaFX Application Thread] DEBUG PrimaryStageWindow   - Pop state: PauseMenu
01:13:55.927 [JavaFX Application Thread] DEBUG Input                - Clearing active input actions
01:13:55.928 [JavaFX Application Thread] DEBUG GameApplicationServi - Removing overlay from PauseMenu and adding to GameScene
01:13:55.929 [JavaFX Application Thread] DEBUG PrimaryStageWindow   - GameScene <- PauseMenu
01:13:56.248 [JavaFX Application Thread] DEBUG PrimaryStageWindow   - Push state: PauseMenu
01:13:56.267 [JavaFX Application Thread] DEBUG Input                - Clearing active input actions
01:13:56.268 [JavaFX Application Thread] DEBUG GameApplicationServi - Removing overlay from GameScene and adding to PauseMenu
01:13:56.268 [JavaFX Application Thread] DEBUG PrimaryStageWindow   - GameScene -> PauseMenu
01:13:56.693 [JavaFX Application Thread] DEBUG PrimaryStageWindow   - Pop state: PauseMenu
01:13:56.694 [JavaFX Application Thread] DEBUG Input                - Clearing active input actions
01:13:56.694 [JavaFX Application Thread] DEBUG GameApplicationServi - Removing overlay from PauseMenu and adding to GameScene
01:13:56.695 [JavaFX Application Thread] DEBUG PrimaryStageWindow   - GameScene <- PauseMenu
01:13:57.060 [JavaFX Application Thread] DEBUG PrimaryStageWindow   - Push state: PauseMenu
01:13:57.089 [JavaFX Application Thread] DEBUG Input                - Clearing active input actions
01:13:57.090 [JavaFX Application Thread] DEBUG GameApplicationServi - Removing overlay from GameScene and adding to PauseMenu
01:13:57.090 [JavaFX Application Thread] DEBUG PrimaryStageWindow   - GameScene -> PauseMenu
01:13:57.511 [JavaFX Application Thread] DEBUG PrimaryStageWindow   - Pop state: PauseMenu
01:13:57.511 [JavaFX Application Thread] DEBUG Input                - Clearing active input actions
01:13:57.512 [JavaFX Application Thread] DEBUG GameApplicationServi - Removing overlay from PauseMenu and adding to GameScene
01:13:57.512 [JavaFX Application Thread] DEBUG PrimaryStageWindow   - GameScene <- PauseMenu
01:13:57.976 [JavaFX Application Thread] DEBUG PrimaryStageWindow   - Push state: PauseMenu
01:13:57.999 [JavaFX Application Thread] DEBUG Input                - Clearing active input actions
01:13:58.000 [JavaFX Application Thread] DEBUG GameApplicationServi - Removing overlay from GameScene and adding to PauseMenu
01:13:58.000 [JavaFX Application Thread] DEBUG PrimaryStageWindow   - GameScene -> PauseMenu
01:13:58.395 [JavaFX Application Thread] DEBUG PrimaryStageWindow   - Pop state: PauseMenu
01:13:58.395 [JavaFX Application Thread] DEBUG Input                - Clearing active input actions
01:13:58.397 [JavaFX Application Thread] DEBUG GameApplicationServi - Removing overlay from PauseMenu and adding to GameScene
01:13:58.397 [JavaFX Application Thread] DEBUG PrimaryStageWindow   - GameScene <- PauseMenu
01:13:59.327 [JavaFX Application Thread] DEBUG PrimaryStageWindow   - Push state: PauseMenu
01:13:59.357 [JavaFX Application Thread] DEBUG Input                - Clearing active input actions
01:13:59.358 [JavaFX Application Thread] DEBUG GameApplicationServi - Removing overlay from GameScene and adding to PauseMenu
01:13:59.359 [JavaFX Application Thread] DEBUG PrimaryStageWindow   - GameScene -> PauseMenu
01:13:59.694 [JavaFX Application Thread] DEBUG PrimaryStageWindow   - Pop state: PauseMenu
01:13:59.695 [JavaFX Application Thread] DEBUG Input                - Clearing active input actions
01:13:59.696 [JavaFX Application Thread] DEBUG GameApplicationServi - Removing overlay from PauseMenu and adding to GameScene
01:13:59.697 [JavaFX Application Thread] DEBUG PrimaryStageWindow   - GameScene <- PauseMenu
01:14:00.276 [JavaFX Application Thread] DEBUG PrimaryStageWindow   - Push state: PauseMenu
01:14:00.302 [JavaFX Application Thread] DEBUG Input                - Clearing active input actions
01:14:00.302 [JavaFX Application Thread] DEBUG GameApplicationServi - Removing overlay from GameScene and adding to PauseMenu
01:14:00.302 [JavaFX Application Thread] DEBUG PrimaryStageWindow   - GameScene -> PauseMenu
01:14:03.023 [JavaFX Application Thread] DEBUG Menu                 - fireSave()
01:14:03.053 [JavaFX Application Thread] DEBUG PrimaryStageWindow   - Push state: DialogSubScene
01:14:03.053 [JavaFX Application Thread] DEBUG Input                - Clearing active input actions
01:14:03.060 [JavaFX Application Thread] DEBUG GameApplicationServi - Removing overlay from PauseMenu and adding to DialogSubScene
01:14:03.060 [JavaFX Application Thread] DEBUG PrimaryStageWindow   - PauseMenu -> DialogSubScene
01:14:09.263 [JavaFX Application Thread] DEBUG PrimaryStageWindow   - Pop state: DialogSubScene
01:14:09.264 [JavaFX Application Thread] DEBUG Input                - Clearing active input actions
01:14:09.264 [JavaFX Application Thread] DEBUG GameApplicationServi - Removing overlay from DialogSubScene and adding to PauseMenu
01:14:09.265 [JavaFX Application Thread] DEBUG PrimaryStageWindow   - PauseMenu <- DialogSubScene
01:14:09.267 [JavaFX Application Thread] DEBUG SaveLoadService      - Checking if save file exists: Hello.sav
01:14:09.268 [JavaFX Application Thread] DEBUG SaveLoadService      - writeTask: Hello.sav
01:14:09.270 [JavaFX Application Thread] DEBUG PrimaryStageWindow   - Push state: DialogSubScene
01:14:09.270 [JavaFX Application Thread] DEBUG Input                - Clearing active input actions
01:14:09.272 [JavaFX Application Thread] DEBUG GameApplicationServi - Removing overlay from PauseMenu and adding to DialogSubScene
01:14:09.272 [JavaFX Application Thread] DEBUG PrimaryStageWindow   - PauseMenu -> DialogSubScene
01:14:09.277 [FXGL Background Thread 2 ] DEBUG FileSystemAccess     - Writing to: C:\Users\Tuanngth\Desktop\akanov-an225-huy\Hello.sav
01:14:09.313 [JavaFX Application Thread] DEBUG PrimaryStageWindow   - Pop state: DialogSubScene
01:14:09.313 [JavaFX Application Thread] DEBUG Input                - Clearing active input actions
01:14:09.313 [JavaFX Application Thread] DEBUG GameApplicationServi - Removing overlay from DialogSubScene and adding to PauseMenu
01:14:09.314 [JavaFX Application Thread] DEBUG PrimaryStageWindow   - PauseMenu <- DialogSubScene
01:14:11.454 [JavaFX Application Thread] DEBUG Menu                 - fireExit()
01:14:11.460 [JavaFX Application Thread] DEBUG PrimaryStageWindow   - Push state: DialogSubScene
01:14:11.460 [JavaFX Application Thread] DEBUG Input                - Clearing active input actions
01:14:11.461 [JavaFX Application Thread] DEBUG GameApplicationServi - Removing overlay from PauseMenu and adding to DialogSubScene
01:14:11.462 [JavaFX Application Thread] DEBUG PrimaryStageWindow   - PauseMenu -> DialogSubScene
01:14:12.594 [JavaFX Application Thread] DEBUG PrimaryStageWindow   - Pop state: DialogSubScene
01:14:12.595 [JavaFX Application Thread] DEBUG Input                - Clearing active input actions
01:14:12.595 [JavaFX Application Thread] DEBUG GameApplicationServi - Removing overlay from DialogSubScene and adding to PauseMenu
01:14:12.595 [JavaFX Application Thread] DEBUG PrimaryStageWindow   - PauseMenu <- DialogSubScene
01:14:12.596 [JavaFX Application Thread] DEBUG FXGLApplication      - Exiting FXGL
01:14:12.596 [JavaFX Application Thread] DEBUG LoopRunner           - Stopping loop
01:14:12.596 [JavaFX Application Thread] DEBUG SystemBundleService  - Saving FXGL system data
01:14:12.597 [JavaFX Application Thread] DEBUG FileSystemAccess     - Writing to: C:\Users\Tuanngth\Desktop\akanov-an225-huy\system\fxgl.bundle
01:14:12.598 [JavaFX Application Thread] DEBUG Async                - Shutting down background threads
01:14:12.598 [JavaFX Application Thread] DEBUG PrimaryStageWindow   - Closing main window
01:14:12.631 [JavaFX Application Thread] DEBUG Logger               - Closing Logger
