01:13:12.003 [main                     ] DEBUG Logger               - Configured Logger
01:13:12.009 [main                     ] DEBUG GameApplication      - Logging settings
Title: Akanov-an225
Version: 0.2
Width: 960
Height: 720
Fullscreen: false
Intro: false
Profiling: false
Single step:false
App Mode: DEVELOPER
Menu Key: ESCAPE
Stage Style: DECORATED
Scene Factory: class view.GeneralInit$1

01:13:12.390 [JavaFX Application Thread] DEBUG FXGLApplication      - Initializing FXGL
01:13:12.392 [JavaFX Application Thread] INFO  Engine               - FXGL-17.3 (30.03.2023 11.49) on WINDOWS (J:24.0.2 FX:21.0.6)
01:13:12.393 [JavaFX Application Thread] DEBUG Engine               - JRE Vendor Name: Oracle Corporation
01:13:12.393 [JavaFX Application Thread] DEBUG Engine               - Running on OS: Windows 11 version 10.0
01:13:12.393 [JavaFX Application Thread] DEBUG Engine               - Architecture: amd64
01:13:12.393 [JavaFX Application Thread] INFO  Engine               - Source code and latest versions at: https://github.com/AlmasB/FXGL
01:13:12.393 [JavaFX Application Thread] INFO  Engine               -       Ask questions and discuss at: https://github.com/AlmasB/FXGL/discussions
01:13:12.393 [JavaFX Application Thread] INFO  Engine               -              Join the FXGL chat at: https://gitter.im/AlmasB/FXGL
01:13:12.477 [JavaFX Application Thread] DEBUG PrimaryStageWindow   - Creating a JavaFX scene
01:13:12.521 [JavaFX Application Thread] DEBUG PrimaryStageWindow   - Target settings size: 960.0 x 720.0
01:13:12.521 [JavaFX Application Thread] DEBUG PrimaryStageWindow   - Scaled scene size:    960.0 x 720.0
01:13:12.521 [JavaFX Application Thread] DEBUG PrimaryStageWindow   - Scaled ratio: (1.0, 1.0)
01:13:12.522 [JavaFX Application Thread] DEBUG PrimaryStageWindow   - Set initial scene to FXGLStartupScene
01:13:12.525 [JavaFX Application Thread] DEBUG PrimaryStageWindow   - Opening main window
01:13:12.606 [JavaFX Application Thread] DEBUG PrimaryStageWindow   - Window border size: (13.823974609375, 37.24798583984375)
01:13:12.606 [JavaFX Application Thread] DEBUG PrimaryStageWindow   - Scaled size: 960.0 x 720.0
01:13:12.606 [JavaFX Application Thread] DEBUG PrimaryStageWindow   - Scaled ratio: (1.0, 1.0)
01:13:12.607 [JavaFX Application Thread] DEBUG PrimaryStageWindow   - Scene size: 960.0 x 720.0
01:13:12.607 [JavaFX Application Thread] DEBUG PrimaryStageWindow   - Stage size: 973.823974609375 x 757.2479858398438
01:13:12.616 [FXGL Background Thread 1 ] DEBUG Engine               - Initializing environment variables
01:13:12.722 [FXGL Background Thread 1 ] DEBUG FXGLAssetLoaderServi - User app class for loading assets: class view.Launch
01:13:12.722 [FXGL Background Thread 1 ] DEBUG GameApplicationServi - Applying CSS: fxgl_dark.css
01:13:12.723 [FXGL Background Thread 1 ] DEBUG FXGLAssetLoaderServi - Loading from file system: jar:file:///C:/Users/Tuanngth/.m2/repository/com/github/almasb/fxgl/17.3/fxgl-17.3.jar!/fxglassets/ui/css/fxgl_dark.css
01:13:12.776 [FXGL Background Thread 1 ] DEBUG GameApplicationServi - Initializing application scenes
01:13:12.830 [FXGL Background Thread 1 ] DEBUG GameWorld            - Game world initialized
01:13:12.924 [FXGL Background Thread 1 ] DEBUG PhysicsWorld         - Physics world initialized: appHeight=720, physics.ppm=50,0
01:13:12.924 [FXGL Background Thread 1 ] DEBUG PhysicsWorld         - Using strategy: BRUTE_FORCE
01:13:12.932 [FXGL Background Thread 1 ] DEBUG GameScene            - Game scene initialized: 960x720
01:13:12.980 [FXGL Background Thread 1 ] DEBUG GameApplicationServi - Application scenes initialized
01:13:12.990 [FXGL Background Thread 1 ] DEBUG SystemBundleService  - Loading FXGL system data
01:13:12.995 [FXGL Background Thread 1 ] DEBUG FileSystemAccess     - Reading from: C:\Users\Tuanngth\Desktop\akanov-an225-huy\system\fxgl.bundle
01:13:13.002 [FXGL Background Thread 1 ] DEBUG SystemBundleService  - Bundle FXGL: {}
01:13:13.002 [FXGL Background Thread 1 ] DEBUG UpdaterService       - Checking for updates
01:13:13.006 [FXGL Background Thread 4 ] DEBUG FXGLApplication      - Loading fonts
01:13:13.007 [FXGL Background Thread 1 ] DEBUG FXGLApplication      - Loading default localization
01:13:13.007 [FXGL Background Thread 1 ] DEBUG FXGLAssetLoaderServi - Loading from file system: jar:file:///C:/Users/Tuanngth/.m2/repository/com/github/almasb/fxgl/17.3/fxgl-17.3.jar!/fxglassets/languages/english.lang
01:13:13.007 [FXGL Background Thread 4 ] DEBUG FXGLAssetLoaderServi - Loading from file system: jar:file:///C:/Users/Tuanngth/.m2/repository/com/github/almasb/fxgl/17.3/fxgl-17.3.jar!/fxglassets/ui/fonts/VarelaRound-Regular.ttf
01:13:13.078 [FXGL Background Thread 4 ] DEBUG FXGLAssetLoaderServi - Loading from file system: jar:file:///C:/Users/Tuanngth/.m2/repository/com/github/almasb/fxgl/17.3/fxgl-17.3.jar!/fxglassets/ui/fonts/Abel-Regular.ttf
01:13:13.082 [FXGL Background Thread 4 ] DEBUG FXGLAssetLoaderServi - Loading from file system: jar:file:///C:/Users/Tuanngth/.m2/repository/com/github/almasb/fxgl/17.3/fxgl-17.3.jar!/fxglassets/ui/fonts/TerminalLandMono-Regular.otf
01:13:13.086 [FXGL Background Thread 4 ] DEBUG FXGLAssetLoaderServi - Loading from file system: jar:file:///C:/Users/Tuanngth/.m2/repository/com/github/almasb/fxgl/17.3/fxgl-17.3.jar!/fxglassets/ui/fonts/Courier-Prime.ttf
01:13:13.095 [FXGL Background Thread 1 ] INFO  FXGLApplication      - FXGL initialization took: 0,478 sec
01:13:13.111 [JavaFX Application Thread] DEBUG Input                - Registered new binding: action0 - Right
01:13:13.112 [JavaFX Application Thread] DEBUG Input                - Registered new binding: action1 - Left
01:13:13.112 [JavaFX Application Thread] DEBUG Input                - Registered new binding: action2 - D
01:13:13.113 [JavaFX Application Thread] DEBUG FXGLAssetLoaderServi - Loading from file system: jar:file:///C:/Users/Tuanngth/.m2/repository/com/github/almasb/fxgl/17.3/fxgl-17.3.jar!/fxglassets/textures/fxgl_icon.png
01:13:13.161 [JavaFX Application Thread] DEBUG FXGLAssetLoaderServi - Loading from file system: jar:file:///C:/Users/Tuanngth/.m2/repository/com/github/almasb/fxgl/17.3/fxgl-17.3.jar!/fxglassets/textures/fxgl_default_cursor.png
01:13:13.167 [JavaFX Application Thread] DEBUG Input                - Registered new binding: Screenshot - CTRL+8
01:13:13.168 [JavaFX Application Thread] DEBUG Input                - Registered new binding: System info dump - CTRL+9
01:13:13.169 [JavaFX Application Thread] DEBUG Input                - Registered new binding: Restart - CTRL+R
01:13:13.171 [JavaFX Application Thread] DEBUG Input                - Registered new binding: Toggle Debug Camera - CTRL+7
01:13:13.178 [JavaFX Application Thread] DEBUG LoopRunner           - Starting loop
01:13:13.178 [JavaFX Application Thread] DEBUG LoopRunner           - Initializing JavaFX AnimationTimerLoop
01:13:13.182 [JavaFX Application Thread] DEBUG GameApplicationServi - Starting new game
01:13:13.182 [JavaFX Application Thread] DEBUG Input                - Clearing active input actions
01:13:13.196 [JavaFX Application Thread] DEBUG GameApplicationServi - Removing overlay from FXGLStartupScene and adding to FXGLLoadingScene
01:13:13.196 [JavaFX Application Thread] DEBUG PrimaryStageWindow   - FXGLStartupScene -> FXGLLoadingScene
01:13:13.196 [JavaFX Application Thread] DEBUG GameApplicationServi - Clearing previous game
01:13:13.196 [JavaFX Application Thread] DEBUG GameScene            - Clearing game scene
01:13:13.196 [JavaFX Application Thread] DEBUG GameWorld            - Clearing game world
01:13:13.196 [JavaFX Application Thread] DEBUG PhysicsWorld         - Clearing physics world
01:13:13.199 [FXGL Background Thread 4 ] DEBUG FXGLApplication      - Initializing game
01:13:13.199 [JavaFX Application Thread] DEBUG FXGLApplication      - Registering font factories with UI factory
01:13:13.205 [FXGL Background Thread 4 ] WARN  Entity               - Entity already has component: com.almasb.fxgl.entity.components.BoundingBoxComponent
01:13:13.277 [FXGL Background Thread 4 ] INFO  FXGLApplication      - Game initialization took: 0,078 sec
01:13:13.352 [JavaFX Application Thread] DEBUG Input                - Clearing active input actions
01:13:13.373 [JavaFX Application Thread] DEBUG GameApplicationServi - Removing overlay from FXGLLoadingScene and adding to GameScene
01:13:13.373 [JavaFX Application Thread] DEBUG PrimaryStageWindow   - FXGLLoadingScene -> GameScene
01:13:13.826 [JavaFX Application Thread] DEBUG PrimaryStageWindow   - Push state: PauseMenu
01:13:13.831 [FXGL Background Thread 2 ] INFO  UpdaterService       - Your current version:  17.3
01:13:13.831 [FXGL Background Thread 2 ] INFO  UpdaterService       - Latest stable version: 21.1
01:13:13.862 [JavaFX Application Thread] DEBUG Input                - Clearing active input actions
01:13:13.863 [JavaFX Application Thread] DEBUG GameApplicationServi - Removing overlay from GameScene and adding to PauseMenu
01:13:13.863 [JavaFX Application Thread] DEBUG PrimaryStageWindow   - GameScene -> PauseMenu
01:13:14.705 [JavaFX Application Thread] DEBUG PrimaryStageWindow   - Pop state: PauseMenu
01:13:14.705 [JavaFX Application Thread] DEBUG Input                - Clearing active input actions
01:13:14.706 [JavaFX Application Thread] DEBUG GameApplicationServi - Removing overlay from PauseMenu and adding to GameScene
01:13:14.708 [JavaFX Application Thread] DEBUG PrimaryStageWindow   - GameScene <- PauseMenu
01:13:15.139 [JavaFX Application Thread] DEBUG PrimaryStageWindow   - Push state: PauseMenu
01:13:15.168 [JavaFX Application Thread] DEBUG Input                - Clearing active input actions
01:13:15.170 [JavaFX Application Thread] DEBUG GameApplicationServi - Removing overlay from GameScene and adding to PauseMenu
01:13:15.170 [JavaFX Application Thread] DEBUG PrimaryStageWindow   - GameScene -> PauseMenu
01:13:15.579 [JavaFX Application Thread] DEBUG PrimaryStageWindow   - Pop state: PauseMenu
01:13:15.579 [JavaFX Application Thread] DEBUG Input                - Clearing active input actions
01:13:15.580 [JavaFX Application Thread] DEBUG GameApplicationServi - Removing overlay from PauseMenu and adding to GameScene
01:13:15.581 [JavaFX Application Thread] DEBUG PrimaryStageWindow   - GameScene <- PauseMenu
01:13:16.005 [JavaFX Application Thread] DEBUG PrimaryStageWindow   - Push state: PauseMenu
01:13:16.006 [FXGL Background Thread 3 ] DEBUG Engine               - Logging environment variables
01:13:16.007 [FXGL Background Thread 3 ] DEBUG Engine               - achievements: []
01:13:16.007 [FXGL Background Thread 3 ] DEBUG Engine               - actualHeight: 720.0
01:13:16.008 [FXGL Background Thread 3 ] DEBUG Engine               - actualHeightProperty: ReadOnlyDoubleProperty [value: 720.0]
01:13:16.008 [FXGL Background Thread 3 ] DEBUG Engine               - actualWidth: 960.0
01:13:16.008 [FXGL Background Thread 3 ] DEBUG Engine               - actualWidthProperty: ReadOnlyDoubleProperty [value: 960.0]
01:13:16.008 [FXGL Background Thread 3 ] DEBUG Engine               - appIcon: fxgl_icon.png
01:13:16.008 [FXGL Background Thread 3 ] DEBUG Engine               - applicationMode: DEVELOPER
01:13:16.008 [FXGL Background Thread 3 ] DEBUG Engine               - cSSList: [fxgl_dark.css]
01:13:16.008 [FXGL Background Thread 3 ] DEBUG Engine               - collisionDetectionStrategy: BRUTE_FORCE
01:13:16.008 [FXGL Background Thread 3 ] DEBUG Engine               - configClass: Optional.empty
01:13:16.008 [FXGL Background Thread 3 ] DEBUG Engine               - credits: []
01:13:16.012 [FXGL Background Thread 3 ] DEBUG Engine               - defaultCursor: CursorInfo(imageName=fxgl_default_cursor.png, hotspotX=7.0, hotspotY=6.0)
01:13:16.013 [FXGL Background Thread 3 ] DEBUG Engine               - devBBoxColorProperty: ObjectProperty [value: 0xff0000ff]
01:13:16.013 [FXGL Background Thread 3 ] DEBUG Engine               - devEnableDebugCameraProperty: BooleanProperty [value: false]
01:13:16.013 [FXGL Background Thread 3 ] DEBUG Engine               - devSensorColorProperty: ObjectProperty [value: 0xffff00ff]
01:13:16.013 [FXGL Background Thread 3 ] DEBUG Engine               - devShowBBoxProperty: BooleanProperty [value: false]
01:13:16.013 [FXGL Background Thread 3 ] DEBUG Engine               - devShowPositionProperty: BooleanProperty [value: false]
01:13:16.013 [FXGL Background Thread 3 ] DEBUG Engine               - enabledMenuItems: []
01:13:16.013 [FXGL Background Thread 3 ] DEBUG Engine               - engineServices: [class com.almasb.fxgl.app.services.FXGLAssetLoaderService, class com.almasb.fxgl.app.FXGLApplication$GameApplicationService, class com.almasb.fxgl.app.services.FXGLDialogService, class com.almasb.fxgl.app.services.IOTaskExecutorService, class com.almasb.fxgl.io.FileSystemService, class com.almasb.fxgl.localization.LocalizationService, class com.almasb.fxgl.app.services.SystemBundleService, class com.almasb.fxgl.profile.SaveLoadService, class com.almasb.fxgl.ui.FXGLUIFactoryServiceProvider, class com.almasb.fxgl.ui.FXGLDialogFactoryServiceProvider, class com.almasb.fxgl.audio.AudioPlayer, class com.almasb.fxgl.notification.impl.NotificationServiceProvider, class com.almasb.fxgl.achievement.AchievementService, class com.almasb.fxgl.cutscene.CutsceneService, class com.almasb.fxgl.minigames.MiniGameService, class com.almasb.fxgl.net.NetService, class com.almasb.fxgl.app.services.UpdaterService, class com.almasb.fxgl.dev.DevService]
01:13:16.013 [FXGL Background Thread 3 ] DEBUG Engine               - fontGame: Abel-Regular.ttf
01:13:16.014 [FXGL Background Thread 3 ] DEBUG Engine               - fontMono: TerminalLandMono-Regular.otf
01:13:16.014 [FXGL Background Thread 3 ] DEBUG Engine               - fontSizeScaleUI: 1.0
01:13:16.014 [FXGL Background Thread 3 ] DEBUG Engine               - fontText: Courier-Prime.ttf
01:13:16.014 [FXGL Background Thread 3 ] DEBUG Engine               - fontUI: VarelaRound-Regular.ttf
01:13:16.014 [FXGL Background Thread 3 ] DEBUG Engine               - fullScreen: BooleanProperty [value: false]
01:13:16.014 [FXGL Background Thread 3 ] DEBUG Engine               - gameDifficulty: MEDIUM
01:13:16.014 [FXGL Background Thread 3 ] DEBUG Engine               - gameDifficultyProperty: ObjectProperty [value: MEDIUM]
01:13:16.014 [FXGL Background Thread 3 ] DEBUG Engine               - globalMusicVolume: 0.5
01:13:16.014 [FXGL Background Thread 3 ] DEBUG Engine               - globalMusicVolumeProperty: DoubleProperty [value: 0.5]
01:13:16.014 [FXGL Background Thread 3 ] DEBUG Engine               - globalSoundVolume: 0.5
01:13:16.014 [FXGL Background Thread 3 ] DEBUG Engine               - globalSoundVolumeProperty: DoubleProperty [value: 0.5]
01:13:16.014 [FXGL Background Thread 3 ] DEBUG Engine               - height: 720
01:13:16.015 [FXGL Background Thread 3 ] DEBUG Engine               - is3D: false
01:13:16.015 [FXGL Background Thread 3 ] DEBUG Engine               - isAndroid: false
01:13:16.015 [FXGL Background Thread 3 ] DEBUG Engine               - isBrowser: false
01:13:16.015 [FXGL Background Thread 3 ] DEBUG Engine               - isClickFeedbackEnabled: false
01:13:16.015 [FXGL Background Thread 3 ] DEBUG Engine               - isCloseConfirmation: false
01:13:16.015 [FXGL Background Thread 3 ] DEBUG Engine               - isDesktop: true
01:13:16.015 [FXGL Background Thread 3 ] DEBUG Engine               - isDeveloperMenuEnabled: false
01:13:16.016 [FXGL Background Thread 3 ] DEBUG Engine               - isEmbedded: false
01:13:16.016 [FXGL Background Thread 3 ] DEBUG Engine               - isEntityPreloadEnabled: true
01:13:16.016 [FXGL Background Thread 3 ] DEBUG Engine               - isExperimentalTiledLargeMap: false
01:13:16.016 [FXGL Background Thread 3 ] DEBUG Engine               - isFileSystemWriteAllowed: true
01:13:16.016 [FXGL Background Thread 3 ] DEBUG Engine               - isFullScreenAllowed: false
01:13:16.016 [FXGL Background Thread 3 ] DEBUG Engine               - isFullScreenFromStart: false
01:13:16.016 [FXGL Background Thread 3 ] DEBUG Engine               - isGameMenuEnabled: true
01:13:16.016 [FXGL Background Thread 3 ] DEBUG Engine               - isIOS: false
01:13:16.016 [FXGL Background Thread 3 ] DEBUG Engine               - isIntroEnabled: false
01:13:16.016 [FXGL Background Thread 3 ] DEBUG Engine               - isLinux: false
01:13:16.016 [FXGL Background Thread 3 ] DEBUG Engine               - isMac: false
01:13:16.016 [FXGL Background Thread 3 ] DEBUG Engine               - isMainMenuEnabled: false
01:13:16.016 [FXGL Background Thread 3 ] DEBUG Engine               - isManualResizeEnabled: false
01:13:16.017 [FXGL Background Thread 3 ] DEBUG Engine               - isMobile: false
01:13:16.017 [FXGL Background Thread 3 ] DEBUG Engine               - isNative: false
01:13:16.017 [FXGL Background Thread 3 ] DEBUG Engine               - isPauseMusicWhenMinimized: true
01:13:16.017 [FXGL Background Thread 3 ] DEBUG Engine               - isPreserveResizeRatio: false
01:13:16.017 [FXGL Background Thread 3 ] DEBUG Engine               - isProfilingEnabled: false
01:13:16.017 [FXGL Background Thread 3 ] DEBUG Engine               - isScaleAffectedOnResize: true
01:13:16.017 [FXGL Background Thread 3 ] DEBUG Engine               - isSingleStep: false
01:13:16.017 [FXGL Background Thread 3 ] DEBUG Engine               - isUserProfileEnabled: false
01:13:16.017 [FXGL Background Thread 3 ] DEBUG Engine               - isWindows: true
01:13:16.017 [FXGL Background Thread 3 ] DEBUG Engine               - language: ObjectProperty [value: ENGLISH]
01:13:16.017 [FXGL Background Thread 3 ] DEBUG Engine               - menuKey: ESCAPE
01:13:16.017 [FXGL Background Thread 3 ] DEBUG Engine               - mouseSensitivity: 0.2
01:13:16.017 [FXGL Background Thread 3 ] DEBUG Engine               - notificationViewClass: class com.almasb.fxgl.notification.view.XboxNotificationView
01:13:16.017 [FXGL Background Thread 3 ] DEBUG Engine               - pixelsPerMeter: 50.0
01:13:16.017 [FXGL Background Thread 3 ] DEBUG Engine               - platform: WINDOWS
01:13:16.018 [FXGL Background Thread 3 ] DEBUG Engine               - prefHeightProperty: ReadOnlyDoubleProperty [value: 720.0]
01:13:16.018 [FXGL Background Thread 3 ] DEBUG Engine               - prefWidthProperty: ReadOnlyDoubleProperty [value: 960.0]
01:13:16.018 [FXGL Background Thread 3 ] DEBUG Engine               - profileDir: profiles/
01:13:16.018 [FXGL Background Thread 3 ] DEBUG Engine               - profileName: StringProperty [value: DEFAULT]
01:13:16.018 [FXGL Background Thread 3 ] DEBUG Engine               - randomSeed: -1
01:13:16.019 [FXGL Background Thread 3 ] DEBUG Engine               - runtimeInfo: RuntimeInfo(platform=WINDOWS, version=17.3, build=30.03.2023 11.49)
01:13:16.019 [FXGL Background Thread 3 ] DEBUG Engine               - saveFileExt: sav
01:13:16.019 [FXGL Background Thread 3 ] DEBUG Engine               - scaledHeightProp$fxgl: DoubleProperty [bound, value: 720.0]
01:13:16.019 [FXGL Background Thread 3 ] DEBUG Engine               - scaledWidthProp$fxgl: DoubleProperty [bound, value: 960.0]
01:13:16.020 [FXGL Background Thread 3 ] DEBUG Engine               - sceneFactory: view.GeneralInit$1@792c468d
01:13:16.020 [FXGL Background Thread 3 ] DEBUG Engine               - secondsIn24h: 60
01:13:16.020 [FXGL Background Thread 3 ] DEBUG Engine               - soundMenuBack: menu/back.wav
01:13:16.020 [FXGL Background Thread 3 ] DEBUG Engine               - soundMenuPress: menu/press.wav
01:13:16.020 [FXGL Background Thread 3 ] DEBUG Engine               - soundMenuSelect: menu/select.wav
01:13:16.020 [FXGL Background Thread 3 ] DEBUG Engine               - soundNotification: core/notification.wav
01:13:16.020 [FXGL Background Thread 3 ] DEBUG Engine               - stageStyle: DECORATED
01:13:16.020 [FXGL Background Thread 3 ] DEBUG Engine               - supportedLanguages: [ENGLISH, FRENCH, GERMAN, HUNGARIAN, RUSSIAN]
01:13:16.021 [FXGL Background Thread 3 ] DEBUG Engine               - ticksPerSecond: -1
01:13:16.021 [FXGL Background Thread 3 ] DEBUG Engine               - title: Akanov-an225
01:13:16.021 [FXGL Background Thread 3 ] DEBUG Engine               - urlGithub: https://github.com/AlmasB/FXGL
01:13:16.021 [FXGL Background Thread 3 ] DEBUG Engine               - urlLeaderboard: http://fxgl-top.herokuapp.com/
01:13:16.021 [FXGL Background Thread 3 ] DEBUG Engine               - urlPOM: https://raw.githubusercontent.com/AlmasB/FXGL/release/README.md
01:13:16.021 [FXGL Background Thread 3 ] DEBUG Engine               - userAppClass: class view.Launch
01:13:16.021 [FXGL Background Thread 3 ] DEBUG Engine               - version: 0.2
01:13:16.021 [FXGL Background Thread 3 ] DEBUG Engine               - versionCheckDays: 7
01:13:16.022 [FXGL Background Thread 3 ] DEBUG Engine               - width: 960
01:13:16.022 [FXGL Background Thread 3 ] DEBUG Engine               - Logging services
01:13:16.022 [FXGL Background Thread 3 ] DEBUG Engine               - class com.almasb.fxgl.app.services.FXGLAssetLoaderService
01:13:16.022 [FXGL Background Thread 3 ] DEBUG Engine               - class com.almasb.fxgl.app.FXGLApplication$GameApplicationService
01:13:16.022 [FXGL Background Thread 3 ] DEBUG Engine               - class com.almasb.fxgl.app.services.FXGLDialogService
01:13:16.022 [FXGL Background Thread 3 ] DEBUG Engine               - class com.almasb.fxgl.app.services.IOTaskExecutorService
01:13:16.022 [FXGL Background Thread 3 ] DEBUG Engine               - class com.almasb.fxgl.io.FileSystemService
01:13:16.023 [FXGL Background Thread 3 ] DEBUG Engine               - class com.almasb.fxgl.localization.LocalizationService
01:13:16.023 [FXGL Background Thread 3 ] DEBUG Engine               - class com.almasb.fxgl.app.services.SystemBundleService
01:13:16.023 [FXGL Background Thread 3 ] DEBUG Engine               - class com.almasb.fxgl.profile.SaveLoadService
01:13:16.023 [FXGL Background Thread 3 ] DEBUG Engine               - class com.almasb.fxgl.ui.FXGLUIFactoryServiceProvider
01:13:16.023 [FXGL Background Thread 3 ] DEBUG Engine               - class com.almasb.fxgl.ui.FXGLDialogFactoryServiceProvider
01:13:16.023 [FXGL Background Thread 3 ] DEBUG Engine               - class com.almasb.fxgl.audio.AudioPlayer
01:13:16.024 [FXGL Background Thread 3 ] DEBUG Engine               - class com.almasb.fxgl.notification.impl.NotificationServiceProvider
01:13:16.024 [FXGL Background Thread 3 ] DEBUG Engine               - class com.almasb.fxgl.achievement.AchievementService
01:13:16.024 [FXGL Background Thread 3 ] DEBUG Engine               - class com.almasb.fxgl.cutscene.CutsceneService
01:13:16.024 [FXGL Background Thread 3 ] DEBUG Engine               - class com.almasb.fxgl.minigames.MiniGameService
01:13:16.024 [FXGL Background Thread 3 ] DEBUG Engine               - class com.almasb.fxgl.net.NetService
01:13:16.024 [FXGL Background Thread 3 ] DEBUG Engine               - class com.almasb.fxgl.app.services.UpdaterService
01:13:16.024 [FXGL Background Thread 3 ] DEBUG Engine               - class com.almasb.fxgl.dev.DevService
01:13:16.042 [JavaFX Application Thread] DEBUG Input                - Clearing active input actions
01:13:16.043 [JavaFX Application Thread] DEBUG GameApplicationServi - Removing overlay from GameScene and adding to PauseMenu
01:13:16.043 [JavaFX Application Thread] DEBUG PrimaryStageWindow   - GameScene -> PauseMenu
01:13:16.470 [JavaFX Application Thread] DEBUG PrimaryStageWindow   - Pop state: PauseMenu
01:13:16.470 [JavaFX Application Thread] DEBUG Input                - Clearing active input actions
01:13:16.473 [JavaFX Application Thread] DEBUG GameApplicationServi - Removing overlay from PauseMenu and adding to GameScene
01:13:16.474 [JavaFX Application Thread] DEBUG PrimaryStageWindow   - GameScene <- PauseMenu
01:13:16.889 [JavaFX Application Thread] DEBUG PrimaryStageWindow   - Push state: PauseMenu
01:13:16.913 [JavaFX Application Thread] DEBUG Input                - Clearing active input actions
01:13:16.914 [JavaFX Application Thread] DEBUG GameApplicationServi - Removing overlay from GameScene and adding to PauseMenu
01:13:16.916 [JavaFX Application Thread] DEBUG PrimaryStageWindow   - GameScene -> PauseMenu
01:13:17.487 [JavaFX Application Thread] DEBUG PrimaryStageWindow   - Pop state: PauseMenu
01:13:17.487 [JavaFX Application Thread] DEBUG Input                - Clearing active input actions
01:13:17.488 [JavaFX Application Thread] DEBUG GameApplicationServi - Removing overlay from PauseMenu and adding to GameScene
01:13:17.489 [JavaFX Application Thread] DEBUG PrimaryStageWindow   - GameScene <- PauseMenu
01:13:17.837 [JavaFX Application Thread] DEBUG PrimaryStageWindow   - Push state: PauseMenu
01:13:17.861 [JavaFX Application Thread] DEBUG Input                - Clearing active input actions
01:13:17.862 [JavaFX Application Thread] DEBUG GameApplicationServi - Removing overlay from GameScene and adding to PauseMenu
01:13:17.862 [JavaFX Application Thread] DEBUG PrimaryStageWindow   - GameScene -> PauseMenu
01:13:18.325 [JavaFX Application Thread] DEBUG PrimaryStageWindow   - Pop state: PauseMenu
01:13:18.325 [JavaFX Application Thread] DEBUG Input                - Clearing active input actions
01:13:18.326 [JavaFX Application Thread] DEBUG GameApplicationServi - Removing overlay from PauseMenu and adding to GameScene
01:13:18.326 [JavaFX Application Thread] DEBUG PrimaryStageWindow   - GameScene <- PauseMenu
01:13:18.720 [JavaFX Application Thread] DEBUG PrimaryStageWindow   - Push state: PauseMenu
01:13:18.754 [JavaFX Application Thread] DEBUG Input                - Clearing active input actions
01:13:18.757 [JavaFX Application Thread] DEBUG GameApplicationServi - Removing overlay from GameScene and adding to PauseMenu
01:13:18.757 [JavaFX Application Thread] DEBUG PrimaryStageWindow   - GameScene -> PauseMenu
01:13:19.177 [JavaFX Application Thread] DEBUG PrimaryStageWindow   - Pop state: PauseMenu
01:13:19.177 [JavaFX Application Thread] DEBUG Input                - Clearing active input actions
01:13:19.178 [JavaFX Application Thread] DEBUG GameApplicationServi - Removing overlay from PauseMenu and adding to GameScene
01:13:19.178 [JavaFX Application Thread] DEBUG PrimaryStageWindow   - GameScene <- PauseMenu
01:13:19.571 [JavaFX Application Thread] DEBUG PrimaryStageWindow   - Push state: PauseMenu
01:13:19.602 [JavaFX Application Thread] DEBUG Input                - Clearing active input actions
01:13:19.603 [JavaFX Application Thread] DEBUG GameApplicationServi - Removing overlay from GameScene and adding to PauseMenu
01:13:19.610 [JavaFX Application Thread] DEBUG PrimaryStageWindow   - GameScene -> PauseMenu
01:13:20.028 [JavaFX Application Thread] DEBUG PrimaryStageWindow   - Pop state: PauseMenu
01:13:20.028 [JavaFX Application Thread] DEBUG Input                - Clearing active input actions
01:13:20.028 [JavaFX Application Thread] DEBUG GameApplicationServi - Removing overlay from PauseMenu and adding to GameScene
01:13:20.029 [JavaFX Application Thread] DEBUG PrimaryStageWindow   - GameScene <- PauseMenu
01:13:20.397 [JavaFX Application Thread] DEBUG PrimaryStageWindow   - Push state: PauseMenu
01:13:20.423 [JavaFX Application Thread] DEBUG Input                - Clearing active input actions
01:13:20.423 [JavaFX Application Thread] DEBUG GameApplicationServi - Removing overlay from GameScene and adding to PauseMenu
01:13:20.424 [JavaFX Application Thread] DEBUG PrimaryStageWindow   - GameScene -> PauseMenu
01:13:23.033 [JavaFX Application Thread] DEBUG FXGLApplication      - Exiting FXGL
01:13:23.033 [JavaFX Application Thread] DEBUG LoopRunner           - Stopping loop
01:13:23.034 [JavaFX Application Thread] DEBUG SystemBundleService  - Saving FXGL system data
01:13:23.039 [JavaFX Application Thread] DEBUG FileSystemAccess     - Writing to: C:\Users\Tuanngth\Desktop\akanov-an225-huy\system\fxgl.bundle
01:13:23.046 [JavaFX Application Thread] DEBUG Async                - Shutting down background threads
01:13:23.046 [JavaFX Application Thread] DEBUG PrimaryStageWindow   - Closing main window
01:13:23.086 [JavaFX Application Thread] DEBUG Logger               - Closing Logger
