16:29:09.437 [main                     ] DEBUG Logger               - Configured Logger
16:29:09.448 [main                     ] DEBUG GameApplication      - Logging settings
Title: Basic Game App
Version: 0.1
Width: 600
Height: 600
Fullscreen: false
Intro: false
Profiling: false
Single step:false
App Mode: DEVELOPER
Menu Key: ESCAPE
Stage Style: DECORATED
Scene Factory: class com.almasb.fxgl.app.scene.SceneFactory

16:29:09.823 [JavaFX Application Thread] DEBUG FXGLApplication      - Initializing FXGL
16:29:09.825 [JavaFX Application Thread] INFO  Engine               - FXGL-17.3 (30.03.2023 11.49) on MAC (J:24.0.2 FX:21.0.6)
16:29:09.825 [JavaFX Application Thread] DEBUG Engine               - JRE Vendor Name: Amazon.com Inc.
16:29:09.825 [JavaFX Application Thread] DEBUG Engine               - Running on OS: Mac OS X version 14.8.1
16:29:09.825 [JavaFX Application Thread] DEBUG Engine               - Architecture: aarch64
16:29:09.825 [JavaFX Application Thread] INFO  Engine               - Source code and latest versions at: https://github.com/AlmasB/FXGL
16:29:09.825 [JavaFX Application Thread] INFO  Engine               -       Ask questions and discuss at: https://github.com/AlmasB/FXGL/discussions
16:29:09.826 [JavaFX Application Thread] INFO  Engine               -              Join the FXGL chat at: https://gitter.im/AlmasB/FXGL
16:29:09.900 [JavaFX Application Thread] DEBUG PrimaryStageWindow   - Creating a JavaFX scene
16:29:09.938 [JavaFX Application Thread] DEBUG PrimaryStageWindow   - Target settings size: 600.0 x 600.0
16:29:09.939 [JavaFX Application Thread] DEBUG PrimaryStageWindow   - Scaled scene size:    600.0 x 600.0
16:29:09.939 [JavaFX Application Thread] DEBUG PrimaryStageWindow   - Scaled ratio: (1.0, 1.0)
16:29:09.940 [JavaFX Application Thread] DEBUG PrimaryStageWindow   - Set initial scene to FXGLStartupScene
16:29:09.942 [JavaFX Application Thread] DEBUG PrimaryStageWindow   - Opening main window
16:29:10.023 [JavaFX Application Thread] DEBUG PrimaryStageWindow   - Window border size: (0.0, 28.0)
16:29:10.023 [JavaFX Application Thread] DEBUG PrimaryStageWindow   - Scaled size: 600.0 x 600.0
16:29:10.024 [JavaFX Application Thread] DEBUG PrimaryStageWindow   - Scaled ratio: (1.0, 1.0)
16:29:10.024 [JavaFX Application Thread] DEBUG PrimaryStageWindow   - Scene size: 600.0 x 600.0
16:29:10.024 [JavaFX Application Thread] DEBUG PrimaryStageWindow   - Stage size: 600.0 x 628.0
16:29:10.029 [FXGL Background Thread 1 ] DEBUG Engine               - Initializing environment variables
16:29:10.115 [FXGL Background Thread 1 ] DEBUG FXGLAssetLoaderServi - User app class for loading assets: class gameplay.Launch
16:29:10.115 [FXGL Background Thread 1 ] DEBUG GameApplicationServi - Applying CSS: fxgl_dark.css
16:29:10.115 [FXGL Background Thread 1 ] DEBUG FXGLAssetLoaderServi - Loading from file system: jar:file:///Users/huyle/.m2/repository/com/github/almasb/fxgl/17.3/fxgl-17.3.jar!/fxglassets/ui/css/fxgl_dark.css
16:29:10.156 [FXGL Background Thread 1 ] DEBUG GameApplicationServi - Initializing application scenes
16:29:10.247 [FXGL Background Thread 1 ] DEBUG GameWorld            - Game world initialized
16:29:10.293 [FXGL Background Thread 1 ] DEBUG PhysicsWorld         - Physics world initialized: appHeight=600, physics.ppm=50.0
16:29:10.293 [FXGL Background Thread 1 ] DEBUG PhysicsWorld         - Using strategy: BRUTE_FORCE
16:29:10.296 [FXGL Background Thread 1 ] DEBUG GameScene            - Game scene initialized: 600x600
16:29:10.304 [FXGL Background Thread 1 ] WARN  FXGL.DefaultMenu     - FXGLDefaultMenu is not designed for resolutions < 800x600
16:29:10.305 [FXGL Background Thread 1 ] DEBUG FXGL.DefaultMenu     - createMenuBodyGameMenu()
16:29:10.316 [FXGL Background Thread 1 ] DEBUG FXGL.DefaultMenu     - createOptionsMenu()
16:29:10.323 [FXGL Background Thread 1 ] DEBUG FXGLAssetLoaderServi - Loading from file system: jar:file:///Users/huyle/.m2/repository/com/github/almasb/fxgl/17.3/fxgl-17.3.jar!/fxglassets/textures/particles/smoke.png
16:29:10.391 [FXGL Background Thread 1 ] DEBUG FXGLAssetLoaderServi - Loading from file system: jar:file:///Users/huyle/.m2/repository/com/github/almasb/fxgl/17.3/fxgl-17.3.jar!/fxglassets/textures/particles/trace_horizontal.png
16:29:10.412 [FXGL Background Thread 1 ] DEBUG GameApplicationServi - Application scenes initialized
16:29:10.418 [FXGL Background Thread 1 ] DEBUG SystemBundleService  - Loading FXGL system data
16:29:10.421 [FXGL Background Thread 1 ] DEBUG FileSystemAccess     - Reading from: /Users/huyle/Downloads/demo-main/system/fxgl.bundle
16:29:10.425 [FXGL Background Thread 1 ] DEBUG SystemBundleService  - Bundle FXGL: {}
16:29:10.425 [FXGL Background Thread 1 ] DEBUG UpdaterService       - Checking for updates
16:29:10.427 [FXGL Background Thread 4 ] DEBUG FXGLApplication      - Loading fonts
16:29:10.428 [FXGL Background Thread 1 ] DEBUG FXGLApplication      - Loading default localization
16:29:10.428 [FXGL Background Thread 4 ] DEBUG FXGLAssetLoaderServi - Loading from file system: jar:file:///Users/huyle/.m2/repository/com/github/almasb/fxgl/17.3/fxgl-17.3.jar!/fxglassets/ui/fonts/VarelaRound-Regular.ttf
16:29:10.428 [FXGL Background Thread 1 ] DEBUG FXGLAssetLoaderServi - Loading from file system: jar:file:///Users/huyle/.m2/repository/com/github/almasb/fxgl/17.3/fxgl-17.3.jar!/fxglassets/languages/english.lang
16:29:10.438 [FXGL Background Thread 1 ] INFO  FXGLApplication      - FXGL initialization took: 0.409 sec
16:29:10.441 [FXGL Background Thread 4 ] DEBUG FXGLAssetLoaderServi - Loading from file system: jar:file:///Users/huyle/.m2/repository/com/github/almasb/fxgl/17.3/fxgl-17.3.jar!/fxglassets/ui/fonts/Abel-Regular.ttf
16:29:10.443 [FXGL Background Thread 4 ] DEBUG FXGLAssetLoaderServi - Loading from file system: jar:file:///Users/huyle/.m2/repository/com/github/almasb/fxgl/17.3/fxgl-17.3.jar!/fxglassets/ui/fonts/TerminalLandMono-Regular.otf
16:29:10.444 [JavaFX Application Thread] DEBUG Input                - Registered new binding: action0 - D
16:29:10.445 [JavaFX Application Thread] DEBUG Input                - Registered new binding: action1 - A
16:29:10.445 [FXGL Background Thread 4 ] DEBUG FXGLAssetLoaderServi - Loading from file system: jar:file:///Users/huyle/.m2/repository/com/github/almasb/fxgl/17.3/fxgl-17.3.jar!/fxglassets/ui/fonts/Courier-Prime.ttf
16:29:10.445 [JavaFX Application Thread] DEBUG Input                - Registered new binding: action2 - W
16:29:10.445 [JavaFX Application Thread] DEBUG Input                - Registered new binding: action3 - S
16:29:10.445 [JavaFX Application Thread] DEBUG FXGLAssetLoaderServi - Loading from file system: jar:file:///Users/huyle/.m2/repository/com/github/almasb/fxgl/17.3/fxgl-17.3.jar!/fxglassets/textures/fxgl_icon.png
16:29:10.466 [JavaFX Application Thread] DEBUG FXGLAssetLoaderServi - Loading from file system: jar:file:///Users/huyle/.m2/repository/com/github/almasb/fxgl/17.3/fxgl-17.3.jar!/fxglassets/textures/fxgl_default_cursor.png
16:29:10.468 [JavaFX Application Thread] DEBUG Input                - Registered new binding: Screenshot - CTRL+8
16:29:10.468 [JavaFX Application Thread] DEBUG Input                - Registered new binding: System info dump - CTRL+9
16:29:10.468 [JavaFX Application Thread] DEBUG Input                - Registered new binding: Restart - CTRL+R
16:29:10.468 [JavaFX Application Thread] DEBUG Input                - Registered new binding: Toggle Debug Camera - CTRL+7
16:29:10.470 [JavaFX Application Thread] DEBUG LoopRunner           - Starting loop
16:29:10.470 [JavaFX Application Thread] DEBUG LoopRunner           - Initializing JavaFX AnimationTimerLoop
16:29:10.471 [JavaFX Application Thread] DEBUG GameApplicationServi - Starting new game
16:29:10.471 [JavaFX Application Thread] DEBUG Input                - Clearing active input actions
16:29:10.478 [JavaFX Application Thread] DEBUG GameApplicationServi - Removing overlay from FXGLStartupScene and adding to FXGLLoadingScene
16:29:10.479 [JavaFX Application Thread] DEBUG PrimaryStageWindow   - FXGLStartupScene -> FXGLLoadingScene
16:29:10.479 [JavaFX Application Thread] DEBUG GameApplicationServi - Clearing previous game
16:29:10.479 [JavaFX Application Thread] DEBUG GameScene            - Clearing game scene
16:29:10.479 [JavaFX Application Thread] DEBUG GameWorld            - Clearing game world
16:29:10.479 [JavaFX Application Thread] DEBUG PhysicsWorld         - Clearing physics world
16:29:10.480 [FXGL Background Thread 4 ] DEBUG FXGLApplication      - Initializing game
16:29:10.484 [FXGL Background Thread 4 ] INFO  FXGLApplication      - Game initialization took: 0.004 sec
16:29:10.494 [JavaFX Application Thread] DEBUG FXGLApplication      - Registering font factories with UI factory
16:29:10.496 [JavaFX Application Thread] DEBUG Input                - Clearing active input actions
16:29:10.502 [JavaFX Application Thread] DEBUG GameApplicationServi - Removing overlay from FXGLLoadingScene and adding to GameScene
16:29:10.503 [JavaFX Application Thread] DEBUG PrimaryStageWindow   - FXGLLoadingScene -> GameScene
16:29:10.951 [FXGL Background Thread 2 ] INFO  UpdaterService       - Your current version:  17.3
16:29:10.951 [FXGL Background Thread 2 ] INFO  UpdaterService       - Latest stable version: 21.1
16:29:13.430 [FXGL Background Thread 3 ] DEBUG Engine               - Logging environment variables
16:29:13.431 [FXGL Background Thread 3 ] DEBUG Engine               - achievements: []
16:29:13.432 [FXGL Background Thread 3 ] DEBUG Engine               - actualHeight: 600.0
16:29:13.432 [FXGL Background Thread 3 ] DEBUG Engine               - actualHeightProperty: ReadOnlyDoubleProperty [value: 600.0]
16:29:13.432 [FXGL Background Thread 3 ] DEBUG Engine               - actualWidth: 600.0
16:29:13.433 [FXGL Background Thread 3 ] DEBUG Engine               - actualWidthProperty: ReadOnlyDoubleProperty [value: 600.0]
16:29:13.433 [FXGL Background Thread 3 ] DEBUG Engine               - appIcon: fxgl_icon.png
16:29:13.433 [FXGL Background Thread 3 ] DEBUG Engine               - applicationMode: DEVELOPER
16:29:13.433 [FXGL Background Thread 3 ] DEBUG Engine               - cSSList: [fxgl_dark.css]
16:29:13.433 [FXGL Background Thread 3 ] DEBUG Engine               - collisionDetectionStrategy: BRUTE_FORCE
16:29:13.433 [FXGL Background Thread 3 ] DEBUG Engine               - configClass: Optional.empty
16:29:13.433 [FXGL Background Thread 3 ] DEBUG Engine               - credits: []
16:29:13.434 [FXGL Background Thread 3 ] DEBUG Engine               - defaultCursor: CursorInfo(imageName=fxgl_default_cursor.png, hotspotX=7.0, hotspotY=6.0)
16:29:13.434 [FXGL Background Thread 3 ] DEBUG Engine               - devBBoxColorProperty: ObjectProperty [value: 0xff0000ff]
16:29:13.434 [FXGL Background Thread 3 ] DEBUG Engine               - devEnableDebugCameraProperty: BooleanProperty [value: false]
16:29:13.434 [FXGL Background Thread 3 ] DEBUG Engine               - devSensorColorProperty: ObjectProperty [value: 0xffff00ff]
16:29:13.435 [FXGL Background Thread 3 ] DEBUG Engine               - devShowBBoxProperty: BooleanProperty [value: false]
16:29:13.435 [FXGL Background Thread 3 ] DEBUG Engine               - devShowPositionProperty: BooleanProperty [value: false]
16:29:13.435 [FXGL Background Thread 3 ] DEBUG Engine               - enabledMenuItems: []
16:29:13.435 [FXGL Background Thread 3 ] DEBUG Engine               - engineServices: [class com.almasb.fxgl.app.services.FXGLAssetLoaderService, class com.almasb.fxgl.app.FXGLApplication$GameApplicationService, class com.almasb.fxgl.app.services.FXGLDialogService, class com.almasb.fxgl.app.services.IOTaskExecutorService, class com.almasb.fxgl.io.FileSystemService, class com.almasb.fxgl.localization.LocalizationService, class com.almasb.fxgl.app.services.SystemBundleService, class com.almasb.fxgl.profile.SaveLoadService, class com.almasb.fxgl.ui.FXGLUIFactoryServiceProvider, class com.almasb.fxgl.ui.FXGLDialogFactoryServiceProvider, class com.almasb.fxgl.audio.AudioPlayer, class com.almasb.fxgl.notification.impl.NotificationServiceProvider, class com.almasb.fxgl.achievement.AchievementService, class com.almasb.fxgl.cutscene.CutsceneService, class com.almasb.fxgl.minigames.MiniGameService, class com.almasb.fxgl.net.NetService, class com.almasb.fxgl.app.services.UpdaterService, class com.almasb.fxgl.dev.DevService]
16:29:13.435 [FXGL Background Thread 3 ] DEBUG Engine               - fontGame: Abel-Regular.ttf
16:29:13.435 [FXGL Background Thread 3 ] DEBUG Engine               - fontMono: TerminalLandMono-Regular.otf
16:29:13.435 [FXGL Background Thread 3 ] DEBUG Engine               - fontSizeScaleUI: 1.0
16:29:13.435 [FXGL Background Thread 3 ] DEBUG Engine               - fontText: Courier-Prime.ttf
16:29:13.435 [FXGL Background Thread 3 ] DEBUG Engine               - fontUI: VarelaRound-Regular.ttf
16:29:13.435 [FXGL Background Thread 3 ] DEBUG Engine               - fullScreen: BooleanProperty [value: false]
16:29:13.435 [FXGL Background Thread 3 ] DEBUG Engine               - gameDifficulty: MEDIUM
16:29:13.436 [FXGL Background Thread 3 ] DEBUG Engine               - gameDifficultyProperty: ObjectProperty [value: MEDIUM]
16:29:13.436 [FXGL Background Thread 3 ] DEBUG Engine               - globalMusicVolume: 0.5
16:29:13.436 [FXGL Background Thread 3 ] DEBUG Engine               - globalMusicVolumeProperty: DoubleProperty [value: 0.5]
16:29:13.436 [FXGL Background Thread 3 ] DEBUG Engine               - globalSoundVolume: 0.5
16:29:13.436 [FXGL Background Thread 3 ] DEBUG Engine               - globalSoundVolumeProperty: DoubleProperty [value: 0.5]
16:29:13.436 [FXGL Background Thread 3 ] DEBUG Engine               - height: 600
16:29:13.436 [FXGL Background Thread 3 ] DEBUG Engine               - is3D: false
16:29:13.436 [FXGL Background Thread 3 ] DEBUG Engine               - isAndroid: false
16:29:13.436 [FXGL Background Thread 3 ] DEBUG Engine               - isBrowser: false
16:29:13.436 [FXGL Background Thread 3 ] DEBUG Engine               - isClickFeedbackEnabled: false
16:29:13.436 [FXGL Background Thread 3 ] DEBUG Engine               - isCloseConfirmation: false
16:29:13.437 [FXGL Background Thread 3 ] DEBUG Engine               - isDesktop: true
16:29:13.437 [FXGL Background Thread 3 ] DEBUG Engine               - isDeveloperMenuEnabled: false
16:29:13.437 [FXGL Background Thread 3 ] DEBUG Engine               - isEmbedded: false
16:29:13.437 [FXGL Background Thread 3 ] DEBUG Engine               - isEntityPreloadEnabled: true
16:29:13.437 [FXGL Background Thread 3 ] DEBUG Engine               - isExperimentalTiledLargeMap: false
16:29:13.437 [FXGL Background Thread 3 ] DEBUG Engine               - isFileSystemWriteAllowed: true
16:29:13.437 [FXGL Background Thread 3 ] DEBUG Engine               - isFullScreenAllowed: false
16:29:13.437 [FXGL Background Thread 3 ] DEBUG Engine               - isFullScreenFromStart: false
16:29:13.437 [FXGL Background Thread 3 ] DEBUG Engine               - isGameMenuEnabled: true
16:29:13.437 [FXGL Background Thread 3 ] DEBUG Engine               - isIOS: false
16:29:13.437 [FXGL Background Thread 3 ] DEBUG Engine               - isIntroEnabled: false
16:29:13.437 [FXGL Background Thread 3 ] DEBUG Engine               - isLinux: false
16:29:13.437 [FXGL Background Thread 3 ] DEBUG Engine               - isMac: true
16:29:13.437 [FXGL Background Thread 3 ] DEBUG Engine               - isMainMenuEnabled: false
16:29:13.438 [FXGL Background Thread 3 ] DEBUG Engine               - isManualResizeEnabled: false
16:29:13.438 [FXGL Background Thread 3 ] DEBUG Engine               - isMobile: false
16:29:13.438 [FXGL Background Thread 3 ] DEBUG Engine               - isNative: false
16:29:13.438 [FXGL Background Thread 3 ] DEBUG Engine               - isPauseMusicWhenMinimized: true
16:29:13.438 [FXGL Background Thread 3 ] DEBUG Engine               - isPreserveResizeRatio: false
16:29:13.438 [FXGL Background Thread 3 ] DEBUG Engine               - isProfilingEnabled: false
16:29:13.438 [FXGL Background Thread 3 ] DEBUG Engine               - isScaleAffectedOnResize: true
16:29:13.438 [FXGL Background Thread 3 ] DEBUG Engine               - isSingleStep: false
16:29:13.438 [FXGL Background Thread 3 ] DEBUG Engine               - isUserProfileEnabled: false
16:29:13.438 [FXGL Background Thread 3 ] DEBUG Engine               - isWindows: false
16:29:13.438 [FXGL Background Thread 3 ] DEBUG Engine               - language: ObjectProperty [value: ENGLISH]
16:29:13.438 [FXGL Background Thread 3 ] DEBUG Engine               - menuKey: ESCAPE
16:29:13.438 [FXGL Background Thread 3 ] DEBUG Engine               - mouseSensitivity: 0.2
16:29:13.438 [FXGL Background Thread 3 ] DEBUG Engine               - notificationViewClass: class com.almasb.fxgl.notification.view.XboxNotificationView
16:29:13.438 [FXGL Background Thread 3 ] DEBUG Engine               - pixelsPerMeter: 50.0
16:29:13.439 [FXGL Background Thread 3 ] DEBUG Engine               - platform: MAC
16:29:13.439 [FXGL Background Thread 3 ] DEBUG Engine               - prefHeightProperty: ReadOnlyDoubleProperty [value: 600.0]
16:29:13.439 [FXGL Background Thread 3 ] DEBUG Engine               - prefWidthProperty: ReadOnlyDoubleProperty [value: 600.0]
16:29:13.439 [FXGL Background Thread 3 ] DEBUG Engine               - profileDir: profiles/
16:29:13.439 [FXGL Background Thread 3 ] DEBUG Engine               - profileName: StringProperty [value: DEFAULT]
16:29:13.439 [FXGL Background Thread 3 ] DEBUG Engine               - randomSeed: -1
16:29:13.439 [FXGL Background Thread 3 ] DEBUG Engine               - runtimeInfo: RuntimeInfo(platform=MAC, version=17.3, build=30.03.2023 11.49)
16:29:13.439 [FXGL Background Thread 3 ] DEBUG Engine               - saveFileExt: sav
16:29:13.439 [FXGL Background Thread 3 ] DEBUG Engine               - scaledHeightProp$fxgl: DoubleProperty [bound, value: 600.0]
16:29:13.439 [FXGL Background Thread 3 ] DEBUG Engine               - scaledWidthProp$fxgl: DoubleProperty [bound, value: 600.0]
16:29:13.439 [FXGL Background Thread 3 ] DEBUG Engine               - sceneFactory: com.almasb.fxgl.app.scene.SceneFactory@77ba35a4
16:29:13.440 [FXGL Background Thread 3 ] DEBUG Engine               - secondsIn24h: 60
16:29:13.440 [FXGL Background Thread 3 ] DEBUG Engine               - soundMenuBack: menu/back.wav
16:29:13.440 [FXGL Background Thread 3 ] DEBUG Engine               - soundMenuPress: menu/press.wav
16:29:13.440 [FXGL Background Thread 3 ] DEBUG Engine               - soundMenuSelect: menu/select.wav
16:29:13.440 [FXGL Background Thread 3 ] DEBUG Engine               - soundNotification: core/notification.wav
16:29:13.440 [FXGL Background Thread 3 ] DEBUG Engine               - stageStyle: DECORATED
16:29:13.440 [FXGL Background Thread 3 ] DEBUG Engine               - supportedLanguages: [ENGLISH, FRENCH, GERMAN, HUNGARIAN, RUSSIAN]
16:29:13.440 [FXGL Background Thread 3 ] DEBUG Engine               - ticksPerSecond: -1
16:29:13.440 [FXGL Background Thread 3 ] DEBUG Engine               - title: Basic Game App
16:29:13.440 [FXGL Background Thread 3 ] DEBUG Engine               - urlGithub: https://github.com/AlmasB/FXGL
16:29:13.440 [FXGL Background Thread 3 ] DEBUG Engine               - urlLeaderboard: http://fxgl-top.herokuapp.com/
16:29:13.440 [FXGL Background Thread 3 ] DEBUG Engine               - urlPOM: https://raw.githubusercontent.com/AlmasB/FXGL/release/README.md
16:29:13.440 [FXGL Background Thread 3 ] DEBUG Engine               - userAppClass: class gameplay.Launch
16:29:13.440 [FXGL Background Thread 3 ] DEBUG Engine               - version: 0.1
16:29:13.440 [FXGL Background Thread 3 ] DEBUG Engine               - versionCheckDays: 7
16:29:13.440 [FXGL Background Thread 3 ] DEBUG Engine               - width: 600
16:29:13.441 [FXGL Background Thread 3 ] DEBUG Engine               - Logging services
16:29:13.441 [FXGL Background Thread 3 ] DEBUG Engine               - class com.almasb.fxgl.app.services.FXGLAssetLoaderService
16:29:13.441 [FXGL Background Thread 3 ] DEBUG Engine               - class com.almasb.fxgl.app.FXGLApplication$GameApplicationService
16:29:13.441 [FXGL Background Thread 3 ] DEBUG Engine               - class com.almasb.fxgl.app.services.FXGLDialogService
16:29:13.441 [FXGL Background Thread 3 ] DEBUG Engine               - class com.almasb.fxgl.app.services.IOTaskExecutorService
16:29:13.441 [FXGL Background Thread 3 ] DEBUG Engine               - class com.almasb.fxgl.io.FileSystemService
16:29:13.441 [FXGL Background Thread 3 ] DEBUG Engine               - class com.almasb.fxgl.localization.LocalizationService
16:29:13.441 [FXGL Background Thread 3 ] DEBUG Engine               - class com.almasb.fxgl.app.services.SystemBundleService
16:29:13.441 [FXGL Background Thread 3 ] DEBUG Engine               - class com.almasb.fxgl.profile.SaveLoadService
16:29:13.441 [FXGL Background Thread 3 ] DEBUG Engine               - class com.almasb.fxgl.ui.FXGLUIFactoryServiceProvider
16:29:13.441 [FXGL Background Thread 3 ] DEBUG Engine               - class com.almasb.fxgl.ui.FXGLDialogFactoryServiceProvider
16:29:13.441 [FXGL Background Thread 3 ] DEBUG Engine               - class com.almasb.fxgl.audio.AudioPlayer
16:29:13.441 [FXGL Background Thread 3 ] DEBUG Engine               - class com.almasb.fxgl.notification.impl.NotificationServiceProvider
16:29:13.441 [FXGL Background Thread 3 ] DEBUG Engine               - class com.almasb.fxgl.achievement.AchievementService
16:29:13.441 [FXGL Background Thread 3 ] DEBUG Engine               - class com.almasb.fxgl.cutscene.CutsceneService
16:29:13.441 [FXGL Background Thread 3 ] DEBUG Engine               - class com.almasb.fxgl.minigames.MiniGameService
16:29:13.441 [FXGL Background Thread 3 ] DEBUG Engine               - class com.almasb.fxgl.net.NetService
16:29:13.441 [FXGL Background Thread 3 ] DEBUG Engine               - class com.almasb.fxgl.app.services.UpdaterService
16:29:13.441 [FXGL Background Thread 3 ] DEBUG Engine               - class com.almasb.fxgl.dev.DevService
16:29:14.650 [JavaFX Application Thread] DEBUG FXGLApplication      - Exiting FXGL
16:29:14.651 [JavaFX Application Thread] DEBUG LoopRunner           - Stopping loop
16:29:14.651 [JavaFX Application Thread] DEBUG SystemBundleService  - Saving FXGL system data
16:29:14.655 [JavaFX Application Thread] DEBUG FileSystemAccess     - Writing to: /Users/huyle/Downloads/demo-main/system/fxgl.bundle
16:29:14.660 [JavaFX Application Thread] DEBUG Async                - Shutting down background threads
16:29:14.660 [JavaFX Application Thread] DEBUG PrimaryStageWindow   - Closing main window
16:29:14.698 [JavaFX Application Thread] DEBUG Logger               - Closing Logger
