01:31:46.154 [main                     ] DEBUG Logger               - Configured Logger
01:31:46.160 [main                     ] DEBUG GameApplication      - Logging settings
Title: Akanov-an225
Version: 0.2
Width: 960
Height: 720
Fullscreen: false
Intro: false
Profiling: false
Single step:false
App Mode: DEVELOPER
Menu Key: ESCAPE
Stage Style: DECORATED
Scene Factory: class view.GeneralInit$1

01:31:46.551 [JavaFX Application Thread] DEBUG FXGLApplication      - Initializing FXGL
01:31:46.554 [JavaFX Application Thread] INFO  Engine               - FXGL-17.3 (30.03.2023 11.49) on WINDOWS (J:24.0.2 FX:21.0.6)
01:31:46.554 [JavaFX Application Thread] DEBUG Engine               - JRE Vendor Name: Oracle Corporation
01:31:46.554 [JavaFX Application Thread] DEBUG Engine               - Running on OS: Windows 11 version 10.0
01:31:46.554 [JavaFX Application Thread] DEBUG Engine               - Architecture: amd64
01:31:46.554 [JavaFX Application Thread] INFO  Engine               - Source code and latest versions at: https://github.com/AlmasB/FXGL
01:31:46.554 [JavaFX Application Thread] INFO  Engine               -       Ask questions and discuss at: https://github.com/AlmasB/FXGL/discussions
01:31:46.554 [JavaFX Application Thread] INFO  Engine               -              Join the FXGL chat at: https://gitter.im/AlmasB/FXGL
01:31:46.635 [JavaFX Application Thread] DEBUG PrimaryStageWindow   - Creating a JavaFX scene
01:31:46.679 [JavaFX Application Thread] DEBUG PrimaryStageWindow   - Target settings size: 960.0 x 720.0
01:31:46.679 [JavaFX Application Thread] DEBUG PrimaryStageWindow   - Scaled scene size:    960.0 x 720.0
01:31:46.679 [JavaFX Application Thread] DEBUG PrimaryStageWindow   - Scaled ratio: (1.0, 1.0)
01:31:46.680 [JavaFX Application Thread] DEBUG PrimaryStageWindow   - Set initial scene to FXGLStartupScene
01:31:46.684 [JavaFX Application Thread] DEBUG PrimaryStageWindow   - Opening main window
01:31:46.779 [JavaFX Application Thread] DEBUG PrimaryStageWindow   - Window border size: (13.823974609375, 37.24798583984375)
01:31:46.779 [JavaFX Application Thread] DEBUG PrimaryStageWindow   - Scaled size: 960.0 x 720.0
01:31:46.779 [JavaFX Application Thread] DEBUG PrimaryStageWindow   - Scaled ratio: (1.0, 1.0)
01:31:46.779 [JavaFX Application Thread] DEBUG PrimaryStageWindow   - Scene size: 960.0 x 720.0
01:31:46.780 [JavaFX Application Thread] DEBUG PrimaryStageWindow   - Stage size: 973.823974609375 x 757.2479858398438
01:31:46.791 [FXGL Background Thread 1 ] DEBUG Engine               - Initializing environment variables
01:31:46.877 [FXGL Background Thread 1 ] DEBUG FXGLAssetLoaderServi - User app class for loading assets: class view.Launch
01:31:46.877 [FXGL Background Thread 1 ] DEBUG GameApplicationServi - Applying CSS: fxgl_dark.css
01:31:46.878 [FXGL Background Thread 1 ] DEBUG FXGLAssetLoaderServi - Loading from file system: jar:file:///C:/Users/Tuanngth/.m2/repository/com/github/almasb/fxgl/17.3/fxgl-17.3.jar!/fxglassets/ui/css/fxgl_dark.css
01:31:46.921 [FXGL Background Thread 1 ] DEBUG GameApplicationServi - Initializing application scenes
01:31:46.962 [FXGL Background Thread 1 ] DEBUG GameWorld            - Game world initialized
01:31:47.020 [FXGL Background Thread 1 ] DEBUG PhysicsWorld         - Physics world initialized: appHeight=720, physics.ppm=50,0
01:31:47.020 [FXGL Background Thread 1 ] DEBUG PhysicsWorld         - Using strategy: BRUTE_FORCE
01:31:47.023 [FXGL Background Thread 1 ] DEBUG GameScene            - Game scene initialized: 960x720
01:31:47.053 [FXGL Background Thread 1 ] DEBUG GameApplicationServi - Application scenes initialized
01:31:47.063 [FXGL Background Thread 1 ] DEBUG SystemBundleService  - Loading FXGL system data
01:31:47.066 [FXGL Background Thread 1 ] DEBUG FileSystemAccess     - Reading from: C:\Users\Tuanngth\Desktop\akanov-an225-huy\system\fxgl.bundle
01:31:47.072 [FXGL Background Thread 1 ] DEBUG SystemBundleService  - Bundle FXGL: {}
01:31:47.072 [FXGL Background Thread 1 ] DEBUG UpdaterService       - Checking for updates
01:31:47.079 [FXGL Background Thread 4 ] DEBUG FXGLApplication      - Loading fonts
01:31:47.079 [FXGL Background Thread 4 ] DEBUG FXGLAssetLoaderServi - Loading from file system: jar:file:///C:/Users/Tuanngth/.m2/repository/com/github/almasb/fxgl/17.3/fxgl-17.3.jar!/fxglassets/ui/fonts/VarelaRound-Regular.ttf
01:31:47.084 [FXGL Background Thread 1 ] DEBUG FXGLApplication      - Loading default localization
01:31:47.085 [FXGL Background Thread 1 ] DEBUG FXGLAssetLoaderServi - Loading from file system: jar:file:///C:/Users/Tuanngth/.m2/repository/com/github/almasb/fxgl/17.3/fxgl-17.3.jar!/fxglassets/languages/english.lang
01:31:47.136 [FXGL Background Thread 4 ] DEBUG FXGLAssetLoaderServi - Loading from file system: jar:file:///C:/Users/Tuanngth/.m2/repository/com/github/almasb/fxgl/17.3/fxgl-17.3.jar!/fxglassets/ui/fonts/Abel-Regular.ttf
01:31:47.144 [FXGL Background Thread 4 ] DEBUG FXGLAssetLoaderServi - Loading from file system: jar:file:///C:/Users/Tuanngth/.m2/repository/com/github/almasb/fxgl/17.3/fxgl-17.3.jar!/fxglassets/ui/fonts/TerminalLandMono-Regular.otf
01:31:47.150 [FXGL Background Thread 4 ] DEBUG FXGLAssetLoaderServi - Loading from file system: jar:file:///C:/Users/Tuanngth/.m2/repository/com/github/almasb/fxgl/17.3/fxgl-17.3.jar!/fxglassets/ui/fonts/Courier-Prime.ttf
01:31:47.154 [FXGL Background Thread 1 ] INFO  FXGLApplication      - FXGL initialization took: 0,363 sec
01:31:47.173 [JavaFX Application Thread] DEBUG Input                - Registered new binding: action0 - Right
01:31:47.174 [JavaFX Application Thread] DEBUG Input                - Registered new binding: action1 - Left
01:31:47.174 [JavaFX Application Thread] DEBUG Input                - Registered new binding: action2 - D
01:31:47.175 [JavaFX Application Thread] DEBUG FXGLAssetLoaderServi - Loading from file system: jar:file:///C:/Users/Tuanngth/.m2/repository/com/github/almasb/fxgl/17.3/fxgl-17.3.jar!/fxglassets/textures/fxgl_icon.png
01:31:47.215 [JavaFX Application Thread] DEBUG FXGLAssetLoaderServi - Loading from file system: jar:file:///C:/Users/Tuanngth/.m2/repository/com/github/almasb/fxgl/17.3/fxgl-17.3.jar!/fxglassets/textures/fxgl_default_cursor.png
01:31:47.217 [JavaFX Application Thread] DEBUG Input                - Registered new binding: Screenshot - CTRL+8
01:31:47.218 [JavaFX Application Thread] DEBUG Input                - Registered new binding: System info dump - CTRL+9
01:31:47.219 [JavaFX Application Thread] DEBUG Input                - Registered new binding: Restart - CTRL+R
01:31:47.219 [JavaFX Application Thread] DEBUG Input                - Registered new binding: Toggle Debug Camera - CTRL+7
01:31:47.224 [JavaFX Application Thread] DEBUG LoopRunner           - Starting loop
01:31:47.224 [JavaFX Application Thread] DEBUG LoopRunner           - Initializing JavaFX AnimationTimerLoop
01:31:47.225 [JavaFX Application Thread] DEBUG GameApplicationServi - Starting new game
01:31:47.225 [JavaFX Application Thread] DEBUG Input                - Clearing active input actions
01:31:47.239 [JavaFX Application Thread] DEBUG GameApplicationServi - Removing overlay from FXGLStartupScene and adding to FXGLLoadingScene
01:31:47.239 [JavaFX Application Thread] DEBUG PrimaryStageWindow   - FXGLStartupScene -> FXGLLoadingScene
01:31:47.239 [JavaFX Application Thread] DEBUG GameApplicationServi - Clearing previous game
01:31:47.239 [JavaFX Application Thread] DEBUG GameScene            - Clearing game scene
01:31:47.239 [JavaFX Application Thread] DEBUG GameWorld            - Clearing game world
01:31:47.239 [JavaFX Application Thread] DEBUG PhysicsWorld         - Clearing physics world
01:31:47.243 [JavaFX Application Thread] DEBUG FXGLApplication      - Registering font factories with UI factory
01:31:47.243 [FXGL Background Thread 4 ] DEBUG FXGLApplication      - Initializing game
01:31:47.248 [FXGL Background Thread 4 ] WARN  Entity               - Entity already has component: com.almasb.fxgl.entity.components.BoundingBoxComponent
01:31:47.304 [FXGL Background Thread 4 ] INFO  FXGLApplication      - Game initialization took: 0,061 sec
01:31:47.365 [JavaFX Application Thread] DEBUG Input                - Clearing active input actions
01:31:47.393 [JavaFX Application Thread] DEBUG GameApplicationServi - Removing overlay from FXGLLoadingScene and adding to GameScene
01:31:47.393 [JavaFX Application Thread] DEBUG PrimaryStageWindow   - FXGLLoadingScene -> GameScene
01:31:48.009 [FXGL Background Thread 2 ] INFO  UpdaterService       - Your current version:  17.3
01:31:48.009 [FXGL Background Thread 2 ] INFO  UpdaterService       - Latest stable version: 21.1
01:31:49.211 [JavaFX Application Thread] DEBUG PrimaryStageWindow   - Push state: PauseMenu
01:31:49.258 [JavaFX Application Thread] DEBUG Input                - Clearing active input actions
01:31:49.259 [JavaFX Application Thread] DEBUG GameApplicationServi - Removing overlay from GameScene and adding to PauseMenu
01:31:49.260 [JavaFX Application Thread] DEBUG PrimaryStageWindow   - GameScene -> PauseMenu
01:31:50.078 [FXGL Background Thread 3 ] DEBUG Engine               - Logging environment variables
01:31:50.080 [FXGL Background Thread 3 ] DEBUG Engine               - achievements: []
01:31:50.081 [FXGL Background Thread 3 ] DEBUG Engine               - actualHeight: 720.0
01:31:50.081 [FXGL Background Thread 3 ] DEBUG Engine               - actualHeightProperty: ReadOnlyDoubleProperty [value: 720.0]
01:31:50.081 [FXGL Background Thread 3 ] DEBUG Engine               - actualWidth: 960.0
01:31:50.082 [FXGL Background Thread 3 ] DEBUG Engine               - actualWidthProperty: ReadOnlyDoubleProperty [value: 960.0]
01:31:50.082 [FXGL Background Thread 3 ] DEBUG Engine               - appIcon: fxgl_icon.png
01:31:50.082 [FXGL Background Thread 3 ] DEBUG Engine               - applicationMode: DEVELOPER
01:31:50.082 [FXGL Background Thread 3 ] DEBUG Engine               - cSSList: [fxgl_dark.css]
01:31:50.083 [FXGL Background Thread 3 ] DEBUG Engine               - collisionDetectionStrategy: BRUTE_FORCE
01:31:50.083 [FXGL Background Thread 3 ] DEBUG Engine               - configClass: Optional.empty
01:31:50.083 [FXGL Background Thread 3 ] DEBUG Engine               - credits: []
01:31:50.087 [FXGL Background Thread 3 ] DEBUG Engine               - defaultCursor: CursorInfo(imageName=fxgl_default_cursor.png, hotspotX=7.0, hotspotY=6.0)
01:31:50.087 [FXGL Background Thread 3 ] DEBUG Engine               - devBBoxColorProperty: ObjectProperty [value: 0xff0000ff]
01:31:50.087 [FXGL Background Thread 3 ] DEBUG Engine               - devEnableDebugCameraProperty: BooleanProperty [value: false]
01:31:50.088 [FXGL Background Thread 3 ] DEBUG Engine               - devSensorColorProperty: ObjectProperty [value: 0xffff00ff]
01:31:50.088 [FXGL Background Thread 3 ] DEBUG Engine               - devShowBBoxProperty: BooleanProperty [value: false]
01:31:50.088 [FXGL Background Thread 3 ] DEBUG Engine               - devShowPositionProperty: BooleanProperty [value: false]
01:31:50.088 [FXGL Background Thread 3 ] DEBUG Engine               - enabledMenuItems: []
01:31:50.088 [FXGL Background Thread 3 ] DEBUG Engine               - engineServices: [class com.almasb.fxgl.app.services.FXGLAssetLoaderService, class com.almasb.fxgl.app.FXGLApplication$GameApplicationService, class com.almasb.fxgl.app.services.FXGLDialogService, class com.almasb.fxgl.app.services.IOTaskExecutorService, class com.almasb.fxgl.io.FileSystemService, class com.almasb.fxgl.localization.LocalizationService, class com.almasb.fxgl.app.services.SystemBundleService, class com.almasb.fxgl.profile.SaveLoadService, class com.almasb.fxgl.ui.FXGLUIFactoryServiceProvider, class com.almasb.fxgl.ui.FXGLDialogFactoryServiceProvider, class com.almasb.fxgl.audio.AudioPlayer, class com.almasb.fxgl.notification.impl.NotificationServiceProvider, class com.almasb.fxgl.achievement.AchievementService, class com.almasb.fxgl.cutscene.CutsceneService, class com.almasb.fxgl.minigames.MiniGameService, class com.almasb.fxgl.net.NetService, class com.almasb.fxgl.app.services.UpdaterService, class com.almasb.fxgl.dev.DevService]
01:31:50.088 [FXGL Background Thread 3 ] DEBUG Engine               - fontGame: Abel-Regular.ttf
01:31:50.088 [FXGL Background Thread 3 ] DEBUG Engine               - fontMono: TerminalLandMono-Regular.otf
01:31:50.088 [FXGL Background Thread 3 ] DEBUG Engine               - fontSizeScaleUI: 1.0
01:31:50.088 [FXGL Background Thread 3 ] DEBUG Engine               - fontText: Courier-Prime.ttf
01:31:50.089 [FXGL Background Thread 3 ] DEBUG Engine               - fontUI: VarelaRound-Regular.ttf
01:31:50.089 [FXGL Background Thread 3 ] DEBUG Engine               - fullScreen: BooleanProperty [value: false]
01:31:50.089 [FXGL Background Thread 3 ] DEBUG Engine               - gameDifficulty: MEDIUM
01:31:50.089 [FXGL Background Thread 3 ] DEBUG Engine               - gameDifficultyProperty: ObjectProperty [value: MEDIUM]
01:31:50.089 [FXGL Background Thread 3 ] DEBUG Engine               - globalMusicVolume: 0.5
01:31:50.089 [FXGL Background Thread 3 ] DEBUG Engine               - globalMusicVolumeProperty: DoubleProperty [value: 0.5]
01:31:50.089 [FXGL Background Thread 3 ] DEBUG Engine               - globalSoundVolume: 0.5
01:31:50.089 [FXGL Background Thread 3 ] DEBUG Engine               - globalSoundVolumeProperty: DoubleProperty [value: 0.5]
01:31:50.089 [FXGL Background Thread 3 ] DEBUG Engine               - height: 720
01:31:50.089 [FXGL Background Thread 3 ] DEBUG Engine               - is3D: false
01:31:50.090 [FXGL Background Thread 3 ] DEBUG Engine               - isAndroid: false
01:31:50.090 [FXGL Background Thread 3 ] DEBUG Engine               - isBrowser: false
01:31:50.090 [FXGL Background Thread 3 ] DEBUG Engine               - isClickFeedbackEnabled: false
01:31:50.090 [FXGL Background Thread 3 ] DEBUG Engine               - isCloseConfirmation: false
01:31:50.090 [FXGL Background Thread 3 ] DEBUG Engine               - isDesktop: true
01:31:50.090 [FXGL Background Thread 3 ] DEBUG Engine               - isDeveloperMenuEnabled: false
01:31:50.090 [FXGL Background Thread 3 ] DEBUG Engine               - isEmbedded: false
01:31:50.090 [FXGL Background Thread 3 ] DEBUG Engine               - isEntityPreloadEnabled: true
01:31:50.090 [FXGL Background Thread 3 ] DEBUG Engine               - isExperimentalTiledLargeMap: false
01:31:50.090 [FXGL Background Thread 3 ] DEBUG Engine               - isFileSystemWriteAllowed: true
01:31:50.090 [FXGL Background Thread 3 ] DEBUG Engine               - isFullScreenAllowed: false
01:31:50.091 [FXGL Background Thread 3 ] DEBUG Engine               - isFullScreenFromStart: false
01:31:50.091 [FXGL Background Thread 3 ] DEBUG Engine               - isGameMenuEnabled: true
01:31:50.091 [FXGL Background Thread 3 ] DEBUG Engine               - isIOS: false
01:31:50.091 [FXGL Background Thread 3 ] DEBUG Engine               - isIntroEnabled: false
01:31:50.091 [FXGL Background Thread 3 ] DEBUG Engine               - isLinux: false
01:31:50.092 [FXGL Background Thread 3 ] DEBUG Engine               - isMac: false
01:31:50.092 [FXGL Background Thread 3 ] DEBUG Engine               - isMainMenuEnabled: false
01:31:50.092 [FXGL Background Thread 3 ] DEBUG Engine               - isManualResizeEnabled: false
01:31:50.093 [FXGL Background Thread 3 ] DEBUG Engine               - isMobile: false
01:31:50.093 [FXGL Background Thread 3 ] DEBUG Engine               - isNative: false
01:31:50.093 [FXGL Background Thread 3 ] DEBUG Engine               - isPauseMusicWhenMinimized: true
01:31:50.093 [FXGL Background Thread 3 ] DEBUG Engine               - isPreserveResizeRatio: false
01:31:50.093 [FXGL Background Thread 3 ] DEBUG Engine               - isProfilingEnabled: false
01:31:50.093 [FXGL Background Thread 3 ] DEBUG Engine               - isScaleAffectedOnResize: true
01:31:50.093 [FXGL Background Thread 3 ] DEBUG Engine               - isSingleStep: false
01:31:50.093 [FXGL Background Thread 3 ] DEBUG Engine               - isUserProfileEnabled: false
01:31:50.093 [FXGL Background Thread 3 ] DEBUG Engine               - isWindows: true
01:31:50.094 [FXGL Background Thread 3 ] DEBUG Engine               - language: ObjectProperty [value: ENGLISH]
01:31:50.094 [FXGL Background Thread 3 ] DEBUG Engine               - menuKey: ESCAPE
01:31:50.094 [FXGL Background Thread 3 ] DEBUG Engine               - mouseSensitivity: 0.2
01:31:50.094 [FXGL Background Thread 3 ] DEBUG Engine               - notificationViewClass: class com.almasb.fxgl.notification.view.XboxNotificationView
01:31:50.094 [FXGL Background Thread 3 ] DEBUG Engine               - pixelsPerMeter: 50.0
01:31:50.094 [FXGL Background Thread 3 ] DEBUG Engine               - platform: WINDOWS
01:31:50.094 [FXGL Background Thread 3 ] DEBUG Engine               - prefHeightProperty: ReadOnlyDoubleProperty [value: 720.0]
01:31:50.094 [FXGL Background Thread 3 ] DEBUG Engine               - prefWidthProperty: ReadOnlyDoubleProperty [value: 960.0]
01:31:50.094 [FXGL Background Thread 3 ] DEBUG Engine               - profileDir: profiles/
01:31:50.095 [FXGL Background Thread 3 ] DEBUG Engine               - profileName: StringProperty [value: DEFAULT]
01:31:50.095 [FXGL Background Thread 3 ] DEBUG Engine               - randomSeed: -1
01:31:50.095 [FXGL Background Thread 3 ] DEBUG Engine               - runtimeInfo: RuntimeInfo(platform=WINDOWS, version=17.3, build=30.03.2023 11.49)
01:31:50.095 [FXGL Background Thread 3 ] DEBUG Engine               - saveFileExt: sav
01:31:50.096 [FXGL Background Thread 3 ] DEBUG Engine               - scaledHeightProp$fxgl: DoubleProperty [bound, value: 720.0]
01:31:50.096 [FXGL Background Thread 3 ] DEBUG Engine               - scaledWidthProp$fxgl: DoubleProperty [bound, value: 960.0]
01:31:50.096 [FXGL Background Thread 3 ] DEBUG Engine               - sceneFactory: view.GeneralInit$1@6d39dd4f
01:31:50.096 [FXGL Background Thread 3 ] DEBUG Engine               - secondsIn24h: 60
01:31:50.096 [FXGL Background Thread 3 ] DEBUG Engine               - soundMenuBack: menu/back.wav
01:31:50.096 [FXGL Background Thread 3 ] DEBUG Engine               - soundMenuPress: menu/press.wav
01:31:50.096 [FXGL Background Thread 3 ] DEBUG Engine               - soundMenuSelect: menu/select.wav
01:31:50.097 [FXGL Background Thread 3 ] DEBUG Engine               - soundNotification: core/notification.wav
01:31:50.097 [FXGL Background Thread 3 ] DEBUG Engine               - stageStyle: DECORATED
01:31:50.097 [FXGL Background Thread 3 ] DEBUG Engine               - supportedLanguages: [ENGLISH, FRENCH, GERMAN, HUNGARIAN, RUSSIAN]
01:31:50.097 [FXGL Background Thread 3 ] DEBUG Engine               - ticksPerSecond: -1
01:31:50.097 [FXGL Background Thread 3 ] DEBUG Engine               - title: Akanov-an225
01:31:50.097 [FXGL Background Thread 3 ] DEBUG Engine               - urlGithub: https://github.com/AlmasB/FXGL
01:31:50.097 [FXGL Background Thread 3 ] DEBUG Engine               - urlLeaderboard: http://fxgl-top.herokuapp.com/
01:31:50.097 [FXGL Background Thread 3 ] DEBUG Engine               - urlPOM: https://raw.githubusercontent.com/AlmasB/FXGL/release/README.md
01:31:50.097 [FXGL Background Thread 3 ] DEBUG Engine               - userAppClass: class view.Launch
01:31:50.097 [FXGL Background Thread 3 ] DEBUG Engine               - version: 0.2
01:31:50.098 [FXGL Background Thread 3 ] DEBUG Engine               - versionCheckDays: 7
01:31:50.098 [FXGL Background Thread 3 ] DEBUG Engine               - width: 960
01:31:50.098 [FXGL Background Thread 3 ] DEBUG Engine               - Logging services
01:31:50.098 [FXGL Background Thread 3 ] DEBUG Engine               - class com.almasb.fxgl.app.services.FXGLAssetLoaderService
01:31:50.098 [FXGL Background Thread 3 ] DEBUG Engine               - class com.almasb.fxgl.app.FXGLApplication$GameApplicationService
01:31:50.098 [FXGL Background Thread 3 ] DEBUG Engine               - class com.almasb.fxgl.app.services.FXGLDialogService
01:31:50.099 [FXGL Background Thread 3 ] DEBUG Engine               - class com.almasb.fxgl.app.services.IOTaskExecutorService
01:31:50.099 [FXGL Background Thread 3 ] DEBUG Engine               - class com.almasb.fxgl.io.FileSystemService
01:31:50.099 [FXGL Background Thread 3 ] DEBUG Engine               - class com.almasb.fxgl.localization.LocalizationService
01:31:50.099 [FXGL Background Thread 3 ] DEBUG Engine               - class com.almasb.fxgl.app.services.SystemBundleService
01:31:50.099 [FXGL Background Thread 3 ] DEBUG Engine               - class com.almasb.fxgl.profile.SaveLoadService
01:31:50.099 [FXGL Background Thread 3 ] DEBUG Engine               - class com.almasb.fxgl.ui.FXGLUIFactoryServiceProvider
01:31:50.099 [FXGL Background Thread 3 ] DEBUG Engine               - class com.almasb.fxgl.ui.FXGLDialogFactoryServiceProvider
01:31:50.099 [FXGL Background Thread 3 ] DEBUG Engine               - class com.almasb.fxgl.audio.AudioPlayer
01:31:50.099 [FXGL Background Thread 3 ] DEBUG Engine               - class com.almasb.fxgl.notification.impl.NotificationServiceProvider
01:31:50.099 [FXGL Background Thread 3 ] DEBUG Engine               - class com.almasb.fxgl.achievement.AchievementService
01:31:50.099 [FXGL Background Thread 3 ] DEBUG Engine               - class com.almasb.fxgl.cutscene.CutsceneService
01:31:50.099 [FXGL Background Thread 3 ] DEBUG Engine               - class com.almasb.fxgl.minigames.MiniGameService
01:31:50.099 [FXGL Background Thread 3 ] DEBUG Engine               - class com.almasb.fxgl.net.NetService
01:31:50.099 [FXGL Background Thread 3 ] DEBUG Engine               - class com.almasb.fxgl.app.services.UpdaterService
01:31:50.099 [FXGL Background Thread 3 ] DEBUG Engine               - class com.almasb.fxgl.dev.DevService
01:31:52.760 [JavaFX Application Thread] DEBUG Menu                 - fireSave()
01:31:52.795 [JavaFX Application Thread] DEBUG PrimaryStageWindow   - Push state: DialogSubScene
01:31:52.795 [JavaFX Application Thread] DEBUG Input                - Clearing active input actions
01:31:52.800 [JavaFX Application Thread] DEBUG GameApplicationServi - Removing overlay from PauseMenu and adding to DialogSubScene
01:31:52.800 [JavaFX Application Thread] DEBUG PrimaryStageWindow   - PauseMenu -> DialogSubScene
01:32:03.142 [JavaFX Application Thread] DEBUG PrimaryStageWindow   - Pop state: DialogSubScene
01:32:03.144 [JavaFX Application Thread] DEBUG Input                - Clearing active input actions
01:32:03.144 [JavaFX Application Thread] DEBUG GameApplicationServi - Removing overlay from DialogSubScene and adding to PauseMenu
01:32:03.145 [JavaFX Application Thread] DEBUG PrimaryStageWindow   - PauseMenu <- DialogSubScene
01:32:03.934 [JavaFX Application Thread] DEBUG Menu                 - fireNewGame()
01:32:03.934 [JavaFX Application Thread] DEBUG GameApplicationServi - Starting new game
01:32:03.934 [JavaFX Application Thread] DEBUG PrimaryStageWindow   - Pop state: PauseMenu
01:32:03.934 [JavaFX Application Thread] DEBUG Input                - Clearing active input actions
01:32:03.939 [JavaFX Application Thread] DEBUG GameApplicationServi - Removing overlay from PauseMenu and adding to GameScene
01:32:03.940 [JavaFX Application Thread] DEBUG PrimaryStageWindow   - GameScene <- PauseMenu
01:32:03.940 [JavaFX Application Thread] DEBUG Input                - Clearing active input actions
01:32:03.951 [JavaFX Application Thread] DEBUG GameApplicationServi - Removing overlay from GameScene and adding to FXGLLoadingScene
01:32:03.952 [JavaFX Application Thread] DEBUG PrimaryStageWindow   - GameScene -> FXGLLoadingScene
01:32:03.952 [JavaFX Application Thread] DEBUG GameApplicationServi - Clearing previous game
01:32:03.954 [JavaFX Application Thread] DEBUG GameScene            - Clearing game scene
01:32:03.954 [JavaFX Application Thread] DEBUG GameWorld            - Clearing game world
01:32:03.961 [JavaFX Application Thread] DEBUG PhysicsWorld         - Clearing physics world
01:32:03.961 [FXGL Background Thread 2 ] DEBUG FXGLApplication      - Initializing game
01:32:03.962 [FXGL Background Thread 2 ] WARN  Entity               - Entity already has component: com.almasb.fxgl.entity.components.BoundingBoxComponent
01:32:03.974 [FXGL Background Thread 2 ] INFO  FXGLApplication      - Game initialization took: 0,013 sec
01:32:03.974 [JavaFX Application Thread] DEBUG Input                - Clearing active input actions
01:32:03.979 [JavaFX Application Thread] DEBUG GameApplicationServi - Removing overlay from FXGLLoadingScene and adding to GameScene
01:32:03.979 [JavaFX Application Thread] DEBUG PrimaryStageWindow   - FXGLLoadingScene -> GameScene
01:32:05.161 [JavaFX Application Thread] DEBUG PrimaryStageWindow   - Push state: PauseMenu
01:32:05.189 [JavaFX Application Thread] DEBUG Input                - Clearing active input actions
01:32:05.190 [JavaFX Application Thread] DEBUG GameApplicationServi - Removing overlay from GameScene and adding to PauseMenu
01:32:05.191 [JavaFX Application Thread] DEBUG PrimaryStageWindow   - GameScene -> PauseMenu
01:32:07.324 [JavaFX Application Thread] DEBUG Menu                 - fireExit()
01:32:07.328 [JavaFX Application Thread] DEBUG PrimaryStageWindow   - Push state: DialogSubScene
01:32:07.328 [JavaFX Application Thread] DEBUG Input                - Clearing active input actions
01:32:07.337 [JavaFX Application Thread] DEBUG GameApplicationServi - Removing overlay from PauseMenu and adding to DialogSubScene
01:32:07.338 [JavaFX Application Thread] DEBUG PrimaryStageWindow   - PauseMenu -> DialogSubScene
01:32:09.427 [JavaFX Application Thread] DEBUG PrimaryStageWindow   - Pop state: DialogSubScene
01:32:09.427 [JavaFX Application Thread] DEBUG Input                - Clearing active input actions
01:32:09.428 [JavaFX Application Thread] DEBUG GameApplicationServi - Removing overlay from DialogSubScene and adding to PauseMenu
01:32:09.428 [JavaFX Application Thread] DEBUG PrimaryStageWindow   - PauseMenu <- DialogSubScene
01:32:10.648 [JavaFX Application Thread] DEBUG Menu                 - fireNewGame()
01:32:10.648 [JavaFX Application Thread] DEBUG GameApplicationServi - Starting new game
01:32:10.648 [JavaFX Application Thread] DEBUG PrimaryStageWindow   - Pop state: PauseMenu
01:32:10.648 [JavaFX Application Thread] DEBUG Input                - Clearing active input actions
01:32:10.648 [JavaFX Application Thread] DEBUG GameApplicationServi - Removing overlay from PauseMenu and adding to GameScene
01:32:10.648 [JavaFX Application Thread] DEBUG PrimaryStageWindow   - GameScene <- PauseMenu
01:32:10.649 [JavaFX Application Thread] DEBUG Input                - Clearing active input actions
01:32:10.653 [JavaFX Application Thread] DEBUG GameApplicationServi - Removing overlay from GameScene and adding to FXGLLoadingScene
01:32:10.653 [JavaFX Application Thread] DEBUG PrimaryStageWindow   - GameScene -> FXGLLoadingScene
01:32:10.653 [JavaFX Application Thread] DEBUG GameApplicationServi - Clearing previous game
01:32:10.653 [JavaFX Application Thread] DEBUG GameScene            - Clearing game scene
01:32:10.653 [JavaFX Application Thread] DEBUG GameWorld            - Clearing game world
01:32:10.658 [JavaFX Application Thread] DEBUG PhysicsWorld         - Clearing physics world
01:32:10.658 [FXGL Background Thread 2 ] DEBUG FXGLApplication      - Initializing game
01:32:10.659 [FXGL Background Thread 2 ] WARN  Entity               - Entity already has component: com.almasb.fxgl.entity.components.BoundingBoxComponent
01:32:10.671 [FXGL Background Thread 2 ] INFO  FXGLApplication      - Game initialization took: 0,013 sec
01:32:10.682 [JavaFX Application Thread] DEBUG Input                - Clearing active input actions
01:32:10.685 [JavaFX Application Thread] DEBUG GameApplicationServi - Removing overlay from FXGLLoadingScene and adding to GameScene
01:32:10.686 [JavaFX Application Thread] DEBUG PrimaryStageWindow   - FXGLLoadingScene -> GameScene
01:32:11.451 [JavaFX Application Thread] DEBUG PrimaryStageWindow   - Push state: PauseMenu
01:32:11.480 [JavaFX Application Thread] DEBUG Input                - Clearing active input actions
01:32:11.481 [JavaFX Application Thread] DEBUG GameApplicationServi - Removing overlay from GameScene and adding to PauseMenu
01:32:11.481 [JavaFX Application Thread] DEBUG PrimaryStageWindow   - GameScene -> PauseMenu
01:32:13.183 [JavaFX Application Thread] DEBUG Menu                 - fireExit()
01:32:13.184 [JavaFX Application Thread] DEBUG PrimaryStageWindow   - Push state: DialogSubScene
01:32:13.185 [JavaFX Application Thread] DEBUG Input                - Clearing active input actions
01:32:13.187 [JavaFX Application Thread] DEBUG GameApplicationServi - Removing overlay from PauseMenu and adding to DialogSubScene
01:32:13.187 [JavaFX Application Thread] DEBUG PrimaryStageWindow   - PauseMenu -> DialogSubScene
01:32:14.087 [JavaFX Application Thread] DEBUG PrimaryStageWindow   - Pop state: DialogSubScene
01:32:14.088 [JavaFX Application Thread] DEBUG Input                - Clearing active input actions
01:32:14.089 [JavaFX Application Thread] DEBUG GameApplicationServi - Removing overlay from DialogSubScene and adding to PauseMenu
01:32:14.089 [JavaFX Application Thread] DEBUG PrimaryStageWindow   - PauseMenu <- DialogSubScene
01:32:14.089 [JavaFX Application Thread] DEBUG FXGLApplication      - Exiting FXGL
01:32:14.089 [JavaFX Application Thread] DEBUG LoopRunner           - Stopping loop
01:32:14.089 [JavaFX Application Thread] DEBUG SystemBundleService  - Saving FXGL system data
01:32:14.093 [JavaFX Application Thread] DEBUG FileSystemAccess     - Writing to: C:\Users\Tuanngth\Desktop\akanov-an225-huy\system\fxgl.bundle
01:32:14.096 [JavaFX Application Thread] DEBUG Async                - Shutting down background threads
01:32:14.097 [JavaFX Application Thread] DEBUG PrimaryStageWindow   - Closing main window
01:32:14.139 [JavaFX Application Thread] DEBUG Logger               - Closing Logger
