18:50:25.077 [main                     ] DEBUG Logger               - Configured Logger
18:50:25.086 [main                     ] DEBUG GameApplication      - Logging settings
Title: Akanov-an225
Version: 0.2
Width: 960
Height: 720
Fullscreen: false
Intro: false
Profiling: false
Single step:false
App Mode: DEVELOPER
Menu Key: ESCAPE
Stage Style: DECORATED
Scene Factory: class com.almasb.fxgl.app.scene.SceneFactory

18:50:25.501 [JavaFX Application Thread] DEBUG FXGLApplication      - Initializing FXGL
18:50:25.503 [JavaFX Application Thread] INFO  Engine               - FXGL-17.3 (30.03.2023 11.49) on MAC (J:24.0.2 FX:21.0.6)
18:50:25.504 [JavaFX Application Thread] DEBUG Engine               - JRE Vendor Name: Amazon.com Inc.
18:50:25.504 [JavaFX Application Thread] DEBUG Engine               - Running on OS: Mac OS X version 14.8.1
18:50:25.504 [JavaFX Application Thread] DEBUG Engine               - Architecture: aarch64
18:50:25.504 [JavaFX Application Thread] INFO  Engine               - Source code and latest versions at: https://github.com/AlmasB/FXGL
18:50:25.504 [JavaFX Application Thread] INFO  Engine               -       Ask questions and discuss at: https://github.com/AlmasB/FXGL/discussions
18:50:25.504 [JavaFX Application Thread] INFO  Engine               -              Join the FXGL chat at: https://gitter.im/AlmasB/FXGL
18:50:25.580 [JavaFX Application Thread] DEBUG PrimaryStageWindow   - Creating a JavaFX scene
18:50:25.618 [JavaFX Application Thread] DEBUG PrimaryStageWindow   - Target settings size: 960.0 x 720.0
18:50:25.618 [JavaFX Application Thread] DEBUG PrimaryStageWindow   - Scaled scene size:    960.0 x 720.0
18:50:25.618 [JavaFX Application Thread] DEBUG PrimaryStageWindow   - Scaled ratio: (1.0, 1.0)
18:50:25.619 [JavaFX Application Thread] DEBUG PrimaryStageWindow   - Set initial scene to FXGLStartupScene
18:50:25.621 [JavaFX Application Thread] DEBUG PrimaryStageWindow   - Opening main window
18:50:25.702 [JavaFX Application Thread] DEBUG PrimaryStageWindow   - Window border size: (0.0, 28.0)
18:50:25.702 [JavaFX Application Thread] DEBUG PrimaryStageWindow   - Scaled size: 960.0 x 720.0
18:50:25.703 [JavaFX Application Thread] DEBUG PrimaryStageWindow   - Scaled ratio: (1.0, 1.0)
18:50:25.703 [JavaFX Application Thread] DEBUG PrimaryStageWindow   - Scene size: 960.0 x 720.0
18:50:25.703 [JavaFX Application Thread] DEBUG PrimaryStageWindow   - Stage size: 960.0 x 748.0
18:50:25.709 [FXGL Background Thread 1 ] DEBUG Engine               - Initializing environment variables
18:50:25.781 [FXGL Background Thread 1 ] DEBUG FXGLAssetLoaderServi - User app class for loading assets: class view.Launch
18:50:25.782 [FXGL Background Thread 1 ] DEBUG GameApplicationServi - Applying CSS: fxgl_dark.css
18:50:25.783 [FXGL Background Thread 1 ] DEBUG FXGLAssetLoaderServi - Loading from file system: jar:file:///Users/huyle/.m2/repository/com/github/almasb/fxgl/17.3/fxgl-17.3.jar!/fxglassets/ui/css/fxgl_dark.css
18:50:25.832 [FXGL Background Thread 1 ] DEBUG GameApplicationServi - Initializing application scenes
18:50:25.937 [FXGL Background Thread 1 ] DEBUG GameWorld            - Game world initialized
18:50:25.983 [FXGL Background Thread 1 ] DEBUG PhysicsWorld         - Physics world initialized: appHeight=720, physics.ppm=50.0
18:50:25.983 [FXGL Background Thread 1 ] DEBUG PhysicsWorld         - Using strategy: BRUTE_FORCE
18:50:25.986 [FXGL Background Thread 1 ] DEBUG GameScene            - Game scene initialized: 960x720
18:50:25.994 [FXGL Background Thread 1 ] DEBUG FXGL.DefaultMenu     - createMenuBodyGameMenu()
18:50:26.009 [FXGL Background Thread 1 ] DEBUG FXGL.DefaultMenu     - createOptionsMenu()
18:50:26.016 [FXGL Background Thread 1 ] DEBUG FXGLAssetLoaderServi - Loading from file system: jar:file:///Users/huyle/.m2/repository/com/github/almasb/fxgl/17.3/fxgl-17.3.jar!/fxglassets/textures/particles/smoke.png
18:50:26.089 [FXGL Background Thread 1 ] DEBUG FXGLAssetLoaderServi - Loading from file system: jar:file:///Users/huyle/.m2/repository/com/github/almasb/fxgl/17.3/fxgl-17.3.jar!/fxglassets/textures/particles/trace_horizontal.png
18:50:26.116 [FXGL Background Thread 1 ] DEBUG GameApplicationServi - Application scenes initialized
18:50:26.123 [FXGL Background Thread 1 ] DEBUG SystemBundleService  - Loading FXGL system data
18:50:26.125 [FXGL Background Thread 1 ] DEBUG FileSystemAccess     - Reading from: /Users/huyle/Documents/UET/year2/ki1/OOP/BTL/demo1/system/fxgl.bundle
18:50:26.130 [FXGL Background Thread 1 ] DEBUG SystemBundleService  - Bundle FXGL: {}
18:50:26.131 [FXGL Background Thread 1 ] DEBUG UpdaterService       - Checking for updates
18:50:26.134 [FXGL Background Thread 4 ] DEBUG FXGLApplication      - Loading fonts
18:50:26.135 [FXGL Background Thread 4 ] DEBUG FXGLAssetLoaderServi - Loading from file system: jar:file:///Users/huyle/.m2/repository/com/github/almasb/fxgl/17.3/fxgl-17.3.jar!/fxglassets/ui/fonts/VarelaRound-Regular.ttf
18:50:26.135 [FXGL Background Thread 1 ] DEBUG FXGLApplication      - Loading default localization
18:50:26.135 [FXGL Background Thread 1 ] DEBUG FXGLAssetLoaderServi - Loading from file system: jar:file:///Users/huyle/.m2/repository/com/github/almasb/fxgl/17.3/fxgl-17.3.jar!/fxglassets/languages/english.lang
18:50:26.147 [FXGL Background Thread 1 ] INFO  FXGLApplication      - FXGL initialization took: 0.438 sec
18:50:26.148 [FXGL Background Thread 4 ] DEBUG FXGLAssetLoaderServi - Loading from file system: jar:file:///Users/huyle/.m2/repository/com/github/almasb/fxgl/17.3/fxgl-17.3.jar!/fxglassets/ui/fonts/Abel-Regular.ttf
18:50:26.150 [FXGL Background Thread 4 ] DEBUG FXGLAssetLoaderServi - Loading from file system: jar:file:///Users/huyle/.m2/repository/com/github/almasb/fxgl/17.3/fxgl-17.3.jar!/fxglassets/ui/fonts/TerminalLandMono-Regular.otf
18:50:26.153 [FXGL Background Thread 4 ] DEBUG FXGLAssetLoaderServi - Loading from file system: jar:file:///Users/huyle/.m2/repository/com/github/almasb/fxgl/17.3/fxgl-17.3.jar!/fxglassets/ui/fonts/Courier-Prime.ttf
18:50:26.154 [JavaFX Application Thread] DEBUG Input                - Registered new binding: action0 - Right
18:50:26.155 [JavaFX Application Thread] DEBUG Input                - Registered new binding: action1 - Left
18:50:26.155 [JavaFX Application Thread] DEBUG FXGLAssetLoaderServi - Loading from file system: jar:file:///Users/huyle/.m2/repository/com/github/almasb/fxgl/17.3/fxgl-17.3.jar!/fxglassets/textures/fxgl_icon.png
18:50:26.177 [JavaFX Application Thread] DEBUG FXGLAssetLoaderServi - Loading from file system: jar:file:///Users/huyle/.m2/repository/com/github/almasb/fxgl/17.3/fxgl-17.3.jar!/fxglassets/textures/fxgl_default_cursor.png
18:50:26.178 [JavaFX Application Thread] DEBUG Input                - Registered new binding: Screenshot - CTRL+8
18:50:26.179 [JavaFX Application Thread] DEBUG Input                - Registered new binding: System info dump - CTRL+9
18:50:26.179 [JavaFX Application Thread] DEBUG Input                - Registered new binding: Restart - CTRL+R
18:50:26.179 [JavaFX Application Thread] DEBUG Input                - Registered new binding: Toggle Debug Camera - CTRL+7
18:50:26.181 [JavaFX Application Thread] DEBUG LoopRunner           - Starting loop
18:50:26.181 [JavaFX Application Thread] DEBUG LoopRunner           - Initializing JavaFX AnimationTimerLoop
18:50:26.181 [JavaFX Application Thread] DEBUG GameApplicationServi - Starting new game
18:50:26.182 [JavaFX Application Thread] DEBUG Input                - Clearing active input actions
18:50:26.189 [JavaFX Application Thread] DEBUG GameApplicationServi - Removing overlay from FXGLStartupScene and adding to FXGLLoadingScene
18:50:26.189 [JavaFX Application Thread] DEBUG PrimaryStageWindow   - FXGLStartupScene -> FXGLLoadingScene
18:50:26.189 [JavaFX Application Thread] DEBUG GameApplicationServi - Clearing previous game
18:50:26.189 [JavaFX Application Thread] DEBUG GameScene            - Clearing game scene
18:50:26.189 [JavaFX Application Thread] DEBUG GameWorld            - Clearing game world
18:50:26.189 [JavaFX Application Thread] DEBUG PhysicsWorld         - Clearing physics world
18:50:26.190 [FXGL Background Thread 4 ] DEBUG FXGLApplication      - Initializing game
18:50:26.192 [FXGL Background Thread 4 ] WARN  Entity               - Entity already has component: com.almasb.fxgl.entity.components.BoundingBoxComponent
18:50:26.205 [JavaFX Application Thread] DEBUG FXGLApplication      - Registering font factories with UI factory
18:50:26.214 [FXGL Background Thread 4 ] INFO  FXGLApplication      - Game initialization took: 0.023 sec
18:50:26.244 [JavaFX Application Thread] DEBUG Input                - Clearing active input actions
18:50:26.252 [JavaFX Application Thread] DEBUG GameApplicationServi - Removing overlay from FXGLLoadingScene and adding to GameScene
18:50:26.252 [JavaFX Application Thread] DEBUG PrimaryStageWindow   - FXGLLoadingScene -> GameScene
18:50:26.827 [FXGL Background Thread 2 ] INFO  UpdaterService       - Your current version:  17.3
18:50:26.828 [FXGL Background Thread 2 ] INFO  UpdaterService       - Latest stable version: 21.1
18:50:29.138 [FXGL Background Thread 3 ] DEBUG Engine               - Logging environment variables
18:50:29.139 [FXGL Background Thread 3 ] DEBUG Engine               - achievements: []
18:50:29.139 [FXGL Background Thread 3 ] DEBUG Engine               - actualHeight: 720.0
18:50:29.139 [FXGL Background Thread 3 ] DEBUG Engine               - actualHeightProperty: ReadOnlyDoubleProperty [value: 720.0]
18:50:29.139 [FXGL Background Thread 3 ] DEBUG Engine               - actualWidth: 960.0
18:50:29.140 [FXGL Background Thread 3 ] DEBUG Engine               - actualWidthProperty: ReadOnlyDoubleProperty [value: 960.0]
18:50:29.140 [FXGL Background Thread 3 ] DEBUG Engine               - appIcon: fxgl_icon.png
18:50:29.140 [FXGL Background Thread 3 ] DEBUG Engine               - applicationMode: DEVELOPER
18:50:29.140 [FXGL Background Thread 3 ] DEBUG Engine               - cSSList: [fxgl_dark.css]
18:50:29.140 [FXGL Background Thread 3 ] DEBUG Engine               - collisionDetectionStrategy: BRUTE_FORCE
18:50:29.140 [FXGL Background Thread 3 ] DEBUG Engine               - configClass: Optional.empty
18:50:29.140 [FXGL Background Thread 3 ] DEBUG Engine               - credits: []
18:50:29.141 [FXGL Background Thread 3 ] DEBUG Engine               - defaultCursor: CursorInfo(imageName=fxgl_default_cursor.png, hotspotX=7.0, hotspotY=6.0)
18:50:29.141 [FXGL Background Thread 3 ] DEBUG Engine               - devBBoxColorProperty: ObjectProperty [value: 0xff0000ff]
18:50:29.141 [FXGL Background Thread 3 ] DEBUG Engine               - devEnableDebugCameraProperty: BooleanProperty [value: false]
18:50:29.142 [FXGL Background Thread 3 ] DEBUG Engine               - devSensorColorProperty: ObjectProperty [value: 0xffff00ff]
18:50:29.142 [FXGL Background Thread 3 ] DEBUG Engine               - devShowBBoxProperty: BooleanProperty [value: false]
18:50:29.142 [FXGL Background Thread 3 ] DEBUG Engine               - devShowPositionProperty: BooleanProperty [value: false]
18:50:29.142 [FXGL Background Thread 3 ] DEBUG Engine               - enabledMenuItems: []
18:50:29.142 [FXGL Background Thread 3 ] DEBUG Engine               - engineServices: [class com.almasb.fxgl.app.services.FXGLAssetLoaderService, class com.almasb.fxgl.app.FXGLApplication$GameApplicationService, class com.almasb.fxgl.app.services.FXGLDialogService, class com.almasb.fxgl.app.services.IOTaskExecutorService, class com.almasb.fxgl.io.FileSystemService, class com.almasb.fxgl.localization.LocalizationService, class com.almasb.fxgl.app.services.SystemBundleService, class com.almasb.fxgl.profile.SaveLoadService, class com.almasb.fxgl.ui.FXGLUIFactoryServiceProvider, class com.almasb.fxgl.ui.FXGLDialogFactoryServiceProvider, class com.almasb.fxgl.audio.AudioPlayer, class com.almasb.fxgl.notification.impl.NotificationServiceProvider, class com.almasb.fxgl.achievement.AchievementService, class com.almasb.fxgl.cutscene.CutsceneService, class com.almasb.fxgl.minigames.MiniGameService, class com.almasb.fxgl.net.NetService, class com.almasb.fxgl.app.services.UpdaterService, class com.almasb.fxgl.dev.DevService]
18:50:29.142 [FXGL Background Thread 3 ] DEBUG Engine               - fontGame: Abel-Regular.ttf
18:50:29.142 [FXGL Background Thread 3 ] DEBUG Engine               - fontMono: TerminalLandMono-Regular.otf
18:50:29.142 [FXGL Background Thread 3 ] DEBUG Engine               - fontSizeScaleUI: 1.0
18:50:29.142 [FXGL Background Thread 3 ] DEBUG Engine               - fontText: Courier-Prime.ttf
18:50:29.142 [FXGL Background Thread 3 ] DEBUG Engine               - fontUI: VarelaRound-Regular.ttf
18:50:29.143 [FXGL Background Thread 3 ] DEBUG Engine               - fullScreen: BooleanProperty [value: false]
18:50:29.143 [FXGL Background Thread 3 ] DEBUG Engine               - gameDifficulty: MEDIUM
18:50:29.143 [FXGL Background Thread 3 ] DEBUG Engine               - gameDifficultyProperty: ObjectProperty [value: MEDIUM]
18:50:29.143 [FXGL Background Thread 3 ] DEBUG Engine               - globalMusicVolume: 0.5
18:50:29.143 [FXGL Background Thread 3 ] DEBUG Engine               - globalMusicVolumeProperty: DoubleProperty [value: 0.5]
18:50:29.143 [FXGL Background Thread 3 ] DEBUG Engine               - globalSoundVolume: 0.5
18:50:29.143 [FXGL Background Thread 3 ] DEBUG Engine               - globalSoundVolumeProperty: DoubleProperty [value: 0.5]
18:50:29.143 [FXGL Background Thread 3 ] DEBUG Engine               - height: 720
18:50:29.143 [FXGL Background Thread 3 ] DEBUG Engine               - is3D: false
18:50:29.143 [FXGL Background Thread 3 ] DEBUG Engine               - isAndroid: false
18:50:29.144 [FXGL Background Thread 3 ] DEBUG Engine               - isBrowser: false
18:50:29.144 [FXGL Background Thread 3 ] DEBUG Engine               - isClickFeedbackEnabled: false
18:50:29.144 [FXGL Background Thread 3 ] DEBUG Engine               - isCloseConfirmation: false
18:50:29.144 [FXGL Background Thread 3 ] DEBUG Engine               - isDesktop: true
18:50:29.144 [FXGL Background Thread 3 ] DEBUG Engine               - isDeveloperMenuEnabled: false
18:50:29.144 [FXGL Background Thread 3 ] DEBUG Engine               - isEmbedded: false
18:50:29.144 [FXGL Background Thread 3 ] DEBUG Engine               - isEntityPreloadEnabled: true
18:50:29.144 [FXGL Background Thread 3 ] DEBUG Engine               - isExperimentalTiledLargeMap: false
18:50:29.144 [FXGL Background Thread 3 ] DEBUG Engine               - isFileSystemWriteAllowed: true
18:50:29.144 [FXGL Background Thread 3 ] DEBUG Engine               - isFullScreenAllowed: false
18:50:29.144 [FXGL Background Thread 3 ] DEBUG Engine               - isFullScreenFromStart: false
18:50:29.144 [FXGL Background Thread 3 ] DEBUG Engine               - isGameMenuEnabled: true
18:50:29.144 [FXGL Background Thread 3 ] DEBUG Engine               - isIOS: false
18:50:29.144 [FXGL Background Thread 3 ] DEBUG Engine               - isIntroEnabled: false
18:50:29.144 [FXGL Background Thread 3 ] DEBUG Engine               - isLinux: false
18:50:29.144 [FXGL Background Thread 3 ] DEBUG Engine               - isMac: true
18:50:29.144 [FXGL Background Thread 3 ] DEBUG Engine               - isMainMenuEnabled: false
18:50:29.144 [FXGL Background Thread 3 ] DEBUG Engine               - isManualResizeEnabled: false
18:50:29.145 [FXGL Background Thread 3 ] DEBUG Engine               - isMobile: false
18:50:29.145 [FXGL Background Thread 3 ] DEBUG Engine               - isNative: false
18:50:29.145 [FXGL Background Thread 3 ] DEBUG Engine               - isPauseMusicWhenMinimized: true
18:50:29.145 [FXGL Background Thread 3 ] DEBUG Engine               - isPreserveResizeRatio: false
18:50:29.145 [FXGL Background Thread 3 ] DEBUG Engine               - isProfilingEnabled: false
18:50:29.145 [FXGL Background Thread 3 ] DEBUG Engine               - isScaleAffectedOnResize: true
18:50:29.145 [FXGL Background Thread 3 ] DEBUG Engine               - isSingleStep: false
18:50:29.145 [FXGL Background Thread 3 ] DEBUG Engine               - isUserProfileEnabled: false
18:50:29.145 [FXGL Background Thread 3 ] DEBUG Engine               - isWindows: false
18:50:29.145 [FXGL Background Thread 3 ] DEBUG Engine               - language: ObjectProperty [value: ENGLISH]
18:50:29.145 [FXGL Background Thread 3 ] DEBUG Engine               - menuKey: ESCAPE
18:50:29.145 [FXGL Background Thread 3 ] DEBUG Engine               - mouseSensitivity: 0.2
18:50:29.145 [FXGL Background Thread 3 ] DEBUG Engine               - notificationViewClass: class com.almasb.fxgl.notification.view.XboxNotificationView
18:50:29.145 [FXGL Background Thread 3 ] DEBUG Engine               - pixelsPerMeter: 50.0
18:50:29.145 [FXGL Background Thread 3 ] DEBUG Engine               - platform: MAC
18:50:29.145 [FXGL Background Thread 3 ] DEBUG Engine               - prefHeightProperty: ReadOnlyDoubleProperty [value: 720.0]
18:50:29.145 [FXGL Background Thread 3 ] DEBUG Engine               - prefWidthProperty: ReadOnlyDoubleProperty [value: 960.0]
18:50:29.146 [FXGL Background Thread 3 ] DEBUG Engine               - profileDir: profiles/
18:50:29.146 [FXGL Background Thread 3 ] DEBUG Engine               - profileName: StringProperty [value: DEFAULT]
18:50:29.146 [FXGL Background Thread 3 ] DEBUG Engine               - randomSeed: -1
18:50:29.146 [FXGL Background Thread 3 ] DEBUG Engine               - runtimeInfo: RuntimeInfo(platform=MAC, version=17.3, build=30.03.2023 11.49)
18:50:29.146 [FXGL Background Thread 3 ] DEBUG Engine               - saveFileExt: sav
18:50:29.146 [FXGL Background Thread 3 ] DEBUG Engine               - scaledHeightProp$fxgl: DoubleProperty [bound, value: 720.0]
18:50:29.146 [FXGL Background Thread 3 ] DEBUG Engine               - scaledWidthProp$fxgl: DoubleProperty [bound, value: 960.0]
18:50:29.146 [FXGL Background Thread 3 ] DEBUG Engine               - sceneFactory: com.almasb.fxgl.app.scene.SceneFactory@2964803c
18:50:29.146 [FXGL Background Thread 3 ] DEBUG Engine               - secondsIn24h: 60
18:50:29.146 [FXGL Background Thread 3 ] DEBUG Engine               - soundMenuBack: menu/back.wav
18:50:29.146 [FXGL Background Thread 3 ] DEBUG Engine               - soundMenuPress: menu/press.wav
18:50:29.146 [FXGL Background Thread 3 ] DEBUG Engine               - soundMenuSelect: menu/select.wav
18:50:29.146 [FXGL Background Thread 3 ] DEBUG Engine               - soundNotification: core/notification.wav
18:50:29.147 [FXGL Background Thread 3 ] DEBUG Engine               - stageStyle: DECORATED
18:50:29.147 [FXGL Background Thread 3 ] DEBUG Engine               - supportedLanguages: [ENGLISH, FRENCH, GERMAN, HUNGARIAN, RUSSIAN]
18:50:29.147 [FXGL Background Thread 3 ] DEBUG Engine               - ticksPerSecond: -1
18:50:29.147 [FXGL Background Thread 3 ] DEBUG Engine               - title: Akanov-an225
18:50:29.147 [FXGL Background Thread 3 ] DEBUG Engine               - urlGithub: https://github.com/AlmasB/FXGL
18:50:29.147 [FXGL Background Thread 3 ] DEBUG Engine               - urlLeaderboard: http://fxgl-top.herokuapp.com/
18:50:29.147 [FXGL Background Thread 3 ] DEBUG Engine               - urlPOM: https://raw.githubusercontent.com/AlmasB/FXGL/release/README.md
18:50:29.147 [FXGL Background Thread 3 ] DEBUG Engine               - userAppClass: class view.Launch
18:50:29.147 [FXGL Background Thread 3 ] DEBUG Engine               - version: 0.2
18:50:29.147 [FXGL Background Thread 3 ] DEBUG Engine               - versionCheckDays: 7
18:50:29.147 [FXGL Background Thread 3 ] DEBUG Engine               - width: 960
18:50:29.147 [FXGL Background Thread 3 ] DEBUG Engine               - Logging services
18:50:29.147 [FXGL Background Thread 3 ] DEBUG Engine               - class com.almasb.fxgl.app.services.FXGLAssetLoaderService
18:50:29.147 [FXGL Background Thread 3 ] DEBUG Engine               - class com.almasb.fxgl.app.FXGLApplication$GameApplicationService
18:50:29.147 [FXGL Background Thread 3 ] DEBUG Engine               - class com.almasb.fxgl.app.services.FXGLDialogService
18:50:29.147 [FXGL Background Thread 3 ] DEBUG Engine               - class com.almasb.fxgl.app.services.IOTaskExecutorService
18:50:29.147 [FXGL Background Thread 3 ] DEBUG Engine               - class com.almasb.fxgl.io.FileSystemService
18:50:29.147 [FXGL Background Thread 3 ] DEBUG Engine               - class com.almasb.fxgl.localization.LocalizationService
18:50:29.148 [FXGL Background Thread 3 ] DEBUG Engine               - class com.almasb.fxgl.app.services.SystemBundleService
18:50:29.148 [FXGL Background Thread 3 ] DEBUG Engine               - class com.almasb.fxgl.profile.SaveLoadService
18:50:29.148 [FXGL Background Thread 3 ] DEBUG Engine               - class com.almasb.fxgl.ui.FXGLUIFactoryServiceProvider
18:50:29.148 [FXGL Background Thread 3 ] DEBUG Engine               - class com.almasb.fxgl.ui.FXGLDialogFactoryServiceProvider
18:50:29.148 [FXGL Background Thread 3 ] DEBUG Engine               - class com.almasb.fxgl.audio.AudioPlayer
18:50:29.148 [FXGL Background Thread 3 ] DEBUG Engine               - class com.almasb.fxgl.notification.impl.NotificationServiceProvider
18:50:29.148 [FXGL Background Thread 3 ] DEBUG Engine               - class com.almasb.fxgl.achievement.AchievementService
18:50:29.148 [FXGL Background Thread 3 ] DEBUG Engine               - class com.almasb.fxgl.cutscene.CutsceneService
18:50:29.148 [FXGL Background Thread 3 ] DEBUG Engine               - class com.almasb.fxgl.minigames.MiniGameService
18:50:29.148 [FXGL Background Thread 3 ] DEBUG Engine               - class com.almasb.fxgl.net.NetService
18:50:29.148 [FXGL Background Thread 3 ] DEBUG Engine               - class com.almasb.fxgl.app.services.UpdaterService
18:50:29.148 [FXGL Background Thread 3 ] DEBUG Engine               - class com.almasb.fxgl.dev.DevService
18:50:30.983 [JavaFX Application Thread] DEBUG FXGLApplication      - Exiting FXGL
18:50:30.983 [JavaFX Application Thread] DEBUG LoopRunner           - Stopping loop
18:50:30.983 [JavaFX Application Thread] DEBUG SystemBundleService  - Saving FXGL system data
18:50:30.985 [JavaFX Application Thread] DEBUG FileSystemAccess     - Writing to: /Users/huyle/Documents/UET/year2/ki1/OOP/BTL/demo1/system/fxgl.bundle
18:50:30.988 [JavaFX Application Thread] DEBUG Async                - Shutting down background threads
18:50:30.988 [JavaFX Application Thread] DEBUG PrimaryStageWindow   - Closing main window
18:50:31.025 [JavaFX Application Thread] DEBUG Logger               - Closing Logger
