00:54:24.229 [main                     ] DEBUG Logger               - Configured Logger
00:54:24.236 [main                     ] DEBUG GameApplication      - Logging settings
Title: Akanov-an225
Version: 0.2
Width: 960
Height: 720
Fullscreen: false
Intro: false
Profiling: false
Single step:false
App Mode: DEVELOPER
Menu Key: ESCAPE
Stage Style: DECORATED
Scene Factory: class view.GeneralInit$1

00:54:24.621 [JavaFX Application Thread] DEBUG FXGLApplication      - Initializing FXGL
00:54:24.625 [JavaFX Application Thread] INFO  Engine               - FXGL-17.3 (30.03.2023 11.49) on WINDOWS (J:24.0.2 FX:21.0.6)
00:54:24.625 [JavaFX Application Thread] DEBUG Engine               - JRE Vendor Name: Oracle Corporation
00:54:24.625 [JavaFX Application Thread] DEBUG Engine               - Running on OS: Windows 11 version 10.0
00:54:24.625 [JavaFX Application Thread] DEBUG Engine               - Architecture: amd64
00:54:24.625 [JavaFX Application Thread] INFO  Engine               - Source code and latest versions at: https://github.com/AlmasB/FXGL
00:54:24.626 [JavaFX Application Thread] INFO  Engine               -       Ask questions and discuss at: https://github.com/AlmasB/FXGL/discussions
00:54:24.626 [JavaFX Application Thread] INFO  Engine               -              Join the FXGL chat at: https://gitter.im/AlmasB/FXGL
00:54:24.710 [JavaFX Application Thread] DEBUG PrimaryStageWindow   - Creating a JavaFX scene
00:54:24.753 [JavaFX Application Thread] DEBUG PrimaryStageWindow   - Target settings size: 960.0 x 720.0
00:54:24.753 [JavaFX Application Thread] DEBUG PrimaryStageWindow   - Scaled scene size:    960.0 x 720.0
00:54:24.753 [JavaFX Application Thread] DEBUG PrimaryStageWindow   - Scaled ratio: (1.0, 1.0)
00:54:24.754 [JavaFX Application Thread] DEBUG PrimaryStageWindow   - Set initial scene to FXGLStartupScene
00:54:24.757 [JavaFX Application Thread] DEBUG PrimaryStageWindow   - Opening main window
00:54:24.845 [JavaFX Application Thread] DEBUG PrimaryStageWindow   - Window border size: (13.823974609375, 37.24798583984375)
00:54:24.845 [JavaFX Application Thread] DEBUG PrimaryStageWindow   - Scaled size: 960.0 x 720.0
00:54:24.845 [JavaFX Application Thread] DEBUG PrimaryStageWindow   - Scaled ratio: (1.0, 1.0)
00:54:24.845 [JavaFX Application Thread] DEBUG PrimaryStageWindow   - Scene size: 960.0 x 720.0
00:54:24.845 [JavaFX Application Thread] DEBUG PrimaryStageWindow   - Stage size: 973.823974609375 x 757.2479858398438
00:54:24.857 [FXGL Background Thread 1 ] DEBUG Engine               - Initializing environment variables
00:54:24.932 [FXGL Background Thread 1 ] DEBUG FXGLAssetLoaderServi - User app class for loading assets: class view.Launch
00:54:24.932 [FXGL Background Thread 1 ] DEBUG GameApplicationServi - Applying CSS: fxgl_dark.css
00:54:24.933 [FXGL Background Thread 1 ] DEBUG FXGLAssetLoaderServi - Loading from file system: jar:file:///C:/Users/Tuanngth/.m2/repository/com/github/almasb/fxgl/17.3/fxgl-17.3.jar!/fxglassets/ui/css/fxgl_dark.css
00:54:24.972 [FXGL Background Thread 1 ] DEBUG GameApplicationServi - Initializing application scenes
00:54:25.031 [FXGL Background Thread 1 ] DEBUG GameWorld            - Game world initialized
00:54:25.093 [FXGL Background Thread 1 ] DEBUG PhysicsWorld         - Physics world initialized: appHeight=720, physics.ppm=50,0
00:54:25.093 [FXGL Background Thread 1 ] DEBUG PhysicsWorld         - Using strategy: BRUTE_FORCE
00:54:25.098 [FXGL Background Thread 1 ] DEBUG GameScene            - Game scene initialized: 960x720
00:54:25.137 [FXGL Background Thread 1 ] DEBUG GameApplicationServi - Application scenes initialized
00:54:25.147 [FXGL Background Thread 1 ] DEBUG SystemBundleService  - Loading FXGL system data
00:54:25.150 [FXGL Background Thread 1 ] DEBUG FileSystemAccess     - Reading from: C:\Users\Tuanngth\Desktop\akanov-an225-huy\system\fxgl.bundle
00:54:25.157 [FXGL Background Thread 1 ] DEBUG SystemBundleService  - Bundle FXGL: {}
00:54:25.157 [FXGL Background Thread 1 ] DEBUG UpdaterService       - Checking for updates
00:54:25.167 [FXGL Background Thread 4 ] DEBUG FXGLApplication      - Loading fonts
00:54:25.168 [FXGL Background Thread 4 ] DEBUG FXGLAssetLoaderServi - Loading from file system: jar:file:///C:/Users/Tuanngth/.m2/repository/com/github/almasb/fxgl/17.3/fxgl-17.3.jar!/fxglassets/ui/fonts/VarelaRound-Regular.ttf
00:54:25.168 [FXGL Background Thread 1 ] DEBUG FXGLApplication      - Loading default localization
00:54:25.169 [FXGL Background Thread 1 ] DEBUG FXGLAssetLoaderServi - Loading from file system: jar:file:///C:/Users/Tuanngth/.m2/repository/com/github/almasb/fxgl/17.3/fxgl-17.3.jar!/fxglassets/languages/english.lang
00:54:25.235 [FXGL Background Thread 4 ] DEBUG FXGLAssetLoaderServi - Loading from file system: jar:file:///C:/Users/Tuanngth/.m2/repository/com/github/almasb/fxgl/17.3/fxgl-17.3.jar!/fxglassets/ui/fonts/Abel-Regular.ttf
00:54:25.240 [FXGL Background Thread 1 ] WARN  LocalizationService  - menu.title is not localized for language ENGLISH
00:54:25.243 [FXGL Background Thread 4 ] DEBUG FXGLAssetLoaderServi - Loading from file system: jar:file:///C:/Users/Tuanngth/.m2/repository/com/github/almasb/fxgl/17.3/fxgl-17.3.jar!/fxglassets/ui/fonts/TerminalLandMono-Regular.otf
00:54:25.244 [FXGL Background Thread 1 ] INFO  FXGLApplication      - FXGL initialization took: 0,386 sec
00:54:25.249 [FXGL Background Thread 4 ] DEBUG FXGLAssetLoaderServi - Loading from file system: jar:file:///C:/Users/Tuanngth/.m2/repository/com/github/almasb/fxgl/17.3/fxgl-17.3.jar!/fxglassets/ui/fonts/Courier-Prime.ttf
00:54:25.263 [JavaFX Application Thread] DEBUG Input                - Registered new binding: action0 - Right
00:54:25.263 [JavaFX Application Thread] DEBUG Input                - Registered new binding: action1 - Left
00:54:25.264 [JavaFX Application Thread] DEBUG Input                - Registered new binding: action2 - D
00:54:25.264 [JavaFX Application Thread] DEBUG FXGLAssetLoaderServi - Loading from file system: jar:file:///C:/Users/Tuanngth/.m2/repository/com/github/almasb/fxgl/17.3/fxgl-17.3.jar!/fxglassets/textures/fxgl_icon.png
00:54:25.311 [JavaFX Application Thread] DEBUG FXGLAssetLoaderServi - Loading from file system: jar:file:///C:/Users/Tuanngth/.m2/repository/com/github/almasb/fxgl/17.3/fxgl-17.3.jar!/fxglassets/textures/fxgl_default_cursor.png
00:54:25.316 [JavaFX Application Thread] DEBUG Input                - Registered new binding: Screenshot - CTRL+8
00:54:25.316 [JavaFX Application Thread] DEBUG Input                - Registered new binding: System info dump - CTRL+9
00:54:25.317 [JavaFX Application Thread] DEBUG Input                - Registered new binding: Restart - CTRL+R
00:54:25.318 [JavaFX Application Thread] DEBUG Input                - Registered new binding: Toggle Debug Camera - CTRL+7
00:54:25.323 [JavaFX Application Thread] DEBUG LoopRunner           - Starting loop
00:54:25.323 [JavaFX Application Thread] DEBUG LoopRunner           - Initializing JavaFX AnimationTimerLoop
00:54:25.326 [JavaFX Application Thread] DEBUG GameApplicationServi - Starting new game
00:54:25.326 [JavaFX Application Thread] DEBUG Input                - Clearing active input actions
00:54:25.339 [JavaFX Application Thread] DEBUG GameApplicationServi - Removing overlay from FXGLStartupScene and adding to FXGLLoadingScene
00:54:25.339 [JavaFX Application Thread] DEBUG PrimaryStageWindow   - FXGLStartupScene -> FXGLLoadingScene
00:54:25.339 [JavaFX Application Thread] DEBUG GameApplicationServi - Clearing previous game
00:54:25.339 [JavaFX Application Thread] DEBUG GameScene            - Clearing game scene
00:54:25.339 [JavaFX Application Thread] DEBUG GameWorld            - Clearing game world
00:54:25.339 [JavaFX Application Thread] DEBUG PhysicsWorld         - Clearing physics world
00:54:25.341 [JavaFX Application Thread] DEBUG FXGLApplication      - Registering font factories with UI factory
00:54:25.341 [FXGL Background Thread 4 ] DEBUG FXGLApplication      - Initializing game
00:54:25.347 [FXGL Background Thread 4 ] WARN  Entity               - Entity already has component: com.almasb.fxgl.entity.components.BoundingBoxComponent
00:54:25.406 [FXGL Background Thread 4 ] INFO  FXGLApplication      - Game initialization took: 0,064 sec
00:54:25.470 [JavaFX Application Thread] DEBUG Input                - Clearing active input actions
00:54:25.489 [JavaFX Application Thread] DEBUG GameApplicationServi - Removing overlay from FXGLLoadingScene and adding to GameScene
00:54:25.489 [JavaFX Application Thread] DEBUG PrimaryStageWindow   - FXGLLoadingScene -> GameScene
00:54:25.976 [FXGL Background Thread 2 ] INFO  UpdaterService       - Your current version:  17.3
00:54:25.976 [FXGL Background Thread 2 ] INFO  UpdaterService       - Latest stable version: 21.1
00:54:26.051 [JavaFX Application Thread] DEBUG PrimaryStageWindow   - Push state: PauseMenu
00:54:26.087 [JavaFX Application Thread] DEBUG Input                - Clearing active input actions
00:54:26.089 [JavaFX Application Thread] DEBUG GameApplicationServi - Removing overlay from GameScene and adding to PauseMenu
00:54:26.089 [JavaFX Application Thread] DEBUG PrimaryStageWindow   - GameScene -> PauseMenu
00:54:27.199 [JavaFX Application Thread] DEBUG PrimaryStageWindow   - Pop state: PauseMenu
00:54:27.199 [JavaFX Application Thread] DEBUG Input                - Clearing active input actions
00:54:27.200 [JavaFX Application Thread] DEBUG GameApplicationServi - Removing overlay from PauseMenu and adding to GameScene
00:54:27.201 [JavaFX Application Thread] DEBUG PrimaryStageWindow   - GameScene <- PauseMenu
00:54:28.148 [JavaFX Application Thread] DEBUG PrimaryStageWindow   - Push state: PauseMenu
00:54:28.163 [FXGL Background Thread 3 ] DEBUG Engine               - Logging environment variables
00:54:28.165 [FXGL Background Thread 3 ] DEBUG Engine               - achievements: []
00:54:28.166 [FXGL Background Thread 3 ] DEBUG Engine               - actualHeight: 720.0
00:54:28.166 [FXGL Background Thread 3 ] DEBUG Engine               - actualHeightProperty: ReadOnlyDoubleProperty [value: 720.0]
00:54:28.166 [FXGL Background Thread 3 ] DEBUG Engine               - actualWidth: 960.0
00:54:28.167 [FXGL Background Thread 3 ] DEBUG Engine               - actualWidthProperty: ReadOnlyDoubleProperty [value: 960.0]
00:54:28.167 [FXGL Background Thread 3 ] DEBUG Engine               - appIcon: fxgl_icon.png
00:54:28.167 [FXGL Background Thread 3 ] DEBUG Engine               - applicationMode: DEVELOPER
00:54:28.167 [FXGL Background Thread 3 ] DEBUG Engine               - cSSList: [fxgl_dark.css]
00:54:28.167 [FXGL Background Thread 3 ] DEBUG Engine               - collisionDetectionStrategy: BRUTE_FORCE
00:54:28.167 [FXGL Background Thread 3 ] DEBUG Engine               - configClass: Optional.empty
00:54:28.168 [FXGL Background Thread 3 ] DEBUG Engine               - credits: []
00:54:28.171 [FXGL Background Thread 3 ] DEBUG Engine               - defaultCursor: CursorInfo(imageName=fxgl_default_cursor.png, hotspotX=7.0, hotspotY=6.0)
00:54:28.171 [FXGL Background Thread 3 ] DEBUG Engine               - devBBoxColorProperty: ObjectProperty [value: 0xff0000ff]
00:54:28.171 [FXGL Background Thread 3 ] DEBUG Engine               - devEnableDebugCameraProperty: BooleanProperty [value: false]
00:54:28.172 [FXGL Background Thread 3 ] DEBUG Engine               - devSensorColorProperty: ObjectProperty [value: 0xffff00ff]
00:54:28.172 [FXGL Background Thread 3 ] DEBUG Engine               - devShowBBoxProperty: BooleanProperty [value: false]
00:54:28.172 [FXGL Background Thread 3 ] DEBUG Engine               - devShowPositionProperty: BooleanProperty [value: false]
00:54:28.172 [FXGL Background Thread 3 ] DEBUG Engine               - enabledMenuItems: []
00:54:28.172 [FXGL Background Thread 3 ] DEBUG Engine               - engineServices: [class com.almasb.fxgl.app.services.FXGLAssetLoaderService, class com.almasb.fxgl.app.FXGLApplication$GameApplicationService, class com.almasb.fxgl.app.services.FXGLDialogService, class com.almasb.fxgl.app.services.IOTaskExecutorService, class com.almasb.fxgl.io.FileSystemService, class com.almasb.fxgl.localization.LocalizationService, class com.almasb.fxgl.app.services.SystemBundleService, class com.almasb.fxgl.profile.SaveLoadService, class com.almasb.fxgl.ui.FXGLUIFactoryServiceProvider, class com.almasb.fxgl.ui.FXGLDialogFactoryServiceProvider, class com.almasb.fxgl.audio.AudioPlayer, class com.almasb.fxgl.notification.impl.NotificationServiceProvider, class com.almasb.fxgl.achievement.AchievementService, class com.almasb.fxgl.cutscene.CutsceneService, class com.almasb.fxgl.minigames.MiniGameService, class com.almasb.fxgl.net.NetService, class com.almasb.fxgl.app.services.UpdaterService, class com.almasb.fxgl.dev.DevService]
00:54:28.172 [FXGL Background Thread 3 ] DEBUG Engine               - fontGame: Abel-Regular.ttf
00:54:28.172 [FXGL Background Thread 3 ] DEBUG Engine               - fontMono: TerminalLandMono-Regular.otf
00:54:28.172 [FXGL Background Thread 3 ] DEBUG Engine               - fontSizeScaleUI: 1.0
00:54:28.172 [JavaFX Application Thread] DEBUG Input                - Clearing active input actions
00:54:28.172 [FXGL Background Thread 3 ] DEBUG Engine               - fontText: Courier-Prime.ttf
00:54:28.172 [FXGL Background Thread 3 ] DEBUG Engine               - fontUI: VarelaRound-Regular.ttf
00:54:28.173 [FXGL Background Thread 3 ] DEBUG Engine               - fullScreen: BooleanProperty [value: false]
00:54:28.173 [FXGL Background Thread 3 ] DEBUG Engine               - gameDifficulty: MEDIUM
00:54:28.173 [FXGL Background Thread 3 ] DEBUG Engine               - gameDifficultyProperty: ObjectProperty [value: MEDIUM]
00:54:28.173 [FXGL Background Thread 3 ] DEBUG Engine               - globalMusicVolume: 0.5
00:54:28.173 [FXGL Background Thread 3 ] DEBUG Engine               - globalMusicVolumeProperty: DoubleProperty [value: 0.5]
00:54:28.173 [FXGL Background Thread 3 ] DEBUG Engine               - globalSoundVolume: 0.5
00:54:28.173 [FXGL Background Thread 3 ] DEBUG Engine               - globalSoundVolumeProperty: DoubleProperty [value: 0.5]
00:54:28.173 [FXGL Background Thread 3 ] DEBUG Engine               - height: 720
00:54:28.173 [FXGL Background Thread 3 ] DEBUG Engine               - is3D: false
00:54:28.173 [FXGL Background Thread 3 ] DEBUG Engine               - isAndroid: false
00:54:28.173 [JavaFX Application Thread] DEBUG GameApplicationServi - Removing overlay from GameScene and adding to PauseMenu
00:54:28.173 [FXGL Background Thread 3 ] DEBUG Engine               - isBrowser: false
00:54:28.173 [FXGL Background Thread 3 ] DEBUG Engine               - isClickFeedbackEnabled: false
00:54:28.173 [FXGL Background Thread 3 ] DEBUG Engine               - isCloseConfirmation: false
00:54:28.173 [FXGL Background Thread 3 ] DEBUG Engine               - isDesktop: true
00:54:28.173 [JavaFX Application Thread] DEBUG PrimaryStageWindow   - GameScene -> PauseMenu
00:54:28.173 [FXGL Background Thread 3 ] DEBUG Engine               - isDeveloperMenuEnabled: false
00:54:28.173 [FXGL Background Thread 3 ] DEBUG Engine               - isEmbedded: false
00:54:28.173 [FXGL Background Thread 3 ] DEBUG Engine               - isEntityPreloadEnabled: true
00:54:28.173 [FXGL Background Thread 3 ] DEBUG Engine               - isExperimentalTiledLargeMap: false
00:54:28.173 [FXGL Background Thread 3 ] DEBUG Engine               - isFileSystemWriteAllowed: true
00:54:28.173 [FXGL Background Thread 3 ] DEBUG Engine               - isFullScreenAllowed: false
00:54:28.173 [FXGL Background Thread 3 ] DEBUG Engine               - isFullScreenFromStart: false
00:54:28.174 [FXGL Background Thread 3 ] DEBUG Engine               - isGameMenuEnabled: true
00:54:28.174 [FXGL Background Thread 3 ] DEBUG Engine               - isIOS: false
00:54:28.174 [FXGL Background Thread 3 ] DEBUG Engine               - isIntroEnabled: false
00:54:28.174 [FXGL Background Thread 3 ] DEBUG Engine               - isLinux: false
00:54:28.174 [FXGL Background Thread 3 ] DEBUG Engine               - isMac: false
00:54:28.174 [FXGL Background Thread 3 ] DEBUG Engine               - isMainMenuEnabled: false
00:54:28.174 [FXGL Background Thread 3 ] DEBUG Engine               - isManualResizeEnabled: false
00:54:28.174 [FXGL Background Thread 3 ] DEBUG Engine               - isMobile: false
00:54:28.174 [FXGL Background Thread 3 ] DEBUG Engine               - isNative: false
00:54:28.174 [FXGL Background Thread 3 ] DEBUG Engine               - isPauseMusicWhenMinimized: true
00:54:28.174 [FXGL Background Thread 3 ] DEBUG Engine               - isPreserveResizeRatio: false
00:54:28.174 [FXGL Background Thread 3 ] DEBUG Engine               - isProfilingEnabled: false
00:54:28.174 [FXGL Background Thread 3 ] DEBUG Engine               - isScaleAffectedOnResize: true
00:54:28.174 [FXGL Background Thread 3 ] DEBUG Engine               - isSingleStep: false
00:54:28.174 [FXGL Background Thread 3 ] DEBUG Engine               - isUserProfileEnabled: false
00:54:28.174 [FXGL Background Thread 3 ] DEBUG Engine               - isWindows: true
00:54:28.174 [FXGL Background Thread 3 ] DEBUG Engine               - language: ObjectProperty [value: ENGLISH]
00:54:28.174 [FXGL Background Thread 3 ] DEBUG Engine               - menuKey: ESCAPE
00:54:28.174 [FXGL Background Thread 3 ] DEBUG Engine               - mouseSensitivity: 0.2
00:54:28.174 [FXGL Background Thread 3 ] DEBUG Engine               - notificationViewClass: class com.almasb.fxgl.notification.view.XboxNotificationView
00:54:28.175 [FXGL Background Thread 3 ] DEBUG Engine               - pixelsPerMeter: 50.0
00:54:28.175 [FXGL Background Thread 3 ] DEBUG Engine               - platform: WINDOWS
00:54:28.175 [FXGL Background Thread 3 ] DEBUG Engine               - prefHeightProperty: ReadOnlyDoubleProperty [value: 720.0]
00:54:28.175 [FXGL Background Thread 3 ] DEBUG Engine               - prefWidthProperty: ReadOnlyDoubleProperty [value: 960.0]
00:54:28.175 [FXGL Background Thread 3 ] DEBUG Engine               - profileDir: profiles/
00:54:28.175 [FXGL Background Thread 3 ] DEBUG Engine               - profileName: StringProperty [value: DEFAULT]
00:54:28.175 [FXGL Background Thread 3 ] DEBUG Engine               - randomSeed: -1
00:54:28.175 [FXGL Background Thread 3 ] DEBUG Engine               - runtimeInfo: RuntimeInfo(platform=WINDOWS, version=17.3, build=30.03.2023 11.49)
00:54:28.175 [FXGL Background Thread 3 ] DEBUG Engine               - saveFileExt: sav
00:54:28.175 [FXGL Background Thread 3 ] DEBUG Engine               - scaledHeightProp$fxgl: DoubleProperty [bound, value: 720.0]
00:54:28.175 [FXGL Background Thread 3 ] DEBUG Engine               - scaledWidthProp$fxgl: DoubleProperty [bound, value: 960.0]
00:54:28.176 [FXGL Background Thread 3 ] DEBUG Engine               - sceneFactory: view.GeneralInit$1@49570741
00:54:28.176 [FXGL Background Thread 3 ] DEBUG Engine               - secondsIn24h: 60
00:54:28.176 [FXGL Background Thread 3 ] DEBUG Engine               - soundMenuBack: menu/back.wav
00:54:28.176 [FXGL Background Thread 3 ] DEBUG Engine               - soundMenuPress: menu/press.wav
00:54:28.176 [FXGL Background Thread 3 ] DEBUG Engine               - soundMenuSelect: menu/select.wav
00:54:28.176 [FXGL Background Thread 3 ] DEBUG Engine               - soundNotification: core/notification.wav
00:54:28.176 [FXGL Background Thread 3 ] DEBUG Engine               - stageStyle: DECORATED
00:54:28.178 [FXGL Background Thread 3 ] DEBUG Engine               - supportedLanguages: [ENGLISH, FRENCH, GERMAN, HUNGARIAN, RUSSIAN]
00:54:28.178 [FXGL Background Thread 3 ] DEBUG Engine               - ticksPerSecond: -1
00:54:28.178 [FXGL Background Thread 3 ] DEBUG Engine               - title: Akanov-an225
00:54:28.179 [FXGL Background Thread 3 ] DEBUG Engine               - urlGithub: https://github.com/AlmasB/FXGL
00:54:28.179 [FXGL Background Thread 3 ] DEBUG Engine               - urlLeaderboard: http://fxgl-top.herokuapp.com/
00:54:28.179 [FXGL Background Thread 3 ] DEBUG Engine               - urlPOM: https://raw.githubusercontent.com/AlmasB/FXGL/release/README.md
00:54:28.179 [FXGL Background Thread 3 ] DEBUG Engine               - userAppClass: class view.Launch
00:54:28.179 [FXGL Background Thread 3 ] DEBUG Engine               - version: 0.2
00:54:28.179 [FXGL Background Thread 3 ] DEBUG Engine               - versionCheckDays: 7
00:54:28.179 [FXGL Background Thread 3 ] DEBUG Engine               - width: 960
00:54:28.179 [FXGL Background Thread 3 ] DEBUG Engine               - Logging services
00:54:28.179 [FXGL Background Thread 3 ] DEBUG Engine               - class com.almasb.fxgl.app.services.FXGLAssetLoaderService
00:54:28.179 [FXGL Background Thread 3 ] DEBUG Engine               - class com.almasb.fxgl.app.FXGLApplication$GameApplicationService
00:54:28.179 [FXGL Background Thread 3 ] DEBUG Engine               - class com.almasb.fxgl.app.services.FXGLDialogService
00:54:28.179 [FXGL Background Thread 3 ] DEBUG Engine               - class com.almasb.fxgl.app.services.IOTaskExecutorService
00:54:28.179 [FXGL Background Thread 3 ] DEBUG Engine               - class com.almasb.fxgl.io.FileSystemService
00:54:28.179 [FXGL Background Thread 3 ] DEBUG Engine               - class com.almasb.fxgl.localization.LocalizationService
00:54:28.179 [FXGL Background Thread 3 ] DEBUG Engine               - class com.almasb.fxgl.app.services.SystemBundleService
00:54:28.179 [FXGL Background Thread 3 ] DEBUG Engine               - class com.almasb.fxgl.profile.SaveLoadService
00:54:28.180 [FXGL Background Thread 3 ] DEBUG Engine               - class com.almasb.fxgl.ui.FXGLUIFactoryServiceProvider
00:54:28.180 [FXGL Background Thread 3 ] DEBUG Engine               - class com.almasb.fxgl.ui.FXGLDialogFactoryServiceProvider
00:54:28.180 [FXGL Background Thread 3 ] DEBUG Engine               - class com.almasb.fxgl.audio.AudioPlayer
00:54:28.180 [FXGL Background Thread 3 ] DEBUG Engine               - class com.almasb.fxgl.notification.impl.NotificationServiceProvider
00:54:28.180 [FXGL Background Thread 3 ] DEBUG Engine               - class com.almasb.fxgl.achievement.AchievementService
00:54:28.180 [FXGL Background Thread 3 ] DEBUG Engine               - class com.almasb.fxgl.cutscene.CutsceneService
00:54:28.180 [FXGL Background Thread 3 ] DEBUG Engine               - class com.almasb.fxgl.minigames.MiniGameService
00:54:28.180 [FXGL Background Thread 3 ] DEBUG Engine               - class com.almasb.fxgl.net.NetService
00:54:28.180 [FXGL Background Thread 3 ] DEBUG Engine               - class com.almasb.fxgl.app.services.UpdaterService
00:54:28.180 [FXGL Background Thread 3 ] DEBUG Engine               - class com.almasb.fxgl.dev.DevService
00:54:29.670 [JavaFX Application Thread] DEBUG PrimaryStageWindow   - Pop state: PauseMenu
00:54:29.670 [JavaFX Application Thread] DEBUG Input                - Clearing active input actions
00:54:29.671 [JavaFX Application Thread] DEBUG GameApplicationServi - Removing overlay from PauseMenu and adding to GameScene
00:54:29.672 [JavaFX Application Thread] DEBUG PrimaryStageWindow   - GameScene <- PauseMenu
00:54:30.442 [JavaFX Application Thread] DEBUG PrimaryStageWindow   - Push state: PauseMenu
00:54:30.469 [JavaFX Application Thread] DEBUG Input                - Clearing active input actions
00:54:30.470 [JavaFX Application Thread] DEBUG GameApplicationServi - Removing overlay from GameScene and adding to PauseMenu
00:54:30.470 [JavaFX Application Thread] DEBUG PrimaryStageWindow   - GameScene -> PauseMenu
00:54:35.968 [JavaFX Application Thread] DEBUG PrimaryStageWindow   - Pop state: PauseMenu
00:54:35.969 [JavaFX Application Thread] DEBUG Input                - Clearing active input actions
00:54:35.979 [JavaFX Application Thread] DEBUG GameApplicationServi - Removing overlay from PauseMenu and adding to GameScene
00:54:35.980 [JavaFX Application Thread] DEBUG PrimaryStageWindow   - GameScene <- PauseMenu
00:54:36.378 [JavaFX Application Thread] DEBUG PrimaryStageWindow   - Push state: PauseMenu
00:54:36.396 [JavaFX Application Thread] DEBUG Input                - Clearing active input actions
00:54:36.397 [JavaFX Application Thread] DEBUG GameApplicationServi - Removing overlay from GameScene and adding to PauseMenu
00:54:36.398 [JavaFX Application Thread] DEBUG PrimaryStageWindow   - GameScene -> PauseMenu
00:54:38.017 [JavaFX Application Thread] DEBUG FXGLApplication      - Exiting FXGL
00:54:38.018 [JavaFX Application Thread] DEBUG LoopRunner           - Stopping loop
00:54:38.018 [JavaFX Application Thread] DEBUG SystemBundleService  - Saving FXGL system data
00:54:38.023 [JavaFX Application Thread] DEBUG FileSystemAccess     - Writing to: C:\Users\Tuanngth\Desktop\akanov-an225-huy\system\fxgl.bundle
00:54:38.026 [JavaFX Application Thread] DEBUG Async                - Shutting down background threads
00:54:38.026 [JavaFX Application Thread] DEBUG PrimaryStageWindow   - Closing main window
00:54:38.053 [JavaFX Application Thread] DEBUG Logger               - Closing Logger
