01:00:34.891 [main                     ] DEBUG Logger               - Configured Logger
01:00:34.901 [main                     ] DEBUG GameApplication      - Logging settings
Title: Akanov-an225
Version: 0.2
Width: 960
Height: 720
Fullscreen: false
Intro: false
Profiling: false
Single step:false
App Mode: DEVELOPER
Menu Key: ESCAPE
Stage Style: DECORATED
Scene Factory: class view.GeneralInit$1

01:00:35.432 [JavaFX Application Thread] DEBUG FXGLApplication      - Initializing FXGL
01:00:35.436 [JavaFX Application Thread] INFO  Engine               - FXGL-17.3 (30.03.2023 11.49) on WINDOWS (J:24.0.2 FX:21.0.6)
01:00:35.437 [JavaFX Application Thread] DEBUG Engine               - JRE Vendor Name: Oracle Corporation
01:00:35.437 [JavaFX Application Thread] DEBUG Engine               - Running on OS: Windows 11 version 10.0
01:00:35.437 [JavaFX Application Thread] DEBUG Engine               - Architecture: amd64
01:00:35.437 [JavaFX Application Thread] INFO  Engine               - Source code and latest versions at: https://github.com/AlmasB/FXGL
01:00:35.437 [JavaFX Application Thread] INFO  Engine               -       Ask questions and discuss at: https://github.com/AlmasB/FXGL/discussions
01:00:35.437 [JavaFX Application Thread] INFO  Engine               -              Join the FXGL chat at: https://gitter.im/AlmasB/FXGL
01:00:35.556 [JavaFX Application Thread] DEBUG PrimaryStageWindow   - Creating a JavaFX scene
01:00:35.625 [JavaFX Application Thread] DEBUG PrimaryStageWindow   - Target settings size: 960.0 x 720.0
01:00:35.625 [JavaFX Application Thread] DEBUG PrimaryStageWindow   - Scaled scene size:    960.0 x 720.0
01:00:35.625 [JavaFX Application Thread] DEBUG PrimaryStageWindow   - Scaled ratio: (1.0, 1.0)
01:00:35.626 [JavaFX Application Thread] DEBUG PrimaryStageWindow   - Set initial scene to FXGLStartupScene
01:00:35.631 [JavaFX Application Thread] DEBUG PrimaryStageWindow   - Opening main window
01:00:35.751 [JavaFX Application Thread] DEBUG PrimaryStageWindow   - Window border size: (13.823974609375, 37.24798583984375)
01:00:35.751 [JavaFX Application Thread] DEBUG PrimaryStageWindow   - Scaled size: 960.0 x 720.0
01:00:35.751 [JavaFX Application Thread] DEBUG PrimaryStageWindow   - Scaled ratio: (1.0, 1.0)
01:00:35.751 [JavaFX Application Thread] DEBUG PrimaryStageWindow   - Scene size: 960.0 x 720.0
01:00:35.752 [JavaFX Application Thread] DEBUG PrimaryStageWindow   - Stage size: 973.823974609375 x 757.2479858398438
01:00:35.762 [FXGL Background Thread 1 ] DEBUG Engine               - Initializing environment variables
01:00:35.846 [FXGL Background Thread 1 ] DEBUG FXGLAssetLoaderServi - User app class for loading assets: class view.Launch
01:00:35.846 [FXGL Background Thread 1 ] DEBUG GameApplicationServi - Applying CSS: fxgl_dark.css
01:00:35.847 [FXGL Background Thread 1 ] DEBUG FXGLAssetLoaderServi - Loading from file system: jar:file:///C:/Users/Tuanngth/.m2/repository/com/github/almasb/fxgl/17.3/fxgl-17.3.jar!/fxglassets/ui/css/fxgl_dark.css
01:00:35.907 [FXGL Background Thread 1 ] DEBUG GameApplicationServi - Initializing application scenes
01:00:35.957 [FXGL Background Thread 1 ] DEBUG GameWorld            - Game world initialized
01:00:36.055 [FXGL Background Thread 1 ] DEBUG PhysicsWorld         - Physics world initialized: appHeight=720, physics.ppm=50,0
01:00:36.055 [FXGL Background Thread 1 ] DEBUG PhysicsWorld         - Using strategy: BRUTE_FORCE
01:00:36.060 [FXGL Background Thread 1 ] DEBUG GameScene            - Game scene initialized: 960x720
01:00:36.104 [FXGL Background Thread 1 ] DEBUG GameApplicationServi - Application scenes initialized
01:00:36.119 [FXGL Background Thread 1 ] DEBUG SystemBundleService  - Loading FXGL system data
01:00:36.123 [FXGL Background Thread 1 ] DEBUG FileSystemAccess     - Reading from: C:\Users\Tuanngth\Desktop\akanov-an225\system\fxgl.bundle
01:00:36.130 [FXGL Background Thread 1 ] DEBUG SystemBundleService  - Bundle FXGL: {}
01:00:36.130 [FXGL Background Thread 1 ] DEBUG UpdaterService       - Checking for updates
01:00:36.137 [FXGL Background Thread 4 ] DEBUG FXGLApplication      - Loading fonts
01:00:36.137 [FXGL Background Thread 4 ] DEBUG FXGLAssetLoaderServi - Loading from file system: jar:file:///C:/Users/Tuanngth/.m2/repository/com/github/almasb/fxgl/17.3/fxgl-17.3.jar!/fxglassets/ui/fonts/VarelaRound-Regular.ttf
01:00:36.138 [FXGL Background Thread 1 ] DEBUG FXGLApplication      - Loading default localization
01:00:36.138 [FXGL Background Thread 1 ] DEBUG FXGLAssetLoaderServi - Loading from file system: jar:file:///C:/Users/Tuanngth/.m2/repository/com/github/almasb/fxgl/17.3/fxgl-17.3.jar!/fxglassets/languages/english.lang
01:00:36.180 [FXGL Background Thread 4 ] DEBUG FXGLAssetLoaderServi - Loading from file system: jar:file:///C:/Users/Tuanngth/.m2/repository/com/github/almasb/fxgl/17.3/fxgl-17.3.jar!/fxglassets/ui/fonts/Abel-Regular.ttf
01:00:36.185 [FXGL Background Thread 1 ] INFO  FXGLApplication      - FXGL initialization took: 0,424 sec
01:00:36.188 [FXGL Background Thread 4 ] DEBUG FXGLAssetLoaderServi - Loading from file system: jar:file:///C:/Users/Tuanngth/.m2/repository/com/github/almasb/fxgl/17.3/fxgl-17.3.jar!/fxglassets/ui/fonts/TerminalLandMono-Regular.otf
01:00:36.194 [FXGL Background Thread 4 ] DEBUG FXGLAssetLoaderServi - Loading from file system: jar:file:///C:/Users/Tuanngth/.m2/repository/com/github/almasb/fxgl/17.3/fxgl-17.3.jar!/fxglassets/ui/fonts/Courier-Prime.ttf
01:00:36.200 [JavaFX Application Thread] DEBUG Input                - Registered new binding: action0 - Right
01:00:36.200 [JavaFX Application Thread] DEBUG Input                - Registered new binding: action1 - Left
01:00:36.201 [JavaFX Application Thread] DEBUG Input                - Registered new binding: action2 - D
01:00:36.202 [JavaFX Application Thread] DEBUG FXGLAssetLoaderServi - Loading from file system: jar:file:///C:/Users/Tuanngth/.m2/repository/com/github/almasb/fxgl/17.3/fxgl-17.3.jar!/fxglassets/textures/fxgl_icon.png
01:00:36.257 [JavaFX Application Thread] DEBUG FXGLAssetLoaderServi - Loading from file system: jar:file:///C:/Users/Tuanngth/.m2/repository/com/github/almasb/fxgl/17.3/fxgl-17.3.jar!/fxglassets/textures/fxgl_default_cursor.png
01:00:36.261 [JavaFX Application Thread] DEBUG Input                - Registered new binding: Screenshot - CTRL+8
01:00:36.262 [JavaFX Application Thread] DEBUG Input                - Registered new binding: System info dump - CTRL+9
01:00:36.262 [JavaFX Application Thread] DEBUG Input                - Registered new binding: Restart - CTRL+R
01:00:36.263 [JavaFX Application Thread] DEBUG Input                - Registered new binding: Toggle Debug Camera - CTRL+7
01:00:36.267 [JavaFX Application Thread] DEBUG LoopRunner           - Starting loop
01:00:36.268 [JavaFX Application Thread] DEBUG LoopRunner           - Initializing JavaFX AnimationTimerLoop
01:00:36.270 [JavaFX Application Thread] DEBUG GameApplicationServi - Starting new game
01:00:36.272 [JavaFX Application Thread] DEBUG Input                - Clearing active input actions
01:00:36.287 [JavaFX Application Thread] DEBUG GameApplicationServi - Removing overlay from FXGLStartupScene and adding to FXGLLoadingScene
01:00:36.288 [JavaFX Application Thread] DEBUG PrimaryStageWindow   - FXGLStartupScene -> FXGLLoadingScene
01:00:36.288 [JavaFX Application Thread] DEBUG GameApplicationServi - Clearing previous game
01:00:36.288 [JavaFX Application Thread] DEBUG GameScene            - Clearing game scene
01:00:36.288 [JavaFX Application Thread] DEBUG GameWorld            - Clearing game world
01:00:36.288 [JavaFX Application Thread] DEBUG PhysicsWorld         - Clearing physics world
01:00:36.291 [JavaFX Application Thread] DEBUG FXGLApplication      - Registering font factories with UI factory
01:00:36.291 [FXGL Background Thread 4 ] DEBUG FXGLApplication      - Initializing game
01:00:36.296 [FXGL Background Thread 4 ] WARN  Entity               - Entity already has component: com.almasb.fxgl.entity.components.BoundingBoxComponent
01:00:36.378 [FXGL Background Thread 4 ] INFO  FXGLApplication      - Game initialization took: 0,087 sec
01:00:36.447 [JavaFX Application Thread] DEBUG Input                - Clearing active input actions
01:00:36.465 [JavaFX Application Thread] DEBUG GameApplicationServi - Removing overlay from FXGLLoadingScene and adding to GameScene
01:00:36.466 [JavaFX Application Thread] DEBUG PrimaryStageWindow   - FXGLLoadingScene -> GameScene
01:00:37.218 [FXGL Background Thread 2 ] INFO  UpdaterService       - Your current version:  17.3
01:00:37.219 [FXGL Background Thread 2 ] INFO  UpdaterService       - Latest stable version: 21.1
01:00:39.135 [FXGL Background Thread 3 ] DEBUG Engine               - Logging environment variables
01:00:39.137 [FXGL Background Thread 3 ] DEBUG Engine               - achievements: []
01:00:39.138 [FXGL Background Thread 3 ] DEBUG Engine               - actualHeight: 720.0
01:00:39.138 [FXGL Background Thread 3 ] DEBUG Engine               - actualHeightProperty: ReadOnlyDoubleProperty [value: 720.0]
01:00:39.138 [FXGL Background Thread 3 ] DEBUG Engine               - actualWidth: 960.0
01:00:39.138 [FXGL Background Thread 3 ] DEBUG Engine               - actualWidthProperty: ReadOnlyDoubleProperty [value: 960.0]
01:00:39.138 [FXGL Background Thread 3 ] DEBUG Engine               - appIcon: fxgl_icon.png
01:00:39.138 [FXGL Background Thread 3 ] DEBUG Engine               - applicationMode: DEVELOPER
01:00:39.138 [FXGL Background Thread 3 ] DEBUG Engine               - cSSList: [fxgl_dark.css]
01:00:39.138 [FXGL Background Thread 3 ] DEBUG Engine               - collisionDetectionStrategy: BRUTE_FORCE
01:00:39.138 [FXGL Background Thread 3 ] DEBUG Engine               - configClass: Optional.empty
01:00:39.139 [FXGL Background Thread 3 ] DEBUG Engine               - credits: []
01:00:39.143 [FXGL Background Thread 3 ] DEBUG Engine               - defaultCursor: CursorInfo(imageName=fxgl_default_cursor.png, hotspotX=7.0, hotspotY=6.0)
01:00:39.144 [FXGL Background Thread 3 ] DEBUG Engine               - devBBoxColorProperty: ObjectProperty [value: 0xff0000ff]
01:00:39.144 [FXGL Background Thread 3 ] DEBUG Engine               - devEnableDebugCameraProperty: BooleanProperty [value: false]
01:00:39.144 [FXGL Background Thread 3 ] DEBUG Engine               - devSensorColorProperty: ObjectProperty [value: 0xffff00ff]
01:00:39.144 [FXGL Background Thread 3 ] DEBUG Engine               - devShowBBoxProperty: BooleanProperty [value: false]
01:00:39.144 [FXGL Background Thread 3 ] DEBUG Engine               - devShowPositionProperty: BooleanProperty [value: false]
01:00:39.145 [FXGL Background Thread 3 ] DEBUG Engine               - enabledMenuItems: []
01:00:39.145 [FXGL Background Thread 3 ] DEBUG Engine               - engineServices: [class com.almasb.fxgl.app.services.FXGLAssetLoaderService, class com.almasb.fxgl.app.FXGLApplication$GameApplicationService, class com.almasb.fxgl.app.services.FXGLDialogService, class com.almasb.fxgl.app.services.IOTaskExecutorService, class com.almasb.fxgl.io.FileSystemService, class com.almasb.fxgl.localization.LocalizationService, class com.almasb.fxgl.app.services.SystemBundleService, class com.almasb.fxgl.profile.SaveLoadService, class com.almasb.fxgl.ui.FXGLUIFactoryServiceProvider, class com.almasb.fxgl.ui.FXGLDialogFactoryServiceProvider, class com.almasb.fxgl.audio.AudioPlayer, class com.almasb.fxgl.notification.impl.NotificationServiceProvider, class com.almasb.fxgl.achievement.AchievementService, class com.almasb.fxgl.cutscene.CutsceneService, class com.almasb.fxgl.minigames.MiniGameService, class com.almasb.fxgl.net.NetService, class com.almasb.fxgl.app.services.UpdaterService, class com.almasb.fxgl.dev.DevService]
01:00:39.145 [FXGL Background Thread 3 ] DEBUG Engine               - fontGame: Abel-Regular.ttf
01:00:39.145 [FXGL Background Thread 3 ] DEBUG Engine               - fontMono: TerminalLandMono-Regular.otf
01:00:39.145 [FXGL Background Thread 3 ] DEBUG Engine               - fontSizeScaleUI: 1.0
01:00:39.145 [FXGL Background Thread 3 ] DEBUG Engine               - fontText: Courier-Prime.ttf
01:00:39.145 [FXGL Background Thread 3 ] DEBUG Engine               - fontUI: VarelaRound-Regular.ttf
01:00:39.145 [FXGL Background Thread 3 ] DEBUG Engine               - fullScreen: BooleanProperty [value: false]
01:00:39.145 [FXGL Background Thread 3 ] DEBUG Engine               - gameDifficulty: MEDIUM
01:00:39.145 [FXGL Background Thread 3 ] DEBUG Engine               - gameDifficultyProperty: ObjectProperty [value: MEDIUM]
01:00:39.145 [FXGL Background Thread 3 ] DEBUG Engine               - globalMusicVolume: 0.5
01:00:39.146 [FXGL Background Thread 3 ] DEBUG Engine               - globalMusicVolumeProperty: DoubleProperty [value: 0.5]
01:00:39.146 [FXGL Background Thread 3 ] DEBUG Engine               - globalSoundVolume: 0.5
01:00:39.146 [FXGL Background Thread 3 ] DEBUG Engine               - globalSoundVolumeProperty: DoubleProperty [value: 0.5]
01:00:39.146 [FXGL Background Thread 3 ] DEBUG Engine               - height: 720
01:00:39.146 [FXGL Background Thread 3 ] DEBUG Engine               - is3D: false
01:00:39.146 [FXGL Background Thread 3 ] DEBUG Engine               - isAndroid: false
01:00:39.146 [FXGL Background Thread 3 ] DEBUG Engine               - isBrowser: false
01:00:39.146 [FXGL Background Thread 3 ] DEBUG Engine               - isClickFeedbackEnabled: false
01:00:39.146 [FXGL Background Thread 3 ] DEBUG Engine               - isCloseConfirmation: false
01:00:39.146 [FXGL Background Thread 3 ] DEBUG Engine               - isDesktop: true
01:00:39.146 [FXGL Background Thread 3 ] DEBUG Engine               - isDeveloperMenuEnabled: false
01:00:39.147 [FXGL Background Thread 3 ] DEBUG Engine               - isEmbedded: false
01:00:39.147 [FXGL Background Thread 3 ] DEBUG Engine               - isEntityPreloadEnabled: true
01:00:39.147 [FXGL Background Thread 3 ] DEBUG Engine               - isExperimentalTiledLargeMap: false
01:00:39.147 [FXGL Background Thread 3 ] DEBUG Engine               - isFileSystemWriteAllowed: true
01:00:39.147 [FXGL Background Thread 3 ] DEBUG Engine               - isFullScreenAllowed: false
01:00:39.147 [FXGL Background Thread 3 ] DEBUG Engine               - isFullScreenFromStart: false
01:00:39.147 [FXGL Background Thread 3 ] DEBUG Engine               - isGameMenuEnabled: true
01:00:39.147 [FXGL Background Thread 3 ] DEBUG Engine               - isIOS: false
01:00:39.148 [FXGL Background Thread 3 ] DEBUG Engine               - isIntroEnabled: false
01:00:39.148 [FXGL Background Thread 3 ] DEBUG Engine               - isLinux: false
01:00:39.148 [FXGL Background Thread 3 ] DEBUG Engine               - isMac: false
01:00:39.148 [FXGL Background Thread 3 ] DEBUG Engine               - isMainMenuEnabled: false
01:00:39.148 [FXGL Background Thread 3 ] DEBUG Engine               - isManualResizeEnabled: false
01:00:39.148 [FXGL Background Thread 3 ] DEBUG Engine               - isMobile: false
01:00:39.149 [FXGL Background Thread 3 ] DEBUG Engine               - isNative: false
01:00:39.149 [FXGL Background Thread 3 ] DEBUG Engine               - isPauseMusicWhenMinimized: true
01:00:39.149 [FXGL Background Thread 3 ] DEBUG Engine               - isPreserveResizeRatio: false
01:00:39.150 [FXGL Background Thread 3 ] DEBUG Engine               - isProfilingEnabled: false
01:00:39.150 [FXGL Background Thread 3 ] DEBUG Engine               - isScaleAffectedOnResize: true
01:00:39.150 [FXGL Background Thread 3 ] DEBUG Engine               - isSingleStep: false
01:00:39.150 [FXGL Background Thread 3 ] DEBUG Engine               - isUserProfileEnabled: false
01:00:39.151 [FXGL Background Thread 3 ] DEBUG Engine               - isWindows: true
01:00:39.151 [FXGL Background Thread 3 ] DEBUG Engine               - language: ObjectProperty [value: ENGLISH]
01:00:39.151 [FXGL Background Thread 3 ] DEBUG Engine               - menuKey: ESCAPE
01:00:39.151 [FXGL Background Thread 3 ] DEBUG Engine               - mouseSensitivity: 0.2
01:00:39.151 [FXGL Background Thread 3 ] DEBUG Engine               - notificationViewClass: class com.almasb.fxgl.notification.view.XboxNotificationView
01:00:39.151 [FXGL Background Thread 3 ] DEBUG Engine               - pixelsPerMeter: 50.0
01:00:39.152 [FXGL Background Thread 3 ] DEBUG Engine               - platform: WINDOWS
01:00:39.152 [FXGL Background Thread 3 ] DEBUG Engine               - prefHeightProperty: ReadOnlyDoubleProperty [value: 720.0]
01:00:39.152 [FXGL Background Thread 3 ] DEBUG Engine               - prefWidthProperty: ReadOnlyDoubleProperty [value: 960.0]
01:00:39.152 [FXGL Background Thread 3 ] DEBUG Engine               - profileDir: profiles/
01:00:39.152 [FXGL Background Thread 3 ] DEBUG Engine               - profileName: StringProperty [value: DEFAULT]
01:00:39.153 [FXGL Background Thread 3 ] DEBUG Engine               - randomSeed: -1
01:00:39.153 [FXGL Background Thread 3 ] DEBUG Engine               - runtimeInfo: RuntimeInfo(platform=WINDOWS, version=17.3, build=30.03.2023 11.49)
01:00:39.153 [FXGL Background Thread 3 ] DEBUG Engine               - saveFileExt: sav
01:00:39.153 [FXGL Background Thread 3 ] DEBUG Engine               - scaledHeightProp$fxgl: DoubleProperty [bound, value: 720.0]
01:00:39.154 [FXGL Background Thread 3 ] DEBUG Engine               - scaledWidthProp$fxgl: DoubleProperty [bound, value: 960.0]
01:00:39.154 [FXGL Background Thread 3 ] DEBUG Engine               - sceneFactory: view.GeneralInit$1@736c0eca
01:00:39.154 [FXGL Background Thread 3 ] DEBUG Engine               - secondsIn24h: 60
01:00:39.154 [FXGL Background Thread 3 ] DEBUG Engine               - soundMenuBack: menu/back.wav
01:00:39.154 [FXGL Background Thread 3 ] DEBUG Engine               - soundMenuPress: menu/press.wav
01:00:39.154 [FXGL Background Thread 3 ] DEBUG Engine               - soundMenuSelect: menu/select.wav
01:00:39.154 [FXGL Background Thread 3 ] DEBUG Engine               - soundNotification: core/notification.wav
01:00:39.154 [FXGL Background Thread 3 ] DEBUG Engine               - stageStyle: DECORATED
01:00:39.154 [FXGL Background Thread 3 ] DEBUG Engine               - supportedLanguages: [ENGLISH, FRENCH, GERMAN, HUNGARIAN, RUSSIAN]
01:00:39.154 [FXGL Background Thread 3 ] DEBUG Engine               - ticksPerSecond: -1
01:00:39.155 [FXGL Background Thread 3 ] DEBUG Engine               - title: Akanov-an225
01:00:39.155 [FXGL Background Thread 3 ] DEBUG Engine               - urlGithub: https://github.com/AlmasB/FXGL
01:00:39.155 [FXGL Background Thread 3 ] DEBUG Engine               - urlLeaderboard: http://fxgl-top.herokuapp.com/
01:00:39.155 [FXGL Background Thread 3 ] DEBUG Engine               - urlPOM: https://raw.githubusercontent.com/AlmasB/FXGL/release/README.md
01:00:39.156 [FXGL Background Thread 3 ] DEBUG Engine               - userAppClass: class view.Launch
01:00:39.156 [FXGL Background Thread 3 ] DEBUG Engine               - version: 0.2
01:00:39.156 [FXGL Background Thread 3 ] DEBUG Engine               - versionCheckDays: 7
01:00:39.156 [FXGL Background Thread 3 ] DEBUG Engine               - width: 960
01:00:39.156 [FXGL Background Thread 3 ] DEBUG Engine               - Logging services
01:00:39.156 [FXGL Background Thread 3 ] DEBUG Engine               - class com.almasb.fxgl.app.services.FXGLAssetLoaderService
01:00:39.156 [FXGL Background Thread 3 ] DEBUG Engine               - class com.almasb.fxgl.app.FXGLApplication$GameApplicationService
01:00:39.157 [FXGL Background Thread 3 ] DEBUG Engine               - class com.almasb.fxgl.app.services.FXGLDialogService
01:00:39.158 [FXGL Background Thread 3 ] DEBUG Engine               - class com.almasb.fxgl.app.services.IOTaskExecutorService
01:00:39.158 [FXGL Background Thread 3 ] DEBUG Engine               - class com.almasb.fxgl.io.FileSystemService
01:00:39.158 [FXGL Background Thread 3 ] DEBUG Engine               - class com.almasb.fxgl.localization.LocalizationService
01:00:39.158 [FXGL Background Thread 3 ] DEBUG Engine               - class com.almasb.fxgl.app.services.SystemBundleService
01:00:39.158 [FXGL Background Thread 3 ] DEBUG Engine               - class com.almasb.fxgl.profile.SaveLoadService
01:00:39.158 [FXGL Background Thread 3 ] DEBUG Engine               - class com.almasb.fxgl.ui.FXGLUIFactoryServiceProvider
01:00:39.158 [FXGL Background Thread 3 ] DEBUG Engine               - class com.almasb.fxgl.ui.FXGLDialogFactoryServiceProvider
01:00:39.158 [FXGL Background Thread 3 ] DEBUG Engine               - class com.almasb.fxgl.audio.AudioPlayer
01:00:39.158 [FXGL Background Thread 3 ] DEBUG Engine               - class com.almasb.fxgl.notification.impl.NotificationServiceProvider
01:00:39.158 [FXGL Background Thread 3 ] DEBUG Engine               - class com.almasb.fxgl.achievement.AchievementService
01:00:39.159 [FXGL Background Thread 3 ] DEBUG Engine               - class com.almasb.fxgl.cutscene.CutsceneService
01:00:39.159 [FXGL Background Thread 3 ] DEBUG Engine               - class com.almasb.fxgl.minigames.MiniGameService
01:00:39.159 [FXGL Background Thread 3 ] DEBUG Engine               - class com.almasb.fxgl.net.NetService
01:00:39.159 [FXGL Background Thread 3 ] DEBUG Engine               - class com.almasb.fxgl.app.services.UpdaterService
01:00:39.159 [FXGL Background Thread 3 ] DEBUG Engine               - class com.almasb.fxgl.dev.DevService
01:01:03.015 [JavaFX Application Thread] DEBUG FXGLApplication      - Exiting FXGL
01:01:03.016 [JavaFX Application Thread] DEBUG LoopRunner           - Stopping loop
01:01:03.016 [JavaFX Application Thread] DEBUG SystemBundleService  - Saving FXGL system data
01:01:03.023 [JavaFX Application Thread] DEBUG FileSystemAccess     - Writing to: C:\Users\Tuanngth\Desktop\akanov-an225\system\fxgl.bundle
01:01:03.032 [JavaFX Application Thread] DEBUG Async                - Shutting down background threads
01:01:03.033 [JavaFX Application Thread] DEBUG PrimaryStageWindow   - Closing main window
01:01:03.070 [JavaFX Application Thread] DEBUG Logger               - Closing Logger
