23:39:43.441 [main                     ] DEBUG Logger               - Configured Logger
23:39:43.448 [main                     ] DEBUG GameApplication      - Logging settings
Title: Akanov-an225
Version: 0.2
Width: 960
Height: 720
Fullscreen: false
Intro: false
Profiling: false
Single step:false
App Mode: DEVELOPER
Menu Key: ESCAPE
Stage Style: DECORATED
Scene Factory: class view.GeneralInit$1

23:39:43.878 [JavaFX Application Thread] DEBUG FXGLApplication      - Initializing FXGL
23:39:43.883 [JavaFX Application Thread] INFO  Engine               - FXGL-17.3 (30.03.2023 11.49) on WINDOWS (J:24.0.2 FX:21.0.6)
23:39:43.884 [JavaFX Application Thread] DEBUG Engine               - JRE Vendor Name: Oracle Corporation
23:39:43.884 [JavaFX Application Thread] DEBUG Engine               - Running on OS: Windows 11 version 10.0
23:39:43.884 [JavaFX Application Thread] DEBUG Engine               - Architecture: amd64
23:39:43.884 [JavaFX Application Thread] INFO  Engine               - Source code and latest versions at: https://github.com/AlmasB/FXGL
23:39:43.884 [JavaFX Application Thread] INFO  Engine               -       Ask questions and discuss at: https://github.com/AlmasB/FXGL/discussions
23:39:43.885 [JavaFX Application Thread] INFO  Engine               -              Join the FXGL chat at: https://gitter.im/AlmasB/FXGL
23:39:43.969 [JavaFX Application Thread] DEBUG PrimaryStageWindow   - Creating a JavaFX scene
23:39:44.012 [JavaFX Application Thread] DEBUG PrimaryStageWindow   - Target settings size: 960.0 x 720.0
23:39:44.012 [JavaFX Application Thread] DEBUG PrimaryStageWindow   - Scaled scene size:    960.0 x 720.0
23:39:44.012 [JavaFX Application Thread] DEBUG PrimaryStageWindow   - Scaled ratio: (1.0, 1.0)
23:39:44.013 [JavaFX Application Thread] DEBUG PrimaryStageWindow   - Set initial scene to FXGLStartupScene
23:39:44.016 [JavaFX Application Thread] DEBUG PrimaryStageWindow   - Opening main window
23:39:44.127 [JavaFX Application Thread] DEBUG PrimaryStageWindow   - Window border size: (13.823974609375, 37.24798583984375)
23:39:44.127 [JavaFX Application Thread] DEBUG PrimaryStageWindow   - Scaled size: 960.0 x 720.0
23:39:44.127 [JavaFX Application Thread] DEBUG PrimaryStageWindow   - Scaled ratio: (1.0, 1.0)
23:39:44.127 [JavaFX Application Thread] DEBUG PrimaryStageWindow   - Scene size: 960.0 x 720.0
23:39:44.128 [JavaFX Application Thread] DEBUG PrimaryStageWindow   - Stage size: 973.823974609375 x 757.2479858398438
23:39:44.144 [FXGL Background Thread 1 ] DEBUG Engine               - Initializing environment variables
23:39:44.236 [FXGL Background Thread 1 ] DEBUG FXGLAssetLoaderServi - User app class for loading assets: class view.Launch
23:39:44.237 [FXGL Background Thread 1 ] DEBUG GameApplicationServi - Applying CSS: fxgl_dark.css
23:39:44.237 [FXGL Background Thread 1 ] DEBUG FXGLAssetLoaderServi - Loading from file system: jar:file:///C:/Users/Tuanngth/.m2/repository/com/github/almasb/fxgl/17.3/fxgl-17.3.jar!/fxglassets/ui/css/fxgl_dark.css
23:39:44.292 [FXGL Background Thread 1 ] DEBUG GameApplicationServi - Initializing application scenes
23:39:44.336 [FXGL Background Thread 1 ] DEBUG GameWorld            - Game world initialized
23:39:44.389 [FXGL Background Thread 1 ] DEBUG PhysicsWorld         - Physics world initialized: appHeight=720, physics.ppm=50,0
23:39:44.389 [FXGL Background Thread 1 ] DEBUG PhysicsWorld         - Using strategy: BRUTE_FORCE
23:39:44.393 [FXGL Background Thread 1 ] DEBUG GameScene            - Game scene initialized: 960x720
23:39:44.461 [FXGL Background Thread 1 ] DEBUG GameApplicationServi - Application scenes initialized
23:39:44.469 [FXGL Background Thread 1 ] DEBUG SystemBundleService  - Loading FXGL system data
23:39:44.475 [FXGL Background Thread 1 ] DEBUG FileSystemAccess     - Reading from: C:\Users\Tuanngth\Desktop\akanov-an225\system\fxgl.bundle
23:39:44.482 [FXGL Background Thread 1 ] DEBUG SystemBundleService  - Bundle FXGL: {}
23:39:44.482 [FXGL Background Thread 1 ] DEBUG UpdaterService       - Checking for updates
23:39:44.487 [FXGL Background Thread 4 ] DEBUG FXGLApplication      - Loading fonts
23:39:44.488 [FXGL Background Thread 1 ] DEBUG FXGLApplication      - Loading default localization
23:39:44.488 [FXGL Background Thread 4 ] DEBUG FXGLAssetLoaderServi - Loading from file system: jar:file:///C:/Users/Tuanngth/.m2/repository/com/github/almasb/fxgl/17.3/fxgl-17.3.jar!/fxglassets/ui/fonts/VarelaRound-Regular.ttf
23:39:44.489 [FXGL Background Thread 1 ] DEBUG FXGLAssetLoaderServi - Loading from file system: jar:file:///C:/Users/Tuanngth/.m2/repository/com/github/almasb/fxgl/17.3/fxgl-17.3.jar!/fxglassets/languages/english.lang
23:39:44.555 [FXGL Background Thread 4 ] DEBUG FXGLAssetLoaderServi - Loading from file system: jar:file:///C:/Users/Tuanngth/.m2/repository/com/github/almasb/fxgl/17.3/fxgl-17.3.jar!/fxglassets/ui/fonts/Abel-Regular.ttf
23:39:44.562 [FXGL Background Thread 4 ] DEBUG FXGLAssetLoaderServi - Loading from file system: jar:file:///C:/Users/Tuanngth/.m2/repository/com/github/almasb/fxgl/17.3/fxgl-17.3.jar!/fxglassets/ui/fonts/TerminalLandMono-Regular.otf
23:39:44.569 [FXGL Background Thread 4 ] DEBUG FXGLAssetLoaderServi - Loading from file system: jar:file:///C:/Users/Tuanngth/.m2/repository/com/github/almasb/fxgl/17.3/fxgl-17.3.jar!/fxglassets/ui/fonts/Courier-Prime.ttf
23:39:44.575 [FXGL Background Thread 1 ] INFO  FXGLApplication      - FXGL initialization took: 0,430 sec
23:39:44.613 [JavaFX Application Thread] DEBUG Input                - Registered new binding: action0 - Right
23:39:44.615 [JavaFX Application Thread] DEBUG Input                - Registered new binding: action1 - Left
23:39:44.617 [JavaFX Application Thread] DEBUG Input                - Registered new binding: action2 - D
23:39:44.618 [JavaFX Application Thread] DEBUG FXGLAssetLoaderServi - Loading from file system: jar:file:///C:/Users/Tuanngth/.m2/repository/com/github/almasb/fxgl/17.3/fxgl-17.3.jar!/fxglassets/textures/fxgl_icon.png
23:39:44.663 [JavaFX Application Thread] DEBUG FXGLAssetLoaderServi - Loading from file system: jar:file:///C:/Users/Tuanngth/.m2/repository/com/github/almasb/fxgl/17.3/fxgl-17.3.jar!/fxglassets/textures/fxgl_default_cursor.png
23:39:44.672 [JavaFX Application Thread] DEBUG Input                - Registered new binding: Screenshot - CTRL+8
23:39:44.672 [JavaFX Application Thread] DEBUG Input                - Registered new binding: System info dump - CTRL+9
23:39:44.673 [JavaFX Application Thread] DEBUG Input                - Registered new binding: Restart - CTRL+R
23:39:44.675 [JavaFX Application Thread] DEBUG Input                - Registered new binding: Toggle Debug Camera - CTRL+7
23:39:44.687 [JavaFX Application Thread] DEBUG LoopRunner           - Starting loop
23:39:44.687 [JavaFX Application Thread] DEBUG LoopRunner           - Initializing JavaFX AnimationTimerLoop
23:39:44.700 [JavaFX Application Thread] DEBUG Input                - Clearing active input actions
23:39:44.714 [JavaFX Application Thread] DEBUG GameApplicationServi - Removing overlay from FXGLStartupScene and adding to FXGLMainMenuDummyScene
23:39:44.715 [JavaFX Application Thread] DEBUG PrimaryStageWindow   - FXGLStartupScene -> FXGLMainMenuDummyScene
23:39:44.715 [JavaFX Application Thread] DEBUG PrimaryStageWindow   - Push state: MainMenu
23:39:44.716 [JavaFX Application Thread] DEBUG Input                - Clearing active input actions
23:39:44.724 [JavaFX Application Thread] DEBUG GameApplicationServi - Removing overlay from FXGLMainMenuDummyScene and adding to MainMenu
23:39:44.726 [JavaFX Application Thread] DEBUG PrimaryStageWindow   - FXGLMainMenuDummyScene -> MainMenu
23:39:44.726 [JavaFX Application Thread] DEBUG FXGLApplication      - Registering font factories with UI factory
23:39:45.240 [FXGL Background Thread 2 ] INFO  UpdaterService       - Your current version:  17.3
23:39:45.241 [FXGL Background Thread 2 ] INFO  UpdaterService       - Latest stable version: 21.1
23:39:46.397 [JavaFX Application Thread] DEBUG Menu                 - fireNewGame()
23:39:46.398 [JavaFX Application Thread] DEBUG GameApplicationServi - Starting new game
23:39:46.398 [JavaFX Application Thread] DEBUG PrimaryStageWindow   - Pop state: MainMenu
23:39:46.398 [JavaFX Application Thread] DEBUG Input                - Clearing active input actions
23:39:46.399 [JavaFX Application Thread] DEBUG GameApplicationServi - Removing overlay from MainMenu and adding to FXGLMainMenuDummyScene
23:39:46.399 [JavaFX Application Thread] DEBUG PrimaryStageWindow   - FXGLMainMenuDummyScene <- MainMenu
23:39:46.399 [JavaFX Application Thread] DEBUG Input                - Clearing active input actions
23:39:46.413 [JavaFX Application Thread] DEBUG GameApplicationServi - Removing overlay from FXGLMainMenuDummyScene and adding to FXGLLoadingScene
23:39:46.415 [JavaFX Application Thread] DEBUG PrimaryStageWindow   - FXGLMainMenuDummyScene -> FXGLLoadingScene
23:39:46.415 [JavaFX Application Thread] DEBUG GameApplicationServi - Clearing previous game
23:39:46.415 [JavaFX Application Thread] DEBUG GameScene            - Clearing game scene
23:39:46.415 [JavaFX Application Thread] DEBUG GameWorld            - Clearing game world
23:39:46.415 [JavaFX Application Thread] DEBUG PhysicsWorld         - Clearing physics world
23:39:46.418 [FXGL Background Thread 2 ] DEBUG FXGLApplication      - Initializing game
23:39:46.427 [FXGL Background Thread 2 ] WARN  Entity               - Entity already has component: com.almasb.fxgl.entity.components.BoundingBoxComponent
23:39:46.576 [FXGL Background Thread 2 ] INFO  FXGLApplication      - Game initialization took: 0,159 sec
23:39:46.579 [JavaFX Application Thread] DEBUG Input                - Clearing active input actions
23:39:46.590 [JavaFX Application Thread] DEBUG GameApplicationServi - Removing overlay from FXGLLoadingScene and adding to GameScene
23:39:46.590 [JavaFX Application Thread] DEBUG PrimaryStageWindow   - FXGLLoadingScene -> GameScene
23:39:47.487 [FXGL Background Thread 3 ] DEBUG Engine               - Logging environment variables
23:39:47.488 [FXGL Background Thread 3 ] DEBUG Engine               - achievements: []
23:39:47.488 [FXGL Background Thread 3 ] DEBUG Engine               - actualHeight: 720.0
23:39:47.488 [FXGL Background Thread 3 ] DEBUG Engine               - actualHeightProperty: ReadOnlyDoubleProperty [value: 720.0]
23:39:47.488 [FXGL Background Thread 3 ] DEBUG Engine               - actualWidth: 960.0
23:39:47.488 [FXGL Background Thread 3 ] DEBUG Engine               - actualWidthProperty: ReadOnlyDoubleProperty [value: 960.0]
23:39:47.488 [FXGL Background Thread 3 ] DEBUG Engine               - appIcon: fxgl_icon.png
23:39:47.488 [FXGL Background Thread 3 ] DEBUG Engine               - applicationMode: DEVELOPER
23:39:47.488 [FXGL Background Thread 3 ] DEBUG Engine               - cSSList: [fxgl_dark.css]
23:39:47.488 [FXGL Background Thread 3 ] DEBUG Engine               - collisionDetectionStrategy: BRUTE_FORCE
23:39:47.488 [FXGL Background Thread 3 ] DEBUG Engine               - configClass: Optional.empty
23:39:47.488 [FXGL Background Thread 3 ] DEBUG Engine               - credits: []
23:39:47.494 [FXGL Background Thread 3 ] DEBUG Engine               - defaultCursor: CursorInfo(imageName=fxgl_default_cursor.png, hotspotX=7.0, hotspotY=6.0)
23:39:47.494 [FXGL Background Thread 3 ] DEBUG Engine               - devBBoxColorProperty: ObjectProperty [value: 0xff0000ff]
23:39:47.494 [FXGL Background Thread 3 ] DEBUG Engine               - devEnableDebugCameraProperty: BooleanProperty [value: false]
23:39:47.495 [FXGL Background Thread 3 ] DEBUG Engine               - devSensorColorProperty: ObjectProperty [value: 0xffff00ff]
23:39:47.495 [FXGL Background Thread 3 ] DEBUG Engine               - devShowBBoxProperty: BooleanProperty [value: false]
23:39:47.495 [FXGL Background Thread 3 ] DEBUG Engine               - devShowPositionProperty: BooleanProperty [value: false]
23:39:47.495 [FXGL Background Thread 3 ] DEBUG Engine               - enabledMenuItems: []
23:39:47.495 [FXGL Background Thread 3 ] DEBUG Engine               - engineServices: [class com.almasb.fxgl.app.services.FXGLAssetLoaderService, class com.almasb.fxgl.app.FXGLApplication$GameApplicationService, class com.almasb.fxgl.app.services.FXGLDialogService, class com.almasb.fxgl.app.services.IOTaskExecutorService, class com.almasb.fxgl.io.FileSystemService, class com.almasb.fxgl.localization.LocalizationService, class com.almasb.fxgl.app.services.SystemBundleService, class com.almasb.fxgl.profile.SaveLoadService, class com.almasb.fxgl.ui.FXGLUIFactoryServiceProvider, class com.almasb.fxgl.ui.FXGLDialogFactoryServiceProvider, class com.almasb.fxgl.audio.AudioPlayer, class com.almasb.fxgl.notification.impl.NotificationServiceProvider, class com.almasb.fxgl.achievement.AchievementService, class com.almasb.fxgl.cutscene.CutsceneService, class com.almasb.fxgl.minigames.MiniGameService, class com.almasb.fxgl.net.NetService, class com.almasb.fxgl.app.services.UpdaterService, class com.almasb.fxgl.dev.DevService]
23:39:47.495 [FXGL Background Thread 3 ] DEBUG Engine               - fontGame: Abel-Regular.ttf
23:39:47.496 [FXGL Background Thread 3 ] DEBUG Engine               - fontMono: TerminalLandMono-Regular.otf
23:39:47.496 [FXGL Background Thread 3 ] DEBUG Engine               - fontSizeScaleUI: 1.0
23:39:47.496 [FXGL Background Thread 3 ] DEBUG Engine               - fontText: Courier-Prime.ttf
23:39:47.496 [FXGL Background Thread 3 ] DEBUG Engine               - fontUI: VarelaRound-Regular.ttf
23:39:47.496 [FXGL Background Thread 3 ] DEBUG Engine               - fullScreen: BooleanProperty [value: false]
23:39:47.496 [FXGL Background Thread 3 ] DEBUG Engine               - gameDifficulty: MEDIUM
23:39:47.496 [FXGL Background Thread 3 ] DEBUG Engine               - gameDifficultyProperty: ObjectProperty [value: MEDIUM]
23:39:47.496 [FXGL Background Thread 3 ] DEBUG Engine               - globalMusicVolume: 0.5
23:39:47.497 [FXGL Background Thread 3 ] DEBUG Engine               - globalMusicVolumeProperty: DoubleProperty [value: 0.5]
23:39:47.497 [FXGL Background Thread 3 ] DEBUG Engine               - globalSoundVolume: 0.5
23:39:47.497 [FXGL Background Thread 3 ] DEBUG Engine               - globalSoundVolumeProperty: DoubleProperty [value: 0.5]
23:39:47.497 [FXGL Background Thread 3 ] DEBUG Engine               - height: 720
23:39:47.497 [FXGL Background Thread 3 ] DEBUG Engine               - is3D: false
23:39:47.497 [FXGL Background Thread 3 ] DEBUG Engine               - isAndroid: false
23:39:47.497 [FXGL Background Thread 3 ] DEBUG Engine               - isBrowser: false
23:39:47.497 [FXGL Background Thread 3 ] DEBUG Engine               - isClickFeedbackEnabled: false
23:39:47.497 [FXGL Background Thread 3 ] DEBUG Engine               - isCloseConfirmation: false
23:39:47.497 [FXGL Background Thread 3 ] DEBUG Engine               - isDesktop: true
23:39:47.497 [FXGL Background Thread 3 ] DEBUG Engine               - isDeveloperMenuEnabled: false
23:39:47.498 [FXGL Background Thread 3 ] DEBUG Engine               - isEmbedded: false
23:39:47.498 [FXGL Background Thread 3 ] DEBUG Engine               - isEntityPreloadEnabled: true
23:39:47.498 [FXGL Background Thread 3 ] DEBUG Engine               - isExperimentalTiledLargeMap: false
23:39:47.498 [FXGL Background Thread 3 ] DEBUG Engine               - isFileSystemWriteAllowed: true
23:39:47.498 [FXGL Background Thread 3 ] DEBUG Engine               - isFullScreenAllowed: false
23:39:47.498 [FXGL Background Thread 3 ] DEBUG Engine               - isFullScreenFromStart: false
23:39:47.498 [FXGL Background Thread 3 ] DEBUG Engine               - isGameMenuEnabled: true
23:39:47.498 [FXGL Background Thread 3 ] DEBUG Engine               - isIOS: false
23:39:47.498 [FXGL Background Thread 3 ] DEBUG Engine               - isIntroEnabled: false
23:39:47.498 [FXGL Background Thread 3 ] DEBUG Engine               - isLinux: false
23:39:47.498 [FXGL Background Thread 3 ] DEBUG Engine               - isMac: false
23:39:47.498 [FXGL Background Thread 3 ] DEBUG Engine               - isMainMenuEnabled: true
23:39:47.498 [FXGL Background Thread 3 ] DEBUG Engine               - isManualResizeEnabled: false
23:39:47.499 [FXGL Background Thread 3 ] DEBUG Engine               - isMobile: false
23:39:47.499 [FXGL Background Thread 3 ] DEBUG Engine               - isNative: false
23:39:47.499 [FXGL Background Thread 3 ] DEBUG Engine               - isPauseMusicWhenMinimized: true
23:39:47.499 [FXGL Background Thread 3 ] DEBUG Engine               - isPreserveResizeRatio: false
23:39:47.499 [FXGL Background Thread 3 ] DEBUG Engine               - isProfilingEnabled: false
23:39:47.499 [FXGL Background Thread 3 ] DEBUG Engine               - isScaleAffectedOnResize: true
23:39:47.499 [FXGL Background Thread 3 ] DEBUG Engine               - isSingleStep: false
23:39:47.499 [FXGL Background Thread 3 ] DEBUG Engine               - isUserProfileEnabled: false
23:39:47.499 [FXGL Background Thread 3 ] DEBUG Engine               - isWindows: true
23:39:47.499 [FXGL Background Thread 3 ] DEBUG Engine               - language: ObjectProperty [value: ENGLISH]
23:39:47.499 [FXGL Background Thread 3 ] DEBUG Engine               - menuKey: ESCAPE
23:39:47.499 [FXGL Background Thread 3 ] DEBUG Engine               - mouseSensitivity: 0.2
23:39:47.499 [FXGL Background Thread 3 ] DEBUG Engine               - notificationViewClass: class com.almasb.fxgl.notification.view.XboxNotificationView
23:39:47.499 [FXGL Background Thread 3 ] DEBUG Engine               - pixelsPerMeter: 50.0
23:39:47.499 [FXGL Background Thread 3 ] DEBUG Engine               - platform: WINDOWS
23:39:47.499 [FXGL Background Thread 3 ] DEBUG Engine               - prefHeightProperty: ReadOnlyDoubleProperty [value: 720.0]
23:39:47.500 [FXGL Background Thread 3 ] DEBUG Engine               - prefWidthProperty: ReadOnlyDoubleProperty [value: 960.0]
23:39:47.500 [FXGL Background Thread 3 ] DEBUG Engine               - profileDir: profiles/
23:39:47.500 [FXGL Background Thread 3 ] DEBUG Engine               - profileName: StringProperty [value: DEFAULT]
23:39:47.500 [FXGL Background Thread 3 ] DEBUG Engine               - randomSeed: -1
23:39:47.500 [FXGL Background Thread 3 ] DEBUG Engine               - runtimeInfo: RuntimeInfo(platform=WINDOWS, version=17.3, build=30.03.2023 11.49)
23:39:47.500 [FXGL Background Thread 3 ] DEBUG Engine               - saveFileExt: sav
23:39:47.500 [FXGL Background Thread 3 ] DEBUG Engine               - scaledHeightProp$fxgl: DoubleProperty [bound, value: 720.0]
23:39:47.500 [FXGL Background Thread 3 ] DEBUG Engine               - scaledWidthProp$fxgl: DoubleProperty [bound, value: 960.0]
23:39:47.500 [FXGL Background Thread 3 ] DEBUG Engine               - sceneFactory: view.GeneralInit$1@280de01c
23:39:47.501 [FXGL Background Thread 3 ] DEBUG Engine               - secondsIn24h: 60
23:39:47.501 [FXGL Background Thread 3 ] DEBUG Engine               - soundMenuBack: menu/back.wav
23:39:47.501 [FXGL Background Thread 3 ] DEBUG Engine               - soundMenuPress: menu/press.wav
23:39:47.501 [FXGL Background Thread 3 ] DEBUG Engine               - soundMenuSelect: menu/select.wav
23:39:47.501 [FXGL Background Thread 3 ] DEBUG Engine               - soundNotification: core/notification.wav
23:39:47.501 [FXGL Background Thread 3 ] DEBUG Engine               - stageStyle: DECORATED
23:39:47.501 [FXGL Background Thread 3 ] DEBUG Engine               - supportedLanguages: [ENGLISH, FRENCH, GERMAN, HUNGARIAN, RUSSIAN]
23:39:47.501 [FXGL Background Thread 3 ] DEBUG Engine               - ticksPerSecond: -1
23:39:47.501 [FXGL Background Thread 3 ] DEBUG Engine               - title: Akanov-an225
23:39:47.501 [FXGL Background Thread 3 ] DEBUG Engine               - urlGithub: https://github.com/AlmasB/FXGL
23:39:47.501 [FXGL Background Thread 3 ] DEBUG Engine               - urlLeaderboard: http://fxgl-top.herokuapp.com/
23:39:47.501 [FXGL Background Thread 3 ] DEBUG Engine               - urlPOM: https://raw.githubusercontent.com/AlmasB/FXGL/release/README.md
23:39:47.502 [FXGL Background Thread 3 ] DEBUG Engine               - userAppClass: class view.Launch
23:39:47.502 [FXGL Background Thread 3 ] DEBUG Engine               - version: 0.2
23:39:47.502 [FXGL Background Thread 3 ] DEBUG Engine               - versionCheckDays: 7
23:39:47.502 [FXGL Background Thread 3 ] DEBUG Engine               - width: 960
23:39:47.502 [FXGL Background Thread 3 ] DEBUG Engine               - Logging services
23:39:47.502 [FXGL Background Thread 3 ] DEBUG Engine               - class com.almasb.fxgl.app.services.FXGLAssetLoaderService
23:39:47.502 [FXGL Background Thread 3 ] DEBUG Engine               - class com.almasb.fxgl.app.FXGLApplication$GameApplicationService
23:39:47.502 [FXGL Background Thread 3 ] DEBUG Engine               - class com.almasb.fxgl.app.services.FXGLDialogService
23:39:47.502 [FXGL Background Thread 3 ] DEBUG Engine               - class com.almasb.fxgl.app.services.IOTaskExecutorService
23:39:47.502 [FXGL Background Thread 3 ] DEBUG Engine               - class com.almasb.fxgl.io.FileSystemService
23:39:47.502 [FXGL Background Thread 3 ] DEBUG Engine               - class com.almasb.fxgl.localization.LocalizationService
23:39:47.502 [FXGL Background Thread 3 ] DEBUG Engine               - class com.almasb.fxgl.app.services.SystemBundleService
23:39:47.502 [FXGL Background Thread 3 ] DEBUG Engine               - class com.almasb.fxgl.profile.SaveLoadService
23:39:47.502 [FXGL Background Thread 3 ] DEBUG Engine               - class com.almasb.fxgl.ui.FXGLUIFactoryServiceProvider
23:39:47.502 [FXGL Background Thread 3 ] DEBUG Engine               - class com.almasb.fxgl.ui.FXGLDialogFactoryServiceProvider
23:39:47.502 [FXGL Background Thread 3 ] DEBUG Engine               - class com.almasb.fxgl.audio.AudioPlayer
23:39:47.502 [FXGL Background Thread 3 ] DEBUG Engine               - class com.almasb.fxgl.notification.impl.NotificationServiceProvider
23:39:47.502 [FXGL Background Thread 3 ] DEBUG Engine               - class com.almasb.fxgl.achievement.AchievementService
23:39:47.502 [FXGL Background Thread 3 ] DEBUG Engine               - class com.almasb.fxgl.cutscene.CutsceneService
23:39:47.503 [FXGL Background Thread 3 ] DEBUG Engine               - class com.almasb.fxgl.minigames.MiniGameService
23:39:47.503 [FXGL Background Thread 3 ] DEBUG Engine               - class com.almasb.fxgl.net.NetService
23:39:47.503 [FXGL Background Thread 3 ] DEBUG Engine               - class com.almasb.fxgl.app.services.UpdaterService
23:39:47.503 [FXGL Background Thread 3 ] DEBUG Engine               - class com.almasb.fxgl.dev.DevService
23:39:48.634 [JavaFX Application Thread] WARN  GameWorld            - Attempted to remove entity which is not active
23:39:48.634 [JavaFX Application Thread] WARN  GameWorld            - Attempted to remove entity which is not active
23:39:48.634 [JavaFX Application Thread] WARN  GameWorld            - Attempted to remove entity which is not active
23:39:48.634 [JavaFX Application Thread] WARN  GameWorld            - Attempted to remove entity which is not active
23:39:48.634 [JavaFX Application Thread] WARN  GameWorld            - Attempted to remove entity which is not active
23:39:48.635 [JavaFX Application Thread] WARN  GameWorld            - Attempted to remove entity which is not active
23:39:48.635 [JavaFX Application Thread] WARN  GameWorld            - Attempted to remove entity which is not active
23:39:48.635 [JavaFX Application Thread] WARN  GameWorld            - Attempted to remove entity which is not active
23:39:48.648 [JavaFX Application Thread] WARN  GameWorld            - Attempted to remove entity which is not active
23:39:48.648 [JavaFX Application Thread] WARN  GameWorld            - Attempted to remove entity which is not active
23:39:48.648 [JavaFX Application Thread] WARN  GameWorld            - Attempted to remove entity which is not active
23:39:48.648 [JavaFX Application Thread] WARN  GameWorld            - Attempted to remove entity which is not active
23:39:48.648 [JavaFX Application Thread] WARN  GameWorld            - Attempted to remove entity which is not active
23:39:48.648 [JavaFX Application Thread] WARN  GameWorld            - Attempted to remove entity which is not active
23:39:48.648 [JavaFX Application Thread] WARN  GameWorld            - Attempted to remove entity which is not active
23:39:48.649 [JavaFX Application Thread] WARN  GameWorld            - Attempted to remove entity which is not active
23:39:48.649 [JavaFX Application Thread] WARN  GameWorld            - Attempted to remove entity which is not active
23:39:48.649 [JavaFX Application Thread] WARN  GameWorld            - Attempted to remove entity which is not active
23:39:48.649 [JavaFX Application Thread] WARN  GameWorld            - Attempted to remove entity which is not active
23:39:48.649 [JavaFX Application Thread] WARN  GameWorld            - Attempted to remove entity which is not active
23:39:48.649 [JavaFX Application Thread] WARN  GameWorld            - Attempted to remove entity which is not active
23:39:48.649 [JavaFX Application Thread] WARN  GameWorld            - Attempted to remove entity which is not active
23:39:48.649 [JavaFX Application Thread] WARN  GameWorld            - Attempted to remove entity which is not active
23:39:48.649 [JavaFX Application Thread] WARN  GameWorld            - Attempted to remove entity which is not active
23:39:48.650 [JavaFX Application Thread] WARN  GameWorld            - Attempted to remove entity which is not active
23:39:48.650 [JavaFX Application Thread] WARN  GameWorld            - Attempted to remove entity which is not active
23:39:48.650 [JavaFX Application Thread] WARN  GameWorld            - Attempted to remove entity which is not active
23:39:48.650 [JavaFX Application Thread] WARN  GameWorld            - Attempted to remove entity which is not active
23:39:48.650 [JavaFX Application Thread] WARN  GameWorld            - Attempted to remove entity which is not active
23:39:48.650 [JavaFX Application Thread] WARN  GameWorld            - Attempted to remove entity which is not active
23:39:48.651 [JavaFX Application Thread] WARN  GameWorld            - Attempted to remove entity which is not active
23:39:48.651 [JavaFX Application Thread] WARN  GameWorld            - Attempted to remove entity which is not active
23:39:48.651 [JavaFX Application Thread] WARN  GameWorld            - Attempted to remove entity which is not active
23:39:48.651 [JavaFX Application Thread] WARN  GameWorld            - Attempted to remove entity which is not active
23:39:48.651 [JavaFX Application Thread] WARN  GameWorld            - Attempted to remove entity which is not active
23:39:48.651 [JavaFX Application Thread] WARN  GameWorld            - Attempted to remove entity which is not active
23:39:48.651 [JavaFX Application Thread] WARN  GameWorld            - Attempted to remove entity which is not active
23:39:48.651 [JavaFX Application Thread] WARN  GameWorld            - Attempted to remove entity which is not active
23:39:48.652 [JavaFX Application Thread] WARN  GameWorld            - Attempted to remove entity which is not active
23:39:48.678 [JavaFX Application Thread] WARN  GameWorld            - Attempted to remove entity which is not active
23:39:48.679 [JavaFX Application Thread] WARN  GameWorld            - Attempted to remove entity which is not active
23:39:48.679 [JavaFX Application Thread] WARN  GameWorld            - Attempted to remove entity which is not active
23:39:48.679 [JavaFX Application Thread] WARN  GameWorld            - Attempted to remove entity which is not active
23:39:48.679 [JavaFX Application Thread] WARN  GameWorld            - Attempted to remove entity which is not active
23:39:48.679 [JavaFX Application Thread] WARN  GameWorld            - Attempted to remove entity which is not active
23:39:48.679 [JavaFX Application Thread] WARN  GameWorld            - Attempted to remove entity which is not active
23:39:48.679 [JavaFX Application Thread] WARN  GameWorld            - Attempted to remove entity which is not active
23:39:48.679 [JavaFX Application Thread] WARN  GameWorld            - Attempted to remove entity which is not active
23:39:48.679 [JavaFX Application Thread] WARN  GameWorld            - Attempted to remove entity which is not active
23:39:48.679 [JavaFX Application Thread] WARN  GameWorld            - Attempted to remove entity which is not active
23:39:48.679 [JavaFX Application Thread] WARN  GameWorld            - Attempted to remove entity which is not active
23:39:48.679 [JavaFX Application Thread] WARN  GameWorld            - Attempted to remove entity which is not active
23:39:48.679 [JavaFX Application Thread] WARN  GameWorld            - Attempted to remove entity which is not active
23:39:48.680 [JavaFX Application Thread] WARN  GameWorld            - Attempted to remove entity which is not active
23:39:48.680 [JavaFX Application Thread] WARN  GameWorld            - Attempted to remove entity which is not active
23:39:48.680 [JavaFX Application Thread] WARN  GameWorld            - Attempted to remove entity which is not active
23:39:48.680 [JavaFX Application Thread] WARN  GameWorld            - Attempted to remove entity which is not active
23:39:48.680 [JavaFX Application Thread] WARN  GameWorld            - Attempted to remove entity which is not active
23:39:48.680 [JavaFX Application Thread] WARN  GameWorld            - Attempted to remove entity which is not active
23:39:48.680 [JavaFX Application Thread] WARN  GameWorld            - Attempted to remove entity which is not active
23:39:48.680 [JavaFX Application Thread] WARN  GameWorld            - Attempted to remove entity which is not active
23:39:48.680 [JavaFX Application Thread] WARN  GameWorld            - Attempted to remove entity which is not active
23:39:48.680 [JavaFX Application Thread] WARN  GameWorld            - Attempted to remove entity which is not active
23:39:48.680 [JavaFX Application Thread] WARN  GameWorld            - Attempted to remove entity which is not active
23:39:48.681 [JavaFX Application Thread] WARN  GameWorld            - Attempted to remove entity which is not active
23:39:48.681 [JavaFX Application Thread] WARN  GameWorld            - Attempted to remove entity which is not active
23:39:48.681 [JavaFX Application Thread] WARN  GameWorld            - Attempted to remove entity which is not active
23:39:48.681 [JavaFX Application Thread] WARN  GameWorld            - Attempted to remove entity which is not active
23:39:48.681 [JavaFX Application Thread] WARN  GameWorld            - Attempted to remove entity which is not active
23:39:48.681 [JavaFX Application Thread] WARN  GameWorld            - Attempted to remove entity which is not active
23:39:48.681 [JavaFX Application Thread] WARN  GameWorld            - Attempted to remove entity which is not active
23:39:48.681 [JavaFX Application Thread] WARN  GameWorld            - Attempted to remove entity which is not active
23:39:48.681 [JavaFX Application Thread] WARN  GameWorld            - Attempted to remove entity which is not active
23:39:48.681 [JavaFX Application Thread] WARN  GameWorld            - Attempted to remove entity which is not active
23:39:48.681 [JavaFX Application Thread] WARN  GameWorld            - Attempted to remove entity which is not active
23:39:48.681 [JavaFX Application Thread] WARN  GameWorld            - Attempted to remove entity which is not active
23:39:48.682 [JavaFX Application Thread] WARN  GameWorld            - Attempted to remove entity which is not active
23:39:48.682 [JavaFX Application Thread] WARN  GameWorld            - Attempted to remove entity which is not active
23:39:48.682 [JavaFX Application Thread] WARN  GameWorld            - Attempted to remove entity which is not active
23:39:48.682 [JavaFX Application Thread] WARN  GameWorld            - Attempted to remove entity which is not active
23:39:48.682 [JavaFX Application Thread] WARN  GameWorld            - Attempted to remove entity which is not active
23:39:48.682 [JavaFX Application Thread] WARN  GameWorld            - Attempted to remove entity which is not active
23:39:48.682 [JavaFX Application Thread] WARN  GameWorld            - Attempted to remove entity which is not active
23:39:48.682 [JavaFX Application Thread] WARN  GameWorld            - Attempted to remove entity which is not active
23:39:48.682 [JavaFX Application Thread] WARN  GameWorld            - Attempted to remove entity which is not active
23:39:48.683 [JavaFX Application Thread] WARN  GameWorld            - Attempted to remove entity which is not active
23:39:48.683 [JavaFX Application Thread] WARN  GameWorld            - Attempted to remove entity which is not active
23:39:48.683 [JavaFX Application Thread] WARN  GameWorld            - Attempted to remove entity which is not active
23:39:48.683 [JavaFX Application Thread] WARN  GameWorld            - Attempted to remove entity which is not active
23:39:48.683 [JavaFX Application Thread] WARN  GameWorld            - Attempted to remove entity which is not active
23:39:48.683 [JavaFX Application Thread] WARN  GameWorld            - Attempted to remove entity which is not active
23:39:48.683 [JavaFX Application Thread] WARN  GameWorld            - Attempted to remove entity which is not active
23:39:48.683 [JavaFX Application Thread] WARN  GameWorld            - Attempted to remove entity which is not active
23:39:48.683 [JavaFX Application Thread] WARN  GameWorld            - Attempted to remove entity which is not active
23:39:48.683 [JavaFX Application Thread] WARN  GameWorld            - Attempted to remove entity which is not active
23:39:48.683 [JavaFX Application Thread] WARN  GameWorld            - Attempted to remove entity which is not active
23:39:48.683 [JavaFX Application Thread] WARN  GameWorld            - Attempted to remove entity which is not active
23:39:48.683 [JavaFX Application Thread] WARN  GameWorld            - Attempted to remove entity which is not active
23:39:48.684 [JavaFX Application Thread] WARN  GameWorld            - Attempted to remove entity which is not active
23:39:48.684 [JavaFX Application Thread] WARN  GameWorld            - Attempted to remove entity which is not active
23:39:48.684 [JavaFX Application Thread] WARN  GameWorld            - Attempted to remove entity which is not active
23:39:48.684 [JavaFX Application Thread] WARN  GameWorld            - Attempted to remove entity which is not active
23:39:48.684 [JavaFX Application Thread] WARN  GameWorld            - Attempted to remove entity which is not active
23:39:48.684 [JavaFX Application Thread] WARN  GameWorld            - Attempted to remove entity which is not active
23:39:48.685 [JavaFX Application Thread] WARN  GameWorld            - Attempted to remove entity which is not active
23:39:48.685 [JavaFX Application Thread] WARN  GameWorld            - Attempted to remove entity which is not active
23:39:48.685 [JavaFX Application Thread] WARN  GameWorld            - Attempted to remove entity which is not active
23:39:48.685 [JavaFX Application Thread] WARN  GameWorld            - Attempted to remove entity which is not active
23:39:48.685 [JavaFX Application Thread] WARN  GameWorld            - Attempted to remove entity which is not active
23:39:48.685 [JavaFX Application Thread] WARN  GameWorld            - Attempted to remove entity which is not active
23:39:48.685 [JavaFX Application Thread] WARN  GameWorld            - Attempted to remove entity which is not active
23:39:48.685 [JavaFX Application Thread] WARN  GameWorld            - Attempted to remove entity which is not active
23:39:48.685 [JavaFX Application Thread] WARN  GameWorld            - Attempted to remove entity which is not active
23:39:48.685 [JavaFX Application Thread] WARN  GameWorld            - Attempted to remove entity which is not active
23:39:48.685 [JavaFX Application Thread] WARN  GameWorld            - Attempted to remove entity which is not active
23:39:48.686 [JavaFX Application Thread] WARN  GameWorld            - Attempted to remove entity which is not active
23:39:48.686 [JavaFX Application Thread] WARN  GameWorld            - Attempted to remove entity which is not active
23:39:48.686 [JavaFX Application Thread] WARN  GameWorld            - Attempted to remove entity which is not active
23:39:48.686 [JavaFX Application Thread] WARN  GameWorld            - Attempted to remove entity which is not active
23:39:48.686 [JavaFX Application Thread] WARN  GameWorld            - Attempted to remove entity which is not active
23:39:48.686 [JavaFX Application Thread] WARN  GameWorld            - Attempted to remove entity which is not active
23:39:48.686 [JavaFX Application Thread] WARN  GameWorld            - Attempted to remove entity which is not active
23:39:48.686 [JavaFX Application Thread] WARN  GameWorld            - Attempted to remove entity which is not active
23:39:48.686 [JavaFX Application Thread] WARN  GameWorld            - Attempted to remove entity which is not active
23:39:48.686 [JavaFX Application Thread] WARN  GameWorld            - Attempted to remove entity which is not active
23:39:48.686 [JavaFX Application Thread] WARN  GameWorld            - Attempted to remove entity which is not active
23:39:57.672 [JavaFX Application Thread] DEBUG FXGLApplication      - Exiting FXGL
23:39:57.673 [JavaFX Application Thread] DEBUG LoopRunner           - Stopping loop
23:39:57.673 [JavaFX Application Thread] DEBUG SystemBundleService  - Saving FXGL system data
23:39:57.676 [JavaFX Application Thread] DEBUG FileSystemAccess     - Writing to: C:\Users\Tuanngth\Desktop\akanov-an225\system\fxgl.bundle
23:39:57.680 [JavaFX Application Thread] DEBUG Async                - Shutting down background threads
23:39:57.681 [JavaFX Application Thread] DEBUG PrimaryStageWindow   - Closing main window
23:39:57.742 [JavaFX Application Thread] DEBUG Logger               - Closing Logger
