00:38:30.234 [main                     ] DEBUG Logger               - Configured Logger
00:38:30.239 [main                     ] DEBUG GameApplication      - Logging settings
Title: Akanov-an225
Version: 0.1
Width: 800
Height: 600
Fullscreen: false
Intro: false
Profiling: false
Single step:false
App Mode: DEVELOPER
Menu Key: ESCAPE
Stage Style: DECORATED
Scene Factory: class com.almasb.fxgl.app.scene.SceneFactory

00:38:30.510 [JavaFX Application Thread] DEBUG FXGLApplication      - Initializing FXGL
00:38:30.514 [JavaFX Application Thread] INFO  Engine               - FXGL-17.3 (30.03.2023 11.49) on WINDOWS (J:24.0.2 FX:21.0.6)
00:38:30.515 [JavaFX Application Thread] DEBUG Engine               - JRE Vendor Name: Oracle Corporation
00:38:30.515 [JavaFX Application Thread] DEBUG Engine               - Running on OS: Windows 11 version 10.0
00:38:30.515 [JavaFX Application Thread] DEBUG Engine               - Architecture: amd64
00:38:30.515 [JavaFX Application Thread] INFO  Engine               - Source code and latest versions at: https://github.com/AlmasB/FXGL
00:38:30.515 [JavaFX Application Thread] INFO  Engine               -       Ask questions and discuss at: https://github.com/AlmasB/FXGL/discussions
00:38:30.515 [JavaFX Application Thread] INFO  Engine               -              Join the FXGL chat at: https://gitter.im/AlmasB/FXGL
00:38:30.597 [JavaFX Application Thread] DEBUG PrimaryStageWindow   - Creating a JavaFX scene
00:38:30.638 [JavaFX Application Thread] DEBUG PrimaryStageWindow   - Target settings size: 800.0 x 600.0
00:38:30.638 [JavaFX Application Thread] DEBUG PrimaryStageWindow   - Scaled scene size:    800.0 x 600.0
00:38:30.638 [JavaFX Application Thread] DEBUG PrimaryStageWindow   - Scaled ratio: (1.0, 1.0)
00:38:30.638 [JavaFX Application Thread] DEBUG PrimaryStageWindow   - Set initial scene to FXGLStartupScene
00:38:30.642 [JavaFX Application Thread] DEBUG PrimaryStageWindow   - Opening main window
00:38:30.719 [JavaFX Application Thread] DEBUG PrimaryStageWindow   - Window border size: (14.66668701171875, 37.33331298828125)
00:38:30.719 [JavaFX Application Thread] DEBUG PrimaryStageWindow   - Scaled size: 800.0 x 600.0
00:38:30.719 [JavaFX Application Thread] DEBUG PrimaryStageWindow   - Scaled ratio: (1.0, 1.0)
00:38:30.719 [JavaFX Application Thread] DEBUG PrimaryStageWindow   - Scene size: 800.0 x 600.0
00:38:30.719 [JavaFX Application Thread] DEBUG PrimaryStageWindow   - Stage size: 814.6666870117188 x 637.3333129882812
00:38:30.724 [FXGL Background Thread 1 ] DEBUG Engine               - Initializing environment variables
00:38:30.783 [FXGL Background Thread 1 ] DEBUG FXGLAssetLoaderServi - User app class for loading assets: class view.Launch
00:38:30.783 [FXGL Background Thread 1 ] DEBUG GameApplicationServi - Applying CSS: fxgl_dark.css
00:38:30.784 [FXGL Background Thread 1 ] DEBUG FXGLAssetLoaderServi - Loading from file system: jar:file:///C:/Users/DELL/.m2/repository/com/github/almasb/fxgl/17.3/fxgl-17.3.jar!/fxglassets/ui/css/fxgl_dark.css
00:38:30.826 [FXGL Background Thread 1 ] DEBUG GameApplicationServi - Initializing application scenes
00:38:30.859 [FXGL Background Thread 1 ] DEBUG GameWorld            - Game world initialized
00:38:30.923 [FXGL Background Thread 1 ] DEBUG PhysicsWorld         - Physics world initialized: appHeight=600, physics.ppm=50.0
00:38:30.923 [FXGL Background Thread 1 ] DEBUG PhysicsWorld         - Using strategy: BRUTE_FORCE
00:38:30.927 [FXGL Background Thread 1 ] DEBUG GameScene            - Game scene initialized: 800x600
00:38:30.937 [FXGL Background Thread 1 ] DEBUG FXGL.DefaultMenu     - createMenuBodyGameMenu()
00:38:30.950 [FXGL Background Thread 1 ] DEBUG FXGL.DefaultMenu     - createOptionsMenu()
00:38:30.958 [FXGL Background Thread 1 ] DEBUG FXGLAssetLoaderServi - Loading from file system: jar:file:///C:/Users/DELL/.m2/repository/com/github/almasb/fxgl/17.3/fxgl-17.3.jar!/fxglassets/textures/particles/smoke.png
00:38:31.026 [FXGL Background Thread 1 ] DEBUG FXGLAssetLoaderServi - Loading from file system: jar:file:///C:/Users/DELL/.m2/repository/com/github/almasb/fxgl/17.3/fxgl-17.3.jar!/fxglassets/textures/particles/trace_horizontal.png
00:38:31.050 [FXGL Background Thread 1 ] DEBUG GameApplicationServi - Application scenes initialized
00:38:31.060 [FXGL Background Thread 1 ] DEBUG SystemBundleService  - Loading FXGL system data
00:38:31.063 [FXGL Background Thread 1 ] DEBUG FileSystemAccess     - Reading from: D:\akanov-an225\system\fxgl.bundle
00:38:31.070 [FXGL Background Thread 1 ] DEBUG SystemBundleService  - Bundle FXGL: {}
00:38:31.070 [FXGL Background Thread 1 ] DEBUG UpdaterService       - Checking for updates
00:38:31.073 [FXGL Background Thread 4 ] DEBUG FXGLApplication      - Loading fonts
00:38:31.073 [FXGL Background Thread 4 ] DEBUG FXGLAssetLoaderServi - Loading from file system: jar:file:///C:/Users/DELL/.m2/repository/com/github/almasb/fxgl/17.3/fxgl-17.3.jar!/fxglassets/ui/fonts/VarelaRound-Regular.ttf
00:38:31.073 [FXGL Background Thread 1 ] DEBUG FXGLApplication      - Loading default localization
00:38:31.075 [FXGL Background Thread 1 ] DEBUG FXGLAssetLoaderServi - Loading from file system: jar:file:///C:/Users/DELL/.m2/repository/com/github/almasb/fxgl/17.3/fxgl-17.3.jar!/fxglassets/languages/english.lang
00:38:31.090 [FXGL Background Thread 1 ] INFO  FXGLApplication      - FXGL initialization took: 0.366 sec
00:38:31.091 [JavaFX Application Thread] DEBUG FXGLAssetLoaderServi - Loading from file system: jar:file:///C:/Users/DELL/.m2/repository/com/github/almasb/fxgl/17.3/fxgl-17.3.jar!/fxglassets/textures/fxgl_icon.png
00:38:31.113 [JavaFX Application Thread] DEBUG FXGLAssetLoaderServi - Loading from file system: jar:file:///C:/Users/DELL/.m2/repository/com/github/almasb/fxgl/17.3/fxgl-17.3.jar!/fxglassets/textures/fxgl_default_cursor.png
00:38:31.114 [FXGL Background Thread 4 ] DEBUG FXGLAssetLoaderServi - Loading from file system: jar:file:///C:/Users/DELL/.m2/repository/com/github/almasb/fxgl/17.3/fxgl-17.3.jar!/fxglassets/ui/fonts/Abel-Regular.ttf
00:38:31.121 [FXGL Background Thread 4 ] DEBUG FXGLAssetLoaderServi - Loading from file system: jar:file:///C:/Users/DELL/.m2/repository/com/github/almasb/fxgl/17.3/fxgl-17.3.jar!/fxglassets/ui/fonts/TerminalLandMono-Regular.otf
00:38:31.134 [FXGL Background Thread 4 ] DEBUG FXGLAssetLoaderServi - Loading from file system: jar:file:///C:/Users/DELL/.m2/repository/com/github/almasb/fxgl/17.3/fxgl-17.3.jar!/fxglassets/ui/fonts/Courier-Prime.ttf
00:38:31.137 [JavaFX Application Thread] DEBUG Input                - Registered new binding: Screenshot - CTRL+8
00:38:31.138 [JavaFX Application Thread] DEBUG Input                - Registered new binding: System info dump - CTRL+9
00:38:31.138 [JavaFX Application Thread] DEBUG Input                - Registered new binding: Restart - CTRL+R
00:38:31.139 [JavaFX Application Thread] DEBUG Input                - Registered new binding: Toggle Debug Camera - CTRL+7
00:38:31.141 [JavaFX Application Thread] DEBUG LoopRunner           - Starting loop
00:38:31.142 [JavaFX Application Thread] DEBUG LoopRunner           - Initializing JavaFX AnimationTimerLoop
00:38:31.143 [JavaFX Application Thread] DEBUG GameApplicationServi - Starting new game
00:38:31.143 [JavaFX Application Thread] DEBUG Input                - Clearing active input actions
00:38:31.156 [JavaFX Application Thread] DEBUG GameApplicationServi - Removing overlay from FXGLStartupScene and adding to FXGLLoadingScene
00:38:31.157 [JavaFX Application Thread] DEBUG PrimaryStageWindow   - FXGLStartupScene -> FXGLLoadingScene
00:38:31.157 [JavaFX Application Thread] DEBUG GameApplicationServi - Clearing previous game
00:38:31.157 [JavaFX Application Thread] DEBUG GameScene            - Clearing game scene
00:38:31.157 [JavaFX Application Thread] DEBUG GameWorld            - Clearing game world
00:38:31.157 [JavaFX Application Thread] DEBUG PhysicsWorld         - Clearing physics world
00:38:31.159 [FXGL Background Thread 1 ] DEBUG FXGLApplication      - Initializing game
00:38:31.163 [FXGL Background Thread 1 ] WARN  Entity               - Entity already has component: com.almasb.fxgl.entity.components.BoundingBoxComponent
00:38:31.189 [FXGL Background Thread 1 ] INFO  FXGLApplication      - Game initialization took: 0.030 sec
00:38:31.207 [JavaFX Application Thread] DEBUG FXGLApplication      - Registering font factories with UI factory
00:38:31.210 [JavaFX Application Thread] DEBUG Input                - Clearing active input actions
00:38:31.220 [JavaFX Application Thread] DEBUG GameApplicationServi - Removing overlay from FXGLLoadingScene and adding to GameScene
00:38:31.220 [JavaFX Application Thread] DEBUG PrimaryStageWindow   - FXGLLoadingScene -> GameScene
00:38:31.271 [FXGL Background Thread 2 ] WARN  UpdaterService       - Failed to find updates: java.net.UnknownHostException: raw.githubusercontent.com
00:38:33.021 [JavaFX Application Thread] DEBUG FXGLApplication      - Exiting FXGL
00:38:33.022 [JavaFX Application Thread] DEBUG LoopRunner           - Stopping loop
00:38:33.022 [JavaFX Application Thread] DEBUG SystemBundleService  - Saving FXGL system data
00:38:33.024 [JavaFX Application Thread] DEBUG FileSystemAccess     - Writing to: D:\akanov-an225\system\fxgl.bundle
00:38:33.026 [JavaFX Application Thread] DEBUG Async                - Shutting down background threads
00:38:33.027 [JavaFX Application Thread] DEBUG PrimaryStageWindow   - Closing main window
00:38:33.041 [JavaFX Application Thread] DEBUG Logger               - Closing Logger
