00:49:28.847 [main                     ] DEBUG Logger               - Configured Logger
00:49:28.856 [main                     ] DEBUG GameApplication      - Logging settings
Title: Akanov-an225
Version: 0.2
Width: 960
Height: 720
Fullscreen: false
Intro: false
Profiling: false
Single step:false
App Mode: DEVELOPER
Menu Key: ESCAPE
Stage Style: DECORATED
Scene Factory: class view.GeneralInit$1

00:49:29.377 [JavaFX Application Thread] DEBUG FXGLApplication      - Initializing FXGL
00:49:29.381 [JavaFX Application Thread] INFO  Engine               - FXGL-17.3 (30.03.2023 11.49) on WINDOWS (J:24.0.2 FX:21.0.6)
00:49:29.381 [JavaFX Application Thread] DEBUG Engine               - JRE Vendor Name: Oracle Corporation
00:49:29.381 [JavaFX Application Thread] DEBUG Engine               - Running on OS: Windows 11 version 10.0
00:49:29.382 [JavaFX Application Thread] DEBUG Engine               - Architecture: amd64
00:49:29.382 [JavaFX Application Thread] INFO  Engine               - Source code and latest versions at: https://github.com/AlmasB/FXGL
00:49:29.382 [JavaFX Application Thread] INFO  Engine               -       Ask questions and discuss at: https://github.com/AlmasB/FXGL/discussions
00:49:29.382 [JavaFX Application Thread] INFO  Engine               -              Join the FXGL chat at: https://gitter.im/AlmasB/FXGL
00:49:29.497 [JavaFX Application Thread] DEBUG PrimaryStageWindow   - Creating a JavaFX scene
00:49:29.561 [JavaFX Application Thread] DEBUG PrimaryStageWindow   - Target settings size: 960.0 x 720.0
00:49:29.561 [JavaFX Application Thread] DEBUG PrimaryStageWindow   - Scaled scene size:    960.0 x 720.0
00:49:29.561 [JavaFX Application Thread] DEBUG PrimaryStageWindow   - Scaled ratio: (1.0, 1.0)
00:49:29.562 [JavaFX Application Thread] DEBUG PrimaryStageWindow   - Set initial scene to FXGLStartupScene
00:49:29.566 [JavaFX Application Thread] DEBUG PrimaryStageWindow   - Opening main window
00:49:29.677 [JavaFX Application Thread] DEBUG PrimaryStageWindow   - Window border size: (13.823974609375, 37.24798583984375)
00:49:29.678 [JavaFX Application Thread] DEBUG PrimaryStageWindow   - Scaled size: 960.0 x 720.0
00:49:29.678 [JavaFX Application Thread] DEBUG PrimaryStageWindow   - Scaled ratio: (1.0, 1.0)
00:49:29.678 [JavaFX Application Thread] DEBUG PrimaryStageWindow   - Scene size: 960.0 x 720.0
00:49:29.678 [JavaFX Application Thread] DEBUG PrimaryStageWindow   - Stage size: 973.823974609375 x 757.2479858398438
00:49:29.692 [FXGL Background Thread 1 ] DEBUG Engine               - Initializing environment variables
00:49:29.782 [FXGL Background Thread 1 ] DEBUG FXGLAssetLoaderServi - User app class for loading assets: class view.Launch
00:49:29.782 [FXGL Background Thread 1 ] DEBUG GameApplicationServi - Applying CSS: fxgl_dark.css
00:49:29.783 [FXGL Background Thread 1 ] DEBUG FXGLAssetLoaderServi - Loading from file system: jar:file:///C:/Users/Tuanngth/.m2/repository/com/github/almasb/fxgl/17.3/fxgl-17.3.jar!/fxglassets/ui/css/fxgl_dark.css
00:49:29.843 [FXGL Background Thread 1 ] DEBUG GameApplicationServi - Initializing application scenes
00:49:29.897 [FXGL Background Thread 1 ] DEBUG GameWorld            - Game world initialized
00:49:29.973 [FXGL Background Thread 1 ] DEBUG PhysicsWorld         - Physics world initialized: appHeight=720, physics.ppm=50,0
00:49:29.973 [FXGL Background Thread 1 ] DEBUG PhysicsWorld         - Using strategy: BRUTE_FORCE
00:49:29.978 [FXGL Background Thread 1 ] DEBUG GameScene            - Game scene initialized: 960x720
00:49:30.020 [FXGL Background Thread 1 ] DEBUG GameApplicationServi - Application scenes initialized
00:49:30.031 [FXGL Background Thread 1 ] DEBUG SystemBundleService  - Loading FXGL system data
00:49:30.036 [FXGL Background Thread 1 ] DEBUG FileSystemAccess     - Reading from: C:\Users\Tuanngth\Desktop\akanov-an225\system\fxgl.bundle
00:49:30.043 [FXGL Background Thread 1 ] DEBUG SystemBundleService  - Bundle FXGL: {}
00:49:30.043 [FXGL Background Thread 1 ] DEBUG UpdaterService       - Checking for updates
00:49:30.051 [FXGL Background Thread 4 ] DEBUG FXGLApplication      - Loading fonts
00:49:30.051 [FXGL Background Thread 4 ] DEBUG FXGLAssetLoaderServi - Loading from file system: jar:file:///C:/Users/Tuanngth/.m2/repository/com/github/almasb/fxgl/17.3/fxgl-17.3.jar!/fxglassets/ui/fonts/VarelaRound-Regular.ttf
00:49:30.051 [FXGL Background Thread 1 ] DEBUG FXGLApplication      - Loading default localization
00:49:30.052 [FXGL Background Thread 1 ] DEBUG FXGLAssetLoaderServi - Loading from file system: jar:file:///C:/Users/Tuanngth/.m2/repository/com/github/almasb/fxgl/17.3/fxgl-17.3.jar!/fxglassets/languages/english.lang
00:49:30.089 [FXGL Background Thread 1 ] INFO  FXGLApplication      - FXGL initialization took: 0,397 sec
00:49:30.093 [FXGL Background Thread 4 ] DEBUG FXGLAssetLoaderServi - Loading from file system: jar:file:///C:/Users/Tuanngth/.m2/repository/com/github/almasb/fxgl/17.3/fxgl-17.3.jar!/fxglassets/ui/fonts/Abel-Regular.ttf
00:49:30.098 [FXGL Background Thread 4 ] DEBUG FXGLAssetLoaderServi - Loading from file system: jar:file:///C:/Users/Tuanngth/.m2/repository/com/github/almasb/fxgl/17.3/fxgl-17.3.jar!/fxglassets/ui/fonts/TerminalLandMono-Regular.otf
00:49:30.102 [JavaFX Application Thread] DEBUG Input                - Registered new binding: action0 - Right
00:49:30.102 [JavaFX Application Thread] DEBUG Input                - Registered new binding: action1 - Left
00:49:30.103 [JavaFX Application Thread] DEBUG Input                - Registered new binding: action2 - D
00:49:30.103 [JavaFX Application Thread] DEBUG FXGLAssetLoaderServi - Loading from file system: jar:file:///C:/Users/Tuanngth/.m2/repository/com/github/almasb/fxgl/17.3/fxgl-17.3.jar!/fxglassets/textures/fxgl_icon.png
00:49:30.103 [FXGL Background Thread 4 ] DEBUG FXGLAssetLoaderServi - Loading from file system: jar:file:///C:/Users/Tuanngth/.m2/repository/com/github/almasb/fxgl/17.3/fxgl-17.3.jar!/fxglassets/ui/fonts/Courier-Prime.ttf
00:49:30.157 [JavaFX Application Thread] DEBUG FXGLAssetLoaderServi - Loading from file system: jar:file:///C:/Users/Tuanngth/.m2/repository/com/github/almasb/fxgl/17.3/fxgl-17.3.jar!/fxglassets/textures/fxgl_default_cursor.png
00:49:30.159 [JavaFX Application Thread] DEBUG Input                - Registered new binding: Screenshot - CTRL+8
00:49:30.160 [JavaFX Application Thread] DEBUG Input                - Registered new binding: System info dump - CTRL+9
00:49:30.160 [JavaFX Application Thread] DEBUG Input                - Registered new binding: Restart - CTRL+R
00:49:30.161 [JavaFX Application Thread] DEBUG Input                - Registered new binding: Toggle Debug Camera - CTRL+7
00:49:30.165 [JavaFX Application Thread] DEBUG LoopRunner           - Starting loop
00:49:30.165 [JavaFX Application Thread] DEBUG LoopRunner           - Initializing JavaFX AnimationTimerLoop
00:49:30.168 [JavaFX Application Thread] DEBUG GameApplicationServi - Starting new game
00:49:30.168 [JavaFX Application Thread] DEBUG Input                - Clearing active input actions
00:49:30.181 [JavaFX Application Thread] DEBUG GameApplicationServi - Removing overlay from FXGLStartupScene and adding to FXGLLoadingScene
00:49:30.181 [JavaFX Application Thread] DEBUG PrimaryStageWindow   - FXGLStartupScene -> FXGLLoadingScene
00:49:30.181 [JavaFX Application Thread] DEBUG GameApplicationServi - Clearing previous game
00:49:30.181 [JavaFX Application Thread] DEBUG GameScene            - Clearing game scene
00:49:30.181 [JavaFX Application Thread] DEBUG GameWorld            - Clearing game world
00:49:30.182 [JavaFX Application Thread] DEBUG PhysicsWorld         - Clearing physics world
00:49:30.185 [JavaFX Application Thread] DEBUG FXGLApplication      - Registering font factories with UI factory
00:49:30.185 [FXGL Background Thread 4 ] DEBUG FXGLApplication      - Initializing game
00:49:30.190 [FXGL Background Thread 4 ] WARN  Entity               - Entity already has component: com.almasb.fxgl.entity.components.BoundingBoxComponent
00:49:30.270 [FXGL Background Thread 4 ] INFO  FXGLApplication      - Game initialization took: 0,085 sec
00:49:30.326 [JavaFX Application Thread] DEBUG Input                - Clearing active input actions
00:49:30.338 [JavaFX Application Thread] DEBUG GameApplicationServi - Removing overlay from FXGLLoadingScene and adding to GameScene
00:49:30.338 [JavaFX Application Thread] DEBUG PrimaryStageWindow   - FXGLLoadingScene -> GameScene
00:49:31.315 [FXGL Background Thread 2 ] INFO  UpdaterService       - Your current version:  17.3
00:49:31.316 [FXGL Background Thread 2 ] INFO  UpdaterService       - Latest stable version: 21.1
00:49:33.052 [FXGL Background Thread 3 ] DEBUG Engine               - Logging environment variables
00:49:33.053 [FXGL Background Thread 3 ] DEBUG Engine               - achievements: []
00:49:33.053 [FXGL Background Thread 3 ] DEBUG Engine               - actualHeight: 720.0
00:49:33.054 [FXGL Background Thread 3 ] DEBUG Engine               - actualHeightProperty: ReadOnlyDoubleProperty [value: 720.0]
00:49:33.055 [FXGL Background Thread 3 ] DEBUG Engine               - actualWidth: 960.0
00:49:33.055 [FXGL Background Thread 3 ] DEBUG Engine               - actualWidthProperty: ReadOnlyDoubleProperty [value: 960.0]
00:49:33.055 [FXGL Background Thread 3 ] DEBUG Engine               - appIcon: fxgl_icon.png
00:49:33.055 [FXGL Background Thread 3 ] DEBUG Engine               - applicationMode: DEVELOPER
00:49:33.055 [FXGL Background Thread 3 ] DEBUG Engine               - cSSList: [fxgl_dark.css]
00:49:33.055 [FXGL Background Thread 3 ] DEBUG Engine               - collisionDetectionStrategy: BRUTE_FORCE
00:49:33.055 [FXGL Background Thread 3 ] DEBUG Engine               - configClass: Optional.empty
00:49:33.057 [FXGL Background Thread 3 ] DEBUG Engine               - credits: []
00:49:33.070 [FXGL Background Thread 3 ] DEBUG Engine               - defaultCursor: CursorInfo(imageName=fxgl_default_cursor.png, hotspotX=7.0, hotspotY=6.0)
00:49:33.071 [FXGL Background Thread 3 ] DEBUG Engine               - devBBoxColorProperty: ObjectProperty [value: 0xff0000ff]
00:49:33.071 [FXGL Background Thread 3 ] DEBUG Engine               - devEnableDebugCameraProperty: BooleanProperty [value: false]
00:49:33.071 [FXGL Background Thread 3 ] DEBUG Engine               - devSensorColorProperty: ObjectProperty [value: 0xffff00ff]
00:49:33.071 [FXGL Background Thread 3 ] DEBUG Engine               - devShowBBoxProperty: BooleanProperty [value: false]
00:49:33.071 [FXGL Background Thread 3 ] DEBUG Engine               - devShowPositionProperty: BooleanProperty [value: false]
00:49:33.071 [FXGL Background Thread 3 ] DEBUG Engine               - enabledMenuItems: []
00:49:33.072 [FXGL Background Thread 3 ] DEBUG Engine               - engineServices: [class com.almasb.fxgl.app.services.FXGLAssetLoaderService, class com.almasb.fxgl.app.FXGLApplication$GameApplicationService, class com.almasb.fxgl.app.services.FXGLDialogService, class com.almasb.fxgl.app.services.IOTaskExecutorService, class com.almasb.fxgl.io.FileSystemService, class com.almasb.fxgl.localization.LocalizationService, class com.almasb.fxgl.app.services.SystemBundleService, class com.almasb.fxgl.profile.SaveLoadService, class com.almasb.fxgl.ui.FXGLUIFactoryServiceProvider, class com.almasb.fxgl.ui.FXGLDialogFactoryServiceProvider, class com.almasb.fxgl.audio.AudioPlayer, class com.almasb.fxgl.notification.impl.NotificationServiceProvider, class com.almasb.fxgl.achievement.AchievementService, class com.almasb.fxgl.cutscene.CutsceneService, class com.almasb.fxgl.minigames.MiniGameService, class com.almasb.fxgl.net.NetService, class com.almasb.fxgl.app.services.UpdaterService, class com.almasb.fxgl.dev.DevService]
00:49:33.072 [FXGL Background Thread 3 ] DEBUG Engine               - fontGame: Abel-Regular.ttf
00:49:33.072 [FXGL Background Thread 3 ] DEBUG Engine               - fontMono: TerminalLandMono-Regular.otf
00:49:33.072 [FXGL Background Thread 3 ] DEBUG Engine               - fontSizeScaleUI: 1.0
00:49:33.072 [FXGL Background Thread 3 ] DEBUG Engine               - fontText: Courier-Prime.ttf
00:49:33.072 [FXGL Background Thread 3 ] DEBUG Engine               - fontUI: VarelaRound-Regular.ttf
00:49:33.072 [FXGL Background Thread 3 ] DEBUG Engine               - fullScreen: BooleanProperty [value: false]
00:49:33.072 [FXGL Background Thread 3 ] DEBUG Engine               - gameDifficulty: MEDIUM
00:49:33.073 [FXGL Background Thread 3 ] DEBUG Engine               - gameDifficultyProperty: ObjectProperty [value: MEDIUM]
00:49:33.073 [FXGL Background Thread 3 ] DEBUG Engine               - globalMusicVolume: 0.5
00:49:33.073 [FXGL Background Thread 3 ] DEBUG Engine               - globalMusicVolumeProperty: DoubleProperty [value: 0.5]
00:49:33.073 [FXGL Background Thread 3 ] DEBUG Engine               - globalSoundVolume: 0.5
00:49:33.073 [FXGL Background Thread 3 ] DEBUG Engine               - globalSoundVolumeProperty: DoubleProperty [value: 0.5]
00:49:33.073 [FXGL Background Thread 3 ] DEBUG Engine               - height: 720
00:49:33.073 [FXGL Background Thread 3 ] DEBUG Engine               - is3D: false
00:49:33.073 [FXGL Background Thread 3 ] DEBUG Engine               - isAndroid: false
00:49:33.073 [FXGL Background Thread 3 ] DEBUG Engine               - isBrowser: false
00:49:33.073 [FXGL Background Thread 3 ] DEBUG Engine               - isClickFeedbackEnabled: false
00:49:33.073 [FXGL Background Thread 3 ] DEBUG Engine               - isCloseConfirmation: false
00:49:33.073 [FXGL Background Thread 3 ] DEBUG Engine               - isDesktop: true
00:49:33.074 [FXGL Background Thread 3 ] DEBUG Engine               - isDeveloperMenuEnabled: false
00:49:33.074 [FXGL Background Thread 3 ] DEBUG Engine               - isEmbedded: false
00:49:33.074 [FXGL Background Thread 3 ] DEBUG Engine               - isEntityPreloadEnabled: true
00:49:33.074 [FXGL Background Thread 3 ] DEBUG Engine               - isExperimentalTiledLargeMap: false
00:49:33.074 [FXGL Background Thread 3 ] DEBUG Engine               - isFileSystemWriteAllowed: true
00:49:33.074 [FXGL Background Thread 3 ] DEBUG Engine               - isFullScreenAllowed: false
00:49:33.074 [FXGL Background Thread 3 ] DEBUG Engine               - isFullScreenFromStart: false
00:49:33.074 [FXGL Background Thread 3 ] DEBUG Engine               - isGameMenuEnabled: true
00:49:33.074 [FXGL Background Thread 3 ] DEBUG Engine               - isIOS: false
00:49:33.074 [FXGL Background Thread 3 ] DEBUG Engine               - isIntroEnabled: false
00:49:33.074 [FXGL Background Thread 3 ] DEBUG Engine               - isLinux: false
00:49:33.074 [FXGL Background Thread 3 ] DEBUG Engine               - isMac: false
00:49:33.074 [FXGL Background Thread 3 ] DEBUG Engine               - isMainMenuEnabled: false
00:49:33.074 [FXGL Background Thread 3 ] DEBUG Engine               - isManualResizeEnabled: false
00:49:33.074 [FXGL Background Thread 3 ] DEBUG Engine               - isMobile: false
00:49:33.074 [FXGL Background Thread 3 ] DEBUG Engine               - isNative: false
00:49:33.075 [FXGL Background Thread 3 ] DEBUG Engine               - isPauseMusicWhenMinimized: true
00:49:33.075 [FXGL Background Thread 3 ] DEBUG Engine               - isPreserveResizeRatio: false
00:49:33.075 [FXGL Background Thread 3 ] DEBUG Engine               - isProfilingEnabled: false
00:49:33.075 [FXGL Background Thread 3 ] DEBUG Engine               - isScaleAffectedOnResize: true
00:49:33.075 [FXGL Background Thread 3 ] DEBUG Engine               - isSingleStep: false
00:49:33.075 [FXGL Background Thread 3 ] DEBUG Engine               - isUserProfileEnabled: false
00:49:33.076 [FXGL Background Thread 3 ] DEBUG Engine               - isWindows: true
00:49:33.076 [FXGL Background Thread 3 ] DEBUG Engine               - language: ObjectProperty [value: ENGLISH]
00:49:33.076 [FXGL Background Thread 3 ] DEBUG Engine               - menuKey: ESCAPE
00:49:33.076 [FXGL Background Thread 3 ] DEBUG Engine               - mouseSensitivity: 0.2
00:49:33.076 [FXGL Background Thread 3 ] DEBUG Engine               - notificationViewClass: class com.almasb.fxgl.notification.view.XboxNotificationView
00:49:33.077 [FXGL Background Thread 3 ] DEBUG Engine               - pixelsPerMeter: 50.0
00:49:33.077 [FXGL Background Thread 3 ] DEBUG Engine               - platform: WINDOWS
00:49:33.077 [FXGL Background Thread 3 ] DEBUG Engine               - prefHeightProperty: ReadOnlyDoubleProperty [value: 720.0]
00:49:33.077 [FXGL Background Thread 3 ] DEBUG Engine               - prefWidthProperty: ReadOnlyDoubleProperty [value: 960.0]
00:49:33.077 [FXGL Background Thread 3 ] DEBUG Engine               - profileDir: profiles/
00:49:33.077 [FXGL Background Thread 3 ] DEBUG Engine               - profileName: StringProperty [value: DEFAULT]
00:49:33.077 [FXGL Background Thread 3 ] DEBUG Engine               - randomSeed: -1
00:49:33.077 [FXGL Background Thread 3 ] DEBUG Engine               - runtimeInfo: RuntimeInfo(platform=WINDOWS, version=17.3, build=30.03.2023 11.49)
00:49:33.077 [FXGL Background Thread 3 ] DEBUG Engine               - saveFileExt: sav
00:49:33.078 [FXGL Background Thread 3 ] DEBUG Engine               - scaledHeightProp$fxgl: DoubleProperty [bound, value: 720.0]
00:49:33.078 [FXGL Background Thread 3 ] DEBUG Engine               - scaledWidthProp$fxgl: DoubleProperty [bound, value: 960.0]
00:49:33.078 [FXGL Background Thread 3 ] DEBUG Engine               - sceneFactory: view.GeneralInit$1@521c8bab
00:49:33.078 [FXGL Background Thread 3 ] DEBUG Engine               - secondsIn24h: 60
00:49:33.078 [FXGL Background Thread 3 ] DEBUG Engine               - soundMenuBack: menu/back.wav
00:49:33.078 [FXGL Background Thread 3 ] DEBUG Engine               - soundMenuPress: menu/press.wav
00:49:33.078 [FXGL Background Thread 3 ] DEBUG Engine               - soundMenuSelect: menu/select.wav
00:49:33.078 [FXGL Background Thread 3 ] DEBUG Engine               - soundNotification: core/notification.wav
00:49:33.078 [FXGL Background Thread 3 ] DEBUG Engine               - stageStyle: DECORATED
00:49:33.078 [FXGL Background Thread 3 ] DEBUG Engine               - supportedLanguages: [ENGLISH, FRENCH, GERMAN, HUNGARIAN, RUSSIAN]
00:49:33.078 [FXGL Background Thread 3 ] DEBUG Engine               - ticksPerSecond: -1
00:49:33.078 [FXGL Background Thread 3 ] DEBUG Engine               - title: Akanov-an225
00:49:33.078 [FXGL Background Thread 3 ] DEBUG Engine               - urlGithub: https://github.com/AlmasB/FXGL
00:49:33.078 [FXGL Background Thread 3 ] DEBUG Engine               - urlLeaderboard: http://fxgl-top.herokuapp.com/
00:49:33.079 [FXGL Background Thread 3 ] DEBUG Engine               - urlPOM: https://raw.githubusercontent.com/AlmasB/FXGL/release/README.md
00:49:33.079 [FXGL Background Thread 3 ] DEBUG Engine               - userAppClass: class view.Launch
00:49:33.079 [FXGL Background Thread 3 ] DEBUG Engine               - version: 0.2
00:49:33.079 [FXGL Background Thread 3 ] DEBUG Engine               - versionCheckDays: 7
00:49:33.079 [FXGL Background Thread 3 ] DEBUG Engine               - width: 960
00:49:33.079 [FXGL Background Thread 3 ] DEBUG Engine               - Logging services
00:49:33.079 [FXGL Background Thread 3 ] DEBUG Engine               - class com.almasb.fxgl.app.services.FXGLAssetLoaderService
00:49:33.079 [FXGL Background Thread 3 ] DEBUG Engine               - class com.almasb.fxgl.app.FXGLApplication$GameApplicationService
00:49:33.079 [FXGL Background Thread 3 ] DEBUG Engine               - class com.almasb.fxgl.app.services.FXGLDialogService
00:49:33.079 [FXGL Background Thread 3 ] DEBUG Engine               - class com.almasb.fxgl.app.services.IOTaskExecutorService
00:49:33.079 [FXGL Background Thread 3 ] DEBUG Engine               - class com.almasb.fxgl.io.FileSystemService
00:49:33.079 [FXGL Background Thread 3 ] DEBUG Engine               - class com.almasb.fxgl.localization.LocalizationService
00:49:33.079 [FXGL Background Thread 3 ] DEBUG Engine               - class com.almasb.fxgl.app.services.SystemBundleService
00:49:33.079 [FXGL Background Thread 3 ] DEBUG Engine               - class com.almasb.fxgl.profile.SaveLoadService
00:49:33.079 [FXGL Background Thread 3 ] DEBUG Engine               - class com.almasb.fxgl.ui.FXGLUIFactoryServiceProvider
00:49:33.080 [FXGL Background Thread 3 ] DEBUG Engine               - class com.almasb.fxgl.ui.FXGLDialogFactoryServiceProvider
00:49:33.080 [FXGL Background Thread 3 ] DEBUG Engine               - class com.almasb.fxgl.audio.AudioPlayer
00:49:33.080 [FXGL Background Thread 3 ] DEBUG Engine               - class com.almasb.fxgl.notification.impl.NotificationServiceProvider
00:49:33.080 [FXGL Background Thread 3 ] DEBUG Engine               - class com.almasb.fxgl.achievement.AchievementService
00:49:33.080 [FXGL Background Thread 3 ] DEBUG Engine               - class com.almasb.fxgl.cutscene.CutsceneService
00:49:33.080 [FXGL Background Thread 3 ] DEBUG Engine               - class com.almasb.fxgl.minigames.MiniGameService
00:49:33.080 [FXGL Background Thread 3 ] DEBUG Engine               - class com.almasb.fxgl.net.NetService
00:49:33.080 [FXGL Background Thread 3 ] DEBUG Engine               - class com.almasb.fxgl.app.services.UpdaterService
00:49:33.080 [FXGL Background Thread 3 ] DEBUG Engine               - class com.almasb.fxgl.dev.DevService
00:49:59.167 [JavaFX Application Thread] DEBUG FXGLApplication      - Exiting FXGL
00:49:59.167 [JavaFX Application Thread] DEBUG LoopRunner           - Stopping loop
00:49:59.168 [JavaFX Application Thread] DEBUG SystemBundleService  - Saving FXGL system data
00:49:59.173 [JavaFX Application Thread] DEBUG FileSystemAccess     - Writing to: C:\Users\Tuanngth\Desktop\akanov-an225\system\fxgl.bundle
00:49:59.177 [JavaFX Application Thread] DEBUG Async                - Shutting down background threads
00:49:59.178 [JavaFX Application Thread] DEBUG PrimaryStageWindow   - Closing main window
00:49:59.216 [JavaFX Application Thread] DEBUG Logger               - Closing Logger
