10:17:55.729 [main                     ] DEBUG Logger               - Configured Logger
10:17:55.737 [main                     ] DEBUG GameApplication      - Logging settings
Title: Akanov-an225
Version: 0.2
Width: 960
Height: 720
Fullscreen: false
Intro: false
Profiling: false
Single step:false
App Mode: DEVELOPER
Menu Key: ESCAPE
Stage Style: DECORATED
Scene Factory: class view.GeneralInit$1

10:17:56.226 [JavaFX Application Thread] DEBUG FXGLApplication      - Initializing FXGL
10:17:56.228 [JavaFX Application Thread] INFO  Engine               - FXGL-17.3 (30.03.2023 11.49) on WINDOWS (J:24.0.2 FX:21.0.6)
10:17:56.229 [JavaFX Application Thread] DEBUG Engine               - JRE Vendor Name: Oracle Corporation
10:17:56.229 [JavaFX Application Thread] DEBUG Engine               - Running on OS: Windows 11 version 10.0
10:17:56.229 [JavaFX Application Thread] DEBUG Engine               - Architecture: amd64
10:17:56.229 [JavaFX Application Thread] INFO  Engine               - Source code and latest versions at: https://github.com/AlmasB/FXGL
10:17:56.229 [JavaFX Application Thread] INFO  Engine               -       Ask questions and discuss at: https://github.com/AlmasB/FXGL/discussions
10:17:56.229 [JavaFX Application Thread] INFO  Engine               -              Join the FXGL chat at: https://gitter.im/AlmasB/FXGL
10:17:56.320 [JavaFX Application Thread] DEBUG PrimaryStageWindow   - Creating a JavaFX scene
10:17:56.378 [JavaFX Application Thread] DEBUG PrimaryStageWindow   - Target settings size: 960.0 x 720.0
10:17:56.378 [JavaFX Application Thread] DEBUG PrimaryStageWindow   - Scaled scene size:    960.0 x 720.0
10:17:56.378 [JavaFX Application Thread] DEBUG PrimaryStageWindow   - Scaled ratio: (1.0, 1.0)
10:17:56.379 [JavaFX Application Thread] DEBUG PrimaryStageWindow   - Set initial scene to FXGLStartupScene
10:17:56.382 [JavaFX Application Thread] DEBUG PrimaryStageWindow   - Opening main window
10:17:56.512 [JavaFX Application Thread] DEBUG PrimaryStageWindow   - Window border size: (14.4000244140625, 37.5999755859375)
10:17:56.512 [JavaFX Application Thread] DEBUG PrimaryStageWindow   - Scaled size: 960.0 x 720.0
10:17:56.512 [JavaFX Application Thread] DEBUG PrimaryStageWindow   - Scaled ratio: (1.0, 1.0)
10:17:56.513 [JavaFX Application Thread] DEBUG PrimaryStageWindow   - Scene size: 960.0 x 720.0
10:17:56.513 [JavaFX Application Thread] DEBUG PrimaryStageWindow   - Stage size: 974.4000244140625 x 757.5999755859375
10:17:56.527 [FXGL Background Thread 1 ] DEBUG Engine               - Initializing environment variables
10:17:56.623 [FXGL Background Thread 1 ] DEBUG FXGLAssetLoaderServi - User app class for loading assets: class view.Launch
10:17:56.624 [FXGL Background Thread 1 ] DEBUG GameApplicationServi - Applying CSS: fxgl_dark.css
10:17:56.625 [FXGL Background Thread 1 ] DEBUG FXGLAssetLoaderServi - Loading from file system: jar:file:///C:/Users/nguye/.m2/repository/com/github/almasb/fxgl/17.3/fxgl-17.3.jar!/fxglassets/ui/css/fxgl_dark.css
10:17:56.684 [FXGL Background Thread 1 ] DEBUG GameApplicationServi - Initializing application scenes
10:17:56.732 [FXGL Background Thread 1 ] DEBUG GameWorld            - Game world initialized
10:17:56.814 [FXGL Background Thread 1 ] DEBUG PhysicsWorld         - Physics world initialized: appHeight=720, physics.ppm=50.0
10:17:56.815 [FXGL Background Thread 1 ] DEBUG PhysicsWorld         - Using strategy: BRUTE_FORCE
10:17:56.820 [FXGL Background Thread 1 ] DEBUG GameScene            - Game scene initialized: 960x720
10:17:57.322 [FXGL Background Thread 1 ] DEBUG GameApplicationServi - Application scenes initialized
10:17:57.339 [FXGL Background Thread 1 ] DEBUG SystemBundleService  - Loading FXGL system data
10:17:57.343 [FXGL Background Thread 1 ] DEBUG FileSystemAccess     - Reading from: C:\akk\akanov-an225\system\fxgl.bundle
10:17:57.352 [FXGL Background Thread 1 ] DEBUG SystemBundleService  - Bundle FXGL: {}
10:17:57.352 [FXGL Background Thread 1 ] DEBUG UpdaterService       - Checking for updates
10:17:57.357 [FXGL Background Thread 4 ] DEBUG FXGLApplication      - Loading fonts
10:17:57.358 [FXGL Background Thread 1 ] DEBUG FXGLApplication      - Loading default localization
10:17:57.358 [FXGL Background Thread 4 ] DEBUG FXGLAssetLoaderServi - Loading from file system: jar:file:///C:/Users/nguye/.m2/repository/com/github/almasb/fxgl/17.3/fxgl-17.3.jar!/fxglassets/ui/fonts/VarelaRound-Regular.ttf
10:17:57.358 [FXGL Background Thread 1 ] DEBUG FXGLAssetLoaderServi - Loading from file system: jar:file:///C:/Users/nguye/.m2/repository/com/github/almasb/fxgl/17.3/fxgl-17.3.jar!/fxglassets/languages/english.lang
10:17:57.412 [FXGL Background Thread 1 ] INFO  FXGLApplication      - FXGL initialization took: 0.885 sec
10:17:57.413 [FXGL Background Thread 4 ] DEBUG FXGLAssetLoaderServi - Loading from file system: jar:file:///C:/Users/nguye/.m2/repository/com/github/almasb/fxgl/17.3/fxgl-17.3.jar!/fxglassets/ui/fonts/Abel-Regular.ttf
10:17:57.419 [FXGL Background Thread 4 ] DEBUG FXGLAssetLoaderServi - Loading from file system: jar:file:///C:/Users/nguye/.m2/repository/com/github/almasb/fxgl/17.3/fxgl-17.3.jar!/fxglassets/ui/fonts/TerminalLandMono-Regular.otf
10:17:57.423 [FXGL Background Thread 4 ] DEBUG FXGLAssetLoaderServi - Loading from file system: jar:file:///C:/Users/nguye/.m2/repository/com/github/almasb/fxgl/17.3/fxgl-17.3.jar!/fxglassets/ui/fonts/Courier-Prime.ttf
10:17:57.442 [JavaFX Application Thread] DEBUG Input                - Registered new binding: action0 - Right
10:17:57.442 [JavaFX Application Thread] DEBUG Input                - Registered new binding: action1 - Left
10:17:57.443 [JavaFX Application Thread] DEBUG FXGLAssetLoaderServi - Loading from file system: jar:file:///C:/Users/nguye/.m2/repository/com/github/almasb/fxgl/17.3/fxgl-17.3.jar!/fxglassets/textures/fxgl_icon.png
10:17:57.470 [JavaFX Application Thread] DEBUG FXGLAssetLoaderServi - Loading from file system: jar:file:///C:/Users/nguye/.m2/repository/com/github/almasb/fxgl/17.3/fxgl-17.3.jar!/fxglassets/textures/fxgl_default_cursor.png
10:17:57.471 [JavaFX Application Thread] DEBUG Input                - Registered new binding: Screenshot - CTRL+8
10:17:57.472 [JavaFX Application Thread] DEBUG Input                - Registered new binding: System info dump - CTRL+9
10:17:57.472 [JavaFX Application Thread] DEBUG Input                - Registered new binding: Restart - CTRL+R
10:17:57.476 [JavaFX Application Thread] DEBUG Input                - Registered new binding: Toggle Debug Camera - CTRL+7
10:17:57.479 [JavaFX Application Thread] DEBUG LoopRunner           - Starting loop
10:17:57.480 [JavaFX Application Thread] DEBUG LoopRunner           - Initializing JavaFX AnimationTimerLoop
10:17:57.483 [JavaFX Application Thread] DEBUG Input                - Clearing active input actions
10:17:57.490 [JavaFX Application Thread] DEBUG GameApplicationServi - Removing overlay from FXGLStartupScene and adding to FXGLMainMenuDummyScene
10:17:57.491 [JavaFX Application Thread] DEBUG PrimaryStageWindow   - FXGLStartupScene -> FXGLMainMenuDummyScene
10:17:57.491 [JavaFX Application Thread] DEBUG PrimaryStageWindow   - Push state: MainMenu
10:17:57.491 [JavaFX Application Thread] DEBUG Input                - Clearing active input actions
10:17:57.510 [JavaFX Application Thread] DEBUG GameApplicationServi - Removing overlay from FXGLMainMenuDummyScene and adding to MainMenu
10:17:57.511 [JavaFX Application Thread] DEBUG PrimaryStageWindow   - FXGLMainMenuDummyScene -> MainMenu
10:17:57.511 [JavaFX Application Thread] DEBUG FXGLApplication      - Registering font factories with UI factory
10:17:58.528 [FXGL Background Thread 2 ] INFO  UpdaterService       - Your current version:  17.3
10:17:58.529 [FXGL Background Thread 2 ] INFO  UpdaterService       - Latest stable version: 21.1
10:18:00.357 [FXGL Background Thread 3 ] DEBUG Engine               - Logging environment variables
10:18:00.358 [FXGL Background Thread 3 ] DEBUG Engine               - achievements: []
10:18:00.358 [FXGL Background Thread 3 ] DEBUG Engine               - actualHeight: 720.0
10:18:00.358 [FXGL Background Thread 3 ] DEBUG Engine               - actualHeightProperty: ReadOnlyDoubleProperty [value: 720.0]
10:18:00.359 [FXGL Background Thread 3 ] DEBUG Engine               - actualWidth: 960.0
10:18:00.359 [FXGL Background Thread 3 ] DEBUG Engine               - actualWidthProperty: ReadOnlyDoubleProperty [value: 960.0]
10:18:00.359 [FXGL Background Thread 3 ] DEBUG Engine               - appIcon: fxgl_icon.png
10:18:00.359 [FXGL Background Thread 3 ] DEBUG Engine               - applicationMode: DEVELOPER
10:18:00.359 [FXGL Background Thread 3 ] DEBUG Engine               - cSSList: [fxgl_dark.css]
10:18:00.359 [FXGL Background Thread 3 ] DEBUG Engine               - collisionDetectionStrategy: BRUTE_FORCE
10:18:00.359 [FXGL Background Thread 3 ] DEBUG Engine               - configClass: Optional.empty
10:18:00.359 [FXGL Background Thread 3 ] DEBUG Engine               - credits: []
10:18:00.366 [FXGL Background Thread 3 ] DEBUG Engine               - defaultCursor: CursorInfo(imageName=fxgl_default_cursor.png, hotspotX=7.0, hotspotY=6.0)
10:18:00.366 [FXGL Background Thread 3 ] DEBUG Engine               - devBBoxColorProperty: ObjectProperty [value: 0xff0000ff]
10:18:00.366 [FXGL Background Thread 3 ] DEBUG Engine               - devEnableDebugCameraProperty: BooleanProperty [value: false]
10:18:00.366 [FXGL Background Thread 3 ] DEBUG Engine               - devSensorColorProperty: ObjectProperty [value: 0xffff00ff]
10:18:00.366 [FXGL Background Thread 3 ] DEBUG Engine               - devShowBBoxProperty: BooleanProperty [value: false]
10:18:00.367 [FXGL Background Thread 3 ] DEBUG Engine               - devShowPositionProperty: BooleanProperty [value: false]
10:18:00.367 [FXGL Background Thread 3 ] DEBUG Engine               - enabledMenuItems: []
10:18:00.367 [FXGL Background Thread 3 ] DEBUG Engine               - engineServices: [class com.almasb.fxgl.app.services.FXGLAssetLoaderService, class com.almasb.fxgl.app.FXGLApplication$GameApplicationService, class com.almasb.fxgl.app.services.FXGLDialogService, class com.almasb.fxgl.app.services.IOTaskExecutorService, class com.almasb.fxgl.io.FileSystemService, class com.almasb.fxgl.localization.LocalizationService, class com.almasb.fxgl.app.services.SystemBundleService, class com.almasb.fxgl.profile.SaveLoadService, class com.almasb.fxgl.ui.FXGLUIFactoryServiceProvider, class com.almasb.fxgl.ui.FXGLDialogFactoryServiceProvider, class com.almasb.fxgl.audio.AudioPlayer, class com.almasb.fxgl.notification.impl.NotificationServiceProvider, class com.almasb.fxgl.achievement.AchievementService, class com.almasb.fxgl.cutscene.CutsceneService, class com.almasb.fxgl.minigames.MiniGameService, class com.almasb.fxgl.net.NetService, class com.almasb.fxgl.app.services.UpdaterService, class com.almasb.fxgl.dev.DevService]
10:18:00.367 [FXGL Background Thread 3 ] DEBUG Engine               - fontGame: Abel-Regular.ttf
10:18:00.367 [FXGL Background Thread 3 ] DEBUG Engine               - fontMono: TerminalLandMono-Regular.otf
10:18:00.367 [FXGL Background Thread 3 ] DEBUG Engine               - fontSizeScaleUI: 1.0
10:18:00.367 [FXGL Background Thread 3 ] DEBUG Engine               - fontText: Courier-Prime.ttf
10:18:00.367 [FXGL Background Thread 3 ] DEBUG Engine               - fontUI: VarelaRound-Regular.ttf
10:18:00.367 [FXGL Background Thread 3 ] DEBUG Engine               - fullScreen: BooleanProperty [value: false]
10:18:00.367 [FXGL Background Thread 3 ] DEBUG Engine               - gameDifficulty: MEDIUM
10:18:00.368 [FXGL Background Thread 3 ] DEBUG Engine               - gameDifficultyProperty: ObjectProperty [value: MEDIUM]
10:18:00.368 [FXGL Background Thread 3 ] DEBUG Engine               - globalMusicVolume: 0.5
10:18:00.368 [FXGL Background Thread 3 ] DEBUG Engine               - globalMusicVolumeProperty: DoubleProperty [value: 0.5]
10:18:00.368 [FXGL Background Thread 3 ] DEBUG Engine               - globalSoundVolume: 0.5
10:18:00.368 [FXGL Background Thread 3 ] DEBUG Engine               - globalSoundVolumeProperty: DoubleProperty [value: 0.5]
10:18:00.368 [FXGL Background Thread 3 ] DEBUG Engine               - height: 720
10:18:00.368 [FXGL Background Thread 3 ] DEBUG Engine               - is3D: false
10:18:00.368 [FXGL Background Thread 3 ] DEBUG Engine               - isAndroid: false
10:18:00.368 [FXGL Background Thread 3 ] DEBUG Engine               - isBrowser: false
10:18:00.369 [FXGL Background Thread 3 ] DEBUG Engine               - isClickFeedbackEnabled: false
10:18:00.369 [FXGL Background Thread 3 ] DEBUG Engine               - isCloseConfirmation: false
10:18:00.369 [FXGL Background Thread 3 ] DEBUG Engine               - isDesktop: true
10:18:00.369 [FXGL Background Thread 3 ] DEBUG Engine               - isDeveloperMenuEnabled: false
10:18:00.369 [FXGL Background Thread 3 ] DEBUG Engine               - isEmbedded: false
10:18:00.369 [FXGL Background Thread 3 ] DEBUG Engine               - isEntityPreloadEnabled: true
10:18:00.369 [FXGL Background Thread 3 ] DEBUG Engine               - isExperimentalTiledLargeMap: false
10:18:00.369 [FXGL Background Thread 3 ] DEBUG Engine               - isFileSystemWriteAllowed: true
10:18:00.369 [FXGL Background Thread 3 ] DEBUG Engine               - isFullScreenAllowed: false
10:18:00.369 [FXGL Background Thread 3 ] DEBUG Engine               - isFullScreenFromStart: false
10:18:00.369 [FXGL Background Thread 3 ] DEBUG Engine               - isGameMenuEnabled: true
10:18:00.369 [FXGL Background Thread 3 ] DEBUG Engine               - isIOS: false
10:18:00.370 [FXGL Background Thread 3 ] DEBUG Engine               - isIntroEnabled: false
10:18:00.370 [FXGL Background Thread 3 ] DEBUG Engine               - isLinux: false
10:18:00.370 [FXGL Background Thread 3 ] DEBUG Engine               - isMac: false
10:18:00.370 [FXGL Background Thread 3 ] DEBUG Engine               - isMainMenuEnabled: true
10:18:00.370 [FXGL Background Thread 3 ] DEBUG Engine               - isManualResizeEnabled: false
10:18:00.370 [FXGL Background Thread 3 ] DEBUG Engine               - isMobile: false
10:18:00.370 [FXGL Background Thread 3 ] DEBUG Engine               - isNative: false
10:18:00.370 [FXGL Background Thread 3 ] DEBUG Engine               - isPauseMusicWhenMinimized: true
10:18:00.370 [FXGL Background Thread 3 ] DEBUG Engine               - isPreserveResizeRatio: false
10:18:00.370 [FXGL Background Thread 3 ] DEBUG Engine               - isProfilingEnabled: false
10:18:00.370 [FXGL Background Thread 3 ] DEBUG Engine               - isScaleAffectedOnResize: true
10:18:00.370 [FXGL Background Thread 3 ] DEBUG Engine               - isSingleStep: false
10:18:00.370 [FXGL Background Thread 3 ] DEBUG Engine               - isUserProfileEnabled: false
10:18:00.371 [FXGL Background Thread 3 ] DEBUG Engine               - isWindows: true
10:18:00.371 [FXGL Background Thread 3 ] DEBUG Engine               - language: ObjectProperty [value: ENGLISH]
10:18:00.371 [FXGL Background Thread 3 ] DEBUG Engine               - menuKey: ESCAPE
10:18:00.371 [FXGL Background Thread 3 ] DEBUG Engine               - mouseSensitivity: 0.2
10:18:00.371 [FXGL Background Thread 3 ] DEBUG Engine               - notificationViewClass: class com.almasb.fxgl.notification.view.XboxNotificationView
10:18:00.371 [FXGL Background Thread 3 ] DEBUG Engine               - pixelsPerMeter: 50.0
10:18:00.371 [FXGL Background Thread 3 ] DEBUG Engine               - platform: WINDOWS
10:18:00.371 [FXGL Background Thread 3 ] DEBUG Engine               - prefHeightProperty: ReadOnlyDoubleProperty [value: 720.0]
10:18:00.371 [FXGL Background Thread 3 ] DEBUG Engine               - prefWidthProperty: ReadOnlyDoubleProperty [value: 960.0]
10:18:00.371 [FXGL Background Thread 3 ] DEBUG Engine               - profileDir: profiles/
10:18:00.371 [FXGL Background Thread 3 ] DEBUG Engine               - profileName: StringProperty [value: DEFAULT]
10:18:00.371 [FXGL Background Thread 3 ] DEBUG Engine               - randomSeed: -1
10:18:00.372 [FXGL Background Thread 3 ] DEBUG Engine               - runtimeInfo: RuntimeInfo(platform=WINDOWS, version=17.3, build=30.03.2023 11.49)
10:18:00.372 [FXGL Background Thread 3 ] DEBUG Engine               - saveFileExt: sav
10:18:00.372 [FXGL Background Thread 3 ] DEBUG Engine               - scaledHeightProp$fxgl: DoubleProperty [bound, value: 720.0]
10:18:00.372 [FXGL Background Thread 3 ] DEBUG Engine               - scaledWidthProp$fxgl: DoubleProperty [bound, value: 960.0]
10:18:00.372 [FXGL Background Thread 3 ] DEBUG Engine               - sceneFactory: view.GeneralInit$1@1cccd6b3
10:18:00.372 [FXGL Background Thread 3 ] DEBUG Engine               - secondsIn24h: 60
10:18:00.372 [FXGL Background Thread 3 ] DEBUG Engine               - soundMenuBack: menu/back.wav
10:18:00.372 [FXGL Background Thread 3 ] DEBUG Engine               - soundMenuPress: menu/press.wav
10:18:00.372 [FXGL Background Thread 3 ] DEBUG Engine               - soundMenuSelect: menu/select.wav
10:18:00.372 [FXGL Background Thread 3 ] DEBUG Engine               - soundNotification: core/notification.wav
10:18:00.372 [FXGL Background Thread 3 ] DEBUG Engine               - stageStyle: DECORATED
10:18:00.373 [FXGL Background Thread 3 ] DEBUG Engine               - supportedLanguages: [ENGLISH, FRENCH, GERMAN, HUNGARIAN, RUSSIAN]
10:18:00.373 [FXGL Background Thread 3 ] DEBUG Engine               - ticksPerSecond: -1
10:18:00.373 [FXGL Background Thread 3 ] DEBUG Engine               - title: Akanov-an225
10:18:00.373 [FXGL Background Thread 3 ] DEBUG Engine               - urlGithub: https://github.com/AlmasB/FXGL
10:18:00.373 [FXGL Background Thread 3 ] DEBUG Engine               - urlLeaderboard: http://fxgl-top.herokuapp.com/
10:18:00.373 [FXGL Background Thread 3 ] DEBUG Engine               - urlPOM: https://raw.githubusercontent.com/AlmasB/FXGL/release/README.md
10:18:00.373 [FXGL Background Thread 3 ] DEBUG Engine               - userAppClass: class view.Launch
10:18:00.373 [FXGL Background Thread 3 ] DEBUG Engine               - version: 0.2
10:18:00.373 [FXGL Background Thread 3 ] DEBUG Engine               - versionCheckDays: 7
10:18:00.373 [FXGL Background Thread 3 ] DEBUG Engine               - width: 960
10:18:00.373 [FXGL Background Thread 3 ] DEBUG Engine               - Logging services
10:18:00.373 [FXGL Background Thread 3 ] DEBUG Engine               - class com.almasb.fxgl.app.services.FXGLAssetLoaderService
10:18:00.373 [FXGL Background Thread 3 ] DEBUG Engine               - class com.almasb.fxgl.app.FXGLApplication$GameApplicationService
10:18:00.373 [FXGL Background Thread 3 ] DEBUG Engine               - class com.almasb.fxgl.app.services.FXGLDialogService
10:18:00.373 [FXGL Background Thread 3 ] DEBUG Engine               - class com.almasb.fxgl.app.services.IOTaskExecutorService
10:18:00.373 [FXGL Background Thread 3 ] DEBUG Engine               - class com.almasb.fxgl.io.FileSystemService
10:18:00.374 [FXGL Background Thread 3 ] DEBUG Engine               - class com.almasb.fxgl.localization.LocalizationService
10:18:00.374 [FXGL Background Thread 3 ] DEBUG Engine               - class com.almasb.fxgl.app.services.SystemBundleService
10:18:00.374 [FXGL Background Thread 3 ] DEBUG Engine               - class com.almasb.fxgl.profile.SaveLoadService
10:18:00.374 [FXGL Background Thread 3 ] DEBUG Engine               - class com.almasb.fxgl.ui.FXGLUIFactoryServiceProvider
10:18:00.374 [FXGL Background Thread 3 ] DEBUG Engine               - class com.almasb.fxgl.ui.FXGLDialogFactoryServiceProvider
10:18:00.374 [FXGL Background Thread 3 ] DEBUG Engine               - class com.almasb.fxgl.audio.AudioPlayer
10:18:00.374 [FXGL Background Thread 3 ] DEBUG Engine               - class com.almasb.fxgl.notification.impl.NotificationServiceProvider
10:18:00.374 [FXGL Background Thread 3 ] DEBUG Engine               - class com.almasb.fxgl.achievement.AchievementService
10:18:00.374 [FXGL Background Thread 3 ] DEBUG Engine               - class com.almasb.fxgl.cutscene.CutsceneService
10:18:00.374 [FXGL Background Thread 3 ] DEBUG Engine               - class com.almasb.fxgl.minigames.MiniGameService
10:18:00.374 [FXGL Background Thread 3 ] DEBUG Engine               - class com.almasb.fxgl.net.NetService
10:18:00.374 [FXGL Background Thread 3 ] DEBUG Engine               - class com.almasb.fxgl.app.services.UpdaterService
10:18:00.374 [FXGL Background Thread 3 ] DEBUG Engine               - class com.almasb.fxgl.dev.DevService
10:18:10.913 [JavaFX Application Thread] DEBUG Menu                 - fireNewGame()
10:18:10.913 [JavaFX Application Thread] DEBUG GameApplicationServi - Starting new game
10:18:10.913 [JavaFX Application Thread] DEBUG PrimaryStageWindow   - Pop state: MainMenu
10:18:10.913 [JavaFX Application Thread] DEBUG Input                - Clearing active input actions
10:18:10.914 [JavaFX Application Thread] DEBUG GameApplicationServi - Removing overlay from MainMenu and adding to FXGLMainMenuDummyScene
10:18:10.915 [JavaFX Application Thread] DEBUG PrimaryStageWindow   - FXGLMainMenuDummyScene <- MainMenu
10:18:10.915 [JavaFX Application Thread] DEBUG Input                - Clearing active input actions
10:18:10.923 [JavaFX Application Thread] DEBUG GameApplicationServi - Removing overlay from FXGLMainMenuDummyScene and adding to FXGLLoadingScene
10:18:10.924 [JavaFX Application Thread] DEBUG PrimaryStageWindow   - FXGLMainMenuDummyScene -> FXGLLoadingScene
10:18:10.924 [JavaFX Application Thread] DEBUG GameApplicationServi - Clearing previous game
10:18:10.924 [JavaFX Application Thread] DEBUG GameScene            - Clearing game scene
10:18:10.924 [JavaFX Application Thread] DEBUG GameWorld            - Clearing game world
10:18:10.924 [JavaFX Application Thread] DEBUG PhysicsWorld         - Clearing physics world
10:18:10.926 [FXGL Background Thread 2 ] DEBUG FXGLApplication      - Initializing game
10:18:11.021 [FXGL Background Thread 2 ] WARN  Entity               - Entity already has component: com.almasb.fxgl.entity.components.BoundingBoxComponent
10:18:11.080 [FXGL Background Thread 2 ] INFO  FXGLApplication      - Game initialization took: 0.155 sec
10:18:11.082 [JavaFX Application Thread] DEBUG Input                - Clearing active input actions
10:18:11.096 [JavaFX Application Thread] DEBUG GameApplicationServi - Removing overlay from FXGLLoadingScene and adding to GameScene
10:18:11.096 [JavaFX Application Thread] DEBUG PrimaryStageWindow   - FXGLLoadingScene -> GameScene
10:18:12.577 [JavaFX Application Thread] DEBUG PrimaryStageWindow   - Push state: PauseMenu
10:18:12.620 [JavaFX Application Thread] DEBUG Input                - Clearing active input actions
10:18:12.623 [JavaFX Application Thread] DEBUG GameApplicationServi - Removing overlay from GameScene and adding to PauseMenu
10:18:12.624 [JavaFX Application Thread] DEBUG PrimaryStageWindow   - GameScene -> PauseMenu
10:18:14.257 [JavaFX Application Thread] DEBUG Menu                 - fireExitToMainMenu()
10:18:14.263 [JavaFX Application Thread] DEBUG PrimaryStageWindow   - Push state: DialogSubScene
10:18:14.263 [JavaFX Application Thread] DEBUG Input                - Clearing active input actions
10:18:14.263 [JavaFX Application Thread] DEBUG GameApplicationServi - Removing overlay from PauseMenu and adding to DialogSubScene
10:18:14.263 [JavaFX Application Thread] DEBUG PrimaryStageWindow   - PauseMenu -> DialogSubScene
10:18:15.600 [JavaFX Application Thread] DEBUG PrimaryStageWindow   - Pop state: DialogSubScene
10:18:15.601 [JavaFX Application Thread] DEBUG Input                - Clearing active input actions
10:18:15.602 [JavaFX Application Thread] DEBUG GameApplicationServi - Removing overlay from DialogSubScene and adding to PauseMenu
10:18:15.602 [JavaFX Application Thread] DEBUG PrimaryStageWindow   - PauseMenu <- DialogSubScene
10:18:15.602 [JavaFX Application Thread] DEBUG PrimaryStageWindow   - Pop state: PauseMenu
10:18:15.602 [JavaFX Application Thread] DEBUG Input                - Clearing active input actions
10:18:15.603 [JavaFX Application Thread] DEBUG GameApplicationServi - Removing overlay from PauseMenu and adding to GameScene
10:18:15.603 [JavaFX Application Thread] DEBUG PrimaryStageWindow   - GameScene <- PauseMenu
10:18:15.603 [JavaFX Application Thread] DEBUG Input                - Clearing active input actions
10:18:15.609 [JavaFX Application Thread] DEBUG GameApplicationServi - Removing overlay from GameScene and adding to FXGLMainMenuDummyScene
10:18:15.610 [JavaFX Application Thread] DEBUG PrimaryStageWindow   - GameScene -> FXGLMainMenuDummyScene
10:18:15.610 [JavaFX Application Thread] DEBUG PrimaryStageWindow   - Push state: MainMenu
10:18:15.610 [JavaFX Application Thread] DEBUG Input                - Clearing active input actions
10:18:15.610 [JavaFX Application Thread] DEBUG GameApplicationServi - Removing overlay from FXGLMainMenuDummyScene and adding to MainMenu
10:18:15.610 [JavaFX Application Thread] DEBUG PrimaryStageWindow   - FXGLMainMenuDummyScene -> MainMenu
10:18:17.164 [JavaFX Application Thread] DEBUG FXGLApplication      - Exiting FXGL
10:18:17.164 [JavaFX Application Thread] DEBUG LoopRunner           - Stopping loop
10:18:17.164 [JavaFX Application Thread] DEBUG SystemBundleService  - Saving FXGL system data
10:18:17.168 [JavaFX Application Thread] DEBUG FileSystemAccess     - Writing to: C:\akk\akanov-an225\system\fxgl.bundle
10:18:17.170 [JavaFX Application Thread] DEBUG Async                - Shutting down background threads
10:18:17.170 [JavaFX Application Thread] DEBUG PrimaryStageWindow   - Closing main window
10:18:17.200 [JavaFX Application Thread] DEBUG Logger               - Closing Logger
