11:31:08.953 [main                     ] DEBUG Logger               - Configured Logger
11:31:08.960 [main                     ] DEBUG GameApplication      - Logging settings
Title: Akanov-an225
Version: 0.1
Width: 800
Height: 600
Fullscreen: false
Intro: false
Profiling: false
Single step:false
App Mode: DEVELOPER
Menu Key: ESCAPE
Stage Style: DECORATED
Scene Factory: class com.almasb.fxgl.app.scene.SceneFactory

11:31:09.263 [JavaFX Application Thread] DEBUG FXGLApplication      - Initializing FXGL
11:31:09.265 [JavaFX Application Thread] INFO  Engine               - FXGL-17.3 (30.03.2023 11.49) on MAC (J:24.0.2 FX:21.0.6)
11:31:09.265 [JavaFX Application Thread] DEBUG Engine               - JRE Vendor Name: Amazon.com Inc.
11:31:09.265 [JavaFX Application Thread] DEBUG Engine               - Running on OS: Mac OS X version 14.8.1
11:31:09.265 [JavaFX Application Thread] DEBUG Engine               - Architecture: aarch64
11:31:09.265 [JavaFX Application Thread] INFO  Engine               - Source code and latest versions at: https://github.com/AlmasB/FXGL
11:31:09.266 [JavaFX Application Thread] INFO  Engine               -       Ask questions and discuss at: https://github.com/AlmasB/FXGL/discussions
11:31:09.266 [JavaFX Application Thread] INFO  Engine               -              Join the FXGL chat at: https://gitter.im/AlmasB/FXGL
11:31:09.343 [JavaFX Application Thread] DEBUG PrimaryStageWindow   - Creating a JavaFX scene
11:31:09.383 [JavaFX Application Thread] DEBUG PrimaryStageWindow   - Target settings size: 800.0 x 600.0
11:31:09.383 [JavaFX Application Thread] DEBUG PrimaryStageWindow   - Scaled scene size:    800.0 x 600.0
11:31:09.383 [JavaFX Application Thread] DEBUG PrimaryStageWindow   - Scaled ratio: (1.0, 1.0)
11:31:09.384 [JavaFX Application Thread] DEBUG PrimaryStageWindow   - Set initial scene to FXGLStartupScene
11:31:09.386 [JavaFX Application Thread] DEBUG PrimaryStageWindow   - Opening main window
11:31:09.465 [JavaFX Application Thread] DEBUG PrimaryStageWindow   - Window border size: (0.0, 28.0)
11:31:09.466 [JavaFX Application Thread] DEBUG PrimaryStageWindow   - Scaled size: 800.0 x 600.0
11:31:09.466 [JavaFX Application Thread] DEBUG PrimaryStageWindow   - Scaled ratio: (1.0, 1.0)
11:31:09.466 [JavaFX Application Thread] DEBUG PrimaryStageWindow   - Scene size: 800.0 x 600.0
11:31:09.466 [JavaFX Application Thread] DEBUG PrimaryStageWindow   - Stage size: 800.0 x 628.0
11:31:09.472 [FXGL Background Thread 1 ] DEBUG Engine               - Initializing environment variables
11:31:09.555 [FXGL Background Thread 1 ] DEBUG FXGLAssetLoaderServi - User app class for loading assets: class view.Launch
11:31:09.555 [FXGL Background Thread 1 ] DEBUG GameApplicationServi - Applying CSS: fxgl_dark.css
11:31:09.557 [FXGL Background Thread 1 ] DEBUG FXGLAssetLoaderServi - Loading from file system: jar:file:///Users/huyle/.m2/repository/com/github/almasb/fxgl/17.3/fxgl-17.3.jar!/fxglassets/ui/css/fxgl_dark.css
11:31:09.611 [FXGL Background Thread 1 ] DEBUG GameApplicationServi - Initializing application scenes
11:31:09.717 [FXGL Background Thread 1 ] DEBUG GameWorld            - Game world initialized
11:31:09.767 [FXGL Background Thread 1 ] DEBUG PhysicsWorld         - Physics world initialized: appHeight=600, physics.ppm=50.0
11:31:09.767 [FXGL Background Thread 1 ] DEBUG PhysicsWorld         - Using strategy: BRUTE_FORCE
11:31:09.770 [FXGL Background Thread 1 ] DEBUG GameScene            - Game scene initialized: 800x600
11:31:09.778 [FXGL Background Thread 1 ] DEBUG FXGL.DefaultMenu     - createMenuBodyGameMenu()
11:31:09.789 [FXGL Background Thread 1 ] DEBUG FXGL.DefaultMenu     - createOptionsMenu()
11:31:09.796 [FXGL Background Thread 1 ] DEBUG FXGLAssetLoaderServi - Loading from file system: jar:file:///Users/huyle/.m2/repository/com/github/almasb/fxgl/17.3/fxgl-17.3.jar!/fxglassets/textures/particles/smoke.png
11:31:09.867 [FXGL Background Thread 1 ] DEBUG FXGLAssetLoaderServi - Loading from file system: jar:file:///Users/huyle/.m2/repository/com/github/almasb/fxgl/17.3/fxgl-17.3.jar!/fxglassets/textures/particles/trace_horizontal.png
11:31:09.888 [FXGL Background Thread 1 ] DEBUG GameApplicationServi - Application scenes initialized
11:31:09.894 [FXGL Background Thread 1 ] DEBUG SystemBundleService  - Loading FXGL system data
11:31:09.896 [FXGL Background Thread 1 ] DEBUG FileSystemAccess     - Reading from: /Users/huyle/Documents/UET/year2/ki1/OOP/BTL/demo/system/fxgl.bundle
11:31:09.900 [FXGL Background Thread 1 ] DEBUG SystemBundleService  - Bundle FXGL: {}
11:31:09.901 [FXGL Background Thread 1 ] DEBUG UpdaterService       - Checking for updates
11:31:09.903 [FXGL Background Thread 4 ] DEBUG FXGLApplication      - Loading fonts
11:31:09.903 [FXGL Background Thread 4 ] DEBUG FXGLAssetLoaderServi - Loading from file system: jar:file:///Users/huyle/.m2/repository/com/github/almasb/fxgl/17.3/fxgl-17.3.jar!/fxglassets/ui/fonts/VarelaRound-Regular.ttf
11:31:09.903 [FXGL Background Thread 1 ] DEBUG FXGLApplication      - Loading default localization
11:31:09.904 [FXGL Background Thread 1 ] DEBUG FXGLAssetLoaderServi - Loading from file system: jar:file:///Users/huyle/.m2/repository/com/github/almasb/fxgl/17.3/fxgl-17.3.jar!/fxglassets/languages/english.lang
11:31:09.916 [FXGL Background Thread 1 ] INFO  FXGLApplication      - FXGL initialization took: 0.444 sec
11:31:09.917 [FXGL Background Thread 4 ] DEBUG FXGLAssetLoaderServi - Loading from file system: jar:file:///Users/huyle/.m2/repository/com/github/almasb/fxgl/17.3/fxgl-17.3.jar!/fxglassets/ui/fonts/Abel-Regular.ttf
11:31:09.920 [FXGL Background Thread 4 ] DEBUG FXGLAssetLoaderServi - Loading from file system: jar:file:///Users/huyle/.m2/repository/com/github/almasb/fxgl/17.3/fxgl-17.3.jar!/fxglassets/ui/fonts/TerminalLandMono-Regular.otf
11:31:09.923 [FXGL Background Thread 4 ] DEBUG FXGLAssetLoaderServi - Loading from file system: jar:file:///Users/huyle/.m2/repository/com/github/almasb/fxgl/17.3/fxgl-17.3.jar!/fxglassets/ui/fonts/Courier-Prime.ttf
11:31:09.924 [JavaFX Application Thread] DEBUG Input                - Registered new binding: action0 - D
11:31:09.924 [JavaFX Application Thread] DEBUG Input                - Registered new binding: action1 - A
11:31:09.924 [JavaFX Application Thread] DEBUG Input                - Registered new binding: action2 - Left
11:31:09.924 [JavaFX Application Thread] DEBUG Input                - Registered new binding: action3 - Right
11:31:09.924 [JavaFX Application Thread] DEBUG FXGLAssetLoaderServi - Loading from file system: jar:file:///Users/huyle/.m2/repository/com/github/almasb/fxgl/17.3/fxgl-17.3.jar!/fxglassets/textures/fxgl_icon.png
11:31:09.946 [JavaFX Application Thread] DEBUG FXGLAssetLoaderServi - Loading from file system: jar:file:///Users/huyle/.m2/repository/com/github/almasb/fxgl/17.3/fxgl-17.3.jar!/fxglassets/textures/fxgl_default_cursor.png
11:31:09.948 [JavaFX Application Thread] DEBUG Input                - Registered new binding: Screenshot - CTRL+8
11:31:09.948 [JavaFX Application Thread] DEBUG Input                - Registered new binding: System info dump - CTRL+9
11:31:09.948 [JavaFX Application Thread] DEBUG Input                - Registered new binding: Restart - CTRL+R
11:31:09.949 [JavaFX Application Thread] DEBUG Input                - Registered new binding: Toggle Debug Camera - CTRL+7
11:31:09.950 [JavaFX Application Thread] DEBUG LoopRunner           - Starting loop
11:31:09.950 [JavaFX Application Thread] DEBUG LoopRunner           - Initializing JavaFX AnimationTimerLoop
11:31:09.951 [JavaFX Application Thread] DEBUG GameApplicationServi - Starting new game
11:31:09.951 [JavaFX Application Thread] DEBUG Input                - Clearing active input actions
11:31:09.957 [JavaFX Application Thread] DEBUG GameApplicationServi - Removing overlay from FXGLStartupScene and adding to FXGLLoadingScene
11:31:09.957 [JavaFX Application Thread] DEBUG PrimaryStageWindow   - FXGLStartupScene -> FXGLLoadingScene
11:31:09.957 [JavaFX Application Thread] DEBUG GameApplicationServi - Clearing previous game
11:31:09.957 [JavaFX Application Thread] DEBUG GameScene            - Clearing game scene
11:31:09.958 [JavaFX Application Thread] DEBUG GameWorld            - Clearing game world
11:31:09.958 [JavaFX Application Thread] DEBUG PhysicsWorld         - Clearing physics world
11:31:09.959 [FXGL Background Thread 4 ] DEBUG FXGLApplication      - Initializing game
11:31:09.964 [FXGL Background Thread 4 ] INFO  FXGLApplication      - Game initialization took: 0.005 sec
11:31:09.972 [JavaFX Application Thread] DEBUG FXGLApplication      - Registering font factories with UI factory
11:31:09.998 [JavaFX Application Thread] DEBUG Input                - Clearing active input actions
11:31:10.004 [JavaFX Application Thread] DEBUG GameApplicationServi - Removing overlay from FXGLLoadingScene and adding to GameScene
11:31:10.004 [JavaFX Application Thread] DEBUG PrimaryStageWindow   - FXGLLoadingScene -> GameScene
11:31:10.271 [FXGL Background Thread 2 ] INFO  UpdaterService       - Your current version:  17.3
11:31:10.271 [FXGL Background Thread 2 ] INFO  UpdaterService       - Latest stable version: 21.1
11:31:12.903 [FXGL Background Thread 3 ] DEBUG Engine               - Logging environment variables
11:31:12.904 [FXGL Background Thread 3 ] DEBUG Engine               - achievements: []
11:31:12.904 [FXGL Background Thread 3 ] DEBUG Engine               - actualHeight: 600.0
11:31:12.904 [FXGL Background Thread 3 ] DEBUG Engine               - actualHeightProperty: ReadOnlyDoubleProperty [value: 600.0]
11:31:12.904 [FXGL Background Thread 3 ] DEBUG Engine               - actualWidth: 800.0
11:31:12.904 [FXGL Background Thread 3 ] DEBUG Engine               - actualWidthProperty: ReadOnlyDoubleProperty [value: 800.0]
11:31:12.904 [FXGL Background Thread 3 ] DEBUG Engine               - appIcon: fxgl_icon.png
11:31:12.905 [FXGL Background Thread 3 ] DEBUG Engine               - applicationMode: DEVELOPER
11:31:12.905 [FXGL Background Thread 3 ] DEBUG Engine               - cSSList: [fxgl_dark.css]
11:31:12.905 [FXGL Background Thread 3 ] DEBUG Engine               - collisionDetectionStrategy: BRUTE_FORCE
11:31:12.905 [FXGL Background Thread 3 ] DEBUG Engine               - configClass: Optional.empty
11:31:12.905 [FXGL Background Thread 3 ] DEBUG Engine               - credits: []
11:31:12.905 [FXGL Background Thread 3 ] DEBUG Engine               - defaultCursor: CursorInfo(imageName=fxgl_default_cursor.png, hotspotX=7.0, hotspotY=6.0)
11:31:12.905 [FXGL Background Thread 3 ] DEBUG Engine               - devBBoxColorProperty: ObjectProperty [value: 0xff0000ff]
11:31:12.905 [FXGL Background Thread 3 ] DEBUG Engine               - devEnableDebugCameraProperty: BooleanProperty [value: false]
11:31:12.906 [FXGL Background Thread 3 ] DEBUG Engine               - devSensorColorProperty: ObjectProperty [value: 0xffff00ff]
11:31:12.906 [FXGL Background Thread 3 ] DEBUG Engine               - devShowBBoxProperty: BooleanProperty [value: false]
11:31:12.906 [FXGL Background Thread 3 ] DEBUG Engine               - devShowPositionProperty: BooleanProperty [value: false]
11:31:12.906 [FXGL Background Thread 3 ] DEBUG Engine               - enabledMenuItems: []
11:31:12.906 [FXGL Background Thread 3 ] DEBUG Engine               - engineServices: [class com.almasb.fxgl.app.services.FXGLAssetLoaderService, class com.almasb.fxgl.app.FXGLApplication$GameApplicationService, class com.almasb.fxgl.app.services.FXGLDialogService, class com.almasb.fxgl.app.services.IOTaskExecutorService, class com.almasb.fxgl.io.FileSystemService, class com.almasb.fxgl.localization.LocalizationService, class com.almasb.fxgl.app.services.SystemBundleService, class com.almasb.fxgl.profile.SaveLoadService, class com.almasb.fxgl.ui.FXGLUIFactoryServiceProvider, class com.almasb.fxgl.ui.FXGLDialogFactoryServiceProvider, class com.almasb.fxgl.audio.AudioPlayer, class com.almasb.fxgl.notification.impl.NotificationServiceProvider, class com.almasb.fxgl.achievement.AchievementService, class com.almasb.fxgl.cutscene.CutsceneService, class com.almasb.fxgl.minigames.MiniGameService, class com.almasb.fxgl.net.NetService, class com.almasb.fxgl.app.services.UpdaterService, class com.almasb.fxgl.dev.DevService]
11:31:12.906 [FXGL Background Thread 3 ] DEBUG Engine               - fontGame: Abel-Regular.ttf
11:31:12.906 [FXGL Background Thread 3 ] DEBUG Engine               - fontMono: TerminalLandMono-Regular.otf
11:31:12.906 [FXGL Background Thread 3 ] DEBUG Engine               - fontSizeScaleUI: 1.0
11:31:12.906 [FXGL Background Thread 3 ] DEBUG Engine               - fontText: Courier-Prime.ttf
11:31:12.906 [FXGL Background Thread 3 ] DEBUG Engine               - fontUI: VarelaRound-Regular.ttf
11:31:12.906 [FXGL Background Thread 3 ] DEBUG Engine               - fullScreen: BooleanProperty [value: false]
11:31:12.906 [FXGL Background Thread 3 ] DEBUG Engine               - gameDifficulty: MEDIUM
11:31:12.907 [FXGL Background Thread 3 ] DEBUG Engine               - gameDifficultyProperty: ObjectProperty [value: MEDIUM]
11:31:12.907 [FXGL Background Thread 3 ] DEBUG Engine               - globalMusicVolume: 0.5
11:31:12.907 [FXGL Background Thread 3 ] DEBUG Engine               - globalMusicVolumeProperty: DoubleProperty [value: 0.5]
11:31:12.907 [FXGL Background Thread 3 ] DEBUG Engine               - globalSoundVolume: 0.5
11:31:12.907 [FXGL Background Thread 3 ] DEBUG Engine               - globalSoundVolumeProperty: DoubleProperty [value: 0.5]
11:31:12.907 [FXGL Background Thread 3 ] DEBUG Engine               - height: 600
11:31:12.907 [FXGL Background Thread 3 ] DEBUG Engine               - is3D: false
11:31:12.907 [FXGL Background Thread 3 ] DEBUG Engine               - isAndroid: false
11:31:12.907 [FXGL Background Thread 3 ] DEBUG Engine               - isBrowser: false
11:31:12.907 [FXGL Background Thread 3 ] DEBUG Engine               - isClickFeedbackEnabled: false
11:31:12.907 [FXGL Background Thread 3 ] DEBUG Engine               - isCloseConfirmation: false
11:31:12.908 [FXGL Background Thread 3 ] DEBUG Engine               - isDesktop: true
11:31:12.908 [FXGL Background Thread 3 ] DEBUG Engine               - isDeveloperMenuEnabled: false
11:31:12.908 [FXGL Background Thread 3 ] DEBUG Engine               - isEmbedded: false
11:31:12.908 [FXGL Background Thread 3 ] DEBUG Engine               - isEntityPreloadEnabled: true
11:31:12.908 [FXGL Background Thread 3 ] DEBUG Engine               - isExperimentalTiledLargeMap: false
11:31:12.908 [FXGL Background Thread 3 ] DEBUG Engine               - isFileSystemWriteAllowed: true
11:31:12.908 [FXGL Background Thread 3 ] DEBUG Engine               - isFullScreenAllowed: false
11:31:12.908 [FXGL Background Thread 3 ] DEBUG Engine               - isFullScreenFromStart: false
11:31:12.908 [FXGL Background Thread 3 ] DEBUG Engine               - isGameMenuEnabled: true
11:31:12.908 [FXGL Background Thread 3 ] DEBUG Engine               - isIOS: false
11:31:12.908 [FXGL Background Thread 3 ] DEBUG Engine               - isIntroEnabled: false
11:31:12.908 [FXGL Background Thread 3 ] DEBUG Engine               - isLinux: false
11:31:12.908 [FXGL Background Thread 3 ] DEBUG Engine               - isMac: true
11:31:12.908 [FXGL Background Thread 3 ] DEBUG Engine               - isMainMenuEnabled: false
11:31:12.908 [FXGL Background Thread 3 ] DEBUG Engine               - isManualResizeEnabled: false
11:31:12.909 [FXGL Background Thread 3 ] DEBUG Engine               - isMobile: false
11:31:12.909 [FXGL Background Thread 3 ] DEBUG Engine               - isNative: false
11:31:12.909 [FXGL Background Thread 3 ] DEBUG Engine               - isPauseMusicWhenMinimized: true
11:31:12.909 [FXGL Background Thread 3 ] DEBUG Engine               - isPreserveResizeRatio: false
11:31:12.909 [FXGL Background Thread 3 ] DEBUG Engine               - isProfilingEnabled: false
11:31:12.909 [FXGL Background Thread 3 ] DEBUG Engine               - isScaleAffectedOnResize: true
11:31:12.909 [FXGL Background Thread 3 ] DEBUG Engine               - isSingleStep: false
11:31:12.909 [FXGL Background Thread 3 ] DEBUG Engine               - isUserProfileEnabled: false
11:31:12.909 [FXGL Background Thread 3 ] DEBUG Engine               - isWindows: false
11:31:12.909 [FXGL Background Thread 3 ] DEBUG Engine               - language: ObjectProperty [value: ENGLISH]
11:31:12.909 [FXGL Background Thread 3 ] DEBUG Engine               - menuKey: ESCAPE
11:31:12.909 [FXGL Background Thread 3 ] DEBUG Engine               - mouseSensitivity: 0.2
11:31:12.909 [FXGL Background Thread 3 ] DEBUG Engine               - notificationViewClass: class com.almasb.fxgl.notification.view.XboxNotificationView
11:31:12.910 [FXGL Background Thread 3 ] DEBUG Engine               - pixelsPerMeter: 50.0
11:31:12.910 [FXGL Background Thread 3 ] DEBUG Engine               - platform: MAC
11:31:12.910 [FXGL Background Thread 3 ] DEBUG Engine               - prefHeightProperty: ReadOnlyDoubleProperty [value: 600.0]
11:31:12.910 [FXGL Background Thread 3 ] DEBUG Engine               - prefWidthProperty: ReadOnlyDoubleProperty [value: 800.0]
11:31:12.910 [FXGL Background Thread 3 ] DEBUG Engine               - profileDir: profiles/
11:31:12.910 [FXGL Background Thread 3 ] DEBUG Engine               - profileName: StringProperty [value: DEFAULT]
11:31:12.910 [FXGL Background Thread 3 ] DEBUG Engine               - randomSeed: -1
11:31:12.911 [FXGL Background Thread 3 ] DEBUG Engine               - runtimeInfo: RuntimeInfo(platform=MAC, version=17.3, build=30.03.2023 11.49)
11:31:12.911 [FXGL Background Thread 3 ] DEBUG Engine               - saveFileExt: sav
11:31:12.911 [FXGL Background Thread 3 ] DEBUG Engine               - scaledHeightProp$fxgl: DoubleProperty [bound, value: 600.0]
11:31:12.911 [FXGL Background Thread 3 ] DEBUG Engine               - scaledWidthProp$fxgl: DoubleProperty [bound, value: 800.0]
11:31:12.911 [FXGL Background Thread 3 ] DEBUG Engine               - sceneFactory: com.almasb.fxgl.app.scene.SceneFactory@41c3c086
11:31:12.911 [FXGL Background Thread 3 ] DEBUG Engine               - secondsIn24h: 60
11:31:12.911 [FXGL Background Thread 3 ] DEBUG Engine               - soundMenuBack: menu/back.wav
11:31:12.911 [FXGL Background Thread 3 ] DEBUG Engine               - soundMenuPress: menu/press.wav
11:31:12.911 [FXGL Background Thread 3 ] DEBUG Engine               - soundMenuSelect: menu/select.wav
11:31:12.911 [FXGL Background Thread 3 ] DEBUG Engine               - soundNotification: core/notification.wav
11:31:12.912 [FXGL Background Thread 3 ] DEBUG Engine               - stageStyle: DECORATED
11:31:12.912 [FXGL Background Thread 3 ] DEBUG Engine               - supportedLanguages: [ENGLISH, FRENCH, GERMAN, HUNGARIAN, RUSSIAN]
11:31:12.912 [FXGL Background Thread 3 ] DEBUG Engine               - ticksPerSecond: -1
11:31:12.912 [FXGL Background Thread 3 ] DEBUG Engine               - title: Akanov-an225
11:31:12.912 [FXGL Background Thread 3 ] DEBUG Engine               - urlGithub: https://github.com/AlmasB/FXGL
11:31:12.912 [FXGL Background Thread 3 ] DEBUG Engine               - urlLeaderboard: http://fxgl-top.herokuapp.com/
11:31:12.912 [FXGL Background Thread 3 ] DEBUG Engine               - urlPOM: https://raw.githubusercontent.com/AlmasB/FXGL/release/README.md
11:31:12.912 [FXGL Background Thread 3 ] DEBUG Engine               - userAppClass: class view.Launch
11:31:12.912 [FXGL Background Thread 3 ] DEBUG Engine               - version: 0.1
11:31:12.912 [FXGL Background Thread 3 ] DEBUG Engine               - versionCheckDays: 7
11:31:12.912 [FXGL Background Thread 3 ] DEBUG Engine               - width: 800
11:31:12.912 [FXGL Background Thread 3 ] DEBUG Engine               - Logging services
11:31:12.912 [FXGL Background Thread 3 ] DEBUG Engine               - class com.almasb.fxgl.app.services.FXGLAssetLoaderService
11:31:12.912 [FXGL Background Thread 3 ] DEBUG Engine               - class com.almasb.fxgl.app.FXGLApplication$GameApplicationService
11:31:12.912 [FXGL Background Thread 3 ] DEBUG Engine               - class com.almasb.fxgl.app.services.FXGLDialogService
11:31:12.913 [FXGL Background Thread 3 ] DEBUG Engine               - class com.almasb.fxgl.app.services.IOTaskExecutorService
11:31:12.913 [FXGL Background Thread 3 ] DEBUG Engine               - class com.almasb.fxgl.io.FileSystemService
11:31:12.913 [FXGL Background Thread 3 ] DEBUG Engine               - class com.almasb.fxgl.localization.LocalizationService
11:31:12.913 [FXGL Background Thread 3 ] DEBUG Engine               - class com.almasb.fxgl.app.services.SystemBundleService
11:31:12.913 [FXGL Background Thread 3 ] DEBUG Engine               - class com.almasb.fxgl.profile.SaveLoadService
11:31:12.913 [FXGL Background Thread 3 ] DEBUG Engine               - class com.almasb.fxgl.ui.FXGLUIFactoryServiceProvider
11:31:12.913 [FXGL Background Thread 3 ] DEBUG Engine               - class com.almasb.fxgl.ui.FXGLDialogFactoryServiceProvider
11:31:12.913 [FXGL Background Thread 3 ] DEBUG Engine               - class com.almasb.fxgl.audio.AudioPlayer
11:31:12.913 [FXGL Background Thread 3 ] DEBUG Engine               - class com.almasb.fxgl.notification.impl.NotificationServiceProvider
11:31:12.913 [FXGL Background Thread 3 ] DEBUG Engine               - class com.almasb.fxgl.achievement.AchievementService
11:31:12.913 [FXGL Background Thread 3 ] DEBUG Engine               - class com.almasb.fxgl.cutscene.CutsceneService
11:31:12.913 [FXGL Background Thread 3 ] DEBUG Engine               - class com.almasb.fxgl.minigames.MiniGameService
11:31:12.913 [FXGL Background Thread 3 ] DEBUG Engine               - class com.almasb.fxgl.net.NetService
11:31:12.913 [FXGL Background Thread 3 ] DEBUG Engine               - class com.almasb.fxgl.app.services.UpdaterService
11:31:12.913 [FXGL Background Thread 3 ] DEBUG Engine               - class com.almasb.fxgl.dev.DevService
11:31:13.896 [JavaFX Application Thread] DEBUG FXGLApplication      - Exiting FXGL
11:31:13.896 [JavaFX Application Thread] DEBUG LoopRunner           - Stopping loop
11:31:13.897 [JavaFX Application Thread] DEBUG SystemBundleService  - Saving FXGL system data
11:31:13.901 [JavaFX Application Thread] DEBUG FileSystemAccess     - Writing to: /Users/huyle/Documents/UET/year2/ki1/OOP/BTL/demo/system/fxgl.bundle
11:31:13.904 [JavaFX Application Thread] DEBUG Async                - Shutting down background threads
11:31:13.904 [JavaFX Application Thread] DEBUG PrimaryStageWindow   - Closing main window
11:31:13.944 [JavaFX Application Thread] DEBUG Logger               - Closing Logger
