07:51:07.379 [main                     ] DEBUG Logger               - Configured Logger
07:51:07.391 [main                     ] DEBUG GameApplication      - Logging settings
Title: Akanov-an225
Version: 0.1
Width: 800
Height: 600
Fullscreen: false
Intro: false
Profiling: false
Single step:false
App Mode: DEVELOPER
Menu Key: ESCAPE
Stage Style: DECORATED
Scene Factory: class com.almasb.fxgl.app.scene.SceneFactory

07:51:07.830 [JavaFX Application Thread] DEBUG FXGLApplication      - Initializing FXGL
07:51:07.835 [JavaFX Application Thread] INFO  Engine               - FXGL-17.3 (30.03.2023 11.49) on WINDOWS (J:24.0.2 FX:21.0.6)
07:51:07.836 [JavaFX Application Thread] DEBUG Engine               - JRE Vendor Name: Oracle Corporation
07:51:07.836 [JavaFX Application Thread] DEBUG Engine               - Running on OS: Windows 11 version 10.0
07:51:07.836 [JavaFX Application Thread] DEBUG Engine               - Architecture: amd64
07:51:07.836 [JavaFX Application Thread] INFO  Engine               - Source code and latest versions at: https://github.com/AlmasB/FXGL
07:51:07.836 [JavaFX Application Thread] INFO  Engine               -       Ask questions and discuss at: https://github.com/AlmasB/FXGL/discussions
07:51:07.836 [JavaFX Application Thread] INFO  Engine               -              Join the FXGL chat at: https://gitter.im/AlmasB/FXGL
07:51:07.959 [JavaFX Application Thread] DEBUG PrimaryStageWindow   - Creating a JavaFX scene
07:51:08.033 [JavaFX Application Thread] DEBUG PrimaryStageWindow   - Target settings size: 800.0 x 600.0
07:51:08.033 [JavaFX Application Thread] DEBUG PrimaryStageWindow   - Scaled scene size:    800.0 x 600.0
07:51:08.033 [JavaFX Application Thread] DEBUG PrimaryStageWindow   - Scaled ratio: (1.0, 1.0)
07:51:08.035 [JavaFX Application Thread] DEBUG PrimaryStageWindow   - Set initial scene to FXGLStartupScene
07:51:08.041 [JavaFX Application Thread] DEBUG PrimaryStageWindow   - Opening main window
07:51:08.175 [JavaFX Application Thread] DEBUG PrimaryStageWindow   - Window border size: (14.66668701171875, 37.33331298828125)
07:51:08.175 [JavaFX Application Thread] DEBUG PrimaryStageWindow   - Scaled size: 800.0 x 600.0
07:51:08.175 [JavaFX Application Thread] DEBUG PrimaryStageWindow   - Scaled ratio: (1.0, 1.0)
07:51:08.175 [JavaFX Application Thread] DEBUG PrimaryStageWindow   - Scene size: 800.0 x 600.0
07:51:08.176 [JavaFX Application Thread] DEBUG PrimaryStageWindow   - Stage size: 814.6666870117188 x 637.3333129882812
07:51:08.187 [FXGL Background Thread 1 ] DEBUG Engine               - Initializing environment variables
07:51:08.286 [FXGL Background Thread 1 ] DEBUG FXGLAssetLoaderServi - User app class for loading assets: class view.Launch
07:51:08.287 [FXGL Background Thread 1 ] DEBUG GameApplicationServi - Applying CSS: fxgl_dark.css
07:51:08.288 [FXGL Background Thread 1 ] DEBUG FXGLAssetLoaderServi - Loading from file system: jar:file:///C:/Users/DELL/.m2/repository/com/github/almasb/fxgl/17.3/fxgl-17.3.jar!/fxglassets/ui/css/fxgl_dark.css
07:51:08.355 [FXGL Background Thread 1 ] DEBUG GameApplicationServi - Initializing application scenes
07:51:08.406 [FXGL Background Thread 1 ] DEBUG GameWorld            - Game world initialized
07:51:08.497 [FXGL Background Thread 1 ] DEBUG PhysicsWorld         - Physics world initialized: appHeight=600, physics.ppm=50.0
07:51:08.498 [FXGL Background Thread 1 ] DEBUG PhysicsWorld         - Using strategy: BRUTE_FORCE
07:51:08.504 [FXGL Background Thread 1 ] DEBUG GameScene            - Game scene initialized: 800x600
07:51:08.521 [FXGL Background Thread 1 ] DEBUG FXGL.DefaultMenu     - createMenuBodyGameMenu()
07:51:08.544 [FXGL Background Thread 1 ] DEBUG FXGL.DefaultMenu     - createOptionsMenu()
07:51:08.557 [FXGL Background Thread 1 ] DEBUG FXGLAssetLoaderServi - Loading from file system: jar:file:///C:/Users/DELL/.m2/repository/com/github/almasb/fxgl/17.3/fxgl-17.3.jar!/fxglassets/textures/particles/smoke.png
07:51:08.682 [FXGL Background Thread 1 ] DEBUG FXGLAssetLoaderServi - Loading from file system: jar:file:///C:/Users/DELL/.m2/repository/com/github/almasb/fxgl/17.3/fxgl-17.3.jar!/fxglassets/textures/particles/trace_horizontal.png
07:51:08.724 [FXGL Background Thread 1 ] DEBUG GameApplicationServi - Application scenes initialized
07:51:08.737 [FXGL Background Thread 1 ] DEBUG SystemBundleService  - Loading FXGL system data
07:51:08.743 [FXGL Background Thread 1 ] DEBUG FileSystemAccess     - Reading from: D:\akanov-an225\system\fxgl.bundle
07:51:08.754 [FXGL Background Thread 1 ] DEBUG SystemBundleService  - Bundle FXGL: {}
07:51:08.754 [FXGL Background Thread 1 ] DEBUG UpdaterService       - Checking for updates
07:51:08.761 [FXGL Background Thread 4 ] DEBUG FXGLApplication      - Loading fonts
07:51:08.761 [FXGL Background Thread 4 ] DEBUG FXGLAssetLoaderServi - Loading from file system: jar:file:///C:/Users/DELL/.m2/repository/com/github/almasb/fxgl/17.3/fxgl-17.3.jar!/fxglassets/ui/fonts/VarelaRound-Regular.ttf
07:51:08.762 [FXGL Background Thread 1 ] DEBUG FXGLApplication      - Loading default localization
07:51:08.763 [FXGL Background Thread 1 ] DEBUG FXGLAssetLoaderServi - Loading from file system: jar:file:///C:/Users/DELL/.m2/repository/com/github/almasb/fxgl/17.3/fxgl-17.3.jar!/fxglassets/languages/english.lang
07:51:08.787 [FXGL Background Thread 1 ] INFO  FXGLApplication      - FXGL initialization took: 0.600 sec
07:51:08.804 [JavaFX Application Thread] DEBUG Input                - Registered new binding: action0 - Left
07:51:08.806 [JavaFX Application Thread] DEBUG Input                - Registered new binding: action1 - Right
07:51:08.807 [JavaFX Application Thread] DEBUG FXGLAssetLoaderServi - Loading from file system: jar:file:///C:/Users/DELL/.m2/repository/com/github/almasb/fxgl/17.3/fxgl-17.3.jar!/fxglassets/textures/fxgl_icon.png
07:51:08.819 [FXGL Background Thread 4 ] DEBUG FXGLAssetLoaderServi - Loading from file system: jar:file:///C:/Users/DELL/.m2/repository/com/github/almasb/fxgl/17.3/fxgl-17.3.jar!/fxglassets/ui/fonts/Abel-Regular.ttf
07:51:08.828 [FXGL Background Thread 4 ] DEBUG FXGLAssetLoaderServi - Loading from file system: jar:file:///C:/Users/DELL/.m2/repository/com/github/almasb/fxgl/17.3/fxgl-17.3.jar!/fxglassets/ui/fonts/TerminalLandMono-Regular.otf
07:51:08.834 [FXGL Background Thread 4 ] DEBUG FXGLAssetLoaderServi - Loading from file system: jar:file:///C:/Users/DELL/.m2/repository/com/github/almasb/fxgl/17.3/fxgl-17.3.jar!/fxglassets/ui/fonts/Courier-Prime.ttf
07:51:08.836 [JavaFX Application Thread] DEBUG FXGLAssetLoaderServi - Loading from file system: jar:file:///C:/Users/DELL/.m2/repository/com/github/almasb/fxgl/17.3/fxgl-17.3.jar!/fxglassets/textures/fxgl_default_cursor.png
07:51:08.841 [JavaFX Application Thread] DEBUG Input                - Registered new binding: Screenshot - CTRL+8
07:51:08.842 [JavaFX Application Thread] DEBUG Input                - Registered new binding: System info dump - CTRL+9
07:51:08.842 [JavaFX Application Thread] DEBUG Input                - Registered new binding: Restart - CTRL+R
07:51:08.843 [JavaFX Application Thread] DEBUG Input                - Registered new binding: Toggle Debug Camera - CTRL+7
07:51:08.845 [JavaFX Application Thread] DEBUG LoopRunner           - Starting loop
07:51:08.846 [JavaFX Application Thread] DEBUG LoopRunner           - Initializing JavaFX AnimationTimerLoop
07:51:08.847 [JavaFX Application Thread] DEBUG GameApplicationServi - Starting new game
07:51:08.847 [JavaFX Application Thread] DEBUG Input                - Clearing active input actions
07:51:08.865 [JavaFX Application Thread] DEBUG GameApplicationServi - Removing overlay from FXGLStartupScene and adding to FXGLLoadingScene
07:51:08.865 [JavaFX Application Thread] DEBUG PrimaryStageWindow   - FXGLStartupScene -> FXGLLoadingScene
07:51:08.865 [JavaFX Application Thread] DEBUG GameApplicationServi - Clearing previous game
07:51:08.865 [JavaFX Application Thread] DEBUG GameScene            - Clearing game scene
07:51:08.865 [JavaFX Application Thread] DEBUG GameWorld            - Clearing game world
07:51:08.865 [JavaFX Application Thread] DEBUG PhysicsWorld         - Clearing physics world
07:51:08.867 [FXGL Background Thread 4 ] DEBUG FXGLApplication      - Initializing game
07:51:08.867 [JavaFX Application Thread] DEBUG FXGLApplication      - Registering font factories with UI factory
07:51:08.873 [FXGL Background Thread 4 ] WARN  Entity               - Entity already has component: com.almasb.fxgl.entity.components.BoundingBoxComponent
07:51:08.912 [FXGL Background Thread 4 ] INFO  FXGLApplication      - Game initialization took: 0.045 sec
07:51:08.941 [JavaFX Application Thread] DEBUG Input                - Clearing active input actions
07:51:08.952 [JavaFX Application Thread] DEBUG GameApplicationServi - Removing overlay from FXGLLoadingScene and adding to GameScene
07:51:08.952 [JavaFX Application Thread] DEBUG PrimaryStageWindow   - FXGLLoadingScene -> GameScene
07:51:09.413 [FXGL Background Thread 2 ] INFO  UpdaterService       - Your current version:  17.3
07:51:09.414 [FXGL Background Thread 2 ] INFO  UpdaterService       - Latest stable version: 21.1
07:51:10.848 [JavaFX Application Thread] DEBUG FXGLApplication      - Exiting FXGL
07:51:10.849 [JavaFX Application Thread] DEBUG LoopRunner           - Stopping loop
07:51:10.849 [JavaFX Application Thread] DEBUG SystemBundleService  - Saving FXGL system data
07:51:10.853 [JavaFX Application Thread] DEBUG FileSystemAccess     - Writing to: D:\akanov-an225\system\fxgl.bundle
07:51:10.856 [JavaFX Application Thread] DEBUG Async                - Shutting down background threads
07:51:10.857 [JavaFX Application Thread] DEBUG PrimaryStageWindow   - Closing main window
07:51:10.882 [JavaFX Application Thread] DEBUG Logger               - Closing Logger
