11:25:25.078 [main                     ] DEBUG Logger               - Configured Logger
11:25:25.087 [main                     ] DEBUG GameApplication      - Logging settings
Title: Ball Bounce FXGL Demo
Version: 1.0
Width: 800
Height: 600
Fullscreen: false
Intro: false
Profiling: false
Single step:false
App Mode: DEVELOPER
Menu Key: ESCAPE
Stage Style: DECORATED
Scene Factory: class com.almasb.fxgl.app.scene.SceneFactory

11:25:25.543 [JavaFX Application Thread] DEBUG FXGLApplication      - Initializing FXGL
11:25:25.547 [JavaFX Application Thread] INFO  Engine               - FXGL-17.3 (30.03.2023 11.49) on WINDOWS (J:24.0.2 FX:21.0.6)
11:25:25.547 [JavaFX Application Thread] DEBUG Engine               - JRE Vendor Name: Oracle Corporation
11:25:25.547 [JavaFX Application Thread] DEBUG Engine               - Running on OS: Windows 11 version 10.0
11:25:25.547 [JavaFX Application Thread] DEBUG Engine               - Architecture: amd64
11:25:25.547 [JavaFX Application Thread] INFO  Engine               - Source code and latest versions at: https://github.com/AlmasB/FXGL
11:25:25.548 [JavaFX Application Thread] INFO  Engine               -       Ask questions and discuss at: https://github.com/AlmasB/FXGL/discussions
11:25:25.548 [JavaFX Application Thread] INFO  Engine               -              Join the FXGL chat at: https://gitter.im/AlmasB/FXGL
11:25:25.660 [JavaFX Application Thread] DEBUG PrimaryStageWindow   - Creating a JavaFX scene
11:25:25.725 [JavaFX Application Thread] DEBUG PrimaryStageWindow   - Target settings size: 800.0 x 600.0
11:25:25.725 [JavaFX Application Thread] DEBUG PrimaryStageWindow   - Scaled scene size:    800.0 x 600.0
11:25:25.725 [JavaFX Application Thread] DEBUG PrimaryStageWindow   - Scaled ratio: (1.0, 1.0)
11:25:25.726 [JavaFX Application Thread] DEBUG PrimaryStageWindow   - Set initial scene to FXGLStartupScene
11:25:25.730 [JavaFX Application Thread] DEBUG PrimaryStageWindow   - Opening main window
11:25:25.865 [JavaFX Application Thread] DEBUG PrimaryStageWindow   - Window border size: (14.66668701171875, 37.33331298828125)
11:25:25.865 [JavaFX Application Thread] DEBUG PrimaryStageWindow   - Scaled size: 800.0 x 600.0
11:25:25.865 [JavaFX Application Thread] DEBUG PrimaryStageWindow   - Scaled ratio: (1.0, 1.0)
11:25:25.867 [JavaFX Application Thread] DEBUG PrimaryStageWindow   - Scene size: 800.0 x 600.0
11:25:25.867 [JavaFX Application Thread] DEBUG PrimaryStageWindow   - Stage size: 814.6666870117188 x 637.3333129882812
11:25:25.877 [FXGL Background Thread 1 ] DEBUG Engine               - Initializing environment variables
11:25:25.942 [FXGL Background Thread 1 ] DEBUG FXGLAssetLoaderServi - User app class for loading assets: class view.Launch
11:25:25.942 [FXGL Background Thread 1 ] DEBUG GameApplicationServi - Applying CSS: fxgl_dark.css
11:25:25.943 [FXGL Background Thread 1 ] DEBUG FXGLAssetLoaderServi - Loading from file system: jar:file:///C:/Users/DELL/.m2/repository/com/github/almasb/fxgl/17.3/fxgl-17.3.jar!/fxglassets/ui/css/fxgl_dark.css
11:25:25.991 [FXGL Background Thread 1 ] DEBUG GameApplicationServi - Initializing application scenes
11:25:26.047 [FXGL Background Thread 1 ] DEBUG GameWorld            - Game world initialized
11:25:26.123 [FXGL Background Thread 1 ] DEBUG PhysicsWorld         - Physics world initialized: appHeight=600, physics.ppm=50.0
11:25:26.123 [FXGL Background Thread 1 ] DEBUG PhysicsWorld         - Using strategy: BRUTE_FORCE
11:25:26.128 [FXGL Background Thread 1 ] DEBUG GameScene            - Game scene initialized: 800x600
11:25:26.144 [FXGL Background Thread 1 ] DEBUG FXGL.DefaultMenu     - createMenuBodyGameMenu()
11:25:26.163 [FXGL Background Thread 1 ] DEBUG FXGL.DefaultMenu     - createOptionsMenu()
11:25:26.175 [FXGL Background Thread 1 ] DEBUG FXGLAssetLoaderServi - Loading from file system: jar:file:///C:/Users/DELL/.m2/repository/com/github/almasb/fxgl/17.3/fxgl-17.3.jar!/fxglassets/textures/particles/smoke.png
11:25:26.293 [FXGL Background Thread 1 ] DEBUG FXGLAssetLoaderServi - Loading from file system: jar:file:///C:/Users/DELL/.m2/repository/com/github/almasb/fxgl/17.3/fxgl-17.3.jar!/fxglassets/textures/particles/trace_horizontal.png
11:25:26.330 [FXGL Background Thread 1 ] DEBUG GameApplicationServi - Application scenes initialized
11:25:26.342 [FXGL Background Thread 1 ] DEBUG SystemBundleService  - Loading FXGL system data
11:25:26.348 [FXGL Background Thread 1 ] DEBUG FileSystemAccess     - Reading from: D:\akanov-an225\system\fxgl.bundle
11:25:26.362 [FXGL Background Thread 1 ] DEBUG SystemBundleService  - Bundle FXGL: {}
11:25:26.362 [FXGL Background Thread 1 ] DEBUG UpdaterService       - Checking for updates
11:25:26.366 [FXGL Background Thread 4 ] DEBUG FXGLApplication      - Loading fonts
11:25:26.367 [FXGL Background Thread 4 ] DEBUG FXGLAssetLoaderServi - Loading from file system: jar:file:///C:/Users/DELL/.m2/repository/com/github/almasb/fxgl/17.3/fxgl-17.3.jar!/fxglassets/ui/fonts/VarelaRound-Regular.ttf
11:25:26.367 [FXGL Background Thread 1 ] DEBUG FXGLApplication      - Loading default localization
11:25:26.367 [FXGL Background Thread 1 ] DEBUG FXGLAssetLoaderServi - Loading from file system: jar:file:///C:/Users/DELL/.m2/repository/com/github/almasb/fxgl/17.3/fxgl-17.3.jar!/fxglassets/languages/english.lang
11:25:26.401 [FXGL Background Thread 1 ] INFO  FXGLApplication      - FXGL initialization took: 0.523 sec
11:25:26.415 [JavaFX Application Thread] DEBUG Input                - Registered new binding: action0 - Left
11:25:26.415 [JavaFX Application Thread] DEBUG Input                - Registered new binding: action1 - Right
11:25:26.415 [JavaFX Application Thread] DEBUG FXGLAssetLoaderServi - Loading from file system: jar:file:///C:/Users/DELL/.m2/repository/com/github/almasb/fxgl/17.3/fxgl-17.3.jar!/fxglassets/textures/fxgl_icon.png
11:25:26.420 [FXGL Background Thread 4 ] DEBUG FXGLAssetLoaderServi - Loading from file system: jar:file:///C:/Users/DELL/.m2/repository/com/github/almasb/fxgl/17.3/fxgl-17.3.jar!/fxglassets/ui/fonts/Abel-Regular.ttf
11:25:26.424 [FXGL Background Thread 4 ] DEBUG FXGLAssetLoaderServi - Loading from file system: jar:file:///C:/Users/DELL/.m2/repository/com/github/almasb/fxgl/17.3/fxgl-17.3.jar!/fxglassets/ui/fonts/TerminalLandMono-Regular.otf
11:25:26.429 [FXGL Background Thread 4 ] DEBUG FXGLAssetLoaderServi - Loading from file system: jar:file:///C:/Users/DELL/.m2/repository/com/github/almasb/fxgl/17.3/fxgl-17.3.jar!/fxglassets/ui/fonts/Courier-Prime.ttf
11:25:26.438 [JavaFX Application Thread] DEBUG FXGLAssetLoaderServi - Loading from file system: jar:file:///C:/Users/DELL/.m2/repository/com/github/almasb/fxgl/17.3/fxgl-17.3.jar!/fxglassets/textures/fxgl_default_cursor.png
11:25:26.441 [JavaFX Application Thread] DEBUG Input                - Registered new binding: Screenshot - CTRL+8
11:25:26.442 [JavaFX Application Thread] DEBUG Input                - Registered new binding: System info dump - CTRL+9
11:25:26.442 [JavaFX Application Thread] DEBUG Input                - Registered new binding: Restart - CTRL+R
11:25:26.442 [JavaFX Application Thread] DEBUG Input                - Registered new binding: Toggle Debug Camera - CTRL+7
11:25:26.445 [JavaFX Application Thread] DEBUG LoopRunner           - Starting loop
11:25:26.445 [JavaFX Application Thread] DEBUG LoopRunner           - Initializing JavaFX AnimationTimerLoop
11:25:26.446 [JavaFX Application Thread] DEBUG GameApplicationServi - Starting new game
11:25:26.447 [JavaFX Application Thread] DEBUG Input                - Clearing active input actions
11:25:26.459 [JavaFX Application Thread] DEBUG GameApplicationServi - Removing overlay from FXGLStartupScene and adding to FXGLLoadingScene
11:25:26.460 [JavaFX Application Thread] DEBUG PrimaryStageWindow   - FXGLStartupScene -> FXGLLoadingScene
11:25:26.460 [JavaFX Application Thread] DEBUG GameApplicationServi - Clearing previous game
11:25:26.460 [JavaFX Application Thread] DEBUG GameScene            - Clearing game scene
11:25:26.460 [JavaFX Application Thread] DEBUG GameWorld            - Clearing game world
11:25:26.460 [JavaFX Application Thread] DEBUG PhysicsWorld         - Clearing physics world
11:25:26.462 [FXGL Background Thread 4 ] DEBUG FXGLApplication      - Initializing game
11:25:26.462 [JavaFX Application Thread] DEBUG FXGLApplication      - Registering font factories with UI factory
11:25:26.466 [FXGL Background Thread 4 ] DEBUG LoopRunner           - Stopping loop
11:25:26.469 [FXGL Background Thread 4 ] FATAL FXGLApplication      - Uncaught Exception:
kotlin.UninitializedPropertyAccessException: lateinit property transform has not been initialized
	at com.almasb.fxgl.entity@17.3/com.almasb.fxgl.entity.components.BoundingBoxComponent.getTransform(BoundingBoxComponent.kt:37)
	at com.almasb.fxgl.entity@17.3/com.almasb.fxgl.entity.components.BoundingBoxComponent.onHitBoxChange$lambda$2(BoundingBoxComponent.kt:143)
	at javafx.base@21.0.6/com.sun.javafx.collections.ListListenerHelper$SingleChange.fireValueChangedEvent(ListListenerHelper.java:162)
	at javafx.base@21.0.6/com.sun.javafx.collections.ListListenerHelper.fireValueChangedEvent(ListListenerHelper.java:71)
	at javafx.base@21.0.6/javafx.collections.ObservableListBase.fireChange(ObservableListBase.java:246)
	at javafx.base@21.0.6/javafx.collections.ListChangeBuilder.commit(ListChangeBuilder.java:482)
	at javafx.base@21.0.6/javafx.collections.ListChangeBuilder.endChange(ListChangeBuilder.java:541)
	at javafx.base@21.0.6/javafx.collections.ObservableListBase.endChange(ObservableListBase.java:210)
	at javafx.base@21.0.6/javafx.collections.ModifiableObservableListBase.add(ModifiableObservableListBase.java:200)
	at java.base/java.util.AbstractList.add(AbstractList.java:113)
	at com.almasb.fxgl.entity@17.3/com.almasb.fxgl.entity.components.BoundingBoxComponent.addHitBox(BoundingBoxComponent.kt:196)
	at view/model.Paddle.<init>(Paddle.java:22)
	at view/view.Launch.initGame(Launch.java:38)
	at com.almasb.fxgl.all@17.3/com.almasb.fxgl.app.FXGLApplication$InitAppTask.initGame(FXGLApplication.kt:339)
	at com.almasb.fxgl.all@17.3/com.almasb.fxgl.app.FXGLApplication$InitAppTask.call(FXGLApplication.kt:319)
	at com.almasb.fxgl.all@17.3/com.almasb.fxgl.app.FXGLApplication$InitAppTask.call(FXGLApplication.kt:311)
	at javafx.graphics@21.0.6/javafx.concurrent.Task$TaskCallable.call(Task.java:1399)
	at java.base/java.util.concurrent.FutureTask.run(FutureTask.java:328)
	at java.base/java.util.concurrent.Executors$RunnableAdapter.call(Executors.java:545)
	at java.base/java.util.concurrent.FutureTask.run(FutureTask.java:328)
	at java.base/java.util.concurrent.ThreadPoolExecutor.runWorker(ThreadPoolExecutor.java:1095)
	at java.base/java.util.concurrent.ThreadPoolExecutor$Worker.run(ThreadPoolExecutor.java:619)
	at java.base/java.lang.Thread.run(Thread.java:1447)

11:25:26.469 [FXGL Background Thread 4 ] FATAL FXGLApplication      - Application will now exit
11:25:26.497 [FXGL Background Thread 4 ] DEBUG PrimaryStageWindow   - Push state: ErrorSubScene
11:25:26.497 [FXGL Background Thread 4 ] DEBUG Input                - Clearing active input actions
11:25:28.061 [FXGL Background Thread 2 ] INFO  UpdaterService       - Your current version:  17.3
11:25:28.062 [FXGL Background Thread 2 ] INFO  UpdaterService       - Latest stable version: 21.1
11:25:29.365 [FXGL Background Thread 3 ] DEBUG Engine               - Logging environment variables
11:25:29.365 [FXGL Background Thread 3 ] DEBUG Engine               - achievements: []
11:25:29.365 [FXGL Background Thread 3 ] DEBUG Engine               - actualHeight: 600.0
11:25:29.365 [FXGL Background Thread 3 ] DEBUG Engine               - actualHeightProperty: ReadOnlyDoubleProperty [value: 600.0]
11:25:29.365 [FXGL Background Thread 3 ] DEBUG Engine               - actualWidth: 800.0
11:25:29.365 [FXGL Background Thread 3 ] DEBUG Engine               - actualWidthProperty: ReadOnlyDoubleProperty [value: 800.0]
11:25:29.365 [FXGL Background Thread 3 ] DEBUG Engine               - appIcon: fxgl_icon.png
11:25:29.365 [FXGL Background Thread 3 ] DEBUG Engine               - applicationMode: DEVELOPER
11:25:29.366 [FXGL Background Thread 3 ] DEBUG Engine               - cSSList: [fxgl_dark.css]
11:25:29.366 [FXGL Background Thread 3 ] DEBUG Engine               - collisionDetectionStrategy: BRUTE_FORCE
11:25:29.366 [FXGL Background Thread 3 ] DEBUG Engine               - configClass: Optional.empty
11:25:29.366 [FXGL Background Thread 3 ] DEBUG Engine               - credits: []
11:25:29.366 [FXGL Background Thread 3 ] DEBUG Engine               - defaultCursor: CursorInfo(imageName=fxgl_default_cursor.png, hotspotX=7.0, hotspotY=6.0)
11:25:29.366 [FXGL Background Thread 3 ] DEBUG Engine               - devBBoxColorProperty: ObjectProperty [value: 0xff0000ff]
11:25:29.366 [FXGL Background Thread 3 ] DEBUG Engine               - devEnableDebugCameraProperty: BooleanProperty [value: false]
11:25:29.366 [FXGL Background Thread 3 ] DEBUG Engine               - devSensorColorProperty: ObjectProperty [value: 0xffff00ff]
11:25:29.366 [FXGL Background Thread 3 ] DEBUG Engine               - devShowBBoxProperty: BooleanProperty [value: false]
11:25:29.366 [FXGL Background Thread 3 ] DEBUG Engine               - devShowPositionProperty: BooleanProperty [value: false]
11:25:29.366 [FXGL Background Thread 3 ] DEBUG Engine               - enabledMenuItems: []
11:25:29.366 [FXGL Background Thread 3 ] DEBUG Engine               - engineServices: [class com.almasb.fxgl.app.services.FXGLAssetLoaderService, class com.almasb.fxgl.app.FXGLApplication$GameApplicationService, class com.almasb.fxgl.app.services.FXGLDialogService, class com.almasb.fxgl.app.services.IOTaskExecutorService, class com.almasb.fxgl.io.FileSystemService, class com.almasb.fxgl.localization.LocalizationService, class com.almasb.fxgl.app.services.SystemBundleService, class com.almasb.fxgl.profile.SaveLoadService, class com.almasb.fxgl.ui.FXGLUIFactoryServiceProvider, class com.almasb.fxgl.ui.FXGLDialogFactoryServiceProvider, class com.almasb.fxgl.audio.AudioPlayer, class com.almasb.fxgl.notification.impl.NotificationServiceProvider, class com.almasb.fxgl.achievement.AchievementService, class com.almasb.fxgl.cutscene.CutsceneService, class com.almasb.fxgl.minigames.MiniGameService, class com.almasb.fxgl.net.NetService, class com.almasb.fxgl.app.services.UpdaterService, class com.almasb.fxgl.dev.DevService]
11:25:29.366 [FXGL Background Thread 3 ] DEBUG Engine               - fontGame: Abel-Regular.ttf
11:25:29.366 [FXGL Background Thread 3 ] DEBUG Engine               - fontMono: TerminalLandMono-Regular.otf
11:25:29.366 [FXGL Background Thread 3 ] DEBUG Engine               - fontSizeScaleUI: 1.0
11:25:29.366 [FXGL Background Thread 3 ] DEBUG Engine               - fontText: Courier-Prime.ttf
11:25:29.366 [FXGL Background Thread 3 ] DEBUG Engine               - fontUI: VarelaRound-Regular.ttf
11:25:29.366 [FXGL Background Thread 3 ] DEBUG Engine               - fullScreen: BooleanProperty [value: false]
11:25:29.367 [FXGL Background Thread 3 ] DEBUG Engine               - gameDifficulty: MEDIUM
11:25:29.367 [FXGL Background Thread 3 ] DEBUG Engine               - gameDifficultyProperty: ObjectProperty [value: MEDIUM]
11:25:29.367 [FXGL Background Thread 3 ] DEBUG Engine               - globalMusicVolume: 0.5
11:25:29.367 [FXGL Background Thread 3 ] DEBUG Engine               - globalMusicVolumeProperty: DoubleProperty [value: 0.5]
11:25:29.367 [FXGL Background Thread 3 ] DEBUG Engine               - globalSoundVolume: 0.5
11:25:29.367 [FXGL Background Thread 3 ] DEBUG Engine               - globalSoundVolumeProperty: DoubleProperty [value: 0.5]
11:25:29.367 [FXGL Background Thread 3 ] DEBUG Engine               - height: 600
11:25:29.367 [FXGL Background Thread 3 ] DEBUG Engine               - is3D: false
11:25:29.367 [FXGL Background Thread 3 ] DEBUG Engine               - isAndroid: false
11:25:29.367 [FXGL Background Thread 3 ] DEBUG Engine               - isBrowser: false
11:25:29.367 [FXGL Background Thread 3 ] DEBUG Engine               - isClickFeedbackEnabled: false
11:25:29.367 [FXGL Background Thread 3 ] DEBUG Engine               - isCloseConfirmation: false
11:25:29.367 [FXGL Background Thread 3 ] DEBUG Engine               - isDesktop: true
11:25:29.367 [FXGL Background Thread 3 ] DEBUG Engine               - isDeveloperMenuEnabled: false
11:25:29.367 [FXGL Background Thread 3 ] DEBUG Engine               - isEmbedded: false
11:25:29.367 [FXGL Background Thread 3 ] DEBUG Engine               - isEntityPreloadEnabled: true
11:25:29.367 [FXGL Background Thread 3 ] DEBUG Engine               - isExperimentalTiledLargeMap: false
11:25:29.367 [FXGL Background Thread 3 ] DEBUG Engine               - isFileSystemWriteAllowed: true
11:25:29.367 [FXGL Background Thread 3 ] DEBUG Engine               - isFullScreenAllowed: false
11:25:29.367 [FXGL Background Thread 3 ] DEBUG Engine               - isFullScreenFromStart: false
11:25:29.367 [FXGL Background Thread 3 ] DEBUG Engine               - isGameMenuEnabled: true
11:25:29.367 [FXGL Background Thread 3 ] DEBUG Engine               - isIOS: false
11:25:29.367 [FXGL Background Thread 3 ] DEBUG Engine               - isIntroEnabled: false
11:25:29.367 [FXGL Background Thread 3 ] DEBUG Engine               - isLinux: false
11:25:29.367 [FXGL Background Thread 3 ] DEBUG Engine               - isMac: false
11:25:29.367 [FXGL Background Thread 3 ] DEBUG Engine               - isMainMenuEnabled: false
11:25:29.367 [FXGL Background Thread 3 ] DEBUG Engine               - isManualResizeEnabled: false
11:25:29.368 [FXGL Background Thread 3 ] DEBUG Engine               - isMobile: false
11:25:29.368 [FXGL Background Thread 3 ] DEBUG Engine               - isNative: false
11:25:29.368 [FXGL Background Thread 3 ] DEBUG Engine               - isPauseMusicWhenMinimized: true
11:25:29.368 [FXGL Background Thread 3 ] DEBUG Engine               - isPreserveResizeRatio: false
11:25:29.368 [FXGL Background Thread 3 ] DEBUG Engine               - isProfilingEnabled: false
11:25:29.368 [FXGL Background Thread 3 ] DEBUG Engine               - isScaleAffectedOnResize: true
11:25:29.368 [FXGL Background Thread 3 ] DEBUG Engine               - isSingleStep: false
11:25:29.368 [FXGL Background Thread 3 ] DEBUG Engine               - isUserProfileEnabled: false
11:25:29.368 [FXGL Background Thread 3 ] DEBUG Engine               - isWindows: true
11:25:29.368 [FXGL Background Thread 3 ] DEBUG Engine               - language: ObjectProperty [value: ENGLISH]
11:25:29.368 [FXGL Background Thread 3 ] DEBUG Engine               - menuKey: ESCAPE
11:25:29.368 [FXGL Background Thread 3 ] DEBUG Engine               - mouseSensitivity: 0.2
11:25:29.368 [FXGL Background Thread 3 ] DEBUG Engine               - notificationViewClass: class com.almasb.fxgl.notification.view.XboxNotificationView
11:25:29.368 [FXGL Background Thread 3 ] DEBUG Engine               - pixelsPerMeter: 50.0
11:25:29.368 [FXGL Background Thread 3 ] DEBUG Engine               - platform: WINDOWS
11:25:29.368 [FXGL Background Thread 3 ] DEBUG Engine               - prefHeightProperty: ReadOnlyDoubleProperty [value: 600.0]
11:25:29.368 [FXGL Background Thread 3 ] DEBUG Engine               - prefWidthProperty: ReadOnlyDoubleProperty [value: 800.0]
11:25:29.368 [FXGL Background Thread 3 ] DEBUG Engine               - profileDir: profiles/
11:25:29.368 [FXGL Background Thread 3 ] DEBUG Engine               - profileName: StringProperty [value: DEFAULT]
11:25:29.368 [FXGL Background Thread 3 ] DEBUG Engine               - randomSeed: -1
11:25:29.369 [FXGL Background Thread 3 ] DEBUG Engine               - runtimeInfo: RuntimeInfo(platform=WINDOWS, version=17.3, build=30.03.2023 11.49)
11:25:29.369 [FXGL Background Thread 3 ] DEBUG Engine               - saveFileExt: sav
11:25:29.369 [FXGL Background Thread 3 ] DEBUG Engine               - scaledHeightProp$fxgl: DoubleProperty [bound, value: 600.0]
11:25:29.369 [FXGL Background Thread 3 ] DEBUG Engine               - scaledWidthProp$fxgl: DoubleProperty [bound, value: 800.0]
11:25:29.369 [FXGL Background Thread 3 ] DEBUG Engine               - sceneFactory: com.almasb.fxgl.app.scene.SceneFactory@3de102c5
11:25:29.369 [FXGL Background Thread 3 ] DEBUG Engine               - secondsIn24h: 60
11:25:29.369 [FXGL Background Thread 3 ] DEBUG Engine               - soundMenuBack: menu/back.wav
11:25:29.369 [FXGL Background Thread 3 ] DEBUG Engine               - soundMenuPress: menu/press.wav
11:25:29.369 [FXGL Background Thread 3 ] DEBUG Engine               - soundMenuSelect: menu/select.wav
11:25:29.369 [FXGL Background Thread 3 ] DEBUG Engine               - soundNotification: core/notification.wav
11:25:29.369 [FXGL Background Thread 3 ] DEBUG Engine               - stageStyle: DECORATED
11:25:29.369 [FXGL Background Thread 3 ] DEBUG Engine               - supportedLanguages: [ENGLISH, FRENCH, GERMAN, HUNGARIAN, RUSSIAN]
11:25:29.369 [FXGL Background Thread 3 ] DEBUG Engine               - ticksPerSecond: -1
11:25:29.369 [FXGL Background Thread 3 ] DEBUG Engine               - title: Ball Bounce FXGL Demo
11:25:29.369 [FXGL Background Thread 3 ] DEBUG Engine               - urlGithub: https://github.com/AlmasB/FXGL
11:25:29.369 [FXGL Background Thread 3 ] DEBUG Engine               - urlLeaderboard: http://fxgl-top.herokuapp.com/
11:25:29.369 [FXGL Background Thread 3 ] DEBUG Engine               - urlPOM: https://raw.githubusercontent.com/AlmasB/FXGL/release/README.md
11:25:29.369 [FXGL Background Thread 3 ] DEBUG Engine               - userAppClass: class view.Launch
11:25:29.369 [FXGL Background Thread 3 ] DEBUG Engine               - version: 1.0
11:25:29.369 [FXGL Background Thread 3 ] DEBUG Engine               - versionCheckDays: 7
11:25:29.369 [FXGL Background Thread 3 ] DEBUG Engine               - width: 800
11:25:29.370 [FXGL Background Thread 3 ] DEBUG Engine               - Logging services
11:25:29.370 [FXGL Background Thread 3 ] DEBUG Engine               - class com.almasb.fxgl.app.services.FXGLAssetLoaderService
11:25:29.370 [FXGL Background Thread 3 ] DEBUG Engine               - class com.almasb.fxgl.app.FXGLApplication$GameApplicationService
11:25:29.370 [FXGL Background Thread 3 ] DEBUG Engine               - class com.almasb.fxgl.app.services.FXGLDialogService
11:25:29.370 [FXGL Background Thread 3 ] DEBUG Engine               - class com.almasb.fxgl.app.services.IOTaskExecutorService
11:25:29.370 [FXGL Background Thread 3 ] DEBUG Engine               - class com.almasb.fxgl.io.FileSystemService
11:25:29.370 [FXGL Background Thread 3 ] DEBUG Engine               - class com.almasb.fxgl.localization.LocalizationService
11:25:29.370 [FXGL Background Thread 3 ] DEBUG Engine               - class com.almasb.fxgl.app.services.SystemBundleService
11:25:29.370 [FXGL Background Thread 3 ] DEBUG Engine               - class com.almasb.fxgl.profile.SaveLoadService
11:25:29.370 [FXGL Background Thread 3 ] DEBUG Engine               - class com.almasb.fxgl.ui.FXGLUIFactoryServiceProvider
11:25:29.370 [FXGL Background Thread 3 ] DEBUG Engine               - class com.almasb.fxgl.ui.FXGLDialogFactoryServiceProvider
11:25:29.370 [FXGL Background Thread 3 ] DEBUG Engine               - class com.almasb.fxgl.audio.AudioPlayer
11:25:29.370 [FXGL Background Thread 3 ] DEBUG Engine               - class com.almasb.fxgl.notification.impl.NotificationServiceProvider
11:25:29.370 [FXGL Background Thread 3 ] DEBUG Engine               - class com.almasb.fxgl.achievement.AchievementService
11:25:29.370 [FXGL Background Thread 3 ] DEBUG Engine               - class com.almasb.fxgl.cutscene.CutsceneService
11:25:29.370 [FXGL Background Thread 3 ] DEBUG Engine               - class com.almasb.fxgl.minigames.MiniGameService
11:25:29.370 [FXGL Background Thread 3 ] DEBUG Engine               - class com.almasb.fxgl.net.NetService
11:25:29.370 [FXGL Background Thread 3 ] DEBUG Engine               - class com.almasb.fxgl.app.services.UpdaterService
11:25:29.370 [FXGL Background Thread 3 ] DEBUG Engine               - class com.almasb.fxgl.dev.DevService
11:25:32.835 [JavaFX Application Thread] DEBUG FXGLApplication      - Exiting FXGL
11:25:32.836 [JavaFX Application Thread] DEBUG Async                - Shutting down background threads
11:25:32.836 [JavaFX Application Thread] DEBUG PrimaryStageWindow   - Closing main window
11:25:32.853 [JavaFX Application Thread] DEBUG Logger               - Closing Logger
