13:04:48.776 [main                     ] DEBUG Logger               - Configured Logger
13:04:48.782 [main                     ] DEBUG GameApplication      - Logging settings
Title: Akanov-an225
Version: 0.2
Width: 960
Height: 720
Fullscreen: false
Intro: false
Profiling: false
Single step:false
App Mode: DEVELOPER
Menu Key: ESCAPE
Stage Style: DECORATED
Scene Factory: class view.GeneralInit$1

13:04:49.173 [JavaFX Application Thread] DEBUG FXGLApplication      - Initializing FXGL
13:04:49.176 [JavaFX Application Thread] INFO  Engine               - FXGL-17.3 (30.03.2023 11.49) on WINDOWS (J:24.0.2 FX:21.0.6)
13:04:49.177 [JavaFX Application Thread] DEBUG Engine               - JRE Vendor Name: Oracle Corporation
13:04:49.177 [JavaFX Application Thread] DEBUG Engine               - Running on OS: Windows 11 version 10.0
13:04:49.177 [JavaFX Application Thread] DEBUG Engine               - Architecture: amd64
13:04:49.177 [JavaFX Application Thread] INFO  Engine               - Source code and latest versions at: https://github.com/AlmasB/FXGL
13:04:49.177 [JavaFX Application Thread] INFO  Engine               -       Ask questions and discuss at: https://github.com/AlmasB/FXGL/discussions
13:04:49.177 [JavaFX Application Thread] INFO  Engine               -              Join the FXGL chat at: https://gitter.im/AlmasB/FXGL
13:04:49.260 [JavaFX Application Thread] DEBUG PrimaryStageWindow   - Creating a JavaFX scene
13:04:49.312 [JavaFX Application Thread] DEBUG PrimaryStageWindow   - Target settings size: 960.0 x 720.0
13:04:49.312 [JavaFX Application Thread] DEBUG PrimaryStageWindow   - Scaled scene size:    960.0 x 720.0
13:04:49.313 [JavaFX Application Thread] DEBUG PrimaryStageWindow   - Scaled ratio: (1.0, 1.0)
13:04:49.313 [JavaFX Application Thread] DEBUG PrimaryStageWindow   - Set initial scene to FXGLStartupScene
13:04:49.316 [JavaFX Application Thread] DEBUG PrimaryStageWindow   - Opening main window
13:04:49.421 [JavaFX Application Thread] DEBUG PrimaryStageWindow   - Window border size: (14.4000244140625, 37.5999755859375)
13:04:49.421 [JavaFX Application Thread] DEBUG PrimaryStageWindow   - Scaled size: 960.0 x 720.0
13:04:49.421 [JavaFX Application Thread] DEBUG PrimaryStageWindow   - Scaled ratio: (1.0, 1.0)
13:04:49.421 [JavaFX Application Thread] DEBUG PrimaryStageWindow   - Scene size: 960.0 x 720.0
13:04:49.421 [JavaFX Application Thread] DEBUG PrimaryStageWindow   - Stage size: 974.4000244140625 x 757.5999755859375
13:04:49.433 [FXGL Background Thread 1 ] DEBUG Engine               - Initializing environment variables
13:04:49.531 [FXGL Background Thread 1 ] DEBUG FXGLAssetLoaderServi - User app class for loading assets: class view.Launch
13:04:49.531 [FXGL Background Thread 1 ] DEBUG GameApplicationServi - Applying CSS: fxgl_dark.css
13:04:49.532 [FXGL Background Thread 1 ] DEBUG FXGLAssetLoaderServi - Loading from file system: jar:file:///C:/Users/nguye/.m2/repository/com/github/almasb/fxgl/17.3/fxgl-17.3.jar!/fxglassets/ui/css/fxgl_dark.css
13:04:49.599 [FXGL Background Thread 1 ] DEBUG GameApplicationServi - Initializing application scenes
13:04:49.647 [FXGL Background Thread 1 ] DEBUG GameWorld            - Game world initialized
13:04:49.721 [FXGL Background Thread 1 ] DEBUG PhysicsWorld         - Physics world initialized: appHeight=720, physics.ppm=50.0
13:04:49.721 [FXGL Background Thread 1 ] DEBUG PhysicsWorld         - Using strategy: BRUTE_FORCE
13:04:49.725 [FXGL Background Thread 1 ] DEBUG GameScene            - Game scene initialized: 960x720
13:04:50.109 [FXGL Background Thread 1 ] DEBUG GameApplicationServi - Application scenes initialized
13:04:50.125 [FXGL Background Thread 1 ] DEBUG SystemBundleService  - Loading FXGL system data
13:04:50.132 [FXGL Background Thread 1 ] DEBUG FileSystemAccess     - Reading from: C:\akk\akanov-an225\system\fxgl.bundle
13:04:50.138 [FXGL Background Thread 1 ] DEBUG SystemBundleService  - Bundle FXGL: {}
13:04:50.138 [FXGL Background Thread 1 ] DEBUG UpdaterService       - Checking for updates
13:04:50.144 [FXGL Background Thread 4 ] DEBUG FXGLApplication      - Loading fonts
13:04:50.144 [FXGL Background Thread 1 ] DEBUG FXGLApplication      - Loading default localization
13:04:50.144 [FXGL Background Thread 4 ] DEBUG FXGLAssetLoaderServi - Loading from file system: jar:file:///C:/Users/nguye/.m2/repository/com/github/almasb/fxgl/17.3/fxgl-17.3.jar!/fxglassets/ui/fonts/VarelaRound-Regular.ttf
13:04:50.145 [FXGL Background Thread 1 ] DEBUG FXGLAssetLoaderServi - Loading from file system: jar:file:///C:/Users/nguye/.m2/repository/com/github/almasb/fxgl/17.3/fxgl-17.3.jar!/fxglassets/languages/english.lang
13:04:50.181 [FXGL Background Thread 1 ] INFO  FXGLApplication      - FXGL initialization took: 0.748 sec
13:04:50.190 [FXGL Background Thread 4 ] DEBUG FXGLAssetLoaderServi - Loading from file system: jar:file:///C:/Users/nguye/.m2/repository/com/github/almasb/fxgl/17.3/fxgl-17.3.jar!/fxglassets/ui/fonts/Abel-Regular.ttf
13:04:50.194 [FXGL Background Thread 4 ] DEBUG FXGLAssetLoaderServi - Loading from file system: jar:file:///C:/Users/nguye/.m2/repository/com/github/almasb/fxgl/17.3/fxgl-17.3.jar!/fxglassets/ui/fonts/TerminalLandMono-Regular.otf
13:04:50.197 [JavaFX Application Thread] DEBUG Input                - Registered new binding: action0 - Right
13:04:50.198 [JavaFX Application Thread] DEBUG Input                - Registered new binding: action1 - Left
13:04:50.198 [JavaFX Application Thread] DEBUG FXGLAssetLoaderServi - Loading from file system: jar:file:///C:/Users/nguye/.m2/repository/com/github/almasb/fxgl/17.3/fxgl-17.3.jar!/fxglassets/textures/fxgl_icon.png
13:04:50.198 [FXGL Background Thread 4 ] DEBUG FXGLAssetLoaderServi - Loading from file system: jar:file:///C:/Users/nguye/.m2/repository/com/github/almasb/fxgl/17.3/fxgl-17.3.jar!/fxglassets/ui/fonts/Courier-Prime.ttf
13:04:50.232 [JavaFX Application Thread] DEBUG FXGLAssetLoaderServi - Loading from file system: jar:file:///C:/Users/nguye/.m2/repository/com/github/almasb/fxgl/17.3/fxgl-17.3.jar!/fxglassets/textures/fxgl_default_cursor.png
13:04:50.236 [JavaFX Application Thread] DEBUG Input                - Registered new binding: Screenshot - CTRL+8
13:04:50.237 [JavaFX Application Thread] DEBUG Input                - Registered new binding: System info dump - CTRL+9
13:04:50.238 [JavaFX Application Thread] DEBUG Input                - Registered new binding: Restart - CTRL+R
13:04:50.238 [JavaFX Application Thread] DEBUG Input                - Registered new binding: Toggle Debug Camera - CTRL+7
13:04:50.241 [JavaFX Application Thread] DEBUG LoopRunner           - Starting loop
13:04:50.242 [JavaFX Application Thread] DEBUG LoopRunner           - Initializing JavaFX AnimationTimerLoop
13:04:50.245 [JavaFX Application Thread] DEBUG Input                - Clearing active input actions
13:04:50.254 [JavaFX Application Thread] DEBUG GameApplicationServi - Removing overlay from FXGLStartupScene and adding to FXGLMainMenuDummyScene
13:04:50.255 [JavaFX Application Thread] DEBUG PrimaryStageWindow   - FXGLStartupScene -> FXGLMainMenuDummyScene
13:04:50.255 [JavaFX Application Thread] DEBUG PrimaryStageWindow   - Push state: MainMenu
13:04:50.255 [JavaFX Application Thread] DEBUG Input                - Clearing active input actions
13:04:50.264 [JavaFX Application Thread] DEBUG GameApplicationServi - Removing overlay from FXGLMainMenuDummyScene and adding to MainMenu
13:04:50.264 [JavaFX Application Thread] DEBUG PrimaryStageWindow   - FXGLMainMenuDummyScene -> MainMenu
13:04:50.264 [JavaFX Application Thread] DEBUG FXGLApplication      - Registering font factories with UI factory
13:04:50.777 [FXGL Background Thread 2 ] INFO  UpdaterService       - Your current version:  17.3
13:04:50.777 [FXGL Background Thread 2 ] INFO  UpdaterService       - Latest stable version: 21.1
13:04:53.143 [FXGL Background Thread 3 ] DEBUG Engine               - Logging environment variables
13:04:53.144 [FXGL Background Thread 3 ] DEBUG Engine               - achievements: []
13:04:53.144 [FXGL Background Thread 3 ] DEBUG Engine               - actualHeight: 720.0
13:04:53.144 [FXGL Background Thread 3 ] DEBUG Engine               - actualHeightProperty: ReadOnlyDoubleProperty [value: 720.0]
13:04:53.145 [FXGL Background Thread 3 ] DEBUG Engine               - actualWidth: 960.0
13:04:53.145 [FXGL Background Thread 3 ] DEBUG Engine               - actualWidthProperty: ReadOnlyDoubleProperty [value: 960.0]
13:04:53.145 [FXGL Background Thread 3 ] DEBUG Engine               - appIcon: fxgl_icon.png
13:04:53.145 [FXGL Background Thread 3 ] DEBUG Engine               - applicationMode: DEVELOPER
13:04:53.145 [FXGL Background Thread 3 ] DEBUG Engine               - cSSList: [fxgl_dark.css]
13:04:53.145 [FXGL Background Thread 3 ] DEBUG Engine               - collisionDetectionStrategy: BRUTE_FORCE
13:04:53.145 [FXGL Background Thread 3 ] DEBUG Engine               - configClass: Optional.empty
13:04:53.145 [FXGL Background Thread 3 ] DEBUG Engine               - credits: []
13:04:53.149 [FXGL Background Thread 3 ] DEBUG Engine               - defaultCursor: CursorInfo(imageName=fxgl_default_cursor.png, hotspotX=7.0, hotspotY=6.0)
13:04:53.150 [FXGL Background Thread 3 ] DEBUG Engine               - devBBoxColorProperty: ObjectProperty [value: 0xff0000ff]
13:04:53.150 [FXGL Background Thread 3 ] DEBUG Engine               - devEnableDebugCameraProperty: BooleanProperty [value: false]
13:04:53.150 [FXGL Background Thread 3 ] DEBUG Engine               - devSensorColorProperty: ObjectProperty [value: 0xffff00ff]
13:04:53.150 [FXGL Background Thread 3 ] DEBUG Engine               - devShowBBoxProperty: BooleanProperty [value: false]
13:04:53.150 [FXGL Background Thread 3 ] DEBUG Engine               - devShowPositionProperty: BooleanProperty [value: false]
13:04:53.150 [FXGL Background Thread 3 ] DEBUG Engine               - enabledMenuItems: []
13:04:53.150 [FXGL Background Thread 3 ] DEBUG Engine               - engineServices: [class com.almasb.fxgl.app.services.FXGLAssetLoaderService, class com.almasb.fxgl.app.FXGLApplication$GameApplicationService, class com.almasb.fxgl.app.services.FXGLDialogService, class com.almasb.fxgl.app.services.IOTaskExecutorService, class com.almasb.fxgl.io.FileSystemService, class com.almasb.fxgl.localization.LocalizationService, class com.almasb.fxgl.app.services.SystemBundleService, class com.almasb.fxgl.profile.SaveLoadService, class com.almasb.fxgl.ui.FXGLUIFactoryServiceProvider, class com.almasb.fxgl.ui.FXGLDialogFactoryServiceProvider, class com.almasb.fxgl.audio.AudioPlayer, class com.almasb.fxgl.notification.impl.NotificationServiceProvider, class com.almasb.fxgl.achievement.AchievementService, class com.almasb.fxgl.cutscene.CutsceneService, class com.almasb.fxgl.minigames.MiniGameService, class com.almasb.fxgl.net.NetService, class com.almasb.fxgl.app.services.UpdaterService, class com.almasb.fxgl.dev.DevService]
13:04:53.150 [FXGL Background Thread 3 ] DEBUG Engine               - fontGame: Abel-Regular.ttf
13:04:53.151 [FXGL Background Thread 3 ] DEBUG Engine               - fontMono: TerminalLandMono-Regular.otf
13:04:53.151 [FXGL Background Thread 3 ] DEBUG Engine               - fontSizeScaleUI: 1.0
13:04:53.151 [FXGL Background Thread 3 ] DEBUG Engine               - fontText: Courier-Prime.ttf
13:04:53.151 [FXGL Background Thread 3 ] DEBUG Engine               - fontUI: VarelaRound-Regular.ttf
13:04:53.151 [FXGL Background Thread 3 ] DEBUG Engine               - fullScreen: BooleanProperty [value: false]
13:04:53.151 [FXGL Background Thread 3 ] DEBUG Engine               - gameDifficulty: MEDIUM
13:04:53.151 [FXGL Background Thread 3 ] DEBUG Engine               - gameDifficultyProperty: ObjectProperty [value: MEDIUM]
13:04:53.151 [FXGL Background Thread 3 ] DEBUG Engine               - globalMusicVolume: 0.5
13:04:53.152 [FXGL Background Thread 3 ] DEBUG Engine               - globalMusicVolumeProperty: DoubleProperty [value: 0.5]
13:04:53.152 [FXGL Background Thread 3 ] DEBUG Engine               - globalSoundVolume: 0.5
13:04:53.152 [FXGL Background Thread 3 ] DEBUG Engine               - globalSoundVolumeProperty: DoubleProperty [value: 0.5]
13:04:53.152 [FXGL Background Thread 3 ] DEBUG Engine               - height: 720
13:04:53.152 [FXGL Background Thread 3 ] DEBUG Engine               - is3D: false
13:04:53.152 [FXGL Background Thread 3 ] DEBUG Engine               - isAndroid: false
13:04:53.153 [FXGL Background Thread 3 ] DEBUG Engine               - isBrowser: false
13:04:53.153 [FXGL Background Thread 3 ] DEBUG Engine               - isClickFeedbackEnabled: false
13:04:53.153 [FXGL Background Thread 3 ] DEBUG Engine               - isCloseConfirmation: false
13:04:53.153 [FXGL Background Thread 3 ] DEBUG Engine               - isDesktop: true
13:04:53.153 [FXGL Background Thread 3 ] DEBUG Engine               - isDeveloperMenuEnabled: false
13:04:53.153 [FXGL Background Thread 3 ] DEBUG Engine               - isEmbedded: false
13:04:53.153 [FXGL Background Thread 3 ] DEBUG Engine               - isEntityPreloadEnabled: true
13:04:53.153 [FXGL Background Thread 3 ] DEBUG Engine               - isExperimentalTiledLargeMap: false
13:04:53.153 [FXGL Background Thread 3 ] DEBUG Engine               - isFileSystemWriteAllowed: true
13:04:53.153 [FXGL Background Thread 3 ] DEBUG Engine               - isFullScreenAllowed: false
13:04:53.153 [FXGL Background Thread 3 ] DEBUG Engine               - isFullScreenFromStart: false
13:04:53.154 [FXGL Background Thread 3 ] DEBUG Engine               - isGameMenuEnabled: true
13:04:53.154 [FXGL Background Thread 3 ] DEBUG Engine               - isIOS: false
13:04:53.154 [FXGL Background Thread 3 ] DEBUG Engine               - isIntroEnabled: false
13:04:53.154 [FXGL Background Thread 3 ] DEBUG Engine               - isLinux: false
13:04:53.154 [FXGL Background Thread 3 ] DEBUG Engine               - isMac: false
13:04:53.154 [FXGL Background Thread 3 ] DEBUG Engine               - isMainMenuEnabled: true
13:04:53.154 [FXGL Background Thread 3 ] DEBUG Engine               - isManualResizeEnabled: false
13:04:53.154 [FXGL Background Thread 3 ] DEBUG Engine               - isMobile: false
13:04:53.154 [FXGL Background Thread 3 ] DEBUG Engine               - isNative: false
13:04:53.154 [FXGL Background Thread 3 ] DEBUG Engine               - isPauseMusicWhenMinimized: true
13:04:53.154 [FXGL Background Thread 3 ] DEBUG Engine               - isPreserveResizeRatio: false
13:04:53.154 [FXGL Background Thread 3 ] DEBUG Engine               - isProfilingEnabled: false
13:04:53.155 [FXGL Background Thread 3 ] DEBUG Engine               - isScaleAffectedOnResize: true
13:04:53.155 [FXGL Background Thread 3 ] DEBUG Engine               - isSingleStep: false
13:04:53.155 [FXGL Background Thread 3 ] DEBUG Engine               - isUserProfileEnabled: false
13:04:53.155 [FXGL Background Thread 3 ] DEBUG Engine               - isWindows: true
13:04:53.155 [FXGL Background Thread 3 ] DEBUG Engine               - language: ObjectProperty [value: ENGLISH]
13:04:53.155 [FXGL Background Thread 3 ] DEBUG Engine               - menuKey: ESCAPE
13:04:53.155 [FXGL Background Thread 3 ] DEBUG Engine               - mouseSensitivity: 0.2
13:04:53.155 [FXGL Background Thread 3 ] DEBUG Engine               - notificationViewClass: class com.almasb.fxgl.notification.view.XboxNotificationView
13:04:53.155 [FXGL Background Thread 3 ] DEBUG Engine               - pixelsPerMeter: 50.0
13:04:53.156 [FXGL Background Thread 3 ] DEBUG Engine               - platform: WINDOWS
13:04:53.156 [FXGL Background Thread 3 ] DEBUG Engine               - prefHeightProperty: ReadOnlyDoubleProperty [value: 720.0]
13:04:53.156 [FXGL Background Thread 3 ] DEBUG Engine               - prefWidthProperty: ReadOnlyDoubleProperty [value: 960.0]
13:04:53.156 [FXGL Background Thread 3 ] DEBUG Engine               - profileDir: profiles/
13:04:53.156 [FXGL Background Thread 3 ] DEBUG Engine               - profileName: StringProperty [value: DEFAULT]
13:04:53.156 [FXGL Background Thread 3 ] DEBUG Engine               - randomSeed: -1
13:04:53.156 [FXGL Background Thread 3 ] DEBUG Engine               - runtimeInfo: RuntimeInfo(platform=WINDOWS, version=17.3, build=30.03.2023 11.49)
13:04:53.156 [FXGL Background Thread 3 ] DEBUG Engine               - saveFileExt: sav
13:04:53.157 [FXGL Background Thread 3 ] DEBUG Engine               - scaledHeightProp$fxgl: DoubleProperty [bound, value: 720.0]
13:04:53.157 [FXGL Background Thread 3 ] DEBUG Engine               - scaledWidthProp$fxgl: DoubleProperty [bound, value: 960.0]
13:04:53.157 [FXGL Background Thread 3 ] DEBUG Engine               - sceneFactory: view.GeneralInit$1@31958495
13:04:53.157 [FXGL Background Thread 3 ] DEBUG Engine               - secondsIn24h: 60
13:04:53.157 [FXGL Background Thread 3 ] DEBUG Engine               - soundMenuBack: menu/back.wav
13:04:53.157 [FXGL Background Thread 3 ] DEBUG Engine               - soundMenuPress: menu/press.wav
13:04:53.157 [FXGL Background Thread 3 ] DEBUG Engine               - soundMenuSelect: menu/select.wav
13:04:53.157 [FXGL Background Thread 3 ] DEBUG Engine               - soundNotification: core/notification.wav
13:04:53.157 [FXGL Background Thread 3 ] DEBUG Engine               - stageStyle: DECORATED
13:04:53.157 [FXGL Background Thread 3 ] DEBUG Engine               - supportedLanguages: [ENGLISH, FRENCH, GERMAN, HUNGARIAN, RUSSIAN]
13:04:53.157 [FXGL Background Thread 3 ] DEBUG Engine               - ticksPerSecond: -1
13:04:53.158 [FXGL Background Thread 3 ] DEBUG Engine               - title: Akanov-an225
13:04:53.158 [FXGL Background Thread 3 ] DEBUG Engine               - urlGithub: https://github.com/AlmasB/FXGL
13:04:53.158 [FXGL Background Thread 3 ] DEBUG Engine               - urlLeaderboard: http://fxgl-top.herokuapp.com/
13:04:53.158 [FXGL Background Thread 3 ] DEBUG Engine               - urlPOM: https://raw.githubusercontent.com/AlmasB/FXGL/release/README.md
13:04:53.158 [FXGL Background Thread 3 ] DEBUG Engine               - userAppClass: class view.Launch
13:04:53.158 [FXGL Background Thread 3 ] DEBUG Engine               - version: 0.2
13:04:53.158 [FXGL Background Thread 3 ] DEBUG Engine               - versionCheckDays: 7
13:04:53.158 [FXGL Background Thread 3 ] DEBUG Engine               - width: 960
13:04:53.158 [FXGL Background Thread 3 ] DEBUG Engine               - Logging services
13:04:53.158 [FXGL Background Thread 3 ] DEBUG Engine               - class com.almasb.fxgl.app.services.FXGLAssetLoaderService
13:04:53.158 [FXGL Background Thread 3 ] DEBUG Engine               - class com.almasb.fxgl.app.FXGLApplication$GameApplicationService
13:04:53.158 [FXGL Background Thread 3 ] DEBUG Engine               - class com.almasb.fxgl.app.services.FXGLDialogService
13:04:53.159 [FXGL Background Thread 3 ] DEBUG Engine               - class com.almasb.fxgl.app.services.IOTaskExecutorService
13:04:53.159 [FXGL Background Thread 3 ] DEBUG Engine               - class com.almasb.fxgl.io.FileSystemService
13:04:53.159 [FXGL Background Thread 3 ] DEBUG Engine               - class com.almasb.fxgl.localization.LocalizationService
13:04:53.159 [FXGL Background Thread 3 ] DEBUG Engine               - class com.almasb.fxgl.app.services.SystemBundleService
13:04:53.159 [FXGL Background Thread 3 ] DEBUG Engine               - class com.almasb.fxgl.profile.SaveLoadService
13:04:53.159 [FXGL Background Thread 3 ] DEBUG Engine               - class com.almasb.fxgl.ui.FXGLUIFactoryServiceProvider
13:04:53.159 [FXGL Background Thread 3 ] DEBUG Engine               - class com.almasb.fxgl.ui.FXGLDialogFactoryServiceProvider
13:04:53.159 [FXGL Background Thread 3 ] DEBUG Engine               - class com.almasb.fxgl.audio.AudioPlayer
13:04:53.159 [FXGL Background Thread 3 ] DEBUG Engine               - class com.almasb.fxgl.notification.impl.NotificationServiceProvider
13:04:53.159 [FXGL Background Thread 3 ] DEBUG Engine               - class com.almasb.fxgl.achievement.AchievementService
13:04:53.160 [FXGL Background Thread 3 ] DEBUG Engine               - class com.almasb.fxgl.cutscene.CutsceneService
13:04:53.160 [FXGL Background Thread 3 ] DEBUG Engine               - class com.almasb.fxgl.minigames.MiniGameService
13:04:53.160 [FXGL Background Thread 3 ] DEBUG Engine               - class com.almasb.fxgl.net.NetService
13:04:53.160 [FXGL Background Thread 3 ] DEBUG Engine               - class com.almasb.fxgl.app.services.UpdaterService
13:04:53.160 [FXGL Background Thread 3 ] DEBUG Engine               - class com.almasb.fxgl.dev.DevService
13:05:01.493 [JavaFX Application Thread] DEBUG PrimaryStageWindow   - Push state: DialogSubScene
13:05:01.494 [JavaFX Application Thread] DEBUG Input                - Clearing active input actions
13:05:01.495 [JavaFX Application Thread] DEBUG GameApplicationServi - Removing overlay from MainMenu and adding to DialogSubScene
13:05:01.495 [JavaFX Application Thread] DEBUG PrimaryStageWindow   - MainMenu -> DialogSubScene
13:05:04.815 [JavaFX Application Thread] DEBUG Menu                 - fireNewGame()
13:05:04.815 [JavaFX Application Thread] DEBUG GameApplicationServi - Starting new game
13:05:04.815 [JavaFX Application Thread] DEBUG PrimaryStageWindow   - Pop state: DialogSubScene
13:05:04.815 [JavaFX Application Thread] DEBUG Input                - Clearing active input actions
13:05:04.816 [JavaFX Application Thread] DEBUG GameApplicationServi - Removing overlay from DialogSubScene and adding to MainMenu
13:05:04.816 [JavaFX Application Thread] DEBUG PrimaryStageWindow   - MainMenu <- DialogSubScene
13:05:04.816 [JavaFX Application Thread] DEBUG PrimaryStageWindow   - Pop state: MainMenu
13:05:04.816 [JavaFX Application Thread] DEBUG Input                - Clearing active input actions
13:05:04.816 [JavaFX Application Thread] DEBUG GameApplicationServi - Removing overlay from MainMenu and adding to FXGLMainMenuDummyScene
13:05:04.816 [JavaFX Application Thread] DEBUG PrimaryStageWindow   - FXGLMainMenuDummyScene <- MainMenu
13:05:04.816 [JavaFX Application Thread] DEBUG Input                - Clearing active input actions
13:05:04.822 [JavaFX Application Thread] DEBUG GameApplicationServi - Removing overlay from FXGLMainMenuDummyScene and adding to FXGLLoadingScene
13:05:04.822 [JavaFX Application Thread] DEBUG PrimaryStageWindow   - FXGLMainMenuDummyScene -> FXGLLoadingScene
13:05:04.822 [JavaFX Application Thread] DEBUG GameApplicationServi - Clearing previous game
13:05:04.822 [JavaFX Application Thread] DEBUG GameScene            - Clearing game scene
13:05:04.822 [JavaFX Application Thread] DEBUG GameWorld            - Clearing game world
13:05:04.822 [JavaFX Application Thread] DEBUG PhysicsWorld         - Clearing physics world
13:05:04.824 [FXGL Background Thread 2 ] DEBUG FXGLApplication      - Initializing game
13:05:04.914 [FXGL Background Thread 2 ] WARN  Entity               - Entity already has component: com.almasb.fxgl.entity.components.BoundingBoxComponent
13:05:04.967 [FXGL Background Thread 2 ] INFO  FXGLApplication      - Game initialization took: 0.143 sec
13:05:04.968 [JavaFX Application Thread] DEBUG Input                - Clearing active input actions
13:05:04.978 [JavaFX Application Thread] DEBUG GameApplicationServi - Removing overlay from FXGLLoadingScene and adding to GameScene
13:05:04.979 [JavaFX Application Thread] DEBUG PrimaryStageWindow   - FXGLLoadingScene -> GameScene
13:05:05.637 [JavaFX Application Thread] DEBUG PrimaryStageWindow   - Push state: PauseMenu
13:05:05.663 [JavaFX Application Thread] DEBUG Input                - Clearing active input actions
13:05:05.664 [JavaFX Application Thread] DEBUG GameApplicationServi - Removing overlay from GameScene and adding to PauseMenu
13:05:05.665 [JavaFX Application Thread] DEBUG PrimaryStageWindow   - GameScene -> PauseMenu
13:05:06.768 [JavaFX Application Thread] DEBUG Menu                 - fireNewGame()
13:05:06.768 [JavaFX Application Thread] DEBUG GameApplicationServi - Starting new game
13:05:06.768 [JavaFX Application Thread] DEBUG PrimaryStageWindow   - Pop state: PauseMenu
13:05:06.768 [JavaFX Application Thread] DEBUG Input                - Clearing active input actions
13:05:06.769 [JavaFX Application Thread] DEBUG GameApplicationServi - Removing overlay from PauseMenu and adding to GameScene
13:05:06.769 [JavaFX Application Thread] DEBUG PrimaryStageWindow   - GameScene <- PauseMenu
13:05:06.769 [JavaFX Application Thread] DEBUG Input                - Clearing active input actions
13:05:06.774 [JavaFX Application Thread] DEBUG GameApplicationServi - Removing overlay from GameScene and adding to FXGLLoadingScene
13:05:06.774 [JavaFX Application Thread] DEBUG PrimaryStageWindow   - GameScene -> FXGLLoadingScene
13:05:06.775 [JavaFX Application Thread] DEBUG GameApplicationServi - Clearing previous game
13:05:06.775 [JavaFX Application Thread] DEBUG GameScene            - Clearing game scene
13:05:06.775 [JavaFX Application Thread] DEBUG GameWorld            - Clearing game world
13:05:06.782 [JavaFX Application Thread] DEBUG PhysicsWorld         - Clearing physics world
13:05:06.783 [FXGL Background Thread 2 ] DEBUG FXGLApplication      - Initializing game
13:05:06.817 [FXGL Background Thread 2 ] WARN  Entity               - Entity already has component: com.almasb.fxgl.entity.components.BoundingBoxComponent
13:05:06.849 [FXGL Background Thread 2 ] INFO  FXGLApplication      - Game initialization took: 0.065 sec
13:05:06.849 [JavaFX Application Thread] DEBUG Input                - Clearing active input actions
13:05:06.858 [JavaFX Application Thread] DEBUG GameApplicationServi - Removing overlay from FXGLLoadingScene and adding to GameScene
13:05:06.858 [JavaFX Application Thread] DEBUG PrimaryStageWindow   - FXGLLoadingScene -> GameScene
13:05:08.624 [JavaFX Application Thread] DEBUG PrimaryStageWindow   - Push state: PauseMenu
13:05:08.643 [JavaFX Application Thread] DEBUG Input                - Clearing active input actions
13:05:08.646 [JavaFX Application Thread] DEBUG GameApplicationServi - Removing overlay from GameScene and adding to PauseMenu
13:05:08.647 [JavaFX Application Thread] DEBUG PrimaryStageWindow   - GameScene -> PauseMenu
13:05:09.510 [JavaFX Application Thread] DEBUG Menu                 - fireNewGame()
13:05:09.511 [JavaFX Application Thread] DEBUG GameApplicationServi - Starting new game
13:05:09.511 [JavaFX Application Thread] DEBUG PrimaryStageWindow   - Pop state: PauseMenu
13:05:09.511 [JavaFX Application Thread] DEBUG Input                - Clearing active input actions
13:05:09.512 [JavaFX Application Thread] DEBUG GameApplicationServi - Removing overlay from PauseMenu and adding to GameScene
13:05:09.513 [JavaFX Application Thread] DEBUG PrimaryStageWindow   - GameScene <- PauseMenu
13:05:09.513 [JavaFX Application Thread] DEBUG Input                - Clearing active input actions
13:05:09.521 [JavaFX Application Thread] DEBUG GameApplicationServi - Removing overlay from GameScene and adding to FXGLLoadingScene
13:05:09.522 [JavaFX Application Thread] DEBUG PrimaryStageWindow   - GameScene -> FXGLLoadingScene
13:05:09.522 [JavaFX Application Thread] DEBUG GameApplicationServi - Clearing previous game
13:05:09.522 [JavaFX Application Thread] DEBUG GameScene            - Clearing game scene
13:05:09.522 [JavaFX Application Thread] DEBUG GameWorld            - Clearing game world
13:05:09.527 [JavaFX Application Thread] DEBUG PhysicsWorld         - Clearing physics world
13:05:09.528 [FXGL Background Thread 2 ] DEBUG FXGLApplication      - Initializing game
13:05:09.588 [FXGL Background Thread 2 ] WARN  Entity               - Entity already has component: com.almasb.fxgl.entity.components.BoundingBoxComponent
13:05:09.624 [FXGL Background Thread 2 ] INFO  FXGLApplication      - Game initialization took: 0.096 sec
13:05:09.625 [JavaFX Application Thread] DEBUG Input                - Clearing active input actions
13:05:09.635 [JavaFX Application Thread] DEBUG GameApplicationServi - Removing overlay from FXGLLoadingScene and adding to GameScene
13:05:09.635 [JavaFX Application Thread] DEBUG PrimaryStageWindow   - FXGLLoadingScene -> GameScene
13:05:10.454 [JavaFX Application Thread] DEBUG PrimaryStageWindow   - Push state: PauseMenu
13:05:10.464 [JavaFX Application Thread] DEBUG Input                - Clearing active input actions
13:05:10.465 [JavaFX Application Thread] DEBUG GameApplicationServi - Removing overlay from GameScene and adding to PauseMenu
13:05:10.465 [JavaFX Application Thread] DEBUG PrimaryStageWindow   - GameScene -> PauseMenu
13:05:11.601 [JavaFX Application Thread] DEBUG Menu                 - fireExitToMainMenu()
13:05:11.609 [JavaFX Application Thread] DEBUG PrimaryStageWindow   - Push state: DialogSubScene
13:05:11.609 [JavaFX Application Thread] DEBUG Input                - Clearing active input actions
13:05:11.611 [JavaFX Application Thread] DEBUG GameApplicationServi - Removing overlay from PauseMenu and adding to DialogSubScene
13:05:11.612 [JavaFX Application Thread] DEBUG PrimaryStageWindow   - PauseMenu -> DialogSubScene
13:05:12.173 [JavaFX Application Thread] DEBUG PrimaryStageWindow   - Pop state: DialogSubScene
13:05:12.174 [JavaFX Application Thread] DEBUG Input                - Clearing active input actions
13:05:12.174 [JavaFX Application Thread] DEBUG GameApplicationServi - Removing overlay from DialogSubScene and adding to PauseMenu
13:05:12.174 [JavaFX Application Thread] DEBUG PrimaryStageWindow   - PauseMenu <- DialogSubScene
13:05:12.174 [JavaFX Application Thread] DEBUG PrimaryStageWindow   - Pop state: PauseMenu
13:05:12.174 [JavaFX Application Thread] DEBUG Input                - Clearing active input actions
13:05:12.174 [JavaFX Application Thread] DEBUG GameApplicationServi - Removing overlay from PauseMenu and adding to GameScene
13:05:12.174 [JavaFX Application Thread] DEBUG PrimaryStageWindow   - GameScene <- PauseMenu
13:05:12.174 [JavaFX Application Thread] DEBUG Input                - Clearing active input actions
13:05:12.180 [JavaFX Application Thread] DEBUG GameApplicationServi - Removing overlay from GameScene and adding to FXGLMainMenuDummyScene
13:05:12.180 [JavaFX Application Thread] DEBUG PrimaryStageWindow   - GameScene -> FXGLMainMenuDummyScene
13:05:12.180 [JavaFX Application Thread] DEBUG PrimaryStageWindow   - Push state: MainMenu
13:05:12.181 [JavaFX Application Thread] DEBUG Input                - Clearing active input actions
13:05:12.181 [JavaFX Application Thread] DEBUG GameApplicationServi - Removing overlay from FXGLMainMenuDummyScene and adding to MainMenu
13:05:12.181 [JavaFX Application Thread] DEBUG PrimaryStageWindow   - FXGLMainMenuDummyScene -> MainMenu
13:07:21.422 [JavaFX Application Thread] DEBUG FXGLApplication      - Exiting FXGL
13:07:21.422 [JavaFX Application Thread] DEBUG LoopRunner           - Stopping loop
13:07:21.422 [JavaFX Application Thread] DEBUG SystemBundleService  - Saving FXGL system data
13:07:21.424 [JavaFX Application Thread] DEBUG FileSystemAccess     - Writing to: C:\akk\akanov-an225\system\fxgl.bundle
13:07:21.426 [JavaFX Application Thread] DEBUG Async                - Shutting down background threads
13:07:21.426 [JavaFX Application Thread] DEBUG PrimaryStageWindow   - Closing main window
13:07:21.454 [JavaFX Application Thread] DEBUG Logger               - Closing Logger
