20:21:08.368 [main                     ] DEBUG Logger               - Configured Logger
20:21:08.376 [main                     ] DEBUG GameApplication      - Logging settings
Title: Akanov-an225
Version: 0.2
Width: 960
Height: 720
Fullscreen: false
Intro: false
Profiling: false
Single step:false
App Mode: DEVELOPER
Menu Key: ESCAPE
Stage Style: DECORATED
Scene Factory: class view.GeneralInit$1

20:21:08.812 [JavaFX Application Thread] DEBUG FXGLApplication      - Initializing FXGL
20:21:08.815 [JavaFX Application Thread] INFO  Engine               - FXGL-17.3 (30.03.2023 11.49) on WINDOWS (J:24.0.2 FX:21.0.6)
20:21:08.815 [JavaFX Application Thread] DEBUG Engine               - JRE Vendor Name: Oracle Corporation
20:21:08.815 [JavaFX Application Thread] DEBUG Engine               - Running on OS: Windows 11 version 10.0
20:21:08.815 [JavaFX Application Thread] DEBUG Engine               - Architecture: amd64
20:21:08.815 [JavaFX Application Thread] INFO  Engine               - Source code and latest versions at: https://github.com/AlmasB/FXGL
20:21:08.815 [JavaFX Application Thread] INFO  Engine               -       Ask questions and discuss at: https://github.com/AlmasB/FXGL/discussions
20:21:08.816 [JavaFX Application Thread] INFO  Engine               -              Join the FXGL chat at: https://gitter.im/AlmasB/FXGL
20:21:08.924 [JavaFX Application Thread] DEBUG PrimaryStageWindow   - Creating a JavaFX scene
20:21:08.991 [JavaFX Application Thread] DEBUG PrimaryStageWindow   - Target settings size: 960.0 x 720.0
20:21:08.991 [JavaFX Application Thread] DEBUG PrimaryStageWindow   - Scaled scene size:    960.0 x 720.0
20:21:08.992 [JavaFX Application Thread] DEBUG PrimaryStageWindow   - Scaled ratio: (1.0, 1.0)
20:21:08.993 [JavaFX Application Thread] DEBUG PrimaryStageWindow   - Set initial scene to FXGLStartupScene
20:21:08.996 [JavaFX Application Thread] DEBUG PrimaryStageWindow   - Opening main window
20:21:09.123 [JavaFX Application Thread] DEBUG PrimaryStageWindow   - Window border size: (14.4000244140625, 37.5999755859375)
20:21:09.124 [JavaFX Application Thread] DEBUG PrimaryStageWindow   - Scaled size: 960.0 x 720.0
20:21:09.124 [JavaFX Application Thread] DEBUG PrimaryStageWindow   - Scaled ratio: (1.0, 1.0)
20:21:09.124 [JavaFX Application Thread] DEBUG PrimaryStageWindow   - Scene size: 960.0 x 720.0
20:21:09.124 [JavaFX Application Thread] DEBUG PrimaryStageWindow   - Stage size: 974.4000244140625 x 757.5999755859375
20:21:09.135 [FXGL Background Thread 1 ] DEBUG Engine               - Initializing environment variables
20:21:09.238 [FXGL Background Thread 1 ] DEBUG FXGLAssetLoaderServi - User app class for loading assets: class view.Launch
20:21:09.238 [FXGL Background Thread 1 ] DEBUG GameApplicationServi - Applying CSS: fxgl_dark.css
20:21:09.239 [FXGL Background Thread 1 ] DEBUG FXGLAssetLoaderServi - Loading from file system: jar:file:///C:/Users/nguye/.m2/repository/com/github/almasb/fxgl/17.3/fxgl-17.3.jar!/fxglassets/ui/css/fxgl_dark.css
20:21:09.301 [FXGL Background Thread 1 ] DEBUG GameApplicationServi - Initializing application scenes
20:21:09.349 [FXGL Background Thread 1 ] DEBUG GameWorld            - Game world initialized
20:21:09.437 [FXGL Background Thread 1 ] DEBUG PhysicsWorld         - Physics world initialized: appHeight=720, physics.ppm=50.0
20:21:09.437 [FXGL Background Thread 1 ] DEBUG PhysicsWorld         - Using strategy: BRUTE_FORCE
20:21:09.441 [FXGL Background Thread 1 ] DEBUG GameScene            - Game scene initialized: 960x720
20:21:09.670 [FXGL Background Thread 1 ] DEBUG GameApplicationServi - Application scenes initialized
20:21:09.682 [FXGL Background Thread 1 ] DEBUG SystemBundleService  - Loading FXGL system data
20:21:09.686 [FXGL Background Thread 1 ] DEBUG FileSystemAccess     - Reading from: C:\akk\akanov-an225\system\fxgl.bundle
20:21:09.694 [FXGL Background Thread 1 ] DEBUG SystemBundleService  - Bundle FXGL: {}
20:21:09.695 [FXGL Background Thread 1 ] DEBUG UpdaterService       - Checking for updates
20:21:09.700 [FXGL Background Thread 4 ] DEBUG FXGLApplication      - Loading fonts
20:21:09.700 [FXGL Background Thread 4 ] DEBUG FXGLAssetLoaderServi - Loading from file system: jar:file:///C:/Users/nguye/.m2/repository/com/github/almasb/fxgl/17.3/fxgl-17.3.jar!/fxglassets/ui/fonts/VarelaRound-Regular.ttf
20:21:09.701 [FXGL Background Thread 1 ] DEBUG FXGLApplication      - Loading default localization
20:21:09.701 [FXGL Background Thread 1 ] DEBUG FXGLAssetLoaderServi - Loading from file system: jar:file:///C:/Users/nguye/.m2/repository/com/github/almasb/fxgl/17.3/fxgl-17.3.jar!/fxglassets/languages/english.lang
20:21:09.729 [FXGL Background Thread 1 ] INFO  FXGLApplication      - FXGL initialization took: 0.593 sec
20:21:09.746 [JavaFX Application Thread] DEBUG Input                - Registered new binding: action0 - Right
20:21:09.746 [JavaFX Application Thread] DEBUG Input                - Registered new binding: action1 - Left
20:21:09.747 [JavaFX Application Thread] DEBUG Input                - Registered new binding: action2 - D
20:21:09.748 [JavaFX Application Thread] DEBUG Input                - Registered new binding: action3 - R
20:21:09.749 [JavaFX Application Thread] DEBUG FXGLAssetLoaderServi - Loading from file system: jar:file:///C:/Users/nguye/.m2/repository/com/github/almasb/fxgl/17.3/fxgl-17.3.jar!/fxglassets/textures/fxgl_icon.png
20:21:09.750 [FXGL Background Thread 4 ] DEBUG FXGLAssetLoaderServi - Loading from file system: jar:file:///C:/Users/nguye/.m2/repository/com/github/almasb/fxgl/17.3/fxgl-17.3.jar!/fxglassets/ui/fonts/Abel-Regular.ttf
20:21:09.754 [FXGL Background Thread 4 ] DEBUG FXGLAssetLoaderServi - Loading from file system: jar:file:///C:/Users/nguye/.m2/repository/com/github/almasb/fxgl/17.3/fxgl-17.3.jar!/fxglassets/ui/fonts/TerminalLandMono-Regular.otf
20:21:09.759 [FXGL Background Thread 4 ] DEBUG FXGLAssetLoaderServi - Loading from file system: jar:file:///C:/Users/nguye/.m2/repository/com/github/almasb/fxgl/17.3/fxgl-17.3.jar!/fxglassets/ui/fonts/Courier-Prime.ttf
20:21:09.775 [JavaFX Application Thread] DEBUG FXGLAssetLoaderServi - Loading from file system: jar:file:///C:/Users/nguye/.m2/repository/com/github/almasb/fxgl/17.3/fxgl-17.3.jar!/fxglassets/textures/fxgl_default_cursor.png
20:21:09.777 [JavaFX Application Thread] DEBUG Input                - Registered new binding: Screenshot - CTRL+8
20:21:09.777 [JavaFX Application Thread] DEBUG Input                - Registered new binding: System info dump - CTRL+9
20:21:09.778 [JavaFX Application Thread] DEBUG Input                - Registered new binding: Restart - CTRL+R
20:21:09.778 [JavaFX Application Thread] DEBUG Input                - Registered new binding: Toggle Debug Camera - CTRL+7
20:21:09.782 [JavaFX Application Thread] DEBUG LoopRunner           - Starting loop
20:21:09.782 [JavaFX Application Thread] DEBUG LoopRunner           - Initializing JavaFX AnimationTimerLoop
20:21:09.785 [JavaFX Application Thread] DEBUG Input                - Clearing active input actions
20:21:09.794 [JavaFX Application Thread] DEBUG GameApplicationServi - Removing overlay from FXGLStartupScene and adding to FXGLMainMenuDummyScene
20:21:09.794 [JavaFX Application Thread] DEBUG PrimaryStageWindow   - FXGLStartupScene -> FXGLMainMenuDummyScene
20:21:09.795 [JavaFX Application Thread] DEBUG PrimaryStageWindow   - Push state: MainMenu
20:21:09.795 [JavaFX Application Thread] DEBUG Input                - Clearing active input actions
20:21:09.805 [JavaFX Application Thread] DEBUG GameApplicationServi - Removing overlay from FXGLMainMenuDummyScene and adding to MainMenu
20:21:09.805 [JavaFX Application Thread] DEBUG PrimaryStageWindow   - FXGLMainMenuDummyScene -> MainMenu
20:21:09.806 [JavaFX Application Thread] DEBUG FXGLApplication      - Registering font factories with UI factory
20:21:10.377 [JavaFX Application Thread] DEBUG FXGLApplication      - Exiting FXGL
20:21:10.377 [JavaFX Application Thread] DEBUG LoopRunner           - Stopping loop
20:21:10.377 [JavaFX Application Thread] DEBUG SystemBundleService  - Saving FXGL system data
20:21:10.393 [JavaFX Application Thread] DEBUG FileSystemAccess     - Writing to: C:\akk\akanov-an225\system\fxgl.bundle
20:21:10.396 [JavaFX Application Thread] DEBUG Async                - Shutting down background threads
20:21:10.396 [JavaFX Application Thread] DEBUG PrimaryStageWindow   - Closing main window
20:21:10.416 [JavaFX Application Thread] DEBUG Logger               - Closing Logger
