15:39:45.919 [main                     ] DEBUG Logger               - Configured Logger
15:39:45.927 [main                     ] DEBUG GameApplication      - Logging settings
Title: Akanov-an225
Version: 0.2
Width: 960
Height: 720
Fullscreen: false
Intro: false
Profiling: false
Single step:false
App Mode: DEVELOPER
Menu Key: ESCAPE
Stage Style: DECORATED
Scene Factory: class com.almasb.fxgl.app.scene.SceneFactory

15:39:46.350 [JavaFX Application Thread] DEBUG FXGLApplication      - Initializing FXGL
15:39:46.352 [JavaFX Application Thread] INFO  Engine               - FXGL-17.3 (30.03.2023 11.49) on MAC (J:24.0.2 FX:21.0.6)
15:39:46.353 [JavaFX Application Thread] DEBUG Engine               - JRE Vendor Name: Amazon.com Inc.
15:39:46.353 [JavaFX Application Thread] DEBUG Engine               - Running on OS: Mac OS X version 14.8.1
15:39:46.353 [JavaFX Application Thread] DEBUG Engine               - Architecture: aarch64
15:39:46.353 [JavaFX Application Thread] INFO  Engine               - Source code and latest versions at: https://github.com/AlmasB/FXGL
15:39:46.353 [JavaFX Application Thread] INFO  Engine               -       Ask questions and discuss at: https://github.com/AlmasB/FXGL/discussions
15:39:46.353 [JavaFX Application Thread] INFO  Engine               -              Join the FXGL chat at: https://gitter.im/AlmasB/FXGL
15:39:46.425 [JavaFX Application Thread] DEBUG PrimaryStageWindow   - Creating a JavaFX scene
15:39:46.476 [JavaFX Application Thread] DEBUG PrimaryStageWindow   - Target settings size: 960.0 x 720.0
15:39:46.476 [JavaFX Application Thread] DEBUG PrimaryStageWindow   - Scaled scene size:    960.0 x 720.0
15:39:46.476 [JavaFX Application Thread] DEBUG PrimaryStageWindow   - Scaled ratio: (1.0, 1.0)
15:39:46.477 [JavaFX Application Thread] DEBUG PrimaryStageWindow   - Set initial scene to FXGLStartupScene
15:39:46.479 [JavaFX Application Thread] DEBUG PrimaryStageWindow   - Opening main window
15:39:46.568 [JavaFX Application Thread] DEBUG PrimaryStageWindow   - Window border size: (0.0, 28.0)
15:39:46.568 [JavaFX Application Thread] DEBUG PrimaryStageWindow   - Scaled size: 960.0 x 720.0
15:39:46.568 [JavaFX Application Thread] DEBUG PrimaryStageWindow   - Scaled ratio: (1.0, 1.0)
15:39:46.569 [JavaFX Application Thread] DEBUG PrimaryStageWindow   - Scene size: 960.0 x 720.0
15:39:46.569 [JavaFX Application Thread] DEBUG PrimaryStageWindow   - Stage size: 960.0 x 748.0
15:39:46.583 [FXGL Background Thread 1 ] DEBUG Engine               - Initializing environment variables
15:39:46.679 [FXGL Background Thread 1 ] DEBUG FXGLAssetLoaderServi - User app class for loading assets: class view.Launch
15:39:46.679 [FXGL Background Thread 1 ] DEBUG GameApplicationServi - Applying CSS: fxgl_dark.css
15:39:46.680 [FXGL Background Thread 1 ] DEBUG FXGLAssetLoaderServi - Loading from file system: jar:file:///Users/huyle/.m2/repository/com/github/almasb/fxgl/17.3/fxgl-17.3.jar!/fxglassets/ui/css/fxgl_dark.css
15:39:46.713 [FXGL Background Thread 1 ] DEBUG GameApplicationServi - Initializing application scenes
15:39:46.807 [FXGL Background Thread 1 ] DEBUG GameWorld            - Game world initialized
15:39:46.854 [FXGL Background Thread 1 ] DEBUG PhysicsWorld         - Physics world initialized: appHeight=720, physics.ppm=50.0
15:39:46.854 [FXGL Background Thread 1 ] DEBUG PhysicsWorld         - Using strategy: BRUTE_FORCE
15:39:46.857 [FXGL Background Thread 1 ] DEBUG GameScene            - Game scene initialized: 960x720
15:39:46.866 [FXGL Background Thread 1 ] DEBUG FXGL.DefaultMenu     - createMenuBodyGameMenu()
15:39:46.879 [FXGL Background Thread 1 ] DEBUG FXGL.DefaultMenu     - createOptionsMenu()
15:39:46.889 [FXGL Background Thread 1 ] DEBUG FXGLAssetLoaderServi - Loading from file system: jar:file:///Users/huyle/.m2/repository/com/github/almasb/fxgl/17.3/fxgl-17.3.jar!/fxglassets/textures/particles/smoke.png
15:39:46.974 [FXGL Background Thread 1 ] DEBUG FXGLAssetLoaderServi - Loading from file system: jar:file:///Users/huyle/.m2/repository/com/github/almasb/fxgl/17.3/fxgl-17.3.jar!/fxglassets/textures/particles/trace_horizontal.png
15:39:47.005 [FXGL Background Thread 1 ] DEBUG GameApplicationServi - Application scenes initialized
15:39:47.015 [FXGL Background Thread 1 ] DEBUG SystemBundleService  - Loading FXGL system data
15:39:47.020 [FXGL Background Thread 1 ] DEBUG FileSystemAccess     - Reading from: /Users/huyle/Documents/UET/year2/ki1/OOP/BTL/demo1/system/fxgl.bundle
15:39:47.027 [FXGL Background Thread 1 ] DEBUG SystemBundleService  - Bundle FXGL: {}
15:39:47.027 [FXGL Background Thread 1 ] DEBUG UpdaterService       - Checking for updates
15:39:47.032 [FXGL Background Thread 4 ] DEBUG FXGLApplication      - Loading fonts
15:39:47.032 [FXGL Background Thread 4 ] DEBUG FXGLAssetLoaderServi - Loading from file system: jar:file:///Users/huyle/.m2/repository/com/github/almasb/fxgl/17.3/fxgl-17.3.jar!/fxglassets/ui/fonts/VarelaRound-Regular.ttf
15:39:47.033 [FXGL Background Thread 1 ] DEBUG FXGLApplication      - Loading default localization
15:39:47.034 [FXGL Background Thread 1 ] DEBUG FXGLAssetLoaderServi - Loading from file system: jar:file:///Users/huyle/.m2/repository/com/github/almasb/fxgl/17.3/fxgl-17.3.jar!/fxglassets/languages/english.lang
15:39:47.051 [FXGL Background Thread 1 ] INFO  FXGLApplication      - FXGL initialization took: 0.468 sec
15:39:47.052 [FXGL Background Thread 4 ] DEBUG FXGLAssetLoaderServi - Loading from file system: jar:file:///Users/huyle/.m2/repository/com/github/almasb/fxgl/17.3/fxgl-17.3.jar!/fxglassets/ui/fonts/Abel-Regular.ttf
15:39:47.055 [FXGL Background Thread 4 ] DEBUG FXGLAssetLoaderServi - Loading from file system: jar:file:///Users/huyle/.m2/repository/com/github/almasb/fxgl/17.3/fxgl-17.3.jar!/fxglassets/ui/fonts/TerminalLandMono-Regular.otf
15:39:47.059 [FXGL Background Thread 4 ] DEBUG FXGLAssetLoaderServi - Loading from file system: jar:file:///Users/huyle/.m2/repository/com/github/almasb/fxgl/17.3/fxgl-17.3.jar!/fxglassets/ui/fonts/Courier-Prime.ttf
15:39:47.061 [JavaFX Application Thread] DEBUG Input                - Registered new binding: action0 - Right
15:39:47.061 [JavaFX Application Thread] DEBUG Input                - Registered new binding: action1 - Left
15:39:47.061 [JavaFX Application Thread] DEBUG FXGLAssetLoaderServi - Loading from file system: jar:file:///Users/huyle/.m2/repository/com/github/almasb/fxgl/17.3/fxgl-17.3.jar!/fxglassets/textures/fxgl_icon.png
15:39:47.099 [JavaFX Application Thread] DEBUG FXGLAssetLoaderServi - Loading from file system: jar:file:///Users/huyle/.m2/repository/com/github/almasb/fxgl/17.3/fxgl-17.3.jar!/fxglassets/textures/fxgl_default_cursor.png
15:39:47.102 [JavaFX Application Thread] DEBUG Input                - Registered new binding: Screenshot - CTRL+8
15:39:47.102 [JavaFX Application Thread] DEBUG Input                - Registered new binding: System info dump - CTRL+9
15:39:47.103 [JavaFX Application Thread] DEBUG Input                - Registered new binding: Restart - CTRL+R
15:39:47.103 [JavaFX Application Thread] DEBUG Input                - Registered new binding: Toggle Debug Camera - CTRL+7
15:39:47.106 [JavaFX Application Thread] DEBUG LoopRunner           - Starting loop
15:39:47.106 [JavaFX Application Thread] DEBUG LoopRunner           - Initializing JavaFX AnimationTimerLoop
15:39:47.107 [JavaFX Application Thread] DEBUG GameApplicationServi - Starting new game
15:39:47.107 [JavaFX Application Thread] DEBUG Input                - Clearing active input actions
15:39:47.118 [JavaFX Application Thread] DEBUG GameApplicationServi - Removing overlay from FXGLStartupScene and adding to FXGLLoadingScene
15:39:47.118 [JavaFX Application Thread] DEBUG PrimaryStageWindow   - FXGLStartupScene -> FXGLLoadingScene
15:39:47.118 [JavaFX Application Thread] DEBUG GameApplicationServi - Clearing previous game
15:39:47.119 [JavaFX Application Thread] DEBUG GameScene            - Clearing game scene
15:39:47.119 [JavaFX Application Thread] DEBUG GameWorld            - Clearing game world
15:39:47.119 [JavaFX Application Thread] DEBUG PhysicsWorld         - Clearing physics world
15:39:47.120 [FXGL Background Thread 4 ] DEBUG FXGLApplication      - Initializing game
15:39:47.124 [FXGL Background Thread 4 ] WARN  Entity               - Entity already has component: com.almasb.fxgl.entity.components.BoundingBoxComponent
15:39:47.150 [JavaFX Application Thread] DEBUG FXGLApplication      - Registering font factories with UI factory
15:39:47.162 [FXGL Background Thread 4 ] INFO  FXGLApplication      - Game initialization took: 0.041 sec
15:39:47.190 [JavaFX Application Thread] DEBUG Input                - Clearing active input actions
15:39:47.197 [JavaFX Application Thread] DEBUG GameApplicationServi - Removing overlay from FXGLLoadingScene and adding to GameScene
15:39:47.197 [JavaFX Application Thread] DEBUG PrimaryStageWindow   - FXGLLoadingScene -> GameScene
15:39:47.906 [FXGL Background Thread 2 ] INFO  UpdaterService       - Your current version:  17.3
15:39:47.906 [FXGL Background Thread 2 ] INFO  UpdaterService       - Latest stable version: 21.1
15:39:50.035 [FXGL Background Thread 3 ] DEBUG Engine               - Logging environment variables
15:39:50.036 [FXGL Background Thread 3 ] DEBUG Engine               - achievements: []
15:39:50.037 [FXGL Background Thread 3 ] DEBUG Engine               - actualHeight: 720.0
15:39:50.037 [FXGL Background Thread 3 ] DEBUG Engine               - actualHeightProperty: ReadOnlyDoubleProperty [value: 720.0]
15:39:50.037 [FXGL Background Thread 3 ] DEBUG Engine               - actualWidth: 960.0
15:39:50.038 [FXGL Background Thread 3 ] DEBUG Engine               - actualWidthProperty: ReadOnlyDoubleProperty [value: 960.0]
15:39:50.038 [FXGL Background Thread 3 ] DEBUG Engine               - appIcon: fxgl_icon.png
15:39:50.038 [FXGL Background Thread 3 ] DEBUG Engine               - applicationMode: DEVELOPER
15:39:50.038 [FXGL Background Thread 3 ] DEBUG Engine               - cSSList: [fxgl_dark.css]
15:39:50.038 [FXGL Background Thread 3 ] DEBUG Engine               - collisionDetectionStrategy: BRUTE_FORCE
15:39:50.038 [FXGL Background Thread 3 ] DEBUG Engine               - configClass: Optional.empty
15:39:50.038 [FXGL Background Thread 3 ] DEBUG Engine               - credits: []
15:39:50.039 [FXGL Background Thread 3 ] DEBUG Engine               - defaultCursor: CursorInfo(imageName=fxgl_default_cursor.png, hotspotX=7.0, hotspotY=6.0)
15:39:50.039 [FXGL Background Thread 3 ] DEBUG Engine               - devBBoxColorProperty: ObjectProperty [value: 0xff0000ff]
15:39:50.039 [FXGL Background Thread 3 ] DEBUG Engine               - devEnableDebugCameraProperty: BooleanProperty [value: false]
15:39:50.039 [FXGL Background Thread 3 ] DEBUG Engine               - devSensorColorProperty: ObjectProperty [value: 0xffff00ff]
15:39:50.039 [FXGL Background Thread 3 ] DEBUG Engine               - devShowBBoxProperty: BooleanProperty [value: false]
15:39:50.039 [FXGL Background Thread 3 ] DEBUG Engine               - devShowPositionProperty: BooleanProperty [value: false]
15:39:50.039 [FXGL Background Thread 3 ] DEBUG Engine               - enabledMenuItems: []
15:39:50.040 [FXGL Background Thread 3 ] DEBUG Engine               - engineServices: [class com.almasb.fxgl.app.services.FXGLAssetLoaderService, class com.almasb.fxgl.app.FXGLApplication$GameApplicationService, class com.almasb.fxgl.app.services.FXGLDialogService, class com.almasb.fxgl.app.services.IOTaskExecutorService, class com.almasb.fxgl.io.FileSystemService, class com.almasb.fxgl.localization.LocalizationService, class com.almasb.fxgl.app.services.SystemBundleService, class com.almasb.fxgl.profile.SaveLoadService, class com.almasb.fxgl.ui.FXGLUIFactoryServiceProvider, class com.almasb.fxgl.ui.FXGLDialogFactoryServiceProvider, class com.almasb.fxgl.audio.AudioPlayer, class com.almasb.fxgl.notification.impl.NotificationServiceProvider, class com.almasb.fxgl.achievement.AchievementService, class com.almasb.fxgl.cutscene.CutsceneService, class com.almasb.fxgl.minigames.MiniGameService, class com.almasb.fxgl.net.NetService, class com.almasb.fxgl.app.services.UpdaterService, class com.almasb.fxgl.dev.DevService]
15:39:50.040 [FXGL Background Thread 3 ] DEBUG Engine               - fontGame: Abel-Regular.ttf
15:39:50.040 [FXGL Background Thread 3 ] DEBUG Engine               - fontMono: TerminalLandMono-Regular.otf
15:39:50.040 [FXGL Background Thread 3 ] DEBUG Engine               - fontSizeScaleUI: 1.0
15:39:50.040 [FXGL Background Thread 3 ] DEBUG Engine               - fontText: Courier-Prime.ttf
15:39:50.040 [FXGL Background Thread 3 ] DEBUG Engine               - fontUI: VarelaRound-Regular.ttf
15:39:50.040 [FXGL Background Thread 3 ] DEBUG Engine               - fullScreen: BooleanProperty [value: false]
15:39:50.040 [FXGL Background Thread 3 ] DEBUG Engine               - gameDifficulty: MEDIUM
15:39:50.040 [FXGL Background Thread 3 ] DEBUG Engine               - gameDifficultyProperty: ObjectProperty [value: MEDIUM]
15:39:50.040 [FXGL Background Thread 3 ] DEBUG Engine               - globalMusicVolume: 0.5
15:39:50.040 [FXGL Background Thread 3 ] DEBUG Engine               - globalMusicVolumeProperty: DoubleProperty [value: 0.5]
15:39:50.040 [FXGL Background Thread 3 ] DEBUG Engine               - globalSoundVolume: 0.5
15:39:50.040 [FXGL Background Thread 3 ] DEBUG Engine               - globalSoundVolumeProperty: DoubleProperty [value: 0.5]
15:39:50.041 [FXGL Background Thread 3 ] DEBUG Engine               - height: 720
15:39:50.041 [FXGL Background Thread 3 ] DEBUG Engine               - is3D: false
15:39:50.041 [FXGL Background Thread 3 ] DEBUG Engine               - isAndroid: false
15:39:50.041 [FXGL Background Thread 3 ] DEBUG Engine               - isBrowser: false
15:39:50.041 [FXGL Background Thread 3 ] DEBUG Engine               - isClickFeedbackEnabled: false
15:39:50.041 [FXGL Background Thread 3 ] DEBUG Engine               - isCloseConfirmation: false
15:39:50.041 [FXGL Background Thread 3 ] DEBUG Engine               - isDesktop: true
15:39:50.041 [FXGL Background Thread 3 ] DEBUG Engine               - isDeveloperMenuEnabled: false
15:39:50.041 [FXGL Background Thread 3 ] DEBUG Engine               - isEmbedded: false
15:39:50.041 [FXGL Background Thread 3 ] DEBUG Engine               - isEntityPreloadEnabled: true
15:39:50.041 [FXGL Background Thread 3 ] DEBUG Engine               - isExperimentalTiledLargeMap: false
15:39:50.041 [FXGL Background Thread 3 ] DEBUG Engine               - isFileSystemWriteAllowed: true
15:39:50.041 [FXGL Background Thread 3 ] DEBUG Engine               - isFullScreenAllowed: false
15:39:50.042 [FXGL Background Thread 3 ] DEBUG Engine               - isFullScreenFromStart: false
15:39:50.042 [FXGL Background Thread 3 ] DEBUG Engine               - isGameMenuEnabled: true
15:39:50.042 [FXGL Background Thread 3 ] DEBUG Engine               - isIOS: false
15:39:50.042 [FXGL Background Thread 3 ] DEBUG Engine               - isIntroEnabled: false
15:39:50.042 [FXGL Background Thread 3 ] DEBUG Engine               - isLinux: false
15:39:50.042 [FXGL Background Thread 3 ] DEBUG Engine               - isMac: true
15:39:50.042 [FXGL Background Thread 3 ] DEBUG Engine               - isMainMenuEnabled: false
15:39:50.042 [FXGL Background Thread 3 ] DEBUG Engine               - isManualResizeEnabled: false
15:39:50.042 [FXGL Background Thread 3 ] DEBUG Engine               - isMobile: false
15:39:50.042 [FXGL Background Thread 3 ] DEBUG Engine               - isNative: false
15:39:50.042 [FXGL Background Thread 3 ] DEBUG Engine               - isPauseMusicWhenMinimized: true
15:39:50.042 [FXGL Background Thread 3 ] DEBUG Engine               - isPreserveResizeRatio: false
15:39:50.042 [FXGL Background Thread 3 ] DEBUG Engine               - isProfilingEnabled: false
15:39:50.043 [FXGL Background Thread 3 ] DEBUG Engine               - isScaleAffectedOnResize: true
15:39:50.043 [FXGL Background Thread 3 ] DEBUG Engine               - isSingleStep: false
15:39:50.043 [FXGL Background Thread 3 ] DEBUG Engine               - isUserProfileEnabled: false
15:39:50.043 [FXGL Background Thread 3 ] DEBUG Engine               - isWindows: false
15:39:50.043 [FXGL Background Thread 3 ] DEBUG Engine               - language: ObjectProperty [value: ENGLISH]
15:39:50.043 [FXGL Background Thread 3 ] DEBUG Engine               - menuKey: ESCAPE
15:39:50.043 [FXGL Background Thread 3 ] DEBUG Engine               - mouseSensitivity: 0.2
15:39:50.043 [FXGL Background Thread 3 ] DEBUG Engine               - notificationViewClass: class com.almasb.fxgl.notification.view.XboxNotificationView
15:39:50.043 [FXGL Background Thread 3 ] DEBUG Engine               - pixelsPerMeter: 50.0
15:39:50.043 [FXGL Background Thread 3 ] DEBUG Engine               - platform: MAC
15:39:50.043 [FXGL Background Thread 3 ] DEBUG Engine               - prefHeightProperty: ReadOnlyDoubleProperty [value: 720.0]
15:39:50.043 [FXGL Background Thread 3 ] DEBUG Engine               - prefWidthProperty: ReadOnlyDoubleProperty [value: 960.0]
15:39:50.043 [FXGL Background Thread 3 ] DEBUG Engine               - profileDir: profiles/
15:39:50.043 [FXGL Background Thread 3 ] DEBUG Engine               - profileName: StringProperty [value: DEFAULT]
15:39:50.043 [FXGL Background Thread 3 ] DEBUG Engine               - randomSeed: -1
15:39:50.044 [FXGL Background Thread 3 ] DEBUG Engine               - runtimeInfo: RuntimeInfo(platform=MAC, version=17.3, build=30.03.2023 11.49)
15:39:50.044 [FXGL Background Thread 3 ] DEBUG Engine               - saveFileExt: sav
15:39:50.044 [FXGL Background Thread 3 ] DEBUG Engine               - scaledHeightProp$fxgl: DoubleProperty [bound, value: 720.0]
15:39:50.044 [FXGL Background Thread 3 ] DEBUG Engine               - scaledWidthProp$fxgl: DoubleProperty [bound, value: 960.0]
15:39:50.044 [FXGL Background Thread 3 ] DEBUG Engine               - sceneFactory: com.almasb.fxgl.app.scene.SceneFactory@2964803c
15:39:50.044 [FXGL Background Thread 3 ] DEBUG Engine               - secondsIn24h: 60
15:39:50.044 [FXGL Background Thread 3 ] DEBUG Engine               - soundMenuBack: menu/back.wav
15:39:50.044 [FXGL Background Thread 3 ] DEBUG Engine               - soundMenuPress: menu/press.wav
15:39:50.044 [FXGL Background Thread 3 ] DEBUG Engine               - soundMenuSelect: menu/select.wav
15:39:50.044 [FXGL Background Thread 3 ] DEBUG Engine               - soundNotification: core/notification.wav
15:39:50.044 [FXGL Background Thread 3 ] DEBUG Engine               - stageStyle: DECORATED
15:39:50.044 [FXGL Background Thread 3 ] DEBUG Engine               - supportedLanguages: [ENGLISH, FRENCH, GERMAN, HUNGARIAN, RUSSIAN]
15:39:50.044 [FXGL Background Thread 3 ] DEBUG Engine               - ticksPerSecond: -1
15:39:50.044 [FXGL Background Thread 3 ] DEBUG Engine               - title: Akanov-an225
15:39:50.044 [FXGL Background Thread 3 ] DEBUG Engine               - urlGithub: https://github.com/AlmasB/FXGL
15:39:50.045 [FXGL Background Thread 3 ] DEBUG Engine               - urlLeaderboard: http://fxgl-top.herokuapp.com/
15:39:50.045 [FXGL Background Thread 3 ] DEBUG Engine               - urlPOM: https://raw.githubusercontent.com/AlmasB/FXGL/release/README.md
15:39:50.045 [FXGL Background Thread 3 ] DEBUG Engine               - userAppClass: class view.Launch
15:39:50.045 [FXGL Background Thread 3 ] DEBUG Engine               - version: 0.2
15:39:50.045 [FXGL Background Thread 3 ] DEBUG Engine               - versionCheckDays: 7
15:39:50.045 [FXGL Background Thread 3 ] DEBUG Engine               - width: 960
15:39:50.045 [FXGL Background Thread 3 ] DEBUG Engine               - Logging services
15:39:50.045 [FXGL Background Thread 3 ] DEBUG Engine               - class com.almasb.fxgl.app.services.FXGLAssetLoaderService
15:39:50.045 [FXGL Background Thread 3 ] DEBUG Engine               - class com.almasb.fxgl.app.FXGLApplication$GameApplicationService
15:39:50.045 [FXGL Background Thread 3 ] DEBUG Engine               - class com.almasb.fxgl.app.services.FXGLDialogService
15:39:50.045 [FXGL Background Thread 3 ] DEBUG Engine               - class com.almasb.fxgl.app.services.IOTaskExecutorService
15:39:50.045 [FXGL Background Thread 3 ] DEBUG Engine               - class com.almasb.fxgl.io.FileSystemService
15:39:50.045 [FXGL Background Thread 3 ] DEBUG Engine               - class com.almasb.fxgl.localization.LocalizationService
15:39:50.045 [FXGL Background Thread 3 ] DEBUG Engine               - class com.almasb.fxgl.app.services.SystemBundleService
15:39:50.045 [FXGL Background Thread 3 ] DEBUG Engine               - class com.almasb.fxgl.profile.SaveLoadService
15:39:50.045 [FXGL Background Thread 3 ] DEBUG Engine               - class com.almasb.fxgl.ui.FXGLUIFactoryServiceProvider
15:39:50.045 [FXGL Background Thread 3 ] DEBUG Engine               - class com.almasb.fxgl.ui.FXGLDialogFactoryServiceProvider
15:39:50.046 [FXGL Background Thread 3 ] DEBUG Engine               - class com.almasb.fxgl.audio.AudioPlayer
15:39:50.046 [FXGL Background Thread 3 ] DEBUG Engine               - class com.almasb.fxgl.notification.impl.NotificationServiceProvider
15:39:50.046 [FXGL Background Thread 3 ] DEBUG Engine               - class com.almasb.fxgl.achievement.AchievementService
15:39:50.046 [FXGL Background Thread 3 ] DEBUG Engine               - class com.almasb.fxgl.cutscene.CutsceneService
15:39:50.046 [FXGL Background Thread 3 ] DEBUG Engine               - class com.almasb.fxgl.minigames.MiniGameService
15:39:50.046 [FXGL Background Thread 3 ] DEBUG Engine               - class com.almasb.fxgl.net.NetService
15:39:50.046 [FXGL Background Thread 3 ] DEBUG Engine               - class com.almasb.fxgl.app.services.UpdaterService
15:39:50.046 [FXGL Background Thread 3 ] DEBUG Engine               - class com.almasb.fxgl.dev.DevService
15:39:54.000 [JavaFX Application Thread] DEBUG LoopRunner           - Pausing loop
15:39:55.816 [JavaFX Application Thread] DEBUG LoopRunner           - Resuming loop
15:39:56.894 [JavaFX Application Thread] DEBUG FXGLApplication      - Exiting FXGL
15:39:56.894 [JavaFX Application Thread] DEBUG LoopRunner           - Stopping loop
15:39:56.894 [JavaFX Application Thread] DEBUG SystemBundleService  - Saving FXGL system data
15:39:56.899 [JavaFX Application Thread] DEBUG FileSystemAccess     - Writing to: /Users/huyle/Documents/UET/year2/ki1/OOP/BTL/demo1/system/fxgl.bundle
15:39:56.904 [JavaFX Application Thread] DEBUG Async                - Shutting down background threads
15:39:56.904 [JavaFX Application Thread] DEBUG PrimaryStageWindow   - Closing main window
15:39:56.914 [JavaFX Application Thread] DEBUG Logger               - Closing Logger
