13:03:50.591 [main                     ] DEBUG Logger               - Configured Logger
13:03:50.599 [main                     ] DEBUG GameApplication      - Logging settings
Title: Akanov-an225
Version: 0.2
Width: 960
Height: 720
Fullscreen: false
Intro: false
Profiling: false
Single step:false
App Mode: DEVELOPER
Menu Key: ESCAPE
Stage Style: DECORATED
Scene Factory: class view.GeneralInit$1

13:03:50.999 [JavaFX Application Thread] DEBUG FXGLApplication      - Initializing FXGL
13:03:51.005 [JavaFX Application Thread] INFO  Engine               - FXGL-17.3 (30.03.2023 11.49) on WINDOWS (J:24.0.2 FX:21.0.6)
13:03:51.005 [JavaFX Application Thread] DEBUG Engine               - JRE Vendor Name: Oracle Corporation
13:03:51.005 [JavaFX Application Thread] DEBUG Engine               - Running on OS: Windows 11 version 10.0
13:03:51.005 [JavaFX Application Thread] DEBUG Engine               - Architecture: amd64
13:03:51.006 [JavaFX Application Thread] INFO  Engine               - Source code and latest versions at: https://github.com/AlmasB/FXGL
13:03:51.006 [JavaFX Application Thread] INFO  Engine               -       Ask questions and discuss at: https://github.com/AlmasB/FXGL/discussions
13:03:51.006 [JavaFX Application Thread] INFO  Engine               -              Join the FXGL chat at: https://gitter.im/AlmasB/FXGL
13:03:51.085 [JavaFX Application Thread] DEBUG PrimaryStageWindow   - Creating a JavaFX scene
13:03:51.147 [JavaFX Application Thread] DEBUG PrimaryStageWindow   - Target settings size: 960.0 x 720.0
13:03:51.147 [JavaFX Application Thread] DEBUG PrimaryStageWindow   - Scaled scene size:    960.0 x 720.0
13:03:51.147 [JavaFX Application Thread] DEBUG PrimaryStageWindow   - Scaled ratio: (1.0, 1.0)
13:03:51.148 [JavaFX Application Thread] DEBUG PrimaryStageWindow   - Set initial scene to FXGLStartupScene
13:03:51.153 [JavaFX Application Thread] DEBUG PrimaryStageWindow   - Opening main window
13:03:51.263 [JavaFX Application Thread] DEBUG PrimaryStageWindow   - Window border size: (14.4000244140625, 37.5999755859375)
13:03:51.264 [JavaFX Application Thread] DEBUG PrimaryStageWindow   - Scaled size: 960.0 x 720.0
13:03:51.264 [JavaFX Application Thread] DEBUG PrimaryStageWindow   - Scaled ratio: (1.0, 1.0)
13:03:51.264 [JavaFX Application Thread] DEBUG PrimaryStageWindow   - Scene size: 960.0 x 720.0
13:03:51.264 [JavaFX Application Thread] DEBUG PrimaryStageWindow   - Stage size: 974.4000244140625 x 757.5999755859375
13:03:51.278 [FXGL Background Thread 1 ] DEBUG Engine               - Initializing environment variables
13:03:51.358 [FXGL Background Thread 1 ] DEBUG FXGLAssetLoaderServi - User app class for loading assets: class view.Launch
13:03:51.358 [FXGL Background Thread 1 ] DEBUG GameApplicationServi - Applying CSS: fxgl_dark.css
13:03:51.359 [FXGL Background Thread 1 ] DEBUG FXGLAssetLoaderServi - Loading from file system: jar:file:///C:/Users/nguye/.m2/repository/com/github/almasb/fxgl/17.3/fxgl-17.3.jar!/fxglassets/ui/css/fxgl_dark.css
13:03:51.409 [FXGL Background Thread 1 ] DEBUG GameApplicationServi - Initializing application scenes
13:03:51.450 [FXGL Background Thread 1 ] DEBUG GameWorld            - Game world initialized
13:03:51.503 [FXGL Background Thread 1 ] DEBUG PhysicsWorld         - Physics world initialized: appHeight=720, physics.ppm=50.0
13:03:51.503 [FXGL Background Thread 1 ] DEBUG PhysicsWorld         - Using strategy: BRUTE_FORCE
13:03:51.506 [FXGL Background Thread 1 ] DEBUG GameScene            - Game scene initialized: 960x720
13:03:51.924 [FXGL Background Thread 1 ] DEBUG GameApplicationServi - Application scenes initialized
13:03:51.934 [FXGL Background Thread 1 ] DEBUG SystemBundleService  - Loading FXGL system data
13:03:51.937 [FXGL Background Thread 1 ] DEBUG FileSystemAccess     - Reading from: C:\akk\akanov-an225\system\fxgl.bundle
13:03:51.943 [FXGL Background Thread 1 ] DEBUG SystemBundleService  - Bundle FXGL: {}
13:03:51.944 [FXGL Background Thread 1 ] DEBUG UpdaterService       - Checking for updates
13:03:51.949 [FXGL Background Thread 4 ] DEBUG FXGLApplication      - Loading fonts
13:03:51.950 [FXGL Background Thread 1 ] DEBUG FXGLApplication      - Loading default localization
13:03:51.950 [FXGL Background Thread 4 ] DEBUG FXGLAssetLoaderServi - Loading from file system: jar:file:///C:/Users/nguye/.m2/repository/com/github/almasb/fxgl/17.3/fxgl-17.3.jar!/fxglassets/ui/fonts/VarelaRound-Regular.ttf
13:03:51.951 [FXGL Background Thread 1 ] DEBUG FXGLAssetLoaderServi - Loading from file system: jar:file:///C:/Users/nguye/.m2/repository/com/github/almasb/fxgl/17.3/fxgl-17.3.jar!/fxglassets/languages/english.lang
13:03:51.992 [FXGL Background Thread 4 ] DEBUG FXGLAssetLoaderServi - Loading from file system: jar:file:///C:/Users/nguye/.m2/repository/com/github/almasb/fxgl/17.3/fxgl-17.3.jar!/fxglassets/ui/fonts/Abel-Regular.ttf
13:03:51.993 [FXGL Background Thread 1 ] INFO  FXGLApplication      - FXGL initialization took: 0.716 sec
13:03:51.996 [FXGL Background Thread 4 ] DEBUG FXGLAssetLoaderServi - Loading from file system: jar:file:///C:/Users/nguye/.m2/repository/com/github/almasb/fxgl/17.3/fxgl-17.3.jar!/fxglassets/ui/fonts/TerminalLandMono-Regular.otf
13:03:52.000 [FXGL Background Thread 4 ] DEBUG FXGLAssetLoaderServi - Loading from file system: jar:file:///C:/Users/nguye/.m2/repository/com/github/almasb/fxgl/17.3/fxgl-17.3.jar!/fxglassets/ui/fonts/Courier-Prime.ttf
13:03:52.013 [JavaFX Application Thread] DEBUG Input                - Registered new binding: action0 - Right
13:03:52.014 [JavaFX Application Thread] DEBUG Input                - Registered new binding: action1 - Left
13:03:52.014 [JavaFX Application Thread] DEBUG FXGLAssetLoaderServi - Loading from file system: jar:file:///C:/Users/nguye/.m2/repository/com/github/almasb/fxgl/17.3/fxgl-17.3.jar!/fxglassets/textures/fxgl_icon.png
13:03:52.058 [JavaFX Application Thread] DEBUG FXGLAssetLoaderServi - Loading from file system: jar:file:///C:/Users/nguye/.m2/repository/com/github/almasb/fxgl/17.3/fxgl-17.3.jar!/fxglassets/textures/fxgl_default_cursor.png
13:03:52.061 [JavaFX Application Thread] DEBUG Input                - Registered new binding: Screenshot - CTRL+8
13:03:52.062 [JavaFX Application Thread] DEBUG Input                - Registered new binding: System info dump - CTRL+9
13:03:52.062 [JavaFX Application Thread] DEBUG Input                - Registered new binding: Restart - CTRL+R
13:03:52.063 [JavaFX Application Thread] DEBUG Input                - Registered new binding: Toggle Debug Camera - CTRL+7
13:03:52.066 [JavaFX Application Thread] DEBUG LoopRunner           - Starting loop
13:03:52.067 [JavaFX Application Thread] DEBUG LoopRunner           - Initializing JavaFX AnimationTimerLoop
13:03:52.070 [JavaFX Application Thread] DEBUG Input                - Clearing active input actions
13:03:52.077 [JavaFX Application Thread] DEBUG GameApplicationServi - Removing overlay from FXGLStartupScene and adding to FXGLMainMenuDummyScene
13:03:52.077 [JavaFX Application Thread] DEBUG PrimaryStageWindow   - FXGLStartupScene -> FXGLMainMenuDummyScene
13:03:52.077 [JavaFX Application Thread] DEBUG PrimaryStageWindow   - Push state: MainMenu
13:03:52.077 [JavaFX Application Thread] DEBUG Input                - Clearing active input actions
13:03:52.086 [JavaFX Application Thread] DEBUG GameApplicationServi - Removing overlay from FXGLMainMenuDummyScene and adding to MainMenu
13:03:52.086 [JavaFX Application Thread] DEBUG PrimaryStageWindow   - FXGLMainMenuDummyScene -> MainMenu
13:03:52.087 [JavaFX Application Thread] DEBUG FXGLApplication      - Registering font factories with UI factory
13:03:52.876 [FXGL Background Thread 2 ] INFO  UpdaterService       - Your current version:  17.3
13:03:52.876 [FXGL Background Thread 2 ] INFO  UpdaterService       - Latest stable version: 21.1
13:03:54.950 [FXGL Background Thread 3 ] DEBUG Engine               - Logging environment variables
13:03:54.950 [FXGL Background Thread 3 ] DEBUG Engine               - achievements: []
13:03:54.950 [FXGL Background Thread 3 ] DEBUG Engine               - actualHeight: 720.0
13:03:54.950 [FXGL Background Thread 3 ] DEBUG Engine               - actualHeightProperty: ReadOnlyDoubleProperty [value: 720.0]
13:03:54.950 [FXGL Background Thread 3 ] DEBUG Engine               - actualWidth: 960.0
13:03:54.951 [FXGL Background Thread 3 ] DEBUG Engine               - actualWidthProperty: ReadOnlyDoubleProperty [value: 960.0]
13:03:54.951 [FXGL Background Thread 3 ] DEBUG Engine               - appIcon: fxgl_icon.png
13:03:54.951 [FXGL Background Thread 3 ] DEBUG Engine               - applicationMode: DEVELOPER
13:03:54.951 [FXGL Background Thread 3 ] DEBUG Engine               - cSSList: [fxgl_dark.css]
13:03:54.951 [FXGL Background Thread 3 ] DEBUG Engine               - collisionDetectionStrategy: BRUTE_FORCE
13:03:54.951 [FXGL Background Thread 3 ] DEBUG Engine               - configClass: Optional.empty
13:03:54.951 [FXGL Background Thread 3 ] DEBUG Engine               - credits: []
13:03:54.953 [FXGL Background Thread 3 ] DEBUG Engine               - defaultCursor: CursorInfo(imageName=fxgl_default_cursor.png, hotspotX=7.0, hotspotY=6.0)
13:03:54.953 [FXGL Background Thread 3 ] DEBUG Engine               - devBBoxColorProperty: ObjectProperty [value: 0xff0000ff]
13:03:54.953 [FXGL Background Thread 3 ] DEBUG Engine               - devEnableDebugCameraProperty: BooleanProperty [value: false]
13:03:54.953 [FXGL Background Thread 3 ] DEBUG Engine               - devSensorColorProperty: ObjectProperty [value: 0xffff00ff]
13:03:54.953 [FXGL Background Thread 3 ] DEBUG Engine               - devShowBBoxProperty: BooleanProperty [value: false]
13:03:54.953 [FXGL Background Thread 3 ] DEBUG Engine               - devShowPositionProperty: BooleanProperty [value: false]
13:03:54.953 [FXGL Background Thread 3 ] DEBUG Engine               - enabledMenuItems: []
13:03:54.953 [FXGL Background Thread 3 ] DEBUG Engine               - engineServices: [class com.almasb.fxgl.app.services.FXGLAssetLoaderService, class com.almasb.fxgl.app.FXGLApplication$GameApplicationService, class com.almasb.fxgl.app.services.FXGLDialogService, class com.almasb.fxgl.app.services.IOTaskExecutorService, class com.almasb.fxgl.io.FileSystemService, class com.almasb.fxgl.localization.LocalizationService, class com.almasb.fxgl.app.services.SystemBundleService, class com.almasb.fxgl.profile.SaveLoadService, class com.almasb.fxgl.ui.FXGLUIFactoryServiceProvider, class com.almasb.fxgl.ui.FXGLDialogFactoryServiceProvider, class com.almasb.fxgl.audio.AudioPlayer, class com.almasb.fxgl.notification.impl.NotificationServiceProvider, class com.almasb.fxgl.achievement.AchievementService, class com.almasb.fxgl.cutscene.CutsceneService, class com.almasb.fxgl.minigames.MiniGameService, class com.almasb.fxgl.net.NetService, class com.almasb.fxgl.app.services.UpdaterService, class com.almasb.fxgl.dev.DevService]
13:03:54.953 [FXGL Background Thread 3 ] DEBUG Engine               - fontGame: Abel-Regular.ttf
13:03:54.953 [FXGL Background Thread 3 ] DEBUG Engine               - fontMono: TerminalLandMono-Regular.otf
13:03:54.953 [FXGL Background Thread 3 ] DEBUG Engine               - fontSizeScaleUI: 1.0
13:03:54.953 [FXGL Background Thread 3 ] DEBUG Engine               - fontText: Courier-Prime.ttf
13:03:54.954 [FXGL Background Thread 3 ] DEBUG Engine               - fontUI: VarelaRound-Regular.ttf
13:03:54.954 [FXGL Background Thread 3 ] DEBUG Engine               - fullScreen: BooleanProperty [value: false]
13:03:54.954 [FXGL Background Thread 3 ] DEBUG Engine               - gameDifficulty: MEDIUM
13:03:54.954 [FXGL Background Thread 3 ] DEBUG Engine               - gameDifficultyProperty: ObjectProperty [value: MEDIUM]
13:03:54.954 [FXGL Background Thread 3 ] DEBUG Engine               - globalMusicVolume: 0.5
13:03:54.954 [FXGL Background Thread 3 ] DEBUG Engine               - globalMusicVolumeProperty: DoubleProperty [value: 0.5]
13:03:54.954 [FXGL Background Thread 3 ] DEBUG Engine               - globalSoundVolume: 0.5
13:03:54.954 [FXGL Background Thread 3 ] DEBUG Engine               - globalSoundVolumeProperty: DoubleProperty [value: 0.5]
13:03:54.954 [FXGL Background Thread 3 ] DEBUG Engine               - height: 720
13:03:54.954 [FXGL Background Thread 3 ] DEBUG Engine               - is3D: false
13:03:54.954 [FXGL Background Thread 3 ] DEBUG Engine               - isAndroid: false
13:03:54.954 [FXGL Background Thread 3 ] DEBUG Engine               - isBrowser: false
13:03:54.954 [FXGL Background Thread 3 ] DEBUG Engine               - isClickFeedbackEnabled: false
13:03:54.954 [FXGL Background Thread 3 ] DEBUG Engine               - isCloseConfirmation: false
13:03:54.954 [FXGL Background Thread 3 ] DEBUG Engine               - isDesktop: true
13:03:54.954 [FXGL Background Thread 3 ] DEBUG Engine               - isDeveloperMenuEnabled: false
13:03:54.954 [FXGL Background Thread 3 ] DEBUG Engine               - isEmbedded: false
13:03:54.954 [FXGL Background Thread 3 ] DEBUG Engine               - isEntityPreloadEnabled: true
13:03:54.954 [FXGL Background Thread 3 ] DEBUG Engine               - isExperimentalTiledLargeMap: false
13:03:54.954 [FXGL Background Thread 3 ] DEBUG Engine               - isFileSystemWriteAllowed: true
13:03:54.954 [FXGL Background Thread 3 ] DEBUG Engine               - isFullScreenAllowed: false
13:03:54.954 [FXGL Background Thread 3 ] DEBUG Engine               - isFullScreenFromStart: false
13:03:54.954 [FXGL Background Thread 3 ] DEBUG Engine               - isGameMenuEnabled: true
13:03:54.955 [FXGL Background Thread 3 ] DEBUG Engine               - isIOS: false
13:03:54.955 [FXGL Background Thread 3 ] DEBUG Engine               - isIntroEnabled: false
13:03:54.955 [FXGL Background Thread 3 ] DEBUG Engine               - isLinux: false
13:03:54.955 [FXGL Background Thread 3 ] DEBUG Engine               - isMac: false
13:03:54.955 [FXGL Background Thread 3 ] DEBUG Engine               - isMainMenuEnabled: true
13:03:54.955 [FXGL Background Thread 3 ] DEBUG Engine               - isManualResizeEnabled: false
13:03:54.955 [FXGL Background Thread 3 ] DEBUG Engine               - isMobile: false
13:03:54.955 [FXGL Background Thread 3 ] DEBUG Engine               - isNative: false
13:03:54.955 [FXGL Background Thread 3 ] DEBUG Engine               - isPauseMusicWhenMinimized: true
13:03:54.955 [FXGL Background Thread 3 ] DEBUG Engine               - isPreserveResizeRatio: false
13:03:54.955 [FXGL Background Thread 3 ] DEBUG Engine               - isProfilingEnabled: false
13:03:54.955 [FXGL Background Thread 3 ] DEBUG Engine               - isScaleAffectedOnResize: true
13:03:54.955 [FXGL Background Thread 3 ] DEBUG Engine               - isSingleStep: false
13:03:54.955 [FXGL Background Thread 3 ] DEBUG Engine               - isUserProfileEnabled: false
13:03:54.955 [FXGL Background Thread 3 ] DEBUG Engine               - isWindows: true
13:03:54.955 [FXGL Background Thread 3 ] DEBUG Engine               - language: ObjectProperty [value: ENGLISH]
13:03:54.955 [FXGL Background Thread 3 ] DEBUG Engine               - menuKey: ESCAPE
13:03:54.955 [FXGL Background Thread 3 ] DEBUG Engine               - mouseSensitivity: 0.2
13:03:54.955 [FXGL Background Thread 3 ] DEBUG Engine               - notificationViewClass: class com.almasb.fxgl.notification.view.XboxNotificationView
13:03:54.955 [FXGL Background Thread 3 ] DEBUG Engine               - pixelsPerMeter: 50.0
13:03:54.955 [FXGL Background Thread 3 ] DEBUG Engine               - platform: WINDOWS
13:03:54.955 [FXGL Background Thread 3 ] DEBUG Engine               - prefHeightProperty: ReadOnlyDoubleProperty [value: 720.0]
13:03:54.955 [FXGL Background Thread 3 ] DEBUG Engine               - prefWidthProperty: ReadOnlyDoubleProperty [value: 960.0]
13:03:54.956 [FXGL Background Thread 3 ] DEBUG Engine               - profileDir: profiles/
13:03:54.956 [FXGL Background Thread 3 ] DEBUG Engine               - profileName: StringProperty [value: DEFAULT]
13:03:54.956 [FXGL Background Thread 3 ] DEBUG Engine               - randomSeed: -1
13:03:54.956 [FXGL Background Thread 3 ] DEBUG Engine               - runtimeInfo: RuntimeInfo(platform=WINDOWS, version=17.3, build=30.03.2023 11.49)
13:03:54.956 [FXGL Background Thread 3 ] DEBUG Engine               - saveFileExt: sav
13:03:54.956 [FXGL Background Thread 3 ] DEBUG Engine               - scaledHeightProp$fxgl: DoubleProperty [bound, value: 720.0]
13:03:54.956 [FXGL Background Thread 3 ] DEBUG Engine               - scaledWidthProp$fxgl: DoubleProperty [bound, value: 960.0]
13:03:54.956 [FXGL Background Thread 3 ] DEBUG Engine               - sceneFactory: view.GeneralInit$1@26c764fe
13:03:54.956 [FXGL Background Thread 3 ] DEBUG Engine               - secondsIn24h: 60
13:03:54.956 [FXGL Background Thread 3 ] DEBUG Engine               - soundMenuBack: menu/back.wav
13:03:54.956 [FXGL Background Thread 3 ] DEBUG Engine               - soundMenuPress: menu/press.wav
13:03:54.956 [FXGL Background Thread 3 ] DEBUG Engine               - soundMenuSelect: menu/select.wav
13:03:54.956 [FXGL Background Thread 3 ] DEBUG Engine               - soundNotification: core/notification.wav
13:03:54.956 [FXGL Background Thread 3 ] DEBUG Engine               - stageStyle: DECORATED
13:03:54.956 [FXGL Background Thread 3 ] DEBUG Engine               - supportedLanguages: [ENGLISH, FRENCH, GERMAN, HUNGARIAN, RUSSIAN]
13:03:54.956 [FXGL Background Thread 3 ] DEBUG Engine               - ticksPerSecond: -1
13:03:54.956 [FXGL Background Thread 3 ] DEBUG Engine               - title: Akanov-an225
13:03:54.956 [FXGL Background Thread 3 ] DEBUG Engine               - urlGithub: https://github.com/AlmasB/FXGL
13:03:54.956 [FXGL Background Thread 3 ] DEBUG Engine               - urlLeaderboard: http://fxgl-top.herokuapp.com/
13:03:54.956 [FXGL Background Thread 3 ] DEBUG Engine               - urlPOM: https://raw.githubusercontent.com/AlmasB/FXGL/release/README.md
13:03:54.957 [FXGL Background Thread 3 ] DEBUG Engine               - userAppClass: class view.Launch
13:03:54.957 [FXGL Background Thread 3 ] DEBUG Engine               - version: 0.2
13:03:54.957 [FXGL Background Thread 3 ] DEBUG Engine               - versionCheckDays: 7
13:03:54.957 [FXGL Background Thread 3 ] DEBUG Engine               - width: 960
13:03:54.957 [FXGL Background Thread 3 ] DEBUG Engine               - Logging services
13:03:54.957 [FXGL Background Thread 3 ] DEBUG Engine               - class com.almasb.fxgl.app.services.FXGLAssetLoaderService
13:03:54.957 [FXGL Background Thread 3 ] DEBUG Engine               - class com.almasb.fxgl.app.FXGLApplication$GameApplicationService
13:03:54.957 [FXGL Background Thread 3 ] DEBUG Engine               - class com.almasb.fxgl.app.services.FXGLDialogService
13:03:54.957 [FXGL Background Thread 3 ] DEBUG Engine               - class com.almasb.fxgl.app.services.IOTaskExecutorService
13:03:54.957 [FXGL Background Thread 3 ] DEBUG Engine               - class com.almasb.fxgl.io.FileSystemService
13:03:54.957 [FXGL Background Thread 3 ] DEBUG Engine               - class com.almasb.fxgl.localization.LocalizationService
13:03:54.957 [FXGL Background Thread 3 ] DEBUG Engine               - class com.almasb.fxgl.app.services.SystemBundleService
13:03:54.957 [FXGL Background Thread 3 ] DEBUG Engine               - class com.almasb.fxgl.profile.SaveLoadService
13:03:54.957 [FXGL Background Thread 3 ] DEBUG Engine               - class com.almasb.fxgl.ui.FXGLUIFactoryServiceProvider
13:03:54.957 [FXGL Background Thread 3 ] DEBUG Engine               - class com.almasb.fxgl.ui.FXGLDialogFactoryServiceProvider
13:03:54.957 [FXGL Background Thread 3 ] DEBUG Engine               - class com.almasb.fxgl.audio.AudioPlayer
13:03:54.957 [FXGL Background Thread 3 ] DEBUG Engine               - class com.almasb.fxgl.notification.impl.NotificationServiceProvider
13:03:54.957 [FXGL Background Thread 3 ] DEBUG Engine               - class com.almasb.fxgl.achievement.AchievementService
13:03:54.957 [FXGL Background Thread 3 ] DEBUG Engine               - class com.almasb.fxgl.cutscene.CutsceneService
13:03:54.957 [FXGL Background Thread 3 ] DEBUG Engine               - class com.almasb.fxgl.minigames.MiniGameService
13:03:54.957 [FXGL Background Thread 3 ] DEBUG Engine               - class com.almasb.fxgl.net.NetService
13:03:54.957 [FXGL Background Thread 3 ] DEBUG Engine               - class com.almasb.fxgl.app.services.UpdaterService
13:03:54.957 [FXGL Background Thread 3 ] DEBUG Engine               - class com.almasb.fxgl.dev.DevService
13:04:07.812 [JavaFX Application Thread] DEBUG Menu                 - fireNewGame()
13:04:07.812 [JavaFX Application Thread] DEBUG GameApplicationServi - Starting new game
13:04:07.812 [JavaFX Application Thread] DEBUG PrimaryStageWindow   - Pop state: MainMenu
13:04:07.812 [JavaFX Application Thread] DEBUG Input                - Clearing active input actions
13:04:07.813 [JavaFX Application Thread] DEBUG GameApplicationServi - Removing overlay from MainMenu and adding to FXGLMainMenuDummyScene
13:04:07.813 [JavaFX Application Thread] DEBUG PrimaryStageWindow   - FXGLMainMenuDummyScene <- MainMenu
13:04:07.813 [JavaFX Application Thread] DEBUG Input                - Clearing active input actions
13:04:07.819 [JavaFX Application Thread] DEBUG GameApplicationServi - Removing overlay from FXGLMainMenuDummyScene and adding to FXGLLoadingScene
13:04:07.819 [JavaFX Application Thread] DEBUG PrimaryStageWindow   - FXGLMainMenuDummyScene -> FXGLLoadingScene
13:04:07.819 [JavaFX Application Thread] DEBUG GameApplicationServi - Clearing previous game
13:04:07.819 [JavaFX Application Thread] DEBUG GameScene            - Clearing game scene
13:04:07.819 [JavaFX Application Thread] DEBUG GameWorld            - Clearing game world
13:04:07.819 [JavaFX Application Thread] DEBUG PhysicsWorld         - Clearing physics world
13:04:07.821 [FXGL Background Thread 2 ] DEBUG FXGLApplication      - Initializing game
13:04:07.922 [FXGL Background Thread 2 ] WARN  Entity               - Entity already has component: com.almasb.fxgl.entity.components.BoundingBoxComponent
13:04:07.998 [FXGL Background Thread 2 ] INFO  FXGLApplication      - Game initialization took: 0.177 sec
13:04:07.998 [JavaFX Application Thread] DEBUG Input                - Clearing active input actions
13:04:08.009 [JavaFX Application Thread] DEBUG GameApplicationServi - Removing overlay from FXGLLoadingScene and adding to GameScene
13:04:08.010 [JavaFX Application Thread] DEBUG PrimaryStageWindow   - FXGLLoadingScene -> GameScene
13:04:08.653 [JavaFX Application Thread] DEBUG PrimaryStageWindow   - Push state: PauseMenu
13:04:08.677 [JavaFX Application Thread] DEBUG Input                - Clearing active input actions
13:04:08.680 [JavaFX Application Thread] DEBUG GameApplicationServi - Removing overlay from GameScene and adding to PauseMenu
13:04:08.680 [JavaFX Application Thread] DEBUG PrimaryStageWindow   - GameScene -> PauseMenu
13:04:09.796 [JavaFX Application Thread] DEBUG Menu                 - fireResume()
13:04:09.797 [JavaFX Application Thread] DEBUG PrimaryStageWindow   - Pop state: PauseMenu
13:04:09.797 [JavaFX Application Thread] DEBUG Input                - Clearing active input actions
13:04:09.797 [JavaFX Application Thread] DEBUG GameApplicationServi - Removing overlay from PauseMenu and adding to GameScene
13:04:09.798 [JavaFX Application Thread] DEBUG PrimaryStageWindow   - GameScene <- PauseMenu
13:04:11.030 [JavaFX Application Thread] DEBUG PrimaryStageWindow   - Push state: PauseMenu
13:04:11.045 [JavaFX Application Thread] DEBUG Input                - Clearing active input actions
13:04:11.046 [JavaFX Application Thread] DEBUG GameApplicationServi - Removing overlay from GameScene and adding to PauseMenu
13:04:11.047 [JavaFX Application Thread] DEBUG PrimaryStageWindow   - GameScene -> PauseMenu
13:04:12.083 [JavaFX Application Thread] DEBUG Menu                 - fireResume()
13:04:12.083 [JavaFX Application Thread] DEBUG PrimaryStageWindow   - Pop state: PauseMenu
13:04:12.084 [JavaFX Application Thread] DEBUG Input                - Clearing active input actions
13:04:12.085 [JavaFX Application Thread] DEBUG GameApplicationServi - Removing overlay from PauseMenu and adding to GameScene
13:04:12.085 [JavaFX Application Thread] DEBUG PrimaryStageWindow   - GameScene <- PauseMenu
13:04:13.351 [JavaFX Application Thread] DEBUG PrimaryStageWindow   - Push state: PauseMenu
13:04:13.367 [JavaFX Application Thread] DEBUG Input                - Clearing active input actions
13:04:13.369 [JavaFX Application Thread] DEBUG GameApplicationServi - Removing overlay from GameScene and adding to PauseMenu
13:04:13.369 [JavaFX Application Thread] DEBUG PrimaryStageWindow   - GameScene -> PauseMenu
13:04:14.398 [JavaFX Application Thread] DEBUG Menu                 - fireResume()
13:04:14.398 [JavaFX Application Thread] DEBUG PrimaryStageWindow   - Pop state: PauseMenu
13:04:14.398 [JavaFX Application Thread] DEBUG Input                - Clearing active input actions
13:04:14.399 [JavaFX Application Thread] DEBUG GameApplicationServi - Removing overlay from PauseMenu and adding to GameScene
13:04:14.399 [JavaFX Application Thread] DEBUG PrimaryStageWindow   - GameScene <- PauseMenu
13:04:19.547 [JavaFX Application Thread] DEBUG FXGLApplication      - Exiting FXGL
13:04:19.548 [JavaFX Application Thread] DEBUG LoopRunner           - Stopping loop
13:04:19.548 [JavaFX Application Thread] DEBUG SystemBundleService  - Saving FXGL system data
13:04:19.552 [JavaFX Application Thread] DEBUG FileSystemAccess     - Writing to: C:\akk\akanov-an225\system\fxgl.bundle
13:04:19.555 [JavaFX Application Thread] DEBUG Async                - Shutting down background threads
13:04:19.556 [JavaFX Application Thread] DEBUG PrimaryStageWindow   - Closing main window
13:04:19.599 [JavaFX Application Thread] DEBUG Logger               - Closing Logger
