12:59:26.341 [main                     ] DEBUG Logger               - Configured Logger
12:59:26.350 [main                     ] DEBUG GameApplication      - Logging settings
Title: Akanov-an225
Version: 0.2
Width: 960
Height: 720
Fullscreen: false
Intro: false
Profiling: false
Single step:false
App Mode: DEVELOPER
Menu Key: ESCAPE
Stage Style: DECORATED
Scene Factory: class view.GeneralInit$1

12:59:26.766 [JavaFX Application Thread] DEBUG FXGLApplication      - Initializing FXGL
12:59:26.768 [JavaFX Application Thread] INFO  Engine               - FXGL-17.3 (30.03.2023 11.49) on WINDOWS (J:24.0.2 FX:21.0.6)
12:59:26.769 [JavaFX Application Thread] DEBUG Engine               - JRE Vendor Name: Oracle Corporation
12:59:26.769 [JavaFX Application Thread] DEBUG Engine               - Running on OS: Windows 11 version 10.0
12:59:26.769 [JavaFX Application Thread] DEBUG Engine               - Architecture: amd64
12:59:26.769 [JavaFX Application Thread] INFO  Engine               - Source code and latest versions at: https://github.com/AlmasB/FXGL
12:59:26.769 [JavaFX Application Thread] INFO  Engine               -       Ask questions and discuss at: https://github.com/AlmasB/FXGL/discussions
12:59:26.769 [JavaFX Application Thread] INFO  Engine               -              Join the FXGL chat at: https://gitter.im/AlmasB/FXGL
12:59:26.879 [JavaFX Application Thread] DEBUG PrimaryStageWindow   - Creating a JavaFX scene
12:59:26.930 [JavaFX Application Thread] DEBUG PrimaryStageWindow   - Target settings size: 960.0 x 720.0
12:59:26.930 [JavaFX Application Thread] DEBUG PrimaryStageWindow   - Scaled scene size:    960.0 x 720.0
12:59:26.931 [JavaFX Application Thread] DEBUG PrimaryStageWindow   - Scaled ratio: (1.0, 1.0)
12:59:26.932 [JavaFX Application Thread] DEBUG PrimaryStageWindow   - Set initial scene to FXGLStartupScene
12:59:26.935 [JavaFX Application Thread] DEBUG PrimaryStageWindow   - Opening main window
12:59:27.042 [JavaFX Application Thread] DEBUG PrimaryStageWindow   - Window border size: (14.4000244140625, 37.5999755859375)
12:59:27.042 [JavaFX Application Thread] DEBUG PrimaryStageWindow   - Scaled size: 960.0 x 720.0
12:59:27.043 [JavaFX Application Thread] DEBUG PrimaryStageWindow   - Scaled ratio: (1.0, 1.0)
12:59:27.043 [JavaFX Application Thread] DEBUG PrimaryStageWindow   - Scene size: 960.0 x 720.0
12:59:27.043 [JavaFX Application Thread] DEBUG PrimaryStageWindow   - Stage size: 974.4000244140625 x 757.5999755859375
12:59:27.056 [FXGL Background Thread 1 ] DEBUG Engine               - Initializing environment variables
12:59:27.137 [FXGL Background Thread 1 ] DEBUG FXGLAssetLoaderServi - User app class for loading assets: class view.Launch
12:59:27.137 [FXGL Background Thread 1 ] DEBUG GameApplicationServi - Applying CSS: fxgl_dark.css
12:59:27.138 [FXGL Background Thread 1 ] DEBUG FXGLAssetLoaderServi - Loading from file system: jar:file:///C:/Users/nguye/.m2/repository/com/github/almasb/fxgl/17.3/fxgl-17.3.jar!/fxglassets/ui/css/fxgl_dark.css
12:59:27.186 [FXGL Background Thread 1 ] DEBUG GameApplicationServi - Initializing application scenes
12:59:27.224 [FXGL Background Thread 1 ] DEBUG GameWorld            - Game world initialized
12:59:27.287 [FXGL Background Thread 1 ] DEBUG PhysicsWorld         - Physics world initialized: appHeight=720, physics.ppm=50.0
12:59:27.288 [FXGL Background Thread 1 ] DEBUG PhysicsWorld         - Using strategy: BRUTE_FORCE
12:59:27.291 [FXGL Background Thread 1 ] DEBUG GameScene            - Game scene initialized: 960x720
12:59:27.635 [FXGL Background Thread 1 ] DEBUG GameApplicationServi - Application scenes initialized
12:59:27.647 [FXGL Background Thread 1 ] DEBUG SystemBundleService  - Loading FXGL system data
12:59:27.652 [FXGL Background Thread 1 ] DEBUG FileSystemAccess     - Reading from: C:\akk\akanov-an225\system\fxgl.bundle
12:59:27.660 [FXGL Background Thread 1 ] DEBUG SystemBundleService  - Bundle FXGL: {}
12:59:27.660 [FXGL Background Thread 1 ] DEBUG UpdaterService       - Checking for updates
12:59:27.668 [FXGL Background Thread 4 ] DEBUG FXGLApplication      - Loading fonts
12:59:27.669 [FXGL Background Thread 4 ] DEBUG FXGLAssetLoaderServi - Loading from file system: jar:file:///C:/Users/nguye/.m2/repository/com/github/almasb/fxgl/17.3/fxgl-17.3.jar!/fxglassets/ui/fonts/VarelaRound-Regular.ttf
12:59:27.669 [FXGL Background Thread 1 ] DEBUG FXGLApplication      - Loading default localization
12:59:27.669 [FXGL Background Thread 1 ] DEBUG FXGLAssetLoaderServi - Loading from file system: jar:file:///C:/Users/nguye/.m2/repository/com/github/almasb/fxgl/17.3/fxgl-17.3.jar!/fxglassets/languages/english.lang
12:59:27.691 [FXGL Background Thread 1 ] INFO  FXGLApplication      - FXGL initialization took: 0.635 sec
12:59:27.706 [JavaFX Application Thread] DEBUG Input                - Registered new binding: action0 - Right
12:59:27.707 [JavaFX Application Thread] DEBUG Input                - Registered new binding: action1 - Left
12:59:27.707 [JavaFX Application Thread] DEBUG FXGLAssetLoaderServi - Loading from file system: jar:file:///C:/Users/nguye/.m2/repository/com/github/almasb/fxgl/17.3/fxgl-17.3.jar!/fxglassets/textures/fxgl_icon.png
12:59:27.716 [FXGL Background Thread 4 ] DEBUG FXGLAssetLoaderServi - Loading from file system: jar:file:///C:/Users/nguye/.m2/repository/com/github/almasb/fxgl/17.3/fxgl-17.3.jar!/fxglassets/ui/fonts/Abel-Regular.ttf
12:59:27.720 [FXGL Background Thread 4 ] DEBUG FXGLAssetLoaderServi - Loading from file system: jar:file:///C:/Users/nguye/.m2/repository/com/github/almasb/fxgl/17.3/fxgl-17.3.jar!/fxglassets/ui/fonts/TerminalLandMono-Regular.otf
12:59:27.735 [FXGL Background Thread 4 ] DEBUG FXGLAssetLoaderServi - Loading from file system: jar:file:///C:/Users/nguye/.m2/repository/com/github/almasb/fxgl/17.3/fxgl-17.3.jar!/fxglassets/ui/fonts/Courier-Prime.ttf
12:59:27.754 [JavaFX Application Thread] DEBUG FXGLAssetLoaderServi - Loading from file system: jar:file:///C:/Users/nguye/.m2/repository/com/github/almasb/fxgl/17.3/fxgl-17.3.jar!/fxglassets/textures/fxgl_default_cursor.png
12:59:27.756 [JavaFX Application Thread] DEBUG Input                - Registered new binding: Screenshot - CTRL+8
12:59:27.757 [JavaFX Application Thread] DEBUG Input                - Registered new binding: System info dump - CTRL+9
12:59:27.759 [JavaFX Application Thread] DEBUG Input                - Registered new binding: Restart - CTRL+R
12:59:27.760 [JavaFX Application Thread] DEBUG Input                - Registered new binding: Toggle Debug Camera - CTRL+7
12:59:27.766 [JavaFX Application Thread] DEBUG LoopRunner           - Starting loop
12:59:27.766 [JavaFX Application Thread] DEBUG LoopRunner           - Initializing JavaFX AnimationTimerLoop
12:59:27.769 [JavaFX Application Thread] DEBUG Input                - Clearing active input actions
12:59:27.778 [JavaFX Application Thread] DEBUG GameApplicationServi - Removing overlay from FXGLStartupScene and adding to FXGLMainMenuDummyScene
12:59:27.778 [JavaFX Application Thread] DEBUG PrimaryStageWindow   - FXGLStartupScene -> FXGLMainMenuDummyScene
12:59:27.779 [JavaFX Application Thread] DEBUG PrimaryStageWindow   - Push state: MainMenu
12:59:27.779 [JavaFX Application Thread] DEBUG Input                - Clearing active input actions
12:59:27.786 [JavaFX Application Thread] DEBUG GameApplicationServi - Removing overlay from FXGLMainMenuDummyScene and adding to MainMenu
12:59:27.786 [JavaFX Application Thread] DEBUG PrimaryStageWindow   - FXGLMainMenuDummyScene -> MainMenu
12:59:27.789 [JavaFX Application Thread] DEBUG FXGLApplication      - Registering font factories with UI factory
12:59:28.501 [FXGL Background Thread 2 ] INFO  UpdaterService       - Your current version:  17.3
12:59:28.501 [FXGL Background Thread 2 ] INFO  UpdaterService       - Latest stable version: 21.1
12:59:29.183 [JavaFX Application Thread] DEBUG Menu                 - fireNewGame()
12:59:29.184 [JavaFX Application Thread] DEBUG GameApplicationServi - Starting new game
12:59:29.184 [JavaFX Application Thread] DEBUG PrimaryStageWindow   - Pop state: MainMenu
12:59:29.184 [JavaFX Application Thread] DEBUG Input                - Clearing active input actions
12:59:29.185 [JavaFX Application Thread] DEBUG GameApplicationServi - Removing overlay from MainMenu and adding to FXGLMainMenuDummyScene
12:59:29.186 [JavaFX Application Thread] DEBUG PrimaryStageWindow   - FXGLMainMenuDummyScene <- MainMenu
12:59:29.186 [JavaFX Application Thread] DEBUG Input                - Clearing active input actions
12:59:29.201 [JavaFX Application Thread] DEBUG GameApplicationServi - Removing overlay from FXGLMainMenuDummyScene and adding to FXGLLoadingScene
12:59:29.202 [JavaFX Application Thread] DEBUG PrimaryStageWindow   - FXGLMainMenuDummyScene -> FXGLLoadingScene
12:59:29.202 [JavaFX Application Thread] DEBUG GameApplicationServi - Clearing previous game
12:59:29.202 [JavaFX Application Thread] DEBUG GameScene            - Clearing game scene
12:59:29.202 [JavaFX Application Thread] DEBUG GameWorld            - Clearing game world
12:59:29.202 [JavaFX Application Thread] DEBUG PhysicsWorld         - Clearing physics world
12:59:29.206 [FXGL Background Thread 2 ] DEBUG FXGLApplication      - Initializing game
12:59:29.325 [FXGL Background Thread 2 ] WARN  Entity               - Entity already has component: com.almasb.fxgl.entity.components.BoundingBoxComponent
12:59:29.380 [FXGL Background Thread 2 ] INFO  FXGLApplication      - Game initialization took: 0.173 sec
12:59:29.380 [JavaFX Application Thread] DEBUG Input                - Clearing active input actions
12:59:29.390 [JavaFX Application Thread] DEBUG GameApplicationServi - Removing overlay from FXGLLoadingScene and adding to GameScene
12:59:29.391 [JavaFX Application Thread] DEBUG PrimaryStageWindow   - FXGLLoadingScene -> GameScene
12:59:30.236 [JavaFX Application Thread] DEBUG PrimaryStageWindow   - Push state: PauseMenu
12:59:30.278 [JavaFX Application Thread] DEBUG Input                - Clearing active input actions
12:59:30.285 [JavaFX Application Thread] DEBUG GameApplicationServi - Removing overlay from GameScene and adding to PauseMenu
12:59:30.285 [JavaFX Application Thread] DEBUG PrimaryStageWindow   - GameScene -> PauseMenu
12:59:30.666 [FXGL Background Thread 3 ] DEBUG Engine               - Logging environment variables
12:59:30.666 [FXGL Background Thread 3 ] DEBUG Engine               - achievements: []
12:59:30.666 [FXGL Background Thread 3 ] DEBUG Engine               - actualHeight: 720.0
12:59:30.666 [FXGL Background Thread 3 ] DEBUG Engine               - actualHeightProperty: ReadOnlyDoubleProperty [value: 720.0]
12:59:30.666 [FXGL Background Thread 3 ] DEBUG Engine               - actualWidth: 960.0
12:59:30.666 [FXGL Background Thread 3 ] DEBUG Engine               - actualWidthProperty: ReadOnlyDoubleProperty [value: 960.0]
12:59:30.666 [FXGL Background Thread 3 ] DEBUG Engine               - appIcon: fxgl_icon.png
12:59:30.667 [FXGL Background Thread 3 ] DEBUG Engine               - applicationMode: DEVELOPER
12:59:30.667 [FXGL Background Thread 3 ] DEBUG Engine               - cSSList: [fxgl_dark.css]
12:59:30.667 [FXGL Background Thread 3 ] DEBUG Engine               - collisionDetectionStrategy: BRUTE_FORCE
12:59:30.667 [FXGL Background Thread 3 ] DEBUG Engine               - configClass: Optional.empty
12:59:30.667 [FXGL Background Thread 3 ] DEBUG Engine               - credits: []
12:59:30.669 [FXGL Background Thread 3 ] DEBUG Engine               - defaultCursor: CursorInfo(imageName=fxgl_default_cursor.png, hotspotX=7.0, hotspotY=6.0)
12:59:30.669 [FXGL Background Thread 3 ] DEBUG Engine               - devBBoxColorProperty: ObjectProperty [value: 0xff0000ff]
12:59:30.669 [FXGL Background Thread 3 ] DEBUG Engine               - devEnableDebugCameraProperty: BooleanProperty [value: false]
12:59:30.670 [FXGL Background Thread 3 ] DEBUG Engine               - devSensorColorProperty: ObjectProperty [value: 0xffff00ff]
12:59:30.670 [FXGL Background Thread 3 ] DEBUG Engine               - devShowBBoxProperty: BooleanProperty [value: false]
12:59:30.670 [FXGL Background Thread 3 ] DEBUG Engine               - devShowPositionProperty: BooleanProperty [value: false]
12:59:30.670 [FXGL Background Thread 3 ] DEBUG Engine               - enabledMenuItems: []
12:59:30.670 [FXGL Background Thread 3 ] DEBUG Engine               - engineServices: [class com.almasb.fxgl.app.services.FXGLAssetLoaderService, class com.almasb.fxgl.app.FXGLApplication$GameApplicationService, class com.almasb.fxgl.app.services.FXGLDialogService, class com.almasb.fxgl.app.services.IOTaskExecutorService, class com.almasb.fxgl.io.FileSystemService, class com.almasb.fxgl.localization.LocalizationService, class com.almasb.fxgl.app.services.SystemBundleService, class com.almasb.fxgl.profile.SaveLoadService, class com.almasb.fxgl.ui.FXGLUIFactoryServiceProvider, class com.almasb.fxgl.ui.FXGLDialogFactoryServiceProvider, class com.almasb.fxgl.audio.AudioPlayer, class com.almasb.fxgl.notification.impl.NotificationServiceProvider, class com.almasb.fxgl.achievement.AchievementService, class com.almasb.fxgl.cutscene.CutsceneService, class com.almasb.fxgl.minigames.MiniGameService, class com.almasb.fxgl.net.NetService, class com.almasb.fxgl.app.services.UpdaterService, class com.almasb.fxgl.dev.DevService]
12:59:30.670 [FXGL Background Thread 3 ] DEBUG Engine               - fontGame: Abel-Regular.ttf
12:59:30.670 [FXGL Background Thread 3 ] DEBUG Engine               - fontMono: TerminalLandMono-Regular.otf
12:59:30.670 [FXGL Background Thread 3 ] DEBUG Engine               - fontSizeScaleUI: 1.0
12:59:30.670 [FXGL Background Thread 3 ] DEBUG Engine               - fontText: Courier-Prime.ttf
12:59:30.670 [FXGL Background Thread 3 ] DEBUG Engine               - fontUI: VarelaRound-Regular.ttf
12:59:30.670 [FXGL Background Thread 3 ] DEBUG Engine               - fullScreen: BooleanProperty [value: false]
12:59:30.670 [FXGL Background Thread 3 ] DEBUG Engine               - gameDifficulty: MEDIUM
12:59:30.670 [FXGL Background Thread 3 ] DEBUG Engine               - gameDifficultyProperty: ObjectProperty [value: MEDIUM]
12:59:30.670 [FXGL Background Thread 3 ] DEBUG Engine               - globalMusicVolume: 0.5
12:59:30.670 [FXGL Background Thread 3 ] DEBUG Engine               - globalMusicVolumeProperty: DoubleProperty [value: 0.5]
12:59:30.671 [FXGL Background Thread 3 ] DEBUG Engine               - globalSoundVolume: 0.5
12:59:30.671 [FXGL Background Thread 3 ] DEBUG Engine               - globalSoundVolumeProperty: DoubleProperty [value: 0.5]
12:59:30.671 [FXGL Background Thread 3 ] DEBUG Engine               - height: 720
12:59:30.671 [FXGL Background Thread 3 ] DEBUG Engine               - is3D: false
12:59:30.671 [FXGL Background Thread 3 ] DEBUG Engine               - isAndroid: false
12:59:30.671 [FXGL Background Thread 3 ] DEBUG Engine               - isBrowser: false
12:59:30.671 [FXGL Background Thread 3 ] DEBUG Engine               - isClickFeedbackEnabled: false
12:59:30.671 [FXGL Background Thread 3 ] DEBUG Engine               - isCloseConfirmation: false
12:59:30.671 [FXGL Background Thread 3 ] DEBUG Engine               - isDesktop: true
12:59:30.671 [FXGL Background Thread 3 ] DEBUG Engine               - isDeveloperMenuEnabled: false
12:59:30.671 [FXGL Background Thread 3 ] DEBUG Engine               - isEmbedded: false
12:59:30.671 [FXGL Background Thread 3 ] DEBUG Engine               - isEntityPreloadEnabled: true
12:59:30.671 [FXGL Background Thread 3 ] DEBUG Engine               - isExperimentalTiledLargeMap: false
12:59:30.671 [FXGL Background Thread 3 ] DEBUG Engine               - isFileSystemWriteAllowed: true
12:59:30.671 [FXGL Background Thread 3 ] DEBUG Engine               - isFullScreenAllowed: false
12:59:30.671 [FXGL Background Thread 3 ] DEBUG Engine               - isFullScreenFromStart: false
12:59:30.671 [FXGL Background Thread 3 ] DEBUG Engine               - isGameMenuEnabled: true
12:59:30.671 [FXGL Background Thread 3 ] DEBUG Engine               - isIOS: false
12:59:30.671 [FXGL Background Thread 3 ] DEBUG Engine               - isIntroEnabled: false
12:59:30.671 [FXGL Background Thread 3 ] DEBUG Engine               - isLinux: false
12:59:30.671 [FXGL Background Thread 3 ] DEBUG Engine               - isMac: false
12:59:30.672 [FXGL Background Thread 3 ] DEBUG Engine               - isMainMenuEnabled: true
12:59:30.672 [FXGL Background Thread 3 ] DEBUG Engine               - isManualResizeEnabled: false
12:59:30.672 [FXGL Background Thread 3 ] DEBUG Engine               - isMobile: false
12:59:30.672 [FXGL Background Thread 3 ] DEBUG Engine               - isNative: false
12:59:30.672 [FXGL Background Thread 3 ] DEBUG Engine               - isPauseMusicWhenMinimized: true
12:59:30.672 [FXGL Background Thread 3 ] DEBUG Engine               - isPreserveResizeRatio: false
12:59:30.672 [FXGL Background Thread 3 ] DEBUG Engine               - isProfilingEnabled: false
12:59:30.672 [FXGL Background Thread 3 ] DEBUG Engine               - isScaleAffectedOnResize: true
12:59:30.672 [FXGL Background Thread 3 ] DEBUG Engine               - isSingleStep: false
12:59:30.672 [FXGL Background Thread 3 ] DEBUG Engine               - isUserProfileEnabled: false
12:59:30.672 [FXGL Background Thread 3 ] DEBUG Engine               - isWindows: true
12:59:30.672 [FXGL Background Thread 3 ] DEBUG Engine               - language: ObjectProperty [value: ENGLISH]
12:59:30.672 [FXGL Background Thread 3 ] DEBUG Engine               - menuKey: ESCAPE
12:59:30.672 [FXGL Background Thread 3 ] DEBUG Engine               - mouseSensitivity: 0.2
12:59:30.672 [FXGL Background Thread 3 ] DEBUG Engine               - notificationViewClass: class com.almasb.fxgl.notification.view.XboxNotificationView
12:59:30.672 [FXGL Background Thread 3 ] DEBUG Engine               - pixelsPerMeter: 50.0
12:59:30.672 [FXGL Background Thread 3 ] DEBUG Engine               - platform: WINDOWS
12:59:30.672 [FXGL Background Thread 3 ] DEBUG Engine               - prefHeightProperty: ReadOnlyDoubleProperty [value: 720.0]
12:59:30.672 [FXGL Background Thread 3 ] DEBUG Engine               - prefWidthProperty: ReadOnlyDoubleProperty [value: 960.0]
12:59:30.672 [FXGL Background Thread 3 ] DEBUG Engine               - profileDir: profiles/
12:59:30.672 [FXGL Background Thread 3 ] DEBUG Engine               - profileName: StringProperty [value: DEFAULT]
12:59:30.673 [FXGL Background Thread 3 ] DEBUG Engine               - randomSeed: -1
12:59:30.673 [FXGL Background Thread 3 ] DEBUG Engine               - runtimeInfo: RuntimeInfo(platform=WINDOWS, version=17.3, build=30.03.2023 11.49)
12:59:30.673 [FXGL Background Thread 3 ] DEBUG Engine               - saveFileExt: sav
12:59:30.673 [FXGL Background Thread 3 ] DEBUG Engine               - scaledHeightProp$fxgl: DoubleProperty [bound, value: 720.0]
12:59:30.673 [FXGL Background Thread 3 ] DEBUG Engine               - scaledWidthProp$fxgl: DoubleProperty [bound, value: 960.0]
12:59:30.673 [FXGL Background Thread 3 ] DEBUG Engine               - sceneFactory: view.GeneralInit$1@76a9b428
12:59:30.673 [FXGL Background Thread 3 ] DEBUG Engine               - secondsIn24h: 60
12:59:30.673 [FXGL Background Thread 3 ] DEBUG Engine               - soundMenuBack: menu/back.wav
12:59:30.673 [FXGL Background Thread 3 ] DEBUG Engine               - soundMenuPress: menu/press.wav
12:59:30.673 [FXGL Background Thread 3 ] DEBUG Engine               - soundMenuSelect: menu/select.wav
12:59:30.673 [FXGL Background Thread 3 ] DEBUG Engine               - soundNotification: core/notification.wav
12:59:30.673 [FXGL Background Thread 3 ] DEBUG Engine               - stageStyle: DECORATED
12:59:30.673 [FXGL Background Thread 3 ] DEBUG Engine               - supportedLanguages: [ENGLISH, FRENCH, GERMAN, HUNGARIAN, RUSSIAN]
12:59:30.673 [FXGL Background Thread 3 ] DEBUG Engine               - ticksPerSecond: -1
12:59:30.673 [FXGL Background Thread 3 ] DEBUG Engine               - title: Akanov-an225
12:59:30.673 [FXGL Background Thread 3 ] DEBUG Engine               - urlGithub: https://github.com/AlmasB/FXGL
12:59:30.674 [FXGL Background Thread 3 ] DEBUG Engine               - urlLeaderboard: http://fxgl-top.herokuapp.com/
12:59:30.674 [FXGL Background Thread 3 ] DEBUG Engine               - urlPOM: https://raw.githubusercontent.com/AlmasB/FXGL/release/README.md
12:59:30.674 [FXGL Background Thread 3 ] DEBUG Engine               - userAppClass: class view.Launch
12:59:30.674 [FXGL Background Thread 3 ] DEBUG Engine               - version: 0.2
12:59:30.674 [FXGL Background Thread 3 ] DEBUG Engine               - versionCheckDays: 7
12:59:30.674 [FXGL Background Thread 3 ] DEBUG Engine               - width: 960
12:59:30.674 [FXGL Background Thread 3 ] DEBUG Engine               - Logging services
12:59:30.674 [FXGL Background Thread 3 ] DEBUG Engine               - class com.almasb.fxgl.app.services.FXGLAssetLoaderService
12:59:30.674 [FXGL Background Thread 3 ] DEBUG Engine               - class com.almasb.fxgl.app.FXGLApplication$GameApplicationService
12:59:30.674 [FXGL Background Thread 3 ] DEBUG Engine               - class com.almasb.fxgl.app.services.FXGLDialogService
12:59:30.674 [FXGL Background Thread 3 ] DEBUG Engine               - class com.almasb.fxgl.app.services.IOTaskExecutorService
12:59:30.674 [FXGL Background Thread 3 ] DEBUG Engine               - class com.almasb.fxgl.io.FileSystemService
12:59:30.674 [FXGL Background Thread 3 ] DEBUG Engine               - class com.almasb.fxgl.localization.LocalizationService
12:59:30.674 [FXGL Background Thread 3 ] DEBUG Engine               - class com.almasb.fxgl.app.services.SystemBundleService
12:59:30.674 [FXGL Background Thread 3 ] DEBUG Engine               - class com.almasb.fxgl.profile.SaveLoadService
12:59:30.674 [FXGL Background Thread 3 ] DEBUG Engine               - class com.almasb.fxgl.ui.FXGLUIFactoryServiceProvider
12:59:30.674 [FXGL Background Thread 3 ] DEBUG Engine               - class com.almasb.fxgl.ui.FXGLDialogFactoryServiceProvider
12:59:30.674 [FXGL Background Thread 3 ] DEBUG Engine               - class com.almasb.fxgl.audio.AudioPlayer
12:59:30.674 [FXGL Background Thread 3 ] DEBUG Engine               - class com.almasb.fxgl.notification.impl.NotificationServiceProvider
12:59:30.674 [FXGL Background Thread 3 ] DEBUG Engine               - class com.almasb.fxgl.achievement.AchievementService
12:59:30.674 [FXGL Background Thread 3 ] DEBUG Engine               - class com.almasb.fxgl.cutscene.CutsceneService
12:59:30.674 [FXGL Background Thread 3 ] DEBUG Engine               - class com.almasb.fxgl.minigames.MiniGameService
12:59:30.674 [FXGL Background Thread 3 ] DEBUG Engine               - class com.almasb.fxgl.net.NetService
12:59:30.674 [FXGL Background Thread 3 ] DEBUG Engine               - class com.almasb.fxgl.app.services.UpdaterService
12:59:30.675 [FXGL Background Thread 3 ] DEBUG Engine               - class com.almasb.fxgl.dev.DevService
12:59:32.392 [JavaFX Application Thread] DEBUG Menu                 - fireResume()
12:59:32.392 [JavaFX Application Thread] DEBUG PrimaryStageWindow   - Pop state: PauseMenu
12:59:32.392 [JavaFX Application Thread] DEBUG Input                - Clearing active input actions
12:59:32.393 [JavaFX Application Thread] DEBUG GameApplicationServi - Removing overlay from PauseMenu and adding to GameScene
12:59:32.393 [JavaFX Application Thread] DEBUG PrimaryStageWindow   - GameScene <- PauseMenu
12:59:35.945 [JavaFX Application Thread] DEBUG PrimaryStageWindow   - Push state: PauseMenu
12:59:35.966 [JavaFX Application Thread] DEBUG Input                - Clearing active input actions
12:59:35.968 [JavaFX Application Thread] DEBUG GameApplicationServi - Removing overlay from GameScene and adding to PauseMenu
12:59:35.968 [JavaFX Application Thread] DEBUG PrimaryStageWindow   - GameScene -> PauseMenu
12:59:37.033 [JavaFX Application Thread] DEBUG Menu                 - fireResume()
12:59:37.033 [JavaFX Application Thread] DEBUG PrimaryStageWindow   - Pop state: PauseMenu
12:59:37.033 [JavaFX Application Thread] DEBUG Input                - Clearing active input actions
12:59:37.035 [JavaFX Application Thread] DEBUG GameApplicationServi - Removing overlay from PauseMenu and adding to GameScene
12:59:37.036 [JavaFX Application Thread] DEBUG PrimaryStageWindow   - GameScene <- PauseMenu
12:59:39.119 [JavaFX Application Thread] DEBUG PrimaryStageWindow   - Push state: PauseMenu
12:59:39.127 [JavaFX Application Thread] DEBUG Input                - Clearing active input actions
12:59:39.128 [JavaFX Application Thread] DEBUG GameApplicationServi - Removing overlay from GameScene and adding to PauseMenu
12:59:39.128 [JavaFX Application Thread] DEBUG PrimaryStageWindow   - GameScene -> PauseMenu
12:59:40.080 [JavaFX Application Thread] DEBUG Menu                 - fireResume()
12:59:40.080 [JavaFX Application Thread] DEBUG PrimaryStageWindow   - Pop state: PauseMenu
12:59:40.080 [JavaFX Application Thread] DEBUG Input                - Clearing active input actions
12:59:40.081 [JavaFX Application Thread] DEBUG GameApplicationServi - Removing overlay from PauseMenu and adding to GameScene
12:59:40.081 [JavaFX Application Thread] DEBUG PrimaryStageWindow   - GameScene <- PauseMenu
12:59:49.716 [JavaFX Application Thread] DEBUG LoopRunner           - Pausing loop
12:59:49.741 [JavaFX Application Thread] DEBUG PrimaryStageWindow   - Push state: GameOver
12:59:49.742 [JavaFX Application Thread] DEBUG Input                - Clearing active input actions
12:59:49.743 [JavaFX Application Thread] DEBUG GameApplicationServi - Removing overlay from GameScene and adding to GameOver
12:59:49.743 [JavaFX Application Thread] DEBUG PrimaryStageWindow   - GameScene -> GameOver
12:59:49.743 [JavaFX Application Thread] DEBUG LoopRunner           - Resuming loop
12:59:52.185 [JavaFX Application Thread] DEBUG Menu                 - fireExitToMainMenu()
12:59:52.193 [JavaFX Application Thread] DEBUG PrimaryStageWindow   - Push state: DialogSubScene
12:59:52.193 [JavaFX Application Thread] DEBUG Input                - Clearing active input actions
12:59:52.194 [JavaFX Application Thread] DEBUG GameApplicationServi - Removing overlay from GameOver and adding to DialogSubScene
12:59:52.194 [JavaFX Application Thread] DEBUG PrimaryStageWindow   - GameOver -> DialogSubScene
12:59:53.207 [JavaFX Application Thread] DEBUG PrimaryStageWindow   - Pop state: DialogSubScene
12:59:53.207 [JavaFX Application Thread] DEBUG Input                - Clearing active input actions
12:59:53.208 [JavaFX Application Thread] DEBUG GameApplicationServi - Removing overlay from DialogSubScene and adding to GameOver
12:59:53.208 [JavaFX Application Thread] DEBUG PrimaryStageWindow   - GameOver <- DialogSubScene
12:59:53.208 [JavaFX Application Thread] DEBUG PrimaryStageWindow   - Pop state: GameOver
12:59:53.208 [JavaFX Application Thread] DEBUG Input                - Clearing active input actions
12:59:53.209 [JavaFX Application Thread] DEBUG GameApplicationServi - Removing overlay from GameOver and adding to GameScene
12:59:53.209 [JavaFX Application Thread] DEBUG PrimaryStageWindow   - GameScene <- GameOver
12:59:53.209 [JavaFX Application Thread] DEBUG Input                - Clearing active input actions
12:59:53.219 [JavaFX Application Thread] DEBUG GameApplicationServi - Removing overlay from GameScene and adding to FXGLMainMenuDummyScene
12:59:53.219 [JavaFX Application Thread] DEBUG PrimaryStageWindow   - GameScene -> FXGLMainMenuDummyScene
12:59:53.219 [JavaFX Application Thread] DEBUG PrimaryStageWindow   - Push state: MainMenu
12:59:53.219 [JavaFX Application Thread] DEBUG Input                - Clearing active input actions
12:59:53.220 [JavaFX Application Thread] DEBUG GameApplicationServi - Removing overlay from FXGLMainMenuDummyScene and adding to MainMenu
12:59:53.220 [JavaFX Application Thread] DEBUG PrimaryStageWindow   - FXGLMainMenuDummyScene -> MainMenu
12:59:54.506 [JavaFX Application Thread] DEBUG FXGLApplication      - Exiting FXGL
12:59:54.506 [JavaFX Application Thread] DEBUG LoopRunner           - Stopping loop
12:59:54.506 [JavaFX Application Thread] DEBUG SystemBundleService  - Saving FXGL system data
12:59:54.511 [JavaFX Application Thread] DEBUG FileSystemAccess     - Writing to: C:\akk\akanov-an225\system\fxgl.bundle
12:59:54.514 [JavaFX Application Thread] DEBUG Async                - Shutting down background threads
12:59:54.514 [JavaFX Application Thread] DEBUG PrimaryStageWindow   - Closing main window
12:59:54.543 [JavaFX Application Thread] DEBUG Logger               - Closing Logger
