16:30:30.096 [main                     ] DEBUG Logger               - Configured Logger
16:30:30.109 [main                     ] DEBUG GameApplication      - Logging settings
Title: Basic Game App
Version: 0.1
Width: 600
Height: 600
Fullscreen: false
Intro: false
Profiling: false
Single step:false
App Mode: DEVELOPER
Menu Key: ESCAPE
Stage Style: DECORATED
Scene Factory: class com.almasb.fxgl.app.scene.SceneFactory

16:30:30.466 [JavaFX Application Thread] DEBUG FXGLApplication      - Initializing FXGL
16:30:30.468 [JavaFX Application Thread] INFO  Engine               - FXGL-17.3 (30.03.2023 11.49) on MAC (J:24.0.2 FX:21.0.6)
16:30:30.468 [JavaFX Application Thread] DEBUG Engine               - JRE Vendor Name: Amazon.com Inc.
16:30:30.468 [JavaFX Application Thread] DEBUG Engine               - Running on OS: Mac OS X version 14.8.1
16:30:30.468 [JavaFX Application Thread] DEBUG Engine               - Architecture: aarch64
16:30:30.468 [JavaFX Application Thread] INFO  Engine               - Source code and latest versions at: https://github.com/AlmasB/FXGL
16:30:30.468 [JavaFX Application Thread] INFO  Engine               -       Ask questions and discuss at: https://github.com/AlmasB/FXGL/discussions
16:30:30.468 [JavaFX Application Thread] INFO  Engine               -              Join the FXGL chat at: https://gitter.im/AlmasB/FXGL
16:30:30.544 [JavaFX Application Thread] DEBUG PrimaryStageWindow   - Creating a JavaFX scene
16:30:30.580 [JavaFX Application Thread] DEBUG PrimaryStageWindow   - Target settings size: 600.0 x 600.0
16:30:30.581 [JavaFX Application Thread] DEBUG PrimaryStageWindow   - Scaled scene size:    600.0 x 600.0
16:30:30.581 [JavaFX Application Thread] DEBUG PrimaryStageWindow   - Scaled ratio: (1.0, 1.0)
16:30:30.581 [JavaFX Application Thread] DEBUG PrimaryStageWindow   - Set initial scene to FXGLStartupScene
16:30:30.584 [JavaFX Application Thread] DEBUG PrimaryStageWindow   - Opening main window
16:30:30.660 [JavaFX Application Thread] DEBUG PrimaryStageWindow   - Window border size: (0.0, 28.0)
16:30:30.660 [JavaFX Application Thread] DEBUG PrimaryStageWindow   - Scaled size: 600.0 x 600.0
16:30:30.660 [JavaFX Application Thread] DEBUG PrimaryStageWindow   - Scaled ratio: (1.0, 1.0)
16:30:30.660 [JavaFX Application Thread] DEBUG PrimaryStageWindow   - Scene size: 600.0 x 600.0
16:30:30.660 [JavaFX Application Thread] DEBUG PrimaryStageWindow   - Stage size: 600.0 x 628.0
16:30:30.665 [FXGL Background Thread 1 ] DEBUG Engine               - Initializing environment variables
16:30:30.733 [FXGL Background Thread 1 ] DEBUG FXGLAssetLoaderServi - User app class for loading assets: class gameplay.Launch
16:30:30.733 [FXGL Background Thread 1 ] DEBUG GameApplicationServi - Applying CSS: fxgl_dark.css
16:30:30.735 [FXGL Background Thread 1 ] DEBUG FXGLAssetLoaderServi - Loading from file system: jar:file:///Users/huyle/.m2/repository/com/github/almasb/fxgl/17.3/fxgl-17.3.jar!/fxglassets/ui/css/fxgl_dark.css
16:30:30.773 [FXGL Background Thread 1 ] DEBUG GameApplicationServi - Initializing application scenes
16:30:30.854 [FXGL Background Thread 1 ] DEBUG GameWorld            - Game world initialized
16:30:30.895 [FXGL Background Thread 1 ] DEBUG PhysicsWorld         - Physics world initialized: appHeight=600, physics.ppm=50.0
16:30:30.895 [FXGL Background Thread 1 ] DEBUG PhysicsWorld         - Using strategy: BRUTE_FORCE
16:30:30.898 [FXGL Background Thread 1 ] DEBUG GameScene            - Game scene initialized: 600x600
16:30:30.906 [FXGL Background Thread 1 ] WARN  FXGL.DefaultMenu     - FXGLDefaultMenu is not designed for resolutions < 800x600
16:30:30.906 [FXGL Background Thread 1 ] DEBUG FXGL.DefaultMenu     - createMenuBodyGameMenu()
16:30:30.917 [FXGL Background Thread 1 ] DEBUG FXGL.DefaultMenu     - createOptionsMenu()
16:30:30.923 [FXGL Background Thread 1 ] DEBUG FXGLAssetLoaderServi - Loading from file system: jar:file:///Users/huyle/.m2/repository/com/github/almasb/fxgl/17.3/fxgl-17.3.jar!/fxglassets/textures/particles/smoke.png
16:30:30.991 [FXGL Background Thread 1 ] DEBUG FXGLAssetLoaderServi - Loading from file system: jar:file:///Users/huyle/.m2/repository/com/github/almasb/fxgl/17.3/fxgl-17.3.jar!/fxglassets/textures/particles/trace_horizontal.png
16:30:31.011 [FXGL Background Thread 1 ] DEBUG GameApplicationServi - Application scenes initialized
16:30:31.018 [FXGL Background Thread 1 ] DEBUG SystemBundleService  - Loading FXGL system data
16:30:31.020 [FXGL Background Thread 1 ] DEBUG FileSystemAccess     - Reading from: /Users/huyle/Downloads/demo-main/system/fxgl.bundle
16:30:31.024 [FXGL Background Thread 1 ] DEBUG SystemBundleService  - Bundle FXGL: {}
16:30:31.024 [FXGL Background Thread 1 ] DEBUG UpdaterService       - Checking for updates
16:30:31.027 [FXGL Background Thread 4 ] DEBUG FXGLApplication      - Loading fonts
16:30:31.027 [FXGL Background Thread 4 ] DEBUG FXGLAssetLoaderServi - Loading from file system: jar:file:///Users/huyle/.m2/repository/com/github/almasb/fxgl/17.3/fxgl-17.3.jar!/fxglassets/ui/fonts/VarelaRound-Regular.ttf
16:30:31.028 [FXGL Background Thread 1 ] DEBUG FXGLApplication      - Loading default localization
16:30:31.028 [FXGL Background Thread 1 ] DEBUG FXGLAssetLoaderServi - Loading from file system: jar:file:///Users/huyle/.m2/repository/com/github/almasb/fxgl/17.3/fxgl-17.3.jar!/fxglassets/languages/english.lang
16:30:31.040 [FXGL Background Thread 1 ] INFO  FXGLApplication      - FXGL initialization took: 0.374 sec
16:30:31.041 [FXGL Background Thread 4 ] DEBUG FXGLAssetLoaderServi - Loading from file system: jar:file:///Users/huyle/.m2/repository/com/github/almasb/fxgl/17.3/fxgl-17.3.jar!/fxglassets/ui/fonts/Abel-Regular.ttf
16:30:31.044 [FXGL Background Thread 4 ] DEBUG FXGLAssetLoaderServi - Loading from file system: jar:file:///Users/huyle/.m2/repository/com/github/almasb/fxgl/17.3/fxgl-17.3.jar!/fxglassets/ui/fonts/TerminalLandMono-Regular.otf
16:30:31.046 [FXGL Background Thread 4 ] DEBUG FXGLAssetLoaderServi - Loading from file system: jar:file:///Users/huyle/.m2/repository/com/github/almasb/fxgl/17.3/fxgl-17.3.jar!/fxglassets/ui/fonts/Courier-Prime.ttf
16:30:31.047 [JavaFX Application Thread] DEBUG Input                - Registered new binding: action0 - D
16:30:31.047 [JavaFX Application Thread] DEBUG Input                - Registered new binding: action1 - A
16:30:31.048 [JavaFX Application Thread] DEBUG Input                - Registered new binding: action2 - W
16:30:31.048 [JavaFX Application Thread] DEBUG Input                - Registered new binding: action3 - S
16:30:31.048 [JavaFX Application Thread] DEBUG FXGLAssetLoaderServi - Loading from file system: jar:file:///Users/huyle/.m2/repository/com/github/almasb/fxgl/17.3/fxgl-17.3.jar!/fxglassets/textures/fxgl_icon.png
16:30:31.069 [JavaFX Application Thread] DEBUG FXGLAssetLoaderServi - Loading from file system: jar:file:///Users/huyle/.m2/repository/com/github/almasb/fxgl/17.3/fxgl-17.3.jar!/fxglassets/textures/fxgl_default_cursor.png
16:30:31.071 [JavaFX Application Thread] DEBUG Input                - Registered new binding: Screenshot - CTRL+8
16:30:31.071 [JavaFX Application Thread] DEBUG Input                - Registered new binding: System info dump - CTRL+9
16:30:31.071 [JavaFX Application Thread] DEBUG Input                - Registered new binding: Restart - CTRL+R
16:30:31.071 [JavaFX Application Thread] DEBUG Input                - Registered new binding: Toggle Debug Camera - CTRL+7
16:30:31.073 [JavaFX Application Thread] DEBUG LoopRunner           - Starting loop
16:30:31.073 [JavaFX Application Thread] DEBUG LoopRunner           - Initializing JavaFX AnimationTimerLoop
16:30:31.073 [JavaFX Application Thread] DEBUG GameApplicationServi - Starting new game
16:30:31.074 [JavaFX Application Thread] DEBUG Input                - Clearing active input actions
16:30:31.080 [JavaFX Application Thread] DEBUG GameApplicationServi - Removing overlay from FXGLStartupScene and adding to FXGLLoadingScene
16:30:31.080 [JavaFX Application Thread] DEBUG PrimaryStageWindow   - FXGLStartupScene -> FXGLLoadingScene
16:30:31.080 [JavaFX Application Thread] DEBUG GameApplicationServi - Clearing previous game
16:30:31.080 [JavaFX Application Thread] DEBUG GameScene            - Clearing game scene
16:30:31.080 [JavaFX Application Thread] DEBUG GameWorld            - Clearing game world
16:30:31.080 [JavaFX Application Thread] DEBUG PhysicsWorld         - Clearing physics world
16:30:31.081 [FXGL Background Thread 4 ] DEBUG FXGLApplication      - Initializing game
16:30:31.084 [FXGL Background Thread 4 ] INFO  FXGLApplication      - Game initialization took: 0.003 sec
16:30:31.094 [JavaFX Application Thread] DEBUG FXGLApplication      - Registering font factories with UI factory
16:30:31.096 [JavaFX Application Thread] DEBUG Input                - Clearing active input actions
16:30:31.100 [JavaFX Application Thread] DEBUG GameApplicationServi - Removing overlay from FXGLLoadingScene and adding to GameScene
16:30:31.100 [JavaFX Application Thread] DEBUG PrimaryStageWindow   - FXGLLoadingScene -> GameScene
16:30:32.903 [FXGL Background Thread 2 ] INFO  UpdaterService       - Your current version:  17.3
16:30:32.903 [FXGL Background Thread 2 ] INFO  UpdaterService       - Latest stable version: 21.1
16:30:33.800 [JavaFX Application Thread] DEBUG FXGLApplication      - Exiting FXGL
16:30:33.800 [JavaFX Application Thread] DEBUG LoopRunner           - Stopping loop
16:30:33.800 [JavaFX Application Thread] DEBUG SystemBundleService  - Saving FXGL system data
16:30:33.804 [JavaFX Application Thread] DEBUG FileSystemAccess     - Writing to: /Users/huyle/Downloads/demo-main/system/fxgl.bundle
16:30:33.807 [JavaFX Application Thread] DEBUG Async                - Shutting down background threads
16:30:33.808 [JavaFX Application Thread] DEBUG PrimaryStageWindow   - Closing main window
16:30:33.844 [JavaFX Application Thread] DEBUG Logger               - Closing Logger
