17:03:46.760 [main                     ] DEBUG Logger               - Configured Logger
17:03:46.768 [main                     ] DEBUG GameApplication      - Logging settings
Title: Akanov-an225
Version: 0.2
Width: 960
Height: 720
Fullscreen: false
Intro: false
Profiling: false
Single step:false
App Mode: DEVELOPER
Menu Key: ESCAPE
Stage Style: DECORATED
Scene Factory: class view.GeneralInit$1

17:03:47.162 [JavaFX Application Thread] DEBUG FXGLApplication      - Initializing FXGL
17:03:47.166 [JavaFX Application Thread] INFO  Engine               - FXGL-17.3 (30.03.2023 11.49) on WINDOWS (J:24.0.2 FX:21.0.6)
17:03:47.166 [JavaFX Application Thread] DEBUG Engine               - JRE Vendor Name: Oracle Corporation
17:03:47.166 [JavaFX Application Thread] DEBUG Engine               - Running on OS: Windows 11 version 10.0
17:03:47.166 [JavaFX Application Thread] DEBUG Engine               - Architecture: amd64
17:03:47.166 [JavaFX Application Thread] INFO  Engine               - Source code and latest versions at: https://github.com/AlmasB/FXGL
17:03:47.166 [JavaFX Application Thread] INFO  Engine               -       Ask questions and discuss at: https://github.com/AlmasB/FXGL/discussions
17:03:47.167 [JavaFX Application Thread] INFO  Engine               -              Join the FXGL chat at: https://gitter.im/AlmasB/FXGL
17:03:47.309 [JavaFX Application Thread] DEBUG PrimaryStageWindow   - Creating a JavaFX scene
17:03:47.369 [JavaFX Application Thread] DEBUG PrimaryStageWindow   - Target settings size: 960.0 x 720.0
17:03:47.369 [JavaFX Application Thread] DEBUG PrimaryStageWindow   - Scaled scene size:    960.0 x 720.0
17:03:47.369 [JavaFX Application Thread] DEBUG PrimaryStageWindow   - Scaled ratio: (1.0, 1.0)
17:03:47.370 [JavaFX Application Thread] DEBUG PrimaryStageWindow   - Set initial scene to FXGLStartupScene
17:03:47.374 [JavaFX Application Thread] DEBUG PrimaryStageWindow   - Opening main window
17:03:47.481 [JavaFX Application Thread] DEBUG PrimaryStageWindow   - Window border size: (13.823974609375, 37.24798583984375)
17:03:47.481 [JavaFX Application Thread] DEBUG PrimaryStageWindow   - Scaled size: 960.0 x 720.0
17:03:47.481 [JavaFX Application Thread] DEBUG PrimaryStageWindow   - Scaled ratio: (1.0, 1.0)
17:03:47.482 [JavaFX Application Thread] DEBUG PrimaryStageWindow   - Scene size: 960.0 x 720.0
17:03:47.482 [JavaFX Application Thread] DEBUG PrimaryStageWindow   - Stage size: 973.823974609375 x 757.2479858398438
17:03:47.494 [FXGL Background Thread 1 ] DEBUG Engine               - Initializing environment variables
17:03:47.579 [FXGL Background Thread 1 ] DEBUG FXGLAssetLoaderServi - User app class for loading assets: class view.Launch
17:03:47.579 [FXGL Background Thread 1 ] DEBUG GameApplicationServi - Applying CSS: fxgl_dark.css
17:03:47.580 [FXGL Background Thread 1 ] DEBUG FXGLAssetLoaderServi - Loading from file system: jar:file:///C:/Users/Tuanngth/.m2/repository/com/github/almasb/fxgl/17.3/fxgl-17.3.jar!/fxglassets/ui/css/fxgl_dark.css
17:03:47.628 [FXGL Background Thread 1 ] DEBUG GameApplicationServi - Initializing application scenes
17:03:47.673 [FXGL Background Thread 1 ] DEBUG GameWorld            - Game world initialized
17:03:47.730 [FXGL Background Thread 1 ] DEBUG PhysicsWorld         - Physics world initialized: appHeight=720, physics.ppm=50,0
17:03:47.730 [FXGL Background Thread 1 ] DEBUG PhysicsWorld         - Using strategy: BRUTE_FORCE
17:03:47.734 [FXGL Background Thread 1 ] DEBUG GameScene            - Game scene initialized: 960x720
17:03:47.744 [FXGL Background Thread 1 ] DEBUG FXGL.DefaultMenu     - createMenuBodyMainMenu()
17:03:47.761 [FXGL Background Thread 1 ] DEBUG FXGL.DefaultMenu     - createOptionsMenu()
17:03:47.770 [FXGL Background Thread 1 ] DEBUG FXGLAssetLoaderServi - Loading from file system: jar:file:///C:/Users/Tuanngth/.m2/repository/com/github/almasb/fxgl/17.3/fxgl-17.3.jar!/fxglassets/textures/particles/smoke.png
17:03:47.872 [FXGL Background Thread 1 ] DEBUG FXGLAssetLoaderServi - Loading from file system: jar:file:///C:/Users/Tuanngth/.m2/repository/com/github/almasb/fxgl/17.3/fxgl-17.3.jar!/fxglassets/textures/particles/trace_horizontal.png
17:03:47.897 [FXGL Background Thread 1 ] DEBUG FXGL.DefaultMenu     - createMenuBodyGameMenu()
17:03:47.898 [FXGL Background Thread 1 ] DEBUG FXGL.DefaultMenu     - createOptionsMenu()
17:03:47.912 [FXGL Background Thread 1 ] DEBUG GameApplicationServi - Application scenes initialized
17:03:47.921 [FXGL Background Thread 1 ] DEBUG SystemBundleService  - Loading FXGL system data
17:03:47.925 [FXGL Background Thread 1 ] DEBUG FileSystemAccess     - Reading from: C:\Users\Tuanngth\Desktop\akanov-an225-huy\system\fxgl.bundle
17:03:47.932 [FXGL Background Thread 1 ] DEBUG SystemBundleService  - Bundle FXGL: {}
17:03:47.932 [FXGL Background Thread 1 ] DEBUG UpdaterService       - Checking for updates
17:03:47.939 [FXGL Background Thread 1 ] DEBUG FXGLApplication      - Loading default localization
17:03:47.939 [FXGL Background Thread 4 ] DEBUG FXGLApplication      - Loading fonts
17:03:47.940 [FXGL Background Thread 1 ] DEBUG FXGLAssetLoaderServi - Loading from file system: jar:file:///C:/Users/Tuanngth/.m2/repository/com/github/almasb/fxgl/17.3/fxgl-17.3.jar!/fxglassets/languages/english.lang
17:03:47.940 [FXGL Background Thread 4 ] DEBUG FXGLAssetLoaderServi - Loading from file system: jar:file:///C:/Users/Tuanngth/.m2/repository/com/github/almasb/fxgl/17.3/fxgl-17.3.jar!/fxglassets/ui/fonts/VarelaRound-Regular.ttf
17:03:47.998 [FXGL Background Thread 4 ] DEBUG FXGLAssetLoaderServi - Loading from file system: jar:file:///C:/Users/Tuanngth/.m2/repository/com/github/almasb/fxgl/17.3/fxgl-17.3.jar!/fxglassets/ui/fonts/Abel-Regular.ttf
17:03:48.000 [FXGL Background Thread 1 ] INFO  FXGLApplication      - FXGL initialization took: 0,505 sec
17:03:48.004 [FXGL Background Thread 4 ] DEBUG FXGLAssetLoaderServi - Loading from file system: jar:file:///C:/Users/Tuanngth/.m2/repository/com/github/almasb/fxgl/17.3/fxgl-17.3.jar!/fxglassets/ui/fonts/TerminalLandMono-Regular.otf
17:03:48.008 [JavaFX Application Thread] DEBUG Input                - Registered new binding: action0 - Right
17:03:48.009 [JavaFX Application Thread] DEBUG Input                - Registered new binding: action1 - Left
17:03:48.009 [JavaFX Application Thread] DEBUG Input                - Registered new binding: action2 - D
17:03:48.009 [FXGL Background Thread 4 ] DEBUG FXGLAssetLoaderServi - Loading from file system: jar:file:///C:/Users/Tuanngth/.m2/repository/com/github/almasb/fxgl/17.3/fxgl-17.3.jar!/fxglassets/ui/fonts/Courier-Prime.ttf
17:03:48.009 [JavaFX Application Thread] DEBUG FXGLAssetLoaderServi - Loading from file system: jar:file:///C:/Users/Tuanngth/.m2/repository/com/github/almasb/fxgl/17.3/fxgl-17.3.jar!/fxglassets/textures/fxgl_icon.png
17:03:48.025 [JavaFX Application Thread] DEBUG FXGLAssetLoaderServi - Loading from file system: jar:file:///C:/Users/Tuanngth/.m2/repository/com/github/almasb/fxgl/17.3/fxgl-17.3.jar!/fxglassets/textures/fxgl_default_cursor.png
17:03:48.027 [JavaFX Application Thread] DEBUG Input                - Registered new binding: Screenshot - CTRL+8
17:03:48.027 [JavaFX Application Thread] DEBUG Input                - Registered new binding: System info dump - CTRL+9
17:03:48.028 [JavaFX Application Thread] DEBUG Input                - Registered new binding: Restart - CTRL+R
17:03:48.028 [JavaFX Application Thread] DEBUG Input                - Registered new binding: Toggle Debug Camera - CTRL+7
17:03:48.031 [JavaFX Application Thread] DEBUG LoopRunner           - Starting loop
17:03:48.031 [JavaFX Application Thread] DEBUG LoopRunner           - Initializing JavaFX AnimationTimerLoop
17:03:48.035 [JavaFX Application Thread] DEBUG Input                - Clearing active input actions
17:03:48.042 [JavaFX Application Thread] DEBUG GameApplicationServi - Removing overlay from FXGLStartupScene and adding to FXGLMainMenuDummyScene
17:03:48.042 [JavaFX Application Thread] DEBUG PrimaryStageWindow   - FXGLStartupScene -> FXGLMainMenuDummyScene
17:03:48.042 [JavaFX Application Thread] DEBUG PrimaryStageWindow   - Push state: Menu
17:03:48.062 [JavaFX Application Thread] DEBUG Input                - Clearing active input actions
17:03:48.080 [JavaFX Application Thread] DEBUG GameApplicationServi - Removing overlay from FXGLMainMenuDummyScene and adding to Menu
17:03:48.080 [JavaFX Application Thread] DEBUG PrimaryStageWindow   - FXGLMainMenuDummyScene -> Menu
17:03:48.081 [JavaFX Application Thread] DEBUG FXGLApplication      - Registering font factories with UI factory
17:03:48.797 [FXGL Background Thread 2 ] INFO  UpdaterService       - Your current version:  17.3
17:03:48.797 [FXGL Background Thread 2 ] INFO  UpdaterService       - Latest stable version: 21.1
17:03:50.937 [FXGL Background Thread 3 ] DEBUG Engine               - Logging environment variables
17:03:50.940 [FXGL Background Thread 3 ] DEBUG Engine               - achievements: []
17:03:50.941 [FXGL Background Thread 3 ] DEBUG Engine               - actualHeight: 720.0
17:03:50.941 [FXGL Background Thread 3 ] DEBUG Engine               - actualHeightProperty: ReadOnlyDoubleProperty [value: 720.0]
17:03:50.941 [FXGL Background Thread 3 ] DEBUG Engine               - actualWidth: 960.0
17:03:50.941 [FXGL Background Thread 3 ] DEBUG Engine               - actualWidthProperty: ReadOnlyDoubleProperty [value: 960.0]
17:03:50.941 [FXGL Background Thread 3 ] DEBUG Engine               - appIcon: fxgl_icon.png
17:03:50.942 [FXGL Background Thread 3 ] DEBUG Engine               - applicationMode: DEVELOPER
17:03:50.942 [FXGL Background Thread 3 ] DEBUG Engine               - cSSList: [fxgl_dark.css]
17:03:50.942 [FXGL Background Thread 3 ] DEBUG Engine               - collisionDetectionStrategy: BRUTE_FORCE
17:03:50.942 [FXGL Background Thread 3 ] DEBUG Engine               - configClass: Optional.empty
17:03:50.942 [FXGL Background Thread 3 ] DEBUG Engine               - credits: []
17:03:50.944 [FXGL Background Thread 3 ] DEBUG Engine               - defaultCursor: CursorInfo(imageName=fxgl_default_cursor.png, hotspotX=7.0, hotspotY=6.0)
17:03:50.944 [FXGL Background Thread 3 ] DEBUG Engine               - devBBoxColorProperty: ObjectProperty [value: 0xff0000ff]
17:03:50.944 [FXGL Background Thread 3 ] DEBUG Engine               - devEnableDebugCameraProperty: BooleanProperty [value: false]
17:03:50.945 [FXGL Background Thread 3 ] DEBUG Engine               - devSensorColorProperty: ObjectProperty [value: 0xffff00ff]
17:03:50.945 [FXGL Background Thread 3 ] DEBUG Engine               - devShowBBoxProperty: BooleanProperty [value: false]
17:03:50.945 [FXGL Background Thread 3 ] DEBUG Engine               - devShowPositionProperty: BooleanProperty [value: false]
17:03:50.945 [FXGL Background Thread 3 ] DEBUG Engine               - enabledMenuItems: []
17:03:50.945 [FXGL Background Thread 3 ] DEBUG Engine               - engineServices: [class com.almasb.fxgl.app.services.FXGLAssetLoaderService, class com.almasb.fxgl.app.FXGLApplication$GameApplicationService, class com.almasb.fxgl.app.services.FXGLDialogService, class com.almasb.fxgl.app.services.IOTaskExecutorService, class com.almasb.fxgl.io.FileSystemService, class com.almasb.fxgl.localization.LocalizationService, class com.almasb.fxgl.app.services.SystemBundleService, class com.almasb.fxgl.profile.SaveLoadService, class com.almasb.fxgl.ui.FXGLUIFactoryServiceProvider, class com.almasb.fxgl.ui.FXGLDialogFactoryServiceProvider, class com.almasb.fxgl.audio.AudioPlayer, class com.almasb.fxgl.notification.impl.NotificationServiceProvider, class com.almasb.fxgl.achievement.AchievementService, class com.almasb.fxgl.cutscene.CutsceneService, class com.almasb.fxgl.minigames.MiniGameService, class com.almasb.fxgl.net.NetService, class com.almasb.fxgl.app.services.UpdaterService, class com.almasb.fxgl.dev.DevService]
17:03:50.945 [FXGL Background Thread 3 ] DEBUG Engine               - fontGame: Abel-Regular.ttf
17:03:50.945 [FXGL Background Thread 3 ] DEBUG Engine               - fontMono: TerminalLandMono-Regular.otf
17:03:50.945 [FXGL Background Thread 3 ] DEBUG Engine               - fontSizeScaleUI: 1.0
17:03:50.945 [FXGL Background Thread 3 ] DEBUG Engine               - fontText: Courier-Prime.ttf
17:03:50.946 [FXGL Background Thread 3 ] DEBUG Engine               - fontUI: VarelaRound-Regular.ttf
17:03:50.946 [FXGL Background Thread 3 ] DEBUG Engine               - fullScreen: BooleanProperty [value: false]
17:03:50.946 [FXGL Background Thread 3 ] DEBUG Engine               - gameDifficulty: MEDIUM
17:03:50.946 [FXGL Background Thread 3 ] DEBUG Engine               - gameDifficultyProperty: ObjectProperty [value: MEDIUM]
17:03:50.946 [FXGL Background Thread 3 ] DEBUG Engine               - globalMusicVolume: 0.5
17:03:50.946 [FXGL Background Thread 3 ] DEBUG Engine               - globalMusicVolumeProperty: DoubleProperty [value: 0.5]
17:03:50.946 [FXGL Background Thread 3 ] DEBUG Engine               - globalSoundVolume: 0.5
17:03:50.946 [FXGL Background Thread 3 ] DEBUG Engine               - globalSoundVolumeProperty: DoubleProperty [value: 0.5]
17:03:50.946 [FXGL Background Thread 3 ] DEBUG Engine               - height: 720
17:03:50.946 [FXGL Background Thread 3 ] DEBUG Engine               - is3D: false
17:03:50.946 [FXGL Background Thread 3 ] DEBUG Engine               - isAndroid: false
17:03:50.946 [FXGL Background Thread 3 ] DEBUG Engine               - isBrowser: false
17:03:50.947 [FXGL Background Thread 3 ] DEBUG Engine               - isClickFeedbackEnabled: false
17:03:50.947 [FXGL Background Thread 3 ] DEBUG Engine               - isCloseConfirmation: false
17:03:50.947 [FXGL Background Thread 3 ] DEBUG Engine               - isDesktop: true
17:03:50.947 [FXGL Background Thread 3 ] DEBUG Engine               - isDeveloperMenuEnabled: false
17:03:50.947 [FXGL Background Thread 3 ] DEBUG Engine               - isEmbedded: false
17:03:50.947 [FXGL Background Thread 3 ] DEBUG Engine               - isEntityPreloadEnabled: true
17:03:50.947 [FXGL Background Thread 3 ] DEBUG Engine               - isExperimentalTiledLargeMap: false
17:03:50.947 [FXGL Background Thread 3 ] DEBUG Engine               - isFileSystemWriteAllowed: true
17:03:50.947 [FXGL Background Thread 3 ] DEBUG Engine               - isFullScreenAllowed: false
17:03:50.948 [FXGL Background Thread 3 ] DEBUG Engine               - isFullScreenFromStart: false
17:03:50.948 [FXGL Background Thread 3 ] DEBUG Engine               - isGameMenuEnabled: true
17:03:50.948 [FXGL Background Thread 3 ] DEBUG Engine               - isIOS: false
17:03:50.948 [FXGL Background Thread 3 ] DEBUG Engine               - isIntroEnabled: false
17:03:50.948 [FXGL Background Thread 3 ] DEBUG Engine               - isLinux: false
17:03:50.948 [FXGL Background Thread 3 ] DEBUG Engine               - isMac: false
17:03:50.948 [FXGL Background Thread 3 ] DEBUG Engine               - isMainMenuEnabled: true
17:03:50.948 [FXGL Background Thread 3 ] DEBUG Engine               - isManualResizeEnabled: false
17:03:50.948 [FXGL Background Thread 3 ] DEBUG Engine               - isMobile: false
17:03:50.948 [FXGL Background Thread 3 ] DEBUG Engine               - isNative: false
17:03:50.948 [FXGL Background Thread 3 ] DEBUG Engine               - isPauseMusicWhenMinimized: true
17:03:50.948 [FXGL Background Thread 3 ] DEBUG Engine               - isPreserveResizeRatio: false
17:03:50.948 [FXGL Background Thread 3 ] DEBUG Engine               - isProfilingEnabled: false
17:03:50.949 [FXGL Background Thread 3 ] DEBUG Engine               - isScaleAffectedOnResize: true
17:03:50.949 [FXGL Background Thread 3 ] DEBUG Engine               - isSingleStep: false
17:03:50.949 [FXGL Background Thread 3 ] DEBUG Engine               - isUserProfileEnabled: false
17:03:50.949 [FXGL Background Thread 3 ] DEBUG Engine               - isWindows: true
17:03:50.949 [FXGL Background Thread 3 ] DEBUG Engine               - language: ObjectProperty [value: ENGLISH]
17:03:50.949 [FXGL Background Thread 3 ] DEBUG Engine               - menuKey: ESCAPE
17:03:50.949 [FXGL Background Thread 3 ] DEBUG Engine               - mouseSensitivity: 0.2
17:03:50.949 [FXGL Background Thread 3 ] DEBUG Engine               - notificationViewClass: class com.almasb.fxgl.notification.view.XboxNotificationView
17:03:50.949 [FXGL Background Thread 3 ] DEBUG Engine               - pixelsPerMeter: 50.0
17:03:50.949 [FXGL Background Thread 3 ] DEBUG Engine               - platform: WINDOWS
17:03:50.949 [FXGL Background Thread 3 ] DEBUG Engine               - prefHeightProperty: ReadOnlyDoubleProperty [value: 720.0]
17:03:50.949 [FXGL Background Thread 3 ] DEBUG Engine               - prefWidthProperty: ReadOnlyDoubleProperty [value: 960.0]
17:03:50.949 [FXGL Background Thread 3 ] DEBUG Engine               - profileDir: profiles/
17:03:50.949 [FXGL Background Thread 3 ] DEBUG Engine               - profileName: StringProperty [value: DEFAULT]
17:03:50.949 [FXGL Background Thread 3 ] DEBUG Engine               - randomSeed: -1
17:03:50.950 [FXGL Background Thread 3 ] DEBUG Engine               - runtimeInfo: RuntimeInfo(platform=WINDOWS, version=17.3, build=30.03.2023 11.49)
17:03:50.950 [FXGL Background Thread 3 ] DEBUG Engine               - saveFileExt: sav
17:03:50.950 [FXGL Background Thread 3 ] DEBUG Engine               - scaledHeightProp$fxgl: DoubleProperty [bound, value: 720.0]
17:03:50.950 [FXGL Background Thread 3 ] DEBUG Engine               - scaledWidthProp$fxgl: DoubleProperty [bound, value: 960.0]
17:03:50.950 [FXGL Background Thread 3 ] DEBUG Engine               - sceneFactory: view.GeneralInit$1@1942f9c1
17:03:50.950 [FXGL Background Thread 3 ] DEBUG Engine               - secondsIn24h: 60
17:03:50.950 [FXGL Background Thread 3 ] DEBUG Engine               - soundMenuBack: menu/back.wav
17:03:50.950 [FXGL Background Thread 3 ] DEBUG Engine               - soundMenuPress: menu/press.wav
17:03:50.950 [FXGL Background Thread 3 ] DEBUG Engine               - soundMenuSelect: menu/select.wav
17:03:50.950 [FXGL Background Thread 3 ] DEBUG Engine               - soundNotification: core/notification.wav
17:03:50.950 [FXGL Background Thread 3 ] DEBUG Engine               - stageStyle: DECORATED
17:03:50.950 [FXGL Background Thread 3 ] DEBUG Engine               - supportedLanguages: [ENGLISH, FRENCH, GERMAN, HUNGARIAN, RUSSIAN]
17:03:50.950 [FXGL Background Thread 3 ] DEBUG Engine               - ticksPerSecond: -1
17:03:50.950 [FXGL Background Thread 3 ] DEBUG Engine               - title: Akanov-an225
17:03:50.950 [FXGL Background Thread 3 ] DEBUG Engine               - urlGithub: https://github.com/AlmasB/FXGL
17:03:50.950 [FXGL Background Thread 3 ] DEBUG Engine               - urlLeaderboard: http://fxgl-top.herokuapp.com/
17:03:50.951 [FXGL Background Thread 3 ] DEBUG Engine               - urlPOM: https://raw.githubusercontent.com/AlmasB/FXGL/release/README.md
17:03:50.951 [FXGL Background Thread 3 ] DEBUG Engine               - userAppClass: class view.Launch
17:03:50.951 [FXGL Background Thread 3 ] DEBUG Engine               - version: 0.2
17:03:50.951 [FXGL Background Thread 3 ] DEBUG Engine               - versionCheckDays: 7
17:03:50.951 [FXGL Background Thread 3 ] DEBUG Engine               - width: 960
17:03:50.951 [FXGL Background Thread 3 ] DEBUG Engine               - Logging services
17:03:50.951 [FXGL Background Thread 3 ] DEBUG Engine               - class com.almasb.fxgl.app.services.FXGLAssetLoaderService
17:03:50.951 [FXGL Background Thread 3 ] DEBUG Engine               - class com.almasb.fxgl.app.FXGLApplication$GameApplicationService
17:03:50.951 [FXGL Background Thread 3 ] DEBUG Engine               - class com.almasb.fxgl.app.services.FXGLDialogService
17:03:50.951 [FXGL Background Thread 3 ] DEBUG Engine               - class com.almasb.fxgl.app.services.IOTaskExecutorService
17:03:50.951 [FXGL Background Thread 3 ] DEBUG Engine               - class com.almasb.fxgl.io.FileSystemService
17:03:50.951 [FXGL Background Thread 3 ] DEBUG Engine               - class com.almasb.fxgl.localization.LocalizationService
17:03:50.951 [FXGL Background Thread 3 ] DEBUG Engine               - class com.almasb.fxgl.app.services.SystemBundleService
17:03:50.951 [FXGL Background Thread 3 ] DEBUG Engine               - class com.almasb.fxgl.profile.SaveLoadService
17:03:50.951 [FXGL Background Thread 3 ] DEBUG Engine               - class com.almasb.fxgl.ui.FXGLUIFactoryServiceProvider
17:03:50.951 [FXGL Background Thread 3 ] DEBUG Engine               - class com.almasb.fxgl.ui.FXGLDialogFactoryServiceProvider
17:03:50.951 [FXGL Background Thread 3 ] DEBUG Engine               - class com.almasb.fxgl.audio.AudioPlayer
17:03:50.952 [FXGL Background Thread 3 ] DEBUG Engine               - class com.almasb.fxgl.notification.impl.NotificationServiceProvider
17:03:50.952 [FXGL Background Thread 3 ] DEBUG Engine               - class com.almasb.fxgl.achievement.AchievementService
17:03:50.952 [FXGL Background Thread 3 ] DEBUG Engine               - class com.almasb.fxgl.cutscene.CutsceneService
17:03:50.952 [FXGL Background Thread 3 ] DEBUG Engine               - class com.almasb.fxgl.minigames.MiniGameService
17:03:50.952 [FXGL Background Thread 3 ] DEBUG Engine               - class com.almasb.fxgl.net.NetService
17:03:50.952 [FXGL Background Thread 3 ] DEBUG Engine               - class com.almasb.fxgl.app.services.UpdaterService
17:03:50.952 [FXGL Background Thread 3 ] DEBUG Engine               - class com.almasb.fxgl.dev.DevService
17:03:51.788 [JavaFX Application Thread] DEBUG FXGL.DefaultMenu     - createContentGameplay()
17:03:52.535 [JavaFX Application Thread] DEBUG FXGL.DefaultMenu     - createContentControls()
17:03:53.038 [JavaFX Application Thread] DEBUG FXGL.DefaultMenu     - createContentVideo()
17:03:53.556 [JavaFX Application Thread] DEBUG FXGL.DefaultMenu     - createContentAudio()
17:03:54.708 [JavaFX Application Thread] DEBUG PrimaryStageWindow   - Push state: DialogSubScene
17:03:54.709 [JavaFX Application Thread] DEBUG Input                - Clearing active input actions
17:03:54.709 [JavaFX Application Thread] DEBUG GameApplicationServi - Removing overlay from Menu and adding to DialogSubScene
17:03:54.710 [JavaFX Application Thread] DEBUG PrimaryStageWindow   - Menu -> DialogSubScene
17:03:56.419 [JavaFX Application Thread] DEBUG PrimaryStageWindow   - Pop state: DialogSubScene
17:03:56.420 [JavaFX Application Thread] DEBUG Input                - Clearing active input actions
17:03:56.421 [JavaFX Application Thread] DEBUG GameApplicationServi - Removing overlay from DialogSubScene and adding to Menu
17:03:56.421 [JavaFX Application Thread] DEBUG PrimaryStageWindow   - Menu <- DialogSubScene
17:03:56.423 [JavaFX Application Thread] DEBUG Menu                 - restoreDefaultSettings()
17:03:59.882 [JavaFX Application Thread] DEBUG FXGLApplication      - Exiting FXGL
17:03:59.883 [JavaFX Application Thread] DEBUG LoopRunner           - Stopping loop
17:03:59.883 [JavaFX Application Thread] DEBUG SystemBundleService  - Saving FXGL system data
17:03:59.886 [JavaFX Application Thread] DEBUG FileSystemAccess     - Writing to: C:\Users\Tuanngth\Desktop\akanov-an225-huy\system\fxgl.bundle
17:03:59.890 [JavaFX Application Thread] DEBUG Async                - Shutting down background threads
17:03:59.890 [JavaFX Application Thread] DEBUG PrimaryStageWindow   - Closing main window
17:03:59.931 [JavaFX Application Thread] DEBUG Logger               - Closing Logger
