23:16:59.645 [main                     ] DEBUG Logger               - Configured Logger
23:16:59.654 [main                     ] DEBUG GameApplication      - Logging settings
Title: Akanov-an225
Version: 0.2
Width: 960
Height: 720
Fullscreen: false
Intro: false
Profiling: false
Single step:false
App Mode: DEVELOPER
Menu Key: ESCAPE
Stage Style: DECORATED
Scene Factory: class view.GeneralInit$1

23:17:00.112 [JavaFX Application Thread] DEBUG FXGLApplication      - Initializing FXGL
23:17:00.115 [JavaFX Application Thread] INFO  Engine               - FXGL-17.3 (30.03.2023 11.49) on WINDOWS (J:24.0.2 FX:21.0.6)
23:17:00.115 [JavaFX Application Thread] DEBUG Engine               - JRE Vendor Name: Oracle Corporation
23:17:00.115 [JavaFX Application Thread] DEBUG Engine               - Running on OS: Windows 11 version 10.0
23:17:00.115 [JavaFX Application Thread] DEBUG Engine               - Architecture: amd64
23:17:00.115 [JavaFX Application Thread] INFO  Engine               - Source code and latest versions at: https://github.com/AlmasB/FXGL
23:17:00.115 [JavaFX Application Thread] INFO  Engine               -       Ask questions and discuss at: https://github.com/AlmasB/FXGL/discussions
23:17:00.116 [JavaFX Application Thread] INFO  Engine               -              Join the FXGL chat at: https://gitter.im/AlmasB/FXGL
23:17:00.207 [JavaFX Application Thread] DEBUG PrimaryStageWindow   - Creating a JavaFX scene
23:17:00.261 [JavaFX Application Thread] DEBUG PrimaryStageWindow   - Target settings size: 960.0 x 720.0
23:17:00.261 [JavaFX Application Thread] DEBUG PrimaryStageWindow   - Scaled scene size:    960.0 x 720.0
23:17:00.261 [JavaFX Application Thread] DEBUG PrimaryStageWindow   - Scaled ratio: (1.0, 1.0)
23:17:00.262 [JavaFX Application Thread] DEBUG PrimaryStageWindow   - Set initial scene to FXGLStartupScene
23:17:00.264 [JavaFX Application Thread] DEBUG PrimaryStageWindow   - Opening main window
23:17:00.377 [JavaFX Application Thread] DEBUG PrimaryStageWindow   - Window border size: (14.66668701171875, 37.33331298828125)
23:17:00.377 [JavaFX Application Thread] DEBUG PrimaryStageWindow   - Scaled size: 960.0 x 720.0
23:17:00.377 [JavaFX Application Thread] DEBUG PrimaryStageWindow   - Scaled ratio: (1.0, 1.0)
23:17:00.378 [JavaFX Application Thread] DEBUG PrimaryStageWindow   - Scene size: 960.0 x 720.0
23:17:00.378 [JavaFX Application Thread] DEBUG PrimaryStageWindow   - Stage size: 974.6666870117188 x 757.3333129882812
23:17:00.387 [FXGL Background Thread 1 ] DEBUG Engine               - Initializing environment variables
23:17:00.448 [FXGL Background Thread 1 ] DEBUG FXGLAssetLoaderServi - User app class for loading assets: class view.Launch
23:17:00.449 [FXGL Background Thread 1 ] DEBUG GameApplicationServi - Applying CSS: fxgl_dark.css
23:17:00.450 [FXGL Background Thread 1 ] DEBUG FXGLAssetLoaderServi - Loading from file system: jar:file:///C:/Users/DELL/.m2/repository/com/github/almasb/fxgl/17.3/fxgl-17.3.jar!/fxglassets/ui/css/fxgl_dark.css
23:17:00.492 [FXGL Background Thread 1 ] DEBUG GameApplicationServi - Initializing application scenes
23:17:00.532 [FXGL Background Thread 1 ] DEBUG GameWorld            - Game world initialized
23:17:00.584 [FXGL Background Thread 1 ] DEBUG PhysicsWorld         - Physics world initialized: appHeight=720, physics.ppm=50.0
23:17:00.585 [FXGL Background Thread 1 ] DEBUG PhysicsWorld         - Using strategy: BRUTE_FORCE
23:17:00.588 [FXGL Background Thread 1 ] DEBUG GameScene            - Game scene initialized: 960x720
23:17:00.643 [FXGL Background Thread 1 ] DEBUG GameApplicationServi - Application scenes initialized
23:17:00.649 [FXGL Background Thread 1 ] DEBUG SystemBundleService  - Loading FXGL system data
23:17:00.653 [FXGL Background Thread 1 ] DEBUG FileSystemAccess     - Reading from: D:\akanov-an225\system\fxgl.bundle
23:17:00.663 [FXGL Background Thread 1 ] DEBUG SystemBundleService  - Bundle FXGL: {}
23:17:00.664 [FXGL Background Thread 1 ] DEBUG UpdaterService       - Checking for updates
23:17:00.667 [FXGL Background Thread 4 ] DEBUG FXGLApplication      - Loading fonts
23:17:00.668 [FXGL Background Thread 1 ] DEBUG FXGLApplication      - Loading default localization
23:17:00.668 [FXGL Background Thread 4 ] DEBUG FXGLAssetLoaderServi - Loading from file system: jar:file:///C:/Users/DELL/.m2/repository/com/github/almasb/fxgl/17.3/fxgl-17.3.jar!/fxglassets/ui/fonts/VarelaRound-Regular.ttf
23:17:00.668 [FXGL Background Thread 1 ] DEBUG FXGLAssetLoaderServi - Loading from file system: jar:file:///C:/Users/DELL/.m2/repository/com/github/almasb/fxgl/17.3/fxgl-17.3.jar!/fxglassets/languages/english.lang
23:17:00.686 [FXGL Background Thread 1 ] INFO  FXGLApplication      - FXGL initialization took: 0.298 sec
23:17:00.694 [JavaFX Application Thread] DEBUG Input                - Registered new binding: action0 - Right
23:17:00.696 [JavaFX Application Thread] DEBUG Input                - Registered new binding: action1 - Left
23:17:00.696 [JavaFX Application Thread] DEBUG Input                - Registered new binding: action2 - D
23:17:00.696 [JavaFX Application Thread] DEBUG Input                - Registered new binding: action3 - R
23:17:00.697 [JavaFX Application Thread] DEBUG FXGLAssetLoaderServi - Loading from file system: jar:file:///C:/Users/DELL/.m2/repository/com/github/almasb/fxgl/17.3/fxgl-17.3.jar!/fxglassets/textures/fxgl_icon.png
23:17:00.698 [FXGL Background Thread 4 ] DEBUG FXGLAssetLoaderServi - Loading from file system: jar:file:///C:/Users/DELL/.m2/repository/com/github/almasb/fxgl/17.3/fxgl-17.3.jar!/fxglassets/ui/fonts/Abel-Regular.ttf
23:17:00.700 [FXGL Background Thread 4 ] DEBUG FXGLAssetLoaderServi - Loading from file system: jar:file:///C:/Users/DELL/.m2/repository/com/github/almasb/fxgl/17.3/fxgl-17.3.jar!/fxglassets/ui/fonts/TerminalLandMono-Regular.otf
23:17:00.704 [FXGL Background Thread 4 ] DEBUG FXGLAssetLoaderServi - Loading from file system: jar:file:///C:/Users/DELL/.m2/repository/com/github/almasb/fxgl/17.3/fxgl-17.3.jar!/fxglassets/ui/fonts/Courier-Prime.ttf
23:17:00.725 [JavaFX Application Thread] DEBUG FXGLAssetLoaderServi - Loading from file system: jar:file:///C:/Users/DELL/.m2/repository/com/github/almasb/fxgl/17.3/fxgl-17.3.jar!/fxglassets/textures/fxgl_default_cursor.png
23:17:00.727 [JavaFX Application Thread] DEBUG Input                - Registered new binding: Screenshot - CTRL+8
23:17:00.729 [JavaFX Application Thread] DEBUG Input                - Registered new binding: System info dump - CTRL+9
23:17:00.729 [JavaFX Application Thread] DEBUG Input                - Registered new binding: Restart - CTRL+R
23:17:00.730 [JavaFX Application Thread] DEBUG Input                - Registered new binding: Toggle Debug Camera - CTRL+7
23:17:00.731 [JavaFX Application Thread] DEBUG LoopRunner           - Starting loop
23:17:00.732 [JavaFX Application Thread] DEBUG LoopRunner           - Initializing JavaFX AnimationTimerLoop
23:17:00.734 [JavaFX Application Thread] DEBUG Input                - Clearing active input actions
23:17:00.741 [JavaFX Application Thread] DEBUG GameApplicationServi - Removing overlay from FXGLStartupScene and adding to FXGLMainMenuDummyScene
23:17:00.742 [JavaFX Application Thread] DEBUG PrimaryStageWindow   - FXGLStartupScene -> FXGLMainMenuDummyScene
23:17:00.742 [JavaFX Application Thread] DEBUG PrimaryStageWindow   - Push state: MainMenu
23:17:00.742 [JavaFX Application Thread] DEBUG Input                - Clearing active input actions
23:17:00.743 [JavaFX Application Thread] DEBUG GameApplicationServi - Removing overlay from FXGLMainMenuDummyScene and adding to MainMenu
23:17:00.744 [JavaFX Application Thread] DEBUG PrimaryStageWindow   - FXGLMainMenuDummyScene -> MainMenu
23:17:00.744 [JavaFX Application Thread] DEBUG FXGLApplication      - Registering font factories with UI factory
23:17:01.234 [FXGL Background Thread 2 ] INFO  UpdaterService       - Your current version:  17.3
23:17:01.234 [FXGL Background Thread 2 ] INFO  UpdaterService       - Latest stable version: 21.1
23:17:01.383 [JavaFX Application Thread] DEBUG Menu                 - fireNewGame()
23:17:01.383 [JavaFX Application Thread] DEBUG GameApplicationServi - Starting new game
23:17:01.383 [JavaFX Application Thread] DEBUG PrimaryStageWindow   - Pop state: MainMenu
23:17:01.383 [JavaFX Application Thread] DEBUG Input                - Clearing active input actions
23:17:01.385 [JavaFX Application Thread] DEBUG GameApplicationServi - Removing overlay from MainMenu and adding to FXGLMainMenuDummyScene
23:17:01.385 [JavaFX Application Thread] DEBUG PrimaryStageWindow   - FXGLMainMenuDummyScene <- MainMenu
23:17:01.386 [JavaFX Application Thread] DEBUG Input                - Clearing active input actions
23:17:01.392 [JavaFX Application Thread] DEBUG GameApplicationServi - Removing overlay from FXGLMainMenuDummyScene and adding to FXGLLoadingScene
23:17:01.392 [JavaFX Application Thread] DEBUG PrimaryStageWindow   - FXGLMainMenuDummyScene -> FXGLLoadingScene
23:17:01.392 [JavaFX Application Thread] DEBUG GameApplicationServi - Clearing previous game
23:17:01.393 [JavaFX Application Thread] DEBUG GameScene            - Clearing game scene
23:17:01.393 [JavaFX Application Thread] DEBUG GameWorld            - Clearing game world
23:17:01.393 [JavaFX Application Thread] DEBUG PhysicsWorld         - Clearing physics world
23:17:01.396 [FXGL Background Thread 2 ] DEBUG FXGLApplication      - Initializing game
23:17:01.452 [FXGL Background Thread 2 ] WARN  Entity               - Entity already has component: com.almasb.fxgl.entity.components.BoundingBoxComponent
23:17:01.464 [FXGL Background Thread 2 ] WARN  Entity               - Entity already has component: com.almasb.fxgl.entity.components.BoundingBoxComponent
23:17:01.482 [FXGL Background Thread 2 ] INFO  FXGLApplication      - Game initialization took: 0.086 sec
23:17:01.488 [JavaFX Application Thread] DEBUG Input                - Clearing active input actions
23:17:01.494 [JavaFX Application Thread] DEBUG GameApplicationServi - Removing overlay from FXGLLoadingScene and adding to GameScene
23:17:01.494 [JavaFX Application Thread] DEBUG PrimaryStageWindow   - FXGLLoadingScene -> GameScene
23:17:03.667 [FXGL Background Thread 3 ] DEBUG Engine               - Logging environment variables
23:17:03.669 [FXGL Background Thread 3 ] DEBUG Engine               - achievements: []
23:17:03.669 [FXGL Background Thread 3 ] DEBUG Engine               - actualHeight: 720.0
23:17:03.669 [FXGL Background Thread 3 ] DEBUG Engine               - actualHeightProperty: ReadOnlyDoubleProperty [value: 720.0]
23:17:03.669 [FXGL Background Thread 3 ] DEBUG Engine               - actualWidth: 960.0
23:17:03.669 [FXGL Background Thread 3 ] DEBUG Engine               - actualWidthProperty: ReadOnlyDoubleProperty [value: 960.0]
23:17:03.670 [FXGL Background Thread 3 ] DEBUG Engine               - appIcon: fxgl_icon.png
23:17:03.670 [FXGL Background Thread 3 ] DEBUG Engine               - applicationMode: DEVELOPER
23:17:03.670 [FXGL Background Thread 3 ] DEBUG Engine               - cSSList: [fxgl_dark.css]
23:17:03.670 [FXGL Background Thread 3 ] DEBUG Engine               - collisionDetectionStrategy: BRUTE_FORCE
23:17:03.670 [FXGL Background Thread 3 ] DEBUG Engine               - configClass: Optional.empty
23:17:03.670 [FXGL Background Thread 3 ] DEBUG Engine               - credits: []
23:17:03.674 [FXGL Background Thread 3 ] DEBUG Engine               - defaultCursor: CursorInfo(imageName=fxgl_default_cursor.png, hotspotX=7.0, hotspotY=6.0)
23:17:03.674 [FXGL Background Thread 3 ] DEBUG Engine               - devBBoxColorProperty: ObjectProperty [value: 0xff0000ff]
23:17:03.674 [FXGL Background Thread 3 ] DEBUG Engine               - devEnableDebugCameraProperty: BooleanProperty [value: false]
23:17:03.674 [FXGL Background Thread 3 ] DEBUG Engine               - devSensorColorProperty: ObjectProperty [value: 0xffff00ff]
23:17:03.674 [FXGL Background Thread 3 ] DEBUG Engine               - devShowBBoxProperty: BooleanProperty [value: false]
23:17:03.674 [FXGL Background Thread 3 ] DEBUG Engine               - devShowPositionProperty: BooleanProperty [value: false]
23:17:03.674 [FXGL Background Thread 3 ] DEBUG Engine               - enabledMenuItems: []
23:17:03.674 [FXGL Background Thread 3 ] DEBUG Engine               - engineServices: [class com.almasb.fxgl.app.services.FXGLAssetLoaderService, class com.almasb.fxgl.app.FXGLApplication$GameApplicationService, class com.almasb.fxgl.app.services.FXGLDialogService, class com.almasb.fxgl.app.services.IOTaskExecutorService, class com.almasb.fxgl.io.FileSystemService, class com.almasb.fxgl.localization.LocalizationService, class com.almasb.fxgl.app.services.SystemBundleService, class com.almasb.fxgl.profile.SaveLoadService, class com.almasb.fxgl.ui.FXGLUIFactoryServiceProvider, class com.almasb.fxgl.ui.FXGLDialogFactoryServiceProvider, class com.almasb.fxgl.audio.AudioPlayer, class com.almasb.fxgl.notification.impl.NotificationServiceProvider, class com.almasb.fxgl.achievement.AchievementService, class com.almasb.fxgl.cutscene.CutsceneService, class com.almasb.fxgl.minigames.MiniGameService, class com.almasb.fxgl.net.NetService, class com.almasb.fxgl.app.services.UpdaterService, class com.almasb.fxgl.dev.DevService]
23:17:03.675 [FXGL Background Thread 3 ] DEBUG Engine               - fontGame: Abel-Regular.ttf
23:17:03.675 [FXGL Background Thread 3 ] DEBUG Engine               - fontMono: TerminalLandMono-Regular.otf
23:17:03.675 [FXGL Background Thread 3 ] DEBUG Engine               - fontSizeScaleUI: 1.0
23:17:03.675 [FXGL Background Thread 3 ] DEBUG Engine               - fontText: Courier-Prime.ttf
23:17:03.675 [FXGL Background Thread 3 ] DEBUG Engine               - fontUI: VarelaRound-Regular.ttf
23:17:03.675 [FXGL Background Thread 3 ] DEBUG Engine               - fullScreen: BooleanProperty [value: false]
23:17:03.675 [FXGL Background Thread 3 ] DEBUG Engine               - gameDifficulty: MEDIUM
23:17:03.675 [FXGL Background Thread 3 ] DEBUG Engine               - gameDifficultyProperty: ObjectProperty [value: MEDIUM]
23:17:03.675 [FXGL Background Thread 3 ] DEBUG Engine               - globalMusicVolume: 0.5
23:17:03.675 [FXGL Background Thread 3 ] DEBUG Engine               - globalMusicVolumeProperty: DoubleProperty [value: 0.5]
23:17:03.675 [FXGL Background Thread 3 ] DEBUG Engine               - globalSoundVolume: 0.5
23:17:03.675 [FXGL Background Thread 3 ] DEBUG Engine               - globalSoundVolumeProperty: DoubleProperty [value: 0.5]
23:17:03.675 [FXGL Background Thread 3 ] DEBUG Engine               - height: 720
23:17:03.675 [FXGL Background Thread 3 ] DEBUG Engine               - is3D: false
23:17:03.676 [FXGL Background Thread 3 ] DEBUG Engine               - isAndroid: false
23:17:03.676 [FXGL Background Thread 3 ] DEBUG Engine               - isBrowser: false
23:17:03.676 [FXGL Background Thread 3 ] DEBUG Engine               - isClickFeedbackEnabled: false
23:17:03.676 [FXGL Background Thread 3 ] DEBUG Engine               - isCloseConfirmation: false
23:17:03.676 [FXGL Background Thread 3 ] DEBUG Engine               - isDesktop: true
23:17:03.676 [FXGL Background Thread 3 ] DEBUG Engine               - isDeveloperMenuEnabled: false
23:17:03.676 [FXGL Background Thread 3 ] DEBUG Engine               - isEmbedded: false
23:17:03.676 [FXGL Background Thread 3 ] DEBUG Engine               - isEntityPreloadEnabled: true
23:17:03.676 [FXGL Background Thread 3 ] DEBUG Engine               - isExperimentalTiledLargeMap: false
23:17:03.676 [FXGL Background Thread 3 ] DEBUG Engine               - isFileSystemWriteAllowed: true
23:17:03.676 [FXGL Background Thread 3 ] DEBUG Engine               - isFullScreenAllowed: false
23:17:03.676 [FXGL Background Thread 3 ] DEBUG Engine               - isFullScreenFromStart: false
23:17:03.676 [FXGL Background Thread 3 ] DEBUG Engine               - isGameMenuEnabled: true
23:17:03.676 [FXGL Background Thread 3 ] DEBUG Engine               - isIOS: false
23:17:03.676 [FXGL Background Thread 3 ] DEBUG Engine               - isIntroEnabled: false
23:17:03.676 [FXGL Background Thread 3 ] DEBUG Engine               - isLinux: false
23:17:03.676 [FXGL Background Thread 3 ] DEBUG Engine               - isMac: false
23:17:03.676 [FXGL Background Thread 3 ] DEBUG Engine               - isMainMenuEnabled: true
23:17:03.676 [FXGL Background Thread 3 ] DEBUG Engine               - isManualResizeEnabled: false
23:17:03.676 [FXGL Background Thread 3 ] DEBUG Engine               - isMobile: false
23:17:03.676 [FXGL Background Thread 3 ] DEBUG Engine               - isNative: false
23:17:03.676 [FXGL Background Thread 3 ] DEBUG Engine               - isPauseMusicWhenMinimized: true
23:17:03.676 [FXGL Background Thread 3 ] DEBUG Engine               - isPreserveResizeRatio: false
23:17:03.676 [FXGL Background Thread 3 ] DEBUG Engine               - isProfilingEnabled: false
23:17:03.676 [FXGL Background Thread 3 ] DEBUG Engine               - isScaleAffectedOnResize: true
23:17:03.676 [FXGL Background Thread 3 ] DEBUG Engine               - isSingleStep: false
23:17:03.676 [FXGL Background Thread 3 ] DEBUG Engine               - isUserProfileEnabled: false
23:17:03.676 [FXGL Background Thread 3 ] DEBUG Engine               - isWindows: true
23:17:03.678 [FXGL Background Thread 3 ] DEBUG Engine               - language: ObjectProperty [value: ENGLISH]
23:17:03.678 [FXGL Background Thread 3 ] DEBUG Engine               - menuKey: ESCAPE
23:17:03.678 [FXGL Background Thread 3 ] DEBUG Engine               - mouseSensitivity: 0.2
23:17:03.678 [FXGL Background Thread 3 ] DEBUG Engine               - notificationViewClass: class com.almasb.fxgl.notification.view.XboxNotificationView
23:17:03.678 [FXGL Background Thread 3 ] DEBUG Engine               - pixelsPerMeter: 50.0
23:17:03.678 [FXGL Background Thread 3 ] DEBUG Engine               - platform: WINDOWS
23:17:03.678 [FXGL Background Thread 3 ] DEBUG Engine               - prefHeightProperty: ReadOnlyDoubleProperty [value: 720.0]
23:17:03.678 [FXGL Background Thread 3 ] DEBUG Engine               - prefWidthProperty: ReadOnlyDoubleProperty [value: 960.0]
23:17:03.678 [FXGL Background Thread 3 ] DEBUG Engine               - profileDir: profiles/
23:17:03.678 [FXGL Background Thread 3 ] DEBUG Engine               - profileName: StringProperty [value: DEFAULT]
23:17:03.678 [FXGL Background Thread 3 ] DEBUG Engine               - randomSeed: -1
23:17:03.678 [FXGL Background Thread 3 ] DEBUG Engine               - runtimeInfo: RuntimeInfo(platform=WINDOWS, version=17.3, build=30.03.2023 11.49)
23:17:03.678 [FXGL Background Thread 3 ] DEBUG Engine               - saveFileExt: sav
23:17:03.678 [FXGL Background Thread 3 ] DEBUG Engine               - scaledHeightProp$fxgl: DoubleProperty [bound, value: 720.0]
23:17:03.678 [FXGL Background Thread 3 ] DEBUG Engine               - scaledWidthProp$fxgl: DoubleProperty [bound, value: 960.0]
23:17:03.678 [FXGL Background Thread 3 ] DEBUG Engine               - sceneFactory: view.GeneralInit$1@66654692
23:17:03.678 [FXGL Background Thread 3 ] DEBUG Engine               - secondsIn24h: 60
23:17:03.678 [FXGL Background Thread 3 ] DEBUG Engine               - soundMenuBack: menu/back.wav
23:17:03.678 [FXGL Background Thread 3 ] DEBUG Engine               - soundMenuPress: menu/press.wav
23:17:03.678 [FXGL Background Thread 3 ] DEBUG Engine               - soundMenuSelect: menu/select.wav
23:17:03.678 [FXGL Background Thread 3 ] DEBUG Engine               - soundNotification: core/notification.wav
23:17:03.678 [FXGL Background Thread 3 ] DEBUG Engine               - stageStyle: DECORATED
23:17:03.679 [FXGL Background Thread 3 ] DEBUG Engine               - supportedLanguages: [ENGLISH, FRENCH, GERMAN, HUNGARIAN, RUSSIAN]
23:17:03.679 [FXGL Background Thread 3 ] DEBUG Engine               - ticksPerSecond: -1
23:17:03.679 [FXGL Background Thread 3 ] DEBUG Engine               - title: Akanov-an225
23:17:03.679 [FXGL Background Thread 3 ] DEBUG Engine               - urlGithub: https://github.com/AlmasB/FXGL
23:17:03.679 [FXGL Background Thread 3 ] DEBUG Engine               - urlLeaderboard: http://fxgl-top.herokuapp.com/
23:17:03.679 [FXGL Background Thread 3 ] DEBUG Engine               - urlPOM: https://raw.githubusercontent.com/AlmasB/FXGL/release/README.md
23:17:03.679 [FXGL Background Thread 3 ] DEBUG Engine               - userAppClass: class view.Launch
23:17:03.679 [FXGL Background Thread 3 ] DEBUG Engine               - version: 0.2
23:17:03.679 [FXGL Background Thread 3 ] DEBUG Engine               - versionCheckDays: 7
23:17:03.679 [FXGL Background Thread 3 ] DEBUG Engine               - width: 960
23:17:03.679 [FXGL Background Thread 3 ] DEBUG Engine               - Logging services
23:17:03.679 [FXGL Background Thread 3 ] DEBUG Engine               - class com.almasb.fxgl.app.services.FXGLAssetLoaderService
23:17:03.679 [FXGL Background Thread 3 ] DEBUG Engine               - class com.almasb.fxgl.app.FXGLApplication$GameApplicationService
23:17:03.679 [FXGL Background Thread 3 ] DEBUG Engine               - class com.almasb.fxgl.app.services.FXGLDialogService
23:17:03.679 [FXGL Background Thread 3 ] DEBUG Engine               - class com.almasb.fxgl.app.services.IOTaskExecutorService
23:17:03.679 [FXGL Background Thread 3 ] DEBUG Engine               - class com.almasb.fxgl.io.FileSystemService
23:17:03.679 [FXGL Background Thread 3 ] DEBUG Engine               - class com.almasb.fxgl.localization.LocalizationService
23:17:03.679 [FXGL Background Thread 3 ] DEBUG Engine               - class com.almasb.fxgl.app.services.SystemBundleService
23:17:03.679 [FXGL Background Thread 3 ] DEBUG Engine               - class com.almasb.fxgl.profile.SaveLoadService
23:17:03.679 [FXGL Background Thread 3 ] DEBUG Engine               - class com.almasb.fxgl.ui.FXGLUIFactoryServiceProvider
23:17:03.679 [FXGL Background Thread 3 ] DEBUG Engine               - class com.almasb.fxgl.ui.FXGLDialogFactoryServiceProvider
23:17:03.679 [FXGL Background Thread 3 ] DEBUG Engine               - class com.almasb.fxgl.audio.AudioPlayer
23:17:03.679 [FXGL Background Thread 3 ] DEBUG Engine               - class com.almasb.fxgl.notification.impl.NotificationServiceProvider
23:17:03.679 [FXGL Background Thread 3 ] DEBUG Engine               - class com.almasb.fxgl.achievement.AchievementService
23:17:03.679 [FXGL Background Thread 3 ] DEBUG Engine               - class com.almasb.fxgl.cutscene.CutsceneService
23:17:03.679 [FXGL Background Thread 3 ] DEBUG Engine               - class com.almasb.fxgl.minigames.MiniGameService
23:17:03.679 [FXGL Background Thread 3 ] DEBUG Engine               - class com.almasb.fxgl.net.NetService
23:17:03.679 [FXGL Background Thread 3 ] DEBUG Engine               - class com.almasb.fxgl.app.services.UpdaterService
23:17:03.679 [FXGL Background Thread 3 ] DEBUG Engine               - class com.almasb.fxgl.dev.DevService
23:17:10.182 [JavaFX Application Thread] DEBUG LoopRunner           - Stopping loop
23:17:10.185 [JavaFX Application Thread] FATAL FXGLApplication      - Uncaught Exception:
java.lang.IllegalArgumentException: Property ballManager does not exist
	at com.almasb.fxgl.core@17.3/com.almasb.fxgl.core.collection.PropertyMap.get(PropertyMap.kt:279)
	at com.almasb.fxgl.core@17.3/com.almasb.fxgl.core.collection.PropertyMap.objectProperty(PropertyMap.kt:179)
	at com.almasb.fxgl.core@17.3/com.almasb.fxgl.core.collection.PropertyMap.getObject(PropertyMap.kt:168)
	at com.almasb.fxgl.all@17.3/com.almasb.fxgl.dsl.FXGL$Companion.geto(FXGL.kt:314)
	at com.almasb.fxgl.all@17.3/com.almasb.fxgl.dsl.FXGL.geto(FXGL.kt)
	at view/controller.ball_control.BallManager.handleBall_OutScreen(BallManager.java:66)
	at view/controller.ball_control.Ball.update(Ball.java:141)
	at view/view.Launch.onUpdate(Launch.java:67)
	at com.almasb.fxgl.all@17.3/com.almasb.fxgl.app.FXGLApplication$GameApplicationService.onGameUpdate(FXGLApplication.kt:421)
	at com.almasb.fxgl.all@17.3/com.almasb.fxgl.app.Engine.onGameUpdate(Engine.kt:138)
	at com.almasb.fxgl.all@17.3/com.almasb.fxgl.app.FXGLApplication.postServicesInit$lambda$7(FXGLApplication.kt:182)
	at com.almasb.fxgl.scene@17.3/com.almasb.fxgl.scene.Scene.update(Scene.kt:113)
	at com.almasb.fxgl.all@17.3/com.almasb.fxgl.app.MainWindow$update$1.invoke(MainWindow.kt:115)
	at com.almasb.fxgl.all@17.3/com.almasb.fxgl.app.MainWindow$update$1.invoke(MainWindow.kt:115)
	at com.almasb.fxgl.core@17.3/com.almasb.fxgl.core.fsm.StateMachine.runOnActiveStates(StateMachine.kt:69)
	at com.almasb.fxgl.all@17.3/com.almasb.fxgl.app.MainWindow.update(MainWindow.kt:115)
	at com.almasb.fxgl.all@17.3/com.almasb.fxgl.app.FXGLApplication$GameApplicationService.onUpdate(FXGLApplication.kt:426)
	at com.almasb.fxgl.all@17.3/com.almasb.fxgl.app.Engine.loop(Engine.kt:134)
	at com.almasb.fxgl.all@17.3/com.almasb.fxgl.app.Engine.access$loop(Engine.kt:24)
	at com.almasb.fxgl.all@17.3/com.almasb.fxgl.app.Engine$loop$1.invoke(Engine.kt:28)
	at com.almasb.fxgl.all@17.3/com.almasb.fxgl.app.Engine$loop$1.invoke(Engine.kt:28)
	at com.almasb.fxgl.all@17.3/com.almasb.fxgl.app.LoopRunner.frame(LoopRunner.kt:103)
	at com.almasb.fxgl.all@17.3/com.almasb.fxgl.app.LoopRunner.access$frame(LoopRunner.kt:23)
	at com.almasb.fxgl.all@17.3/com.almasb.fxgl.app.LoopRunner$impl$2$1.onTick(LoopRunner.kt:57)
	at com.almasb.fxgl.all@17.3/com.almasb.fxgl.app.AnimationTimerLoop$timer$1.handle(LoopRunner.kt:137)
	at javafx.graphics@21.0.6/javafx.animation.AnimationTimer$AnimationTimerReceiver.lambda$handle$0(AnimationTimer.java:58)
	at java.base/java.security.AccessController.doPrivileged(AccessController.java:138)
	at javafx.graphics@21.0.6/javafx.animation.AnimationTimer$AnimationTimerReceiver.handle(AnimationTimer.java:57)
	at javafx.graphics@21.0.6/com.sun.scenario.animation.AbstractPrimaryTimer.timePulseImpl(AbstractPrimaryTimer.java:356)
	at javafx.graphics@21.0.6/com.sun.scenario.animation.AbstractPrimaryTimer$MainLoop.run(AbstractPrimaryTimer.java:266)
	at javafx.graphics@21.0.6/com.sun.javafx.tk.quantum.QuantumToolkit.pulse(QuantumToolkit.java:588)
	at javafx.graphics@21.0.6/com.sun.javafx.tk.quantum.QuantumToolkit.pulse(QuantumToolkit.java:572)
	at javafx.graphics@21.0.6/com.sun.javafx.tk.quantum.QuantumToolkit.pulseFromQueue(QuantumToolkit.java:565)
	at javafx.graphics@21.0.6/com.sun.javafx.tk.quantum.QuantumToolkit.lambda$runToolkit$11(QuantumToolkit.java:352)
	at javafx.graphics@21.0.6/com.sun.glass.ui.InvokeLaterDispatcher$Future.run(InvokeLaterDispatcher.java:95)
	at javafx.graphics@21.0.6/com.sun.glass.ui.win.WinApplication._runLoop(Native Method)
	at javafx.graphics@21.0.6/com.sun.glass.ui.win.WinApplication.lambda$runLoop$3(WinApplication.java:185)
	at java.base/java.lang.Thread.run(Thread.java:1447)

23:17:10.185 [JavaFX Application Thread] FATAL FXGLApplication      - Application will now exit
23:17:10.223 [JavaFX Application Thread] DEBUG PrimaryStageWindow   - Push state: ErrorSubScene
23:17:10.223 [JavaFX Application Thread] DEBUG Input                - Clearing active input actions
23:17:10.228 [JavaFX Application Thread] DEBUG GameApplicationServi - Removing overlay from GameScene and adding to ErrorSubScene
23:17:10.228 [JavaFX Application Thread] DEBUG PrimaryStageWindow   - GameScene -> ErrorSubScene
23:17:13.924 [JavaFX Application Thread] DEBUG FXGLApplication      - Exiting FXGL
23:17:13.925 [JavaFX Application Thread] DEBUG Async                - Shutting down background threads
23:17:13.925 [JavaFX Application Thread] DEBUG PrimaryStageWindow   - Closing main window
23:17:13.938 [JavaFX Application Thread] DEBUG Logger               - Closing Logger
