18:22:45.593 [main                     ] DEBUG Logger               - Configured Logger
18:22:45.600 [main                     ] DEBUG GameApplication      - Logging settings
Title: Akanov-an225
Version: 0.2
Width: 960
Height: 720
Fullscreen: false
Intro: false
Profiling: false
Single step:false
App Mode: DEVELOPER
Menu Key: ESCAPE
Stage Style: DECORATED
Scene Factory: class view.GeneralInit$1

18:22:45.897 [JavaFX Application Thread] DEBUG FXGLApplication      - Initializing FXGL
18:22:45.899 [JavaFX Application Thread] INFO  Engine               - FXGL-17.3 (30.03.2023 11.49) on WINDOWS (J:24.0.2 FX:21.0.6)
18:22:45.899 [JavaFX Application Thread] DEBUG Engine               - JRE Vendor Name: Oracle Corporation
18:22:45.899 [JavaFX Application Thread] DEBUG Engine               - Running on OS: Windows 11 version 10.0
18:22:45.899 [JavaFX Application Thread] DEBUG Engine               - Architecture: amd64
18:22:45.899 [JavaFX Application Thread] INFO  Engine               - Source code and latest versions at: https://github.com/AlmasB/FXGL
18:22:45.899 [JavaFX Application Thread] INFO  Engine               -       Ask questions and discuss at: https://github.com/AlmasB/FXGL/discussions
18:22:45.899 [JavaFX Application Thread] INFO  Engine               -              Join the FXGL chat at: https://gitter.im/AlmasB/FXGL
18:22:45.974 [JavaFX Application Thread] DEBUG PrimaryStageWindow   - Creating a JavaFX scene
18:22:46.027 [JavaFX Application Thread] DEBUG PrimaryStageWindow   - Target settings size: 960.0 x 720.0
18:22:46.027 [JavaFX Application Thread] DEBUG PrimaryStageWindow   - Scaled scene size:    960.0 x 720.0
18:22:46.027 [JavaFX Application Thread] DEBUG PrimaryStageWindow   - Scaled ratio: (1.0, 1.0)
18:22:46.027 [JavaFX Application Thread] DEBUG PrimaryStageWindow   - Set initial scene to FXGLStartupScene
18:22:46.031 [JavaFX Application Thread] DEBUG PrimaryStageWindow   - Opening main window
18:22:46.116 [JavaFX Application Thread] DEBUG PrimaryStageWindow   - Window border size: (14.66668701171875, 37.33331298828125)
18:22:46.116 [JavaFX Application Thread] DEBUG PrimaryStageWindow   - Scaled size: 960.0 x 720.0
18:22:46.116 [JavaFX Application Thread] DEBUG PrimaryStageWindow   - Scaled ratio: (1.0, 1.0)
18:22:46.116 [JavaFX Application Thread] DEBUG PrimaryStageWindow   - Scene size: 960.0 x 720.0
18:22:46.116 [JavaFX Application Thread] DEBUG PrimaryStageWindow   - Stage size: 974.6666870117188 x 757.3333129882812
18:22:46.124 [FXGL Background Thread 1 ] DEBUG Engine               - Initializing environment variables
18:22:46.191 [FXGL Background Thread 1 ] DEBUG FXGLAssetLoaderServi - User app class for loading assets: class view.Launch
18:22:46.191 [FXGL Background Thread 1 ] DEBUG GameApplicationServi - Applying CSS: fxgl_dark.css
18:22:46.191 [FXGL Background Thread 1 ] DEBUG FXGLAssetLoaderServi - Loading from file system: jar:file:///C:/Users/DELL/.m2/repository/com/github/almasb/fxgl/17.3/fxgl-17.3.jar!/fxglassets/ui/css/fxgl_dark.css
18:22:46.234 [FXGL Background Thread 1 ] DEBUG GameApplicationServi - Initializing application scenes
18:22:46.271 [FXGL Background Thread 1 ] DEBUG GameWorld            - Game world initialized
18:22:46.334 [FXGL Background Thread 1 ] DEBUG PhysicsWorld         - Physics world initialized: appHeight=720, physics.ppm=50.0
18:22:46.334 [FXGL Background Thread 1 ] DEBUG PhysicsWorld         - Using strategy: BRUTE_FORCE
18:22:46.339 [FXGL Background Thread 1 ] DEBUG GameScene            - Game scene initialized: 960x720
18:22:46.402 [FXGL Background Thread 1 ] DEBUG GameApplicationServi - Application scenes initialized
18:22:46.410 [FXGL Background Thread 1 ] DEBUG SystemBundleService  - Loading FXGL system data
18:22:46.415 [FXGL Background Thread 1 ] DEBUG FileSystemAccess     - Reading from: D:\akanov-an225\system\fxgl.bundle
18:22:46.422 [FXGL Background Thread 1 ] DEBUG SystemBundleService  - Bundle FXGL: {}
18:22:46.422 [FXGL Background Thread 1 ] DEBUG UpdaterService       - Checking for updates
18:22:46.426 [FXGL Background Thread 4 ] DEBUG FXGLApplication      - Loading fonts
18:22:46.426 [FXGL Background Thread 4 ] DEBUG FXGLAssetLoaderServi - Loading from file system: jar:file:///C:/Users/DELL/.m2/repository/com/github/almasb/fxgl/17.3/fxgl-17.3.jar!/fxglassets/ui/fonts/VarelaRound-Regular.ttf
18:22:46.426 [FXGL Background Thread 1 ] DEBUG FXGLApplication      - Loading default localization
18:22:46.427 [FXGL Background Thread 1 ] DEBUG FXGLAssetLoaderServi - Loading from file system: jar:file:///C:/Users/DELL/.m2/repository/com/github/almasb/fxgl/17.3/fxgl-17.3.jar!/fxglassets/languages/english.lang
18:22:46.441 [FXGL Background Thread 1 ] INFO  FXGLApplication      - FXGL initialization took: 0.315 sec
18:22:46.452 [JavaFX Application Thread] DEBUG Input                - Registered new binding: action0 - Right
18:22:46.452 [JavaFX Application Thread] DEBUG Input                - Registered new binding: action1 - Left
18:22:46.453 [JavaFX Application Thread] DEBUG Input                - Registered new binding: action2 - D
18:22:46.453 [JavaFX Application Thread] DEBUG FXGLAssetLoaderServi - Loading from file system: jar:file:///C:/Users/DELL/.m2/repository/com/github/almasb/fxgl/17.3/fxgl-17.3.jar!/fxglassets/textures/fxgl_icon.png
18:22:46.457 [FXGL Background Thread 4 ] DEBUG FXGLAssetLoaderServi - Loading from file system: jar:file:///C:/Users/DELL/.m2/repository/com/github/almasb/fxgl/17.3/fxgl-17.3.jar!/fxglassets/ui/fonts/Abel-Regular.ttf
18:22:46.460 [FXGL Background Thread 4 ] DEBUG FXGLAssetLoaderServi - Loading from file system: jar:file:///C:/Users/DELL/.m2/repository/com/github/almasb/fxgl/17.3/fxgl-17.3.jar!/fxglassets/ui/fonts/TerminalLandMono-Regular.otf
18:22:46.464 [FXGL Background Thread 4 ] DEBUG FXGLAssetLoaderServi - Loading from file system: jar:file:///C:/Users/DELL/.m2/repository/com/github/almasb/fxgl/17.3/fxgl-17.3.jar!/fxglassets/ui/fonts/Courier-Prime.ttf
18:22:46.485 [JavaFX Application Thread] DEBUG FXGLAssetLoaderServi - Loading from file system: jar:file:///C:/Users/DELL/.m2/repository/com/github/almasb/fxgl/17.3/fxgl-17.3.jar!/fxglassets/textures/fxgl_default_cursor.png
18:22:46.487 [JavaFX Application Thread] DEBUG Input                - Registered new binding: Screenshot - CTRL+8
18:22:46.487 [JavaFX Application Thread] DEBUG Input                - Registered new binding: System info dump - CTRL+9
18:22:46.487 [JavaFX Application Thread] DEBUG Input                - Registered new binding: Restart - CTRL+R
18:22:46.488 [JavaFX Application Thread] DEBUG Input                - Registered new binding: Toggle Debug Camera - CTRL+7
18:22:46.489 [JavaFX Application Thread] DEBUG LoopRunner           - Starting loop
18:22:46.489 [JavaFX Application Thread] DEBUG LoopRunner           - Initializing JavaFX AnimationTimerLoop
18:22:46.492 [JavaFX Application Thread] DEBUG Input                - Clearing active input actions
18:22:46.500 [JavaFX Application Thread] DEBUG GameApplicationServi - Removing overlay from FXGLStartupScene and adding to FXGLMainMenuDummyScene
18:22:46.500 [JavaFX Application Thread] DEBUG PrimaryStageWindow   - FXGLStartupScene -> FXGLMainMenuDummyScene
18:22:46.500 [JavaFX Application Thread] DEBUG PrimaryStageWindow   - Push state: MainMenu
18:22:46.500 [JavaFX Application Thread] DEBUG Input                - Clearing active input actions
18:22:46.502 [JavaFX Application Thread] DEBUG GameApplicationServi - Removing overlay from FXGLMainMenuDummyScene and adding to MainMenu
18:22:46.503 [JavaFX Application Thread] DEBUG PrimaryStageWindow   - FXGLMainMenuDummyScene -> MainMenu
18:22:46.503 [JavaFX Application Thread] DEBUG FXGLApplication      - Registering font factories with UI factory
18:22:46.904 [FXGL Background Thread 2 ] INFO  UpdaterService       - Your current version:  17.3
18:22:46.904 [FXGL Background Thread 2 ] INFO  UpdaterService       - Latest stable version: 21.1
18:22:47.302 [JavaFX Application Thread] DEBUG Menu                 - fireNewGame()
18:22:47.303 [JavaFX Application Thread] DEBUG GameApplicationServi - Starting new game
18:22:47.303 [JavaFX Application Thread] DEBUG PrimaryStageWindow   - Pop state: MainMenu
18:22:47.303 [JavaFX Application Thread] DEBUG Input                - Clearing active input actions
18:22:47.303 [JavaFX Application Thread] DEBUG GameApplicationServi - Removing overlay from MainMenu and adding to FXGLMainMenuDummyScene
18:22:47.304 [JavaFX Application Thread] DEBUG PrimaryStageWindow   - FXGLMainMenuDummyScene <- MainMenu
18:22:47.304 [JavaFX Application Thread] DEBUG Input                - Clearing active input actions
18:22:47.310 [JavaFX Application Thread] DEBUG GameApplicationServi - Removing overlay from FXGLMainMenuDummyScene and adding to FXGLLoadingScene
18:22:47.310 [JavaFX Application Thread] DEBUG PrimaryStageWindow   - FXGLMainMenuDummyScene -> FXGLLoadingScene
18:22:47.310 [JavaFX Application Thread] DEBUG GameApplicationServi - Clearing previous game
18:22:47.310 [JavaFX Application Thread] DEBUG GameScene            - Clearing game scene
18:22:47.310 [JavaFX Application Thread] DEBUG GameWorld            - Clearing game world
18:22:47.311 [JavaFX Application Thread] DEBUG PhysicsWorld         - Clearing physics world
18:22:47.314 [FXGL Background Thread 2 ] DEBUG FXGLApplication      - Initializing game
18:22:47.322 [FXGL Background Thread 2 ] WARN  Entity               - Entity already has component: com.almasb.fxgl.entity.components.BoundingBoxComponent
18:22:47.355 [FXGL Background Thread 2 ] INFO  FXGLApplication      - Game initialization took: 0.041 sec
18:22:47.355 [JavaFX Application Thread] DEBUG Input                - Clearing active input actions
18:22:47.363 [JavaFX Application Thread] DEBUG GameApplicationServi - Removing overlay from FXGLLoadingScene and adding to GameScene
18:22:47.363 [JavaFX Application Thread] DEBUG PrimaryStageWindow   - FXGLLoadingScene -> GameScene
18:22:49.425 [FXGL Background Thread 3 ] DEBUG Engine               - Logging environment variables
18:22:49.425 [FXGL Background Thread 3 ] DEBUG Engine               - achievements: []
18:22:49.425 [FXGL Background Thread 3 ] DEBUG Engine               - actualHeight: 720.0
18:22:49.426 [FXGL Background Thread 3 ] DEBUG Engine               - actualHeightProperty: ReadOnlyDoubleProperty [value: 720.0]
18:22:49.426 [FXGL Background Thread 3 ] DEBUG Engine               - actualWidth: 960.0
18:22:49.426 [FXGL Background Thread 3 ] DEBUG Engine               - actualWidthProperty: ReadOnlyDoubleProperty [value: 960.0]
18:22:49.426 [FXGL Background Thread 3 ] DEBUG Engine               - appIcon: fxgl_icon.png
18:22:49.426 [FXGL Background Thread 3 ] DEBUG Engine               - applicationMode: DEVELOPER
18:22:49.426 [FXGL Background Thread 3 ] DEBUG Engine               - cSSList: [fxgl_dark.css]
18:22:49.426 [FXGL Background Thread 3 ] DEBUG Engine               - collisionDetectionStrategy: BRUTE_FORCE
18:22:49.426 [FXGL Background Thread 3 ] DEBUG Engine               - configClass: Optional.empty
18:22:49.426 [FXGL Background Thread 3 ] DEBUG Engine               - credits: []
18:22:49.429 [FXGL Background Thread 3 ] DEBUG Engine               - defaultCursor: CursorInfo(imageName=fxgl_default_cursor.png, hotspotX=7.0, hotspotY=6.0)
18:22:49.430 [FXGL Background Thread 3 ] DEBUG Engine               - devBBoxColorProperty: ObjectProperty [value: 0xff0000ff]
18:22:49.430 [FXGL Background Thread 3 ] DEBUG Engine               - devEnableDebugCameraProperty: BooleanProperty [value: false]
18:22:49.430 [FXGL Background Thread 3 ] DEBUG Engine               - devSensorColorProperty: ObjectProperty [value: 0xffff00ff]
18:22:49.430 [FXGL Background Thread 3 ] DEBUG Engine               - devShowBBoxProperty: BooleanProperty [value: false]
18:22:49.430 [FXGL Background Thread 3 ] DEBUG Engine               - devShowPositionProperty: BooleanProperty [value: false]
18:22:49.430 [FXGL Background Thread 3 ] DEBUG Engine               - enabledMenuItems: []
18:22:49.430 [FXGL Background Thread 3 ] DEBUG Engine               - engineServices: [class com.almasb.fxgl.app.services.FXGLAssetLoaderService, class com.almasb.fxgl.app.FXGLApplication$GameApplicationService, class com.almasb.fxgl.app.services.FXGLDialogService, class com.almasb.fxgl.app.services.IOTaskExecutorService, class com.almasb.fxgl.io.FileSystemService, class com.almasb.fxgl.localization.LocalizationService, class com.almasb.fxgl.app.services.SystemBundleService, class com.almasb.fxgl.profile.SaveLoadService, class com.almasb.fxgl.ui.FXGLUIFactoryServiceProvider, class com.almasb.fxgl.ui.FXGLDialogFactoryServiceProvider, class com.almasb.fxgl.audio.AudioPlayer, class com.almasb.fxgl.notification.impl.NotificationServiceProvider, class com.almasb.fxgl.achievement.AchievementService, class com.almasb.fxgl.cutscene.CutsceneService, class com.almasb.fxgl.minigames.MiniGameService, class com.almasb.fxgl.net.NetService, class com.almasb.fxgl.app.services.UpdaterService, class com.almasb.fxgl.dev.DevService]
18:22:49.430 [FXGL Background Thread 3 ] DEBUG Engine               - fontGame: Abel-Regular.ttf
18:22:49.430 [FXGL Background Thread 3 ] DEBUG Engine               - fontMono: TerminalLandMono-Regular.otf
18:22:49.430 [FXGL Background Thread 3 ] DEBUG Engine               - fontSizeScaleUI: 1.0
18:22:49.430 [FXGL Background Thread 3 ] DEBUG Engine               - fontText: Courier-Prime.ttf
18:22:49.430 [FXGL Background Thread 3 ] DEBUG Engine               - fontUI: VarelaRound-Regular.ttf
18:22:49.430 [FXGL Background Thread 3 ] DEBUG Engine               - fullScreen: BooleanProperty [value: false]
18:22:49.430 [FXGL Background Thread 3 ] DEBUG Engine               - gameDifficulty: MEDIUM
18:22:49.430 [FXGL Background Thread 3 ] DEBUG Engine               - gameDifficultyProperty: ObjectProperty [value: MEDIUM]
18:22:49.430 [FXGL Background Thread 3 ] DEBUG Engine               - globalMusicVolume: 0.5
18:22:49.430 [FXGL Background Thread 3 ] DEBUG Engine               - globalMusicVolumeProperty: DoubleProperty [value: 0.5]
18:22:49.430 [FXGL Background Thread 3 ] DEBUG Engine               - globalSoundVolume: 0.5
18:22:49.430 [FXGL Background Thread 3 ] DEBUG Engine               - globalSoundVolumeProperty: DoubleProperty [value: 0.5]
18:22:49.430 [FXGL Background Thread 3 ] DEBUG Engine               - height: 720
18:22:49.430 [FXGL Background Thread 3 ] DEBUG Engine               - is3D: false
18:22:49.430 [FXGL Background Thread 3 ] DEBUG Engine               - isAndroid: false
18:22:49.430 [FXGL Background Thread 3 ] DEBUG Engine               - isBrowser: false
18:22:49.431 [FXGL Background Thread 3 ] DEBUG Engine               - isClickFeedbackEnabled: false
18:22:49.431 [FXGL Background Thread 3 ] DEBUG Engine               - isCloseConfirmation: false
18:22:49.431 [FXGL Background Thread 3 ] DEBUG Engine               - isDesktop: true
18:22:49.431 [FXGL Background Thread 3 ] DEBUG Engine               - isDeveloperMenuEnabled: false
18:22:49.431 [FXGL Background Thread 3 ] DEBUG Engine               - isEmbedded: false
18:22:49.431 [FXGL Background Thread 3 ] DEBUG Engine               - isEntityPreloadEnabled: true
18:22:49.431 [FXGL Background Thread 3 ] DEBUG Engine               - isExperimentalTiledLargeMap: false
18:22:49.431 [FXGL Background Thread 3 ] DEBUG Engine               - isFileSystemWriteAllowed: true
18:22:49.431 [FXGL Background Thread 3 ] DEBUG Engine               - isFullScreenAllowed: false
18:22:49.431 [FXGL Background Thread 3 ] DEBUG Engine               - isFullScreenFromStart: false
18:22:49.431 [FXGL Background Thread 3 ] DEBUG Engine               - isGameMenuEnabled: true
18:22:49.431 [FXGL Background Thread 3 ] DEBUG Engine               - isIOS: false
18:22:49.431 [FXGL Background Thread 3 ] DEBUG Engine               - isIntroEnabled: false
18:22:49.431 [FXGL Background Thread 3 ] DEBUG Engine               - isLinux: false
18:22:49.431 [FXGL Background Thread 3 ] DEBUG Engine               - isMac: false
18:22:49.431 [FXGL Background Thread 3 ] DEBUG Engine               - isMainMenuEnabled: true
18:22:49.431 [FXGL Background Thread 3 ] DEBUG Engine               - isManualResizeEnabled: false
18:22:49.431 [FXGL Background Thread 3 ] DEBUG Engine               - isMobile: false
18:22:49.431 [FXGL Background Thread 3 ] DEBUG Engine               - isNative: false
18:22:49.431 [FXGL Background Thread 3 ] DEBUG Engine               - isPauseMusicWhenMinimized: true
18:22:49.431 [FXGL Background Thread 3 ] DEBUG Engine               - isPreserveResizeRatio: false
18:22:49.431 [FXGL Background Thread 3 ] DEBUG Engine               - isProfilingEnabled: false
18:22:49.431 [FXGL Background Thread 3 ] DEBUG Engine               - isScaleAffectedOnResize: true
18:22:49.431 [FXGL Background Thread 3 ] DEBUG Engine               - isSingleStep: false
18:22:49.431 [FXGL Background Thread 3 ] DEBUG Engine               - isUserProfileEnabled: false
18:22:49.431 [FXGL Background Thread 3 ] DEBUG Engine               - isWindows: true
18:22:49.431 [FXGL Background Thread 3 ] DEBUG Engine               - language: ObjectProperty [value: ENGLISH]
18:22:49.431 [FXGL Background Thread 3 ] DEBUG Engine               - menuKey: ESCAPE
18:22:49.431 [FXGL Background Thread 3 ] DEBUG Engine               - mouseSensitivity: 0.2
18:22:49.431 [FXGL Background Thread 3 ] DEBUG Engine               - notificationViewClass: class com.almasb.fxgl.notification.view.XboxNotificationView
18:22:49.431 [FXGL Background Thread 3 ] DEBUG Engine               - pixelsPerMeter: 50.0
18:22:49.431 [FXGL Background Thread 3 ] DEBUG Engine               - platform: WINDOWS
18:22:49.431 [FXGL Background Thread 3 ] DEBUG Engine               - prefHeightProperty: ReadOnlyDoubleProperty [value: 720.0]
18:22:49.431 [FXGL Background Thread 3 ] DEBUG Engine               - prefWidthProperty: ReadOnlyDoubleProperty [value: 960.0]
18:22:49.431 [FXGL Background Thread 3 ] DEBUG Engine               - profileDir: profiles/
18:22:49.431 [FXGL Background Thread 3 ] DEBUG Engine               - profileName: StringProperty [value: DEFAULT]
18:22:49.431 [FXGL Background Thread 3 ] DEBUG Engine               - randomSeed: -1
18:22:49.432 [FXGL Background Thread 3 ] DEBUG Engine               - runtimeInfo: RuntimeInfo(platform=WINDOWS, version=17.3, build=30.03.2023 11.49)
18:22:49.432 [FXGL Background Thread 3 ] DEBUG Engine               - saveFileExt: sav
18:22:49.432 [FXGL Background Thread 3 ] DEBUG Engine               - scaledHeightProp$fxgl: DoubleProperty [bound, value: 720.0]
18:22:49.432 [FXGL Background Thread 3 ] DEBUG Engine               - scaledWidthProp$fxgl: DoubleProperty [bound, value: 960.0]
18:22:49.432 [FXGL Background Thread 3 ] DEBUG Engine               - sceneFactory: view.GeneralInit$1@68f971e1
18:22:49.432 [FXGL Background Thread 3 ] DEBUG Engine               - secondsIn24h: 60
18:22:49.432 [FXGL Background Thread 3 ] DEBUG Engine               - soundMenuBack: menu/back.wav
18:22:49.432 [FXGL Background Thread 3 ] DEBUG Engine               - soundMenuPress: menu/press.wav
18:22:49.432 [FXGL Background Thread 3 ] DEBUG Engine               - soundMenuSelect: menu/select.wav
18:22:49.432 [FXGL Background Thread 3 ] DEBUG Engine               - soundNotification: core/notification.wav
18:22:49.432 [FXGL Background Thread 3 ] DEBUG Engine               - stageStyle: DECORATED
18:22:49.432 [FXGL Background Thread 3 ] DEBUG Engine               - supportedLanguages: [ENGLISH, FRENCH, GERMAN, HUNGARIAN, RUSSIAN]
18:22:49.432 [FXGL Background Thread 3 ] DEBUG Engine               - ticksPerSecond: -1
18:22:49.432 [FXGL Background Thread 3 ] DEBUG Engine               - title: Akanov-an225
18:22:49.432 [FXGL Background Thread 3 ] DEBUG Engine               - urlGithub: https://github.com/AlmasB/FXGL
18:22:49.432 [FXGL Background Thread 3 ] DEBUG Engine               - urlLeaderboard: http://fxgl-top.herokuapp.com/
18:22:49.432 [FXGL Background Thread 3 ] DEBUG Engine               - urlPOM: https://raw.githubusercontent.com/AlmasB/FXGL/release/README.md
18:22:49.432 [FXGL Background Thread 3 ] DEBUG Engine               - userAppClass: class view.Launch
18:22:49.432 [FXGL Background Thread 3 ] DEBUG Engine               - version: 0.2
18:22:49.432 [FXGL Background Thread 3 ] DEBUG Engine               - versionCheckDays: 7
18:22:49.432 [FXGL Background Thread 3 ] DEBUG Engine               - width: 960
18:22:49.432 [FXGL Background Thread 3 ] DEBUG Engine               - Logging services
18:22:49.432 [FXGL Background Thread 3 ] DEBUG Engine               - class com.almasb.fxgl.app.services.FXGLAssetLoaderService
18:22:49.432 [FXGL Background Thread 3 ] DEBUG Engine               - class com.almasb.fxgl.app.FXGLApplication$GameApplicationService
18:22:49.432 [FXGL Background Thread 3 ] DEBUG Engine               - class com.almasb.fxgl.app.services.FXGLDialogService
18:22:49.432 [FXGL Background Thread 3 ] DEBUG Engine               - class com.almasb.fxgl.app.services.IOTaskExecutorService
18:22:49.432 [FXGL Background Thread 3 ] DEBUG Engine               - class com.almasb.fxgl.io.FileSystemService
18:22:49.432 [FXGL Background Thread 3 ] DEBUG Engine               - class com.almasb.fxgl.localization.LocalizationService
18:22:49.432 [FXGL Background Thread 3 ] DEBUG Engine               - class com.almasb.fxgl.app.services.SystemBundleService
18:22:49.432 [FXGL Background Thread 3 ] DEBUG Engine               - class com.almasb.fxgl.profile.SaveLoadService
18:22:49.432 [FXGL Background Thread 3 ] DEBUG Engine               - class com.almasb.fxgl.ui.FXGLUIFactoryServiceProvider
18:22:49.432 [FXGL Background Thread 3 ] DEBUG Engine               - class com.almasb.fxgl.ui.FXGLDialogFactoryServiceProvider
18:22:49.433 [FXGL Background Thread 3 ] DEBUG Engine               - class com.almasb.fxgl.audio.AudioPlayer
18:22:49.433 [FXGL Background Thread 3 ] DEBUG Engine               - class com.almasb.fxgl.notification.impl.NotificationServiceProvider
18:22:49.433 [FXGL Background Thread 3 ] DEBUG Engine               - class com.almasb.fxgl.achievement.AchievementService
18:22:49.433 [FXGL Background Thread 3 ] DEBUG Engine               - class com.almasb.fxgl.cutscene.CutsceneService
18:22:49.433 [FXGL Background Thread 3 ] DEBUG Engine               - class com.almasb.fxgl.minigames.MiniGameService
18:22:49.433 [FXGL Background Thread 3 ] DEBUG Engine               - class com.almasb.fxgl.net.NetService
18:22:49.433 [FXGL Background Thread 3 ] DEBUG Engine               - class com.almasb.fxgl.app.services.UpdaterService
18:22:49.433 [FXGL Background Thread 3 ] DEBUG Engine               - class com.almasb.fxgl.dev.DevService
18:22:56.659 [JavaFX Application Thread] WARN  GameWorld            - Attempted to remove entity which is not active
18:22:59.679 [JavaFX Application Thread] WARN  GameWorld            - Attempted to remove entity which is not active
18:23:02.832 [JavaFX Application Thread] WARN  GameWorld            - Attempted to remove entity which is not active
18:23:02.942 [JavaFX Application Thread] WARN  GameWorld            - Attempted to remove entity which is not active
18:23:06.063 [JavaFX Application Thread] WARN  GameWorld            - Attempted to remove entity which is not active
18:23:12.158 [JavaFX Application Thread] WARN  GameWorld            - Attempted to remove entity which is not active
18:23:12.158 [JavaFX Application Thread] WARN  GameWorld            - Attempted to remove entity which is not active
18:23:12.355 [JavaFX Application Thread] WARN  GameWorld            - Attempted to remove entity which is not active
18:23:12.623 [JavaFX Application Thread] WARN  GameWorld            - Attempted to remove entity which is not active
18:23:16.494 [JavaFX Application Thread] WARN  GameWorld            - Attempted to remove entity which is not active
18:23:20.304 [JavaFX Application Thread] WARN  GameWorld            - Attempted to remove entity which is not active
18:23:21.102 [JavaFX Application Thread] WARN  GameWorld            - Attempted to remove entity which is not active
18:23:24.911 [JavaFX Application Thread] WARN  GameWorld            - Attempted to remove entity which is not active
18:23:25.282 [JavaFX Application Thread] WARN  GameWorld            - Attempted to remove entity which is not active
18:23:25.310 [JavaFX Application Thread] WARN  GameWorld            - Attempted to remove entity which is not active
18:23:25.673 [JavaFX Application Thread] DEBUG PrimaryStageWindow   - Push state: PauseMenu
18:23:25.713 [JavaFX Application Thread] DEBUG Input                - Clearing active input actions
18:23:25.714 [JavaFX Application Thread] DEBUG GameApplicationServi - Removing overlay from GameScene and adding to PauseMenu
18:23:25.714 [JavaFX Application Thread] DEBUG PrimaryStageWindow   - GameScene -> PauseMenu
18:23:26.696 [JavaFX Application Thread] DEBUG PrimaryStageWindow   - Pop state: PauseMenu
18:23:26.696 [JavaFX Application Thread] DEBUG Input                - Clearing active input actions
18:23:26.697 [JavaFX Application Thread] DEBUG GameApplicationServi - Removing overlay from PauseMenu and adding to GameScene
18:23:26.697 [JavaFX Application Thread] DEBUG PrimaryStageWindow   - GameScene <- PauseMenu
18:23:26.955 [JavaFX Application Thread] DEBUG PrimaryStageWindow   - Push state: PauseMenu
18:23:26.969 [JavaFX Application Thread] DEBUG Input                - Clearing active input actions
18:23:26.969 [JavaFX Application Thread] DEBUG GameApplicationServi - Removing overlay from GameScene and adding to PauseMenu
18:23:26.969 [JavaFX Application Thread] DEBUG PrimaryStageWindow   - GameScene -> PauseMenu
18:23:27.771 [JavaFX Application Thread] DEBUG PrimaryStageWindow   - Pop state: PauseMenu
18:23:27.771 [JavaFX Application Thread] DEBUG Input                - Clearing active input actions
18:23:27.771 [JavaFX Application Thread] DEBUG GameApplicationServi - Removing overlay from PauseMenu and adding to GameScene
18:23:27.771 [JavaFX Application Thread] DEBUG PrimaryStageWindow   - GameScene <- PauseMenu
18:23:28.081 [JavaFX Application Thread] DEBUG PrimaryStageWindow   - Push state: PauseMenu
18:23:28.099 [JavaFX Application Thread] DEBUG Input                - Clearing active input actions
18:23:28.101 [JavaFX Application Thread] DEBUG GameApplicationServi - Removing overlay from GameScene and adding to PauseMenu
18:23:28.101 [JavaFX Application Thread] DEBUG PrimaryStageWindow   - GameScene -> PauseMenu
18:23:29.588 [JavaFX Application Thread] DEBUG PrimaryStageWindow   - Pop state: PauseMenu
18:23:29.588 [JavaFX Application Thread] DEBUG Input                - Clearing active input actions
18:23:29.589 [JavaFX Application Thread] DEBUG GameApplicationServi - Removing overlay from PauseMenu and adding to GameScene
18:23:29.590 [JavaFX Application Thread] DEBUG PrimaryStageWindow   - GameScene <- PauseMenu
18:23:29.946 [JavaFX Application Thread] DEBUG PrimaryStageWindow   - Push state: PauseMenu
18:23:29.968 [JavaFX Application Thread] DEBUG Input                - Clearing active input actions
18:23:29.968 [JavaFX Application Thread] DEBUG GameApplicationServi - Removing overlay from GameScene and adding to PauseMenu
18:23:29.969 [JavaFX Application Thread] DEBUG PrimaryStageWindow   - GameScene -> PauseMenu
18:23:30.746 [JavaFX Application Thread] DEBUG PrimaryStageWindow   - Pop state: PauseMenu
18:23:30.747 [JavaFX Application Thread] DEBUG Input                - Clearing active input actions
18:23:30.747 [JavaFX Application Thread] DEBUG GameApplicationServi - Removing overlay from PauseMenu and adding to GameScene
18:23:30.747 [JavaFX Application Thread] DEBUG PrimaryStageWindow   - GameScene <- PauseMenu
18:23:31.084 [JavaFX Application Thread] DEBUG PrimaryStageWindow   - Push state: PauseMenu
18:23:31.102 [JavaFX Application Thread] DEBUG Input                - Clearing active input actions
18:23:31.102 [JavaFX Application Thread] DEBUG GameApplicationServi - Removing overlay from GameScene and adding to PauseMenu
18:23:31.103 [JavaFX Application Thread] DEBUG PrimaryStageWindow   - GameScene -> PauseMenu
18:23:31.778 [JavaFX Application Thread] DEBUG PrimaryStageWindow   - Pop state: PauseMenu
18:23:31.778 [JavaFX Application Thread] DEBUG Input                - Clearing active input actions
18:23:31.779 [JavaFX Application Thread] DEBUG GameApplicationServi - Removing overlay from PauseMenu and adding to GameScene
18:23:31.779 [JavaFX Application Thread] DEBUG PrimaryStageWindow   - GameScene <- PauseMenu
18:23:32.055 [JavaFX Application Thread] DEBUG PrimaryStageWindow   - Push state: PauseMenu
18:23:32.067 [JavaFX Application Thread] DEBUG Input                - Clearing active input actions
18:23:32.067 [JavaFX Application Thread] DEBUG GameApplicationServi - Removing overlay from GameScene and adding to PauseMenu
18:23:32.067 [JavaFX Application Thread] DEBUG PrimaryStageWindow   - GameScene -> PauseMenu
18:23:32.729 [JavaFX Application Thread] DEBUG PrimaryStageWindow   - Pop state: PauseMenu
18:23:32.729 [JavaFX Application Thread] DEBUG Input                - Clearing active input actions
18:23:32.729 [JavaFX Application Thread] DEBUG GameApplicationServi - Removing overlay from PauseMenu and adding to GameScene
18:23:32.729 [JavaFX Application Thread] DEBUG PrimaryStageWindow   - GameScene <- PauseMenu
18:23:32.950 [JavaFX Application Thread] DEBUG PrimaryStageWindow   - Push state: PauseMenu
18:23:32.967 [JavaFX Application Thread] DEBUG Input                - Clearing active input actions
18:23:32.967 [JavaFX Application Thread] DEBUG GameApplicationServi - Removing overlay from GameScene and adding to PauseMenu
18:23:32.967 [JavaFX Application Thread] DEBUG PrimaryStageWindow   - GameScene -> PauseMenu
18:23:36.186 [JavaFX Application Thread] DEBUG Menu                 - fireContinue()
18:23:36.187 [JavaFX Application Thread] DEBUG SaveLoadService      - Reading last modified save file from ./ with ext: sav
18:23:36.187 [JavaFX Application Thread] DEBUG SaveLoadService      - Reading save files from ./
18:23:36.207 [JavaFX Application Thread] DEBUG PrimaryStageWindow   - Push state: DialogSubScene
18:23:36.207 [JavaFX Application Thread] DEBUG Input                - Clearing active input actions
18:23:36.211 [JavaFX Application Thread] DEBUG GameApplicationServi - Removing overlay from PauseMenu and adding to DialogSubScene
18:23:36.211 [JavaFX Application Thread] DEBUG PrimaryStageWindow   - PauseMenu -> DialogSubScene
18:23:36.393 [FXGL Background Thread 2 ] DEBUG FileSystemAccess     - Reading from: D:\akanov-an225\.\Hello.sav
18:23:36.412 [JavaFX Application Thread] DEBUG PrimaryStageWindow   - Pop state: DialogSubScene
18:23:36.412 [JavaFX Application Thread] DEBUG Input                - Clearing active input actions
18:23:36.413 [JavaFX Application Thread] DEBUG GameApplicationServi - Removing overlay from DialogSubScene and adding to PauseMenu
18:23:36.413 [JavaFX Application Thread] DEBUG PrimaryStageWindow   - PauseMenu <- DialogSubScene
18:23:36.414 [JavaFX Application Thread] DEBUG Menu                 - fireLoad()
18:23:36.416 [JavaFX Application Thread] DEBUG PrimaryStageWindow   - Push state: DialogSubScene
18:23:36.416 [JavaFX Application Thread] DEBUG Input                - Clearing active input actions
18:23:36.417 [JavaFX Application Thread] DEBUG GameApplicationServi - Removing overlay from PauseMenu and adding to DialogSubScene
18:23:36.417 [JavaFX Application Thread] DEBUG PrimaryStageWindow   - PauseMenu -> DialogSubScene
18:23:38.369 [JavaFX Application Thread] DEBUG PrimaryStageWindow   - Pop state: DialogSubScene
18:23:38.369 [JavaFX Application Thread] DEBUG Input                - Clearing active input actions
18:23:38.371 [JavaFX Application Thread] DEBUG GameApplicationServi - Removing overlay from DialogSubScene and adding to PauseMenu
18:23:38.371 [JavaFX Application Thread] DEBUG PrimaryStageWindow   - PauseMenu <- DialogSubScene
18:23:39.461 [JavaFX Application Thread] DEBUG Menu                 - fireContinue()
18:23:39.461 [JavaFX Application Thread] DEBUG SaveLoadService      - Reading last modified save file from ./ with ext: sav
18:23:39.461 [JavaFX Application Thread] DEBUG SaveLoadService      - Reading save files from ./
18:23:39.462 [JavaFX Application Thread] DEBUG PrimaryStageWindow   - Push state: DialogSubScene
18:23:39.462 [JavaFX Application Thread] DEBUG Input                - Clearing active input actions
18:23:39.462 [JavaFX Application Thread] DEBUG GameApplicationServi - Removing overlay from PauseMenu and adding to DialogSubScene
18:23:39.462 [JavaFX Application Thread] DEBUG PrimaryStageWindow   - PauseMenu -> DialogSubScene
18:23:39.490 [FXGL Background Thread 2 ] DEBUG FileSystemAccess     - Reading from: D:\akanov-an225\.\Hello.sav
18:23:39.512 [JavaFX Application Thread] DEBUG PrimaryStageWindow   - Pop state: DialogSubScene
18:23:39.512 [JavaFX Application Thread] DEBUG Input                - Clearing active input actions
18:23:39.512 [JavaFX Application Thread] DEBUG GameApplicationServi - Removing overlay from DialogSubScene and adding to PauseMenu
18:23:39.513 [JavaFX Application Thread] DEBUG PrimaryStageWindow   - PauseMenu <- DialogSubScene
18:23:39.513 [JavaFX Application Thread] DEBUG Menu                 - fireLoad()
18:23:39.513 [JavaFX Application Thread] DEBUG PrimaryStageWindow   - Push state: DialogSubScene
18:23:39.513 [JavaFX Application Thread] DEBUG Input                - Clearing active input actions
18:23:39.513 [JavaFX Application Thread] DEBUG GameApplicationServi - Removing overlay from PauseMenu and adding to DialogSubScene
18:23:39.514 [JavaFX Application Thread] DEBUG PrimaryStageWindow   - PauseMenu -> DialogSubScene
18:23:41.535 [JavaFX Application Thread] DEBUG PrimaryStageWindow   - Pop state: DialogSubScene
18:23:41.535 [JavaFX Application Thread] DEBUG Input                - Clearing active input actions
18:23:41.536 [JavaFX Application Thread] DEBUG GameApplicationServi - Removing overlay from DialogSubScene and adding to PauseMenu
18:23:41.536 [JavaFX Application Thread] DEBUG PrimaryStageWindow   - PauseMenu <- DialogSubScene
18:23:42.847 [JavaFX Application Thread] DEBUG Menu                 - fireExitToMainMenu()
18:23:42.849 [JavaFX Application Thread] DEBUG PrimaryStageWindow   - Push state: DialogSubScene
18:23:42.850 [JavaFX Application Thread] DEBUG Input                - Clearing active input actions
18:23:42.850 [JavaFX Application Thread] DEBUG GameApplicationServi - Removing overlay from PauseMenu and adding to DialogSubScene
18:23:42.851 [JavaFX Application Thread] DEBUG PrimaryStageWindow   - PauseMenu -> DialogSubScene
18:23:43.937 [JavaFX Application Thread] DEBUG PrimaryStageWindow   - Pop state: DialogSubScene
18:23:43.937 [JavaFX Application Thread] DEBUG Input                - Clearing active input actions
18:23:43.938 [JavaFX Application Thread] DEBUG GameApplicationServi - Removing overlay from DialogSubScene and adding to PauseMenu
18:23:43.938 [JavaFX Application Thread] DEBUG PrimaryStageWindow   - PauseMenu <- DialogSubScene
18:23:45.121 [JavaFX Application Thread] DEBUG Menu                 - fireNewGame()
18:23:45.121 [JavaFX Application Thread] DEBUG GameApplicationServi - Starting new game
18:23:45.121 [JavaFX Application Thread] DEBUG PrimaryStageWindow   - Pop state: PauseMenu
18:23:45.121 [JavaFX Application Thread] DEBUG Input                - Clearing active input actions
18:23:45.121 [JavaFX Application Thread] DEBUG GameApplicationServi - Removing overlay from PauseMenu and adding to GameScene
18:23:45.121 [JavaFX Application Thread] DEBUG PrimaryStageWindow   - GameScene <- PauseMenu
18:23:45.122 [JavaFX Application Thread] DEBUG Input                - Clearing active input actions
18:23:45.129 [JavaFX Application Thread] DEBUG GameApplicationServi - Removing overlay from GameScene and adding to FXGLLoadingScene
18:23:45.129 [JavaFX Application Thread] DEBUG PrimaryStageWindow   - GameScene -> FXGLLoadingScene
18:23:45.129 [JavaFX Application Thread] DEBUG GameApplicationServi - Clearing previous game
18:23:45.129 [JavaFX Application Thread] DEBUG GameScene            - Clearing game scene
18:23:45.129 [JavaFX Application Thread] DEBUG GameWorld            - Clearing game world
18:23:45.130 [JavaFX Application Thread] DEBUG PhysicsWorld         - Clearing physics world
18:23:45.130 [FXGL Background Thread 2 ] DEBUG FXGLApplication      - Initializing game
18:23:45.130 [FXGL Background Thread 2 ] WARN  Entity               - Entity already has component: com.almasb.fxgl.entity.components.BoundingBoxComponent
18:23:45.139 [FXGL Background Thread 2 ] INFO  FXGLApplication      - Game initialization took: 0.008 sec
18:23:45.139 [JavaFX Application Thread] DEBUG Input                - Clearing active input actions
18:23:45.142 [JavaFX Application Thread] DEBUG GameApplicationServi - Removing overlay from FXGLLoadingScene and adding to GameScene
18:23:45.142 [JavaFX Application Thread] DEBUG PrimaryStageWindow   - FXGLLoadingScene -> GameScene
18:23:49.343 [JavaFX Application Thread] WARN  GameWorld            - Attempted to remove entity which is not active
18:23:58.158 [JavaFX Application Thread] WARN  GameWorld            - Attempted to remove entity which is not active
18:24:04.350 [JavaFX Application Thread] WARN  GameWorld            - Attempted to remove entity which is not active
18:24:18.799 [JavaFX Application Thread] WARN  GameWorld            - Attempted to remove entity which is not active
18:24:23.821 [JavaFX Application Thread] WARN  GameWorld            - Attempted to remove entity which is not active
18:24:25.070 [JavaFX Application Thread] WARN  GameWorld            - Attempted to remove entity which is not active
18:24:25.258 [JavaFX Application Thread] DEBUG FXGLApplication      - Exiting FXGL
18:24:25.258 [JavaFX Application Thread] DEBUG LoopRunner           - Stopping loop
18:24:25.258 [JavaFX Application Thread] DEBUG SystemBundleService  - Saving FXGL system data
18:24:25.272 [JavaFX Application Thread] DEBUG FileSystemAccess     - Writing to: D:\akanov-an225\system\fxgl.bundle
18:24:25.274 [JavaFX Application Thread] DEBUG Async                - Shutting down background threads
18:24:25.274 [JavaFX Application Thread] DEBUG PrimaryStageWindow   - Closing main window
18:24:25.289 [JavaFX Application Thread] DEBUG Logger               - Closing Logger
