01:05:26.574 [main                     ] DEBUG Logger               - Configured Logger
01:05:26.585 [main                     ] DEBUG GameApplication      - Logging settings
Title: Akanov-an225
Version: 0.2
Width: 960
Height: 720
Fullscreen: false
Intro: false
Profiling: false
Single step:false
App Mode: DEVELOPER
Menu Key: ESCAPE
Stage Style: DECORATED
Scene Factory: class view.GeneralInit$1

01:05:27.160 [JavaFX Application Thread] DEBUG FXGLApplication      - Initializing FXGL
01:05:27.163 [JavaFX Application Thread] INFO  Engine               - FXGL-17.3 (30.03.2023 11.49) on WINDOWS (J:24.0.2 FX:21.0.6)
01:05:27.164 [JavaFX Application Thread] DEBUG Engine               - JRE Vendor Name: Oracle Corporation
01:05:27.164 [JavaFX Application Thread] DEBUG Engine               - Running on OS: Windows 11 version 10.0
01:05:27.164 [JavaFX Application Thread] DEBUG Engine               - Architecture: amd64
01:05:27.164 [JavaFX Application Thread] INFO  Engine               - Source code and latest versions at: https://github.com/AlmasB/FXGL
01:05:27.165 [JavaFX Application Thread] INFO  Engine               -       Ask questions and discuss at: https://github.com/AlmasB/FXGL/discussions
01:05:27.165 [JavaFX Application Thread] INFO  Engine               -              Join the FXGL chat at: https://gitter.im/AlmasB/FXGL
01:05:27.297 [JavaFX Application Thread] DEBUG PrimaryStageWindow   - Creating a JavaFX scene
01:05:27.362 [JavaFX Application Thread] DEBUG PrimaryStageWindow   - Target settings size: 960.0 x 720.0
01:05:27.362 [JavaFX Application Thread] DEBUG PrimaryStageWindow   - Scaled scene size:    960.0 x 720.0
01:05:27.363 [JavaFX Application Thread] DEBUG PrimaryStageWindow   - Scaled ratio: (1.0, 1.0)
01:05:27.364 [JavaFX Application Thread] DEBUG PrimaryStageWindow   - Set initial scene to FXGLStartupScene
01:05:27.369 [JavaFX Application Thread] DEBUG PrimaryStageWindow   - Opening main window
01:05:27.503 [JavaFX Application Thread] DEBUG PrimaryStageWindow   - Window border size: (13.823974609375, 37.24798583984375)
01:05:27.503 [JavaFX Application Thread] DEBUG PrimaryStageWindow   - Scaled size: 960.0 x 720.0
01:05:27.503 [JavaFX Application Thread] DEBUG PrimaryStageWindow   - Scaled ratio: (1.0, 1.0)
01:05:27.503 [JavaFX Application Thread] DEBUG PrimaryStageWindow   - Scene size: 960.0 x 720.0
01:05:27.504 [JavaFX Application Thread] DEBUG PrimaryStageWindow   - Stage size: 973.823974609375 x 757.2479858398438
01:05:27.515 [FXGL Background Thread 1 ] DEBUG Engine               - Initializing environment variables
01:05:27.607 [FXGL Background Thread 1 ] DEBUG FXGLAssetLoaderServi - User app class for loading assets: class view.Launch
01:05:27.608 [FXGL Background Thread 1 ] DEBUG GameApplicationServi - Applying CSS: fxgl_dark.css
01:05:27.609 [FXGL Background Thread 1 ] DEBUG FXGLAssetLoaderServi - Loading from file system: jar:file:///C:/Users/Tuanngth/.m2/repository/com/github/almasb/fxgl/17.3/fxgl-17.3.jar!/fxglassets/ui/css/fxgl_dark.css
01:05:27.673 [FXGL Background Thread 1 ] DEBUG GameApplicationServi - Initializing application scenes
01:05:27.721 [FXGL Background Thread 1 ] DEBUG GameWorld            - Game world initialized
01:05:27.807 [FXGL Background Thread 1 ] DEBUG PhysicsWorld         - Physics world initialized: appHeight=720, physics.ppm=50,0
01:05:27.808 [FXGL Background Thread 1 ] DEBUG PhysicsWorld         - Using strategy: BRUTE_FORCE
01:05:27.813 [FXGL Background Thread 1 ] DEBUG GameScene            - Game scene initialized: 960x720
01:05:27.857 [FXGL Background Thread 1 ] DEBUG GameApplicationServi - Application scenes initialized
01:05:27.868 [FXGL Background Thread 1 ] DEBUG SystemBundleService  - Loading FXGL system data
01:05:27.873 [FXGL Background Thread 1 ] DEBUG FileSystemAccess     - Reading from: C:\Users\Tuanngth\Desktop\akanov-an225\system\fxgl.bundle
01:05:27.882 [FXGL Background Thread 1 ] DEBUG SystemBundleService  - Bundle FXGL: {}
01:05:27.882 [FXGL Background Thread 1 ] DEBUG UpdaterService       - Checking for updates
01:05:27.891 [FXGL Background Thread 4 ] DEBUG FXGLApplication      - Loading fonts
01:05:27.891 [FXGL Background Thread 4 ] DEBUG FXGLAssetLoaderServi - Loading from file system: jar:file:///C:/Users/Tuanngth/.m2/repository/com/github/almasb/fxgl/17.3/fxgl-17.3.jar!/fxglassets/ui/fonts/VarelaRound-Regular.ttf
01:05:27.892 [FXGL Background Thread 1 ] DEBUG FXGLApplication      - Loading default localization
01:05:27.892 [FXGL Background Thread 1 ] DEBUG FXGLAssetLoaderServi - Loading from file system: jar:file:///C:/Users/Tuanngth/.m2/repository/com/github/almasb/fxgl/17.3/fxgl-17.3.jar!/fxglassets/languages/english.lang
01:05:27.943 [FXGL Background Thread 1 ] INFO  FXGLApplication      - FXGL initialization took: 0,427 sec
01:05:27.945 [FXGL Background Thread 4 ] DEBUG FXGLAssetLoaderServi - Loading from file system: jar:file:///C:/Users/Tuanngth/.m2/repository/com/github/almasb/fxgl/17.3/fxgl-17.3.jar!/fxglassets/ui/fonts/Abel-Regular.ttf
01:05:27.955 [FXGL Background Thread 4 ] DEBUG FXGLAssetLoaderServi - Loading from file system: jar:file:///C:/Users/Tuanngth/.m2/repository/com/github/almasb/fxgl/17.3/fxgl-17.3.jar!/fxglassets/ui/fonts/TerminalLandMono-Regular.otf
01:05:27.963 [FXGL Background Thread 4 ] DEBUG FXGLAssetLoaderServi - Loading from file system: jar:file:///C:/Users/Tuanngth/.m2/repository/com/github/almasb/fxgl/17.3/fxgl-17.3.jar!/fxglassets/ui/fonts/Courier-Prime.ttf
01:05:27.966 [JavaFX Application Thread] DEBUG Input                - Registered new binding: action0 - Right
01:05:27.966 [JavaFX Application Thread] DEBUG Input                - Registered new binding: action1 - Left
01:05:27.967 [JavaFX Application Thread] DEBUG Input                - Registered new binding: action2 - D
01:05:27.968 [JavaFX Application Thread] DEBUG FXGLAssetLoaderServi - Loading from file system: jar:file:///C:/Users/Tuanngth/.m2/repository/com/github/almasb/fxgl/17.3/fxgl-17.3.jar!/fxglassets/textures/fxgl_icon.png
01:05:28.019 [JavaFX Application Thread] DEBUG FXGLAssetLoaderServi - Loading from file system: jar:file:///C:/Users/Tuanngth/.m2/repository/com/github/almasb/fxgl/17.3/fxgl-17.3.jar!/fxglassets/textures/fxgl_default_cursor.png
01:05:28.023 [JavaFX Application Thread] DEBUG Input                - Registered new binding: Screenshot - CTRL+8
01:05:28.023 [JavaFX Application Thread] DEBUG Input                - Registered new binding: System info dump - CTRL+9
01:05:28.024 [JavaFX Application Thread] DEBUG Input                - Registered new binding: Restart - CTRL+R
01:05:28.025 [JavaFX Application Thread] DEBUG Input                - Registered new binding: Toggle Debug Camera - CTRL+7
01:05:28.029 [JavaFX Application Thread] DEBUG LoopRunner           - Starting loop
01:05:28.029 [JavaFX Application Thread] DEBUG LoopRunner           - Initializing JavaFX AnimationTimerLoop
01:05:28.031 [JavaFX Application Thread] DEBUG GameApplicationServi - Starting new game
01:05:28.032 [JavaFX Application Thread] DEBUG Input                - Clearing active input actions
01:05:28.052 [JavaFX Application Thread] DEBUG GameApplicationServi - Removing overlay from FXGLStartupScene and adding to FXGLLoadingScene
01:05:28.052 [JavaFX Application Thread] DEBUG PrimaryStageWindow   - FXGLStartupScene -> FXGLLoadingScene
01:05:28.052 [JavaFX Application Thread] DEBUG GameApplicationServi - Clearing previous game
01:05:28.052 [JavaFX Application Thread] DEBUG GameScene            - Clearing game scene
01:05:28.052 [JavaFX Application Thread] DEBUG GameWorld            - Clearing game world
01:05:28.053 [JavaFX Application Thread] DEBUG PhysicsWorld         - Clearing physics world
01:05:28.056 [JavaFX Application Thread] DEBUG FXGLApplication      - Registering font factories with UI factory
01:05:28.056 [FXGL Background Thread 4 ] DEBUG FXGLApplication      - Initializing game
01:05:28.066 [FXGL Background Thread 4 ] WARN  Entity               - Entity already has component: com.almasb.fxgl.entity.components.BoundingBoxComponent
01:05:28.210 [FXGL Background Thread 4 ] INFO  FXGLApplication      - Game initialization took: 0,154 sec
01:05:28.248 [JavaFX Application Thread] DEBUG Input                - Clearing active input actions
01:05:28.259 [JavaFX Application Thread] DEBUG GameApplicationServi - Removing overlay from FXGLLoadingScene and adding to GameScene
01:05:28.259 [JavaFX Application Thread] DEBUG PrimaryStageWindow   - FXGLLoadingScene -> GameScene
01:05:28.964 [FXGL Background Thread 2 ] INFO  UpdaterService       - Your current version:  17.3
01:05:28.964 [FXGL Background Thread 2 ] INFO  UpdaterService       - Latest stable version: 21.1
01:05:30.889 [FXGL Background Thread 3 ] DEBUG Engine               - Logging environment variables
01:05:30.891 [FXGL Background Thread 3 ] DEBUG Engine               - achievements: []
01:05:30.892 [FXGL Background Thread 3 ] DEBUG Engine               - actualHeight: 720.0
01:05:30.892 [FXGL Background Thread 3 ] DEBUG Engine               - actualHeightProperty: ReadOnlyDoubleProperty [value: 720.0]
01:05:30.892 [FXGL Background Thread 3 ] DEBUG Engine               - actualWidth: 960.0
01:05:30.893 [FXGL Background Thread 3 ] DEBUG Engine               - actualWidthProperty: ReadOnlyDoubleProperty [value: 960.0]
01:05:30.893 [FXGL Background Thread 3 ] DEBUG Engine               - appIcon: fxgl_icon.png
01:05:30.893 [FXGL Background Thread 3 ] DEBUG Engine               - applicationMode: DEVELOPER
01:05:30.893 [FXGL Background Thread 3 ] DEBUG Engine               - cSSList: [fxgl_dark.css]
01:05:30.893 [FXGL Background Thread 3 ] DEBUG Engine               - collisionDetectionStrategy: BRUTE_FORCE
01:05:30.893 [FXGL Background Thread 3 ] DEBUG Engine               - configClass: Optional.empty
01:05:30.893 [FXGL Background Thread 3 ] DEBUG Engine               - credits: []
01:05:30.899 [FXGL Background Thread 3 ] DEBUG Engine               - defaultCursor: CursorInfo(imageName=fxgl_default_cursor.png, hotspotX=7.0, hotspotY=6.0)
01:05:30.900 [FXGL Background Thread 3 ] DEBUG Engine               - devBBoxColorProperty: ObjectProperty [value: 0xff0000ff]
01:05:30.901 [FXGL Background Thread 3 ] DEBUG Engine               - devEnableDebugCameraProperty: BooleanProperty [value: false]
01:05:30.903 [FXGL Background Thread 3 ] DEBUG Engine               - devSensorColorProperty: ObjectProperty [value: 0xffff00ff]
01:05:30.904 [FXGL Background Thread 3 ] DEBUG Engine               - devShowBBoxProperty: BooleanProperty [value: false]
01:05:30.904 [FXGL Background Thread 3 ] DEBUG Engine               - devShowPositionProperty: BooleanProperty [value: false]
01:05:30.904 [FXGL Background Thread 3 ] DEBUG Engine               - enabledMenuItems: []
01:05:30.904 [FXGL Background Thread 3 ] DEBUG Engine               - engineServices: [class com.almasb.fxgl.app.services.FXGLAssetLoaderService, class com.almasb.fxgl.app.FXGLApplication$GameApplicationService, class com.almasb.fxgl.app.services.FXGLDialogService, class com.almasb.fxgl.app.services.IOTaskExecutorService, class com.almasb.fxgl.io.FileSystemService, class com.almasb.fxgl.localization.LocalizationService, class com.almasb.fxgl.app.services.SystemBundleService, class com.almasb.fxgl.profile.SaveLoadService, class com.almasb.fxgl.ui.FXGLUIFactoryServiceProvider, class com.almasb.fxgl.ui.FXGLDialogFactoryServiceProvider, class com.almasb.fxgl.audio.AudioPlayer, class com.almasb.fxgl.notification.impl.NotificationServiceProvider, class com.almasb.fxgl.achievement.AchievementService, class com.almasb.fxgl.cutscene.CutsceneService, class com.almasb.fxgl.minigames.MiniGameService, class com.almasb.fxgl.net.NetService, class com.almasb.fxgl.app.services.UpdaterService, class com.almasb.fxgl.dev.DevService]
01:05:30.904 [FXGL Background Thread 3 ] DEBUG Engine               - fontGame: Abel-Regular.ttf
01:05:30.905 [FXGL Background Thread 3 ] DEBUG Engine               - fontMono: TerminalLandMono-Regular.otf
01:05:30.906 [FXGL Background Thread 3 ] DEBUG Engine               - fontSizeScaleUI: 1.0
01:05:30.906 [FXGL Background Thread 3 ] DEBUG Engine               - fontText: Courier-Prime.ttf
01:05:30.906 [FXGL Background Thread 3 ] DEBUG Engine               - fontUI: VarelaRound-Regular.ttf
01:05:30.907 [FXGL Background Thread 3 ] DEBUG Engine               - fullScreen: BooleanProperty [value: false]
01:05:30.908 [FXGL Background Thread 3 ] DEBUG Engine               - gameDifficulty: MEDIUM
01:05:30.908 [FXGL Background Thread 3 ] DEBUG Engine               - gameDifficultyProperty: ObjectProperty [value: MEDIUM]
01:05:30.908 [FXGL Background Thread 3 ] DEBUG Engine               - globalMusicVolume: 0.5
01:05:30.908 [FXGL Background Thread 3 ] DEBUG Engine               - globalMusicVolumeProperty: DoubleProperty [value: 0.5]
01:05:30.908 [FXGL Background Thread 3 ] DEBUG Engine               - globalSoundVolume: 0.5
01:05:30.908 [FXGL Background Thread 3 ] DEBUG Engine               - globalSoundVolumeProperty: DoubleProperty [value: 0.5]
01:05:30.908 [FXGL Background Thread 3 ] DEBUG Engine               - height: 720
01:05:30.908 [FXGL Background Thread 3 ] DEBUG Engine               - is3D: false
01:05:30.908 [FXGL Background Thread 3 ] DEBUG Engine               - isAndroid: false
01:05:30.909 [FXGL Background Thread 3 ] DEBUG Engine               - isBrowser: false
01:05:30.909 [FXGL Background Thread 3 ] DEBUG Engine               - isClickFeedbackEnabled: false
01:05:30.909 [FXGL Background Thread 3 ] DEBUG Engine               - isCloseConfirmation: false
01:05:30.909 [FXGL Background Thread 3 ] DEBUG Engine               - isDesktop: true
01:05:30.909 [FXGL Background Thread 3 ] DEBUG Engine               - isDeveloperMenuEnabled: false
01:05:30.910 [FXGL Background Thread 3 ] DEBUG Engine               - isEmbedded: false
01:05:30.911 [FXGL Background Thread 3 ] DEBUG Engine               - isEntityPreloadEnabled: true
01:05:30.911 [FXGL Background Thread 3 ] DEBUG Engine               - isExperimentalTiledLargeMap: false
01:05:30.911 [FXGL Background Thread 3 ] DEBUG Engine               - isFileSystemWriteAllowed: true
01:05:30.911 [FXGL Background Thread 3 ] DEBUG Engine               - isFullScreenAllowed: false
01:05:30.911 [FXGL Background Thread 3 ] DEBUG Engine               - isFullScreenFromStart: false
01:05:30.911 [FXGL Background Thread 3 ] DEBUG Engine               - isGameMenuEnabled: true
01:05:30.912 [FXGL Background Thread 3 ] DEBUG Engine               - isIOS: false
01:05:30.912 [FXGL Background Thread 3 ] DEBUG Engine               - isIntroEnabled: false
01:05:30.912 [FXGL Background Thread 3 ] DEBUG Engine               - isLinux: false
01:05:30.912 [FXGL Background Thread 3 ] DEBUG Engine               - isMac: false
01:05:30.912 [FXGL Background Thread 3 ] DEBUG Engine               - isMainMenuEnabled: false
01:05:30.912 [FXGL Background Thread 3 ] DEBUG Engine               - isManualResizeEnabled: false
01:05:30.912 [FXGL Background Thread 3 ] DEBUG Engine               - isMobile: false
01:05:30.913 [FXGL Background Thread 3 ] DEBUG Engine               - isNative: false
01:05:30.913 [FXGL Background Thread 3 ] DEBUG Engine               - isPauseMusicWhenMinimized: true
01:05:30.913 [FXGL Background Thread 3 ] DEBUG Engine               - isPreserveResizeRatio: false
01:05:30.913 [FXGL Background Thread 3 ] DEBUG Engine               - isProfilingEnabled: false
01:05:30.913 [FXGL Background Thread 3 ] DEBUG Engine               - isScaleAffectedOnResize: true
01:05:30.914 [FXGL Background Thread 3 ] DEBUG Engine               - isSingleStep: false
01:05:30.914 [FXGL Background Thread 3 ] DEBUG Engine               - isUserProfileEnabled: false
01:05:30.914 [FXGL Background Thread 3 ] DEBUG Engine               - isWindows: true
01:05:30.914 [FXGL Background Thread 3 ] DEBUG Engine               - language: ObjectProperty [value: ENGLISH]
01:05:30.914 [FXGL Background Thread 3 ] DEBUG Engine               - menuKey: ESCAPE
01:05:30.914 [FXGL Background Thread 3 ] DEBUG Engine               - mouseSensitivity: 0.2
01:05:30.914 [FXGL Background Thread 3 ] DEBUG Engine               - notificationViewClass: class com.almasb.fxgl.notification.view.XboxNotificationView
01:05:30.914 [FXGL Background Thread 3 ] DEBUG Engine               - pixelsPerMeter: 50.0
01:05:30.914 [FXGL Background Thread 3 ] DEBUG Engine               - platform: WINDOWS
01:05:30.914 [FXGL Background Thread 3 ] DEBUG Engine               - prefHeightProperty: ReadOnlyDoubleProperty [value: 720.0]
01:05:30.915 [FXGL Background Thread 3 ] DEBUG Engine               - prefWidthProperty: ReadOnlyDoubleProperty [value: 960.0]
01:05:30.915 [FXGL Background Thread 3 ] DEBUG Engine               - profileDir: profiles/
01:05:30.915 [FXGL Background Thread 3 ] DEBUG Engine               - profileName: StringProperty [value: DEFAULT]
01:05:30.915 [FXGL Background Thread 3 ] DEBUG Engine               - randomSeed: -1
01:05:30.915 [FXGL Background Thread 3 ] DEBUG Engine               - runtimeInfo: RuntimeInfo(platform=WINDOWS, version=17.3, build=30.03.2023 11.49)
01:05:30.915 [FXGL Background Thread 3 ] DEBUG Engine               - saveFileExt: sav
01:05:30.915 [FXGL Background Thread 3 ] DEBUG Engine               - scaledHeightProp$fxgl: DoubleProperty [bound, value: 720.0]
01:05:30.916 [FXGL Background Thread 3 ] DEBUG Engine               - scaledWidthProp$fxgl: DoubleProperty [bound, value: 960.0]
01:05:30.916 [FXGL Background Thread 3 ] DEBUG Engine               - sceneFactory: view.GeneralInit$1@73abf28d
01:05:30.916 [FXGL Background Thread 3 ] DEBUG Engine               - secondsIn24h: 60
01:05:30.916 [FXGL Background Thread 3 ] DEBUG Engine               - soundMenuBack: menu/back.wav
01:05:30.916 [FXGL Background Thread 3 ] DEBUG Engine               - soundMenuPress: menu/press.wav
01:05:30.916 [FXGL Background Thread 3 ] DEBUG Engine               - soundMenuSelect: menu/select.wav
01:05:30.917 [FXGL Background Thread 3 ] DEBUG Engine               - soundNotification: core/notification.wav
01:05:30.917 [FXGL Background Thread 3 ] DEBUG Engine               - stageStyle: DECORATED
01:05:30.917 [FXGL Background Thread 3 ] DEBUG Engine               - supportedLanguages: [ENGLISH, FRENCH, GERMAN, HUNGARIAN, RUSSIAN]
01:05:30.917 [FXGL Background Thread 3 ] DEBUG Engine               - ticksPerSecond: -1
01:05:30.917 [FXGL Background Thread 3 ] DEBUG Engine               - title: Akanov-an225
01:05:30.917 [FXGL Background Thread 3 ] DEBUG Engine               - urlGithub: https://github.com/AlmasB/FXGL
01:05:30.917 [FXGL Background Thread 3 ] DEBUG Engine               - urlLeaderboard: http://fxgl-top.herokuapp.com/
01:05:30.917 [FXGL Background Thread 3 ] DEBUG Engine               - urlPOM: https://raw.githubusercontent.com/AlmasB/FXGL/release/README.md
01:05:30.917 [FXGL Background Thread 3 ] DEBUG Engine               - userAppClass: class view.Launch
01:05:30.917 [FXGL Background Thread 3 ] DEBUG Engine               - version: 0.2
01:05:30.917 [FXGL Background Thread 3 ] DEBUG Engine               - versionCheckDays: 7
01:05:30.917 [FXGL Background Thread 3 ] DEBUG Engine               - width: 960
01:05:30.917 [FXGL Background Thread 3 ] DEBUG Engine               - Logging services
01:05:30.918 [FXGL Background Thread 3 ] DEBUG Engine               - class com.almasb.fxgl.app.services.FXGLAssetLoaderService
01:05:30.918 [FXGL Background Thread 3 ] DEBUG Engine               - class com.almasb.fxgl.app.FXGLApplication$GameApplicationService
01:05:30.918 [FXGL Background Thread 3 ] DEBUG Engine               - class com.almasb.fxgl.app.services.FXGLDialogService
01:05:30.918 [FXGL Background Thread 3 ] DEBUG Engine               - class com.almasb.fxgl.app.services.IOTaskExecutorService
01:05:30.918 [FXGL Background Thread 3 ] DEBUG Engine               - class com.almasb.fxgl.io.FileSystemService
01:05:30.918 [FXGL Background Thread 3 ] DEBUG Engine               - class com.almasb.fxgl.localization.LocalizationService
01:05:30.918 [FXGL Background Thread 3 ] DEBUG Engine               - class com.almasb.fxgl.app.services.SystemBundleService
01:05:30.918 [FXGL Background Thread 3 ] DEBUG Engine               - class com.almasb.fxgl.profile.SaveLoadService
01:05:30.918 [FXGL Background Thread 3 ] DEBUG Engine               - class com.almasb.fxgl.ui.FXGLUIFactoryServiceProvider
01:05:30.918 [FXGL Background Thread 3 ] DEBUG Engine               - class com.almasb.fxgl.ui.FXGLDialogFactoryServiceProvider
01:05:30.919 [FXGL Background Thread 3 ] DEBUG Engine               - class com.almasb.fxgl.audio.AudioPlayer
01:05:30.919 [FXGL Background Thread 3 ] DEBUG Engine               - class com.almasb.fxgl.notification.impl.NotificationServiceProvider
01:05:30.919 [FXGL Background Thread 3 ] DEBUG Engine               - class com.almasb.fxgl.achievement.AchievementService
01:05:30.919 [FXGL Background Thread 3 ] DEBUG Engine               - class com.almasb.fxgl.cutscene.CutsceneService
01:05:30.919 [FXGL Background Thread 3 ] DEBUG Engine               - class com.almasb.fxgl.minigames.MiniGameService
01:05:30.919 [FXGL Background Thread 3 ] DEBUG Engine               - class com.almasb.fxgl.net.NetService
01:05:30.919 [FXGL Background Thread 3 ] DEBUG Engine               - class com.almasb.fxgl.app.services.UpdaterService
01:05:30.919 [FXGL Background Thread 3 ] DEBUG Engine               - class com.almasb.fxgl.dev.DevService
01:06:11.095 [JavaFX Application Thread] WARN  GameWorld            - Attempted to remove entity which is not active
01:06:11.097 [JavaFX Application Thread] WARN  GameWorld            - Attempted to remove entity which is not active
01:06:11.098 [JavaFX Application Thread] WARN  GameWorld            - Attempted to remove entity which is not active
01:06:11.099 [JavaFX Application Thread] WARN  GameWorld            - Attempted to remove entity which is not active
01:06:11.099 [JavaFX Application Thread] WARN  GameWorld            - Attempted to remove entity which is not active
01:06:11.099 [JavaFX Application Thread] WARN  GameWorld            - Attempted to remove entity which is not active
01:06:11.099 [JavaFX Application Thread] WARN  GameWorld            - Attempted to remove entity which is not active
01:06:11.099 [JavaFX Application Thread] WARN  GameWorld            - Attempted to remove entity which is not active
01:06:11.099 [JavaFX Application Thread] WARN  GameWorld            - Attempted to remove entity which is not active
01:06:11.100 [JavaFX Application Thread] WARN  GameWorld            - Attempted to remove entity which is not active
01:06:11.100 [JavaFX Application Thread] WARN  GameWorld            - Attempted to remove entity which is not active
01:06:11.100 [JavaFX Application Thread] WARN  GameWorld            - Attempted to remove entity which is not active
01:06:11.100 [JavaFX Application Thread] WARN  GameWorld            - Attempted to remove entity which is not active
01:06:11.100 [JavaFX Application Thread] WARN  GameWorld            - Attempted to remove entity which is not active
01:06:11.100 [JavaFX Application Thread] WARN  GameWorld            - Attempted to remove entity which is not active
01:06:11.100 [JavaFX Application Thread] WARN  GameWorld            - Attempted to remove entity which is not active
01:06:11.109 [JavaFX Application Thread] WARN  GameWorld            - Attempted to remove entity which is not active
01:06:11.110 [JavaFX Application Thread] WARN  GameWorld            - Attempted to remove entity which is not active
01:06:11.110 [JavaFX Application Thread] WARN  GameWorld            - Attempted to remove entity which is not active
01:06:11.111 [JavaFX Application Thread] WARN  GameWorld            - Attempted to remove entity which is not active
01:06:11.111 [JavaFX Application Thread] WARN  GameWorld            - Attempted to remove entity which is not active
01:06:11.111 [JavaFX Application Thread] WARN  GameWorld            - Attempted to remove entity which is not active
01:06:11.111 [JavaFX Application Thread] WARN  GameWorld            - Attempted to remove entity which is not active
01:06:11.111 [JavaFX Application Thread] WARN  GameWorld            - Attempted to remove entity which is not active
01:06:11.111 [JavaFX Application Thread] WARN  GameWorld            - Attempted to remove entity which is not active
01:06:11.111 [JavaFX Application Thread] WARN  GameWorld            - Attempted to remove entity which is not active
01:06:11.112 [JavaFX Application Thread] WARN  GameWorld            - Attempted to remove entity which is not active
01:06:11.112 [JavaFX Application Thread] WARN  GameWorld            - Attempted to remove entity which is not active
01:06:11.112 [JavaFX Application Thread] WARN  GameWorld            - Attempted to remove entity which is not active
01:06:11.113 [JavaFX Application Thread] WARN  GameWorld            - Attempted to remove entity which is not active
01:06:11.113 [JavaFX Application Thread] WARN  GameWorld            - Attempted to remove entity which is not active
01:06:11.113 [JavaFX Application Thread] WARN  GameWorld            - Attempted to remove entity which is not active
01:06:11.113 [JavaFX Application Thread] WARN  GameWorld            - Attempted to remove entity which is not active
01:06:11.113 [JavaFX Application Thread] WARN  GameWorld            - Attempted to remove entity which is not active
01:06:11.114 [JavaFX Application Thread] WARN  GameWorld            - Attempted to remove entity which is not active
01:06:11.115 [JavaFX Application Thread] WARN  GameWorld            - Attempted to remove entity which is not active
01:06:11.115 [JavaFX Application Thread] WARN  GameWorld            - Attempted to remove entity which is not active
01:06:11.126 [JavaFX Application Thread] WARN  GameWorld            - Attempted to remove entity which is not active
01:06:11.126 [JavaFX Application Thread] WARN  GameWorld            - Attempted to remove entity which is not active
01:06:11.126 [JavaFX Application Thread] WARN  GameWorld            - Attempted to remove entity which is not active
01:06:11.127 [JavaFX Application Thread] WARN  GameWorld            - Attempted to remove entity which is not active
01:06:11.127 [JavaFX Application Thread] WARN  GameWorld            - Attempted to remove entity which is not active
01:06:11.127 [JavaFX Application Thread] WARN  GameWorld            - Attempted to remove entity which is not active
01:06:11.127 [JavaFX Application Thread] WARN  GameWorld            - Attempted to remove entity which is not active
01:06:11.127 [JavaFX Application Thread] WARN  GameWorld            - Attempted to remove entity which is not active
01:06:11.127 [JavaFX Application Thread] WARN  GameWorld            - Attempted to remove entity which is not active
01:06:11.127 [JavaFX Application Thread] WARN  GameWorld            - Attempted to remove entity which is not active
01:06:11.127 [JavaFX Application Thread] WARN  GameWorld            - Attempted to remove entity which is not active
01:06:11.127 [JavaFX Application Thread] WARN  GameWorld            - Attempted to remove entity which is not active
01:06:11.127 [JavaFX Application Thread] WARN  GameWorld            - Attempted to remove entity which is not active
01:06:11.127 [JavaFX Application Thread] WARN  GameWorld            - Attempted to remove entity which is not active
01:06:11.128 [JavaFX Application Thread] WARN  GameWorld            - Attempted to remove entity which is not active
01:06:11.128 [JavaFX Application Thread] WARN  GameWorld            - Attempted to remove entity which is not active
01:06:11.128 [JavaFX Application Thread] WARN  GameWorld            - Attempted to remove entity which is not active
01:06:11.128 [JavaFX Application Thread] WARN  GameWorld            - Attempted to remove entity which is not active
01:06:11.128 [JavaFX Application Thread] WARN  GameWorld            - Attempted to remove entity which is not active
01:06:11.128 [JavaFX Application Thread] WARN  GameWorld            - Attempted to remove entity which is not active
01:06:11.129 [JavaFX Application Thread] WARN  GameWorld            - Attempted to remove entity which is not active
01:06:11.129 [JavaFX Application Thread] WARN  GameWorld            - Attempted to remove entity which is not active
01:06:11.129 [JavaFX Application Thread] WARN  GameWorld            - Attempted to remove entity which is not active
01:06:11.129 [JavaFX Application Thread] WARN  GameWorld            - Attempted to remove entity which is not active
01:06:11.129 [JavaFX Application Thread] WARN  GameWorld            - Attempted to remove entity which is not active
01:06:11.129 [JavaFX Application Thread] WARN  GameWorld            - Attempted to remove entity which is not active
01:06:11.129 [JavaFX Application Thread] WARN  GameWorld            - Attempted to remove entity which is not active
01:06:11.129 [JavaFX Application Thread] WARN  GameWorld            - Attempted to remove entity which is not active
01:06:11.129 [JavaFX Application Thread] WARN  GameWorld            - Attempted to remove entity which is not active
01:06:11.129 [JavaFX Application Thread] WARN  GameWorld            - Attempted to remove entity which is not active
01:06:11.129 [JavaFX Application Thread] WARN  GameWorld            - Attempted to remove entity which is not active
01:06:11.130 [JavaFX Application Thread] WARN  GameWorld            - Attempted to remove entity which is not active
01:06:11.130 [JavaFX Application Thread] WARN  GameWorld            - Attempted to remove entity which is not active
01:06:11.130 [JavaFX Application Thread] WARN  GameWorld            - Attempted to remove entity which is not active
01:06:11.130 [JavaFX Application Thread] WARN  GameWorld            - Attempted to remove entity which is not active
01:06:11.130 [JavaFX Application Thread] WARN  GameWorld            - Attempted to remove entity which is not active
01:06:11.130 [JavaFX Application Thread] WARN  GameWorld            - Attempted to remove entity which is not active
01:06:11.130 [JavaFX Application Thread] WARN  GameWorld            - Attempted to remove entity which is not active
01:06:11.130 [JavaFX Application Thread] WARN  GameWorld            - Attempted to remove entity which is not active
01:06:11.131 [JavaFX Application Thread] WARN  GameWorld            - Attempted to remove entity which is not active
01:06:11.131 [JavaFX Application Thread] WARN  GameWorld            - Attempted to remove entity which is not active
01:06:11.131 [JavaFX Application Thread] WARN  GameWorld            - Attempted to remove entity which is not active
01:06:11.131 [JavaFX Application Thread] WARN  GameWorld            - Attempted to remove entity which is not active
01:06:11.131 [JavaFX Application Thread] WARN  GameWorld            - Attempted to remove entity which is not active
01:06:11.141 [JavaFX Application Thread] WARN  GameWorld            - Attempted to remove entity which is not active
01:06:11.142 [JavaFX Application Thread] WARN  GameWorld            - Attempted to remove entity which is not active
01:06:11.142 [JavaFX Application Thread] WARN  GameWorld            - Attempted to remove entity which is not active
01:06:11.142 [JavaFX Application Thread] WARN  GameWorld            - Attempted to remove entity which is not active
01:06:11.142 [JavaFX Application Thread] WARN  GameWorld            - Attempted to remove entity which is not active
01:06:11.142 [JavaFX Application Thread] WARN  GameWorld            - Attempted to remove entity which is not active
01:06:11.142 [JavaFX Application Thread] WARN  GameWorld            - Attempted to remove entity which is not active
01:06:11.142 [JavaFX Application Thread] WARN  GameWorld            - Attempted to remove entity which is not active
01:06:11.142 [JavaFX Application Thread] WARN  GameWorld            - Attempted to remove entity which is not active
01:06:11.142 [JavaFX Application Thread] WARN  GameWorld            - Attempted to remove entity which is not active
01:06:11.143 [JavaFX Application Thread] WARN  GameWorld            - Attempted to remove entity which is not active
01:06:11.143 [JavaFX Application Thread] WARN  GameWorld            - Attempted to remove entity which is not active
01:06:11.143 [JavaFX Application Thread] WARN  GameWorld            - Attempted to remove entity which is not active
01:06:11.143 [JavaFX Application Thread] WARN  GameWorld            - Attempted to remove entity which is not active
01:06:11.143 [JavaFX Application Thread] WARN  GameWorld            - Attempted to remove entity which is not active
01:06:11.143 [JavaFX Application Thread] WARN  GameWorld            - Attempted to remove entity which is not active
01:06:11.143 [JavaFX Application Thread] WARN  GameWorld            - Attempted to remove entity which is not active
01:06:11.143 [JavaFX Application Thread] WARN  GameWorld            - Attempted to remove entity which is not active
01:06:11.143 [JavaFX Application Thread] WARN  GameWorld            - Attempted to remove entity which is not active
01:06:11.143 [JavaFX Application Thread] WARN  GameWorld            - Attempted to remove entity which is not active
01:06:11.144 [JavaFX Application Thread] WARN  GameWorld            - Attempted to remove entity which is not active
01:06:11.144 [JavaFX Application Thread] WARN  GameWorld            - Attempted to remove entity which is not active
01:06:11.144 [JavaFX Application Thread] WARN  GameWorld            - Attempted to remove entity which is not active
01:06:11.144 [JavaFX Application Thread] WARN  GameWorld            - Attempted to remove entity which is not active
01:06:11.144 [JavaFX Application Thread] WARN  GameWorld            - Attempted to remove entity which is not active
01:06:11.144 [JavaFX Application Thread] WARN  GameWorld            - Attempted to remove entity which is not active
01:06:11.144 [JavaFX Application Thread] WARN  GameWorld            - Attempted to remove entity which is not active
01:06:11.144 [JavaFX Application Thread] WARN  GameWorld            - Attempted to remove entity which is not active
01:06:11.144 [JavaFX Application Thread] WARN  GameWorld            - Attempted to remove entity which is not active
01:06:11.144 [JavaFX Application Thread] WARN  GameWorld            - Attempted to remove entity which is not active
01:06:11.144 [JavaFX Application Thread] WARN  GameWorld            - Attempted to remove entity which is not active
01:06:11.144 [JavaFX Application Thread] WARN  GameWorld            - Attempted to remove entity which is not active
01:06:11.145 [JavaFX Application Thread] WARN  GameWorld            - Attempted to remove entity which is not active
01:06:11.145 [JavaFX Application Thread] WARN  GameWorld            - Attempted to remove entity which is not active
01:06:11.145 [JavaFX Application Thread] WARN  GameWorld            - Attempted to remove entity which is not active
01:06:11.145 [JavaFX Application Thread] WARN  GameWorld            - Attempted to remove entity which is not active
01:06:11.145 [JavaFX Application Thread] WARN  GameWorld            - Attempted to remove entity which is not active
01:06:11.145 [JavaFX Application Thread] WARN  GameWorld            - Attempted to remove entity which is not active
01:06:11.145 [JavaFX Application Thread] WARN  GameWorld            - Attempted to remove entity which is not active
01:06:11.145 [JavaFX Application Thread] WARN  GameWorld            - Attempted to remove entity which is not active
01:06:11.145 [JavaFX Application Thread] WARN  GameWorld            - Attempted to remove entity which is not active
01:06:11.145 [JavaFX Application Thread] WARN  GameWorld            - Attempted to remove entity which is not active
01:06:11.145 [JavaFX Application Thread] WARN  GameWorld            - Attempted to remove entity which is not active
01:06:11.145 [JavaFX Application Thread] WARN  GameWorld            - Attempted to remove entity which is not active
01:06:11.157 [JavaFX Application Thread] WARN  GameWorld            - Attempted to remove entity which is not active
01:06:11.158 [JavaFX Application Thread] WARN  GameWorld            - Attempted to remove entity which is not active
01:06:11.158 [JavaFX Application Thread] WARN  GameWorld            - Attempted to remove entity which is not active
01:06:11.158 [JavaFX Application Thread] WARN  GameWorld            - Attempted to remove entity which is not active
01:06:11.158 [JavaFX Application Thread] WARN  GameWorld            - Attempted to remove entity which is not active
01:06:11.158 [JavaFX Application Thread] WARN  GameWorld            - Attempted to remove entity which is not active
01:06:11.158 [JavaFX Application Thread] WARN  GameWorld            - Attempted to remove entity which is not active
01:06:11.158 [JavaFX Application Thread] WARN  GameWorld            - Attempted to remove entity which is not active
01:06:11.158 [JavaFX Application Thread] WARN  GameWorld            - Attempted to remove entity which is not active
01:06:11.159 [JavaFX Application Thread] WARN  GameWorld            - Attempted to remove entity which is not active
01:06:11.159 [JavaFX Application Thread] WARN  GameWorld            - Attempted to remove entity which is not active
01:06:11.159 [JavaFX Application Thread] WARN  GameWorld            - Attempted to remove entity which is not active
01:06:11.159 [JavaFX Application Thread] WARN  GameWorld            - Attempted to remove entity which is not active
01:06:11.159 [JavaFX Application Thread] WARN  GameWorld            - Attempted to remove entity which is not active
01:06:11.159 [JavaFX Application Thread] WARN  GameWorld            - Attempted to remove entity which is not active
01:06:11.159 [JavaFX Application Thread] WARN  GameWorld            - Attempted to remove entity which is not active
01:06:11.159 [JavaFX Application Thread] WARN  GameWorld            - Attempted to remove entity which is not active
01:06:11.159 [JavaFX Application Thread] WARN  GameWorld            - Attempted to remove entity which is not active
01:06:11.160 [JavaFX Application Thread] WARN  GameWorld            - Attempted to remove entity which is not active
01:06:11.160 [JavaFX Application Thread] WARN  GameWorld            - Attempted to remove entity which is not active
01:06:11.160 [JavaFX Application Thread] WARN  GameWorld            - Attempted to remove entity which is not active
01:06:11.160 [JavaFX Application Thread] WARN  GameWorld            - Attempted to remove entity which is not active
01:06:11.160 [JavaFX Application Thread] WARN  GameWorld            - Attempted to remove entity which is not active
01:06:11.160 [JavaFX Application Thread] WARN  GameWorld            - Attempted to remove entity which is not active
01:06:11.161 [JavaFX Application Thread] WARN  GameWorld            - Attempted to remove entity which is not active
01:06:11.161 [JavaFX Application Thread] WARN  GameWorld            - Attempted to remove entity which is not active
01:06:11.161 [JavaFX Application Thread] WARN  GameWorld            - Attempted to remove entity which is not active
01:06:11.161 [JavaFX Application Thread] WARN  GameWorld            - Attempted to remove entity which is not active
01:06:11.161 [JavaFX Application Thread] WARN  GameWorld            - Attempted to remove entity which is not active
01:06:11.161 [JavaFX Application Thread] WARN  GameWorld            - Attempted to remove entity which is not active
01:06:11.162 [JavaFX Application Thread] WARN  GameWorld            - Attempted to remove entity which is not active
01:06:11.162 [JavaFX Application Thread] WARN  GameWorld            - Attempted to remove entity which is not active
01:06:11.162 [JavaFX Application Thread] WARN  GameWorld            - Attempted to remove entity which is not active
01:06:11.162 [JavaFX Application Thread] WARN  GameWorld            - Attempted to remove entity which is not active
01:06:11.162 [JavaFX Application Thread] WARN  GameWorld            - Attempted to remove entity which is not active
01:06:11.162 [JavaFX Application Thread] WARN  GameWorld            - Attempted to remove entity which is not active
01:06:11.162 [JavaFX Application Thread] WARN  GameWorld            - Attempted to remove entity which is not active
01:06:11.163 [JavaFX Application Thread] WARN  GameWorld            - Attempted to remove entity which is not active
01:06:11.163 [JavaFX Application Thread] WARN  GameWorld            - Attempted to remove entity which is not active
01:06:11.163 [JavaFX Application Thread] WARN  GameWorld            - Attempted to remove entity which is not active
01:06:11.163 [JavaFX Application Thread] WARN  GameWorld            - Attempted to remove entity which is not active
01:06:11.163 [JavaFX Application Thread] WARN  GameWorld            - Attempted to remove entity which is not active
01:06:11.163 [JavaFX Application Thread] WARN  GameWorld            - Attempted to remove entity which is not active
01:06:11.165 [JavaFX Application Thread] WARN  GameWorld            - Attempted to remove entity which is not active
01:06:11.173 [JavaFX Application Thread] WARN  GameWorld            - Attempted to remove entity which is not active
01:06:11.174 [JavaFX Application Thread] WARN  GameWorld            - Attempted to remove entity which is not active
01:06:11.174 [JavaFX Application Thread] WARN  GameWorld            - Attempted to remove entity which is not active
01:06:11.174 [JavaFX Application Thread] WARN  GameWorld            - Attempted to remove entity which is not active
01:06:11.174 [JavaFX Application Thread] WARN  GameWorld            - Attempted to remove entity which is not active
01:06:11.174 [JavaFX Application Thread] WARN  GameWorld            - Attempted to remove entity which is not active
01:06:11.175 [JavaFX Application Thread] WARN  GameWorld            - Attempted to remove entity which is not active
01:06:11.175 [JavaFX Application Thread] WARN  GameWorld            - Attempted to remove entity which is not active
01:06:11.175 [JavaFX Application Thread] WARN  GameWorld            - Attempted to remove entity which is not active
01:06:11.175 [JavaFX Application Thread] WARN  GameWorld            - Attempted to remove entity which is not active
01:06:11.175 [JavaFX Application Thread] WARN  GameWorld            - Attempted to remove entity which is not active
01:06:11.175 [JavaFX Application Thread] WARN  GameWorld            - Attempted to remove entity which is not active
01:06:11.175 [JavaFX Application Thread] WARN  GameWorld            - Attempted to remove entity which is not active
01:06:11.175 [JavaFX Application Thread] WARN  GameWorld            - Attempted to remove entity which is not active
01:06:11.175 [JavaFX Application Thread] WARN  GameWorld            - Attempted to remove entity which is not active
01:06:11.176 [JavaFX Application Thread] WARN  GameWorld            - Attempted to remove entity which is not active
01:06:11.176 [JavaFX Application Thread] WARN  GameWorld            - Attempted to remove entity which is not active
01:06:11.176 [JavaFX Application Thread] WARN  GameWorld            - Attempted to remove entity which is not active
01:06:11.176 [JavaFX Application Thread] WARN  GameWorld            - Attempted to remove entity which is not active
01:06:11.176 [JavaFX Application Thread] WARN  GameWorld            - Attempted to remove entity which is not active
01:06:11.176 [JavaFX Application Thread] WARN  GameWorld            - Attempted to remove entity which is not active
01:06:11.176 [JavaFX Application Thread] WARN  GameWorld            - Attempted to remove entity which is not active
01:06:11.176 [JavaFX Application Thread] WARN  GameWorld            - Attempted to remove entity which is not active
01:06:11.176 [JavaFX Application Thread] WARN  GameWorld            - Attempted to remove entity which is not active
01:06:11.176 [JavaFX Application Thread] WARN  GameWorld            - Attempted to remove entity which is not active
01:06:11.176 [JavaFX Application Thread] WARN  GameWorld            - Attempted to remove entity which is not active
01:06:11.176 [JavaFX Application Thread] WARN  GameWorld            - Attempted to remove entity which is not active
01:06:11.176 [JavaFX Application Thread] WARN  GameWorld            - Attempted to remove entity which is not active
01:06:11.176 [JavaFX Application Thread] WARN  GameWorld            - Attempted to remove entity which is not active
01:06:11.177 [JavaFX Application Thread] WARN  GameWorld            - Attempted to remove entity which is not active
01:06:11.177 [JavaFX Application Thread] WARN  GameWorld            - Attempted to remove entity which is not active
01:06:11.177 [JavaFX Application Thread] WARN  GameWorld            - Attempted to remove entity which is not active
01:06:11.177 [JavaFX Application Thread] WARN  GameWorld            - Attempted to remove entity which is not active
01:06:11.177 [JavaFX Application Thread] WARN  GameWorld            - Attempted to remove entity which is not active
01:06:11.177 [JavaFX Application Thread] WARN  GameWorld            - Attempted to remove entity which is not active
01:06:11.177 [JavaFX Application Thread] WARN  GameWorld            - Attempted to remove entity which is not active
01:06:11.178 [JavaFX Application Thread] WARN  GameWorld            - Attempted to remove entity which is not active
01:06:11.178 [JavaFX Application Thread] WARN  GameWorld            - Attempted to remove entity which is not active
01:06:11.178 [JavaFX Application Thread] WARN  GameWorld            - Attempted to remove entity which is not active
01:06:11.178 [JavaFX Application Thread] WARN  GameWorld            - Attempted to remove entity which is not active
01:06:11.178 [JavaFX Application Thread] WARN  GameWorld            - Attempted to remove entity which is not active
01:06:11.178 [JavaFX Application Thread] WARN  GameWorld            - Attempted to remove entity which is not active
01:06:11.179 [JavaFX Application Thread] WARN  GameWorld            - Attempted to remove entity which is not active
01:06:11.179 [JavaFX Application Thread] WARN  GameWorld            - Attempted to remove entity which is not active
01:06:11.189 [JavaFX Application Thread] WARN  GameWorld            - Attempted to remove entity which is not active
01:06:11.189 [JavaFX Application Thread] WARN  GameWorld            - Attempted to remove entity which is not active
01:06:11.189 [JavaFX Application Thread] WARN  GameWorld            - Attempted to remove entity which is not active
01:06:11.189 [JavaFX Application Thread] WARN  GameWorld            - Attempted to remove entity which is not active
01:06:11.189 [JavaFX Application Thread] WARN  GameWorld            - Attempted to remove entity which is not active
01:06:11.189 [JavaFX Application Thread] WARN  GameWorld            - Attempted to remove entity which is not active
01:06:11.189 [JavaFX Application Thread] WARN  GameWorld            - Attempted to remove entity which is not active
01:06:11.190 [JavaFX Application Thread] WARN  GameWorld            - Attempted to remove entity which is not active
01:06:11.190 [JavaFX Application Thread] WARN  GameWorld            - Attempted to remove entity which is not active
01:06:11.190 [JavaFX Application Thread] WARN  GameWorld            - Attempted to remove entity which is not active
01:06:11.190 [JavaFX Application Thread] WARN  GameWorld            - Attempted to remove entity which is not active
01:06:11.190 [JavaFX Application Thread] WARN  GameWorld            - Attempted to remove entity which is not active
01:06:11.190 [JavaFX Application Thread] WARN  GameWorld            - Attempted to remove entity which is not active
01:06:11.190 [JavaFX Application Thread] WARN  GameWorld            - Attempted to remove entity which is not active
01:06:11.190 [JavaFX Application Thread] WARN  GameWorld            - Attempted to remove entity which is not active
01:06:11.191 [JavaFX Application Thread] WARN  GameWorld            - Attempted to remove entity which is not active
01:06:11.191 [JavaFX Application Thread] WARN  GameWorld            - Attempted to remove entity which is not active
01:06:11.191 [JavaFX Application Thread] WARN  GameWorld            - Attempted to remove entity which is not active
01:06:11.191 [JavaFX Application Thread] WARN  GameWorld            - Attempted to remove entity which is not active
01:06:11.191 [JavaFX Application Thread] WARN  GameWorld            - Attempted to remove entity which is not active
01:06:11.191 [JavaFX Application Thread] WARN  GameWorld            - Attempted to remove entity which is not active
01:06:11.191 [JavaFX Application Thread] WARN  GameWorld            - Attempted to remove entity which is not active
01:06:11.191 [JavaFX Application Thread] WARN  GameWorld            - Attempted to remove entity which is not active
01:06:11.191 [JavaFX Application Thread] WARN  GameWorld            - Attempted to remove entity which is not active
01:06:11.191 [JavaFX Application Thread] WARN  GameWorld            - Attempted to remove entity which is not active
01:06:11.192 [JavaFX Application Thread] WARN  GameWorld            - Attempted to remove entity which is not active
01:06:11.192 [JavaFX Application Thread] WARN  GameWorld            - Attempted to remove entity which is not active
01:06:11.192 [JavaFX Application Thread] WARN  GameWorld            - Attempted to remove entity which is not active
01:06:11.192 [JavaFX Application Thread] WARN  GameWorld            - Attempted to remove entity which is not active
01:06:11.192 [JavaFX Application Thread] WARN  GameWorld            - Attempted to remove entity which is not active
01:06:11.192 [JavaFX Application Thread] WARN  GameWorld            - Attempted to remove entity which is not active
01:06:11.192 [JavaFX Application Thread] WARN  GameWorld            - Attempted to remove entity which is not active
01:06:11.192 [JavaFX Application Thread] WARN  GameWorld            - Attempted to remove entity which is not active
01:06:11.192 [JavaFX Application Thread] WARN  GameWorld            - Attempted to remove entity which is not active
01:06:11.192 [JavaFX Application Thread] WARN  GameWorld            - Attempted to remove entity which is not active
01:06:11.193 [JavaFX Application Thread] WARN  GameWorld            - Attempted to remove entity which is not active
01:06:11.193 [JavaFX Application Thread] WARN  GameWorld            - Attempted to remove entity which is not active
01:06:11.193 [JavaFX Application Thread] WARN  GameWorld            - Attempted to remove entity which is not active
01:06:11.193 [JavaFX Application Thread] WARN  GameWorld            - Attempted to remove entity which is not active
01:06:11.193 [JavaFX Application Thread] WARN  GameWorld            - Attempted to remove entity which is not active
01:06:11.193 [JavaFX Application Thread] WARN  GameWorld            - Attempted to remove entity which is not active
01:06:11.193 [JavaFX Application Thread] WARN  GameWorld            - Attempted to remove entity which is not active
01:06:11.193 [JavaFX Application Thread] WARN  GameWorld            - Attempted to remove entity which is not active
01:06:11.193 [JavaFX Application Thread] WARN  GameWorld            - Attempted to remove entity which is not active
01:06:11.221 [JavaFX Application Thread] WARN  GameWorld            - Attempted to remove entity which is not active
01:06:11.221 [JavaFX Application Thread] WARN  GameWorld            - Attempted to remove entity which is not active
01:06:11.221 [JavaFX Application Thread] WARN  GameWorld            - Attempted to remove entity which is not active
01:06:11.221 [JavaFX Application Thread] WARN  GameWorld            - Attempted to remove entity which is not active
01:06:11.221 [JavaFX Application Thread] WARN  GameWorld            - Attempted to remove entity which is not active
01:06:11.221 [JavaFX Application Thread] WARN  GameWorld            - Attempted to remove entity which is not active
01:06:11.222 [JavaFX Application Thread] WARN  GameWorld            - Attempted to remove entity which is not active
01:06:11.222 [JavaFX Application Thread] WARN  GameWorld            - Attempted to remove entity which is not active
01:06:11.222 [JavaFX Application Thread] WARN  GameWorld            - Attempted to remove entity which is not active
01:06:11.222 [JavaFX Application Thread] WARN  GameWorld            - Attempted to remove entity which is not active
01:06:11.222 [JavaFX Application Thread] WARN  GameWorld            - Attempted to remove entity which is not active
01:06:11.222 [JavaFX Application Thread] WARN  GameWorld            - Attempted to remove entity which is not active
01:06:11.222 [JavaFX Application Thread] WARN  GameWorld            - Attempted to remove entity which is not active
01:06:11.222 [JavaFX Application Thread] WARN  GameWorld            - Attempted to remove entity which is not active
01:06:11.222 [JavaFX Application Thread] WARN  GameWorld            - Attempted to remove entity which is not active
01:06:11.222 [JavaFX Application Thread] WARN  GameWorld            - Attempted to remove entity which is not active
01:06:11.222 [JavaFX Application Thread] WARN  GameWorld            - Attempted to remove entity which is not active
01:06:11.222 [JavaFX Application Thread] WARN  GameWorld            - Attempted to remove entity which is not active
01:06:11.222 [JavaFX Application Thread] WARN  GameWorld            - Attempted to remove entity which is not active
01:06:11.223 [JavaFX Application Thread] WARN  GameWorld            - Attempted to remove entity which is not active
01:06:11.223 [JavaFX Application Thread] WARN  GameWorld            - Attempted to remove entity which is not active
01:06:11.223 [JavaFX Application Thread] WARN  GameWorld            - Attempted to remove entity which is not active
01:06:11.223 [JavaFX Application Thread] WARN  GameWorld            - Attempted to remove entity which is not active
01:06:11.223 [JavaFX Application Thread] WARN  GameWorld            - Attempted to remove entity which is not active
01:06:11.223 [JavaFX Application Thread] WARN  GameWorld            - Attempted to remove entity which is not active
01:06:11.223 [JavaFX Application Thread] WARN  GameWorld            - Attempted to remove entity which is not active
01:06:11.223 [JavaFX Application Thread] WARN  GameWorld            - Attempted to remove entity which is not active
01:06:11.223 [JavaFX Application Thread] WARN  GameWorld            - Attempted to remove entity which is not active
01:06:11.223 [JavaFX Application Thread] WARN  GameWorld            - Attempted to remove entity which is not active
01:06:11.223 [JavaFX Application Thread] WARN  GameWorld            - Attempted to remove entity which is not active
01:06:11.224 [JavaFX Application Thread] WARN  GameWorld            - Attempted to remove entity which is not active
01:06:11.224 [JavaFX Application Thread] WARN  GameWorld            - Attempted to remove entity which is not active
01:06:11.224 [JavaFX Application Thread] WARN  GameWorld            - Attempted to remove entity which is not active
01:06:11.224 [JavaFX Application Thread] WARN  GameWorld            - Attempted to remove entity which is not active
01:06:11.224 [JavaFX Application Thread] WARN  GameWorld            - Attempted to remove entity which is not active
01:06:11.224 [JavaFX Application Thread] WARN  GameWorld            - Attempted to remove entity which is not active
01:06:11.224 [JavaFX Application Thread] WARN  GameWorld            - Attempted to remove entity which is not active
01:06:11.224 [JavaFX Application Thread] WARN  GameWorld            - Attempted to remove entity which is not active
01:06:11.224 [JavaFX Application Thread] WARN  GameWorld            - Attempted to remove entity which is not active
01:06:11.224 [JavaFX Application Thread] WARN  GameWorld            - Attempted to remove entity which is not active
01:06:11.224 [JavaFX Application Thread] WARN  GameWorld            - Attempted to remove entity which is not active
01:06:11.224 [JavaFX Application Thread] WARN  GameWorld            - Attempted to remove entity which is not active
01:06:11.224 [JavaFX Application Thread] WARN  GameWorld            - Attempted to remove entity which is not active
01:06:11.224 [JavaFX Application Thread] WARN  GameWorld            - Attempted to remove entity which is not active
01:06:11.237 [JavaFX Application Thread] WARN  GameWorld            - Attempted to remove entity which is not active
01:06:11.237 [JavaFX Application Thread] WARN  GameWorld            - Attempted to remove entity which is not active
01:06:11.238 [JavaFX Application Thread] WARN  GameWorld            - Attempted to remove entity which is not active
01:06:11.238 [JavaFX Application Thread] WARN  GameWorld            - Attempted to remove entity which is not active
01:06:11.238 [JavaFX Application Thread] WARN  GameWorld            - Attempted to remove entity which is not active
01:06:11.238 [JavaFX Application Thread] WARN  GameWorld            - Attempted to remove entity which is not active
01:06:11.238 [JavaFX Application Thread] WARN  GameWorld            - Attempted to remove entity which is not active
01:06:11.238 [JavaFX Application Thread] WARN  GameWorld            - Attempted to remove entity which is not active
01:06:11.238 [JavaFX Application Thread] WARN  GameWorld            - Attempted to remove entity which is not active
01:06:11.239 [JavaFX Application Thread] WARN  GameWorld            - Attempted to remove entity which is not active
01:06:11.239 [JavaFX Application Thread] WARN  GameWorld            - Attempted to remove entity which is not active
01:06:11.239 [JavaFX Application Thread] WARN  GameWorld            - Attempted to remove entity which is not active
01:06:11.239 [JavaFX Application Thread] WARN  GameWorld            - Attempted to remove entity which is not active
01:06:11.239 [JavaFX Application Thread] WARN  GameWorld            - Attempted to remove entity which is not active
01:06:11.239 [JavaFX Application Thread] WARN  GameWorld            - Attempted to remove entity which is not active
01:06:11.239 [JavaFX Application Thread] WARN  GameWorld            - Attempted to remove entity which is not active
01:06:11.239 [JavaFX Application Thread] WARN  GameWorld            - Attempted to remove entity which is not active
01:06:11.239 [JavaFX Application Thread] WARN  GameWorld            - Attempted to remove entity which is not active
01:06:11.240 [JavaFX Application Thread] WARN  GameWorld            - Attempted to remove entity which is not active
01:06:11.240 [JavaFX Application Thread] WARN  GameWorld            - Attempted to remove entity which is not active
01:06:11.240 [JavaFX Application Thread] WARN  GameWorld            - Attempted to remove entity which is not active
01:06:11.240 [JavaFX Application Thread] WARN  GameWorld            - Attempted to remove entity which is not active
01:06:11.240 [JavaFX Application Thread] WARN  GameWorld            - Attempted to remove entity which is not active
01:06:11.240 [JavaFX Application Thread] WARN  GameWorld            - Attempted to remove entity which is not active
01:06:11.240 [JavaFX Application Thread] WARN  GameWorld            - Attempted to remove entity which is not active
01:06:11.241 [JavaFX Application Thread] WARN  GameWorld            - Attempted to remove entity which is not active
01:06:11.241 [JavaFX Application Thread] WARN  GameWorld            - Attempted to remove entity which is not active
01:06:11.241 [JavaFX Application Thread] WARN  GameWorld            - Attempted to remove entity which is not active
01:06:11.242 [JavaFX Application Thread] WARN  GameWorld            - Attempted to remove entity which is not active
01:06:11.242 [JavaFX Application Thread] WARN  GameWorld            - Attempted to remove entity which is not active
01:06:11.242 [JavaFX Application Thread] WARN  GameWorld            - Attempted to remove entity which is not active
01:06:11.242 [JavaFX Application Thread] WARN  GameWorld            - Attempted to remove entity which is not active
01:06:11.242 [JavaFX Application Thread] WARN  GameWorld            - Attempted to remove entity which is not active
01:06:11.242 [JavaFX Application Thread] WARN  GameWorld            - Attempted to remove entity which is not active
01:06:11.242 [JavaFX Application Thread] WARN  GameWorld            - Attempted to remove entity which is not active
01:06:11.242 [JavaFX Application Thread] WARN  GameWorld            - Attempted to remove entity which is not active
01:06:11.242 [JavaFX Application Thread] WARN  GameWorld            - Attempted to remove entity which is not active
01:06:11.242 [JavaFX Application Thread] WARN  GameWorld            - Attempted to remove entity which is not active
01:06:11.242 [JavaFX Application Thread] WARN  GameWorld            - Attempted to remove entity which is not active
01:06:11.242 [JavaFX Application Thread] WARN  GameWorld            - Attempted to remove entity which is not active
01:06:11.242 [JavaFX Application Thread] WARN  GameWorld            - Attempted to remove entity which is not active
01:06:11.242 [JavaFX Application Thread] WARN  GameWorld            - Attempted to remove entity which is not active
01:06:11.242 [JavaFX Application Thread] WARN  GameWorld            - Attempted to remove entity which is not active
01:06:11.242 [JavaFX Application Thread] WARN  GameWorld            - Attempted to remove entity which is not active
01:06:11.253 [JavaFX Application Thread] WARN  GameWorld            - Attempted to remove entity which is not active
01:06:11.253 [JavaFX Application Thread] WARN  GameWorld            - Attempted to remove entity which is not active
01:06:11.253 [JavaFX Application Thread] WARN  GameWorld            - Attempted to remove entity which is not active
01:06:11.253 [JavaFX Application Thread] WARN  GameWorld            - Attempted to remove entity which is not active
01:06:11.253 [JavaFX Application Thread] WARN  GameWorld            - Attempted to remove entity which is not active
01:06:11.253 [JavaFX Application Thread] WARN  GameWorld            - Attempted to remove entity which is not active
01:06:11.253 [JavaFX Application Thread] WARN  GameWorld            - Attempted to remove entity which is not active
01:06:11.253 [JavaFX Application Thread] WARN  GameWorld            - Attempted to remove entity which is not active
01:06:11.253 [JavaFX Application Thread] WARN  GameWorld            - Attempted to remove entity which is not active
01:06:11.254 [JavaFX Application Thread] WARN  GameWorld            - Attempted to remove entity which is not active
01:06:11.254 [JavaFX Application Thread] WARN  GameWorld            - Attempted to remove entity which is not active
01:06:11.254 [JavaFX Application Thread] WARN  GameWorld            - Attempted to remove entity which is not active
01:06:11.254 [JavaFX Application Thread] WARN  GameWorld            - Attempted to remove entity which is not active
01:06:11.254 [JavaFX Application Thread] WARN  GameWorld            - Attempted to remove entity which is not active
01:06:11.254 [JavaFX Application Thread] WARN  GameWorld            - Attempted to remove entity which is not active
01:06:11.254 [JavaFX Application Thread] WARN  GameWorld            - Attempted to remove entity which is not active
01:06:11.254 [JavaFX Application Thread] WARN  GameWorld            - Attempted to remove entity which is not active
01:06:11.254 [JavaFX Application Thread] WARN  GameWorld            - Attempted to remove entity which is not active
01:06:11.254 [JavaFX Application Thread] WARN  GameWorld            - Attempted to remove entity which is not active
01:06:11.254 [JavaFX Application Thread] WARN  GameWorld            - Attempted to remove entity which is not active
01:06:11.254 [JavaFX Application Thread] WARN  GameWorld            - Attempted to remove entity which is not active
01:06:11.254 [JavaFX Application Thread] WARN  GameWorld            - Attempted to remove entity which is not active
01:06:11.254 [JavaFX Application Thread] WARN  GameWorld            - Attempted to remove entity which is not active
01:06:11.254 [JavaFX Application Thread] WARN  GameWorld            - Attempted to remove entity which is not active
01:06:11.255 [JavaFX Application Thread] WARN  GameWorld            - Attempted to remove entity which is not active
01:06:11.255 [JavaFX Application Thread] WARN  GameWorld            - Attempted to remove entity which is not active
01:06:11.255 [JavaFX Application Thread] WARN  GameWorld            - Attempted to remove entity which is not active
01:06:11.255 [JavaFX Application Thread] WARN  GameWorld            - Attempted to remove entity which is not active
01:06:11.255 [JavaFX Application Thread] WARN  GameWorld            - Attempted to remove entity which is not active
01:06:11.255 [JavaFX Application Thread] WARN  GameWorld            - Attempted to remove entity which is not active
01:06:11.255 [JavaFX Application Thread] WARN  GameWorld            - Attempted to remove entity which is not active
01:06:11.255 [JavaFX Application Thread] WARN  GameWorld            - Attempted to remove entity which is not active
01:06:11.255 [JavaFX Application Thread] WARN  GameWorld            - Attempted to remove entity which is not active
01:06:11.255 [JavaFX Application Thread] WARN  GameWorld            - Attempted to remove entity which is not active
01:06:11.255 [JavaFX Application Thread] WARN  GameWorld            - Attempted to remove entity which is not active
01:06:11.255 [JavaFX Application Thread] WARN  GameWorld            - Attempted to remove entity which is not active
01:06:11.255 [JavaFX Application Thread] WARN  GameWorld            - Attempted to remove entity which is not active
01:06:11.255 [JavaFX Application Thread] WARN  GameWorld            - Attempted to remove entity which is not active
01:06:11.255 [JavaFX Application Thread] WARN  GameWorld            - Attempted to remove entity which is not active
01:06:11.255 [JavaFX Application Thread] WARN  GameWorld            - Attempted to remove entity which is not active
01:06:11.255 [JavaFX Application Thread] WARN  GameWorld            - Attempted to remove entity which is not active
01:06:11.255 [JavaFX Application Thread] WARN  GameWorld            - Attempted to remove entity which is not active
01:06:11.255 [JavaFX Application Thread] WARN  GameWorld            - Attempted to remove entity which is not active
01:06:11.255 [JavaFX Application Thread] WARN  GameWorld            - Attempted to remove entity which is not active
01:06:11.269 [JavaFX Application Thread] WARN  GameWorld            - Attempted to remove entity which is not active
01:06:11.269 [JavaFX Application Thread] WARN  GameWorld            - Attempted to remove entity which is not active
01:06:11.269 [JavaFX Application Thread] WARN  GameWorld            - Attempted to remove entity which is not active
01:06:11.269 [JavaFX Application Thread] WARN  GameWorld            - Attempted to remove entity which is not active
01:06:11.269 [JavaFX Application Thread] WARN  GameWorld            - Attempted to remove entity which is not active
01:06:11.269 [JavaFX Application Thread] WARN  GameWorld            - Attempted to remove entity which is not active
01:06:11.269 [JavaFX Application Thread] WARN  GameWorld            - Attempted to remove entity which is not active
01:06:11.269 [JavaFX Application Thread] WARN  GameWorld            - Attempted to remove entity which is not active
01:06:11.269 [JavaFX Application Thread] WARN  GameWorld            - Attempted to remove entity which is not active
01:06:11.269 [JavaFX Application Thread] WARN  GameWorld            - Attempted to remove entity which is not active
01:06:11.269 [JavaFX Application Thread] WARN  GameWorld            - Attempted to remove entity which is not active
01:06:11.269 [JavaFX Application Thread] WARN  GameWorld            - Attempted to remove entity which is not active
01:06:11.269 [JavaFX Application Thread] WARN  GameWorld            - Attempted to remove entity which is not active
01:06:11.269 [JavaFX Application Thread] WARN  GameWorld            - Attempted to remove entity which is not active
01:06:11.269 [JavaFX Application Thread] WARN  GameWorld            - Attempted to remove entity which is not active
01:06:11.269 [JavaFX Application Thread] WARN  GameWorld            - Attempted to remove entity which is not active
01:06:11.269 [JavaFX Application Thread] WARN  GameWorld            - Attempted to remove entity which is not active
01:06:11.269 [JavaFX Application Thread] WARN  GameWorld            - Attempted to remove entity which is not active
01:06:11.269 [JavaFX Application Thread] WARN  GameWorld            - Attempted to remove entity which is not active
01:06:11.269 [JavaFX Application Thread] WARN  GameWorld            - Attempted to remove entity which is not active
01:06:11.269 [JavaFX Application Thread] WARN  GameWorld            - Attempted to remove entity which is not active
01:06:11.269 [JavaFX Application Thread] WARN  GameWorld            - Attempted to remove entity which is not active
01:06:11.269 [JavaFX Application Thread] WARN  GameWorld            - Attempted to remove entity which is not active
01:06:11.269 [JavaFX Application Thread] WARN  GameWorld            - Attempted to remove entity which is not active
01:06:11.269 [JavaFX Application Thread] WARN  GameWorld            - Attempted to remove entity which is not active
01:06:11.269 [JavaFX Application Thread] WARN  GameWorld            - Attempted to remove entity which is not active
01:06:11.269 [JavaFX Application Thread] WARN  GameWorld            - Attempted to remove entity which is not active
01:06:11.269 [JavaFX Application Thread] WARN  GameWorld            - Attempted to remove entity which is not active
01:06:11.269 [JavaFX Application Thread] WARN  GameWorld            - Attempted to remove entity which is not active
01:06:11.270 [JavaFX Application Thread] WARN  GameWorld            - Attempted to remove entity which is not active
01:06:11.270 [JavaFX Application Thread] WARN  GameWorld            - Attempted to remove entity which is not active
01:06:11.270 [JavaFX Application Thread] WARN  GameWorld            - Attempted to remove entity which is not active
01:06:11.270 [JavaFX Application Thread] WARN  GameWorld            - Attempted to remove entity which is not active
01:06:11.270 [JavaFX Application Thread] WARN  GameWorld            - Attempted to remove entity which is not active
01:06:11.270 [JavaFX Application Thread] WARN  GameWorld            - Attempted to remove entity which is not active
01:06:11.270 [JavaFX Application Thread] WARN  GameWorld            - Attempted to remove entity which is not active
01:06:11.270 [JavaFX Application Thread] WARN  GameWorld            - Attempted to remove entity which is not active
01:06:11.270 [JavaFX Application Thread] WARN  GameWorld            - Attempted to remove entity which is not active
01:06:11.270 [JavaFX Application Thread] WARN  GameWorld            - Attempted to remove entity which is not active
01:06:11.270 [JavaFX Application Thread] WARN  GameWorld            - Attempted to remove entity which is not active
01:06:11.270 [JavaFX Application Thread] WARN  GameWorld            - Attempted to remove entity which is not active
01:06:11.270 [JavaFX Application Thread] WARN  GameWorld            - Attempted to remove entity which is not active
01:06:11.270 [JavaFX Application Thread] WARN  GameWorld            - Attempted to remove entity which is not active
01:06:11.270 [JavaFX Application Thread] WARN  GameWorld            - Attempted to remove entity which is not active
01:06:16.063 [JavaFX Application Thread] DEBUG FXGLApplication      - Exiting FXGL
01:06:16.064 [JavaFX Application Thread] DEBUG LoopRunner           - Stopping loop
01:06:16.064 [JavaFX Application Thread] DEBUG SystemBundleService  - Saving FXGL system data
01:06:16.070 [JavaFX Application Thread] DEBUG FileSystemAccess     - Writing to: C:\Users\Tuanngth\Desktop\akanov-an225\system\fxgl.bundle
01:06:16.077 [JavaFX Application Thread] DEBUG Async                - Shutting down background threads
01:06:16.077 [JavaFX Application Thread] DEBUG PrimaryStageWindow   - Closing main window
01:06:16.158 [JavaFX Application Thread] DEBUG Logger               - Closing Logger
