11:11:43.182 [main                     ] DEBUG Logger               - Configured Logger
11:11:43.191 [main                     ] DEBUG GameApplication      - Logging settings
Title: Akanov-an225
Version: 0.1
Width: 800
Height: 600
Fullscreen: false
Intro: false
Profiling: false
Single step:false
App Mode: DEVELOPER
Menu Key: ESCAPE
Stage Style: DECORATED
Scene Factory: class com.almasb.fxgl.app.scene.SceneFactory

11:11:43.467 [JavaFX Application Thread] DEBUG FXGLApplication      - Initializing FXGL
11:11:43.470 [JavaFX Application Thread] INFO  Engine               - FXGL-17.3 (30.03.2023 11.49) on WINDOWS (J:24.0.2 FX:21.0.6)
11:11:43.470 [JavaFX Application Thread] DEBUG Engine               - JRE Vendor Name: Oracle Corporation
11:11:43.470 [JavaFX Application Thread] DEBUG Engine               - Running on OS: Windows 11 version 10.0
11:11:43.470 [JavaFX Application Thread] DEBUG Engine               - Architecture: amd64
11:11:43.470 [JavaFX Application Thread] INFO  Engine               - Source code and latest versions at: https://github.com/AlmasB/FXGL
11:11:43.470 [JavaFX Application Thread] INFO  Engine               -       Ask questions and discuss at: https://github.com/AlmasB/FXGL/discussions
11:11:43.470 [JavaFX Application Thread] INFO  Engine               -              Join the FXGL chat at: https://gitter.im/AlmasB/FXGL
11:11:43.550 [JavaFX Application Thread] DEBUG PrimaryStageWindow   - Creating a JavaFX scene
11:11:43.599 [JavaFX Application Thread] DEBUG PrimaryStageWindow   - Target settings size: 800.0 x 600.0
11:11:43.599 [JavaFX Application Thread] DEBUG PrimaryStageWindow   - Scaled scene size:    800.0 x 600.0
11:11:43.599 [JavaFX Application Thread] DEBUG PrimaryStageWindow   - Scaled ratio: (1.0, 1.0)
11:11:43.601 [JavaFX Application Thread] DEBUG PrimaryStageWindow   - Set initial scene to FXGLStartupScene
11:11:43.603 [JavaFX Application Thread] DEBUG PrimaryStageWindow   - Opening main window
11:11:43.672 [JavaFX Application Thread] DEBUG PrimaryStageWindow   - Window border size: (14.66668701171875, 37.33331298828125)
11:11:43.672 [JavaFX Application Thread] DEBUG PrimaryStageWindow   - Scaled size: 800.0 x 600.0
11:11:43.672 [JavaFX Application Thread] DEBUG PrimaryStageWindow   - Scaled ratio: (1.0, 1.0)
11:11:43.672 [JavaFX Application Thread] DEBUG PrimaryStageWindow   - Scene size: 800.0 x 600.0
11:11:43.673 [JavaFX Application Thread] DEBUG PrimaryStageWindow   - Stage size: 814.6666870117188 x 637.3333129882812
11:11:43.680 [FXGL Background Thread 1 ] DEBUG Engine               - Initializing environment variables
11:11:43.745 [FXGL Background Thread 1 ] DEBUG FXGLAssetLoaderServi - User app class for loading assets: class view.Launch
11:11:43.745 [FXGL Background Thread 1 ] DEBUG GameApplicationServi - Applying CSS: fxgl_dark.css
11:11:43.746 [FXGL Background Thread 1 ] DEBUG FXGLAssetLoaderServi - Loading from file system: jar:file:///C:/Users/DELL/.m2/repository/com/github/almasb/fxgl/17.3/fxgl-17.3.jar!/fxglassets/ui/css/fxgl_dark.css
11:11:43.787 [FXGL Background Thread 1 ] DEBUG GameApplicationServi - Initializing application scenes
11:11:43.831 [FXGL Background Thread 1 ] DEBUG GameWorld            - Game world initialized
11:11:43.889 [FXGL Background Thread 1 ] DEBUG PhysicsWorld         - Physics world initialized: appHeight=600, physics.ppm=50.0
11:11:43.889 [FXGL Background Thread 1 ] DEBUG PhysicsWorld         - Using strategy: BRUTE_FORCE
11:11:43.891 [FXGL Background Thread 1 ] DEBUG GameScene            - Game scene initialized: 800x600
11:11:43.902 [FXGL Background Thread 1 ] DEBUG FXGL.DefaultMenu     - createMenuBodyGameMenu()
11:11:43.912 [FXGL Background Thread 1 ] DEBUG FXGL.DefaultMenu     - createOptionsMenu()
11:11:43.920 [FXGL Background Thread 1 ] DEBUG FXGLAssetLoaderServi - Loading from file system: jar:file:///C:/Users/DELL/.m2/repository/com/github/almasb/fxgl/17.3/fxgl-17.3.jar!/fxglassets/textures/particles/smoke.png
11:11:43.992 [FXGL Background Thread 1 ] DEBUG FXGLAssetLoaderServi - Loading from file system: jar:file:///C:/Users/DELL/.m2/repository/com/github/almasb/fxgl/17.3/fxgl-17.3.jar!/fxglassets/textures/particles/trace_horizontal.png
11:11:44.026 [FXGL Background Thread 1 ] DEBUG GameApplicationServi - Application scenes initialized
11:11:44.035 [FXGL Background Thread 1 ] DEBUG SystemBundleService  - Loading FXGL system data
11:11:44.039 [FXGL Background Thread 1 ] DEBUG FileSystemAccess     - Reading from: D:\akanov-an225\system\fxgl.bundle
11:11:44.045 [FXGL Background Thread 1 ] DEBUG SystemBundleService  - Bundle FXGL: {}
11:11:44.045 [FXGL Background Thread 1 ] DEBUG UpdaterService       - Checking for updates
11:11:44.048 [FXGL Background Thread 4 ] DEBUG FXGLApplication      - Loading fonts
11:11:44.049 [FXGL Background Thread 4 ] DEBUG FXGLAssetLoaderServi - Loading from file system: jar:file:///C:/Users/DELL/.m2/repository/com/github/almasb/fxgl/17.3/fxgl-17.3.jar!/fxglassets/ui/fonts/VarelaRound-Regular.ttf
11:11:44.049 [FXGL Background Thread 1 ] DEBUG FXGLApplication      - Loading default localization
11:11:44.049 [FXGL Background Thread 1 ] DEBUG FXGLAssetLoaderServi - Loading from file system: jar:file:///C:/Users/DELL/.m2/repository/com/github/almasb/fxgl/17.3/fxgl-17.3.jar!/fxglassets/languages/english.lang
11:11:44.064 [FXGL Background Thread 1 ] INFO  FXGLApplication      - FXGL initialization took: 0.384 sec
11:11:44.074 [JavaFX Application Thread] DEBUG Input                - Registered new binding: action0 - Left
11:11:44.074 [JavaFX Application Thread] DEBUG Input                - Registered new binding: action1 - Right
11:11:44.075 [JavaFX Application Thread] DEBUG FXGLAssetLoaderServi - Loading from file system: jar:file:///C:/Users/DELL/.m2/repository/com/github/almasb/fxgl/17.3/fxgl-17.3.jar!/fxglassets/textures/fxgl_icon.png
11:11:44.079 [FXGL Background Thread 4 ] DEBUG FXGLAssetLoaderServi - Loading from file system: jar:file:///C:/Users/DELL/.m2/repository/com/github/almasb/fxgl/17.3/fxgl-17.3.jar!/fxglassets/ui/fonts/Abel-Regular.ttf
11:11:44.083 [FXGL Background Thread 4 ] DEBUG FXGLAssetLoaderServi - Loading from file system: jar:file:///C:/Users/DELL/.m2/repository/com/github/almasb/fxgl/17.3/fxgl-17.3.jar!/fxglassets/ui/fonts/TerminalLandMono-Regular.otf
11:11:44.086 [FXGL Background Thread 4 ] DEBUG FXGLAssetLoaderServi - Loading from file system: jar:file:///C:/Users/DELL/.m2/repository/com/github/almasb/fxgl/17.3/fxgl-17.3.jar!/fxglassets/ui/fonts/Courier-Prime.ttf
11:11:44.093 [JavaFX Application Thread] DEBUG FXGLAssetLoaderServi - Loading from file system: jar:file:///C:/Users/DELL/.m2/repository/com/github/almasb/fxgl/17.3/fxgl-17.3.jar!/fxglassets/textures/fxgl_default_cursor.png
11:11:44.095 [JavaFX Application Thread] DEBUG Input                - Registered new binding: Screenshot - CTRL+8
11:11:44.096 [JavaFX Application Thread] DEBUG Input                - Registered new binding: System info dump - CTRL+9
11:11:44.096 [JavaFX Application Thread] DEBUG Input                - Registered new binding: Restart - CTRL+R
11:11:44.096 [JavaFX Application Thread] DEBUG Input                - Registered new binding: Toggle Debug Camera - CTRL+7
11:11:44.100 [JavaFX Application Thread] DEBUG LoopRunner           - Starting loop
11:11:44.100 [JavaFX Application Thread] DEBUG LoopRunner           - Initializing JavaFX AnimationTimerLoop
11:11:44.101 [JavaFX Application Thread] DEBUG GameApplicationServi - Starting new game
11:11:44.102 [JavaFX Application Thread] DEBUG Input                - Clearing active input actions
11:11:44.115 [JavaFX Application Thread] DEBUG GameApplicationServi - Removing overlay from FXGLStartupScene and adding to FXGLLoadingScene
11:11:44.115 [JavaFX Application Thread] DEBUG PrimaryStageWindow   - FXGLStartupScene -> FXGLLoadingScene
11:11:44.115 [JavaFX Application Thread] DEBUG GameApplicationServi - Clearing previous game
11:11:44.115 [JavaFX Application Thread] DEBUG GameScene            - Clearing game scene
11:11:44.115 [JavaFX Application Thread] DEBUG GameWorld            - Clearing game world
11:11:44.115 [JavaFX Application Thread] DEBUG PhysicsWorld         - Clearing physics world
11:11:44.117 [FXGL Background Thread 4 ] DEBUG FXGLApplication      - Initializing game
11:11:44.119 [JavaFX Application Thread] DEBUG FXGLApplication      - Registering font factories with UI factory
11:11:44.119 [FXGL Background Thread 4 ] WARN  Entity               - Entity already has component: com.almasb.fxgl.entity.components.BoundingBoxComponent
11:11:44.139 [FXGL Background Thread 4 ] WARN  Entity               - Entity already has component: com.almasb.fxgl.entity.components.BoundingBoxComponent
11:11:44.140 [FXGL Background Thread 4 ] INFO  FXGLApplication      - Game initialization took: 0.024 sec
11:11:44.171 [JavaFX Application Thread] DEBUG Input                - Clearing active input actions
11:11:44.178 [JavaFX Application Thread] DEBUG GameApplicationServi - Removing overlay from FXGLLoadingScene and adding to GameScene
11:11:44.179 [JavaFX Application Thread] DEBUG PrimaryStageWindow   - FXGLLoadingScene -> GameScene
11:11:44.583 [FXGL Background Thread 2 ] INFO  UpdaterService       - Your current version:  17.3
11:11:44.583 [FXGL Background Thread 2 ] INFO  UpdaterService       - Latest stable version: 21.1
11:11:44.974 [JavaFX Application Thread] DEBUG FXGLApplication      - Exiting FXGL
11:11:44.974 [JavaFX Application Thread] DEBUG LoopRunner           - Stopping loop
11:11:44.974 [JavaFX Application Thread] DEBUG SystemBundleService  - Saving FXGL system data
11:11:44.977 [JavaFX Application Thread] DEBUG FileSystemAccess     - Writing to: D:\akanov-an225\system\fxgl.bundle
11:11:44.979 [JavaFX Application Thread] DEBUG Async                - Shutting down background threads
11:11:44.979 [JavaFX Application Thread] DEBUG PrimaryStageWindow   - Closing main window
11:11:44.995 [JavaFX Application Thread] DEBUG Logger               - Closing Logger
