11:12:21.068 [main                     ] DEBUG Logger               - Configured Logger
11:12:21.075 [main                     ] DEBUG GameApplication      - Logging settings
Title: Akanov-an225
Version: 0.1
Width: 800
Height: 600
Fullscreen: false
Intro: false
Profiling: false
Single step:false
App Mode: DEVELOPER
Menu Key: ESCAPE
Stage Style: DECORATED
Scene Factory: class com.almasb.fxgl.app.scene.SceneFactory

11:12:21.520 [JavaFX Application Thread] DEBUG FXGLApplication      - Initializing FXGL
11:12:21.523 [JavaFX Application Thread] INFO  Engine               - FXGL-17.3 (30.03.2023 11.49) on WINDOWS (J:24.0.2 FX:21.0.6)
11:12:21.524 [JavaFX Application Thread] DEBUG Engine               - JRE Vendor Name: Oracle Corporation
11:12:21.524 [JavaFX Application Thread] DEBUG Engine               - Running on OS: Windows 11 version 10.0
11:12:21.524 [JavaFX Application Thread] DEBUG Engine               - Architecture: amd64
11:12:21.524 [JavaFX Application Thread] INFO  Engine               - Source code and latest versions at: https://github.com/AlmasB/FXGL
11:12:21.524 [JavaFX Application Thread] INFO  Engine               -       Ask questions and discuss at: https://github.com/AlmasB/FXGL/discussions
11:12:21.524 [JavaFX Application Thread] INFO  Engine               -              Join the FXGL chat at: https://gitter.im/AlmasB/FXGL
11:12:21.619 [JavaFX Application Thread] DEBUG PrimaryStageWindow   - Creating a JavaFX scene
11:12:21.677 [JavaFX Application Thread] DEBUG PrimaryStageWindow   - Target settings size: 800.0 x 600.0
11:12:21.677 [JavaFX Application Thread] DEBUG PrimaryStageWindow   - Scaled scene size:    800.0 x 600.0
11:12:21.677 [JavaFX Application Thread] DEBUG PrimaryStageWindow   - Scaled ratio: (1.0, 1.0)
11:12:21.678 [JavaFX Application Thread] DEBUG PrimaryStageWindow   - Set initial scene to FXGLStartupScene
11:12:21.680 [JavaFX Application Thread] DEBUG PrimaryStageWindow   - Opening main window
11:12:21.795 [JavaFX Application Thread] DEBUG PrimaryStageWindow   - Window border size: (14.66668701171875, 37.33331298828125)
11:12:21.795 [JavaFX Application Thread] DEBUG PrimaryStageWindow   - Scaled size: 800.0 x 600.0
11:12:21.795 [JavaFX Application Thread] DEBUG PrimaryStageWindow   - Scaled ratio: (1.0, 1.0)
11:12:21.796 [JavaFX Application Thread] DEBUG PrimaryStageWindow   - Scene size: 800.0 x 600.0
11:12:21.796 [JavaFX Application Thread] DEBUG PrimaryStageWindow   - Stage size: 814.6666870117188 x 637.3333129882812
11:12:21.804 [FXGL Background Thread 1 ] DEBUG Engine               - Initializing environment variables
11:12:21.869 [FXGL Background Thread 1 ] DEBUG FXGLAssetLoaderServi - User app class for loading assets: class view.Launch
11:12:21.869 [FXGL Background Thread 1 ] DEBUG GameApplicationServi - Applying CSS: fxgl_dark.css
11:12:21.871 [FXGL Background Thread 1 ] DEBUG FXGLAssetLoaderServi - Loading from file system: jar:file:///C:/Users/DELL/.m2/repository/com/github/almasb/fxgl/17.3/fxgl-17.3.jar!/fxglassets/ui/css/fxgl_dark.css
11:12:21.908 [FXGL Background Thread 1 ] DEBUG GameApplicationServi - Initializing application scenes
11:12:21.947 [FXGL Background Thread 1 ] DEBUG GameWorld            - Game world initialized
11:12:22.003 [FXGL Background Thread 1 ] DEBUG PhysicsWorld         - Physics world initialized: appHeight=600, physics.ppm=50.0
11:12:22.003 [FXGL Background Thread 1 ] DEBUG PhysicsWorld         - Using strategy: BRUTE_FORCE
11:12:22.006 [FXGL Background Thread 1 ] DEBUG GameScene            - Game scene initialized: 800x600
11:12:22.016 [FXGL Background Thread 1 ] DEBUG FXGL.DefaultMenu     - createMenuBodyGameMenu()
11:12:22.028 [FXGL Background Thread 1 ] DEBUG FXGL.DefaultMenu     - createOptionsMenu()
11:12:22.038 [FXGL Background Thread 1 ] DEBUG FXGLAssetLoaderServi - Loading from file system: jar:file:///C:/Users/DELL/.m2/repository/com/github/almasb/fxgl/17.3/fxgl-17.3.jar!/fxglassets/textures/particles/smoke.png
11:12:22.136 [FXGL Background Thread 1 ] DEBUG FXGLAssetLoaderServi - Loading from file system: jar:file:///C:/Users/DELL/.m2/repository/com/github/almasb/fxgl/17.3/fxgl-17.3.jar!/fxglassets/textures/particles/trace_horizontal.png
11:12:22.184 [FXGL Background Thread 1 ] DEBUG GameApplicationServi - Application scenes initialized
11:12:22.194 [FXGL Background Thread 1 ] DEBUG SystemBundleService  - Loading FXGL system data
11:12:22.197 [FXGL Background Thread 1 ] DEBUG FileSystemAccess     - Reading from: D:\akanov-an225\system\fxgl.bundle
11:12:22.206 [FXGL Background Thread 1 ] DEBUG SystemBundleService  - Bundle FXGL: {}
11:12:22.206 [FXGL Background Thread 1 ] DEBUG UpdaterService       - Checking for updates
11:12:22.209 [FXGL Background Thread 4 ] DEBUG FXGLApplication      - Loading fonts
11:12:22.209 [FXGL Background Thread 4 ] DEBUG FXGLAssetLoaderServi - Loading from file system: jar:file:///C:/Users/DELL/.m2/repository/com/github/almasb/fxgl/17.3/fxgl-17.3.jar!/fxglassets/ui/fonts/VarelaRound-Regular.ttf
11:12:22.209 [FXGL Background Thread 1 ] DEBUG FXGLApplication      - Loading default localization
11:12:22.210 [FXGL Background Thread 1 ] DEBUG FXGLAssetLoaderServi - Loading from file system: jar:file:///C:/Users/DELL/.m2/repository/com/github/almasb/fxgl/17.3/fxgl-17.3.jar!/fxglassets/languages/english.lang
11:12:22.230 [FXGL Background Thread 1 ] INFO  FXGLApplication      - FXGL initialization took: 0.426 sec
11:12:22.242 [JavaFX Application Thread] DEBUG Input                - Registered new binding: action0 - Left
11:12:22.242 [JavaFX Application Thread] DEBUG Input                - Registered new binding: action1 - Right
11:12:22.243 [JavaFX Application Thread] DEBUG FXGLAssetLoaderServi - Loading from file system: jar:file:///C:/Users/DELL/.m2/repository/com/github/almasb/fxgl/17.3/fxgl-17.3.jar!/fxglassets/textures/fxgl_icon.png
11:12:22.252 [FXGL Background Thread 4 ] DEBUG FXGLAssetLoaderServi - Loading from file system: jar:file:///C:/Users/DELL/.m2/repository/com/github/almasb/fxgl/17.3/fxgl-17.3.jar!/fxglassets/ui/fonts/Abel-Regular.ttf
11:12:22.259 [FXGL Background Thread 4 ] DEBUG FXGLAssetLoaderServi - Loading from file system: jar:file:///C:/Users/DELL/.m2/repository/com/github/almasb/fxgl/17.3/fxgl-17.3.jar!/fxglassets/ui/fonts/TerminalLandMono-Regular.otf
11:12:22.266 [FXGL Background Thread 4 ] DEBUG FXGLAssetLoaderServi - Loading from file system: jar:file:///C:/Users/DELL/.m2/repository/com/github/almasb/fxgl/17.3/fxgl-17.3.jar!/fxglassets/ui/fonts/Courier-Prime.ttf
11:12:22.276 [JavaFX Application Thread] DEBUG FXGLAssetLoaderServi - Loading from file system: jar:file:///C:/Users/DELL/.m2/repository/com/github/almasb/fxgl/17.3/fxgl-17.3.jar!/fxglassets/textures/fxgl_default_cursor.png
11:12:22.279 [JavaFX Application Thread] DEBUG Input                - Registered new binding: Screenshot - CTRL+8
11:12:22.280 [JavaFX Application Thread] DEBUG Input                - Registered new binding: System info dump - CTRL+9
11:12:22.280 [JavaFX Application Thread] DEBUG Input                - Registered new binding: Restart - CTRL+R
11:12:22.282 [JavaFX Application Thread] DEBUG Input                - Registered new binding: Toggle Debug Camera - CTRL+7
11:12:22.285 [JavaFX Application Thread] DEBUG LoopRunner           - Starting loop
11:12:22.285 [JavaFX Application Thread] DEBUG LoopRunner           - Initializing JavaFX AnimationTimerLoop
11:12:22.286 [JavaFX Application Thread] DEBUG GameApplicationServi - Starting new game
11:12:22.287 [JavaFX Application Thread] DEBUG Input                - Clearing active input actions
11:12:22.301 [JavaFX Application Thread] DEBUG GameApplicationServi - Removing overlay from FXGLStartupScene and adding to FXGLLoadingScene
11:12:22.301 [JavaFX Application Thread] DEBUG PrimaryStageWindow   - FXGLStartupScene -> FXGLLoadingScene
11:12:22.301 [JavaFX Application Thread] DEBUG GameApplicationServi - Clearing previous game
11:12:22.301 [JavaFX Application Thread] DEBUG GameScene            - Clearing game scene
11:12:22.301 [JavaFX Application Thread] DEBUG GameWorld            - Clearing game world
11:12:22.302 [JavaFX Application Thread] DEBUG PhysicsWorld         - Clearing physics world
11:12:22.303 [FXGL Background Thread 4 ] DEBUG FXGLApplication      - Initializing game
11:12:22.303 [JavaFX Application Thread] DEBUG FXGLApplication      - Registering font factories with UI factory
11:12:22.306 [FXGL Background Thread 4 ] WARN  Entity               - Entity already has component: com.almasb.fxgl.entity.components.BoundingBoxComponent
11:12:22.322 [FXGL Background Thread 4 ] WARN  Entity               - Entity already has component: com.almasb.fxgl.entity.components.BoundingBoxComponent
11:12:22.324 [FXGL Background Thread 4 ] INFO  FXGLApplication      - Game initialization took: 0.021 sec
11:12:22.356 [JavaFX Application Thread] DEBUG Input                - Clearing active input actions
11:12:22.363 [JavaFX Application Thread] DEBUG GameApplicationServi - Removing overlay from FXGLLoadingScene and adding to GameScene
11:12:22.363 [JavaFX Application Thread] DEBUG PrimaryStageWindow   - FXGLLoadingScene -> GameScene
11:12:23.032 [FXGL Background Thread 2 ] INFO  UpdaterService       - Your current version:  17.3
11:12:23.032 [FXGL Background Thread 2 ] INFO  UpdaterService       - Latest stable version: 21.1
11:12:25.209 [FXGL Background Thread 3 ] DEBUG Engine               - Logging environment variables
11:12:25.209 [FXGL Background Thread 3 ] DEBUG Engine               - achievements: []
11:12:25.209 [FXGL Background Thread 3 ] DEBUG Engine               - actualHeight: 600.0
11:12:25.209 [FXGL Background Thread 3 ] DEBUG Engine               - actualHeightProperty: ReadOnlyDoubleProperty [value: 600.0]
11:12:25.209 [FXGL Background Thread 3 ] DEBUG Engine               - actualWidth: 800.0
11:12:25.209 [FXGL Background Thread 3 ] DEBUG Engine               - actualWidthProperty: ReadOnlyDoubleProperty [value: 800.0]
11:12:25.209 [FXGL Background Thread 3 ] DEBUG Engine               - appIcon: fxgl_icon.png
11:12:25.209 [FXGL Background Thread 3 ] DEBUG Engine               - applicationMode: DEVELOPER
11:12:25.209 [FXGL Background Thread 3 ] DEBUG Engine               - cSSList: [fxgl_dark.css]
11:12:25.209 [FXGL Background Thread 3 ] DEBUG Engine               - collisionDetectionStrategy: BRUTE_FORCE
11:12:25.209 [FXGL Background Thread 3 ] DEBUG Engine               - configClass: Optional.empty
11:12:25.209 [FXGL Background Thread 3 ] DEBUG Engine               - credits: []
11:12:25.209 [FXGL Background Thread 3 ] DEBUG Engine               - defaultCursor: CursorInfo(imageName=fxgl_default_cursor.png, hotspotX=7.0, hotspotY=6.0)
11:12:25.209 [FXGL Background Thread 3 ] DEBUG Engine               - devBBoxColorProperty: ObjectProperty [value: 0xff0000ff]
11:12:25.209 [FXGL Background Thread 3 ] DEBUG Engine               - devEnableDebugCameraProperty: BooleanProperty [value: false]
11:12:25.209 [FXGL Background Thread 3 ] DEBUG Engine               - devSensorColorProperty: ObjectProperty [value: 0xffff00ff]
11:12:25.210 [FXGL Background Thread 3 ] DEBUG Engine               - devShowBBoxProperty: BooleanProperty [value: false]
11:12:25.210 [FXGL Background Thread 3 ] DEBUG Engine               - devShowPositionProperty: BooleanProperty [value: false]
11:12:25.210 [FXGL Background Thread 3 ] DEBUG Engine               - enabledMenuItems: []
11:12:25.210 [FXGL Background Thread 3 ] DEBUG Engine               - engineServices: [class com.almasb.fxgl.app.services.FXGLAssetLoaderService, class com.almasb.fxgl.app.FXGLApplication$GameApplicationService, class com.almasb.fxgl.app.services.FXGLDialogService, class com.almasb.fxgl.app.services.IOTaskExecutorService, class com.almasb.fxgl.io.FileSystemService, class com.almasb.fxgl.localization.LocalizationService, class com.almasb.fxgl.app.services.SystemBundleService, class com.almasb.fxgl.profile.SaveLoadService, class com.almasb.fxgl.ui.FXGLUIFactoryServiceProvider, class com.almasb.fxgl.ui.FXGLDialogFactoryServiceProvider, class com.almasb.fxgl.audio.AudioPlayer, class com.almasb.fxgl.notification.impl.NotificationServiceProvider, class com.almasb.fxgl.achievement.AchievementService, class com.almasb.fxgl.cutscene.CutsceneService, class com.almasb.fxgl.minigames.MiniGameService, class com.almasb.fxgl.net.NetService, class com.almasb.fxgl.app.services.UpdaterService, class com.almasb.fxgl.dev.DevService]
11:12:25.210 [FXGL Background Thread 3 ] DEBUG Engine               - fontGame: Abel-Regular.ttf
11:12:25.210 [FXGL Background Thread 3 ] DEBUG Engine               - fontMono: TerminalLandMono-Regular.otf
11:12:25.210 [FXGL Background Thread 3 ] DEBUG Engine               - fontSizeScaleUI: 1.0
11:12:25.210 [FXGL Background Thread 3 ] DEBUG Engine               - fontText: Courier-Prime.ttf
11:12:25.210 [FXGL Background Thread 3 ] DEBUG Engine               - fontUI: VarelaRound-Regular.ttf
11:12:25.210 [FXGL Background Thread 3 ] DEBUG Engine               - fullScreen: BooleanProperty [value: false]
11:12:25.210 [FXGL Background Thread 3 ] DEBUG Engine               - gameDifficulty: MEDIUM
11:12:25.210 [FXGL Background Thread 3 ] DEBUG Engine               - gameDifficultyProperty: ObjectProperty [value: MEDIUM]
11:12:25.210 [FXGL Background Thread 3 ] DEBUG Engine               - globalMusicVolume: 0.5
11:12:25.210 [FXGL Background Thread 3 ] DEBUG Engine               - globalMusicVolumeProperty: DoubleProperty [value: 0.5]
11:12:25.210 [FXGL Background Thread 3 ] DEBUG Engine               - globalSoundVolume: 0.5
11:12:25.210 [FXGL Background Thread 3 ] DEBUG Engine               - globalSoundVolumeProperty: DoubleProperty [value: 0.5]
11:12:25.210 [FXGL Background Thread 3 ] DEBUG Engine               - height: 600
11:12:25.211 [FXGL Background Thread 3 ] DEBUG Engine               - is3D: false
11:12:25.211 [FXGL Background Thread 3 ] DEBUG Engine               - isAndroid: false
11:12:25.211 [FXGL Background Thread 3 ] DEBUG Engine               - isBrowser: false
11:12:25.211 [FXGL Background Thread 3 ] DEBUG Engine               - isClickFeedbackEnabled: false
11:12:25.211 [FXGL Background Thread 3 ] DEBUG Engine               - isCloseConfirmation: false
11:12:25.211 [FXGL Background Thread 3 ] DEBUG Engine               - isDesktop: true
11:12:25.211 [FXGL Background Thread 3 ] DEBUG Engine               - isDeveloperMenuEnabled: false
11:12:25.211 [FXGL Background Thread 3 ] DEBUG Engine               - isEmbedded: false
11:12:25.211 [FXGL Background Thread 3 ] DEBUG Engine               - isEntityPreloadEnabled: true
11:12:25.211 [FXGL Background Thread 3 ] DEBUG Engine               - isExperimentalTiledLargeMap: false
11:12:25.211 [FXGL Background Thread 3 ] DEBUG Engine               - isFileSystemWriteAllowed: true
11:12:25.211 [FXGL Background Thread 3 ] DEBUG Engine               - isFullScreenAllowed: false
11:12:25.211 [FXGL Background Thread 3 ] DEBUG Engine               - isFullScreenFromStart: false
11:12:25.211 [FXGL Background Thread 3 ] DEBUG Engine               - isGameMenuEnabled: true
11:12:25.211 [FXGL Background Thread 3 ] DEBUG Engine               - isIOS: false
11:12:25.211 [FXGL Background Thread 3 ] DEBUG Engine               - isIntroEnabled: false
11:12:25.211 [FXGL Background Thread 3 ] DEBUG Engine               - isLinux: false
11:12:25.211 [FXGL Background Thread 3 ] DEBUG Engine               - isMac: false
11:12:25.211 [FXGL Background Thread 3 ] DEBUG Engine               - isMainMenuEnabled: false
11:12:25.211 [FXGL Background Thread 3 ] DEBUG Engine               - isManualResizeEnabled: false
11:12:25.211 [FXGL Background Thread 3 ] DEBUG Engine               - isMobile: false
11:12:25.211 [FXGL Background Thread 3 ] DEBUG Engine               - isNative: false
11:12:25.211 [FXGL Background Thread 3 ] DEBUG Engine               - isPauseMusicWhenMinimized: true
11:12:25.211 [FXGL Background Thread 3 ] DEBUG Engine               - isPreserveResizeRatio: false
11:12:25.211 [FXGL Background Thread 3 ] DEBUG Engine               - isProfilingEnabled: false
11:12:25.211 [FXGL Background Thread 3 ] DEBUG Engine               - isScaleAffectedOnResize: true
11:12:25.211 [FXGL Background Thread 3 ] DEBUG Engine               - isSingleStep: false
11:12:25.211 [FXGL Background Thread 3 ] DEBUG Engine               - isUserProfileEnabled: false
11:12:25.211 [FXGL Background Thread 3 ] DEBUG Engine               - isWindows: true
11:12:25.211 [FXGL Background Thread 3 ] DEBUG Engine               - language: ObjectProperty [value: ENGLISH]
11:12:25.213 [FXGL Background Thread 3 ] DEBUG Engine               - menuKey: ESCAPE
11:12:25.213 [FXGL Background Thread 3 ] DEBUG Engine               - mouseSensitivity: 0.2
11:12:25.213 [FXGL Background Thread 3 ] DEBUG Engine               - notificationViewClass: class com.almasb.fxgl.notification.view.XboxNotificationView
11:12:25.213 [FXGL Background Thread 3 ] DEBUG Engine               - pixelsPerMeter: 50.0
11:12:25.213 [FXGL Background Thread 3 ] DEBUG Engine               - platform: WINDOWS
11:12:25.213 [FXGL Background Thread 3 ] DEBUG Engine               - prefHeightProperty: ReadOnlyDoubleProperty [value: 600.0]
11:12:25.213 [FXGL Background Thread 3 ] DEBUG Engine               - prefWidthProperty: ReadOnlyDoubleProperty [value: 800.0]
11:12:25.213 [FXGL Background Thread 3 ] DEBUG Engine               - profileDir: profiles/
11:12:25.213 [FXGL Background Thread 3 ] DEBUG Engine               - profileName: StringProperty [value: DEFAULT]
11:12:25.213 [FXGL Background Thread 3 ] DEBUG Engine               - randomSeed: -1
11:12:25.213 [FXGL Background Thread 3 ] DEBUG Engine               - runtimeInfo: RuntimeInfo(platform=WINDOWS, version=17.3, build=30.03.2023 11.49)
11:12:25.213 [FXGL Background Thread 3 ] DEBUG Engine               - saveFileExt: sav
11:12:25.213 [FXGL Background Thread 3 ] DEBUG Engine               - scaledHeightProp$fxgl: DoubleProperty [bound, value: 600.0]
11:12:25.213 [FXGL Background Thread 3 ] DEBUG Engine               - scaledWidthProp$fxgl: DoubleProperty [bound, value: 800.0]
11:12:25.213 [FXGL Background Thread 3 ] DEBUG Engine               - sceneFactory: com.almasb.fxgl.app.scene.SceneFactory@74c718f6
11:12:25.213 [FXGL Background Thread 3 ] DEBUG Engine               - secondsIn24h: 60
11:12:25.213 [FXGL Background Thread 3 ] DEBUG Engine               - soundMenuBack: menu/back.wav
11:12:25.213 [FXGL Background Thread 3 ] DEBUG Engine               - soundMenuPress: menu/press.wav
11:12:25.213 [FXGL Background Thread 3 ] DEBUG Engine               - soundMenuSelect: menu/select.wav
11:12:25.213 [FXGL Background Thread 3 ] DEBUG Engine               - soundNotification: core/notification.wav
11:12:25.213 [FXGL Background Thread 3 ] DEBUG Engine               - stageStyle: DECORATED
11:12:25.213 [FXGL Background Thread 3 ] DEBUG Engine               - supportedLanguages: [ENGLISH, FRENCH, GERMAN, HUNGARIAN, RUSSIAN]
11:12:25.213 [FXGL Background Thread 3 ] DEBUG Engine               - ticksPerSecond: -1
11:12:25.213 [FXGL Background Thread 3 ] DEBUG Engine               - title: Akanov-an225
11:12:25.213 [FXGL Background Thread 3 ] DEBUG Engine               - urlGithub: https://github.com/AlmasB/FXGL
11:12:25.213 [FXGL Background Thread 3 ] DEBUG Engine               - urlLeaderboard: http://fxgl-top.herokuapp.com/
11:12:25.214 [FXGL Background Thread 3 ] DEBUG Engine               - urlPOM: https://raw.githubusercontent.com/AlmasB/FXGL/release/README.md
11:12:25.214 [FXGL Background Thread 3 ] DEBUG Engine               - userAppClass: class view.Launch
11:12:25.214 [FXGL Background Thread 3 ] DEBUG Engine               - version: 0.1
11:12:25.214 [FXGL Background Thread 3 ] DEBUG Engine               - versionCheckDays: 7
11:12:25.214 [FXGL Background Thread 3 ] DEBUG Engine               - width: 800
11:12:25.214 [FXGL Background Thread 3 ] DEBUG Engine               - Logging services
11:12:25.214 [FXGL Background Thread 3 ] DEBUG Engine               - class com.almasb.fxgl.app.services.FXGLAssetLoaderService
11:12:25.214 [FXGL Background Thread 3 ] DEBUG Engine               - class com.almasb.fxgl.app.FXGLApplication$GameApplicationService
11:12:25.214 [FXGL Background Thread 3 ] DEBUG Engine               - class com.almasb.fxgl.app.services.FXGLDialogService
11:12:25.214 [FXGL Background Thread 3 ] DEBUG Engine               - class com.almasb.fxgl.app.services.IOTaskExecutorService
11:12:25.214 [FXGL Background Thread 3 ] DEBUG Engine               - class com.almasb.fxgl.io.FileSystemService
11:12:25.214 [FXGL Background Thread 3 ] DEBUG Engine               - class com.almasb.fxgl.localization.LocalizationService
11:12:25.214 [FXGL Background Thread 3 ] DEBUG Engine               - class com.almasb.fxgl.app.services.SystemBundleService
11:12:25.214 [FXGL Background Thread 3 ] DEBUG Engine               - class com.almasb.fxgl.profile.SaveLoadService
11:12:25.214 [FXGL Background Thread 3 ] DEBUG Engine               - class com.almasb.fxgl.ui.FXGLUIFactoryServiceProvider
11:12:25.214 [FXGL Background Thread 3 ] DEBUG Engine               - class com.almasb.fxgl.ui.FXGLDialogFactoryServiceProvider
11:12:25.214 [FXGL Background Thread 3 ] DEBUG Engine               - class com.almasb.fxgl.audio.AudioPlayer
11:12:25.214 [FXGL Background Thread 3 ] DEBUG Engine               - class com.almasb.fxgl.notification.impl.NotificationServiceProvider
11:12:25.214 [FXGL Background Thread 3 ] DEBUG Engine               - class com.almasb.fxgl.achievement.AchievementService
11:12:25.214 [FXGL Background Thread 3 ] DEBUG Engine               - class com.almasb.fxgl.cutscene.CutsceneService
11:12:25.214 [FXGL Background Thread 3 ] DEBUG Engine               - class com.almasb.fxgl.minigames.MiniGameService
11:12:25.214 [FXGL Background Thread 3 ] DEBUG Engine               - class com.almasb.fxgl.net.NetService
11:12:25.214 [FXGL Background Thread 3 ] DEBUG Engine               - class com.almasb.fxgl.app.services.UpdaterService
11:12:25.214 [FXGL Background Thread 3 ] DEBUG Engine               - class com.almasb.fxgl.dev.DevService
11:12:30.064 [JavaFX Application Thread] DEBUG FXGLApplication      - Exiting FXGL
11:12:30.064 [JavaFX Application Thread] DEBUG LoopRunner           - Stopping loop
11:12:30.064 [JavaFX Application Thread] DEBUG SystemBundleService  - Saving FXGL system data
11:12:30.067 [JavaFX Application Thread] DEBUG FileSystemAccess     - Writing to: D:\akanov-an225\system\fxgl.bundle
11:12:30.071 [JavaFX Application Thread] DEBUG Async                - Shutting down background threads
11:12:30.071 [JavaFX Application Thread] DEBUG PrimaryStageWindow   - Closing main window
11:12:30.088 [JavaFX Application Thread] DEBUG Logger               - Closing Logger
