13:02:09.283 [main                     ] DEBUG Logger               - Configured Logger
13:02:09.292 [main                     ] DEBUG GameApplication      - Logging settings
Title: Akanov-an225
Version: 0.2
Width: 960
Height: 720
Fullscreen: false
Intro: false
Profiling: false
Single step:false
App Mode: DEVELOPER
Menu Key: ESCAPE
Stage Style: DECORATED
Scene Factory: class view.GeneralInit$1

13:02:09.829 [JavaFX Application Thread] DEBUG FXGLApplication      - Initializing FXGL
13:02:09.832 [JavaFX Application Thread] INFO  Engine               - FXGL-17.3 (30.03.2023 11.49) on WINDOWS (J:24.0.2 FX:21.0.6)
13:02:09.832 [JavaFX Application Thread] DEBUG Engine               - JRE Vendor Name: Oracle Corporation
13:02:09.832 [JavaFX Application Thread] DEBUG Engine               - Running on OS: Windows 11 version 10.0
13:02:09.833 [JavaFX Application Thread] DEBUG Engine               - Architecture: amd64
13:02:09.833 [JavaFX Application Thread] INFO  Engine               - Source code and latest versions at: https://github.com/AlmasB/FXGL
13:02:09.833 [JavaFX Application Thread] INFO  Engine               -       Ask questions and discuss at: https://github.com/AlmasB/FXGL/discussions
13:02:09.833 [JavaFX Application Thread] INFO  Engine               -              Join the FXGL chat at: https://gitter.im/AlmasB/FXGL
13:02:09.939 [JavaFX Application Thread] DEBUG PrimaryStageWindow   - Creating a JavaFX scene
13:02:10.000 [JavaFX Application Thread] DEBUG PrimaryStageWindow   - Target settings size: 960.0 x 720.0
13:02:10.001 [JavaFX Application Thread] DEBUG PrimaryStageWindow   - Scaled scene size:    960.0 x 720.0
13:02:10.001 [JavaFX Application Thread] DEBUG PrimaryStageWindow   - Scaled ratio: (1.0, 1.0)
13:02:10.001 [JavaFX Application Thread] DEBUG PrimaryStageWindow   - Set initial scene to FXGLStartupScene
13:02:10.004 [JavaFX Application Thread] DEBUG PrimaryStageWindow   - Opening main window
13:02:10.154 [JavaFX Application Thread] DEBUG PrimaryStageWindow   - Window border size: (14.66668701171875, 37.33331298828125)
13:02:10.154 [JavaFX Application Thread] DEBUG PrimaryStageWindow   - Scaled size: 960.0 x 720.0
13:02:10.156 [JavaFX Application Thread] DEBUG PrimaryStageWindow   - Scaled ratio: (1.0, 1.0)
13:02:10.156 [JavaFX Application Thread] DEBUG PrimaryStageWindow   - Scene size: 960.0 x 720.0
13:02:10.156 [JavaFX Application Thread] DEBUG PrimaryStageWindow   - Stage size: 974.6666870117188 x 757.3333129882812
13:02:10.164 [FXGL Background Thread 1 ] DEBUG Engine               - Initializing environment variables
13:02:10.235 [FXGL Background Thread 1 ] DEBUG FXGLAssetLoaderServi - User app class for loading assets: class view.Launch
13:02:10.235 [FXGL Background Thread 1 ] DEBUG GameApplicationServi - Applying CSS: fxgl_dark.css
13:02:10.236 [FXGL Background Thread 1 ] DEBUG FXGLAssetLoaderServi - Loading from file system: jar:file:///C:/Users/DELL/.m2/repository/com/github/almasb/fxgl/17.3/fxgl-17.3.jar!/fxglassets/ui/css/fxgl_dark.css
13:02:10.275 [FXGL Background Thread 1 ] DEBUG GameApplicationServi - Initializing application scenes
13:02:10.317 [FXGL Background Thread 1 ] DEBUG GameWorld            - Game world initialized
13:02:10.376 [FXGL Background Thread 1 ] DEBUG PhysicsWorld         - Physics world initialized: appHeight=720, physics.ppm=50.0
13:02:10.376 [FXGL Background Thread 1 ] DEBUG PhysicsWorld         - Using strategy: BRUTE_FORCE
13:02:10.378 [FXGL Background Thread 1 ] DEBUG GameScene            - Game scene initialized: 960x720
13:02:10.445 [FXGL Background Thread 1 ] DEBUG GameApplicationServi - Application scenes initialized
13:02:10.456 [FXGL Background Thread 1 ] DEBUG SystemBundleService  - Loading FXGL system data
13:02:10.461 [FXGL Background Thread 1 ] DEBUG FileSystemAccess     - Reading from: D:\akanov-an225\system\fxgl.bundle
13:02:10.471 [FXGL Background Thread 1 ] DEBUG SystemBundleService  - Bundle FXGL: {}
13:02:10.471 [FXGL Background Thread 1 ] DEBUG UpdaterService       - Checking for updates
13:02:10.476 [FXGL Background Thread 4 ] DEBUG FXGLApplication      - Loading fonts
13:02:10.478 [FXGL Background Thread 4 ] DEBUG FXGLAssetLoaderServi - Loading from file system: jar:file:///C:/Users/DELL/.m2/repository/com/github/almasb/fxgl/17.3/fxgl-17.3.jar!/fxglassets/ui/fonts/VarelaRound-Regular.ttf
13:02:10.478 [FXGL Background Thread 1 ] DEBUG FXGLApplication      - Loading default localization
13:02:10.478 [FXGL Background Thread 1 ] DEBUG FXGLAssetLoaderServi - Loading from file system: jar:file:///C:/Users/DELL/.m2/repository/com/github/almasb/fxgl/17.3/fxgl-17.3.jar!/fxglassets/languages/english.lang
13:02:10.496 [FXGL Background Thread 1 ] INFO  FXGLApplication      - FXGL initialization took: 0.330 sec
13:02:10.506 [JavaFX Application Thread] DEBUG Input                - Registered new binding: action0 - Right
13:02:10.507 [JavaFX Application Thread] DEBUG Input                - Registered new binding: action1 - Left
13:02:10.507 [JavaFX Application Thread] DEBUG Input                - Registered new binding: action2 - D
13:02:10.508 [JavaFX Application Thread] DEBUG Input                - Registered new binding: action3 - R
13:02:10.508 [JavaFX Application Thread] DEBUG FXGLAssetLoaderServi - Loading from file system: jar:file:///C:/Users/DELL/.m2/repository/com/github/almasb/fxgl/17.3/fxgl-17.3.jar!/fxglassets/textures/fxgl_icon.png
13:02:10.509 [FXGL Background Thread 4 ] DEBUG FXGLAssetLoaderServi - Loading from file system: jar:file:///C:/Users/DELL/.m2/repository/com/github/almasb/fxgl/17.3/fxgl-17.3.jar!/fxglassets/ui/fonts/Abel-Regular.ttf
13:02:10.514 [FXGL Background Thread 4 ] DEBUG FXGLAssetLoaderServi - Loading from file system: jar:file:///C:/Users/DELL/.m2/repository/com/github/almasb/fxgl/17.3/fxgl-17.3.jar!/fxglassets/ui/fonts/TerminalLandMono-Regular.otf
13:02:10.518 [FXGL Background Thread 4 ] DEBUG FXGLAssetLoaderServi - Loading from file system: jar:file:///C:/Users/DELL/.m2/repository/com/github/almasb/fxgl/17.3/fxgl-17.3.jar!/fxglassets/ui/fonts/Courier-Prime.ttf
13:02:10.540 [JavaFX Application Thread] DEBUG FXGLAssetLoaderServi - Loading from file system: jar:file:///C:/Users/DELL/.m2/repository/com/github/almasb/fxgl/17.3/fxgl-17.3.jar!/fxglassets/textures/fxgl_default_cursor.png
13:02:10.543 [JavaFX Application Thread] DEBUG Input                - Registered new binding: Screenshot - CTRL+8
13:02:10.543 [JavaFX Application Thread] DEBUG Input                - Registered new binding: System info dump - CTRL+9
13:02:10.543 [JavaFX Application Thread] DEBUG Input                - Registered new binding: Restart - CTRL+R
13:02:10.544 [JavaFX Application Thread] DEBUG Input                - Registered new binding: Toggle Debug Camera - CTRL+7
13:02:10.547 [JavaFX Application Thread] DEBUG LoopRunner           - Starting loop
13:02:10.547 [JavaFX Application Thread] DEBUG LoopRunner           - Initializing JavaFX AnimationTimerLoop
13:02:10.549 [JavaFX Application Thread] DEBUG Input                - Clearing active input actions
13:02:10.556 [JavaFX Application Thread] DEBUG GameApplicationServi - Removing overlay from FXGLStartupScene and adding to FXGLMainMenuDummyScene
13:02:10.557 [JavaFX Application Thread] DEBUG PrimaryStageWindow   - FXGLStartupScene -> FXGLMainMenuDummyScene
13:02:10.557 [JavaFX Application Thread] DEBUG PrimaryStageWindow   - Push state: MainMenu
13:02:10.557 [JavaFX Application Thread] DEBUG Input                - Clearing active input actions
13:02:10.559 [JavaFX Application Thread] DEBUG GameApplicationServi - Removing overlay from FXGLMainMenuDummyScene and adding to MainMenu
13:02:10.560 [JavaFX Application Thread] DEBUG PrimaryStageWindow   - FXGLMainMenuDummyScene -> MainMenu
13:02:10.563 [JavaFX Application Thread] DEBUG FXGLApplication      - Registering font factories with UI factory
13:02:11.082 [FXGL Background Thread 2 ] INFO  UpdaterService       - Your current version:  17.3
13:02:11.082 [FXGL Background Thread 2 ] INFO  UpdaterService       - Latest stable version: 21.1
13:02:11.238 [JavaFX Application Thread] DEBUG Menu                 - fireNewGame()
13:02:11.238 [JavaFX Application Thread] DEBUG GameApplicationServi - Starting new game
13:02:11.238 [JavaFX Application Thread] DEBUG PrimaryStageWindow   - Pop state: MainMenu
13:02:11.238 [JavaFX Application Thread] DEBUG Input                - Clearing active input actions
13:02:11.238 [JavaFX Application Thread] DEBUG GameApplicationServi - Removing overlay from MainMenu and adding to FXGLMainMenuDummyScene
13:02:11.239 [JavaFX Application Thread] DEBUG PrimaryStageWindow   - FXGLMainMenuDummyScene <- MainMenu
13:02:11.239 [JavaFX Application Thread] DEBUG Input                - Clearing active input actions
13:02:11.246 [JavaFX Application Thread] DEBUG GameApplicationServi - Removing overlay from FXGLMainMenuDummyScene and adding to FXGLLoadingScene
13:02:11.246 [JavaFX Application Thread] DEBUG PrimaryStageWindow   - FXGLMainMenuDummyScene -> FXGLLoadingScene
13:02:11.246 [JavaFX Application Thread] DEBUG GameApplicationServi - Clearing previous game
13:02:11.246 [JavaFX Application Thread] DEBUG GameScene            - Clearing game scene
13:02:11.246 [JavaFX Application Thread] DEBUG GameWorld            - Clearing game world
13:02:11.248 [JavaFX Application Thread] DEBUG PhysicsWorld         - Clearing physics world
13:02:11.249 [FXGL Background Thread 2 ] DEBUG FXGLApplication      - Initializing game
13:02:11.317 [JavaFX Application Thread] DEBUG LoopRunner           - Stopping loop
13:02:11.319 [JavaFX Application Thread] FATAL FXGLApplication      - Uncaught Exception:
java.lang.RuntimeException: Initialization failed
	at com.almasb.fxgl.all@17.3/com.almasb.fxgl.app.FXGLApplication$InitAppTask.failed(FXGLApplication.kt:343)
	at javafx.graphics@21.0.6/javafx.concurrent.Task.setState(Task.java:710)
	at javafx.graphics@21.0.6/javafx.concurrent.Task$TaskCallable.lambda$call$2(Task.java:1429)
	at javafx.graphics@21.0.6/com.sun.javafx.application.PlatformImpl.lambda$runLater$10(PlatformImpl.java:456)
	at java.base/java.security.AccessController.doPrivileged(AccessController.java:138)
	at javafx.graphics@21.0.6/com.sun.javafx.application.PlatformImpl.lambda$runLater$11(PlatformImpl.java:455)
	at javafx.graphics@21.0.6/com.sun.glass.ui.InvokeLaterDispatcher$Future.run(InvokeLaterDispatcher.java:95)
	at javafx.graphics@21.0.6/com.sun.glass.ui.win.WinApplication._runLoop(Native Method)
	at javafx.graphics@21.0.6/com.sun.glass.ui.win.WinApplication.lambda$runLoop$3(WinApplication.java:185)
	at java.base/java.lang.Thread.run(Thread.java:1447)
Caused by: java.lang.NullPointerException: Cannot invoke "javafx.scene.image.ImageView.setFitWidth(double)" because "this.imageView" is null
	at view/controller.ball_control.Ball.<init>(Ball.java:65)
	at view/view.Launch.initGame(Launch.java:48)
	at com.almasb.fxgl.all@17.3/com.almasb.fxgl.app.FXGLApplication$InitAppTask.initGame(FXGLApplication.kt:339)
	at com.almasb.fxgl.all@17.3/com.almasb.fxgl.app.FXGLApplication$InitAppTask.call(FXGLApplication.kt:319)
	at com.almasb.fxgl.all@17.3/com.almasb.fxgl.app.FXGLApplication$InitAppTask.call(FXGLApplication.kt:311)
	at javafx.graphics@21.0.6/javafx.concurrent.Task$TaskCallable.call(Task.java:1399)
	at java.base/java.util.concurrent.FutureTask.run(FutureTask.java:328)
	at java.base/java.util.concurrent.Executors$RunnableAdapter.call(Executors.java:545)
	at java.base/java.util.concurrent.FutureTask.run(FutureTask.java:328)
	at java.base/java.util.concurrent.ThreadPoolExecutor.runWorker(ThreadPoolExecutor.java:1095)
	at java.base/java.util.concurrent.ThreadPoolExecutor$Worker.run(ThreadPoolExecutor.java:619)
	... 1 more

13:02:11.319 [JavaFX Application Thread] FATAL FXGLApplication      - Application will now exit
13:02:11.345 [JavaFX Application Thread] DEBUG PrimaryStageWindow   - Push state: ErrorSubScene
13:02:11.345 [JavaFX Application Thread] DEBUG Input                - Clearing active input actions
13:02:11.350 [JavaFX Application Thread] DEBUG GameApplicationServi - Removing overlay from FXGLLoadingScene and adding to ErrorSubScene
13:02:11.350 [JavaFX Application Thread] DEBUG PrimaryStageWindow   - FXGLLoadingScene -> ErrorSubScene
13:02:12.746 [JavaFX Application Thread] DEBUG FXGLApplication      - Exiting FXGL
13:02:12.746 [JavaFX Application Thread] DEBUG Async                - Shutting down background threads
13:02:12.746 [JavaFX Application Thread] DEBUG PrimaryStageWindow   - Closing main window
13:02:12.759 [JavaFX Application Thread] DEBUG Logger               - Closing Logger
