08:04:58.925 [main                     ] DEBUG Logger               - Configured Logger
08:04:58.937 [main                     ] DEBUG GameApplication      - Logging settings
Title: Akanov-an225
Version: 0.1
Width: 800
Height: 600
Fullscreen: false
Intro: false
Profiling: false
Single step:false
App Mode: DEVELOPER
Menu Key: ESCAPE
Stage Style: DECORATED
Scene Factory: class com.almasb.fxgl.app.scene.SceneFactory

08:04:59.416 [JavaFX Application Thread] DEBUG FXGLApplication      - Initializing FXGL
08:04:59.420 [JavaFX Application Thread] INFO  Engine               - FXGL-17.3 (30.03.2023 11.49) on WINDOWS (J:24.0.2 FX:21.0.6)
08:04:59.421 [JavaFX Application Thread] DEBUG Engine               - JRE Vendor Name: Oracle Corporation
08:04:59.421 [JavaFX Application Thread] DEBUG Engine               - Running on OS: Windows 11 version 10.0
08:04:59.421 [JavaFX Application Thread] DEBUG Engine               - Architecture: amd64
08:04:59.421 [JavaFX Application Thread] INFO  Engine               - Source code and latest versions at: https://github.com/AlmasB/FXGL
08:04:59.421 [JavaFX Application Thread] INFO  Engine               -       Ask questions and discuss at: https://github.com/AlmasB/FXGL/discussions
08:04:59.421 [JavaFX Application Thread] INFO  Engine               -              Join the FXGL chat at: https://gitter.im/AlmasB/FXGL
08:04:59.553 [JavaFX Application Thread] DEBUG PrimaryStageWindow   - Creating a JavaFX scene
08:04:59.629 [JavaFX Application Thread] DEBUG PrimaryStageWindow   - Target settings size: 800.0 x 600.0
08:04:59.629 [JavaFX Application Thread] DEBUG PrimaryStageWindow   - Scaled scene size:    800.0 x 600.0
08:04:59.630 [JavaFX Application Thread] DEBUG PrimaryStageWindow   - Scaled ratio: (1.0, 1.0)
08:04:59.631 [JavaFX Application Thread] DEBUG PrimaryStageWindow   - Set initial scene to FXGLStartupScene
08:04:59.635 [JavaFX Application Thread] DEBUG PrimaryStageWindow   - Opening main window
08:04:59.753 [JavaFX Application Thread] DEBUG PrimaryStageWindow   - Window border size: (14.66668701171875, 37.33331298828125)
08:04:59.754 [JavaFX Application Thread] DEBUG PrimaryStageWindow   - Scaled size: 800.0 x 600.0
08:04:59.754 [JavaFX Application Thread] DEBUG PrimaryStageWindow   - Scaled ratio: (1.0, 1.0)
08:04:59.754 [JavaFX Application Thread] DEBUG PrimaryStageWindow   - Scene size: 800.0 x 600.0
08:04:59.754 [JavaFX Application Thread] DEBUG PrimaryStageWindow   - Stage size: 814.6666870117188 x 637.3333129882812
08:04:59.766 [FXGL Background Thread 1 ] DEBUG Engine               - Initializing environment variables
08:04:59.862 [FXGL Background Thread 1 ] DEBUG FXGLAssetLoaderServi - User app class for loading assets: class view.Launch
08:04:59.862 [FXGL Background Thread 1 ] DEBUG GameApplicationServi - Applying CSS: fxgl_dark.css
08:04:59.864 [FXGL Background Thread 1 ] DEBUG FXGLAssetLoaderServi - Loading from file system: jar:file:///C:/Users/DELL/.m2/repository/com/github/almasb/fxgl/17.3/fxgl-17.3.jar!/fxglassets/ui/css/fxgl_dark.css
08:04:59.923 [FXGL Background Thread 1 ] DEBUG GameApplicationServi - Initializing application scenes
08:04:59.973 [FXGL Background Thread 1 ] DEBUG GameWorld            - Game world initialized
08:05:00.073 [FXGL Background Thread 1 ] DEBUG PhysicsWorld         - Physics world initialized: appHeight=600, physics.ppm=50.0
08:05:00.073 [FXGL Background Thread 1 ] DEBUG PhysicsWorld         - Using strategy: BRUTE_FORCE
08:05:00.079 [FXGL Background Thread 1 ] DEBUG GameScene            - Game scene initialized: 800x600
08:05:00.100 [FXGL Background Thread 1 ] DEBUG FXGL.DefaultMenu     - createMenuBodyGameMenu()
08:05:00.123 [FXGL Background Thread 1 ] DEBUG FXGL.DefaultMenu     - createOptionsMenu()
08:05:00.141 [FXGL Background Thread 1 ] DEBUG FXGLAssetLoaderServi - Loading from file system: jar:file:///C:/Users/DELL/.m2/repository/com/github/almasb/fxgl/17.3/fxgl-17.3.jar!/fxglassets/textures/particles/smoke.png
08:05:00.276 [FXGL Background Thread 1 ] DEBUG FXGLAssetLoaderServi - Loading from file system: jar:file:///C:/Users/DELL/.m2/repository/com/github/almasb/fxgl/17.3/fxgl-17.3.jar!/fxglassets/textures/particles/trace_horizontal.png
08:05:00.319 [FXGL Background Thread 1 ] DEBUG GameApplicationServi - Application scenes initialized
08:05:00.332 [FXGL Background Thread 1 ] DEBUG SystemBundleService  - Loading FXGL system data
08:05:00.336 [FXGL Background Thread 1 ] DEBUG FileSystemAccess     - Reading from: D:\akanov-an225\system\fxgl.bundle
08:05:00.348 [FXGL Background Thread 1 ] DEBUG SystemBundleService  - Bundle FXGL: {}
08:05:00.348 [FXGL Background Thread 1 ] DEBUG UpdaterService       - Checking for updates
08:05:00.354 [FXGL Background Thread 4 ] DEBUG FXGLApplication      - Loading fonts
08:05:00.355 [FXGL Background Thread 4 ] DEBUG FXGLAssetLoaderServi - Loading from file system: jar:file:///C:/Users/DELL/.m2/repository/com/github/almasb/fxgl/17.3/fxgl-17.3.jar!/fxglassets/ui/fonts/VarelaRound-Regular.ttf
08:05:00.355 [FXGL Background Thread 1 ] DEBUG FXGLApplication      - Loading default localization
08:05:00.356 [FXGL Background Thread 1 ] DEBUG FXGLAssetLoaderServi - Loading from file system: jar:file:///C:/Users/DELL/.m2/repository/com/github/almasb/fxgl/17.3/fxgl-17.3.jar!/fxglassets/languages/english.lang
08:05:00.384 [FXGL Background Thread 1 ] INFO  FXGLApplication      - FXGL initialization took: 0.617 sec
08:05:00.403 [JavaFX Application Thread] DEBUG Input                - Registered new binding: action0 - Left
08:05:00.404 [JavaFX Application Thread] DEBUG Input                - Registered new binding: action1 - Right
08:05:00.404 [JavaFX Application Thread] DEBUG FXGLAssetLoaderServi - Loading from file system: jar:file:///C:/Users/DELL/.m2/repository/com/github/almasb/fxgl/17.3/fxgl-17.3.jar!/fxglassets/textures/fxgl_icon.png
08:05:00.418 [FXGL Background Thread 4 ] DEBUG FXGLAssetLoaderServi - Loading from file system: jar:file:///C:/Users/DELL/.m2/repository/com/github/almasb/fxgl/17.3/fxgl-17.3.jar!/fxglassets/ui/fonts/Abel-Regular.ttf
08:05:00.423 [FXGL Background Thread 4 ] DEBUG FXGLAssetLoaderServi - Loading from file system: jar:file:///C:/Users/DELL/.m2/repository/com/github/almasb/fxgl/17.3/fxgl-17.3.jar!/fxglassets/ui/fonts/TerminalLandMono-Regular.otf
08:05:00.429 [FXGL Background Thread 4 ] DEBUG FXGLAssetLoaderServi - Loading from file system: jar:file:///C:/Users/DELL/.m2/repository/com/github/almasb/fxgl/17.3/fxgl-17.3.jar!/fxglassets/ui/fonts/Courier-Prime.ttf
08:05:00.431 [JavaFX Application Thread] DEBUG FXGLAssetLoaderServi - Loading from file system: jar:file:///C:/Users/DELL/.m2/repository/com/github/almasb/fxgl/17.3/fxgl-17.3.jar!/fxglassets/textures/fxgl_default_cursor.png
08:05:00.435 [JavaFX Application Thread] DEBUG Input                - Registered new binding: Screenshot - CTRL+8
08:05:00.435 [JavaFX Application Thread] DEBUG Input                - Registered new binding: System info dump - CTRL+9
08:05:00.435 [JavaFX Application Thread] DEBUG Input                - Registered new binding: Restart - CTRL+R
08:05:00.436 [JavaFX Application Thread] DEBUG Input                - Registered new binding: Toggle Debug Camera - CTRL+7
08:05:00.440 [JavaFX Application Thread] DEBUG LoopRunner           - Starting loop
08:05:00.440 [JavaFX Application Thread] DEBUG LoopRunner           - Initializing JavaFX AnimationTimerLoop
08:05:00.441 [JavaFX Application Thread] DEBUG GameApplicationServi - Starting new game
08:05:00.442 [JavaFX Application Thread] DEBUG Input                - Clearing active input actions
08:05:00.459 [JavaFX Application Thread] DEBUG GameApplicationServi - Removing overlay from FXGLStartupScene and adding to FXGLLoadingScene
08:05:00.460 [JavaFX Application Thread] DEBUG PrimaryStageWindow   - FXGLStartupScene -> FXGLLoadingScene
08:05:00.460 [JavaFX Application Thread] DEBUG GameApplicationServi - Clearing previous game
08:05:00.460 [JavaFX Application Thread] DEBUG GameScene            - Clearing game scene
08:05:00.460 [JavaFX Application Thread] DEBUG GameWorld            - Clearing game world
08:05:00.460 [JavaFX Application Thread] DEBUG PhysicsWorld         - Clearing physics world
08:05:00.464 [FXGL Background Thread 4 ] DEBUG FXGLApplication      - Initializing game
08:05:00.464 [JavaFX Application Thread] DEBUG FXGLApplication      - Registering font factories with UI factory
08:05:00.468 [FXGL Background Thread 4 ] WARN  Entity               - Entity already has component: com.almasb.fxgl.entity.components.BoundingBoxComponent
08:05:00.502 [FXGL Background Thread 4 ] INFO  FXGLApplication      - Game initialization took: 0.039 sec
08:05:00.527 [JavaFX Application Thread] DEBUG Input                - Clearing active input actions
08:05:00.536 [JavaFX Application Thread] DEBUG GameApplicationServi - Removing overlay from FXGLLoadingScene and adding to GameScene
08:05:00.537 [JavaFX Application Thread] DEBUG PrimaryStageWindow   - FXGLLoadingScene -> GameScene
08:05:01.617 [FXGL Background Thread 2 ] INFO  UpdaterService       - Your current version:  17.3
08:05:01.619 [FXGL Background Thread 2 ] INFO  UpdaterService       - Latest stable version: 21.1
08:05:03.353 [FXGL Background Thread 3 ] DEBUG Engine               - Logging environment variables
08:05:03.354 [FXGL Background Thread 3 ] DEBUG Engine               - achievements: []
08:05:03.354 [FXGL Background Thread 3 ] DEBUG Engine               - actualHeight: 600.0
08:05:03.355 [FXGL Background Thread 3 ] DEBUG Engine               - actualHeightProperty: ReadOnlyDoubleProperty [value: 600.0]
08:05:03.355 [FXGL Background Thread 3 ] DEBUG Engine               - actualWidth: 800.0
08:05:03.355 [FXGL Background Thread 3 ] DEBUG Engine               - actualWidthProperty: ReadOnlyDoubleProperty [value: 800.0]
08:05:03.356 [FXGL Background Thread 3 ] DEBUG Engine               - appIcon: fxgl_icon.png
08:05:03.356 [FXGL Background Thread 3 ] DEBUG Engine               - applicationMode: DEVELOPER
08:05:03.356 [FXGL Background Thread 3 ] DEBUG Engine               - cSSList: [fxgl_dark.css]
08:05:03.356 [FXGL Background Thread 3 ] DEBUG Engine               - collisionDetectionStrategy: BRUTE_FORCE
08:05:03.356 [FXGL Background Thread 3 ] DEBUG Engine               - configClass: Optional.empty
08:05:03.357 [FXGL Background Thread 3 ] DEBUG Engine               - credits: []
08:05:03.357 [FXGL Background Thread 3 ] DEBUG Engine               - defaultCursor: CursorInfo(imageName=fxgl_default_cursor.png, hotspotX=7.0, hotspotY=6.0)
08:05:03.358 [FXGL Background Thread 3 ] DEBUG Engine               - devBBoxColorProperty: ObjectProperty [value: 0xff0000ff]
08:05:03.358 [FXGL Background Thread 3 ] DEBUG Engine               - devEnableDebugCameraProperty: BooleanProperty [value: false]
08:05:03.358 [FXGL Background Thread 3 ] DEBUG Engine               - devSensorColorProperty: ObjectProperty [value: 0xffff00ff]
08:05:03.358 [FXGL Background Thread 3 ] DEBUG Engine               - devShowBBoxProperty: BooleanProperty [value: false]
08:05:03.358 [FXGL Background Thread 3 ] DEBUG Engine               - devShowPositionProperty: BooleanProperty [value: false]
08:05:03.359 [FXGL Background Thread 3 ] DEBUG Engine               - enabledMenuItems: []
08:05:03.359 [FXGL Background Thread 3 ] DEBUG Engine               - engineServices: [class com.almasb.fxgl.app.services.FXGLAssetLoaderService, class com.almasb.fxgl.app.FXGLApplication$GameApplicationService, class com.almasb.fxgl.app.services.FXGLDialogService, class com.almasb.fxgl.app.services.IOTaskExecutorService, class com.almasb.fxgl.io.FileSystemService, class com.almasb.fxgl.localization.LocalizationService, class com.almasb.fxgl.app.services.SystemBundleService, class com.almasb.fxgl.profile.SaveLoadService, class com.almasb.fxgl.ui.FXGLUIFactoryServiceProvider, class com.almasb.fxgl.ui.FXGLDialogFactoryServiceProvider, class com.almasb.fxgl.audio.AudioPlayer, class com.almasb.fxgl.notification.impl.NotificationServiceProvider, class com.almasb.fxgl.achievement.AchievementService, class com.almasb.fxgl.cutscene.CutsceneService, class com.almasb.fxgl.minigames.MiniGameService, class com.almasb.fxgl.net.NetService, class com.almasb.fxgl.app.services.UpdaterService, class com.almasb.fxgl.dev.DevService]
08:05:03.359 [FXGL Background Thread 3 ] DEBUG Engine               - fontGame: Abel-Regular.ttf
08:05:03.359 [FXGL Background Thread 3 ] DEBUG Engine               - fontMono: TerminalLandMono-Regular.otf
08:05:03.359 [FXGL Background Thread 3 ] DEBUG Engine               - fontSizeScaleUI: 1.0
08:05:03.359 [FXGL Background Thread 3 ] DEBUG Engine               - fontText: Courier-Prime.ttf
08:05:03.359 [FXGL Background Thread 3 ] DEBUG Engine               - fontUI: VarelaRound-Regular.ttf
08:05:03.360 [FXGL Background Thread 3 ] DEBUG Engine               - fullScreen: BooleanProperty [value: false]
08:05:03.360 [FXGL Background Thread 3 ] DEBUG Engine               - gameDifficulty: MEDIUM
08:05:03.360 [FXGL Background Thread 3 ] DEBUG Engine               - gameDifficultyProperty: ObjectProperty [value: MEDIUM]
08:05:03.360 [FXGL Background Thread 3 ] DEBUG Engine               - globalMusicVolume: 0.5
08:05:03.360 [FXGL Background Thread 3 ] DEBUG Engine               - globalMusicVolumeProperty: DoubleProperty [value: 0.5]
08:05:03.360 [FXGL Background Thread 3 ] DEBUG Engine               - globalSoundVolume: 0.5
08:05:03.360 [FXGL Background Thread 3 ] DEBUG Engine               - globalSoundVolumeProperty: DoubleProperty [value: 0.5]
08:05:03.360 [FXGL Background Thread 3 ] DEBUG Engine               - height: 600
08:05:03.361 [FXGL Background Thread 3 ] DEBUG Engine               - is3D: false
08:05:03.361 [FXGL Background Thread 3 ] DEBUG Engine               - isAndroid: false
08:05:03.361 [FXGL Background Thread 3 ] DEBUG Engine               - isBrowser: false
08:05:03.361 [FXGL Background Thread 3 ] DEBUG Engine               - isClickFeedbackEnabled: false
08:05:03.361 [FXGL Background Thread 3 ] DEBUG Engine               - isCloseConfirmation: false
08:05:03.361 [FXGL Background Thread 3 ] DEBUG Engine               - isDesktop: true
08:05:03.361 [FXGL Background Thread 3 ] DEBUG Engine               - isDeveloperMenuEnabled: false
08:05:03.362 [FXGL Background Thread 3 ] DEBUG Engine               - isEmbedded: false
08:05:03.362 [FXGL Background Thread 3 ] DEBUG Engine               - isEntityPreloadEnabled: true
08:05:03.362 [FXGL Background Thread 3 ] DEBUG Engine               - isExperimentalTiledLargeMap: false
08:05:03.362 [FXGL Background Thread 3 ] DEBUG Engine               - isFileSystemWriteAllowed: true
08:05:03.362 [FXGL Background Thread 3 ] DEBUG Engine               - isFullScreenAllowed: false
08:05:03.362 [FXGL Background Thread 3 ] DEBUG Engine               - isFullScreenFromStart: false
08:05:03.362 [FXGL Background Thread 3 ] DEBUG Engine               - isGameMenuEnabled: true
08:05:03.363 [FXGL Background Thread 3 ] DEBUG Engine               - isIOS: false
08:05:03.363 [FXGL Background Thread 3 ] DEBUG Engine               - isIntroEnabled: false
08:05:03.363 [FXGL Background Thread 3 ] DEBUG Engine               - isLinux: false
08:05:03.363 [FXGL Background Thread 3 ] DEBUG Engine               - isMac: false
08:05:03.363 [FXGL Background Thread 3 ] DEBUG Engine               - isMainMenuEnabled: false
08:05:03.363 [FXGL Background Thread 3 ] DEBUG Engine               - isManualResizeEnabled: false
08:05:03.363 [FXGL Background Thread 3 ] DEBUG Engine               - isMobile: false
08:05:03.364 [FXGL Background Thread 3 ] DEBUG Engine               - isNative: false
08:05:03.364 [FXGL Background Thread 3 ] DEBUG Engine               - isPauseMusicWhenMinimized: true
08:05:03.364 [FXGL Background Thread 3 ] DEBUG Engine               - isPreserveResizeRatio: false
08:05:03.364 [FXGL Background Thread 3 ] DEBUG Engine               - isProfilingEnabled: false
08:05:03.364 [FXGL Background Thread 3 ] DEBUG Engine               - isScaleAffectedOnResize: true
08:05:03.364 [FXGL Background Thread 3 ] DEBUG Engine               - isSingleStep: false
08:05:03.364 [FXGL Background Thread 3 ] DEBUG Engine               - isUserProfileEnabled: false
08:05:03.364 [FXGL Background Thread 3 ] DEBUG Engine               - isWindows: true
08:05:03.364 [FXGL Background Thread 3 ] DEBUG Engine               - language: ObjectProperty [value: ENGLISH]
08:05:03.364 [FXGL Background Thread 3 ] DEBUG Engine               - menuKey: ESCAPE
08:05:03.364 [FXGL Background Thread 3 ] DEBUG Engine               - mouseSensitivity: 0.2
08:05:03.364 [FXGL Background Thread 3 ] DEBUG Engine               - notificationViewClass: class com.almasb.fxgl.notification.view.XboxNotificationView
08:05:03.365 [FXGL Background Thread 3 ] DEBUG Engine               - pixelsPerMeter: 50.0
08:05:03.365 [FXGL Background Thread 3 ] DEBUG Engine               - platform: WINDOWS
08:05:03.365 [FXGL Background Thread 3 ] DEBUG Engine               - prefHeightProperty: ReadOnlyDoubleProperty [value: 600.0]
08:05:03.365 [FXGL Background Thread 3 ] DEBUG Engine               - prefWidthProperty: ReadOnlyDoubleProperty [value: 800.0]
08:05:03.365 [FXGL Background Thread 3 ] DEBUG Engine               - profileDir: profiles/
08:05:03.365 [FXGL Background Thread 3 ] DEBUG Engine               - profileName: StringProperty [value: DEFAULT]
08:05:03.365 [FXGL Background Thread 3 ] DEBUG Engine               - randomSeed: -1
08:05:03.365 [FXGL Background Thread 3 ] DEBUG Engine               - runtimeInfo: RuntimeInfo(platform=WINDOWS, version=17.3, build=30.03.2023 11.49)
08:05:03.365 [FXGL Background Thread 3 ] DEBUG Engine               - saveFileExt: sav
08:05:03.366 [FXGL Background Thread 3 ] DEBUG Engine               - scaledHeightProp$fxgl: DoubleProperty [bound, value: 600.0]
08:05:03.366 [FXGL Background Thread 3 ] DEBUG Engine               - scaledWidthProp$fxgl: DoubleProperty [bound, value: 800.0]
08:05:03.366 [FXGL Background Thread 3 ] DEBUG Engine               - sceneFactory: com.almasb.fxgl.app.scene.SceneFactory@537e232e
08:05:03.366 [FXGL Background Thread 3 ] DEBUG Engine               - secondsIn24h: 60
08:05:03.366 [FXGL Background Thread 3 ] DEBUG Engine               - soundMenuBack: menu/back.wav
08:05:03.366 [FXGL Background Thread 3 ] DEBUG Engine               - soundMenuPress: menu/press.wav
08:05:03.366 [FXGL Background Thread 3 ] DEBUG Engine               - soundMenuSelect: menu/select.wav
08:05:03.366 [FXGL Background Thread 3 ] DEBUG Engine               - soundNotification: core/notification.wav
08:05:03.366 [FXGL Background Thread 3 ] DEBUG Engine               - stageStyle: DECORATED
08:05:03.366 [FXGL Background Thread 3 ] DEBUG Engine               - supportedLanguages: [ENGLISH, FRENCH, GERMAN, HUNGARIAN, RUSSIAN]
08:05:03.366 [FXGL Background Thread 3 ] DEBUG Engine               - ticksPerSecond: -1
08:05:03.366 [FXGL Background Thread 3 ] DEBUG Engine               - title: Akanov-an225
08:05:03.366 [FXGL Background Thread 3 ] DEBUG Engine               - urlGithub: https://github.com/AlmasB/FXGL
08:05:03.366 [FXGL Background Thread 3 ] DEBUG Engine               - urlLeaderboard: http://fxgl-top.herokuapp.com/
08:05:03.366 [FXGL Background Thread 3 ] DEBUG Engine               - urlPOM: https://raw.githubusercontent.com/AlmasB/FXGL/release/README.md
08:05:03.366 [FXGL Background Thread 3 ] DEBUG Engine               - userAppClass: class view.Launch
08:05:03.366 [FXGL Background Thread 3 ] DEBUG Engine               - version: 0.1
08:05:03.366 [FXGL Background Thread 3 ] DEBUG Engine               - versionCheckDays: 7
08:05:03.366 [FXGL Background Thread 3 ] DEBUG Engine               - width: 800
08:05:03.366 [FXGL Background Thread 3 ] DEBUG Engine               - Logging services
08:05:03.366 [FXGL Background Thread 3 ] DEBUG Engine               - class com.almasb.fxgl.app.services.FXGLAssetLoaderService
08:05:03.367 [FXGL Background Thread 3 ] DEBUG Engine               - class com.almasb.fxgl.app.FXGLApplication$GameApplicationService
08:05:03.367 [FXGL Background Thread 3 ] DEBUG Engine               - class com.almasb.fxgl.app.services.FXGLDialogService
08:05:03.367 [FXGL Background Thread 3 ] DEBUG Engine               - class com.almasb.fxgl.app.services.IOTaskExecutorService
08:05:03.367 [FXGL Background Thread 3 ] DEBUG Engine               - class com.almasb.fxgl.io.FileSystemService
08:05:03.367 [FXGL Background Thread 3 ] DEBUG Engine               - class com.almasb.fxgl.localization.LocalizationService
08:05:03.367 [FXGL Background Thread 3 ] DEBUG Engine               - class com.almasb.fxgl.app.services.SystemBundleService
08:05:03.367 [FXGL Background Thread 3 ] DEBUG Engine               - class com.almasb.fxgl.profile.SaveLoadService
08:05:03.367 [FXGL Background Thread 3 ] DEBUG Engine               - class com.almasb.fxgl.ui.FXGLUIFactoryServiceProvider
08:05:03.367 [FXGL Background Thread 3 ] DEBUG Engine               - class com.almasb.fxgl.ui.FXGLDialogFactoryServiceProvider
08:05:03.367 [FXGL Background Thread 3 ] DEBUG Engine               - class com.almasb.fxgl.audio.AudioPlayer
08:05:03.367 [FXGL Background Thread 3 ] DEBUG Engine               - class com.almasb.fxgl.notification.impl.NotificationServiceProvider
08:05:03.367 [FXGL Background Thread 3 ] DEBUG Engine               - class com.almasb.fxgl.achievement.AchievementService
08:05:03.367 [FXGL Background Thread 3 ] DEBUG Engine               - class com.almasb.fxgl.cutscene.CutsceneService
08:05:03.367 [FXGL Background Thread 3 ] DEBUG Engine               - class com.almasb.fxgl.minigames.MiniGameService
08:05:03.367 [FXGL Background Thread 3 ] DEBUG Engine               - class com.almasb.fxgl.net.NetService
08:05:03.367 [FXGL Background Thread 3 ] DEBUG Engine               - class com.almasb.fxgl.app.services.UpdaterService
08:05:03.367 [FXGL Background Thread 3 ] DEBUG Engine               - class com.almasb.fxgl.dev.DevService
08:05:41.323 [JavaFX Application Thread] DEBUG FXGLApplication      - Exiting FXGL
08:05:41.323 [JavaFX Application Thread] DEBUG LoopRunner           - Stopping loop
08:05:41.323 [JavaFX Application Thread] DEBUG SystemBundleService  - Saving FXGL system data
08:05:41.327 [JavaFX Application Thread] DEBUG FileSystemAccess     - Writing to: D:\akanov-an225\system\fxgl.bundle
08:05:41.330 [JavaFX Application Thread] DEBUG Async                - Shutting down background threads
08:05:41.330 [JavaFX Application Thread] DEBUG PrimaryStageWindow   - Closing main window
08:05:41.351 [JavaFX Application Thread] DEBUG Logger               - Closing Logger
