21:24:39.614 [main                     ] DEBUG Logger               - Configured Logger
21:24:39.621 [main                     ] DEBUG GameApplication      - Logging settings
Title: Akanov-an225
Version: 0.2
Width: 960
Height: 720
Fullscreen: false
Intro: false
Profiling: false
Single step:false
App Mode: DEVELOPER
Menu Key: ESCAPE
Stage Style: DECORATED
Scene Factory: class view.GeneralInit$1

21:24:39.917 [JavaFX Application Thread] DEBUG FXGLApplication      - Initializing FXGL
21:24:39.920 [JavaFX Application Thread] INFO  Engine               - FXGL-17.3 (30.03.2023 11.49) on WINDOWS (J:24.0.2 FX:21.0.6)
21:24:39.920 [JavaFX Application Thread] DEBUG Engine               - JRE Vendor Name: Oracle Corporation
21:24:39.920 [JavaFX Application Thread] DEBUG Engine               - Running on OS: Windows 11 version 10.0
21:24:39.920 [JavaFX Application Thread] DEBUG Engine               - Architecture: amd64
21:24:39.920 [JavaFX Application Thread] INFO  Engine               - Source code and latest versions at: https://github.com/AlmasB/FXGL
21:24:39.920 [JavaFX Application Thread] INFO  Engine               -       Ask questions and discuss at: https://github.com/AlmasB/FXGL/discussions
21:24:39.920 [JavaFX Application Thread] INFO  Engine               -              Join the FXGL chat at: https://gitter.im/AlmasB/FXGL
21:24:40.003 [JavaFX Application Thread] DEBUG PrimaryStageWindow   - Creating a JavaFX scene
21:24:40.053 [JavaFX Application Thread] DEBUG PrimaryStageWindow   - Target settings size: 960.0 x 720.0
21:24:40.053 [JavaFX Application Thread] DEBUG PrimaryStageWindow   - Scaled scene size:    960.0 x 720.0
21:24:40.053 [JavaFX Application Thread] DEBUG PrimaryStageWindow   - Scaled ratio: (1.0, 1.0)
21:24:40.054 [JavaFX Application Thread] DEBUG PrimaryStageWindow   - Set initial scene to FXGLStartupScene
21:24:40.057 [JavaFX Application Thread] DEBUG PrimaryStageWindow   - Opening main window
21:24:40.131 [JavaFX Application Thread] DEBUG PrimaryStageWindow   - Window border size: (14.66668701171875, 37.33331298828125)
21:24:40.131 [JavaFX Application Thread] DEBUG PrimaryStageWindow   - Scaled size: 960.0 x 720.0
21:24:40.132 [JavaFX Application Thread] DEBUG PrimaryStageWindow   - Scaled ratio: (1.0, 1.0)
21:24:40.132 [JavaFX Application Thread] DEBUG PrimaryStageWindow   - Scene size: 960.0 x 720.0
21:24:40.132 [JavaFX Application Thread] DEBUG PrimaryStageWindow   - Stage size: 974.6666870117188 x 757.3333129882812
21:24:40.140 [FXGL Background Thread 1 ] DEBUG Engine               - Initializing environment variables
21:24:40.211 [FXGL Background Thread 1 ] DEBUG FXGLAssetLoaderServi - User app class for loading assets: class view.Launch
21:24:40.212 [FXGL Background Thread 1 ] DEBUG GameApplicationServi - Applying CSS: fxgl_dark.css
21:24:40.213 [FXGL Background Thread 1 ] DEBUG FXGLAssetLoaderServi - Loading from file system: jar:file:///C:/Users/DELL/.m2/repository/com/github/almasb/fxgl/17.3/fxgl-17.3.jar!/fxglassets/ui/css/fxgl_dark.css
21:24:40.263 [FXGL Background Thread 1 ] DEBUG GameApplicationServi - Initializing application scenes
21:24:40.297 [FXGL Background Thread 1 ] DEBUG GameWorld            - Game world initialized
21:24:40.360 [FXGL Background Thread 1 ] DEBUG PhysicsWorld         - Physics world initialized: appHeight=720, physics.ppm=50.0
21:24:40.360 [FXGL Background Thread 1 ] DEBUG PhysicsWorld         - Using strategy: BRUTE_FORCE
21:24:40.364 [FXGL Background Thread 1 ] DEBUG GameScene            - Game scene initialized: 960x720
21:24:40.445 [FXGL Background Thread 1 ] DEBUG GameApplicationServi - Application scenes initialized
21:24:40.453 [FXGL Background Thread 1 ] DEBUG SystemBundleService  - Loading FXGL system data
21:24:40.456 [FXGL Background Thread 1 ] DEBUG FileSystemAccess     - Reading from: D:\akanov-an225\system\fxgl.bundle
21:24:40.462 [FXGL Background Thread 1 ] DEBUG SystemBundleService  - Bundle FXGL: {}
21:24:40.462 [FXGL Background Thread 1 ] DEBUG UpdaterService       - Checking for updates
21:24:40.466 [FXGL Background Thread 4 ] DEBUG FXGLApplication      - Loading fonts
21:24:40.466 [FXGL Background Thread 1 ] DEBUG FXGLApplication      - Loading default localization
21:24:40.466 [FXGL Background Thread 4 ] DEBUG FXGLAssetLoaderServi - Loading from file system: jar:file:///C:/Users/DELL/.m2/repository/com/github/almasb/fxgl/17.3/fxgl-17.3.jar!/fxglassets/ui/fonts/VarelaRound-Regular.ttf
21:24:40.467 [FXGL Background Thread 1 ] DEBUG FXGLAssetLoaderServi - Loading from file system: jar:file:///C:/Users/DELL/.m2/repository/com/github/almasb/fxgl/17.3/fxgl-17.3.jar!/fxglassets/languages/english.lang
21:24:40.481 [FXGL Background Thread 1 ] INFO  FXGLApplication      - FXGL initialization took: 0.342 sec
21:24:40.495 [JavaFX Application Thread] DEBUG Input                - Registered new binding: action0 - Right
21:24:40.495 [JavaFX Application Thread] DEBUG Input                - Registered new binding: action1 - Left
21:24:40.496 [JavaFX Application Thread] DEBUG Input                - Registered new binding: action2 - D
21:24:40.496 [JavaFX Application Thread] DEBUG Input                - Registered new binding: action3 - R
21:24:40.496 [JavaFX Application Thread] DEBUG FXGLAssetLoaderServi - Loading from file system: jar:file:///C:/Users/DELL/.m2/repository/com/github/almasb/fxgl/17.3/fxgl-17.3.jar!/fxglassets/textures/fxgl_icon.png
21:24:40.500 [FXGL Background Thread 4 ] DEBUG FXGLAssetLoaderServi - Loading from file system: jar:file:///C:/Users/DELL/.m2/repository/com/github/almasb/fxgl/17.3/fxgl-17.3.jar!/fxglassets/ui/fonts/Abel-Regular.ttf
21:24:40.504 [FXGL Background Thread 4 ] DEBUG FXGLAssetLoaderServi - Loading from file system: jar:file:///C:/Users/DELL/.m2/repository/com/github/almasb/fxgl/17.3/fxgl-17.3.jar!/fxglassets/ui/fonts/TerminalLandMono-Regular.otf
21:24:40.507 [FXGL Background Thread 4 ] DEBUG FXGLAssetLoaderServi - Loading from file system: jar:file:///C:/Users/DELL/.m2/repository/com/github/almasb/fxgl/17.3/fxgl-17.3.jar!/fxglassets/ui/fonts/Courier-Prime.ttf
21:24:40.530 [JavaFX Application Thread] DEBUG FXGLAssetLoaderServi - Loading from file system: jar:file:///C:/Users/DELL/.m2/repository/com/github/almasb/fxgl/17.3/fxgl-17.3.jar!/fxglassets/textures/fxgl_default_cursor.png
21:24:40.532 [JavaFX Application Thread] DEBUG Input                - Registered new binding: Screenshot - CTRL+8
21:24:40.532 [JavaFX Application Thread] DEBUG Input                - Registered new binding: System info dump - CTRL+9
21:24:40.534 [JavaFX Application Thread] DEBUG Input                - Registered new binding: Restart - CTRL+R
21:24:40.534 [JavaFX Application Thread] DEBUG Input                - Registered new binding: Toggle Debug Camera - CTRL+7
21:24:40.537 [JavaFX Application Thread] DEBUG LoopRunner           - Starting loop
21:24:40.537 [JavaFX Application Thread] DEBUG LoopRunner           - Initializing JavaFX AnimationTimerLoop
21:24:40.539 [JavaFX Application Thread] DEBUG Input                - Clearing active input actions
21:24:40.550 [JavaFX Application Thread] DEBUG GameApplicationServi - Removing overlay from FXGLStartupScene and adding to FXGLMainMenuDummyScene
21:24:40.551 [JavaFX Application Thread] DEBUG PrimaryStageWindow   - FXGLStartupScene -> FXGLMainMenuDummyScene
21:24:40.551 [JavaFX Application Thread] DEBUG PrimaryStageWindow   - Push state: MainMenu
21:24:40.551 [JavaFX Application Thread] DEBUG Input                - Clearing active input actions
21:24:40.557 [JavaFX Application Thread] DEBUG GameApplicationServi - Removing overlay from FXGLMainMenuDummyScene and adding to MainMenu
21:24:40.558 [JavaFX Application Thread] DEBUG PrimaryStageWindow   - FXGLMainMenuDummyScene -> MainMenu
21:24:40.562 [JavaFX Application Thread] DEBUG FXGLApplication      - Registering font factories with UI factory
21:24:41.013 [FXGL Background Thread 2 ] INFO  UpdaterService       - Your current version:  17.3
21:24:41.013 [FXGL Background Thread 2 ] INFO  UpdaterService       - Latest stable version: 21.1
21:24:43.139 [JavaFX Application Thread] DEBUG Menu                 - fireNewGame()
21:24:43.139 [JavaFX Application Thread] DEBUG GameApplicationServi - Starting new game
21:24:43.139 [JavaFX Application Thread] DEBUG PrimaryStageWindow   - Pop state: MainMenu
21:24:43.139 [JavaFX Application Thread] DEBUG Input                - Clearing active input actions
21:24:43.140 [JavaFX Application Thread] DEBUG GameApplicationServi - Removing overlay from MainMenu and adding to FXGLMainMenuDummyScene
21:24:43.140 [JavaFX Application Thread] DEBUG PrimaryStageWindow   - FXGLMainMenuDummyScene <- MainMenu
21:24:43.140 [JavaFX Application Thread] DEBUG Input                - Clearing active input actions
21:24:43.148 [JavaFX Application Thread] DEBUG GameApplicationServi - Removing overlay from FXGLMainMenuDummyScene and adding to FXGLLoadingScene
21:24:43.148 [JavaFX Application Thread] DEBUG PrimaryStageWindow   - FXGLMainMenuDummyScene -> FXGLLoadingScene
21:24:43.148 [JavaFX Application Thread] DEBUG GameApplicationServi - Clearing previous game
21:24:43.148 [JavaFX Application Thread] DEBUG GameScene            - Clearing game scene
21:24:43.148 [JavaFX Application Thread] DEBUG GameWorld            - Clearing game world
21:24:43.148 [JavaFX Application Thread] DEBUG PhysicsWorld         - Clearing physics world
21:24:43.150 [FXGL Background Thread 2 ] DEBUG FXGLApplication      - Initializing game
21:24:43.229 [FXGL Background Thread 2 ] WARN  Entity               - Entity already has component: com.almasb.fxgl.entity.components.BoundingBoxComponent
21:24:43.259 [FXGL Background Thread 2 ] INFO  FXGLApplication      - Game initialization took: 0.110 sec
21:24:43.261 [JavaFX Application Thread] DEBUG Input                - Clearing active input actions
21:24:43.269 [JavaFX Application Thread] DEBUG GameApplicationServi - Removing overlay from FXGLLoadingScene and adding to GameScene
21:24:43.269 [JavaFX Application Thread] DEBUG PrimaryStageWindow   - FXGLLoadingScene -> GameScene
21:24:43.465 [FXGL Background Thread 3 ] DEBUG Engine               - Logging environment variables
21:24:43.465 [FXGL Background Thread 3 ] DEBUG Engine               - achievements: []
21:24:43.466 [FXGL Background Thread 3 ] DEBUG Engine               - actualHeight: 720.0
21:24:43.466 [FXGL Background Thread 3 ] DEBUG Engine               - actualHeightProperty: ReadOnlyDoubleProperty [value: 720.0]
21:24:43.466 [FXGL Background Thread 3 ] DEBUG Engine               - actualWidth: 960.0
21:24:43.466 [FXGL Background Thread 3 ] DEBUG Engine               - actualWidthProperty: ReadOnlyDoubleProperty [value: 960.0]
21:24:43.466 [FXGL Background Thread 3 ] DEBUG Engine               - appIcon: fxgl_icon.png
21:24:43.466 [FXGL Background Thread 3 ] DEBUG Engine               - applicationMode: DEVELOPER
21:24:43.466 [FXGL Background Thread 3 ] DEBUG Engine               - cSSList: [fxgl_dark.css]
21:24:43.466 [FXGL Background Thread 3 ] DEBUG Engine               - collisionDetectionStrategy: BRUTE_FORCE
21:24:43.466 [FXGL Background Thread 3 ] DEBUG Engine               - configClass: Optional.empty
21:24:43.466 [FXGL Background Thread 3 ] DEBUG Engine               - credits: []
21:24:43.468 [FXGL Background Thread 3 ] DEBUG Engine               - defaultCursor: CursorInfo(imageName=fxgl_default_cursor.png, hotspotX=7.0, hotspotY=6.0)
21:24:43.468 [FXGL Background Thread 3 ] DEBUG Engine               - devBBoxColorProperty: ObjectProperty [value: 0xff0000ff]
21:24:43.468 [FXGL Background Thread 3 ] DEBUG Engine               - devEnableDebugCameraProperty: BooleanProperty [value: false]
21:24:43.468 [FXGL Background Thread 3 ] DEBUG Engine               - devSensorColorProperty: ObjectProperty [value: 0xffff00ff]
21:24:43.468 [FXGL Background Thread 3 ] DEBUG Engine               - devShowBBoxProperty: BooleanProperty [value: false]
21:24:43.468 [FXGL Background Thread 3 ] DEBUG Engine               - devShowPositionProperty: BooleanProperty [value: false]
21:24:43.468 [FXGL Background Thread 3 ] DEBUG Engine               - enabledMenuItems: []
21:24:43.468 [FXGL Background Thread 3 ] DEBUG Engine               - engineServices: [class com.almasb.fxgl.app.services.FXGLAssetLoaderService, class com.almasb.fxgl.app.FXGLApplication$GameApplicationService, class com.almasb.fxgl.app.services.FXGLDialogService, class com.almasb.fxgl.app.services.IOTaskExecutorService, class com.almasb.fxgl.io.FileSystemService, class com.almasb.fxgl.localization.LocalizationService, class com.almasb.fxgl.app.services.SystemBundleService, class com.almasb.fxgl.profile.SaveLoadService, class com.almasb.fxgl.ui.FXGLUIFactoryServiceProvider, class com.almasb.fxgl.ui.FXGLDialogFactoryServiceProvider, class com.almasb.fxgl.audio.AudioPlayer, class com.almasb.fxgl.notification.impl.NotificationServiceProvider, class com.almasb.fxgl.achievement.AchievementService, class com.almasb.fxgl.cutscene.CutsceneService, class com.almasb.fxgl.minigames.MiniGameService, class com.almasb.fxgl.net.NetService, class com.almasb.fxgl.app.services.UpdaterService, class com.almasb.fxgl.dev.DevService]
21:24:43.469 [FXGL Background Thread 3 ] DEBUG Engine               - fontGame: Abel-Regular.ttf
21:24:43.469 [FXGL Background Thread 3 ] DEBUG Engine               - fontMono: TerminalLandMono-Regular.otf
21:24:43.469 [FXGL Background Thread 3 ] DEBUG Engine               - fontSizeScaleUI: 1.0
21:24:43.469 [FXGL Background Thread 3 ] DEBUG Engine               - fontText: Courier-Prime.ttf
21:24:43.469 [FXGL Background Thread 3 ] DEBUG Engine               - fontUI: VarelaRound-Regular.ttf
21:24:43.469 [FXGL Background Thread 3 ] DEBUG Engine               - fullScreen: BooleanProperty [value: false]
21:24:43.469 [FXGL Background Thread 3 ] DEBUG Engine               - gameDifficulty: MEDIUM
21:24:43.469 [FXGL Background Thread 3 ] DEBUG Engine               - gameDifficultyProperty: ObjectProperty [value: MEDIUM]
21:24:43.469 [FXGL Background Thread 3 ] DEBUG Engine               - globalMusicVolume: 0.5
21:24:43.469 [FXGL Background Thread 3 ] DEBUG Engine               - globalMusicVolumeProperty: DoubleProperty [value: 0.5]
21:24:43.469 [FXGL Background Thread 3 ] DEBUG Engine               - globalSoundVolume: 0.5
21:24:43.469 [FXGL Background Thread 3 ] DEBUG Engine               - globalSoundVolumeProperty: DoubleProperty [value: 0.5]
21:24:43.469 [FXGL Background Thread 3 ] DEBUG Engine               - height: 720
21:24:43.469 [FXGL Background Thread 3 ] DEBUG Engine               - is3D: false
21:24:43.469 [FXGL Background Thread 3 ] DEBUG Engine               - isAndroid: false
21:24:43.469 [FXGL Background Thread 3 ] DEBUG Engine               - isBrowser: false
21:24:43.469 [FXGL Background Thread 3 ] DEBUG Engine               - isClickFeedbackEnabled: false
21:24:43.469 [FXGL Background Thread 3 ] DEBUG Engine               - isCloseConfirmation: false
21:24:43.469 [FXGL Background Thread 3 ] DEBUG Engine               - isDesktop: true
21:24:43.469 [FXGL Background Thread 3 ] DEBUG Engine               - isDeveloperMenuEnabled: false
21:24:43.469 [FXGL Background Thread 3 ] DEBUG Engine               - isEmbedded: false
21:24:43.469 [FXGL Background Thread 3 ] DEBUG Engine               - isEntityPreloadEnabled: true
21:24:43.469 [FXGL Background Thread 3 ] DEBUG Engine               - isExperimentalTiledLargeMap: false
21:24:43.469 [FXGL Background Thread 3 ] DEBUG Engine               - isFileSystemWriteAllowed: true
21:24:43.470 [FXGL Background Thread 3 ] DEBUG Engine               - isFullScreenAllowed: false
21:24:43.470 [FXGL Background Thread 3 ] DEBUG Engine               - isFullScreenFromStart: false
21:24:43.470 [FXGL Background Thread 3 ] DEBUG Engine               - isGameMenuEnabled: true
21:24:43.470 [FXGL Background Thread 3 ] DEBUG Engine               - isIOS: false
21:24:43.470 [FXGL Background Thread 3 ] DEBUG Engine               - isIntroEnabled: false
21:24:43.470 [FXGL Background Thread 3 ] DEBUG Engine               - isLinux: false
21:24:43.470 [FXGL Background Thread 3 ] DEBUG Engine               - isMac: false
21:24:43.470 [FXGL Background Thread 3 ] DEBUG Engine               - isMainMenuEnabled: true
21:24:43.470 [FXGL Background Thread 3 ] DEBUG Engine               - isManualResizeEnabled: false
21:24:43.470 [FXGL Background Thread 3 ] DEBUG Engine               - isMobile: false
21:24:43.470 [FXGL Background Thread 3 ] DEBUG Engine               - isNative: false
21:24:43.470 [FXGL Background Thread 3 ] DEBUG Engine               - isPauseMusicWhenMinimized: true
21:24:43.470 [FXGL Background Thread 3 ] DEBUG Engine               - isPreserveResizeRatio: false
21:24:43.470 [FXGL Background Thread 3 ] DEBUG Engine               - isProfilingEnabled: false
21:24:43.470 [FXGL Background Thread 3 ] DEBUG Engine               - isScaleAffectedOnResize: true
21:24:43.470 [FXGL Background Thread 3 ] DEBUG Engine               - isSingleStep: false
21:24:43.470 [FXGL Background Thread 3 ] DEBUG Engine               - isUserProfileEnabled: false
21:24:43.470 [FXGL Background Thread 3 ] DEBUG Engine               - isWindows: true
21:24:43.470 [FXGL Background Thread 3 ] DEBUG Engine               - language: ObjectProperty [value: ENGLISH]
21:24:43.470 [FXGL Background Thread 3 ] DEBUG Engine               - menuKey: ESCAPE
21:24:43.470 [FXGL Background Thread 3 ] DEBUG Engine               - mouseSensitivity: 0.2
21:24:43.470 [FXGL Background Thread 3 ] DEBUG Engine               - notificationViewClass: class com.almasb.fxgl.notification.view.XboxNotificationView
21:24:43.470 [FXGL Background Thread 3 ] DEBUG Engine               - pixelsPerMeter: 50.0
21:24:43.470 [FXGL Background Thread 3 ] DEBUG Engine               - platform: WINDOWS
21:24:43.470 [FXGL Background Thread 3 ] DEBUG Engine               - prefHeightProperty: ReadOnlyDoubleProperty [value: 720.0]
21:24:43.470 [FXGL Background Thread 3 ] DEBUG Engine               - prefWidthProperty: ReadOnlyDoubleProperty [value: 960.0]
21:24:43.471 [FXGL Background Thread 3 ] DEBUG Engine               - profileDir: profiles/
21:24:43.471 [FXGL Background Thread 3 ] DEBUG Engine               - profileName: StringProperty [value: DEFAULT]
21:24:43.471 [FXGL Background Thread 3 ] DEBUG Engine               - randomSeed: -1
21:24:43.471 [FXGL Background Thread 3 ] DEBUG Engine               - runtimeInfo: RuntimeInfo(platform=WINDOWS, version=17.3, build=30.03.2023 11.49)
21:24:43.471 [FXGL Background Thread 3 ] DEBUG Engine               - saveFileExt: sav
21:24:43.471 [FXGL Background Thread 3 ] DEBUG Engine               - scaledHeightProp$fxgl: DoubleProperty [bound, value: 720.0]
21:24:43.471 [FXGL Background Thread 3 ] DEBUG Engine               - scaledWidthProp$fxgl: DoubleProperty [bound, value: 960.0]
21:24:43.471 [FXGL Background Thread 3 ] DEBUG Engine               - sceneFactory: view.GeneralInit$1@36a44060
21:24:43.471 [FXGL Background Thread 3 ] DEBUG Engine               - secondsIn24h: 60
21:24:43.471 [FXGL Background Thread 3 ] DEBUG Engine               - soundMenuBack: menu/back.wav
21:24:43.471 [FXGL Background Thread 3 ] DEBUG Engine               - soundMenuPress: menu/press.wav
21:24:43.471 [FXGL Background Thread 3 ] DEBUG Engine               - soundMenuSelect: menu/select.wav
21:24:43.471 [FXGL Background Thread 3 ] DEBUG Engine               - soundNotification: core/notification.wav
21:24:43.471 [FXGL Background Thread 3 ] DEBUG Engine               - stageStyle: DECORATED
21:24:43.471 [FXGL Background Thread 3 ] DEBUG Engine               - supportedLanguages: [ENGLISH, FRENCH, GERMAN, HUNGARIAN, RUSSIAN]
21:24:43.471 [FXGL Background Thread 3 ] DEBUG Engine               - ticksPerSecond: -1
21:24:43.471 [FXGL Background Thread 3 ] DEBUG Engine               - title: Akanov-an225
21:24:43.471 [FXGL Background Thread 3 ] DEBUG Engine               - urlGithub: https://github.com/AlmasB/FXGL
21:24:43.471 [FXGL Background Thread 3 ] DEBUG Engine               - urlLeaderboard: http://fxgl-top.herokuapp.com/
21:24:43.471 [FXGL Background Thread 3 ] DEBUG Engine               - urlPOM: https://raw.githubusercontent.com/AlmasB/FXGL/release/README.md
21:24:43.471 [FXGL Background Thread 3 ] DEBUG Engine               - userAppClass: class view.Launch
21:24:43.472 [FXGL Background Thread 3 ] DEBUG Engine               - version: 0.2
21:24:43.472 [FXGL Background Thread 3 ] DEBUG Engine               - versionCheckDays: 7
21:24:43.472 [FXGL Background Thread 3 ] DEBUG Engine               - width: 960
21:24:43.472 [FXGL Background Thread 3 ] DEBUG Engine               - Logging services
21:24:43.472 [FXGL Background Thread 3 ] DEBUG Engine               - class com.almasb.fxgl.app.services.FXGLAssetLoaderService
21:24:43.472 [FXGL Background Thread 3 ] DEBUG Engine               - class com.almasb.fxgl.app.FXGLApplication$GameApplicationService
21:24:43.472 [FXGL Background Thread 3 ] DEBUG Engine               - class com.almasb.fxgl.app.services.FXGLDialogService
21:24:43.472 [FXGL Background Thread 3 ] DEBUG Engine               - class com.almasb.fxgl.app.services.IOTaskExecutorService
21:24:43.472 [FXGL Background Thread 3 ] DEBUG Engine               - class com.almasb.fxgl.io.FileSystemService
21:24:43.472 [FXGL Background Thread 3 ] DEBUG Engine               - class com.almasb.fxgl.localization.LocalizationService
21:24:43.472 [FXGL Background Thread 3 ] DEBUG Engine               - class com.almasb.fxgl.app.services.SystemBundleService
21:24:43.472 [FXGL Background Thread 3 ] DEBUG Engine               - class com.almasb.fxgl.profile.SaveLoadService
21:24:43.472 [FXGL Background Thread 3 ] DEBUG Engine               - class com.almasb.fxgl.ui.FXGLUIFactoryServiceProvider
21:24:43.472 [FXGL Background Thread 3 ] DEBUG Engine               - class com.almasb.fxgl.ui.FXGLDialogFactoryServiceProvider
21:24:43.472 [FXGL Background Thread 3 ] DEBUG Engine               - class com.almasb.fxgl.audio.AudioPlayer
21:24:43.472 [FXGL Background Thread 3 ] DEBUG Engine               - class com.almasb.fxgl.notification.impl.NotificationServiceProvider
21:24:43.472 [FXGL Background Thread 3 ] DEBUG Engine               - class com.almasb.fxgl.achievement.AchievementService
21:24:43.472 [FXGL Background Thread 3 ] DEBUG Engine               - class com.almasb.fxgl.cutscene.CutsceneService
21:24:43.472 [FXGL Background Thread 3 ] DEBUG Engine               - class com.almasb.fxgl.minigames.MiniGameService
21:24:43.473 [FXGL Background Thread 3 ] DEBUG Engine               - class com.almasb.fxgl.net.NetService
21:24:43.473 [FXGL Background Thread 3 ] DEBUG Engine               - class com.almasb.fxgl.app.services.UpdaterService
21:24:43.473 [FXGL Background Thread 3 ] DEBUG Engine               - class com.almasb.fxgl.dev.DevService
21:25:09.238 [JavaFX Application Thread] DEBUG FXGLApplication      - Exiting FXGL
21:25:09.238 [JavaFX Application Thread] DEBUG LoopRunner           - Stopping loop
21:25:09.238 [JavaFX Application Thread] DEBUG SystemBundleService  - Saving FXGL system data
21:25:09.241 [JavaFX Application Thread] DEBUG FileSystemAccess     - Writing to: D:\akanov-an225\system\fxgl.bundle
21:25:09.243 [JavaFX Application Thread] DEBUG Async                - Shutting down background threads
21:25:09.243 [JavaFX Application Thread] DEBUG PrimaryStageWindow   - Closing main window
21:25:09.257 [JavaFX Application Thread] DEBUG Logger               - Closing Logger
