16:20:35.758 [main                     ] DEBUG Logger               - Configured Logger
16:20:35.767 [main                     ] DEBUG GameApplication      - Logging settings
Title: Akanov-an225
Version: 0.2
Width: 960
Height: 720
Fullscreen: false
Intro: false
Profiling: false
Single step:false
App Mode: DEVELOPER
Menu Key: ESCAPE
Stage Style: DECORATED
Scene Factory: class com.almasb.fxgl.app.scene.SceneFactory

16:20:36.171 [JavaFX Application Thread] DEBUG FXGLApplication      - Initializing FXGL
16:20:36.175 [JavaFX Application Thread] INFO  Engine               - FXGL-17.3 (30.03.2023 11.49) on WINDOWS (J:24.0.2 FX:21.0.6)
16:20:36.176 [JavaFX Application Thread] DEBUG Engine               - JRE Vendor Name: Oracle Corporation
16:20:36.176 [JavaFX Application Thread] DEBUG Engine               - Running on OS: Windows 11 version 10.0
16:20:36.176 [JavaFX Application Thread] DEBUG Engine               - Architecture: amd64
16:20:36.176 [JavaFX Application Thread] INFO  Engine               - Source code and latest versions at: https://github.com/AlmasB/FXGL
16:20:36.176 [JavaFX Application Thread] INFO  Engine               -       Ask questions and discuss at: https://github.com/AlmasB/FXGL/discussions
16:20:36.176 [JavaFX Application Thread] INFO  Engine               -              Join the FXGL chat at: https://gitter.im/AlmasB/FXGL
16:20:36.252 [JavaFX Application Thread] DEBUG PrimaryStageWindow   - Creating a JavaFX scene
16:20:36.298 [JavaFX Application Thread] DEBUG PrimaryStageWindow   - Target settings size: 960.0 x 720.0
16:20:36.298 [JavaFX Application Thread] DEBUG PrimaryStageWindow   - Scaled scene size:    960.0 x 720.0
16:20:36.298 [JavaFX Application Thread] DEBUG PrimaryStageWindow   - Scaled ratio: (1.0, 1.0)
16:20:36.299 [JavaFX Application Thread] DEBUG PrimaryStageWindow   - Set initial scene to FXGLStartupScene
16:20:36.302 [JavaFX Application Thread] DEBUG PrimaryStageWindow   - Opening main window
16:20:36.402 [JavaFX Application Thread] DEBUG PrimaryStageWindow   - Window border size: (13.823974609375, 37.24798583984375)
16:20:36.403 [JavaFX Application Thread] DEBUG PrimaryStageWindow   - Scaled size: 960.0 x 720.0
16:20:36.403 [JavaFX Application Thread] DEBUG PrimaryStageWindow   - Scaled ratio: (1.0, 1.0)
16:20:36.404 [JavaFX Application Thread] DEBUG PrimaryStageWindow   - Scene size: 960.0 x 720.0
16:20:36.404 [JavaFX Application Thread] DEBUG PrimaryStageWindow   - Stage size: 973.823974609375 x 757.2479858398438
16:20:36.416 [FXGL Background Thread 1 ] DEBUG Engine               - Initializing environment variables
16:20:36.486 [FXGL Background Thread 1 ] DEBUG FXGLAssetLoaderServi - User app class for loading assets: class view.Launch
16:20:36.486 [FXGL Background Thread 1 ] DEBUG GameApplicationServi - Applying CSS: fxgl_dark.css
16:20:36.487 [FXGL Background Thread 1 ] DEBUG FXGLAssetLoaderServi - Loading from file system: jar:file:///C:/Users/Tuanngth/.m2/repository/com/github/almasb/fxgl/17.3/fxgl-17.3.jar!/fxglassets/ui/css/fxgl_dark.css
16:20:36.543 [FXGL Background Thread 1 ] DEBUG GameApplicationServi - Initializing application scenes
16:20:36.595 [FXGL Background Thread 1 ] DEBUG GameWorld            - Game world initialized
16:20:36.656 [FXGL Background Thread 1 ] DEBUG PhysicsWorld         - Physics world initialized: appHeight=720, physics.ppm=50,0
16:20:36.656 [FXGL Background Thread 1 ] DEBUG PhysicsWorld         - Using strategy: BRUTE_FORCE
16:20:36.659 [FXGL Background Thread 1 ] DEBUG GameScene            - Game scene initialized: 960x720
16:20:36.671 [FXGL Background Thread 1 ] DEBUG FXGL.DefaultMenu     - createMenuBodyGameMenu()
16:20:36.684 [FXGL Background Thread 1 ] DEBUG FXGL.DefaultMenu     - createOptionsMenu()
16:20:36.695 [FXGL Background Thread 1 ] DEBUG FXGLAssetLoaderServi - Loading from file system: jar:file:///C:/Users/Tuanngth/.m2/repository/com/github/almasb/fxgl/17.3/fxgl-17.3.jar!/fxglassets/textures/particles/smoke.png
16:20:36.779 [FXGL Background Thread 1 ] DEBUG FXGLAssetLoaderServi - Loading from file system: jar:file:///C:/Users/Tuanngth/.m2/repository/com/github/almasb/fxgl/17.3/fxgl-17.3.jar!/fxglassets/textures/particles/trace_horizontal.png
16:20:36.800 [FXGL Background Thread 1 ] DEBUG GameApplicationServi - Application scenes initialized
16:20:36.809 [FXGL Background Thread 1 ] DEBUG SystemBundleService  - Loading FXGL system data
16:20:36.814 [FXGL Background Thread 1 ] DEBUG FileSystemAccess     - Reading from: C:\Users\Tuanngth\Desktop\akanov-an225-huy\system\fxgl.bundle
16:20:36.819 [FXGL Background Thread 1 ] DEBUG SystemBundleService  - Bundle FXGL: {}
16:20:36.819 [FXGL Background Thread 1 ] DEBUG UpdaterService       - Checking for updates
16:20:36.823 [FXGL Background Thread 4 ] DEBUG FXGLApplication      - Loading fonts
16:20:36.824 [FXGL Background Thread 1 ] DEBUG FXGLApplication      - Loading default localization
16:20:36.824 [FXGL Background Thread 1 ] DEBUG FXGLAssetLoaderServi - Loading from file system: jar:file:///C:/Users/Tuanngth/.m2/repository/com/github/almasb/fxgl/17.3/fxgl-17.3.jar!/fxglassets/languages/english.lang
16:20:36.824 [FXGL Background Thread 4 ] DEBUG FXGLAssetLoaderServi - Loading from file system: jar:file:///C:/Users/Tuanngth/.m2/repository/com/github/almasb/fxgl/17.3/fxgl-17.3.jar!/fxglassets/ui/fonts/VarelaRound-Regular.ttf
16:20:36.864 [FXGL Background Thread 1 ] INFO  FXGLApplication      - FXGL initialization took: 0,449 sec
16:20:36.868 [FXGL Background Thread 4 ] DEBUG FXGLAssetLoaderServi - Loading from file system: jar:file:///C:/Users/Tuanngth/.m2/repository/com/github/almasb/fxgl/17.3/fxgl-17.3.jar!/fxglassets/ui/fonts/Abel-Regular.ttf
16:20:36.872 [FXGL Background Thread 4 ] DEBUG FXGLAssetLoaderServi - Loading from file system: jar:file:///C:/Users/Tuanngth/.m2/repository/com/github/almasb/fxgl/17.3/fxgl-17.3.jar!/fxglassets/ui/fonts/TerminalLandMono-Regular.otf
16:20:36.873 [JavaFX Application Thread] DEBUG Input                - Registered new binding: action0 - Right
16:20:36.874 [JavaFX Application Thread] DEBUG Input                - Registered new binding: action1 - Left
16:20:36.875 [JavaFX Application Thread] DEBUG Input                - Registered new binding: action2 - D
16:20:36.875 [FXGL Background Thread 4 ] DEBUG FXGLAssetLoaderServi - Loading from file system: jar:file:///C:/Users/Tuanngth/.m2/repository/com/github/almasb/fxgl/17.3/fxgl-17.3.jar!/fxglassets/ui/fonts/Courier-Prime.ttf
16:20:36.876 [JavaFX Application Thread] DEBUG FXGLAssetLoaderServi - Loading from file system: jar:file:///C:/Users/Tuanngth/.m2/repository/com/github/almasb/fxgl/17.3/fxgl-17.3.jar!/fxglassets/textures/fxgl_icon.png
16:20:36.898 [JavaFX Application Thread] DEBUG FXGLAssetLoaderServi - Loading from file system: jar:file:///C:/Users/Tuanngth/.m2/repository/com/github/almasb/fxgl/17.3/fxgl-17.3.jar!/fxglassets/textures/fxgl_default_cursor.png
16:20:36.902 [JavaFX Application Thread] DEBUG Input                - Registered new binding: Screenshot - CTRL+8
16:20:36.903 [JavaFX Application Thread] DEBUG Input                - Registered new binding: System info dump - CTRL+9
16:20:36.903 [JavaFX Application Thread] DEBUG Input                - Registered new binding: Restart - CTRL+R
16:20:36.904 [JavaFX Application Thread] DEBUG Input                - Registered new binding: Toggle Debug Camera - CTRL+7
16:20:36.912 [JavaFX Application Thread] DEBUG LoopRunner           - Starting loop
16:20:36.912 [JavaFX Application Thread] DEBUG LoopRunner           - Initializing JavaFX AnimationTimerLoop
16:20:36.916 [JavaFX Application Thread] DEBUG GameApplicationServi - Starting new game
16:20:36.917 [JavaFX Application Thread] DEBUG Input                - Clearing active input actions
16:20:36.930 [JavaFX Application Thread] DEBUG GameApplicationServi - Removing overlay from FXGLStartupScene and adding to FXGLLoadingScene
16:20:36.931 [JavaFX Application Thread] DEBUG PrimaryStageWindow   - FXGLStartupScene -> FXGLLoadingScene
16:20:36.931 [JavaFX Application Thread] DEBUG GameApplicationServi - Clearing previous game
16:20:36.931 [JavaFX Application Thread] DEBUG GameScene            - Clearing game scene
16:20:36.931 [JavaFX Application Thread] DEBUG GameWorld            - Clearing game world
16:20:36.931 [JavaFX Application Thread] DEBUG PhysicsWorld         - Clearing physics world
16:20:36.933 [FXGL Background Thread 4 ] DEBUG FXGLApplication      - Initializing game
16:20:36.933 [JavaFX Application Thread] DEBUG FXGLApplication      - Registering font factories with UI factory
16:20:36.938 [FXGL Background Thread 4 ] WARN  Entity               - Entity already has component: com.almasb.fxgl.entity.components.BoundingBoxComponent
16:20:37.013 [FXGL Background Thread 4 ] INFO  FXGLApplication      - Game initialization took: 0,079 sec
16:20:37.014 [JavaFX Application Thread] DEBUG Input                - Clearing active input actions
16:20:37.027 [JavaFX Application Thread] DEBUG GameApplicationServi - Removing overlay from FXGLLoadingScene and adding to GameScene
16:20:37.027 [JavaFX Application Thread] DEBUG PrimaryStageWindow   - FXGLLoadingScene -> GameScene
16:20:37.729 [FXGL Background Thread 2 ] INFO  UpdaterService       - Your current version:  17.3
16:20:37.729 [FXGL Background Thread 2 ] INFO  UpdaterService       - Latest stable version: 21.1
16:20:39.288 [JavaFX Application Thread] DEBUG FXGLApplication      - Exiting FXGL
16:20:39.289 [JavaFX Application Thread] DEBUG LoopRunner           - Stopping loop
16:20:39.289 [JavaFX Application Thread] DEBUG SystemBundleService  - Saving FXGL system data
16:20:39.293 [JavaFX Application Thread] DEBUG FileSystemAccess     - Writing to: C:\Users\Tuanngth\Desktop\akanov-an225-huy\system\fxgl.bundle
16:20:39.296 [JavaFX Application Thread] DEBUG Async                - Shutting down background threads
16:20:39.296 [JavaFX Application Thread] DEBUG PrimaryStageWindow   - Closing main window
16:20:39.332 [JavaFX Application Thread] DEBUG Logger               - Closing Logger
