20:23:06.972 [main                     ] DEBUG Logger               - Configured Logger
20:23:06.980 [main                     ] DEBUG GameApplication      - Logging settings
Title: Akanov-an225
Version: 0.2
Width: 960
Height: 720
Fullscreen: false
Intro: false
Profiling: false
Single step:false
App Mode: DEVELOPER
Menu Key: ESCAPE
Stage Style: DECORATED
Scene Factory: class view.GeneralInit$1

20:23:07.436 [JavaFX Application Thread] DEBUG FXGLApplication      - Initializing FXGL
20:23:07.440 [JavaFX Application Thread] INFO  Engine               - FXGL-17.3 (30.03.2023 11.49) on WINDOWS (J:24.0.2 FX:21.0.6)
20:23:07.440 [JavaFX Application Thread] DEBUG Engine               - JRE Vendor Name: Oracle Corporation
20:23:07.440 [JavaFX Application Thread] DEBUG Engine               - Running on OS: Windows 11 version 10.0
20:23:07.440 [JavaFX Application Thread] DEBUG Engine               - Architecture: amd64
20:23:07.441 [JavaFX Application Thread] INFO  Engine               - Source code and latest versions at: https://github.com/AlmasB/FXGL
20:23:07.441 [JavaFX Application Thread] INFO  Engine               -       Ask questions and discuss at: https://github.com/AlmasB/FXGL/discussions
20:23:07.441 [JavaFX Application Thread] INFO  Engine               -              Join the FXGL chat at: https://gitter.im/AlmasB/FXGL
20:23:07.552 [JavaFX Application Thread] DEBUG PrimaryStageWindow   - Creating a JavaFX scene
20:23:07.609 [JavaFX Application Thread] DEBUG PrimaryStageWindow   - Target settings size: 960.0 x 720.0
20:23:07.609 [JavaFX Application Thread] DEBUG PrimaryStageWindow   - Scaled scene size:    960.0 x 720.0
20:23:07.609 [JavaFX Application Thread] DEBUG PrimaryStageWindow   - Scaled ratio: (1.0, 1.0)
20:23:07.610 [JavaFX Application Thread] DEBUG PrimaryStageWindow   - Set initial scene to FXGLStartupScene
20:23:07.614 [JavaFX Application Thread] DEBUG PrimaryStageWindow   - Opening main window
20:23:07.732 [JavaFX Application Thread] DEBUG PrimaryStageWindow   - Window border size: (14.66668701171875, 37.33331298828125)
20:23:07.732 [JavaFX Application Thread] DEBUG PrimaryStageWindow   - Scaled size: 960.0 x 720.0
20:23:07.732 [JavaFX Application Thread] DEBUG PrimaryStageWindow   - Scaled ratio: (1.0, 1.0)
20:23:07.732 [JavaFX Application Thread] DEBUG PrimaryStageWindow   - Scene size: 960.0 x 720.0
20:23:07.732 [JavaFX Application Thread] DEBUG PrimaryStageWindow   - Stage size: 974.6666870117188 x 757.3333129882812
20:23:07.744 [FXGL Background Thread 1 ] DEBUG Engine               - Initializing environment variables
20:23:07.813 [FXGL Background Thread 1 ] DEBUG FXGLAssetLoaderServi - User app class for loading assets: class view.Launch
20:23:07.813 [FXGL Background Thread 1 ] DEBUG GameApplicationServi - Applying CSS: fxgl_dark.css
20:23:07.814 [FXGL Background Thread 1 ] DEBUG FXGLAssetLoaderServi - Loading from file system: jar:file:///C:/Users/DELL/.m2/repository/com/github/almasb/fxgl/17.3/fxgl-17.3.jar!/fxglassets/ui/css/fxgl_dark.css
20:23:07.864 [FXGL Background Thread 1 ] DEBUG GameApplicationServi - Initializing application scenes
20:23:07.915 [FXGL Background Thread 1 ] DEBUG GameWorld            - Game world initialized
20:23:07.979 [FXGL Background Thread 1 ] DEBUG PhysicsWorld         - Physics world initialized: appHeight=720, physics.ppm=50.0
20:23:07.979 [FXGL Background Thread 1 ] DEBUG PhysicsWorld         - Using strategy: BRUTE_FORCE
20:23:07.982 [FXGL Background Thread 1 ] DEBUG GameScene            - Game scene initialized: 960x720
20:23:08.082 [FXGL Background Thread 1 ] DEBUG GameApplicationServi - Application scenes initialized
20:23:08.091 [FXGL Background Thread 1 ] DEBUG SystemBundleService  - Loading FXGL system data
20:23:08.094 [FXGL Background Thread 1 ] DEBUG FileSystemAccess     - Reading from: D:\akanov-an225\system\fxgl.bundle
20:23:08.103 [FXGL Background Thread 1 ] DEBUG SystemBundleService  - Bundle FXGL: {}
20:23:08.103 [FXGL Background Thread 1 ] DEBUG UpdaterService       - Checking for updates
20:23:08.108 [FXGL Background Thread 4 ] DEBUG FXGLApplication      - Loading fonts
20:23:08.108 [FXGL Background Thread 4 ] DEBUG FXGLAssetLoaderServi - Loading from file system: jar:file:///C:/Users/DELL/.m2/repository/com/github/almasb/fxgl/17.3/fxgl-17.3.jar!/fxglassets/ui/fonts/VarelaRound-Regular.ttf
20:23:08.108 [FXGL Background Thread 1 ] DEBUG FXGLApplication      - Loading default localization
20:23:08.108 [FXGL Background Thread 1 ] DEBUG FXGLAssetLoaderServi - Loading from file system: jar:file:///C:/Users/DELL/.m2/repository/com/github/almasb/fxgl/17.3/fxgl-17.3.jar!/fxglassets/languages/english.lang
20:23:08.129 [FXGL Background Thread 1 ] INFO  FXGLApplication      - FXGL initialization took: 0.386 sec
20:23:08.141 [JavaFX Application Thread] DEBUG Input                - Registered new binding: action0 - Right
20:23:08.142 [JavaFX Application Thread] DEBUG Input                - Registered new binding: action1 - Left
20:23:08.142 [JavaFX Application Thread] DEBUG Input                - Registered new binding: action2 - D
20:23:08.143 [JavaFX Application Thread] DEBUG Input                - Registered new binding: action3 - R
20:23:08.143 [JavaFX Application Thread] DEBUG FXGLAssetLoaderServi - Loading from file system: jar:file:///C:/Users/DELL/.m2/repository/com/github/almasb/fxgl/17.3/fxgl-17.3.jar!/fxglassets/textures/fxgl_icon.png
20:23:08.151 [FXGL Background Thread 4 ] DEBUG FXGLAssetLoaderServi - Loading from file system: jar:file:///C:/Users/DELL/.m2/repository/com/github/almasb/fxgl/17.3/fxgl-17.3.jar!/fxglassets/ui/fonts/Abel-Regular.ttf
20:23:08.154 [FXGL Background Thread 4 ] DEBUG FXGLAssetLoaderServi - Loading from file system: jar:file:///C:/Users/DELL/.m2/repository/com/github/almasb/fxgl/17.3/fxgl-17.3.jar!/fxglassets/ui/fonts/TerminalLandMono-Regular.otf
20:23:08.158 [FXGL Background Thread 4 ] DEBUG FXGLAssetLoaderServi - Loading from file system: jar:file:///C:/Users/DELL/.m2/repository/com/github/almasb/fxgl/17.3/fxgl-17.3.jar!/fxglassets/ui/fonts/Courier-Prime.ttf
20:23:08.177 [JavaFX Application Thread] DEBUG FXGLAssetLoaderServi - Loading from file system: jar:file:///C:/Users/DELL/.m2/repository/com/github/almasb/fxgl/17.3/fxgl-17.3.jar!/fxglassets/textures/fxgl_default_cursor.png
20:23:08.180 [JavaFX Application Thread] DEBUG Input                - Registered new binding: Screenshot - CTRL+8
20:23:08.181 [JavaFX Application Thread] DEBUG Input                - Registered new binding: System info dump - CTRL+9
20:23:08.181 [JavaFX Application Thread] DEBUG Input                - Registered new binding: Restart - CTRL+R
20:23:08.182 [JavaFX Application Thread] DEBUG Input                - Registered new binding: Toggle Debug Camera - CTRL+7
20:23:08.184 [JavaFX Application Thread] DEBUG LoopRunner           - Starting loop
20:23:08.184 [JavaFX Application Thread] DEBUG LoopRunner           - Initializing JavaFX AnimationTimerLoop
20:23:08.187 [JavaFX Application Thread] DEBUG Input                - Clearing active input actions
20:23:08.196 [JavaFX Application Thread] DEBUG GameApplicationServi - Removing overlay from FXGLStartupScene and adding to FXGLMainMenuDummyScene
20:23:08.197 [JavaFX Application Thread] DEBUG PrimaryStageWindow   - FXGLStartupScene -> FXGLMainMenuDummyScene
20:23:08.197 [JavaFX Application Thread] DEBUG PrimaryStageWindow   - Push state: MainMenu
20:23:08.198 [JavaFX Application Thread] DEBUG Input                - Clearing active input actions
20:23:08.205 [JavaFX Application Thread] DEBUG GameApplicationServi - Removing overlay from FXGLMainMenuDummyScene and adding to MainMenu
20:23:08.205 [JavaFX Application Thread] DEBUG PrimaryStageWindow   - FXGLMainMenuDummyScene -> MainMenu
20:23:08.205 [JavaFX Application Thread] DEBUG FXGLApplication      - Registering font factories with UI factory
20:23:08.881 [FXGL Background Thread 2 ] INFO  UpdaterService       - Your current version:  17.3
20:23:08.881 [FXGL Background Thread 2 ] INFO  UpdaterService       - Latest stable version: 21.1
20:23:10.641 [JavaFX Application Thread] DEBUG Menu                 - fireNewGame()
20:23:10.641 [JavaFX Application Thread] DEBUG GameApplicationServi - Starting new game
20:23:10.641 [JavaFX Application Thread] DEBUG PrimaryStageWindow   - Pop state: MainMenu
20:23:10.641 [JavaFX Application Thread] DEBUG Input                - Clearing active input actions
20:23:10.642 [JavaFX Application Thread] DEBUG GameApplicationServi - Removing overlay from MainMenu and adding to FXGLMainMenuDummyScene
20:23:10.642 [JavaFX Application Thread] DEBUG PrimaryStageWindow   - FXGLMainMenuDummyScene <- MainMenu
20:23:10.642 [JavaFX Application Thread] DEBUG Input                - Clearing active input actions
20:23:10.647 [JavaFX Application Thread] DEBUG GameApplicationServi - Removing overlay from FXGLMainMenuDummyScene and adding to FXGLLoadingScene
20:23:10.647 [JavaFX Application Thread] DEBUG PrimaryStageWindow   - FXGLMainMenuDummyScene -> FXGLLoadingScene
20:23:10.647 [JavaFX Application Thread] DEBUG GameApplicationServi - Clearing previous game
20:23:10.647 [JavaFX Application Thread] DEBUG GameScene            - Clearing game scene
20:23:10.647 [JavaFX Application Thread] DEBUG GameWorld            - Clearing game world
20:23:10.647 [JavaFX Application Thread] DEBUG PhysicsWorld         - Clearing physics world
20:23:10.649 [FXGL Background Thread 2 ] DEBUG FXGLApplication      - Initializing game
20:23:10.746 [FXGL Background Thread 2 ] WARN  Entity               - Entity already has component: com.almasb.fxgl.entity.components.BoundingBoxComponent
20:23:10.778 [FXGL Background Thread 2 ] INFO  FXGLApplication      - Game initialization took: 0.130 sec
20:23:10.778 [JavaFX Application Thread] DEBUG Input                - Clearing active input actions
20:23:10.789 [JavaFX Application Thread] DEBUG GameApplicationServi - Removing overlay from FXGLLoadingScene and adding to GameScene
20:23:10.789 [JavaFX Application Thread] DEBUG PrimaryStageWindow   - FXGLLoadingScene -> GameScene
20:23:11.107 [FXGL Background Thread 3 ] DEBUG Engine               - Logging environment variables
20:23:11.107 [FXGL Background Thread 3 ] DEBUG Engine               - achievements: []
20:23:11.107 [FXGL Background Thread 3 ] DEBUG Engine               - actualHeight: 720.0
20:23:11.107 [FXGL Background Thread 3 ] DEBUG Engine               - actualHeightProperty: ReadOnlyDoubleProperty [value: 720.0]
20:23:11.107 [FXGL Background Thread 3 ] DEBUG Engine               - actualWidth: 960.0
20:23:11.107 [FXGL Background Thread 3 ] DEBUG Engine               - actualWidthProperty: ReadOnlyDoubleProperty [value: 960.0]
20:23:11.107 [FXGL Background Thread 3 ] DEBUG Engine               - appIcon: fxgl_icon.png
20:23:11.107 [FXGL Background Thread 3 ] DEBUG Engine               - applicationMode: DEVELOPER
20:23:11.107 [FXGL Background Thread 3 ] DEBUG Engine               - cSSList: [fxgl_dark.css]
20:23:11.107 [FXGL Background Thread 3 ] DEBUG Engine               - collisionDetectionStrategy: BRUTE_FORCE
20:23:11.108 [FXGL Background Thread 3 ] DEBUG Engine               - configClass: Optional.empty
20:23:11.108 [FXGL Background Thread 3 ] DEBUG Engine               - credits: []
20:23:11.109 [FXGL Background Thread 3 ] DEBUG Engine               - defaultCursor: CursorInfo(imageName=fxgl_default_cursor.png, hotspotX=7.0, hotspotY=6.0)
20:23:11.110 [FXGL Background Thread 3 ] DEBUG Engine               - devBBoxColorProperty: ObjectProperty [value: 0xff0000ff]
20:23:11.110 [FXGL Background Thread 3 ] DEBUG Engine               - devEnableDebugCameraProperty: BooleanProperty [value: false]
20:23:11.110 [FXGL Background Thread 3 ] DEBUG Engine               - devSensorColorProperty: ObjectProperty [value: 0xffff00ff]
20:23:11.110 [FXGL Background Thread 3 ] DEBUG Engine               - devShowBBoxProperty: BooleanProperty [value: false]
20:23:11.110 [FXGL Background Thread 3 ] DEBUG Engine               - devShowPositionProperty: BooleanProperty [value: false]
20:23:11.110 [FXGL Background Thread 3 ] DEBUG Engine               - enabledMenuItems: []
20:23:11.110 [FXGL Background Thread 3 ] DEBUG Engine               - engineServices: [class com.almasb.fxgl.app.services.FXGLAssetLoaderService, class com.almasb.fxgl.app.FXGLApplication$GameApplicationService, class com.almasb.fxgl.app.services.FXGLDialogService, class com.almasb.fxgl.app.services.IOTaskExecutorService, class com.almasb.fxgl.io.FileSystemService, class com.almasb.fxgl.localization.LocalizationService, class com.almasb.fxgl.app.services.SystemBundleService, class com.almasb.fxgl.profile.SaveLoadService, class com.almasb.fxgl.ui.FXGLUIFactoryServiceProvider, class com.almasb.fxgl.ui.FXGLDialogFactoryServiceProvider, class com.almasb.fxgl.audio.AudioPlayer, class com.almasb.fxgl.notification.impl.NotificationServiceProvider, class com.almasb.fxgl.achievement.AchievementService, class com.almasb.fxgl.cutscene.CutsceneService, class com.almasb.fxgl.minigames.MiniGameService, class com.almasb.fxgl.net.NetService, class com.almasb.fxgl.app.services.UpdaterService, class com.almasb.fxgl.dev.DevService]
20:23:11.110 [FXGL Background Thread 3 ] DEBUG Engine               - fontGame: Abel-Regular.ttf
20:23:11.110 [FXGL Background Thread 3 ] DEBUG Engine               - fontMono: TerminalLandMono-Regular.otf
20:23:11.110 [FXGL Background Thread 3 ] DEBUG Engine               - fontSizeScaleUI: 1.0
20:23:11.110 [FXGL Background Thread 3 ] DEBUG Engine               - fontText: Courier-Prime.ttf
20:23:11.110 [FXGL Background Thread 3 ] DEBUG Engine               - fontUI: VarelaRound-Regular.ttf
20:23:11.110 [FXGL Background Thread 3 ] DEBUG Engine               - fullScreen: BooleanProperty [value: false]
20:23:11.110 [FXGL Background Thread 3 ] DEBUG Engine               - gameDifficulty: MEDIUM
20:23:11.110 [FXGL Background Thread 3 ] DEBUG Engine               - gameDifficultyProperty: ObjectProperty [value: MEDIUM]
20:23:11.110 [FXGL Background Thread 3 ] DEBUG Engine               - globalMusicVolume: 0.5
20:23:11.110 [FXGL Background Thread 3 ] DEBUG Engine               - globalMusicVolumeProperty: DoubleProperty [value: 0.5]
20:23:11.110 [FXGL Background Thread 3 ] DEBUG Engine               - globalSoundVolume: 0.5
20:23:11.110 [FXGL Background Thread 3 ] DEBUG Engine               - globalSoundVolumeProperty: DoubleProperty [value: 0.5]
20:23:11.110 [FXGL Background Thread 3 ] DEBUG Engine               - height: 720
20:23:11.110 [FXGL Background Thread 3 ] DEBUG Engine               - is3D: false
20:23:11.110 [FXGL Background Thread 3 ] DEBUG Engine               - isAndroid: false
20:23:11.110 [FXGL Background Thread 3 ] DEBUG Engine               - isBrowser: false
20:23:11.110 [FXGL Background Thread 3 ] DEBUG Engine               - isClickFeedbackEnabled: false
20:23:11.111 [FXGL Background Thread 3 ] DEBUG Engine               - isCloseConfirmation: false
20:23:11.111 [FXGL Background Thread 3 ] DEBUG Engine               - isDesktop: true
20:23:11.111 [FXGL Background Thread 3 ] DEBUG Engine               - isDeveloperMenuEnabled: false
20:23:11.111 [FXGL Background Thread 3 ] DEBUG Engine               - isEmbedded: false
20:23:11.111 [FXGL Background Thread 3 ] DEBUG Engine               - isEntityPreloadEnabled: true
20:23:11.111 [FXGL Background Thread 3 ] DEBUG Engine               - isExperimentalTiledLargeMap: false
20:23:11.111 [FXGL Background Thread 3 ] DEBUG Engine               - isFileSystemWriteAllowed: true
20:23:11.111 [FXGL Background Thread 3 ] DEBUG Engine               - isFullScreenAllowed: false
20:23:11.111 [FXGL Background Thread 3 ] DEBUG Engine               - isFullScreenFromStart: false
20:23:11.111 [FXGL Background Thread 3 ] DEBUG Engine               - isGameMenuEnabled: true
20:23:11.111 [FXGL Background Thread 3 ] DEBUG Engine               - isIOS: false
20:23:11.111 [FXGL Background Thread 3 ] DEBUG Engine               - isIntroEnabled: false
20:23:11.111 [FXGL Background Thread 3 ] DEBUG Engine               - isLinux: false
20:23:11.111 [FXGL Background Thread 3 ] DEBUG Engine               - isMac: false
20:23:11.111 [FXGL Background Thread 3 ] DEBUG Engine               - isMainMenuEnabled: true
20:23:11.111 [FXGL Background Thread 3 ] DEBUG Engine               - isManualResizeEnabled: false
20:23:11.111 [FXGL Background Thread 3 ] DEBUG Engine               - isMobile: false
20:23:11.111 [FXGL Background Thread 3 ] DEBUG Engine               - isNative: false
20:23:11.111 [FXGL Background Thread 3 ] DEBUG Engine               - isPauseMusicWhenMinimized: true
20:23:11.111 [FXGL Background Thread 3 ] DEBUG Engine               - isPreserveResizeRatio: false
20:23:11.111 [FXGL Background Thread 3 ] DEBUG Engine               - isProfilingEnabled: false
20:23:11.111 [FXGL Background Thread 3 ] DEBUG Engine               - isScaleAffectedOnResize: true
20:23:11.111 [FXGL Background Thread 3 ] DEBUG Engine               - isSingleStep: false
20:23:11.111 [FXGL Background Thread 3 ] DEBUG Engine               - isUserProfileEnabled: false
20:23:11.112 [FXGL Background Thread 3 ] DEBUG Engine               - isWindows: true
20:23:11.112 [FXGL Background Thread 3 ] DEBUG Engine               - language: ObjectProperty [value: ENGLISH]
20:23:11.112 [FXGL Background Thread 3 ] DEBUG Engine               - menuKey: ESCAPE
20:23:11.112 [FXGL Background Thread 3 ] DEBUG Engine               - mouseSensitivity: 0.2
20:23:11.112 [FXGL Background Thread 3 ] DEBUG Engine               - notificationViewClass: class com.almasb.fxgl.notification.view.XboxNotificationView
20:23:11.112 [FXGL Background Thread 3 ] DEBUG Engine               - pixelsPerMeter: 50.0
20:23:11.112 [FXGL Background Thread 3 ] DEBUG Engine               - platform: WINDOWS
20:23:11.112 [FXGL Background Thread 3 ] DEBUG Engine               - prefHeightProperty: ReadOnlyDoubleProperty [value: 720.0]
20:23:11.112 [FXGL Background Thread 3 ] DEBUG Engine               - prefWidthProperty: ReadOnlyDoubleProperty [value: 960.0]
20:23:11.112 [FXGL Background Thread 3 ] DEBUG Engine               - profileDir: profiles/
20:23:11.112 [FXGL Background Thread 3 ] DEBUG Engine               - profileName: StringProperty [value: DEFAULT]
20:23:11.112 [FXGL Background Thread 3 ] DEBUG Engine               - randomSeed: -1
20:23:11.112 [FXGL Background Thread 3 ] DEBUG Engine               - runtimeInfo: RuntimeInfo(platform=WINDOWS, version=17.3, build=30.03.2023 11.49)
20:23:11.112 [FXGL Background Thread 3 ] DEBUG Engine               - saveFileExt: sav
20:23:11.112 [FXGL Background Thread 3 ] DEBUG Engine               - scaledHeightProp$fxgl: DoubleProperty [bound, value: 720.0]
20:23:11.112 [FXGL Background Thread 3 ] DEBUG Engine               - scaledWidthProp$fxgl: DoubleProperty [bound, value: 960.0]
20:23:11.112 [FXGL Background Thread 3 ] DEBUG Engine               - sceneFactory: view.GeneralInit$1@5d67eff2
20:23:11.112 [FXGL Background Thread 3 ] DEBUG Engine               - secondsIn24h: 60
20:23:11.112 [FXGL Background Thread 3 ] DEBUG Engine               - soundMenuBack: menu/back.wav
20:23:11.112 [FXGL Background Thread 3 ] DEBUG Engine               - soundMenuPress: menu/press.wav
20:23:11.112 [FXGL Background Thread 3 ] DEBUG Engine               - soundMenuSelect: menu/select.wav
20:23:11.113 [FXGL Background Thread 3 ] DEBUG Engine               - soundNotification: core/notification.wav
20:23:11.113 [FXGL Background Thread 3 ] DEBUG Engine               - stageStyle: DECORATED
20:23:11.113 [FXGL Background Thread 3 ] DEBUG Engine               - supportedLanguages: [ENGLISH, FRENCH, GERMAN, HUNGARIAN, RUSSIAN]
20:23:11.113 [FXGL Background Thread 3 ] DEBUG Engine               - ticksPerSecond: -1
20:23:11.113 [FXGL Background Thread 3 ] DEBUG Engine               - title: Akanov-an225
20:23:11.113 [FXGL Background Thread 3 ] DEBUG Engine               - urlGithub: https://github.com/AlmasB/FXGL
20:23:11.113 [FXGL Background Thread 3 ] DEBUG Engine               - urlLeaderboard: http://fxgl-top.herokuapp.com/
20:23:11.113 [FXGL Background Thread 3 ] DEBUG Engine               - urlPOM: https://raw.githubusercontent.com/AlmasB/FXGL/release/README.md
20:23:11.113 [FXGL Background Thread 3 ] DEBUG Engine               - userAppClass: class view.Launch
20:23:11.113 [FXGL Background Thread 3 ] DEBUG Engine               - version: 0.2
20:23:11.113 [FXGL Background Thread 3 ] DEBUG Engine               - versionCheckDays: 7
20:23:11.113 [FXGL Background Thread 3 ] DEBUG Engine               - width: 960
20:23:11.113 [FXGL Background Thread 3 ] DEBUG Engine               - Logging services
20:23:11.113 [FXGL Background Thread 3 ] DEBUG Engine               - class com.almasb.fxgl.app.services.FXGLAssetLoaderService
20:23:11.113 [FXGL Background Thread 3 ] DEBUG Engine               - class com.almasb.fxgl.app.FXGLApplication$GameApplicationService
20:23:11.113 [FXGL Background Thread 3 ] DEBUG Engine               - class com.almasb.fxgl.app.services.FXGLDialogService
20:23:11.113 [FXGL Background Thread 3 ] DEBUG Engine               - class com.almasb.fxgl.app.services.IOTaskExecutorService
20:23:11.113 [FXGL Background Thread 3 ] DEBUG Engine               - class com.almasb.fxgl.io.FileSystemService
20:23:11.113 [FXGL Background Thread 3 ] DEBUG Engine               - class com.almasb.fxgl.localization.LocalizationService
20:23:11.113 [FXGL Background Thread 3 ] DEBUG Engine               - class com.almasb.fxgl.app.services.SystemBundleService
20:23:11.113 [FXGL Background Thread 3 ] DEBUG Engine               - class com.almasb.fxgl.profile.SaveLoadService
20:23:11.113 [FXGL Background Thread 3 ] DEBUG Engine               - class com.almasb.fxgl.ui.FXGLUIFactoryServiceProvider
20:23:11.113 [FXGL Background Thread 3 ] DEBUG Engine               - class com.almasb.fxgl.ui.FXGLDialogFactoryServiceProvider
20:23:11.113 [FXGL Background Thread 3 ] DEBUG Engine               - class com.almasb.fxgl.audio.AudioPlayer
20:23:11.113 [FXGL Background Thread 3 ] DEBUG Engine               - class com.almasb.fxgl.notification.impl.NotificationServiceProvider
20:23:11.113 [FXGL Background Thread 3 ] DEBUG Engine               - class com.almasb.fxgl.achievement.AchievementService
20:23:11.113 [FXGL Background Thread 3 ] DEBUG Engine               - class com.almasb.fxgl.cutscene.CutsceneService
20:23:11.113 [FXGL Background Thread 3 ] DEBUG Engine               - class com.almasb.fxgl.minigames.MiniGameService
20:23:11.113 [FXGL Background Thread 3 ] DEBUG Engine               - class com.almasb.fxgl.net.NetService
20:23:11.113 [FXGL Background Thread 3 ] DEBUG Engine               - class com.almasb.fxgl.app.services.UpdaterService
20:23:11.113 [FXGL Background Thread 3 ] DEBUG Engine               - class com.almasb.fxgl.dev.DevService
20:23:16.137 [JavaFX Application Thread] DEBUG PrimaryStageWindow   - Push state: PauseMenu
20:23:16.169 [JavaFX Application Thread] DEBUG Input                - Clearing active input actions
20:23:16.172 [JavaFX Application Thread] DEBUG GameApplicationServi - Removing overlay from GameScene and adding to PauseMenu
20:23:16.172 [JavaFX Application Thread] DEBUG PrimaryStageWindow   - GameScene -> PauseMenu
20:23:20.443 [JavaFX Application Thread] DEBUG Menu                 - fireContinue()
20:23:20.443 [JavaFX Application Thread] DEBUG SaveLoadService      - Reading last modified save file from ./ with ext: sav
20:23:20.443 [JavaFX Application Thread] DEBUG SaveLoadService      - Reading save files from ./
20:23:20.449 [JavaFX Application Thread] DEBUG PrimaryStageWindow   - Push state: DialogSubScene
20:23:20.449 [JavaFX Application Thread] DEBUG Input                - Clearing active input actions
20:23:20.449 [JavaFX Application Thread] DEBUG GameApplicationServi - Removing overlay from PauseMenu and adding to DialogSubScene
20:23:20.449 [JavaFX Application Thread] DEBUG PrimaryStageWindow   - PauseMenu -> DialogSubScene
20:23:20.513 [FXGL Background Thread 2 ] DEBUG FileSystemAccess     - Reading from: D:\akanov-an225\.\Hello.sav
20:23:20.539 [JavaFX Application Thread] DEBUG PrimaryStageWindow   - Pop state: DialogSubScene
20:23:20.539 [JavaFX Application Thread] DEBUG Input                - Clearing active input actions
20:23:20.540 [JavaFX Application Thread] DEBUG GameApplicationServi - Removing overlay from DialogSubScene and adding to PauseMenu
20:23:20.540 [JavaFX Application Thread] DEBUG PrimaryStageWindow   - PauseMenu <- DialogSubScene
20:23:20.541 [JavaFX Application Thread] DEBUG Menu                 - fireLoad()
20:23:20.544 [JavaFX Application Thread] DEBUG PrimaryStageWindow   - Push state: DialogSubScene
20:23:20.544 [JavaFX Application Thread] DEBUG Input                - Clearing active input actions
20:23:20.544 [JavaFX Application Thread] DEBUG GameApplicationServi - Removing overlay from PauseMenu and adding to DialogSubScene
20:23:20.544 [JavaFX Application Thread] DEBUG PrimaryStageWindow   - PauseMenu -> DialogSubScene
20:23:21.230 [JavaFX Application Thread] DEBUG PrimaryStageWindow   - Pop state: DialogSubScene
20:23:21.232 [JavaFX Application Thread] DEBUG Input                - Clearing active input actions
20:23:21.232 [JavaFX Application Thread] DEBUG GameApplicationServi - Removing overlay from DialogSubScene and adding to PauseMenu
20:23:21.232 [JavaFX Application Thread] DEBUG PrimaryStageWindow   - PauseMenu <- DialogSubScene
20:23:21.358 [JavaFX Application Thread] DEBUG PrimaryStageWindow   - Pop state: PauseMenu
20:23:21.358 [JavaFX Application Thread] DEBUG Input                - Clearing active input actions
20:23:21.358 [JavaFX Application Thread] DEBUG GameApplicationServi - Removing overlay from PauseMenu and adding to GameScene
20:23:21.359 [JavaFX Application Thread] DEBUG PrimaryStageWindow   - GameScene <- PauseMenu
20:23:39.389 [JavaFX Application Thread] DEBUG FXGLApplication      - Exiting FXGL
20:23:39.389 [JavaFX Application Thread] DEBUG LoopRunner           - Stopping loop
20:23:39.389 [JavaFX Application Thread] DEBUG SystemBundleService  - Saving FXGL system data
20:23:39.396 [JavaFX Application Thread] DEBUG FileSystemAccess     - Writing to: D:\akanov-an225\system\fxgl.bundle
20:23:39.399 [JavaFX Application Thread] DEBUG Async                - Shutting down background threads
20:23:39.399 [JavaFX Application Thread] DEBUG PrimaryStageWindow   - Closing main window
20:23:39.413 [JavaFX Application Thread] DEBUG Logger               - Closing Logger
