16:19:48.179 [main                     ] DEBUG Logger               - Configured Logger
16:19:48.189 [main                     ] DEBUG GameApplication      - Logging settings
Title: Basic Game App
Version: 0.1
Width: 600
Height: 600
Fullscreen: false
Intro: false
Profiling: false
Single step:false
App Mode: DEVELOPER
Menu Key: ESCAPE
Stage Style: DECORATED
Scene Factory: class com.almasb.fxgl.app.scene.SceneFactory

16:19:48.665 [JavaFX Application Thread] DEBUG FXGLApplication      - Initializing FXGL
16:19:48.667 [JavaFX Application Thread] INFO  Engine               - FXGL-17.3 (30.03.2023 11.49) on MAC (J:24.0.2 FX:21.0.6)
16:19:48.667 [JavaFX Application Thread] DEBUG Engine               - JRE Vendor Name: Amazon.com Inc.
16:19:48.667 [JavaFX Application Thread] DEBUG Engine               - Running on OS: Mac OS X version 14.8.1
16:19:48.667 [JavaFX Application Thread] DEBUG Engine               - Architecture: aarch64
16:19:48.667 [JavaFX Application Thread] INFO  Engine               - Source code and latest versions at: https://github.com/AlmasB/FXGL
16:19:48.667 [JavaFX Application Thread] INFO  Engine               -       Ask questions and discuss at: https://github.com/AlmasB/FXGL/discussions
16:19:48.667 [JavaFX Application Thread] INFO  Engine               -              Join the FXGL chat at: https://gitter.im/AlmasB/FXGL
16:19:48.751 [JavaFX Application Thread] DEBUG PrimaryStageWindow   - Creating a JavaFX scene
16:19:48.803 [JavaFX Application Thread] DEBUG PrimaryStageWindow   - Target settings size: 600.0 x 600.0
16:19:48.803 [JavaFX Application Thread] DEBUG PrimaryStageWindow   - Scaled scene size:    600.0 x 600.0
16:19:48.803 [JavaFX Application Thread] DEBUG PrimaryStageWindow   - Scaled ratio: (1.0, 1.0)
16:19:48.803 [JavaFX Application Thread] DEBUG PrimaryStageWindow   - Set initial scene to FXGLStartupScene
16:19:48.806 [JavaFX Application Thread] DEBUG PrimaryStageWindow   - Opening main window
16:19:48.879 [JavaFX Application Thread] DEBUG PrimaryStageWindow   - Window border size: (0.0, 28.0)
16:19:48.879 [JavaFX Application Thread] DEBUG PrimaryStageWindow   - Scaled size: 600.0 x 600.0
16:19:48.880 [JavaFX Application Thread] DEBUG PrimaryStageWindow   - Scaled ratio: (1.0, 1.0)
16:19:48.880 [JavaFX Application Thread] DEBUG PrimaryStageWindow   - Scene size: 600.0 x 600.0
16:19:48.880 [JavaFX Application Thread] DEBUG PrimaryStageWindow   - Stage size: 600.0 x 628.0
16:19:48.886 [FXGL Background Thread 1 ] DEBUG Engine               - Initializing environment variables
16:19:48.975 [FXGL Background Thread 1 ] DEBUG FXGLAssetLoaderServi - User app class for loading assets: class org.example.demo4.BasicGameApp
16:19:48.975 [FXGL Background Thread 1 ] DEBUG GameApplicationServi - Applying CSS: fxgl_dark.css
16:19:48.976 [FXGL Background Thread 1 ] DEBUG FXGLAssetLoaderServi - Loading from file system: jar:file:///Users/huyle/.m2/repository/com/github/almasb/fxgl/17.3/fxgl-17.3.jar!/fxglassets/ui/css/fxgl_dark.css
16:19:49.015 [FXGL Background Thread 1 ] DEBUG GameApplicationServi - Initializing application scenes
16:19:49.129 [FXGL Background Thread 1 ] DEBUG GameWorld            - Game world initialized
16:19:49.178 [FXGL Background Thread 1 ] DEBUG PhysicsWorld         - Physics world initialized: appHeight=600, physics.ppm=50.0
16:19:49.178 [FXGL Background Thread 1 ] DEBUG PhysicsWorld         - Using strategy: BRUTE_FORCE
16:19:49.180 [FXGL Background Thread 1 ] DEBUG GameScene            - Game scene initialized: 600x600
16:19:49.190 [FXGL Background Thread 1 ] WARN  FXGL.DefaultMenu     - FXGLDefaultMenu is not designed for resolutions < 800x600
16:19:49.190 [FXGL Background Thread 1 ] DEBUG FXGL.DefaultMenu     - createMenuBodyGameMenu()
16:19:49.202 [FXGL Background Thread 1 ] DEBUG FXGL.DefaultMenu     - createOptionsMenu()
16:19:49.210 [FXGL Background Thread 1 ] DEBUG FXGLAssetLoaderServi - Loading from file system: jar:file:///Users/huyle/.m2/repository/com/github/almasb/fxgl/17.3/fxgl-17.3.jar!/fxglassets/textures/particles/smoke.png
16:19:49.284 [FXGL Background Thread 1 ] DEBUG FXGLAssetLoaderServi - Loading from file system: jar:file:///Users/huyle/.m2/repository/com/github/almasb/fxgl/17.3/fxgl-17.3.jar!/fxglassets/textures/particles/trace_horizontal.png
16:19:49.308 [FXGL Background Thread 1 ] DEBUG GameApplicationServi - Application scenes initialized
16:19:49.316 [FXGL Background Thread 1 ] DEBUG SystemBundleService  - Loading FXGL system data
16:19:49.319 [FXGL Background Thread 1 ] DEBUG FileSystemAccess     - Reading from: /Users/huyle/Downloads/demo-main/system/fxgl.bundle
16:19:49.324 [FXGL Background Thread 1 ] DEBUG SystemBundleService  - Bundle FXGL: {}
16:19:49.324 [FXGL Background Thread 1 ] DEBUG UpdaterService       - Checking for updates
16:19:49.327 [FXGL Background Thread 4 ] DEBUG FXGLApplication      - Loading fonts
16:19:49.327 [FXGL Background Thread 4 ] DEBUG FXGLAssetLoaderServi - Loading from file system: jar:file:///Users/huyle/.m2/repository/com/github/almasb/fxgl/17.3/fxgl-17.3.jar!/fxglassets/ui/fonts/VarelaRound-Regular.ttf
16:19:49.328 [FXGL Background Thread 1 ] DEBUG FXGLApplication      - Loading default localization
16:19:49.328 [FXGL Background Thread 1 ] DEBUG FXGLAssetLoaderServi - Loading from file system: jar:file:///Users/huyle/.m2/repository/com/github/almasb/fxgl/17.3/fxgl-17.3.jar!/fxglassets/languages/english.lang
16:19:49.342 [FXGL Background Thread 4 ] DEBUG FXGLAssetLoaderServi - Loading from file system: jar:file:///Users/huyle/.m2/repository/com/github/almasb/fxgl/17.3/fxgl-17.3.jar!/fxglassets/ui/fonts/Abel-Regular.ttf
16:19:49.342 [FXGL Background Thread 1 ] INFO  FXGLApplication      - FXGL initialization took: 0.455 sec
16:19:49.344 [FXGL Background Thread 4 ] DEBUG FXGLAssetLoaderServi - Loading from file system: jar:file:///Users/huyle/.m2/repository/com/github/almasb/fxgl/17.3/fxgl-17.3.jar!/fxglassets/ui/fonts/TerminalLandMono-Regular.otf
16:19:49.347 [FXGL Background Thread 4 ] DEBUG FXGLAssetLoaderServi - Loading from file system: jar:file:///Users/huyle/.m2/repository/com/github/almasb/fxgl/17.3/fxgl-17.3.jar!/fxglassets/ui/fonts/Courier-Prime.ttf
16:19:49.349 [JavaFX Application Thread] DEBUG Input                - Registered new binding: action0 - D
16:19:49.349 [JavaFX Application Thread] DEBUG Input                - Registered new binding: action1 - A
16:19:49.350 [JavaFX Application Thread] DEBUG Input                - Registered new binding: action2 - W
16:19:49.350 [JavaFX Application Thread] DEBUG Input                - Registered new binding: action3 - S
16:19:49.350 [JavaFX Application Thread] DEBUG FXGLAssetLoaderServi - Loading from file system: jar:file:///Users/huyle/.m2/repository/com/github/almasb/fxgl/17.3/fxgl-17.3.jar!/fxglassets/textures/fxgl_icon.png
16:19:49.376 [JavaFX Application Thread] DEBUG FXGLAssetLoaderServi - Loading from file system: jar:file:///Users/huyle/.m2/repository/com/github/almasb/fxgl/17.3/fxgl-17.3.jar!/fxglassets/textures/fxgl_default_cursor.png
16:19:49.378 [JavaFX Application Thread] DEBUG Input                - Registered new binding: Screenshot - CTRL+8
16:19:49.378 [JavaFX Application Thread] DEBUG Input                - Registered new binding: System info dump - CTRL+9
16:19:49.378 [JavaFX Application Thread] DEBUG Input                - Registered new binding: Restart - CTRL+R
16:19:49.379 [JavaFX Application Thread] DEBUG Input                - Registered new binding: Toggle Debug Camera - CTRL+7
16:19:49.380 [JavaFX Application Thread] DEBUG LoopRunner           - Starting loop
16:19:49.380 [JavaFX Application Thread] DEBUG LoopRunner           - Initializing JavaFX AnimationTimerLoop
16:19:49.381 [JavaFX Application Thread] DEBUG GameApplicationServi - Starting new game
16:19:49.381 [JavaFX Application Thread] DEBUG Input                - Clearing active input actions
16:19:49.388 [JavaFX Application Thread] DEBUG GameApplicationServi - Removing overlay from FXGLStartupScene and adding to FXGLLoadingScene
16:19:49.388 [JavaFX Application Thread] DEBUG PrimaryStageWindow   - FXGLStartupScene -> FXGLLoadingScene
16:19:49.389 [JavaFX Application Thread] DEBUG GameApplicationServi - Clearing previous game
16:19:49.389 [JavaFX Application Thread] DEBUG GameScene            - Clearing game scene
16:19:49.389 [JavaFX Application Thread] DEBUG GameWorld            - Clearing game world
16:19:49.389 [JavaFX Application Thread] DEBUG PhysicsWorld         - Clearing physics world
16:19:49.390 [FXGL Background Thread 4 ] DEBUG FXGLApplication      - Initializing game
16:19:49.394 [FXGL Background Thread 4 ] INFO  FXGLApplication      - Game initialization took: 0.005 sec
16:19:49.406 [JavaFX Application Thread] DEBUG FXGLApplication      - Registering font factories with UI factory
16:19:49.417 [JavaFX Application Thread] DEBUG Input                - Clearing active input actions
16:19:49.423 [JavaFX Application Thread] DEBUG GameApplicationServi - Removing overlay from FXGLLoadingScene and adding to GameScene
16:19:49.424 [JavaFX Application Thread] DEBUG PrimaryStageWindow   - FXGLLoadingScene -> GameScene
16:19:50.103 [FXGL Background Thread 2 ] INFO  UpdaterService       - Your current version:  17.3
16:19:50.103 [FXGL Background Thread 2 ] INFO  UpdaterService       - Latest stable version: 21.1
16:19:52.331 [FXGL Background Thread 3 ] DEBUG Engine               - Logging environment variables
16:19:52.333 [FXGL Background Thread 3 ] DEBUG Engine               - achievements: []
16:19:52.333 [FXGL Background Thread 3 ] DEBUG Engine               - actualHeight: 600.0
16:19:52.333 [FXGL Background Thread 3 ] DEBUG Engine               - actualHeightProperty: ReadOnlyDoubleProperty [value: 600.0]
16:19:52.334 [FXGL Background Thread 3 ] DEBUG Engine               - actualWidth: 600.0
16:19:52.334 [FXGL Background Thread 3 ] DEBUG Engine               - actualWidthProperty: ReadOnlyDoubleProperty [value: 600.0]
16:19:52.334 [FXGL Background Thread 3 ] DEBUG Engine               - appIcon: fxgl_icon.png
16:19:52.334 [FXGL Background Thread 3 ] DEBUG Engine               - applicationMode: DEVELOPER
16:19:52.334 [FXGL Background Thread 3 ] DEBUG Engine               - cSSList: [fxgl_dark.css]
16:19:52.334 [FXGL Background Thread 3 ] DEBUG Engine               - collisionDetectionStrategy: BRUTE_FORCE
16:19:52.334 [FXGL Background Thread 3 ] DEBUG Engine               - configClass: Optional.empty
16:19:52.334 [FXGL Background Thread 3 ] DEBUG Engine               - credits: []
16:19:52.335 [FXGL Background Thread 3 ] DEBUG Engine               - defaultCursor: CursorInfo(imageName=fxgl_default_cursor.png, hotspotX=7.0, hotspotY=6.0)
16:19:52.335 [FXGL Background Thread 3 ] DEBUG Engine               - devBBoxColorProperty: ObjectProperty [value: 0xff0000ff]
16:19:52.335 [FXGL Background Thread 3 ] DEBUG Engine               - devEnableDebugCameraProperty: BooleanProperty [value: false]
16:19:52.335 [FXGL Background Thread 3 ] DEBUG Engine               - devSensorColorProperty: ObjectProperty [value: 0xffff00ff]
16:19:52.335 [FXGL Background Thread 3 ] DEBUG Engine               - devShowBBoxProperty: BooleanProperty [value: false]
16:19:52.336 [FXGL Background Thread 3 ] DEBUG Engine               - devShowPositionProperty: BooleanProperty [value: false]
16:19:52.336 [FXGL Background Thread 3 ] DEBUG Engine               - enabledMenuItems: []
16:19:52.336 [FXGL Background Thread 3 ] DEBUG Engine               - engineServices: [class com.almasb.fxgl.app.services.FXGLAssetLoaderService, class com.almasb.fxgl.app.FXGLApplication$GameApplicationService, class com.almasb.fxgl.app.services.FXGLDialogService, class com.almasb.fxgl.app.services.IOTaskExecutorService, class com.almasb.fxgl.io.FileSystemService, class com.almasb.fxgl.localization.LocalizationService, class com.almasb.fxgl.app.services.SystemBundleService, class com.almasb.fxgl.profile.SaveLoadService, class com.almasb.fxgl.ui.FXGLUIFactoryServiceProvider, class com.almasb.fxgl.ui.FXGLDialogFactoryServiceProvider, class com.almasb.fxgl.audio.AudioPlayer, class com.almasb.fxgl.notification.impl.NotificationServiceProvider, class com.almasb.fxgl.achievement.AchievementService, class com.almasb.fxgl.cutscene.CutsceneService, class com.almasb.fxgl.minigames.MiniGameService, class com.almasb.fxgl.net.NetService, class com.almasb.fxgl.app.services.UpdaterService, class com.almasb.fxgl.dev.DevService]
16:19:52.336 [FXGL Background Thread 3 ] DEBUG Engine               - fontGame: Abel-Regular.ttf
16:19:52.336 [FXGL Background Thread 3 ] DEBUG Engine               - fontMono: TerminalLandMono-Regular.otf
16:19:52.336 [FXGL Background Thread 3 ] DEBUG Engine               - fontSizeScaleUI: 1.0
16:19:52.336 [FXGL Background Thread 3 ] DEBUG Engine               - fontText: Courier-Prime.ttf
16:19:52.336 [FXGL Background Thread 3 ] DEBUG Engine               - fontUI: VarelaRound-Regular.ttf
16:19:52.336 [FXGL Background Thread 3 ] DEBUG Engine               - fullScreen: BooleanProperty [value: false]
16:19:52.336 [FXGL Background Thread 3 ] DEBUG Engine               - gameDifficulty: MEDIUM
16:19:52.337 [FXGL Background Thread 3 ] DEBUG Engine               - gameDifficultyProperty: ObjectProperty [value: MEDIUM]
16:19:52.337 [FXGL Background Thread 3 ] DEBUG Engine               - globalMusicVolume: 0.5
16:19:52.337 [FXGL Background Thread 3 ] DEBUG Engine               - globalMusicVolumeProperty: DoubleProperty [value: 0.5]
16:19:52.337 [FXGL Background Thread 3 ] DEBUG Engine               - globalSoundVolume: 0.5
16:19:52.337 [FXGL Background Thread 3 ] DEBUG Engine               - globalSoundVolumeProperty: DoubleProperty [value: 0.5]
16:19:52.337 [FXGL Background Thread 3 ] DEBUG Engine               - height: 600
16:19:52.337 [FXGL Background Thread 3 ] DEBUG Engine               - is3D: false
16:19:52.337 [FXGL Background Thread 3 ] DEBUG Engine               - isAndroid: false
16:19:52.337 [FXGL Background Thread 3 ] DEBUG Engine               - isBrowser: false
16:19:52.338 [FXGL Background Thread 3 ] DEBUG Engine               - isClickFeedbackEnabled: false
16:19:52.338 [FXGL Background Thread 3 ] DEBUG Engine               - isCloseConfirmation: false
16:19:52.338 [FXGL Background Thread 3 ] DEBUG Engine               - isDesktop: true
16:19:52.338 [FXGL Background Thread 3 ] DEBUG Engine               - isDeveloperMenuEnabled: false
16:19:52.338 [FXGL Background Thread 3 ] DEBUG Engine               - isEmbedded: false
16:19:52.338 [FXGL Background Thread 3 ] DEBUG Engine               - isEntityPreloadEnabled: true
16:19:52.338 [FXGL Background Thread 3 ] DEBUG Engine               - isExperimentalTiledLargeMap: false
16:19:52.338 [FXGL Background Thread 3 ] DEBUG Engine               - isFileSystemWriteAllowed: true
16:19:52.338 [FXGL Background Thread 3 ] DEBUG Engine               - isFullScreenAllowed: false
16:19:52.338 [FXGL Background Thread 3 ] DEBUG Engine               - isFullScreenFromStart: false
16:19:52.338 [FXGL Background Thread 3 ] DEBUG Engine               - isGameMenuEnabled: true
16:19:52.338 [FXGL Background Thread 3 ] DEBUG Engine               - isIOS: false
16:19:52.338 [FXGL Background Thread 3 ] DEBUG Engine               - isIntroEnabled: false
16:19:52.338 [FXGL Background Thread 3 ] DEBUG Engine               - isLinux: false
16:19:52.339 [FXGL Background Thread 3 ] DEBUG Engine               - isMac: true
16:19:52.339 [FXGL Background Thread 3 ] DEBUG Engine               - isMainMenuEnabled: false
16:19:52.339 [FXGL Background Thread 3 ] DEBUG Engine               - isManualResizeEnabled: false
16:19:52.339 [FXGL Background Thread 3 ] DEBUG Engine               - isMobile: false
16:19:52.339 [FXGL Background Thread 3 ] DEBUG Engine               - isNative: false
16:19:52.339 [FXGL Background Thread 3 ] DEBUG Engine               - isPauseMusicWhenMinimized: true
16:19:52.339 [FXGL Background Thread 3 ] DEBUG Engine               - isPreserveResizeRatio: false
16:19:52.339 [FXGL Background Thread 3 ] DEBUG Engine               - isProfilingEnabled: false
16:19:52.339 [FXGL Background Thread 3 ] DEBUG Engine               - isScaleAffectedOnResize: true
16:19:52.339 [FXGL Background Thread 3 ] DEBUG Engine               - isSingleStep: false
16:19:52.339 [FXGL Background Thread 3 ] DEBUG Engine               - isUserProfileEnabled: false
16:19:52.339 [FXGL Background Thread 3 ] DEBUG Engine               - isWindows: false
16:19:52.339 [FXGL Background Thread 3 ] DEBUG Engine               - language: ObjectProperty [value: ENGLISH]
16:19:52.339 [FXGL Background Thread 3 ] DEBUG Engine               - menuKey: ESCAPE
16:19:52.340 [FXGL Background Thread 3 ] DEBUG Engine               - mouseSensitivity: 0.2
16:19:52.340 [FXGL Background Thread 3 ] DEBUG Engine               - notificationViewClass: class com.almasb.fxgl.notification.view.XboxNotificationView
16:19:52.340 [FXGL Background Thread 3 ] DEBUG Engine               - pixelsPerMeter: 50.0
16:19:52.340 [FXGL Background Thread 3 ] DEBUG Engine               - platform: MAC
16:19:52.340 [FXGL Background Thread 3 ] DEBUG Engine               - prefHeightProperty: ReadOnlyDoubleProperty [value: 600.0]
16:19:52.340 [FXGL Background Thread 3 ] DEBUG Engine               - prefWidthProperty: ReadOnlyDoubleProperty [value: 600.0]
16:19:52.340 [FXGL Background Thread 3 ] DEBUG Engine               - profileDir: profiles/
16:19:52.340 [FXGL Background Thread 3 ] DEBUG Engine               - profileName: StringProperty [value: DEFAULT]
16:19:52.340 [FXGL Background Thread 3 ] DEBUG Engine               - randomSeed: -1
16:19:52.340 [FXGL Background Thread 3 ] DEBUG Engine               - runtimeInfo: RuntimeInfo(platform=MAC, version=17.3, build=30.03.2023 11.49)
16:19:52.340 [FXGL Background Thread 3 ] DEBUG Engine               - saveFileExt: sav
16:19:52.341 [FXGL Background Thread 3 ] DEBUG Engine               - scaledHeightProp$fxgl: DoubleProperty [bound, value: 600.0]
16:19:52.341 [FXGL Background Thread 3 ] DEBUG Engine               - scaledWidthProp$fxgl: DoubleProperty [bound, value: 600.0]
16:19:52.341 [FXGL Background Thread 3 ] DEBUG Engine               - sceneFactory: com.almasb.fxgl.app.scene.SceneFactory@400967db
16:19:52.341 [FXGL Background Thread 3 ] DEBUG Engine               - secondsIn24h: 60
16:19:52.341 [FXGL Background Thread 3 ] DEBUG Engine               - soundMenuBack: menu/back.wav
16:19:52.341 [FXGL Background Thread 3 ] DEBUG Engine               - soundMenuPress: menu/press.wav
16:19:52.341 [FXGL Background Thread 3 ] DEBUG Engine               - soundMenuSelect: menu/select.wav
16:19:52.341 [FXGL Background Thread 3 ] DEBUG Engine               - soundNotification: core/notification.wav
16:19:52.341 [FXGL Background Thread 3 ] DEBUG Engine               - stageStyle: DECORATED
16:19:52.341 [FXGL Background Thread 3 ] DEBUG Engine               - supportedLanguages: [ENGLISH, FRENCH, GERMAN, HUNGARIAN, RUSSIAN]
16:19:52.341 [FXGL Background Thread 3 ] DEBUG Engine               - ticksPerSecond: -1
16:19:52.341 [FXGL Background Thread 3 ] DEBUG Engine               - title: Basic Game App
16:19:52.341 [FXGL Background Thread 3 ] DEBUG Engine               - urlGithub: https://github.com/AlmasB/FXGL
16:19:52.341 [FXGL Background Thread 3 ] DEBUG Engine               - urlLeaderboard: http://fxgl-top.herokuapp.com/
16:19:52.341 [FXGL Background Thread 3 ] DEBUG Engine               - urlPOM: https://raw.githubusercontent.com/AlmasB/FXGL/release/README.md
16:19:52.341 [FXGL Background Thread 3 ] DEBUG Engine               - userAppClass: class org.example.demo4.BasicGameApp
16:19:52.341 [FXGL Background Thread 3 ] DEBUG Engine               - version: 0.1
16:19:52.342 [FXGL Background Thread 3 ] DEBUG Engine               - versionCheckDays: 7
16:19:52.342 [FXGL Background Thread 3 ] DEBUG Engine               - width: 600
16:19:52.342 [FXGL Background Thread 3 ] DEBUG Engine               - Logging services
16:19:52.342 [FXGL Background Thread 3 ] DEBUG Engine               - class com.almasb.fxgl.app.services.FXGLAssetLoaderService
16:19:52.342 [FXGL Background Thread 3 ] DEBUG Engine               - class com.almasb.fxgl.app.FXGLApplication$GameApplicationService
16:19:52.342 [FXGL Background Thread 3 ] DEBUG Engine               - class com.almasb.fxgl.app.services.FXGLDialogService
16:19:52.342 [FXGL Background Thread 3 ] DEBUG Engine               - class com.almasb.fxgl.app.services.IOTaskExecutorService
16:19:52.342 [FXGL Background Thread 3 ] DEBUG Engine               - class com.almasb.fxgl.io.FileSystemService
16:19:52.342 [FXGL Background Thread 3 ] DEBUG Engine               - class com.almasb.fxgl.localization.LocalizationService
16:19:52.342 [FXGL Background Thread 3 ] DEBUG Engine               - class com.almasb.fxgl.app.services.SystemBundleService
16:19:52.342 [FXGL Background Thread 3 ] DEBUG Engine               - class com.almasb.fxgl.profile.SaveLoadService
16:19:52.342 [FXGL Background Thread 3 ] DEBUG Engine               - class com.almasb.fxgl.ui.FXGLUIFactoryServiceProvider
16:19:52.342 [FXGL Background Thread 3 ] DEBUG Engine               - class com.almasb.fxgl.ui.FXGLDialogFactoryServiceProvider
16:19:52.342 [FXGL Background Thread 3 ] DEBUG Engine               - class com.almasb.fxgl.audio.AudioPlayer
16:19:52.342 [FXGL Background Thread 3 ] DEBUG Engine               - class com.almasb.fxgl.notification.impl.NotificationServiceProvider
16:19:52.342 [FXGL Background Thread 3 ] DEBUG Engine               - class com.almasb.fxgl.achievement.AchievementService
16:19:52.342 [FXGL Background Thread 3 ] DEBUG Engine               - class com.almasb.fxgl.cutscene.CutsceneService
16:19:52.342 [FXGL Background Thread 3 ] DEBUG Engine               - class com.almasb.fxgl.minigames.MiniGameService
16:19:52.342 [FXGL Background Thread 3 ] DEBUG Engine               - class com.almasb.fxgl.net.NetService
16:19:52.342 [FXGL Background Thread 3 ] DEBUG Engine               - class com.almasb.fxgl.app.services.UpdaterService
16:19:52.342 [FXGL Background Thread 3 ] DEBUG Engine               - class com.almasb.fxgl.dev.DevService
16:20:09.731 [JavaFX Application Thread] DEBUG FXGLApplication      - Exiting FXGL
16:20:09.732 [JavaFX Application Thread] DEBUG LoopRunner           - Stopping loop
16:20:09.732 [JavaFX Application Thread] DEBUG SystemBundleService  - Saving FXGL system data
16:20:09.737 [JavaFX Application Thread] DEBUG FileSystemAccess     - Writing to: /Users/huyle/Downloads/demo-main/system/fxgl.bundle
16:20:09.742 [JavaFX Application Thread] DEBUG Async                - Shutting down background threads
16:20:09.742 [JavaFX Application Thread] DEBUG PrimaryStageWindow   - Closing main window
16:20:09.755 [JavaFX Application Thread] DEBUG Logger               - Closing Logger
