16:32:02.000 [main                     ] DEBUG Logger               - Configured Logger
16:32:02.012 [main                     ] DEBUG GameApplication      - Logging settings
Title: Basic Game App
Version: 0.1
Width: 600
Height: 600
Fullscreen: false
Intro: false
Profiling: false
Single step:false
App Mode: DEVELOPER
Menu Key: ESCAPE
Stage Style: DECORATED
Scene Factory: class com.almasb.fxgl.app.scene.SceneFactory

16:32:02.392 [JavaFX Application Thread] DEBUG FXGLApplication      - Initializing FXGL
16:32:02.395 [JavaFX Application Thread] INFO  Engine               - FXGL-17.3 (30.03.2023 11.49) on MAC (J:24.0.2 FX:21.0.6)
16:32:02.395 [JavaFX Application Thread] DEBUG Engine               - JRE Vendor Name: Amazon.com Inc.
16:32:02.395 [JavaFX Application Thread] DEBUG Engine               - Running on OS: Mac OS X version 14.8.1
16:32:02.395 [JavaFX Application Thread] DEBUG Engine               - Architecture: aarch64
16:32:02.395 [JavaFX Application Thread] INFO  Engine               - Source code and latest versions at: https://github.com/AlmasB/FXGL
16:32:02.395 [JavaFX Application Thread] INFO  Engine               -       Ask questions and discuss at: https://github.com/AlmasB/FXGL/discussions
16:32:02.395 [JavaFX Application Thread] INFO  Engine               -              Join the FXGL chat at: https://gitter.im/AlmasB/FXGL
16:32:02.470 [JavaFX Application Thread] DEBUG PrimaryStageWindow   - Creating a JavaFX scene
16:32:02.509 [JavaFX Application Thread] DEBUG PrimaryStageWindow   - Target settings size: 600.0 x 600.0
16:32:02.509 [JavaFX Application Thread] DEBUG PrimaryStageWindow   - Scaled scene size:    600.0 x 600.0
16:32:02.509 [JavaFX Application Thread] DEBUG PrimaryStageWindow   - Scaled ratio: (1.0, 1.0)
16:32:02.510 [JavaFX Application Thread] DEBUG PrimaryStageWindow   - Set initial scene to FXGLStartupScene
16:32:02.513 [JavaFX Application Thread] DEBUG PrimaryStageWindow   - Opening main window
16:32:02.596 [JavaFX Application Thread] DEBUG PrimaryStageWindow   - Window border size: (0.0, 28.0)
16:32:02.596 [JavaFX Application Thread] DEBUG PrimaryStageWindow   - Scaled size: 600.0 x 600.0
16:32:02.596 [JavaFX Application Thread] DEBUG PrimaryStageWindow   - Scaled ratio: (1.0, 1.0)
16:32:02.596 [JavaFX Application Thread] DEBUG PrimaryStageWindow   - Scene size: 600.0 x 600.0
16:32:02.596 [JavaFX Application Thread] DEBUG PrimaryStageWindow   - Stage size: 600.0 x 628.0
16:32:02.602 [FXGL Background Thread 1 ] DEBUG Engine               - Initializing environment variables
16:32:02.694 [FXGL Background Thread 1 ] DEBUG FXGLAssetLoaderServi - User app class for loading assets: class gameplay.Launch
16:32:02.699 [FXGL Background Thread 1 ] DEBUG GameApplicationServi - Applying CSS: fxgl_dark.css
16:32:02.703 [FXGL Background Thread 1 ] DEBUG FXGLAssetLoaderServi - Loading from file system: jar:file:///Users/huyle/.m2/repository/com/github/almasb/fxgl/17.3/fxgl-17.3.jar!/fxglassets/ui/css/fxgl_dark.css
16:32:02.759 [FXGL Background Thread 1 ] DEBUG GameApplicationServi - Initializing application scenes
16:32:02.910 [FXGL Background Thread 1 ] DEBUG GameWorld            - Game world initialized
16:32:02.967 [FXGL Background Thread 1 ] DEBUG PhysicsWorld         - Physics world initialized: appHeight=600, physics.ppm=50.0
16:32:02.967 [FXGL Background Thread 1 ] DEBUG PhysicsWorld         - Using strategy: BRUTE_FORCE
16:32:02.970 [FXGL Background Thread 1 ] DEBUG GameScene            - Game scene initialized: 600x600
16:32:02.980 [FXGL Background Thread 1 ] WARN  FXGL.DefaultMenu     - FXGLDefaultMenu is not designed for resolutions < 800x600
16:32:02.980 [FXGL Background Thread 1 ] DEBUG FXGL.DefaultMenu     - createMenuBodyGameMenu()
16:32:02.993 [FXGL Background Thread 1 ] DEBUG FXGL.DefaultMenu     - createOptionsMenu()
16:32:03.002 [FXGL Background Thread 1 ] DEBUG FXGLAssetLoaderServi - Loading from file system: jar:file:///Users/huyle/.m2/repository/com/github/almasb/fxgl/17.3/fxgl-17.3.jar!/fxglassets/textures/particles/smoke.png
16:32:03.082 [FXGL Background Thread 1 ] DEBUG FXGLAssetLoaderServi - Loading from file system: jar:file:///Users/huyle/.m2/repository/com/github/almasb/fxgl/17.3/fxgl-17.3.jar!/fxglassets/textures/particles/trace_horizontal.png
16:32:03.108 [FXGL Background Thread 1 ] DEBUG GameApplicationServi - Application scenes initialized
16:32:03.115 [FXGL Background Thread 1 ] DEBUG SystemBundleService  - Loading FXGL system data
16:32:03.118 [FXGL Background Thread 1 ] DEBUG FileSystemAccess     - Reading from: /Users/huyle/Downloads/demo-main/system/fxgl.bundle
16:32:03.123 [FXGL Background Thread 1 ] DEBUG SystemBundleService  - Bundle FXGL: {}
16:32:03.123 [FXGL Background Thread 1 ] DEBUG UpdaterService       - Checking for updates
16:32:03.126 [FXGL Background Thread 4 ] DEBUG FXGLApplication      - Loading fonts
16:32:03.127 [FXGL Background Thread 4 ] DEBUG FXGLAssetLoaderServi - Loading from file system: jar:file:///Users/huyle/.m2/repository/com/github/almasb/fxgl/17.3/fxgl-17.3.jar!/fxglassets/ui/fonts/VarelaRound-Regular.ttf
16:32:03.127 [FXGL Background Thread 1 ] DEBUG FXGLApplication      - Loading default localization
16:32:03.127 [FXGL Background Thread 1 ] DEBUG FXGLAssetLoaderServi - Loading from file system: jar:file:///Users/huyle/.m2/repository/com/github/almasb/fxgl/17.3/fxgl-17.3.jar!/fxglassets/languages/english.lang
16:32:03.140 [FXGL Background Thread 1 ] INFO  FXGLApplication      - FXGL initialization took: 0.538 sec
16:32:03.145 [FXGL Background Thread 4 ] DEBUG FXGLAssetLoaderServi - Loading from file system: jar:file:///Users/huyle/.m2/repository/com/github/almasb/fxgl/17.3/fxgl-17.3.jar!/fxglassets/ui/fonts/Abel-Regular.ttf
16:32:03.147 [JavaFX Application Thread] DEBUG Input                - Registered new binding: action0 - D
16:32:03.147 [JavaFX Application Thread] DEBUG Input                - Registered new binding: action1 - A
16:32:03.148 [JavaFX Application Thread] DEBUG Input                - Registered new binding: action2 - Left
16:32:03.148 [JavaFX Application Thread] DEBUG Input                - Registered new binding: action3 - Right
16:32:03.148 [JavaFX Application Thread] DEBUG FXGLAssetLoaderServi - Loading from file system: jar:file:///Users/huyle/.m2/repository/com/github/almasb/fxgl/17.3/fxgl-17.3.jar!/fxglassets/textures/fxgl_icon.png
16:32:03.149 [FXGL Background Thread 4 ] DEBUG FXGLAssetLoaderServi - Loading from file system: jar:file:///Users/huyle/.m2/repository/com/github/almasb/fxgl/17.3/fxgl-17.3.jar!/fxglassets/ui/fonts/TerminalLandMono-Regular.otf
16:32:03.153 [FXGL Background Thread 4 ] DEBUG FXGLAssetLoaderServi - Loading from file system: jar:file:///Users/huyle/.m2/repository/com/github/almasb/fxgl/17.3/fxgl-17.3.jar!/fxglassets/ui/fonts/Courier-Prime.ttf
16:32:03.172 [JavaFX Application Thread] DEBUG FXGLAssetLoaderServi - Loading from file system: jar:file:///Users/huyle/.m2/repository/com/github/almasb/fxgl/17.3/fxgl-17.3.jar!/fxglassets/textures/fxgl_default_cursor.png
16:32:03.174 [JavaFX Application Thread] DEBUG Input                - Registered new binding: Screenshot - CTRL+8
16:32:03.174 [JavaFX Application Thread] DEBUG Input                - Registered new binding: System info dump - CTRL+9
16:32:03.174 [JavaFX Application Thread] DEBUG Input                - Registered new binding: Restart - CTRL+R
16:32:03.175 [JavaFX Application Thread] DEBUG Input                - Registered new binding: Toggle Debug Camera - CTRL+7
16:32:03.176 [JavaFX Application Thread] DEBUG LoopRunner           - Starting loop
16:32:03.176 [JavaFX Application Thread] DEBUG LoopRunner           - Initializing JavaFX AnimationTimerLoop
16:32:03.177 [JavaFX Application Thread] DEBUG GameApplicationServi - Starting new game
16:32:03.177 [JavaFX Application Thread] DEBUG Input                - Clearing active input actions
16:32:03.184 [JavaFX Application Thread] DEBUG GameApplicationServi - Removing overlay from FXGLStartupScene and adding to FXGLLoadingScene
16:32:03.185 [JavaFX Application Thread] DEBUG PrimaryStageWindow   - FXGLStartupScene -> FXGLLoadingScene
16:32:03.185 [JavaFX Application Thread] DEBUG GameApplicationServi - Clearing previous game
16:32:03.185 [JavaFX Application Thread] DEBUG GameScene            - Clearing game scene
16:32:03.185 [JavaFX Application Thread] DEBUG GameWorld            - Clearing game world
16:32:03.185 [JavaFX Application Thread] DEBUG PhysicsWorld         - Clearing physics world
16:32:03.186 [FXGL Background Thread 4 ] DEBUG FXGLApplication      - Initializing game
16:32:03.193 [FXGL Background Thread 4 ] INFO  FXGLApplication      - Game initialization took: 0.007 sec
16:32:03.201 [JavaFX Application Thread] DEBUG FXGLApplication      - Registering font factories with UI factory
16:32:03.233 [JavaFX Application Thread] DEBUG Input                - Clearing active input actions
16:32:03.239 [JavaFX Application Thread] DEBUG GameApplicationServi - Removing overlay from FXGLLoadingScene and adding to GameScene
16:32:03.239 [JavaFX Application Thread] DEBUG PrimaryStageWindow   - FXGLLoadingScene -> GameScene
16:32:03.741 [FXGL Background Thread 2 ] INFO  UpdaterService       - Your current version:  17.3
16:32:03.742 [FXGL Background Thread 2 ] INFO  UpdaterService       - Latest stable version: 21.1
16:32:06.130 [FXGL Background Thread 3 ] DEBUG Engine               - Logging environment variables
16:32:06.131 [FXGL Background Thread 3 ] DEBUG Engine               - achievements: []
16:32:06.131 [FXGL Background Thread 3 ] DEBUG Engine               - actualHeight: 600.0
16:32:06.131 [FXGL Background Thread 3 ] DEBUG Engine               - actualHeightProperty: ReadOnlyDoubleProperty [value: 600.0]
16:32:06.131 [FXGL Background Thread 3 ] DEBUG Engine               - actualWidth: 600.0
16:32:06.131 [FXGL Background Thread 3 ] DEBUG Engine               - actualWidthProperty: ReadOnlyDoubleProperty [value: 600.0]
16:32:06.132 [FXGL Background Thread 3 ] DEBUG Engine               - appIcon: fxgl_icon.png
16:32:06.132 [FXGL Background Thread 3 ] DEBUG Engine               - applicationMode: DEVELOPER
16:32:06.132 [FXGL Background Thread 3 ] DEBUG Engine               - cSSList: [fxgl_dark.css]
16:32:06.132 [FXGL Background Thread 3 ] DEBUG Engine               - collisionDetectionStrategy: BRUTE_FORCE
16:32:06.132 [FXGL Background Thread 3 ] DEBUG Engine               - configClass: Optional.empty
16:32:06.132 [FXGL Background Thread 3 ] DEBUG Engine               - credits: []
16:32:06.132 [FXGL Background Thread 3 ] DEBUG Engine               - defaultCursor: CursorInfo(imageName=fxgl_default_cursor.png, hotspotX=7.0, hotspotY=6.0)
16:32:06.133 [FXGL Background Thread 3 ] DEBUG Engine               - devBBoxColorProperty: ObjectProperty [value: 0xff0000ff]
16:32:06.133 [FXGL Background Thread 3 ] DEBUG Engine               - devEnableDebugCameraProperty: BooleanProperty [value: false]
16:32:06.133 [FXGL Background Thread 3 ] DEBUG Engine               - devSensorColorProperty: ObjectProperty [value: 0xffff00ff]
16:32:06.133 [FXGL Background Thread 3 ] DEBUG Engine               - devShowBBoxProperty: BooleanProperty [value: false]
16:32:06.133 [FXGL Background Thread 3 ] DEBUG Engine               - devShowPositionProperty: BooleanProperty [value: false]
16:32:06.133 [FXGL Background Thread 3 ] DEBUG Engine               - enabledMenuItems: []
16:32:06.133 [FXGL Background Thread 3 ] DEBUG Engine               - engineServices: [class com.almasb.fxgl.app.services.FXGLAssetLoaderService, class com.almasb.fxgl.app.FXGLApplication$GameApplicationService, class com.almasb.fxgl.app.services.FXGLDialogService, class com.almasb.fxgl.app.services.IOTaskExecutorService, class com.almasb.fxgl.io.FileSystemService, class com.almasb.fxgl.localization.LocalizationService, class com.almasb.fxgl.app.services.SystemBundleService, class com.almasb.fxgl.profile.SaveLoadService, class com.almasb.fxgl.ui.FXGLUIFactoryServiceProvider, class com.almasb.fxgl.ui.FXGLDialogFactoryServiceProvider, class com.almasb.fxgl.audio.AudioPlayer, class com.almasb.fxgl.notification.impl.NotificationServiceProvider, class com.almasb.fxgl.achievement.AchievementService, class com.almasb.fxgl.cutscene.CutsceneService, class com.almasb.fxgl.minigames.MiniGameService, class com.almasb.fxgl.net.NetService, class com.almasb.fxgl.app.services.UpdaterService, class com.almasb.fxgl.dev.DevService]
16:32:06.133 [FXGL Background Thread 3 ] DEBUG Engine               - fontGame: Abel-Regular.ttf
16:32:06.133 [FXGL Background Thread 3 ] DEBUG Engine               - fontMono: TerminalLandMono-Regular.otf
16:32:06.134 [FXGL Background Thread 3 ] DEBUG Engine               - fontSizeScaleUI: 1.0
16:32:06.134 [FXGL Background Thread 3 ] DEBUG Engine               - fontText: Courier-Prime.ttf
16:32:06.134 [FXGL Background Thread 3 ] DEBUG Engine               - fontUI: VarelaRound-Regular.ttf
16:32:06.134 [FXGL Background Thread 3 ] DEBUG Engine               - fullScreen: BooleanProperty [value: false]
16:32:06.134 [FXGL Background Thread 3 ] DEBUG Engine               - gameDifficulty: MEDIUM
16:32:06.134 [FXGL Background Thread 3 ] DEBUG Engine               - gameDifficultyProperty: ObjectProperty [value: MEDIUM]
16:32:06.134 [FXGL Background Thread 3 ] DEBUG Engine               - globalMusicVolume: 0.5
16:32:06.134 [FXGL Background Thread 3 ] DEBUG Engine               - globalMusicVolumeProperty: DoubleProperty [value: 0.5]
16:32:06.134 [FXGL Background Thread 3 ] DEBUG Engine               - globalSoundVolume: 0.5
16:32:06.135 [FXGL Background Thread 3 ] DEBUG Engine               - globalSoundVolumeProperty: DoubleProperty [value: 0.5]
16:32:06.135 [FXGL Background Thread 3 ] DEBUG Engine               - height: 600
16:32:06.135 [FXGL Background Thread 3 ] DEBUG Engine               - is3D: false
16:32:06.135 [FXGL Background Thread 3 ] DEBUG Engine               - isAndroid: false
16:32:06.135 [FXGL Background Thread 3 ] DEBUG Engine               - isBrowser: false
16:32:06.135 [FXGL Background Thread 3 ] DEBUG Engine               - isClickFeedbackEnabled: false
16:32:06.135 [FXGL Background Thread 3 ] DEBUG Engine               - isCloseConfirmation: false
16:32:06.135 [FXGL Background Thread 3 ] DEBUG Engine               - isDesktop: true
16:32:06.135 [FXGL Background Thread 3 ] DEBUG Engine               - isDeveloperMenuEnabled: false
16:32:06.135 [FXGL Background Thread 3 ] DEBUG Engine               - isEmbedded: false
16:32:06.135 [FXGL Background Thread 3 ] DEBUG Engine               - isEntityPreloadEnabled: true
16:32:06.135 [FXGL Background Thread 3 ] DEBUG Engine               - isExperimentalTiledLargeMap: false
16:32:06.135 [FXGL Background Thread 3 ] DEBUG Engine               - isFileSystemWriteAllowed: true
16:32:06.135 [FXGL Background Thread 3 ] DEBUG Engine               - isFullScreenAllowed: false
16:32:06.136 [FXGL Background Thread 3 ] DEBUG Engine               - isFullScreenFromStart: false
16:32:06.136 [FXGL Background Thread 3 ] DEBUG Engine               - isGameMenuEnabled: true
16:32:06.136 [FXGL Background Thread 3 ] DEBUG Engine               - isIOS: false
16:32:06.136 [FXGL Background Thread 3 ] DEBUG Engine               - isIntroEnabled: false
16:32:06.136 [FXGL Background Thread 3 ] DEBUG Engine               - isLinux: false
16:32:06.136 [FXGL Background Thread 3 ] DEBUG Engine               - isMac: true
16:32:06.136 [FXGL Background Thread 3 ] DEBUG Engine               - isMainMenuEnabled: false
16:32:06.136 [FXGL Background Thread 3 ] DEBUG Engine               - isManualResizeEnabled: false
16:32:06.136 [FXGL Background Thread 3 ] DEBUG Engine               - isMobile: false
16:32:06.137 [FXGL Background Thread 3 ] DEBUG Engine               - isNative: false
16:32:06.137 [FXGL Background Thread 3 ] DEBUG Engine               - isPauseMusicWhenMinimized: true
16:32:06.137 [FXGL Background Thread 3 ] DEBUG Engine               - isPreserveResizeRatio: false
16:32:06.137 [FXGL Background Thread 3 ] DEBUG Engine               - isProfilingEnabled: false
16:32:06.137 [FXGL Background Thread 3 ] DEBUG Engine               - isScaleAffectedOnResize: true
16:32:06.137 [FXGL Background Thread 3 ] DEBUG Engine               - isSingleStep: false
16:32:06.137 [FXGL Background Thread 3 ] DEBUG Engine               - isUserProfileEnabled: false
16:32:06.137 [FXGL Background Thread 3 ] DEBUG Engine               - isWindows: false
16:32:06.137 [FXGL Background Thread 3 ] DEBUG Engine               - language: ObjectProperty [value: ENGLISH]
16:32:06.138 [FXGL Background Thread 3 ] DEBUG Engine               - menuKey: ESCAPE
16:32:06.138 [FXGL Background Thread 3 ] DEBUG Engine               - mouseSensitivity: 0.2
16:32:06.138 [FXGL Background Thread 3 ] DEBUG Engine               - notificationViewClass: class com.almasb.fxgl.notification.view.XboxNotificationView
16:32:06.138 [FXGL Background Thread 3 ] DEBUG Engine               - pixelsPerMeter: 50.0
16:32:06.138 [FXGL Background Thread 3 ] DEBUG Engine               - platform: MAC
16:32:06.138 [FXGL Background Thread 3 ] DEBUG Engine               - prefHeightProperty: ReadOnlyDoubleProperty [value: 600.0]
16:32:06.138 [FXGL Background Thread 3 ] DEBUG Engine               - prefWidthProperty: ReadOnlyDoubleProperty [value: 600.0]
16:32:06.138 [FXGL Background Thread 3 ] DEBUG Engine               - profileDir: profiles/
16:32:06.138 [FXGL Background Thread 3 ] DEBUG Engine               - profileName: StringProperty [value: DEFAULT]
16:32:06.138 [FXGL Background Thread 3 ] DEBUG Engine               - randomSeed: -1
16:32:06.139 [FXGL Background Thread 3 ] DEBUG Engine               - runtimeInfo: RuntimeInfo(platform=MAC, version=17.3, build=30.03.2023 11.49)
16:32:06.139 [FXGL Background Thread 3 ] DEBUG Engine               - saveFileExt: sav
16:32:06.139 [FXGL Background Thread 3 ] DEBUG Engine               - scaledHeightProp$fxgl: DoubleProperty [bound, value: 600.0]
16:32:06.139 [FXGL Background Thread 3 ] DEBUG Engine               - scaledWidthProp$fxgl: DoubleProperty [bound, value: 600.0]
16:32:06.139 [FXGL Background Thread 3 ] DEBUG Engine               - sceneFactory: com.almasb.fxgl.app.scene.SceneFactory@7b37d204
16:32:06.139 [FXGL Background Thread 3 ] DEBUG Engine               - secondsIn24h: 60
16:32:06.139 [FXGL Background Thread 3 ] DEBUG Engine               - soundMenuBack: menu/back.wav
16:32:06.139 [FXGL Background Thread 3 ] DEBUG Engine               - soundMenuPress: menu/press.wav
16:32:06.139 [FXGL Background Thread 3 ] DEBUG Engine               - soundMenuSelect: menu/select.wav
16:32:06.139 [FXGL Background Thread 3 ] DEBUG Engine               - soundNotification: core/notification.wav
16:32:06.140 [FXGL Background Thread 3 ] DEBUG Engine               - stageStyle: DECORATED
16:32:06.140 [FXGL Background Thread 3 ] DEBUG Engine               - supportedLanguages: [ENGLISH, FRENCH, GERMAN, HUNGARIAN, RUSSIAN]
16:32:06.140 [FXGL Background Thread 3 ] DEBUG Engine               - ticksPerSecond: -1
16:32:06.140 [FXGL Background Thread 3 ] DEBUG Engine               - title: Basic Game App
16:32:06.140 [FXGL Background Thread 3 ] DEBUG Engine               - urlGithub: https://github.com/AlmasB/FXGL
16:32:06.140 [FXGL Background Thread 3 ] DEBUG Engine               - urlLeaderboard: http://fxgl-top.herokuapp.com/
16:32:06.140 [FXGL Background Thread 3 ] DEBUG Engine               - urlPOM: https://raw.githubusercontent.com/AlmasB/FXGL/release/README.md
16:32:06.140 [FXGL Background Thread 3 ] DEBUG Engine               - userAppClass: class gameplay.Launch
16:32:06.140 [FXGL Background Thread 3 ] DEBUG Engine               - version: 0.1
16:32:06.140 [FXGL Background Thread 3 ] DEBUG Engine               - versionCheckDays: 7
16:32:06.140 [FXGL Background Thread 3 ] DEBUG Engine               - width: 600
16:32:06.140 [FXGL Background Thread 3 ] DEBUG Engine               - Logging services
16:32:06.140 [FXGL Background Thread 3 ] DEBUG Engine               - class com.almasb.fxgl.app.services.FXGLAssetLoaderService
16:32:06.141 [FXGL Background Thread 3 ] DEBUG Engine               - class com.almasb.fxgl.app.FXGLApplication$GameApplicationService
16:32:06.141 [FXGL Background Thread 3 ] DEBUG Engine               - class com.almasb.fxgl.app.services.FXGLDialogService
16:32:06.141 [FXGL Background Thread 3 ] DEBUG Engine               - class com.almasb.fxgl.app.services.IOTaskExecutorService
16:32:06.141 [FXGL Background Thread 3 ] DEBUG Engine               - class com.almasb.fxgl.io.FileSystemService
16:32:06.141 [FXGL Background Thread 3 ] DEBUG Engine               - class com.almasb.fxgl.localization.LocalizationService
16:32:06.141 [FXGL Background Thread 3 ] DEBUG Engine               - class com.almasb.fxgl.app.services.SystemBundleService
16:32:06.141 [FXGL Background Thread 3 ] DEBUG Engine               - class com.almasb.fxgl.profile.SaveLoadService
16:32:06.141 [FXGL Background Thread 3 ] DEBUG Engine               - class com.almasb.fxgl.ui.FXGLUIFactoryServiceProvider
16:32:06.141 [FXGL Background Thread 3 ] DEBUG Engine               - class com.almasb.fxgl.ui.FXGLDialogFactoryServiceProvider
16:32:06.141 [FXGL Background Thread 3 ] DEBUG Engine               - class com.almasb.fxgl.audio.AudioPlayer
16:32:06.141 [FXGL Background Thread 3 ] DEBUG Engine               - class com.almasb.fxgl.notification.impl.NotificationServiceProvider
16:32:06.141 [FXGL Background Thread 3 ] DEBUG Engine               - class com.almasb.fxgl.achievement.AchievementService
16:32:06.141 [FXGL Background Thread 3 ] DEBUG Engine               - class com.almasb.fxgl.cutscene.CutsceneService
16:32:06.141 [FXGL Background Thread 3 ] DEBUG Engine               - class com.almasb.fxgl.minigames.MiniGameService
16:32:06.141 [FXGL Background Thread 3 ] DEBUG Engine               - class com.almasb.fxgl.net.NetService
16:32:06.141 [FXGL Background Thread 3 ] DEBUG Engine               - class com.almasb.fxgl.app.services.UpdaterService
16:32:06.141 [FXGL Background Thread 3 ] DEBUG Engine               - class com.almasb.fxgl.dev.DevService
16:32:13.818 [JavaFX Application Thread] DEBUG FXGLApplication      - Exiting FXGL
16:32:13.818 [JavaFX Application Thread] DEBUG LoopRunner           - Stopping loop
16:32:13.818 [JavaFX Application Thread] DEBUG SystemBundleService  - Saving FXGL system data
16:32:13.822 [JavaFX Application Thread] DEBUG FileSystemAccess     - Writing to: /Users/huyle/Downloads/demo-main/system/fxgl.bundle
16:32:13.825 [JavaFX Application Thread] DEBUG Async                - Shutting down background threads
16:32:13.825 [JavaFX Application Thread] DEBUG PrimaryStageWindow   - Closing main window
16:32:13.863 [JavaFX Application Thread] DEBUG Logger               - Closing Logger
