17:29:58.929 [main                     ] DEBUG Logger               - Configured Logger
17:29:58.937 [main                     ] DEBUG GameApplication      - Logging settings
Title: Akanov-an225
Version: 0.2
Width: 960
Height: 720
Fullscreen: false
Intro: false
Profiling: false
Single step:false
App Mode: DEVELOPER
Menu Key: ESCAPE
Stage Style: DECORATED
Scene Factory: class view.GeneralInit$1

17:29:59.455 [JavaFX Application Thread] DEBUG FXGLApplication      - Initializing FXGL
17:29:59.459 [JavaFX Application Thread] INFO  Engine               - FXGL-17.3 (30.03.2023 11.49) on WINDOWS (J:24.0.2 FX:21.0.6)
17:29:59.460 [JavaFX Application Thread] DEBUG Engine               - JRE Vendor Name: Oracle Corporation
17:29:59.460 [JavaFX Application Thread] DEBUG Engine               - Running on OS: Windows 11 version 10.0
17:29:59.460 [JavaFX Application Thread] DEBUG Engine               - Architecture: amd64
17:29:59.460 [JavaFX Application Thread] INFO  Engine               - Source code and latest versions at: https://github.com/AlmasB/FXGL
17:29:59.461 [JavaFX Application Thread] INFO  Engine               -       Ask questions and discuss at: https://github.com/AlmasB/FXGL/discussions
17:29:59.461 [JavaFX Application Thread] INFO  Engine               -              Join the FXGL chat at: https://gitter.im/AlmasB/FXGL
17:29:59.582 [JavaFX Application Thread] DEBUG PrimaryStageWindow   - Creating a JavaFX scene
17:29:59.640 [JavaFX Application Thread] DEBUG PrimaryStageWindow   - Target settings size: 960.0 x 720.0
17:29:59.641 [JavaFX Application Thread] DEBUG PrimaryStageWindow   - Scaled scene size:    960.0 x 720.0
17:29:59.641 [JavaFX Application Thread] DEBUG PrimaryStageWindow   - Scaled ratio: (1.0, 1.0)
17:29:59.642 [JavaFX Application Thread] DEBUG PrimaryStageWindow   - Set initial scene to FXGLStartupScene
17:29:59.647 [JavaFX Application Thread] DEBUG PrimaryStageWindow   - Opening main window
17:29:59.746 [JavaFX Application Thread] DEBUG PrimaryStageWindow   - Window border size: (13.823974609375, 37.24798583984375)
17:29:59.747 [JavaFX Application Thread] DEBUG PrimaryStageWindow   - Scaled size: 960.0 x 720.0
17:29:59.747 [JavaFX Application Thread] DEBUG PrimaryStageWindow   - Scaled ratio: (1.0, 1.0)
17:29:59.747 [JavaFX Application Thread] DEBUG PrimaryStageWindow   - Scene size: 960.0 x 720.0
17:29:59.747 [JavaFX Application Thread] DEBUG PrimaryStageWindow   - Stage size: 973.823974609375 x 757.2479858398438
17:29:59.758 [FXGL Background Thread 1 ] DEBUG Engine               - Initializing environment variables
17:29:59.839 [FXGL Background Thread 1 ] DEBUG FXGLAssetLoaderServi - User app class for loading assets: class view.Launch
17:29:59.839 [FXGL Background Thread 1 ] DEBUG GameApplicationServi - Applying CSS: fxgl_dark.css
17:29:59.840 [FXGL Background Thread 1 ] DEBUG FXGLAssetLoaderServi - Loading from file system: jar:file:///C:/Users/Tuanngth/.m2/repository/com/github/almasb/fxgl/17.3/fxgl-17.3.jar!/fxglassets/ui/css/fxgl_dark.css
17:29:59.908 [FXGL Background Thread 1 ] DEBUG GameApplicationServi - Initializing application scenes
17:29:59.972 [FXGL Background Thread 1 ] DEBUG GameWorld            - Game world initialized
17:30:00.052 [FXGL Background Thread 1 ] DEBUG PhysicsWorld         - Physics world initialized: appHeight=720, physics.ppm=50,0
17:30:00.053 [FXGL Background Thread 1 ] DEBUG PhysicsWorld         - Using strategy: BRUTE_FORCE
17:30:00.058 [FXGL Background Thread 1 ] DEBUG GameScene            - Game scene initialized: 960x720
17:30:00.150 [FXGL Background Thread 1 ] DEBUG GameApplicationServi - Application scenes initialized
17:30:00.162 [FXGL Background Thread 1 ] DEBUG SystemBundleService  - Loading FXGL system data
17:30:00.168 [FXGL Background Thread 1 ] DEBUG FileSystemAccess     - Reading from: C:\Users\Tuanngth\Desktop\akanov-an225\system\fxgl.bundle
17:30:00.175 [FXGL Background Thread 1 ] DEBUG SystemBundleService  - Bundle FXGL: {}
17:30:00.176 [FXGL Background Thread 1 ] DEBUG UpdaterService       - Checking for updates
17:30:00.182 [FXGL Background Thread 4 ] DEBUG FXGLApplication      - Loading fonts
17:30:00.182 [FXGL Background Thread 4 ] DEBUG FXGLAssetLoaderServi - Loading from file system: jar:file:///C:/Users/Tuanngth/.m2/repository/com/github/almasb/fxgl/17.3/fxgl-17.3.jar!/fxglassets/ui/fonts/VarelaRound-Regular.ttf
17:30:00.183 [FXGL Background Thread 1 ] DEBUG FXGLApplication      - Loading default localization
17:30:00.184 [FXGL Background Thread 1 ] DEBUG FXGLAssetLoaderServi - Loading from file system: jar:file:///C:/Users/Tuanngth/.m2/repository/com/github/almasb/fxgl/17.3/fxgl-17.3.jar!/fxglassets/languages/english.lang
17:30:00.212 [FXGL Background Thread 1 ] INFO  FXGLApplication      - FXGL initialization took: 0,454 sec
17:30:00.220 [FXGL Background Thread 4 ] DEBUG FXGLAssetLoaderServi - Loading from file system: jar:file:///C:/Users/Tuanngth/.m2/repository/com/github/almasb/fxgl/17.3/fxgl-17.3.jar!/fxglassets/ui/fonts/Abel-Regular.ttf
17:30:00.226 [FXGL Background Thread 4 ] DEBUG FXGLAssetLoaderServi - Loading from file system: jar:file:///C:/Users/Tuanngth/.m2/repository/com/github/almasb/fxgl/17.3/fxgl-17.3.jar!/fxglassets/ui/fonts/TerminalLandMono-Regular.otf
17:30:00.226 [JavaFX Application Thread] DEBUG Input                - Registered new binding: action0 - Right
17:30:00.227 [JavaFX Application Thread] DEBUG Input                - Registered new binding: action1 - Left
17:30:00.227 [JavaFX Application Thread] DEBUG Input                - Registered new binding: action2 - D
17:30:00.228 [JavaFX Application Thread] DEBUG FXGLAssetLoaderServi - Loading from file system: jar:file:///C:/Users/Tuanngth/.m2/repository/com/github/almasb/fxgl/17.3/fxgl-17.3.jar!/fxglassets/textures/fxgl_icon.png
17:30:00.230 [FXGL Background Thread 4 ] DEBUG FXGLAssetLoaderServi - Loading from file system: jar:file:///C:/Users/Tuanngth/.m2/repository/com/github/almasb/fxgl/17.3/fxgl-17.3.jar!/fxglassets/ui/fonts/Courier-Prime.ttf
17:30:00.262 [JavaFX Application Thread] DEBUG FXGLAssetLoaderServi - Loading from file system: jar:file:///C:/Users/Tuanngth/.m2/repository/com/github/almasb/fxgl/17.3/fxgl-17.3.jar!/fxglassets/textures/fxgl_default_cursor.png
17:30:00.265 [JavaFX Application Thread] DEBUG Input                - Registered new binding: Screenshot - CTRL+8
17:30:00.266 [JavaFX Application Thread] DEBUG Input                - Registered new binding: System info dump - CTRL+9
17:30:00.266 [JavaFX Application Thread] DEBUG Input                - Registered new binding: Restart - CTRL+R
17:30:00.267 [JavaFX Application Thread] DEBUG Input                - Registered new binding: Toggle Debug Camera - CTRL+7
17:30:00.271 [JavaFX Application Thread] DEBUG LoopRunner           - Starting loop
17:30:00.271 [JavaFX Application Thread] DEBUG LoopRunner           - Initializing JavaFX AnimationTimerLoop
17:30:00.273 [JavaFX Application Thread] DEBUG Input                - Clearing active input actions
17:30:00.280 [JavaFX Application Thread] DEBUG GameApplicationServi - Removing overlay from FXGLStartupScene and adding to FXGLMainMenuDummyScene
17:30:00.281 [JavaFX Application Thread] DEBUG PrimaryStageWindow   - FXGLStartupScene -> FXGLMainMenuDummyScene
17:30:00.281 [JavaFX Application Thread] DEBUG PrimaryStageWindow   - Push state: MainMenu
17:30:00.281 [JavaFX Application Thread] DEBUG Input                - Clearing active input actions
17:30:00.283 [JavaFX Application Thread] DEBUG GameApplicationServi - Removing overlay from FXGLMainMenuDummyScene and adding to MainMenu
17:30:00.283 [JavaFX Application Thread] DEBUG PrimaryStageWindow   - FXGLMainMenuDummyScene -> MainMenu
17:30:00.284 [JavaFX Application Thread] DEBUG FXGLApplication      - Registering font factories with UI factory
17:30:00.942 [FXGL Background Thread 2 ] INFO  UpdaterService       - Your current version:  17.3
17:30:00.942 [FXGL Background Thread 2 ] INFO  UpdaterService       - Latest stable version: 21.1
17:30:01.576 [JavaFX Application Thread] DEBUG Menu                 - fireNewGame()
17:30:01.577 [JavaFX Application Thread] DEBUG GameApplicationServi - Starting new game
17:30:01.577 [JavaFX Application Thread] DEBUG PrimaryStageWindow   - Pop state: MainMenu
17:30:01.578 [JavaFX Application Thread] DEBUG Input                - Clearing active input actions
17:30:01.581 [JavaFX Application Thread] DEBUG GameApplicationServi - Removing overlay from MainMenu and adding to FXGLMainMenuDummyScene
17:30:01.581 [JavaFX Application Thread] DEBUG PrimaryStageWindow   - FXGLMainMenuDummyScene <- MainMenu
17:30:01.583 [JavaFX Application Thread] DEBUG Input                - Clearing active input actions
17:30:01.620 [JavaFX Application Thread] DEBUG GameApplicationServi - Removing overlay from FXGLMainMenuDummyScene and adding to FXGLLoadingScene
17:30:01.621 [JavaFX Application Thread] DEBUG PrimaryStageWindow   - FXGLMainMenuDummyScene -> FXGLLoadingScene
17:30:01.621 [JavaFX Application Thread] DEBUG GameApplicationServi - Clearing previous game
17:30:01.621 [JavaFX Application Thread] DEBUG GameScene            - Clearing game scene
17:30:01.621 [JavaFX Application Thread] DEBUG GameWorld            - Clearing game world
17:30:01.621 [JavaFX Application Thread] DEBUG PhysicsWorld         - Clearing physics world
17:30:01.638 [FXGL Background Thread 2 ] DEBUG FXGLApplication      - Initializing game
17:30:01.652 [FXGL Background Thread 2 ] WARN  Entity               - Entity already has component: com.almasb.fxgl.entity.components.BoundingBoxComponent
17:30:01.729 [FXGL Background Thread 2 ] INFO  FXGLApplication      - Game initialization took: 0,090 sec
17:30:01.740 [JavaFX Application Thread] DEBUG Input                - Clearing active input actions
17:30:01.757 [JavaFX Application Thread] DEBUG GameApplicationServi - Removing overlay from FXGLLoadingScene and adding to GameScene
17:30:01.757 [JavaFX Application Thread] DEBUG PrimaryStageWindow   - FXGLLoadingScene -> GameScene
17:30:01.781 [JavaFX Application Thread] WARN  GameWorld            - Attempted to remove entity which is not active
17:30:01.826 [JavaFX Application Thread] WARN  GameWorld            - Attempted to remove entity which is not active
17:30:01.972 [JavaFX Application Thread] WARN  GameWorld            - Attempted to remove entity which is not active
17:30:02.388 [JavaFX Application Thread] WARN  GameWorld            - Attempted to remove entity which is not active
17:30:02.499 [JavaFX Application Thread] WARN  GameWorld            - Attempted to remove entity which is not active
17:30:02.898 [JavaFX Application Thread] WARN  GameWorld            - Attempted to remove entity which is not active
17:30:02.946 [JavaFX Application Thread] WARN  GameWorld            - Attempted to remove entity which is not active
17:30:02.978 [JavaFX Application Thread] WARN  GameWorld            - Attempted to remove entity which is not active
17:30:03.181 [FXGL Background Thread 3 ] DEBUG Engine               - Logging environment variables
17:30:03.183 [FXGL Background Thread 3 ] DEBUG Engine               - achievements: []
17:30:03.183 [FXGL Background Thread 3 ] DEBUG Engine               - actualHeight: 720.0
17:30:03.184 [FXGL Background Thread 3 ] DEBUG Engine               - actualHeightProperty: ReadOnlyDoubleProperty [value: 720.0]
17:30:03.184 [FXGL Background Thread 3 ] DEBUG Engine               - actualWidth: 960.0
17:30:03.184 [FXGL Background Thread 3 ] DEBUG Engine               - actualWidthProperty: ReadOnlyDoubleProperty [value: 960.0]
17:30:03.184 [FXGL Background Thread 3 ] DEBUG Engine               - appIcon: fxgl_icon.png
17:30:03.184 [FXGL Background Thread 3 ] DEBUG Engine               - applicationMode: DEVELOPER
17:30:03.185 [FXGL Background Thread 3 ] DEBUG Engine               - cSSList: [fxgl_dark.css]
17:30:03.185 [FXGL Background Thread 3 ] DEBUG Engine               - collisionDetectionStrategy: BRUTE_FORCE
17:30:03.185 [FXGL Background Thread 3 ] DEBUG Engine               - configClass: Optional.empty
17:30:03.185 [FXGL Background Thread 3 ] DEBUG Engine               - credits: []
17:30:03.189 [FXGL Background Thread 3 ] DEBUG Engine               - defaultCursor: CursorInfo(imageName=fxgl_default_cursor.png, hotspotX=7.0, hotspotY=6.0)
17:30:03.190 [FXGL Background Thread 3 ] DEBUG Engine               - devBBoxColorProperty: ObjectProperty [value: 0xff0000ff]
17:30:03.190 [FXGL Background Thread 3 ] DEBUG Engine               - devEnableDebugCameraProperty: BooleanProperty [value: false]
17:30:03.190 [FXGL Background Thread 3 ] DEBUG Engine               - devSensorColorProperty: ObjectProperty [value: 0xffff00ff]
17:30:03.190 [FXGL Background Thread 3 ] DEBUG Engine               - devShowBBoxProperty: BooleanProperty [value: false]
17:30:03.190 [FXGL Background Thread 3 ] DEBUG Engine               - devShowPositionProperty: BooleanProperty [value: false]
17:30:03.191 [FXGL Background Thread 3 ] DEBUG Engine               - enabledMenuItems: []
17:30:03.191 [FXGL Background Thread 3 ] DEBUG Engine               - engineServices: [class com.almasb.fxgl.app.services.FXGLAssetLoaderService, class com.almasb.fxgl.app.FXGLApplication$GameApplicationService, class com.almasb.fxgl.app.services.FXGLDialogService, class com.almasb.fxgl.app.services.IOTaskExecutorService, class com.almasb.fxgl.io.FileSystemService, class com.almasb.fxgl.localization.LocalizationService, class com.almasb.fxgl.app.services.SystemBundleService, class com.almasb.fxgl.profile.SaveLoadService, class com.almasb.fxgl.ui.FXGLUIFactoryServiceProvider, class com.almasb.fxgl.ui.FXGLDialogFactoryServiceProvider, class com.almasb.fxgl.audio.AudioPlayer, class com.almasb.fxgl.notification.impl.NotificationServiceProvider, class com.almasb.fxgl.achievement.AchievementService, class com.almasb.fxgl.cutscene.CutsceneService, class com.almasb.fxgl.minigames.MiniGameService, class com.almasb.fxgl.net.NetService, class com.almasb.fxgl.app.services.UpdaterService, class com.almasb.fxgl.dev.DevService]
17:30:03.191 [FXGL Background Thread 3 ] DEBUG Engine               - fontGame: Abel-Regular.ttf
17:30:03.192 [FXGL Background Thread 3 ] DEBUG Engine               - fontMono: TerminalLandMono-Regular.otf
17:30:03.192 [FXGL Background Thread 3 ] DEBUG Engine               - fontSizeScaleUI: 1.0
17:30:03.192 [FXGL Background Thread 3 ] DEBUG Engine               - fontText: Courier-Prime.ttf
17:30:03.192 [FXGL Background Thread 3 ] DEBUG Engine               - fontUI: VarelaRound-Regular.ttf
17:30:03.192 [FXGL Background Thread 3 ] DEBUG Engine               - fullScreen: BooleanProperty [value: false]
17:30:03.192 [FXGL Background Thread 3 ] DEBUG Engine               - gameDifficulty: MEDIUM
17:30:03.192 [FXGL Background Thread 3 ] DEBUG Engine               - gameDifficultyProperty: ObjectProperty [value: MEDIUM]
17:30:03.192 [FXGL Background Thread 3 ] DEBUG Engine               - globalMusicVolume: 0.5
17:30:03.192 [FXGL Background Thread 3 ] DEBUG Engine               - globalMusicVolumeProperty: DoubleProperty [value: 0.5]
17:30:03.192 [FXGL Background Thread 3 ] DEBUG Engine               - globalSoundVolume: 0.5
17:30:03.193 [FXGL Background Thread 3 ] DEBUG Engine               - globalSoundVolumeProperty: DoubleProperty [value: 0.5]
17:30:03.193 [FXGL Background Thread 3 ] DEBUG Engine               - height: 720
17:30:03.193 [FXGL Background Thread 3 ] DEBUG Engine               - is3D: false
17:30:03.193 [FXGL Background Thread 3 ] DEBUG Engine               - isAndroid: false
17:30:03.193 [FXGL Background Thread 3 ] DEBUG Engine               - isBrowser: false
17:30:03.193 [FXGL Background Thread 3 ] DEBUG Engine               - isClickFeedbackEnabled: false
17:30:03.193 [FXGL Background Thread 3 ] DEBUG Engine               - isCloseConfirmation: false
17:30:03.193 [FXGL Background Thread 3 ] DEBUG Engine               - isDesktop: true
17:30:03.193 [FXGL Background Thread 3 ] DEBUG Engine               - isDeveloperMenuEnabled: false
17:30:03.193 [FXGL Background Thread 3 ] DEBUG Engine               - isEmbedded: false
17:30:03.193 [FXGL Background Thread 3 ] DEBUG Engine               - isEntityPreloadEnabled: true
17:30:03.194 [FXGL Background Thread 3 ] DEBUG Engine               - isExperimentalTiledLargeMap: false
17:30:03.194 [FXGL Background Thread 3 ] DEBUG Engine               - isFileSystemWriteAllowed: true
17:30:03.194 [FXGL Background Thread 3 ] DEBUG Engine               - isFullScreenAllowed: false
17:30:03.194 [FXGL Background Thread 3 ] DEBUG Engine               - isFullScreenFromStart: false
17:30:03.194 [FXGL Background Thread 3 ] DEBUG Engine               - isGameMenuEnabled: true
17:30:03.194 [FXGL Background Thread 3 ] DEBUG Engine               - isIOS: false
17:30:03.194 [FXGL Background Thread 3 ] DEBUG Engine               - isIntroEnabled: false
17:30:03.194 [FXGL Background Thread 3 ] DEBUG Engine               - isLinux: false
17:30:03.194 [FXGL Background Thread 3 ] DEBUG Engine               - isMac: false
17:30:03.194 [FXGL Background Thread 3 ] DEBUG Engine               - isMainMenuEnabled: true
17:30:03.194 [FXGL Background Thread 3 ] DEBUG Engine               - isManualResizeEnabled: false
17:30:03.194 [FXGL Background Thread 3 ] DEBUG Engine               - isMobile: false
17:30:03.195 [FXGL Background Thread 3 ] DEBUG Engine               - isNative: false
17:30:03.195 [FXGL Background Thread 3 ] DEBUG Engine               - isPauseMusicWhenMinimized: true
17:30:03.195 [FXGL Background Thread 3 ] DEBUG Engine               - isPreserveResizeRatio: false
17:30:03.195 [FXGL Background Thread 3 ] DEBUG Engine               - isProfilingEnabled: false
17:30:03.195 [FXGL Background Thread 3 ] DEBUG Engine               - isScaleAffectedOnResize: true
17:30:03.195 [FXGL Background Thread 3 ] DEBUG Engine               - isSingleStep: false
17:30:03.195 [FXGL Background Thread 3 ] DEBUG Engine               - isUserProfileEnabled: false
17:30:03.195 [FXGL Background Thread 3 ] DEBUG Engine               - isWindows: true
17:30:03.195 [FXGL Background Thread 3 ] DEBUG Engine               - language: ObjectProperty [value: ENGLISH]
17:30:03.195 [FXGL Background Thread 3 ] DEBUG Engine               - menuKey: ESCAPE
17:30:03.195 [FXGL Background Thread 3 ] DEBUG Engine               - mouseSensitivity: 0.2
17:30:03.195 [FXGL Background Thread 3 ] DEBUG Engine               - notificationViewClass: class com.almasb.fxgl.notification.view.XboxNotificationView
17:30:03.196 [FXGL Background Thread 3 ] DEBUG Engine               - pixelsPerMeter: 50.0
17:30:03.196 [FXGL Background Thread 3 ] DEBUG Engine               - platform: WINDOWS
17:30:03.196 [FXGL Background Thread 3 ] DEBUG Engine               - prefHeightProperty: ReadOnlyDoubleProperty [value: 720.0]
17:30:03.196 [FXGL Background Thread 3 ] DEBUG Engine               - prefWidthProperty: ReadOnlyDoubleProperty [value: 960.0]
17:30:03.196 [FXGL Background Thread 3 ] DEBUG Engine               - profileDir: profiles/
17:30:03.196 [FXGL Background Thread 3 ] DEBUG Engine               - profileName: StringProperty [value: DEFAULT]
17:30:03.196 [FXGL Background Thread 3 ] DEBUG Engine               - randomSeed: -1
17:30:03.196 [FXGL Background Thread 3 ] DEBUG Engine               - runtimeInfo: RuntimeInfo(platform=WINDOWS, version=17.3, build=30.03.2023 11.49)
17:30:03.196 [FXGL Background Thread 3 ] DEBUG Engine               - saveFileExt: sav
17:30:03.197 [FXGL Background Thread 3 ] DEBUG Engine               - scaledHeightProp$fxgl: DoubleProperty [bound, value: 720.0]
17:30:03.197 [FXGL Background Thread 3 ] DEBUG Engine               - scaledWidthProp$fxgl: DoubleProperty [bound, value: 960.0]
17:30:03.197 [FXGL Background Thread 3 ] DEBUG Engine               - sceneFactory: view.GeneralInit$1@5c5ac601
17:30:03.197 [FXGL Background Thread 3 ] DEBUG Engine               - secondsIn24h: 60
17:30:03.197 [FXGL Background Thread 3 ] DEBUG Engine               - soundMenuBack: menu/back.wav
17:30:03.197 [FXGL Background Thread 3 ] DEBUG Engine               - soundMenuPress: menu/press.wav
17:30:03.197 [FXGL Background Thread 3 ] DEBUG Engine               - soundMenuSelect: menu/select.wav
17:30:03.197 [FXGL Background Thread 3 ] DEBUG Engine               - soundNotification: core/notification.wav
17:30:03.197 [FXGL Background Thread 3 ] DEBUG Engine               - stageStyle: DECORATED
17:30:03.197 [FXGL Background Thread 3 ] DEBUG Engine               - supportedLanguages: [ENGLISH, FRENCH, GERMAN, HUNGARIAN, RUSSIAN]
17:30:03.197 [FXGL Background Thread 3 ] DEBUG Engine               - ticksPerSecond: -1
17:30:03.197 [FXGL Background Thread 3 ] DEBUG Engine               - title: Akanov-an225
17:30:03.198 [FXGL Background Thread 3 ] DEBUG Engine               - urlGithub: https://github.com/AlmasB/FXGL
17:30:03.198 [FXGL Background Thread 3 ] DEBUG Engine               - urlLeaderboard: http://fxgl-top.herokuapp.com/
17:30:03.198 [FXGL Background Thread 3 ] DEBUG Engine               - urlPOM: https://raw.githubusercontent.com/AlmasB/FXGL/release/README.md
17:30:03.198 [FXGL Background Thread 3 ] DEBUG Engine               - userAppClass: class view.Launch
17:30:03.198 [FXGL Background Thread 3 ] DEBUG Engine               - version: 0.2
17:30:03.198 [FXGL Background Thread 3 ] DEBUG Engine               - versionCheckDays: 7
17:30:03.198 [FXGL Background Thread 3 ] DEBUG Engine               - width: 960
17:30:03.198 [FXGL Background Thread 3 ] DEBUG Engine               - Logging services
17:30:03.198 [FXGL Background Thread 3 ] DEBUG Engine               - class com.almasb.fxgl.app.services.FXGLAssetLoaderService
17:30:03.198 [FXGL Background Thread 3 ] DEBUG Engine               - class com.almasb.fxgl.app.FXGLApplication$GameApplicationService
17:30:03.198 [FXGL Background Thread 3 ] DEBUG Engine               - class com.almasb.fxgl.app.services.FXGLDialogService
17:30:03.198 [FXGL Background Thread 3 ] DEBUG Engine               - class com.almasb.fxgl.app.services.IOTaskExecutorService
17:30:03.198 [FXGL Background Thread 3 ] DEBUG Engine               - class com.almasb.fxgl.io.FileSystemService
17:30:03.198 [FXGL Background Thread 3 ] DEBUG Engine               - class com.almasb.fxgl.localization.LocalizationService
17:30:03.199 [FXGL Background Thread 3 ] DEBUG Engine               - class com.almasb.fxgl.app.services.SystemBundleService
17:30:03.199 [FXGL Background Thread 3 ] DEBUG Engine               - class com.almasb.fxgl.profile.SaveLoadService
17:30:03.199 [FXGL Background Thread 3 ] DEBUG Engine               - class com.almasb.fxgl.ui.FXGLUIFactoryServiceProvider
17:30:03.199 [FXGL Background Thread 3 ] DEBUG Engine               - class com.almasb.fxgl.ui.FXGLDialogFactoryServiceProvider
17:30:03.199 [FXGL Background Thread 3 ] DEBUG Engine               - class com.almasb.fxgl.audio.AudioPlayer
17:30:03.199 [FXGL Background Thread 3 ] DEBUG Engine               - class com.almasb.fxgl.notification.impl.NotificationServiceProvider
17:30:03.199 [FXGL Background Thread 3 ] DEBUG Engine               - class com.almasb.fxgl.achievement.AchievementService
17:30:03.199 [FXGL Background Thread 3 ] DEBUG Engine               - class com.almasb.fxgl.cutscene.CutsceneService
17:30:03.199 [FXGL Background Thread 3 ] DEBUG Engine               - class com.almasb.fxgl.minigames.MiniGameService
17:30:03.199 [FXGL Background Thread 3 ] DEBUG Engine               - class com.almasb.fxgl.net.NetService
17:30:03.199 [FXGL Background Thread 3 ] DEBUG Engine               - class com.almasb.fxgl.app.services.UpdaterService
17:30:03.199 [FXGL Background Thread 3 ] DEBUG Engine               - class com.almasb.fxgl.dev.DevService
17:30:03.252 [JavaFX Application Thread] WARN  GameWorld            - Attempted to remove entity which is not active
17:30:04.386 [JavaFX Application Thread] WARN  GameWorld            - Attempted to remove entity which is not active
17:30:04.881 [JavaFX Application Thread] WARN  GameWorld            - Attempted to remove entity which is not active
17:30:04.943 [JavaFX Application Thread] WARN  GameWorld            - Attempted to remove entity which is not active
17:30:04.950 [JavaFX Application Thread] WARN  GameWorld            - Attempted to remove entity which is not active
17:30:05.331 [JavaFX Application Thread] WARN  GameWorld            - Attempted to remove entity which is not active
17:30:09.361 [JavaFX Application Thread] WARN  GameWorld            - Attempted to remove entity which is not active
17:30:09.634 [JavaFX Application Thread] WARN  GameWorld            - Attempted to remove entity which is not active
17:30:09.921 [JavaFX Application Thread] WARN  GameWorld            - Attempted to remove entity which is not active
17:30:09.971 [JavaFX Application Thread] WARN  GameWorld            - Attempted to remove entity which is not active
17:30:10.356 [JavaFX Application Thread] WARN  GameWorld            - Attempted to remove entity which is not active
17:30:10.358 [JavaFX Application Thread] WARN  GameWorld            - Attempted to remove entity which is not active
17:30:14.767 [JavaFX Application Thread] WARN  GameWorld            - Attempted to remove entity which is not active
17:30:15.361 [JavaFX Application Thread] WARN  GameWorld            - Attempted to remove entity which is not active
17:30:23.121 [JavaFX Application Thread] WARN  GameWorld            - Attempted to remove entity which is not active
17:30:40.258 [JavaFX Application Thread] WARN  GameWorld            - Attempted to remove entity which is not active
17:30:49.843 [JavaFX Application Thread] WARN  GameWorld            - Attempted to remove entity which is not active
17:30:50.994 [JavaFX Application Thread] WARN  GameWorld            - Attempted to remove entity which is not active
17:30:55.651 [JavaFX Application Thread] WARN  GameWorld            - Attempted to remove entity which is not active
17:31:04.053 [JavaFX Application Thread] WARN  GameWorld            - Attempted to remove entity which is not active
17:31:04.464 [JavaFX Application Thread] WARN  GameWorld            - Attempted to remove entity which is not active
17:31:09.329 [JavaFX Application Thread] WARN  GameWorld            - Attempted to remove entity which is not active
17:31:17.591 [JavaFX Application Thread] WARN  GameWorld            - Attempted to remove entity which is not active
17:31:26.703 [JavaFX Application Thread] WARN  GameWorld            - Attempted to remove entity which is not active
17:31:31.057 [JavaFX Application Thread] WARN  GameWorld            - Attempted to remove entity which is not active
17:31:31.362 [JavaFX Application Thread] WARN  GameWorld            - Attempted to remove entity which is not active
17:31:31.411 [JavaFX Application Thread] WARN  GameWorld            - Attempted to remove entity which is not active
17:31:32.578 [JavaFX Application Thread] WARN  GameWorld            - Attempted to remove entity which is not active
17:31:36.851 [JavaFX Application Thread] WARN  GameWorld            - Attempted to remove entity which is not active
17:31:37.489 [JavaFX Application Thread] WARN  GameWorld            - Attempted to remove entity which is not active
17:31:41.528 [JavaFX Application Thread] DEBUG FXGLApplication      - Exiting FXGL
17:31:41.529 [JavaFX Application Thread] DEBUG LoopRunner           - Stopping loop
17:31:41.529 [JavaFX Application Thread] DEBUG SystemBundleService  - Saving FXGL system data
17:31:41.534 [JavaFX Application Thread] DEBUG FileSystemAccess     - Writing to: C:\Users\Tuanngth\Desktop\akanov-an225\system\fxgl.bundle
17:31:41.539 [JavaFX Application Thread] DEBUG Async                - Shutting down background threads
17:31:41.539 [JavaFX Application Thread] DEBUG PrimaryStageWindow   - Closing main window
17:31:41.597 [JavaFX Application Thread] DEBUG Logger               - Closing Logger
