16:56:12.788 [main                     ] DEBUG Logger               - Configured Logger
16:56:12.796 [main                     ] DEBUG GameApplication      - Logging settings
Title: Akanov-an225
Version: 0.2
Width: 960
Height: 720
Fullscreen: false
Intro: false
Profiling: false
Single step:false
App Mode: DEVELOPER
Menu Key: ESCAPE
Stage Style: DECORATED
Scene Factory: class view.GeneralInit$1

16:56:13.079 [JavaFX Application Thread] DEBUG FXGLApplication      - Initializing FXGL
16:56:13.083 [JavaFX Application Thread] INFO  Engine               - FXGL-17.3 (30.03.2023 11.49) on WINDOWS (J:24.0.2 FX:21.0.6)
16:56:13.083 [JavaFX Application Thread] DEBUG Engine               - JRE Vendor Name: Oracle Corporation
16:56:13.083 [JavaFX Application Thread] DEBUG Engine               - Running on OS: Windows 11 version 10.0
16:56:13.083 [JavaFX Application Thread] DEBUG Engine               - Architecture: amd64
16:56:13.084 [JavaFX Application Thread] INFO  Engine               - Source code and latest versions at: https://github.com/AlmasB/FXGL
16:56:13.084 [JavaFX Application Thread] INFO  Engine               -       Ask questions and discuss at: https://github.com/AlmasB/FXGL/discussions
16:56:13.084 [JavaFX Application Thread] INFO  Engine               -              Join the FXGL chat at: https://gitter.im/AlmasB/FXGL
16:56:13.159 [JavaFX Application Thread] DEBUG PrimaryStageWindow   - Creating a JavaFX scene
16:56:13.202 [JavaFX Application Thread] DEBUG PrimaryStageWindow   - Target settings size: 960.0 x 720.0
16:56:13.204 [JavaFX Application Thread] DEBUG PrimaryStageWindow   - Scaled scene size:    960.0 x 720.0
16:56:13.204 [JavaFX Application Thread] DEBUG PrimaryStageWindow   - Scaled ratio: (1.0, 1.0)
16:56:13.205 [JavaFX Application Thread] DEBUG PrimaryStageWindow   - Set initial scene to FXGLStartupScene
16:56:13.207 [JavaFX Application Thread] DEBUG PrimaryStageWindow   - Opening main window
16:56:13.273 [JavaFX Application Thread] DEBUG PrimaryStageWindow   - Window border size: (14.66668701171875, 37.33331298828125)
16:56:13.273 [JavaFX Application Thread] DEBUG PrimaryStageWindow   - Scaled size: 960.0 x 720.0
16:56:13.273 [JavaFX Application Thread] DEBUG PrimaryStageWindow   - Scaled ratio: (1.0, 1.0)
16:56:13.273 [JavaFX Application Thread] DEBUG PrimaryStageWindow   - Scene size: 960.0 x 720.0
16:56:13.273 [JavaFX Application Thread] DEBUG PrimaryStageWindow   - Stage size: 974.6666870117188 x 757.3333129882812
16:56:13.281 [FXGL Background Thread 1 ] DEBUG Engine               - Initializing environment variables
16:56:13.344 [FXGL Background Thread 1 ] DEBUG FXGLAssetLoaderServi - User app class for loading assets: class view.Launch
16:56:13.344 [FXGL Background Thread 1 ] DEBUG GameApplicationServi - Applying CSS: fxgl_dark.css
16:56:13.345 [FXGL Background Thread 1 ] DEBUG FXGLAssetLoaderServi - Loading from file system: jar:file:///C:/Users/DELL/.m2/repository/com/github/almasb/fxgl/17.3/fxgl-17.3.jar!/fxglassets/ui/css/fxgl_dark.css
16:56:13.385 [FXGL Background Thread 1 ] DEBUG GameApplicationServi - Initializing application scenes
16:56:13.417 [FXGL Background Thread 1 ] DEBUG GameWorld            - Game world initialized
16:56:13.475 [FXGL Background Thread 1 ] DEBUG PhysicsWorld         - Physics world initialized: appHeight=720, physics.ppm=50.0
16:56:13.475 [FXGL Background Thread 1 ] DEBUG PhysicsWorld         - Using strategy: BRUTE_FORCE
16:56:13.478 [FXGL Background Thread 1 ] DEBUG GameScene            - Game scene initialized: 960x720
16:56:13.541 [FXGL Background Thread 1 ] DEBUG GameApplicationServi - Application scenes initialized
16:56:13.548 [FXGL Background Thread 1 ] DEBUG SystemBundleService  - Loading FXGL system data
16:56:13.551 [FXGL Background Thread 1 ] DEBUG FileSystemAccess     - Reading from: D:\akanov-an225\system\fxgl.bundle
16:56:13.556 [FXGL Background Thread 1 ] DEBUG SystemBundleService  - Bundle FXGL: {}
16:56:13.556 [FXGL Background Thread 1 ] DEBUG UpdaterService       - Checking for updates
16:56:13.561 [FXGL Background Thread 4 ] DEBUG FXGLApplication      - Loading fonts
16:56:13.562 [FXGL Background Thread 4 ] DEBUG FXGLAssetLoaderServi - Loading from file system: jar:file:///C:/Users/DELL/.m2/repository/com/github/almasb/fxgl/17.3/fxgl-17.3.jar!/fxglassets/ui/fonts/VarelaRound-Regular.ttf
16:56:13.562 [FXGL Background Thread 1 ] DEBUG FXGLApplication      - Loading default localization
16:56:13.562 [FXGL Background Thread 1 ] DEBUG FXGLAssetLoaderServi - Loading from file system: jar:file:///C:/Users/DELL/.m2/repository/com/github/almasb/fxgl/17.3/fxgl-17.3.jar!/fxglassets/languages/english.lang
16:56:13.577 [FXGL Background Thread 1 ] INFO  FXGLApplication      - FXGL initialization took: 0.296 sec
16:56:13.587 [JavaFX Application Thread] DEBUG Input                - Registered new binding: action0 - Right
16:56:13.587 [JavaFX Application Thread] DEBUG Input                - Registered new binding: action1 - Left
16:56:13.588 [JavaFX Application Thread] DEBUG Input                - Registered new binding: action2 - D
16:56:13.588 [JavaFX Application Thread] DEBUG FXGLAssetLoaderServi - Loading from file system: jar:file:///C:/Users/DELL/.m2/repository/com/github/almasb/fxgl/17.3/fxgl-17.3.jar!/fxglassets/textures/fxgl_icon.png
16:56:13.590 [FXGL Background Thread 4 ] DEBUG FXGLAssetLoaderServi - Loading from file system: jar:file:///C:/Users/DELL/.m2/repository/com/github/almasb/fxgl/17.3/fxgl-17.3.jar!/fxglassets/ui/fonts/Abel-Regular.ttf
16:56:13.593 [FXGL Background Thread 4 ] DEBUG FXGLAssetLoaderServi - Loading from file system: jar:file:///C:/Users/DELL/.m2/repository/com/github/almasb/fxgl/17.3/fxgl-17.3.jar!/fxglassets/ui/fonts/TerminalLandMono-Regular.otf
16:56:13.596 [FXGL Background Thread 4 ] DEBUG FXGLAssetLoaderServi - Loading from file system: jar:file:///C:/Users/DELL/.m2/repository/com/github/almasb/fxgl/17.3/fxgl-17.3.jar!/fxglassets/ui/fonts/Courier-Prime.ttf
16:56:13.616 [JavaFX Application Thread] DEBUG FXGLAssetLoaderServi - Loading from file system: jar:file:///C:/Users/DELL/.m2/repository/com/github/almasb/fxgl/17.3/fxgl-17.3.jar!/fxglassets/textures/fxgl_default_cursor.png
16:56:13.619 [JavaFX Application Thread] DEBUG Input                - Registered new binding: Screenshot - CTRL+8
16:56:13.619 [JavaFX Application Thread] DEBUG Input                - Registered new binding: System info dump - CTRL+9
16:56:13.619 [JavaFX Application Thread] DEBUG Input                - Registered new binding: Restart - CTRL+R
16:56:13.620 [JavaFX Application Thread] DEBUG Input                - Registered new binding: Toggle Debug Camera - CTRL+7
16:56:13.621 [JavaFX Application Thread] DEBUG LoopRunner           - Starting loop
16:56:13.622 [JavaFX Application Thread] DEBUG LoopRunner           - Initializing JavaFX AnimationTimerLoop
16:56:13.623 [JavaFX Application Thread] DEBUG Input                - Clearing active input actions
16:56:13.629 [JavaFX Application Thread] DEBUG GameApplicationServi - Removing overlay from FXGLStartupScene and adding to FXGLMainMenuDummyScene
16:56:13.630 [JavaFX Application Thread] DEBUG PrimaryStageWindow   - FXGLStartupScene -> FXGLMainMenuDummyScene
16:56:13.630 [JavaFX Application Thread] DEBUG PrimaryStageWindow   - Push state: MainMenu
16:56:13.630 [JavaFX Application Thread] DEBUG Input                - Clearing active input actions
16:56:13.632 [JavaFX Application Thread] DEBUG GameApplicationServi - Removing overlay from FXGLMainMenuDummyScene and adding to MainMenu
16:56:13.632 [JavaFX Application Thread] DEBUG PrimaryStageWindow   - FXGLMainMenuDummyScene -> MainMenu
16:56:13.633 [JavaFX Application Thread] DEBUG FXGLApplication      - Registering font factories with UI factory
16:56:14.279 [FXGL Background Thread 2 ] INFO  UpdaterService       - Your current version:  17.3
16:56:14.279 [FXGL Background Thread 2 ] INFO  UpdaterService       - Latest stable version: 21.1
16:56:14.780 [JavaFX Application Thread] DEBUG Menu                 - fireNewGame()
16:56:14.781 [JavaFX Application Thread] DEBUG GameApplicationServi - Starting new game
16:56:14.781 [JavaFX Application Thread] DEBUG PrimaryStageWindow   - Pop state: MainMenu
16:56:14.781 [JavaFX Application Thread] DEBUG Input                - Clearing active input actions
16:56:14.781 [JavaFX Application Thread] DEBUG GameApplicationServi - Removing overlay from MainMenu and adding to FXGLMainMenuDummyScene
16:56:14.782 [JavaFX Application Thread] DEBUG PrimaryStageWindow   - FXGLMainMenuDummyScene <- MainMenu
16:56:14.782 [JavaFX Application Thread] DEBUG Input                - Clearing active input actions
16:56:14.790 [JavaFX Application Thread] DEBUG GameApplicationServi - Removing overlay from FXGLMainMenuDummyScene and adding to FXGLLoadingScene
16:56:14.790 [JavaFX Application Thread] DEBUG PrimaryStageWindow   - FXGLMainMenuDummyScene -> FXGLLoadingScene
16:56:14.790 [JavaFX Application Thread] DEBUG GameApplicationServi - Clearing previous game
16:56:14.790 [JavaFX Application Thread] DEBUG GameScene            - Clearing game scene
16:56:14.790 [JavaFX Application Thread] DEBUG GameWorld            - Clearing game world
16:56:14.791 [JavaFX Application Thread] DEBUG PhysicsWorld         - Clearing physics world
16:56:14.792 [FXGL Background Thread 2 ] DEBUG FXGLApplication      - Initializing game
16:56:14.801 [FXGL Background Thread 2 ] WARN  Entity               - Entity already has component: com.almasb.fxgl.entity.components.BoundingBoxComponent
16:56:14.841 [FXGL Background Thread 2 ] INFO  FXGLApplication      - Game initialization took: 0.048 sec
16:56:14.841 [JavaFX Application Thread] DEBUG Input                - Clearing active input actions
16:56:14.850 [JavaFX Application Thread] DEBUG GameApplicationServi - Removing overlay from FXGLLoadingScene and adding to GameScene
16:56:14.850 [JavaFX Application Thread] DEBUG PrimaryStageWindow   - FXGLLoadingScene -> GameScene
16:56:16.560 [FXGL Background Thread 3 ] DEBUG Engine               - Logging environment variables
16:56:16.560 [FXGL Background Thread 3 ] DEBUG Engine               - achievements: []
16:56:16.560 [FXGL Background Thread 3 ] DEBUG Engine               - actualHeight: 720.0
16:56:16.560 [FXGL Background Thread 3 ] DEBUG Engine               - actualHeightProperty: ReadOnlyDoubleProperty [value: 720.0]
16:56:16.560 [FXGL Background Thread 3 ] DEBUG Engine               - actualWidth: 960.0
16:56:16.560 [FXGL Background Thread 3 ] DEBUG Engine               - actualWidthProperty: ReadOnlyDoubleProperty [value: 960.0]
16:56:16.560 [FXGL Background Thread 3 ] DEBUG Engine               - appIcon: fxgl_icon.png
16:56:16.560 [FXGL Background Thread 3 ] DEBUG Engine               - applicationMode: DEVELOPER
16:56:16.560 [FXGL Background Thread 3 ] DEBUG Engine               - cSSList: [fxgl_dark.css]
16:56:16.560 [FXGL Background Thread 3 ] DEBUG Engine               - collisionDetectionStrategy: BRUTE_FORCE
16:56:16.560 [FXGL Background Thread 3 ] DEBUG Engine               - configClass: Optional.empty
16:56:16.560 [FXGL Background Thread 3 ] DEBUG Engine               - credits: []
16:56:16.564 [FXGL Background Thread 3 ] DEBUG Engine               - defaultCursor: CursorInfo(imageName=fxgl_default_cursor.png, hotspotX=7.0, hotspotY=6.0)
16:56:16.564 [FXGL Background Thread 3 ] DEBUG Engine               - devBBoxColorProperty: ObjectProperty [value: 0xff0000ff]
16:56:16.564 [FXGL Background Thread 3 ] DEBUG Engine               - devEnableDebugCameraProperty: BooleanProperty [value: false]
16:56:16.564 [FXGL Background Thread 3 ] DEBUG Engine               - devSensorColorProperty: ObjectProperty [value: 0xffff00ff]
16:56:16.564 [FXGL Background Thread 3 ] DEBUG Engine               - devShowBBoxProperty: BooleanProperty [value: false]
16:56:16.564 [FXGL Background Thread 3 ] DEBUG Engine               - devShowPositionProperty: BooleanProperty [value: false]
16:56:16.564 [FXGL Background Thread 3 ] DEBUG Engine               - enabledMenuItems: []
16:56:16.565 [FXGL Background Thread 3 ] DEBUG Engine               - engineServices: [class com.almasb.fxgl.app.services.FXGLAssetLoaderService, class com.almasb.fxgl.app.FXGLApplication$GameApplicationService, class com.almasb.fxgl.app.services.FXGLDialogService, class com.almasb.fxgl.app.services.IOTaskExecutorService, class com.almasb.fxgl.io.FileSystemService, class com.almasb.fxgl.localization.LocalizationService, class com.almasb.fxgl.app.services.SystemBundleService, class com.almasb.fxgl.profile.SaveLoadService, class com.almasb.fxgl.ui.FXGLUIFactoryServiceProvider, class com.almasb.fxgl.ui.FXGLDialogFactoryServiceProvider, class com.almasb.fxgl.audio.AudioPlayer, class com.almasb.fxgl.notification.impl.NotificationServiceProvider, class com.almasb.fxgl.achievement.AchievementService, class com.almasb.fxgl.cutscene.CutsceneService, class com.almasb.fxgl.minigames.MiniGameService, class com.almasb.fxgl.net.NetService, class com.almasb.fxgl.app.services.UpdaterService, class com.almasb.fxgl.dev.DevService]
16:56:16.565 [FXGL Background Thread 3 ] DEBUG Engine               - fontGame: Abel-Regular.ttf
16:56:16.565 [FXGL Background Thread 3 ] DEBUG Engine               - fontMono: TerminalLandMono-Regular.otf
16:56:16.565 [FXGL Background Thread 3 ] DEBUG Engine               - fontSizeScaleUI: 1.0
16:56:16.565 [FXGL Background Thread 3 ] DEBUG Engine               - fontText: Courier-Prime.ttf
16:56:16.565 [FXGL Background Thread 3 ] DEBUG Engine               - fontUI: VarelaRound-Regular.ttf
16:56:16.565 [FXGL Background Thread 3 ] DEBUG Engine               - fullScreen: BooleanProperty [value: false]
16:56:16.565 [FXGL Background Thread 3 ] DEBUG Engine               - gameDifficulty: MEDIUM
16:56:16.565 [FXGL Background Thread 3 ] DEBUG Engine               - gameDifficultyProperty: ObjectProperty [value: MEDIUM]
16:56:16.565 [FXGL Background Thread 3 ] DEBUG Engine               - globalMusicVolume: 0.5
16:56:16.565 [FXGL Background Thread 3 ] DEBUG Engine               - globalMusicVolumeProperty: DoubleProperty [value: 0.5]
16:56:16.565 [FXGL Background Thread 3 ] DEBUG Engine               - globalSoundVolume: 0.5
16:56:16.565 [FXGL Background Thread 3 ] DEBUG Engine               - globalSoundVolumeProperty: DoubleProperty [value: 0.5]
16:56:16.565 [FXGL Background Thread 3 ] DEBUG Engine               - height: 720
16:56:16.565 [FXGL Background Thread 3 ] DEBUG Engine               - is3D: false
16:56:16.565 [FXGL Background Thread 3 ] DEBUG Engine               - isAndroid: false
16:56:16.565 [FXGL Background Thread 3 ] DEBUG Engine               - isBrowser: false
16:56:16.565 [FXGL Background Thread 3 ] DEBUG Engine               - isClickFeedbackEnabled: false
16:56:16.565 [FXGL Background Thread 3 ] DEBUG Engine               - isCloseConfirmation: false
16:56:16.565 [FXGL Background Thread 3 ] DEBUG Engine               - isDesktop: true
16:56:16.565 [FXGL Background Thread 3 ] DEBUG Engine               - isDeveloperMenuEnabled: false
16:56:16.565 [FXGL Background Thread 3 ] DEBUG Engine               - isEmbedded: false
16:56:16.565 [FXGL Background Thread 3 ] DEBUG Engine               - isEntityPreloadEnabled: true
16:56:16.566 [FXGL Background Thread 3 ] DEBUG Engine               - isExperimentalTiledLargeMap: false
16:56:16.566 [FXGL Background Thread 3 ] DEBUG Engine               - isFileSystemWriteAllowed: true
16:56:16.566 [FXGL Background Thread 3 ] DEBUG Engine               - isFullScreenAllowed: false
16:56:16.566 [FXGL Background Thread 3 ] DEBUG Engine               - isFullScreenFromStart: false
16:56:16.566 [FXGL Background Thread 3 ] DEBUG Engine               - isGameMenuEnabled: true
16:56:16.566 [FXGL Background Thread 3 ] DEBUG Engine               - isIOS: false
16:56:16.566 [FXGL Background Thread 3 ] DEBUG Engine               - isIntroEnabled: false
16:56:16.566 [FXGL Background Thread 3 ] DEBUG Engine               - isLinux: false
16:56:16.566 [FXGL Background Thread 3 ] DEBUG Engine               - isMac: false
16:56:16.566 [FXGL Background Thread 3 ] DEBUG Engine               - isMainMenuEnabled: true
16:56:16.566 [FXGL Background Thread 3 ] DEBUG Engine               - isManualResizeEnabled: false
16:56:16.566 [FXGL Background Thread 3 ] DEBUG Engine               - isMobile: false
16:56:16.566 [FXGL Background Thread 3 ] DEBUG Engine               - isNative: false
16:56:16.566 [FXGL Background Thread 3 ] DEBUG Engine               - isPauseMusicWhenMinimized: true
16:56:16.566 [FXGL Background Thread 3 ] DEBUG Engine               - isPreserveResizeRatio: false
16:56:16.566 [FXGL Background Thread 3 ] DEBUG Engine               - isProfilingEnabled: false
16:56:16.566 [FXGL Background Thread 3 ] DEBUG Engine               - isScaleAffectedOnResize: true
16:56:16.566 [FXGL Background Thread 3 ] DEBUG Engine               - isSingleStep: false
16:56:16.566 [FXGL Background Thread 3 ] DEBUG Engine               - isUserProfileEnabled: false
16:56:16.566 [FXGL Background Thread 3 ] DEBUG Engine               - isWindows: true
16:56:16.566 [FXGL Background Thread 3 ] DEBUG Engine               - language: ObjectProperty [value: ENGLISH]
16:56:16.566 [FXGL Background Thread 3 ] DEBUG Engine               - menuKey: ESCAPE
16:56:16.566 [FXGL Background Thread 3 ] DEBUG Engine               - mouseSensitivity: 0.2
16:56:16.566 [FXGL Background Thread 3 ] DEBUG Engine               - notificationViewClass: class com.almasb.fxgl.notification.view.XboxNotificationView
16:56:16.566 [FXGL Background Thread 3 ] DEBUG Engine               - pixelsPerMeter: 50.0
16:56:16.566 [FXGL Background Thread 3 ] DEBUG Engine               - platform: WINDOWS
16:56:16.566 [FXGL Background Thread 3 ] DEBUG Engine               - prefHeightProperty: ReadOnlyDoubleProperty [value: 720.0]
16:56:16.566 [FXGL Background Thread 3 ] DEBUG Engine               - prefWidthProperty: ReadOnlyDoubleProperty [value: 960.0]
16:56:16.566 [FXGL Background Thread 3 ] DEBUG Engine               - profileDir: profiles/
16:56:16.566 [FXGL Background Thread 3 ] DEBUG Engine               - profileName: StringProperty [value: DEFAULT]
16:56:16.567 [FXGL Background Thread 3 ] DEBUG Engine               - randomSeed: -1
16:56:16.567 [FXGL Background Thread 3 ] DEBUG Engine               - runtimeInfo: RuntimeInfo(platform=WINDOWS, version=17.3, build=30.03.2023 11.49)
16:56:16.567 [FXGL Background Thread 3 ] DEBUG Engine               - saveFileExt: sav
16:56:16.567 [FXGL Background Thread 3 ] DEBUG Engine               - scaledHeightProp$fxgl: DoubleProperty [bound, value: 720.0]
16:56:16.567 [FXGL Background Thread 3 ] DEBUG Engine               - scaledWidthProp$fxgl: DoubleProperty [bound, value: 960.0]
16:56:16.567 [FXGL Background Thread 3 ] DEBUG Engine               - sceneFactory: view.GeneralInit$1@dd86846
16:56:16.567 [FXGL Background Thread 3 ] DEBUG Engine               - secondsIn24h: 60
16:56:16.567 [FXGL Background Thread 3 ] DEBUG Engine               - soundMenuBack: menu/back.wav
16:56:16.567 [FXGL Background Thread 3 ] DEBUG Engine               - soundMenuPress: menu/press.wav
16:56:16.567 [FXGL Background Thread 3 ] DEBUG Engine               - soundMenuSelect: menu/select.wav
16:56:16.567 [FXGL Background Thread 3 ] DEBUG Engine               - soundNotification: core/notification.wav
16:56:16.567 [FXGL Background Thread 3 ] DEBUG Engine               - stageStyle: DECORATED
16:56:16.567 [FXGL Background Thread 3 ] DEBUG Engine               - supportedLanguages: [ENGLISH, FRENCH, GERMAN, HUNGARIAN, RUSSIAN]
16:56:16.567 [FXGL Background Thread 3 ] DEBUG Engine               - ticksPerSecond: -1
16:56:16.567 [FXGL Background Thread 3 ] DEBUG Engine               - title: Akanov-an225
16:56:16.567 [FXGL Background Thread 3 ] DEBUG Engine               - urlGithub: https://github.com/AlmasB/FXGL
16:56:16.567 [FXGL Background Thread 3 ] DEBUG Engine               - urlLeaderboard: http://fxgl-top.herokuapp.com/
16:56:16.567 [FXGL Background Thread 3 ] DEBUG Engine               - urlPOM: https://raw.githubusercontent.com/AlmasB/FXGL/release/README.md
16:56:16.567 [FXGL Background Thread 3 ] DEBUG Engine               - userAppClass: class view.Launch
16:56:16.567 [FXGL Background Thread 3 ] DEBUG Engine               - version: 0.2
16:56:16.567 [FXGL Background Thread 3 ] DEBUG Engine               - versionCheckDays: 7
16:56:16.567 [FXGL Background Thread 3 ] DEBUG Engine               - width: 960
16:56:16.567 [FXGL Background Thread 3 ] DEBUG Engine               - Logging services
16:56:16.567 [FXGL Background Thread 3 ] DEBUG Engine               - class com.almasb.fxgl.app.services.FXGLAssetLoaderService
16:56:16.567 [FXGL Background Thread 3 ] DEBUG Engine               - class com.almasb.fxgl.app.FXGLApplication$GameApplicationService
16:56:16.568 [FXGL Background Thread 3 ] DEBUG Engine               - class com.almasb.fxgl.app.services.FXGLDialogService
16:56:16.568 [FXGL Background Thread 3 ] DEBUG Engine               - class com.almasb.fxgl.app.services.IOTaskExecutorService
16:56:16.568 [FXGL Background Thread 3 ] DEBUG Engine               - class com.almasb.fxgl.io.FileSystemService
16:56:16.568 [FXGL Background Thread 3 ] DEBUG Engine               - class com.almasb.fxgl.localization.LocalizationService
16:56:16.568 [FXGL Background Thread 3 ] DEBUG Engine               - class com.almasb.fxgl.app.services.SystemBundleService
16:56:16.568 [FXGL Background Thread 3 ] DEBUG Engine               - class com.almasb.fxgl.profile.SaveLoadService
16:56:16.568 [FXGL Background Thread 3 ] DEBUG Engine               - class com.almasb.fxgl.ui.FXGLUIFactoryServiceProvider
16:56:16.568 [FXGL Background Thread 3 ] DEBUG Engine               - class com.almasb.fxgl.ui.FXGLDialogFactoryServiceProvider
16:56:16.568 [FXGL Background Thread 3 ] DEBUG Engine               - class com.almasb.fxgl.audio.AudioPlayer
16:56:16.568 [FXGL Background Thread 3 ] DEBUG Engine               - class com.almasb.fxgl.notification.impl.NotificationServiceProvider
16:56:16.568 [FXGL Background Thread 3 ] DEBUG Engine               - class com.almasb.fxgl.achievement.AchievementService
16:56:16.568 [FXGL Background Thread 3 ] DEBUG Engine               - class com.almasb.fxgl.cutscene.CutsceneService
16:56:16.568 [FXGL Background Thread 3 ] DEBUG Engine               - class com.almasb.fxgl.minigames.MiniGameService
16:56:16.568 [FXGL Background Thread 3 ] DEBUG Engine               - class com.almasb.fxgl.net.NetService
16:56:16.568 [FXGL Background Thread 3 ] DEBUG Engine               - class com.almasb.fxgl.app.services.UpdaterService
16:56:16.568 [FXGL Background Thread 3 ] DEBUG Engine               - class com.almasb.fxgl.dev.DevService
16:56:19.072 [JavaFX Application Thread] DEBUG LoopRunner           - Stopping loop
16:56:19.073 [JavaFX Application Thread] FATAL FXGLApplication      - Uncaught Exception:
java.util.ConcurrentModificationException
	at java.base/java.util.ArrayList$Itr.checkForComodification(ArrayList.java:1096)
	at java.base/java.util.ArrayList$Itr.next(ArrayList.java:1050)
	at view/controller.ball_control.Ball.update(Ball.java:91)
	at view/view.Launch.onUpdate(Launch.java:57)
	at com.almasb.fxgl.all@17.3/com.almasb.fxgl.app.FXGLApplication$GameApplicationService.onGameUpdate(FXGLApplication.kt:421)
	at com.almasb.fxgl.all@17.3/com.almasb.fxgl.app.Engine.onGameUpdate(Engine.kt:138)
	at com.almasb.fxgl.all@17.3/com.almasb.fxgl.app.FXGLApplication.postServicesInit$lambda$7(FXGLApplication.kt:182)
	at com.almasb.fxgl.scene@17.3/com.almasb.fxgl.scene.Scene.update(Scene.kt:113)
	at com.almasb.fxgl.all@17.3/com.almasb.fxgl.app.MainWindow$update$1.invoke(MainWindow.kt:115)
	at com.almasb.fxgl.all@17.3/com.almasb.fxgl.app.MainWindow$update$1.invoke(MainWindow.kt:115)
	at com.almasb.fxgl.core@17.3/com.almasb.fxgl.core.fsm.StateMachine.runOnActiveStates(StateMachine.kt:69)
	at com.almasb.fxgl.all@17.3/com.almasb.fxgl.app.MainWindow.update(MainWindow.kt:115)
	at com.almasb.fxgl.all@17.3/com.almasb.fxgl.app.FXGLApplication$GameApplicationService.onUpdate(FXGLApplication.kt:426)
	at com.almasb.fxgl.all@17.3/com.almasb.fxgl.app.Engine.loop(Engine.kt:134)
	at com.almasb.fxgl.all@17.3/com.almasb.fxgl.app.Engine.access$loop(Engine.kt:24)
	at com.almasb.fxgl.all@17.3/com.almasb.fxgl.app.Engine$loop$1.invoke(Engine.kt:28)
	at com.almasb.fxgl.all@17.3/com.almasb.fxgl.app.Engine$loop$1.invoke(Engine.kt:28)
	at com.almasb.fxgl.all@17.3/com.almasb.fxgl.app.LoopRunner.frame(LoopRunner.kt:103)
	at com.almasb.fxgl.all@17.3/com.almasb.fxgl.app.LoopRunner.access$frame(LoopRunner.kt:23)
	at com.almasb.fxgl.all@17.3/com.almasb.fxgl.app.LoopRunner$impl$2$1.onTick(LoopRunner.kt:57)
	at com.almasb.fxgl.all@17.3/com.almasb.fxgl.app.AnimationTimerLoop$timer$1.handle(LoopRunner.kt:137)
	at javafx.graphics@21.0.6/javafx.animation.AnimationTimer$AnimationTimerReceiver.lambda$handle$0(AnimationTimer.java:58)
	at java.base/java.security.AccessController.doPrivileged(AccessController.java:138)
	at javafx.graphics@21.0.6/javafx.animation.AnimationTimer$AnimationTimerReceiver.handle(AnimationTimer.java:57)
	at javafx.graphics@21.0.6/com.sun.scenario.animation.AbstractPrimaryTimer.timePulseImpl(AbstractPrimaryTimer.java:356)
	at javafx.graphics@21.0.6/com.sun.scenario.animation.AbstractPrimaryTimer$MainLoop.run(AbstractPrimaryTimer.java:266)
	at javafx.graphics@21.0.6/com.sun.javafx.tk.quantum.QuantumToolkit.pulse(QuantumToolkit.java:588)
	at javafx.graphics@21.0.6/com.sun.javafx.tk.quantum.QuantumToolkit.pulse(QuantumToolkit.java:572)
	at javafx.graphics@21.0.6/com.sun.javafx.tk.quantum.QuantumToolkit.pulseFromQueue(QuantumToolkit.java:565)
	at javafx.graphics@21.0.6/com.sun.javafx.tk.quantum.QuantumToolkit.lambda$runToolkit$11(QuantumToolkit.java:352)
	at javafx.graphics@21.0.6/com.sun.glass.ui.InvokeLaterDispatcher$Future.run(InvokeLaterDispatcher.java:95)
	at javafx.graphics@21.0.6/com.sun.glass.ui.win.WinApplication._runLoop(Native Method)
	at javafx.graphics@21.0.6/com.sun.glass.ui.win.WinApplication.lambda$runLoop$3(WinApplication.java:185)
	at java.base/java.lang.Thread.run(Thread.java:1447)

16:56:19.073 [JavaFX Application Thread] FATAL FXGLApplication      - Application will now exit
16:56:19.096 [JavaFX Application Thread] DEBUG PrimaryStageWindow   - Push state: ErrorSubScene
16:56:19.096 [JavaFX Application Thread] DEBUG Input                - Clearing active input actions
16:56:19.101 [JavaFX Application Thread] DEBUG GameApplicationServi - Removing overlay from GameScene and adding to ErrorSubScene
16:56:19.102 [JavaFX Application Thread] DEBUG PrimaryStageWindow   - GameScene -> ErrorSubScene
16:56:26.653 [JavaFX Application Thread] DEBUG FXGLApplication      - Exiting FXGL
16:56:26.653 [JavaFX Application Thread] DEBUG Async                - Shutting down background threads
16:56:26.654 [JavaFX Application Thread] DEBUG PrimaryStageWindow   - Closing main window
16:56:26.669 [JavaFX Application Thread] DEBUG Logger               - Closing Logger
