13:07:23.396 [main                     ] DEBUG Logger               - Configured Logger
13:07:23.404 [main                     ] DEBUG GameApplication      - Logging settings
Title: Akanov-an225
Version: 0.2
Width: 960
Height: 720
Fullscreen: false
Intro: false
Profiling: false
Single step:false
App Mode: DEVELOPER
Menu Key: ESCAPE
Stage Style: DECORATED
Scene Factory: class view.GeneralInit$1

13:07:23.795 [JavaFX Application Thread] DEBUG FXGLApplication      - Initializing FXGL
13:07:23.798 [JavaFX Application Thread] INFO  Engine               - FXGL-17.3 (30.03.2023 11.49) on WINDOWS (J:24.0.2 FX:21.0.6)
13:07:23.798 [JavaFX Application Thread] DEBUG Engine               - JRE Vendor Name: Oracle Corporation
13:07:23.798 [JavaFX Application Thread] DEBUG Engine               - Running on OS: Windows 11 version 10.0
13:07:23.799 [JavaFX Application Thread] DEBUG Engine               - Architecture: amd64
13:07:23.799 [JavaFX Application Thread] INFO  Engine               - Source code and latest versions at: https://github.com/AlmasB/FXGL
13:07:23.799 [JavaFX Application Thread] INFO  Engine               -       Ask questions and discuss at: https://github.com/AlmasB/FXGL/discussions
13:07:23.799 [JavaFX Application Thread] INFO  Engine               -              Join the FXGL chat at: https://gitter.im/AlmasB/FXGL
13:07:23.878 [JavaFX Application Thread] DEBUG PrimaryStageWindow   - Creating a JavaFX scene
13:07:23.933 [JavaFX Application Thread] DEBUG PrimaryStageWindow   - Target settings size: 960.0 x 720.0
13:07:23.934 [JavaFX Application Thread] DEBUG PrimaryStageWindow   - Scaled scene size:    960.0 x 720.0
13:07:23.934 [JavaFX Application Thread] DEBUG PrimaryStageWindow   - Scaled ratio: (1.0, 1.0)
13:07:23.935 [JavaFX Application Thread] DEBUG PrimaryStageWindow   - Set initial scene to FXGLStartupScene
13:07:23.938 [JavaFX Application Thread] DEBUG PrimaryStageWindow   - Opening main window
13:07:24.065 [JavaFX Application Thread] DEBUG PrimaryStageWindow   - Window border size: (14.4000244140625, 37.5999755859375)
13:07:24.065 [JavaFX Application Thread] DEBUG PrimaryStageWindow   - Scaled size: 960.0 x 720.0
13:07:24.066 [JavaFX Application Thread] DEBUG PrimaryStageWindow   - Scaled ratio: (1.0, 1.0)
13:07:24.066 [JavaFX Application Thread] DEBUG PrimaryStageWindow   - Scene size: 960.0 x 720.0
13:07:24.066 [JavaFX Application Thread] DEBUG PrimaryStageWindow   - Stage size: 974.4000244140625 x 757.5999755859375
13:07:24.077 [FXGL Background Thread 1 ] DEBUG Engine               - Initializing environment variables
13:07:24.159 [FXGL Background Thread 1 ] DEBUG FXGLAssetLoaderServi - User app class for loading assets: class view.Launch
13:07:24.161 [FXGL Background Thread 1 ] DEBUG GameApplicationServi - Applying CSS: fxgl_dark.css
13:07:24.162 [FXGL Background Thread 1 ] DEBUG FXGLAssetLoaderServi - Loading from file system: jar:file:///C:/Users/nguye/.m2/repository/com/github/almasb/fxgl/17.3/fxgl-17.3.jar!/fxglassets/ui/css/fxgl_dark.css
13:07:24.217 [FXGL Background Thread 1 ] DEBUG GameApplicationServi - Initializing application scenes
13:07:24.258 [FXGL Background Thread 1 ] DEBUG GameWorld            - Game world initialized
13:07:24.322 [FXGL Background Thread 1 ] DEBUG PhysicsWorld         - Physics world initialized: appHeight=720, physics.ppm=50.0
13:07:24.322 [FXGL Background Thread 1 ] DEBUG PhysicsWorld         - Using strategy: BRUTE_FORCE
13:07:24.325 [FXGL Background Thread 1 ] DEBUG GameScene            - Game scene initialized: 960x720
13:07:24.662 [FXGL Background Thread 1 ] DEBUG GameApplicationServi - Application scenes initialized
13:07:24.676 [FXGL Background Thread 1 ] DEBUG SystemBundleService  - Loading FXGL system data
13:07:24.682 [FXGL Background Thread 1 ] DEBUG FileSystemAccess     - Reading from: C:\akk\akanov-an225\system\fxgl.bundle
13:07:24.692 [FXGL Background Thread 1 ] DEBUG SystemBundleService  - Bundle FXGL: {}
13:07:24.692 [FXGL Background Thread 1 ] DEBUG UpdaterService       - Checking for updates
13:07:24.700 [FXGL Background Thread 4 ] DEBUG FXGLApplication      - Loading fonts
13:07:24.700 [FXGL Background Thread 4 ] DEBUG FXGLAssetLoaderServi - Loading from file system: jar:file:///C:/Users/nguye/.m2/repository/com/github/almasb/fxgl/17.3/fxgl-17.3.jar!/fxglassets/ui/fonts/VarelaRound-Regular.ttf
13:07:24.700 [FXGL Background Thread 1 ] DEBUG FXGLApplication      - Loading default localization
13:07:24.701 [FXGL Background Thread 1 ] DEBUG FXGLAssetLoaderServi - Loading from file system: jar:file:///C:/Users/nguye/.m2/repository/com/github/almasb/fxgl/17.3/fxgl-17.3.jar!/fxglassets/languages/english.lang
13:07:24.726 [FXGL Background Thread 1 ] INFO  FXGLApplication      - FXGL initialization took: 0.648 sec
13:07:24.741 [JavaFX Application Thread] DEBUG Input                - Registered new binding: action0 - Right
13:07:24.742 [JavaFX Application Thread] DEBUG Input                - Registered new binding: action1 - Left
13:07:24.743 [JavaFX Application Thread] DEBUG FXGLAssetLoaderServi - Loading from file system: jar:file:///C:/Users/nguye/.m2/repository/com/github/almasb/fxgl/17.3/fxgl-17.3.jar!/fxglassets/textures/fxgl_icon.png
13:07:24.744 [FXGL Background Thread 4 ] DEBUG FXGLAssetLoaderServi - Loading from file system: jar:file:///C:/Users/nguye/.m2/repository/com/github/almasb/fxgl/17.3/fxgl-17.3.jar!/fxglassets/ui/fonts/Abel-Regular.ttf
13:07:24.748 [FXGL Background Thread 4 ] DEBUG FXGLAssetLoaderServi - Loading from file system: jar:file:///C:/Users/nguye/.m2/repository/com/github/almasb/fxgl/17.3/fxgl-17.3.jar!/fxglassets/ui/fonts/TerminalLandMono-Regular.otf
13:07:24.752 [FXGL Background Thread 4 ] DEBUG FXGLAssetLoaderServi - Loading from file system: jar:file:///C:/Users/nguye/.m2/repository/com/github/almasb/fxgl/17.3/fxgl-17.3.jar!/fxglassets/ui/fonts/Courier-Prime.ttf
13:07:24.776 [JavaFX Application Thread] DEBUG FXGLAssetLoaderServi - Loading from file system: jar:file:///C:/Users/nguye/.m2/repository/com/github/almasb/fxgl/17.3/fxgl-17.3.jar!/fxglassets/textures/fxgl_default_cursor.png
13:07:24.778 [JavaFX Application Thread] DEBUG Input                - Registered new binding: Screenshot - CTRL+8
13:07:24.781 [JavaFX Application Thread] DEBUG Input                - Registered new binding: System info dump - CTRL+9
13:07:24.782 [JavaFX Application Thread] DEBUG Input                - Registered new binding: Restart - CTRL+R
13:07:24.782 [JavaFX Application Thread] DEBUG Input                - Registered new binding: Toggle Debug Camera - CTRL+7
13:07:24.785 [JavaFX Application Thread] DEBUG LoopRunner           - Starting loop
13:07:24.785 [JavaFX Application Thread] DEBUG LoopRunner           - Initializing JavaFX AnimationTimerLoop
13:07:24.788 [JavaFX Application Thread] DEBUG Input                - Clearing active input actions
13:07:24.795 [JavaFX Application Thread] DEBUG GameApplicationServi - Removing overlay from FXGLStartupScene and adding to FXGLMainMenuDummyScene
13:07:24.796 [JavaFX Application Thread] DEBUG PrimaryStageWindow   - FXGLStartupScene -> FXGLMainMenuDummyScene
13:07:24.796 [JavaFX Application Thread] DEBUG PrimaryStageWindow   - Push state: MainMenu
13:07:24.796 [JavaFX Application Thread] DEBUG Input                - Clearing active input actions
13:07:24.806 [JavaFX Application Thread] DEBUG GameApplicationServi - Removing overlay from FXGLMainMenuDummyScene and adding to MainMenu
13:07:24.807 [JavaFX Application Thread] DEBUG PrimaryStageWindow   - FXGLMainMenuDummyScene -> MainMenu
13:07:24.810 [JavaFX Application Thread] DEBUG FXGLApplication      - Registering font factories with UI factory
13:07:25.624 [FXGL Background Thread 2 ] INFO  UpdaterService       - Your current version:  17.3
13:07:25.624 [FXGL Background Thread 2 ] INFO  UpdaterService       - Latest stable version: 21.1
13:07:27.699 [FXGL Background Thread 3 ] DEBUG Engine               - Logging environment variables
13:07:27.699 [FXGL Background Thread 3 ] DEBUG Engine               - achievements: []
13:07:27.700 [FXGL Background Thread 3 ] DEBUG Engine               - actualHeight: 720.0
13:07:27.700 [FXGL Background Thread 3 ] DEBUG Engine               - actualHeightProperty: ReadOnlyDoubleProperty [value: 720.0]
13:07:27.700 [FXGL Background Thread 3 ] DEBUG Engine               - actualWidth: 960.0
13:07:27.700 [FXGL Background Thread 3 ] DEBUG Engine               - actualWidthProperty: ReadOnlyDoubleProperty [value: 960.0]
13:07:27.700 [FXGL Background Thread 3 ] DEBUG Engine               - appIcon: fxgl_icon.png
13:07:27.700 [FXGL Background Thread 3 ] DEBUG Engine               - applicationMode: DEVELOPER
13:07:27.700 [FXGL Background Thread 3 ] DEBUG Engine               - cSSList: [fxgl_dark.css]
13:07:27.700 [FXGL Background Thread 3 ] DEBUG Engine               - collisionDetectionStrategy: BRUTE_FORCE
13:07:27.701 [FXGL Background Thread 3 ] DEBUG Engine               - configClass: Optional.empty
13:07:27.701 [FXGL Background Thread 3 ] DEBUG Engine               - credits: []
13:07:27.704 [FXGL Background Thread 3 ] DEBUG Engine               - defaultCursor: CursorInfo(imageName=fxgl_default_cursor.png, hotspotX=7.0, hotspotY=6.0)
13:07:27.705 [FXGL Background Thread 3 ] DEBUG Engine               - devBBoxColorProperty: ObjectProperty [value: 0xff0000ff]
13:07:27.705 [FXGL Background Thread 3 ] DEBUG Engine               - devEnableDebugCameraProperty: BooleanProperty [value: false]
13:07:27.705 [FXGL Background Thread 3 ] DEBUG Engine               - devSensorColorProperty: ObjectProperty [value: 0xffff00ff]
13:07:27.705 [FXGL Background Thread 3 ] DEBUG Engine               - devShowBBoxProperty: BooleanProperty [value: false]
13:07:27.705 [FXGL Background Thread 3 ] DEBUG Engine               - devShowPositionProperty: BooleanProperty [value: false]
13:07:27.705 [FXGL Background Thread 3 ] DEBUG Engine               - enabledMenuItems: []
13:07:27.706 [FXGL Background Thread 3 ] DEBUG Engine               - engineServices: [class com.almasb.fxgl.app.services.FXGLAssetLoaderService, class com.almasb.fxgl.app.FXGLApplication$GameApplicationService, class com.almasb.fxgl.app.services.FXGLDialogService, class com.almasb.fxgl.app.services.IOTaskExecutorService, class com.almasb.fxgl.io.FileSystemService, class com.almasb.fxgl.localization.LocalizationService, class com.almasb.fxgl.app.services.SystemBundleService, class com.almasb.fxgl.profile.SaveLoadService, class com.almasb.fxgl.ui.FXGLUIFactoryServiceProvider, class com.almasb.fxgl.ui.FXGLDialogFactoryServiceProvider, class com.almasb.fxgl.audio.AudioPlayer, class com.almasb.fxgl.notification.impl.NotificationServiceProvider, class com.almasb.fxgl.achievement.AchievementService, class com.almasb.fxgl.cutscene.CutsceneService, class com.almasb.fxgl.minigames.MiniGameService, class com.almasb.fxgl.net.NetService, class com.almasb.fxgl.app.services.UpdaterService, class com.almasb.fxgl.dev.DevService]
13:07:27.706 [FXGL Background Thread 3 ] DEBUG Engine               - fontGame: Abel-Regular.ttf
13:07:27.706 [FXGL Background Thread 3 ] DEBUG Engine               - fontMono: TerminalLandMono-Regular.otf
13:07:27.706 [FXGL Background Thread 3 ] DEBUG Engine               - fontSizeScaleUI: 1.0
13:07:27.706 [FXGL Background Thread 3 ] DEBUG Engine               - fontText: Courier-Prime.ttf
13:07:27.706 [FXGL Background Thread 3 ] DEBUG Engine               - fontUI: VarelaRound-Regular.ttf
13:07:27.706 [FXGL Background Thread 3 ] DEBUG Engine               - fullScreen: BooleanProperty [value: false]
13:07:27.706 [FXGL Background Thread 3 ] DEBUG Engine               - gameDifficulty: MEDIUM
13:07:27.706 [FXGL Background Thread 3 ] DEBUG Engine               - gameDifficultyProperty: ObjectProperty [value: MEDIUM]
13:07:27.706 [FXGL Background Thread 3 ] DEBUG Engine               - globalMusicVolume: 0.5
13:07:27.706 [FXGL Background Thread 3 ] DEBUG Engine               - globalMusicVolumeProperty: DoubleProperty [value: 0.5]
13:07:27.707 [FXGL Background Thread 3 ] DEBUG Engine               - globalSoundVolume: 0.5
13:07:27.707 [FXGL Background Thread 3 ] DEBUG Engine               - globalSoundVolumeProperty: DoubleProperty [value: 0.5]
13:07:27.707 [FXGL Background Thread 3 ] DEBUG Engine               - height: 720
13:07:27.707 [FXGL Background Thread 3 ] DEBUG Engine               - is3D: false
13:07:27.707 [FXGL Background Thread 3 ] DEBUG Engine               - isAndroid: false
13:07:27.707 [FXGL Background Thread 3 ] DEBUG Engine               - isBrowser: false
13:07:27.707 [FXGL Background Thread 3 ] DEBUG Engine               - isClickFeedbackEnabled: false
13:07:27.707 [FXGL Background Thread 3 ] DEBUG Engine               - isCloseConfirmation: false
13:07:27.707 [FXGL Background Thread 3 ] DEBUG Engine               - isDesktop: true
13:07:27.707 [FXGL Background Thread 3 ] DEBUG Engine               - isDeveloperMenuEnabled: false
13:07:27.707 [FXGL Background Thread 3 ] DEBUG Engine               - isEmbedded: false
13:07:27.707 [FXGL Background Thread 3 ] DEBUG Engine               - isEntityPreloadEnabled: true
13:07:27.707 [FXGL Background Thread 3 ] DEBUG Engine               - isExperimentalTiledLargeMap: false
13:07:27.708 [FXGL Background Thread 3 ] DEBUG Engine               - isFileSystemWriteAllowed: true
13:07:27.708 [FXGL Background Thread 3 ] DEBUG Engine               - isFullScreenAllowed: false
13:07:27.708 [FXGL Background Thread 3 ] DEBUG Engine               - isFullScreenFromStart: false
13:07:27.708 [FXGL Background Thread 3 ] DEBUG Engine               - isGameMenuEnabled: true
13:07:27.708 [FXGL Background Thread 3 ] DEBUG Engine               - isIOS: false
13:07:27.708 [FXGL Background Thread 3 ] DEBUG Engine               - isIntroEnabled: false
13:07:27.708 [FXGL Background Thread 3 ] DEBUG Engine               - isLinux: false
13:07:27.708 [FXGL Background Thread 3 ] DEBUG Engine               - isMac: false
13:07:27.708 [FXGL Background Thread 3 ] DEBUG Engine               - isMainMenuEnabled: true
13:07:27.708 [FXGL Background Thread 3 ] DEBUG Engine               - isManualResizeEnabled: false
13:07:27.708 [FXGL Background Thread 3 ] DEBUG Engine               - isMobile: false
13:07:27.709 [FXGL Background Thread 3 ] DEBUG Engine               - isNative: false
13:07:27.709 [FXGL Background Thread 3 ] DEBUG Engine               - isPauseMusicWhenMinimized: true
13:07:27.709 [FXGL Background Thread 3 ] DEBUG Engine               - isPreserveResizeRatio: false
13:07:27.709 [FXGL Background Thread 3 ] DEBUG Engine               - isProfilingEnabled: false
13:07:27.709 [FXGL Background Thread 3 ] DEBUG Engine               - isScaleAffectedOnResize: true
13:07:27.709 [FXGL Background Thread 3 ] DEBUG Engine               - isSingleStep: false
13:07:27.709 [FXGL Background Thread 3 ] DEBUG Engine               - isUserProfileEnabled: false
13:07:27.709 [FXGL Background Thread 3 ] DEBUG Engine               - isWindows: true
13:07:27.709 [FXGL Background Thread 3 ] DEBUG Engine               - language: ObjectProperty [value: ENGLISH]
13:07:27.709 [FXGL Background Thread 3 ] DEBUG Engine               - menuKey: ESCAPE
13:07:27.709 [FXGL Background Thread 3 ] DEBUG Engine               - mouseSensitivity: 0.2
13:07:27.710 [FXGL Background Thread 3 ] DEBUG Engine               - notificationViewClass: class com.almasb.fxgl.notification.view.XboxNotificationView
13:07:27.710 [FXGL Background Thread 3 ] DEBUG Engine               - pixelsPerMeter: 50.0
13:07:27.710 [FXGL Background Thread 3 ] DEBUG Engine               - platform: WINDOWS
13:07:27.710 [FXGL Background Thread 3 ] DEBUG Engine               - prefHeightProperty: ReadOnlyDoubleProperty [value: 720.0]
13:07:27.710 [FXGL Background Thread 3 ] DEBUG Engine               - prefWidthProperty: ReadOnlyDoubleProperty [value: 960.0]
13:07:27.710 [FXGL Background Thread 3 ] DEBUG Engine               - profileDir: profiles/
13:07:27.710 [FXGL Background Thread 3 ] DEBUG Engine               - profileName: StringProperty [value: DEFAULT]
13:07:27.710 [FXGL Background Thread 3 ] DEBUG Engine               - randomSeed: -1
13:07:27.710 [FXGL Background Thread 3 ] DEBUG Engine               - runtimeInfo: RuntimeInfo(platform=WINDOWS, version=17.3, build=30.03.2023 11.49)
13:07:27.710 [FXGL Background Thread 3 ] DEBUG Engine               - saveFileExt: sav
13:07:27.710 [FXGL Background Thread 3 ] DEBUG Engine               - scaledHeightProp$fxgl: DoubleProperty [bound, value: 720.0]
13:07:27.711 [FXGL Background Thread 3 ] DEBUG Engine               - scaledWidthProp$fxgl: DoubleProperty [bound, value: 960.0]
13:07:27.711 [FXGL Background Thread 3 ] DEBUG Engine               - sceneFactory: view.GeneralInit$1@26c764fe
13:07:27.711 [FXGL Background Thread 3 ] DEBUG Engine               - secondsIn24h: 60
13:07:27.711 [FXGL Background Thread 3 ] DEBUG Engine               - soundMenuBack: menu/back.wav
13:07:27.711 [FXGL Background Thread 3 ] DEBUG Engine               - soundMenuPress: menu/press.wav
13:07:27.711 [FXGL Background Thread 3 ] DEBUG Engine               - soundMenuSelect: menu/select.wav
13:07:27.711 [FXGL Background Thread 3 ] DEBUG Engine               - soundNotification: core/notification.wav
13:07:27.711 [FXGL Background Thread 3 ] DEBUG Engine               - stageStyle: DECORATED
13:07:27.711 [FXGL Background Thread 3 ] DEBUG Engine               - supportedLanguages: [ENGLISH, FRENCH, GERMAN, HUNGARIAN, RUSSIAN]
13:07:27.711 [FXGL Background Thread 3 ] DEBUG Engine               - ticksPerSecond: -1
13:07:27.711 [FXGL Background Thread 3 ] DEBUG Engine               - title: Akanov-an225
13:07:27.711 [FXGL Background Thread 3 ] DEBUG Engine               - urlGithub: https://github.com/AlmasB/FXGL
13:07:27.712 [FXGL Background Thread 3 ] DEBUG Engine               - urlLeaderboard: http://fxgl-top.herokuapp.com/
13:07:27.712 [FXGL Background Thread 3 ] DEBUG Engine               - urlPOM: https://raw.githubusercontent.com/AlmasB/FXGL/release/README.md
13:07:27.712 [FXGL Background Thread 3 ] DEBUG Engine               - userAppClass: class view.Launch
13:07:27.712 [FXGL Background Thread 3 ] DEBUG Engine               - version: 0.2
13:07:27.712 [FXGL Background Thread 3 ] DEBUG Engine               - versionCheckDays: 7
13:07:27.712 [FXGL Background Thread 3 ] DEBUG Engine               - width: 960
13:07:27.712 [FXGL Background Thread 3 ] DEBUG Engine               - Logging services
13:07:27.712 [FXGL Background Thread 3 ] DEBUG Engine               - class com.almasb.fxgl.app.services.FXGLAssetLoaderService
13:07:27.712 [FXGL Background Thread 3 ] DEBUG Engine               - class com.almasb.fxgl.app.FXGLApplication$GameApplicationService
13:07:27.712 [FXGL Background Thread 3 ] DEBUG Engine               - class com.almasb.fxgl.app.services.FXGLDialogService
13:07:27.712 [FXGL Background Thread 3 ] DEBUG Engine               - class com.almasb.fxgl.app.services.IOTaskExecutorService
13:07:27.712 [FXGL Background Thread 3 ] DEBUG Engine               - class com.almasb.fxgl.io.FileSystemService
13:07:27.712 [FXGL Background Thread 3 ] DEBUG Engine               - class com.almasb.fxgl.localization.LocalizationService
13:07:27.712 [FXGL Background Thread 3 ] DEBUG Engine               - class com.almasb.fxgl.app.services.SystemBundleService
13:07:27.712 [FXGL Background Thread 3 ] DEBUG Engine               - class com.almasb.fxgl.profile.SaveLoadService
13:07:27.712 [FXGL Background Thread 3 ] DEBUG Engine               - class com.almasb.fxgl.ui.FXGLUIFactoryServiceProvider
13:07:27.712 [FXGL Background Thread 3 ] DEBUG Engine               - class com.almasb.fxgl.ui.FXGLDialogFactoryServiceProvider
13:07:27.713 [FXGL Background Thread 3 ] DEBUG Engine               - class com.almasb.fxgl.audio.AudioPlayer
13:07:27.713 [FXGL Background Thread 3 ] DEBUG Engine               - class com.almasb.fxgl.notification.impl.NotificationServiceProvider
13:07:27.713 [FXGL Background Thread 3 ] DEBUG Engine               - class com.almasb.fxgl.achievement.AchievementService
13:07:27.713 [FXGL Background Thread 3 ] DEBUG Engine               - class com.almasb.fxgl.cutscene.CutsceneService
13:07:27.713 [FXGL Background Thread 3 ] DEBUG Engine               - class com.almasb.fxgl.minigames.MiniGameService
13:07:27.713 [FXGL Background Thread 3 ] DEBUG Engine               - class com.almasb.fxgl.net.NetService
13:07:27.713 [FXGL Background Thread 3 ] DEBUG Engine               - class com.almasb.fxgl.app.services.UpdaterService
13:07:27.713 [FXGL Background Thread 3 ] DEBUG Engine               - class com.almasb.fxgl.dev.DevService
13:07:31.917 [JavaFX Application Thread] DEBUG PrimaryStageWindow   - Push state: DialogSubScene
13:07:31.917 [JavaFX Application Thread] DEBUG Input                - Clearing active input actions
13:07:31.919 [JavaFX Application Thread] DEBUG GameApplicationServi - Removing overlay from MainMenu and adding to DialogSubScene
13:07:31.919 [JavaFX Application Thread] DEBUG PrimaryStageWindow   - MainMenu -> DialogSubScene
13:08:10.622 [JavaFX Application Thread] DEBUG Menu                 - fireNewGame()
13:08:10.622 [JavaFX Application Thread] DEBUG GameApplicationServi - Starting new game
13:08:10.623 [JavaFX Application Thread] DEBUG PrimaryStageWindow   - Pop state: DialogSubScene
13:08:10.623 [JavaFX Application Thread] DEBUG Input                - Clearing active input actions
13:08:10.624 [JavaFX Application Thread] DEBUG GameApplicationServi - Removing overlay from DialogSubScene and adding to MainMenu
13:08:10.624 [JavaFX Application Thread] DEBUG PrimaryStageWindow   - MainMenu <- DialogSubScene
13:08:10.624 [JavaFX Application Thread] DEBUG PrimaryStageWindow   - Pop state: MainMenu
13:08:10.624 [JavaFX Application Thread] DEBUG Input                - Clearing active input actions
13:08:10.624 [JavaFX Application Thread] DEBUG GameApplicationServi - Removing overlay from MainMenu and adding to FXGLMainMenuDummyScene
13:08:10.625 [JavaFX Application Thread] DEBUG PrimaryStageWindow   - FXGLMainMenuDummyScene <- MainMenu
13:08:10.625 [JavaFX Application Thread] DEBUG Input                - Clearing active input actions
13:08:10.635 [JavaFX Application Thread] DEBUG GameApplicationServi - Removing overlay from FXGLMainMenuDummyScene and adding to FXGLLoadingScene
13:08:10.635 [JavaFX Application Thread] DEBUG PrimaryStageWindow   - FXGLMainMenuDummyScene -> FXGLLoadingScene
13:08:10.635 [JavaFX Application Thread] DEBUG GameApplicationServi - Clearing previous game
13:08:10.635 [JavaFX Application Thread] DEBUG GameScene            - Clearing game scene
13:08:10.635 [JavaFX Application Thread] DEBUG GameWorld            - Clearing game world
13:08:10.635 [JavaFX Application Thread] DEBUG PhysicsWorld         - Clearing physics world
13:08:10.638 [FXGL Background Thread 2 ] DEBUG FXGLApplication      - Initializing game
13:08:10.738 [FXGL Background Thread 2 ] WARN  Entity               - Entity already has component: com.almasb.fxgl.entity.components.BoundingBoxComponent
13:08:10.783 [FXGL Background Thread 2 ] INFO  FXGLApplication      - Game initialization took: 0.145 sec
13:08:10.783 [JavaFX Application Thread] DEBUG Input                - Clearing active input actions
13:08:10.793 [JavaFX Application Thread] DEBUG GameApplicationServi - Removing overlay from FXGLLoadingScene and adding to GameScene
13:08:10.794 [JavaFX Application Thread] DEBUG PrimaryStageWindow   - FXGLLoadingScene -> GameScene
13:08:18.720 [JavaFX Application Thread] DEBUG PrimaryStageWindow   - Push state: PauseMenu
13:08:18.757 [JavaFX Application Thread] DEBUG Input                - Clearing active input actions
13:08:18.760 [JavaFX Application Thread] DEBUG GameApplicationServi - Removing overlay from GameScene and adding to PauseMenu
13:08:18.760 [JavaFX Application Thread] DEBUG PrimaryStageWindow   - GameScene -> PauseMenu
13:08:19.790 [JavaFX Application Thread] DEBUG Menu                 - fireNewGame()
13:08:19.790 [JavaFX Application Thread] DEBUG GameApplicationServi - Starting new game
13:08:19.790 [JavaFX Application Thread] DEBUG PrimaryStageWindow   - Pop state: PauseMenu
13:08:19.790 [JavaFX Application Thread] DEBUG Input                - Clearing active input actions
13:08:19.790 [JavaFX Application Thread] DEBUG GameApplicationServi - Removing overlay from PauseMenu and adding to GameScene
13:08:19.791 [JavaFX Application Thread] DEBUG PrimaryStageWindow   - GameScene <- PauseMenu
13:08:19.791 [JavaFX Application Thread] DEBUG Input                - Clearing active input actions
13:08:19.804 [JavaFX Application Thread] DEBUG GameApplicationServi - Removing overlay from GameScene and adding to FXGLLoadingScene
13:08:19.804 [JavaFX Application Thread] DEBUG PrimaryStageWindow   - GameScene -> FXGLLoadingScene
13:08:19.805 [JavaFX Application Thread] DEBUG GameApplicationServi - Clearing previous game
13:08:19.805 [JavaFX Application Thread] DEBUG GameScene            - Clearing game scene
13:08:19.805 [JavaFX Application Thread] DEBUG GameWorld            - Clearing game world
13:08:19.813 [JavaFX Application Thread] DEBUG PhysicsWorld         - Clearing physics world
13:08:19.814 [FXGL Background Thread 2 ] DEBUG FXGLApplication      - Initializing game
13:08:19.851 [FXGL Background Thread 2 ] WARN  Entity               - Entity already has component: com.almasb.fxgl.entity.components.BoundingBoxComponent
13:08:19.884 [FXGL Background Thread 2 ] INFO  FXGLApplication      - Game initialization took: 0.070 sec
13:08:19.885 [JavaFX Application Thread] DEBUG Input                - Clearing active input actions
13:08:19.894 [JavaFX Application Thread] DEBUG GameApplicationServi - Removing overlay from FXGLLoadingScene and adding to GameScene
13:08:19.895 [JavaFX Application Thread] DEBUG PrimaryStageWindow   - FXGLLoadingScene -> GameScene
13:08:21.331 [JavaFX Application Thread] DEBUG PrimaryStageWindow   - Push state: PauseMenu
13:08:21.342 [JavaFX Application Thread] DEBUG Input                - Clearing active input actions
13:08:21.345 [JavaFX Application Thread] DEBUG GameApplicationServi - Removing overlay from GameScene and adding to PauseMenu
13:08:21.345 [JavaFX Application Thread] DEBUG PrimaryStageWindow   - GameScene -> PauseMenu
13:08:23.811 [JavaFX Application Thread] DEBUG Menu                 - fireNewGame()
13:08:23.811 [JavaFX Application Thread] DEBUG GameApplicationServi - Starting new game
13:08:23.811 [JavaFX Application Thread] DEBUG PrimaryStageWindow   - Pop state: PauseMenu
13:08:23.811 [JavaFX Application Thread] DEBUG Input                - Clearing active input actions
13:08:23.811 [JavaFX Application Thread] DEBUG GameApplicationServi - Removing overlay from PauseMenu and adding to GameScene
13:08:23.812 [JavaFX Application Thread] DEBUG PrimaryStageWindow   - GameScene <- PauseMenu
13:08:23.812 [JavaFX Application Thread] DEBUG Input                - Clearing active input actions
13:08:23.816 [JavaFX Application Thread] DEBUG GameApplicationServi - Removing overlay from GameScene and adding to FXGLLoadingScene
13:08:23.816 [JavaFX Application Thread] DEBUG PrimaryStageWindow   - GameScene -> FXGLLoadingScene
13:08:23.816 [JavaFX Application Thread] DEBUG GameApplicationServi - Clearing previous game
13:08:23.816 [JavaFX Application Thread] DEBUG GameScene            - Clearing game scene
13:08:23.816 [JavaFX Application Thread] DEBUG GameWorld            - Clearing game world
13:08:23.819 [JavaFX Application Thread] DEBUG PhysicsWorld         - Clearing physics world
13:08:23.819 [FXGL Background Thread 2 ] DEBUG FXGLApplication      - Initializing game
13:08:23.842 [FXGL Background Thread 2 ] WARN  Entity               - Entity already has component: com.almasb.fxgl.entity.components.BoundingBoxComponent
13:08:23.860 [FXGL Background Thread 2 ] INFO  FXGLApplication      - Game initialization took: 0.041 sec
13:08:23.861 [JavaFX Application Thread] DEBUG Input                - Clearing active input actions
13:08:23.866 [JavaFX Application Thread] DEBUG GameApplicationServi - Removing overlay from FXGLLoadingScene and adding to GameScene
13:08:23.866 [JavaFX Application Thread] DEBUG PrimaryStageWindow   - FXGLLoadingScene -> GameScene
13:08:24.789 [JavaFX Application Thread] DEBUG PrimaryStageWindow   - Push state: PauseMenu
13:08:24.800 [JavaFX Application Thread] DEBUG Input                - Clearing active input actions
13:08:24.802 [JavaFX Application Thread] DEBUG GameApplicationServi - Removing overlay from GameScene and adding to PauseMenu
13:08:24.802 [JavaFX Application Thread] DEBUG PrimaryStageWindow   - GameScene -> PauseMenu
13:08:25.971 [JavaFX Application Thread] DEBUG Menu                 - fireNewGame()
13:08:25.971 [JavaFX Application Thread] DEBUG GameApplicationServi - Starting new game
13:08:25.971 [JavaFX Application Thread] DEBUG PrimaryStageWindow   - Pop state: PauseMenu
13:08:25.971 [JavaFX Application Thread] DEBUG Input                - Clearing active input actions
13:08:25.972 [JavaFX Application Thread] DEBUG GameApplicationServi - Removing overlay from PauseMenu and adding to GameScene
13:08:25.973 [JavaFX Application Thread] DEBUG PrimaryStageWindow   - GameScene <- PauseMenu
13:08:25.973 [JavaFX Application Thread] DEBUG Input                - Clearing active input actions
13:08:25.979 [JavaFX Application Thread] DEBUG GameApplicationServi - Removing overlay from GameScene and adding to FXGLLoadingScene
13:08:25.979 [JavaFX Application Thread] DEBUG PrimaryStageWindow   - GameScene -> FXGLLoadingScene
13:08:25.979 [JavaFX Application Thread] DEBUG GameApplicationServi - Clearing previous game
13:08:25.979 [JavaFX Application Thread] DEBUG GameScene            - Clearing game scene
13:08:25.979 [JavaFX Application Thread] DEBUG GameWorld            - Clearing game world
13:08:25.983 [JavaFX Application Thread] DEBUG PhysicsWorld         - Clearing physics world
13:08:25.983 [FXGL Background Thread 2 ] DEBUG FXGLApplication      - Initializing game
13:08:26.030 [FXGL Background Thread 2 ] WARN  Entity               - Entity already has component: com.almasb.fxgl.entity.components.BoundingBoxComponent
13:08:26.059 [FXGL Background Thread 2 ] INFO  FXGLApplication      - Game initialization took: 0.076 sec
13:08:26.060 [JavaFX Application Thread] DEBUG Input                - Clearing active input actions
13:08:26.066 [JavaFX Application Thread] DEBUG GameApplicationServi - Removing overlay from FXGLLoadingScene and adding to GameScene
13:08:26.067 [JavaFX Application Thread] DEBUG PrimaryStageWindow   - FXGLLoadingScene -> GameScene
13:08:31.013 [JavaFX Application Thread] DEBUG PrimaryStageWindow   - Push state: PauseMenu
13:08:31.020 [JavaFX Application Thread] DEBUG Input                - Clearing active input actions
13:08:31.022 [JavaFX Application Thread] DEBUG GameApplicationServi - Removing overlay from GameScene and adding to PauseMenu
13:08:31.022 [JavaFX Application Thread] DEBUG PrimaryStageWindow   - GameScene -> PauseMenu
13:08:32.288 [JavaFX Application Thread] DEBUG Menu                 - fireExitToMainMenu()
13:08:32.290 [JavaFX Application Thread] DEBUG PrimaryStageWindow   - Push state: DialogSubScene
13:08:32.290 [JavaFX Application Thread] DEBUG Input                - Clearing active input actions
13:08:32.292 [JavaFX Application Thread] DEBUG GameApplicationServi - Removing overlay from PauseMenu and adding to DialogSubScene
13:08:32.292 [JavaFX Application Thread] DEBUG PrimaryStageWindow   - PauseMenu -> DialogSubScene
13:08:33.186 [JavaFX Application Thread] DEBUG PrimaryStageWindow   - Pop state: DialogSubScene
13:08:33.186 [JavaFX Application Thread] DEBUG Input                - Clearing active input actions
13:08:33.187 [JavaFX Application Thread] DEBUG GameApplicationServi - Removing overlay from DialogSubScene and adding to PauseMenu
13:08:33.187 [JavaFX Application Thread] DEBUG PrimaryStageWindow   - PauseMenu <- DialogSubScene
13:08:34.662 [JavaFX Application Thread] DEBUG Menu                 - fireResume()
13:08:34.662 [JavaFX Application Thread] DEBUG PrimaryStageWindow   - Pop state: PauseMenu
13:08:34.662 [JavaFX Application Thread] DEBUG Input                - Clearing active input actions
13:08:34.662 [JavaFX Application Thread] DEBUG GameApplicationServi - Removing overlay from PauseMenu and adding to GameScene
13:08:34.662 [JavaFX Application Thread] DEBUG PrimaryStageWindow   - GameScene <- PauseMenu
13:08:36.954 [JavaFX Application Thread] DEBUG PrimaryStageWindow   - Push state: PauseMenu
13:08:36.972 [JavaFX Application Thread] DEBUG Input                - Clearing active input actions
13:08:36.972 [JavaFX Application Thread] DEBUG GameApplicationServi - Removing overlay from GameScene and adding to PauseMenu
13:08:36.972 [JavaFX Application Thread] DEBUG PrimaryStageWindow   - GameScene -> PauseMenu
13:08:37.935 [JavaFX Application Thread] DEBUG Menu                 - fireNewGame()
13:08:37.935 [JavaFX Application Thread] DEBUG GameApplicationServi - Starting new game
13:08:37.935 [JavaFX Application Thread] DEBUG PrimaryStageWindow   - Pop state: PauseMenu
13:08:37.935 [JavaFX Application Thread] DEBUG Input                - Clearing active input actions
13:08:37.936 [JavaFX Application Thread] DEBUG GameApplicationServi - Removing overlay from PauseMenu and adding to GameScene
13:08:37.936 [JavaFX Application Thread] DEBUG PrimaryStageWindow   - GameScene <- PauseMenu
13:08:37.936 [JavaFX Application Thread] DEBUG Input                - Clearing active input actions
13:08:37.942 [JavaFX Application Thread] DEBUG GameApplicationServi - Removing overlay from GameScene and adding to FXGLLoadingScene
13:08:37.942 [JavaFX Application Thread] DEBUG PrimaryStageWindow   - GameScene -> FXGLLoadingScene
13:08:37.942 [JavaFX Application Thread] DEBUG GameApplicationServi - Clearing previous game
13:08:37.943 [JavaFX Application Thread] DEBUG GameScene            - Clearing game scene
13:08:37.943 [JavaFX Application Thread] DEBUG GameWorld            - Clearing game world
13:08:37.946 [JavaFX Application Thread] DEBUG PhysicsWorld         - Clearing physics world
13:08:37.946 [FXGL Background Thread 2 ] DEBUG FXGLApplication      - Initializing game
13:08:37.978 [FXGL Background Thread 2 ] WARN  Entity               - Entity already has component: com.almasb.fxgl.entity.components.BoundingBoxComponent
13:08:38.010 [FXGL Background Thread 2 ] INFO  FXGLApplication      - Game initialization took: 0.064 sec
13:08:38.012 [JavaFX Application Thread] DEBUG Input                - Clearing active input actions
13:08:38.018 [JavaFX Application Thread] DEBUG GameApplicationServi - Removing overlay from FXGLLoadingScene and adding to GameScene
13:08:38.019 [JavaFX Application Thread] DEBUG PrimaryStageWindow   - FXGLLoadingScene -> GameScene
13:08:39.827 [JavaFX Application Thread] DEBUG FXGLApplication      - Exiting FXGL
13:08:39.827 [JavaFX Application Thread] DEBUG LoopRunner           - Stopping loop
13:08:39.828 [JavaFX Application Thread] DEBUG SystemBundleService  - Saving FXGL system data
13:08:39.831 [JavaFX Application Thread] DEBUG FileSystemAccess     - Writing to: C:\akk\akanov-an225\system\fxgl.bundle
13:08:39.837 [JavaFX Application Thread] DEBUG Async                - Shutting down background threads
13:08:39.837 [JavaFX Application Thread] DEBUG PrimaryStageWindow   - Closing main window
13:08:39.878 [JavaFX Application Thread] DEBUG Logger               - Closing Logger
