18:51:54.576 [main                     ] DEBUG Logger               - Configured Logger
18:51:54.582 [main                     ] DEBUG GameApplication      - Logging settings
Title: Akanov-an225
Version: 0.2
Width: 960
Height: 720
Fullscreen: false
Intro: false
Profiling: false
Single step:false
App Mode: DEVELOPER
Menu Key: ESCAPE
Stage Style: DECORATED
Scene Factory: class com.almasb.fxgl.app.scene.SceneFactory

18:51:54.957 [JavaFX Application Thread] DEBUG FXGLApplication      - Initializing FXGL
18:51:54.960 [JavaFX Application Thread] INFO  Engine               - FXGL-17.3 (30.03.2023 11.49) on MAC (J:24.0.2 FX:21.0.6)
18:51:54.960 [JavaFX Application Thread] DEBUG Engine               - JRE Vendor Name: Amazon.com Inc.
18:51:54.961 [JavaFX Application Thread] DEBUG Engine               - Running on OS: Mac OS X version 14.8.1
18:51:54.961 [JavaFX Application Thread] DEBUG Engine               - Architecture: aarch64
18:51:54.961 [JavaFX Application Thread] INFO  Engine               - Source code and latest versions at: https://github.com/AlmasB/FXGL
18:51:54.961 [JavaFX Application Thread] INFO  Engine               -       Ask questions and discuss at: https://github.com/AlmasB/FXGL/discussions
18:51:54.961 [JavaFX Application Thread] INFO  Engine               -              Join the FXGL chat at: https://gitter.im/AlmasB/FXGL
18:51:55.035 [JavaFX Application Thread] DEBUG PrimaryStageWindow   - Creating a JavaFX scene
18:51:55.074 [JavaFX Application Thread] DEBUG PrimaryStageWindow   - Target settings size: 960.0 x 720.0
18:51:55.074 [JavaFX Application Thread] DEBUG PrimaryStageWindow   - Scaled scene size:    960.0 x 720.0
18:51:55.074 [JavaFX Application Thread] DEBUG PrimaryStageWindow   - Scaled ratio: (1.0, 1.0)
18:51:55.075 [JavaFX Application Thread] DEBUG PrimaryStageWindow   - Set initial scene to FXGLStartupScene
18:51:55.077 [JavaFX Application Thread] DEBUG PrimaryStageWindow   - Opening main window
18:51:55.157 [JavaFX Application Thread] DEBUG PrimaryStageWindow   - Window border size: (0.0, 28.0)
18:51:55.157 [JavaFX Application Thread] DEBUG PrimaryStageWindow   - Scaled size: 960.0 x 720.0
18:51:55.158 [JavaFX Application Thread] DEBUG PrimaryStageWindow   - Scaled ratio: (1.0, 1.0)
18:51:55.158 [JavaFX Application Thread] DEBUG PrimaryStageWindow   - Scene size: 960.0 x 720.0
18:51:55.158 [JavaFX Application Thread] DEBUG PrimaryStageWindow   - Stage size: 960.0 x 748.0
18:51:55.164 [FXGL Background Thread 1 ] DEBUG Engine               - Initializing environment variables
18:51:55.232 [FXGL Background Thread 1 ] DEBUG FXGLAssetLoaderServi - User app class for loading assets: class view.Launch
18:51:55.232 [FXGL Background Thread 1 ] DEBUG GameApplicationServi - Applying CSS: fxgl_dark.css
18:51:55.233 [FXGL Background Thread 1 ] DEBUG FXGLAssetLoaderServi - Loading from file system: jar:file:///Users/huyle/.m2/repository/com/github/almasb/fxgl/17.3/fxgl-17.3.jar!/fxglassets/ui/css/fxgl_dark.css
18:51:55.284 [FXGL Background Thread 1 ] DEBUG GameApplicationServi - Initializing application scenes
18:51:55.390 [FXGL Background Thread 1 ] DEBUG GameWorld            - Game world initialized
18:51:55.437 [FXGL Background Thread 1 ] DEBUG PhysicsWorld         - Physics world initialized: appHeight=720, physics.ppm=50.0
18:51:55.438 [FXGL Background Thread 1 ] DEBUG PhysicsWorld         - Using strategy: BRUTE_FORCE
18:51:55.441 [FXGL Background Thread 1 ] DEBUG GameScene            - Game scene initialized: 960x720
18:51:55.449 [FXGL Background Thread 1 ] DEBUG FXGL.DefaultMenu     - createMenuBodyGameMenu()
18:51:55.461 [FXGL Background Thread 1 ] DEBUG FXGL.DefaultMenu     - createOptionsMenu()
18:51:55.468 [FXGL Background Thread 1 ] DEBUG FXGLAssetLoaderServi - Loading from file system: jar:file:///Users/huyle/.m2/repository/com/github/almasb/fxgl/17.3/fxgl-17.3.jar!/fxglassets/textures/particles/smoke.png
18:51:55.543 [FXGL Background Thread 1 ] DEBUG FXGLAssetLoaderServi - Loading from file system: jar:file:///Users/huyle/.m2/repository/com/github/almasb/fxgl/17.3/fxgl-17.3.jar!/fxglassets/textures/particles/trace_horizontal.png
18:51:55.566 [FXGL Background Thread 1 ] DEBUG GameApplicationServi - Application scenes initialized
18:51:55.573 [FXGL Background Thread 1 ] DEBUG SystemBundleService  - Loading FXGL system data
18:51:55.576 [FXGL Background Thread 1 ] DEBUG FileSystemAccess     - Reading from: /Users/huyle/Documents/UET/year2/ki1/OOP/BTL/demo1/system/fxgl.bundle
18:51:55.581 [FXGL Background Thread 1 ] DEBUG SystemBundleService  - Bundle FXGL: {}
18:51:55.581 [FXGL Background Thread 1 ] DEBUG UpdaterService       - Checking for updates
18:51:55.585 [FXGL Background Thread 4 ] DEBUG FXGLApplication      - Loading fonts
18:51:55.586 [FXGL Background Thread 4 ] DEBUG FXGLAssetLoaderServi - Loading from file system: jar:file:///Users/huyle/.m2/repository/com/github/almasb/fxgl/17.3/fxgl-17.3.jar!/fxglassets/ui/fonts/VarelaRound-Regular.ttf
18:51:55.586 [FXGL Background Thread 1 ] DEBUG FXGLApplication      - Loading default localization
18:51:55.587 [FXGL Background Thread 1 ] DEBUG FXGLAssetLoaderServi - Loading from file system: jar:file:///Users/huyle/.m2/repository/com/github/almasb/fxgl/17.3/fxgl-17.3.jar!/fxglassets/languages/english.lang
18:51:55.600 [FXGL Background Thread 1 ] INFO  FXGLApplication      - FXGL initialization took: 0.436 sec
18:51:55.600 [FXGL Background Thread 4 ] DEBUG FXGLAssetLoaderServi - Loading from file system: jar:file:///Users/huyle/.m2/repository/com/github/almasb/fxgl/17.3/fxgl-17.3.jar!/fxglassets/ui/fonts/Abel-Regular.ttf
18:51:55.603 [FXGL Background Thread 4 ] DEBUG FXGLAssetLoaderServi - Loading from file system: jar:file:///Users/huyle/.m2/repository/com/github/almasb/fxgl/17.3/fxgl-17.3.jar!/fxglassets/ui/fonts/TerminalLandMono-Regular.otf
18:51:55.605 [FXGL Background Thread 4 ] DEBUG FXGLAssetLoaderServi - Loading from file system: jar:file:///Users/huyle/.m2/repository/com/github/almasb/fxgl/17.3/fxgl-17.3.jar!/fxglassets/ui/fonts/Courier-Prime.ttf
18:51:55.607 [JavaFX Application Thread] DEBUG Input                - Registered new binding: action0 - Right
18:51:55.608 [JavaFX Application Thread] DEBUG Input                - Registered new binding: action1 - Left
18:51:55.608 [JavaFX Application Thread] DEBUG FXGLAssetLoaderServi - Loading from file system: jar:file:///Users/huyle/.m2/repository/com/github/almasb/fxgl/17.3/fxgl-17.3.jar!/fxglassets/textures/fxgl_icon.png
18:51:55.634 [JavaFX Application Thread] DEBUG FXGLAssetLoaderServi - Loading from file system: jar:file:///Users/huyle/.m2/repository/com/github/almasb/fxgl/17.3/fxgl-17.3.jar!/fxglassets/textures/fxgl_default_cursor.png
18:51:55.636 [JavaFX Application Thread] DEBUG Input                - Registered new binding: Screenshot - CTRL+8
18:51:55.636 [JavaFX Application Thread] DEBUG Input                - Registered new binding: System info dump - CTRL+9
18:51:55.637 [JavaFX Application Thread] DEBUG Input                - Registered new binding: Restart - CTRL+R
18:51:55.637 [JavaFX Application Thread] DEBUG Input                - Registered new binding: Toggle Debug Camera - CTRL+7
18:51:55.639 [JavaFX Application Thread] DEBUG LoopRunner           - Starting loop
18:51:55.639 [JavaFX Application Thread] DEBUG LoopRunner           - Initializing JavaFX AnimationTimerLoop
18:51:55.639 [JavaFX Application Thread] DEBUG GameApplicationServi - Starting new game
18:51:55.640 [JavaFX Application Thread] DEBUG Input                - Clearing active input actions
18:51:55.647 [JavaFX Application Thread] DEBUG GameApplicationServi - Removing overlay from FXGLStartupScene and adding to FXGLLoadingScene
18:51:55.648 [JavaFX Application Thread] DEBUG PrimaryStageWindow   - FXGLStartupScene -> FXGLLoadingScene
18:51:55.648 [JavaFX Application Thread] DEBUG GameApplicationServi - Clearing previous game
18:51:55.648 [JavaFX Application Thread] DEBUG GameScene            - Clearing game scene
18:51:55.648 [JavaFX Application Thread] DEBUG GameWorld            - Clearing game world
18:51:55.648 [JavaFX Application Thread] DEBUG PhysicsWorld         - Clearing physics world
18:51:55.649 [FXGL Background Thread 4 ] DEBUG FXGLApplication      - Initializing game
18:51:55.651 [FXGL Background Thread 4 ] WARN  Entity               - Entity already has component: com.almasb.fxgl.entity.components.BoundingBoxComponent
18:51:55.666 [JavaFX Application Thread] DEBUG FXGLApplication      - Registering font factories with UI factory
18:51:55.676 [FXGL Background Thread 4 ] INFO  FXGLApplication      - Game initialization took: 0.027 sec
18:51:55.695 [JavaFX Application Thread] DEBUG Input                - Clearing active input actions
18:51:55.701 [JavaFX Application Thread] DEBUG GameApplicationServi - Removing overlay from FXGLLoadingScene and adding to GameScene
18:51:55.701 [JavaFX Application Thread] DEBUG PrimaryStageWindow   - FXGLLoadingScene -> GameScene
18:51:56.011 [FXGL Background Thread 2 ] INFO  UpdaterService       - Your current version:  17.3
18:51:56.011 [FXGL Background Thread 2 ] INFO  UpdaterService       - Latest stable version: 21.1
18:51:57.022 [JavaFX Application Thread] DEBUG LoopRunner           - Stopping loop
18:51:57.024 [JavaFX Application Thread] FATAL FXGLApplication      - Uncaught Exception:
java.lang.NullPointerException: Cannot invoke "com.almasb.fxgl.entity.Entity.getY()" because "paddle" is null
	at view/controller.ball_control.Ball.update(Ball.java:87)
	at view/view.Launch.onUpdate(Launch.java:71)
	at com.almasb.fxgl.all@17.3/com.almasb.fxgl.app.FXGLApplication$GameApplicationService.onGameUpdate(FXGLApplication.kt:421)
	at com.almasb.fxgl.all@17.3/com.almasb.fxgl.app.Engine.onGameUpdate(Engine.kt:138)
	at com.almasb.fxgl.all@17.3/com.almasb.fxgl.app.FXGLApplication.postServicesInit$lambda$7(FXGLApplication.kt:182)
	at com.almasb.fxgl.scene@17.3/com.almasb.fxgl.scene.Scene.update(Scene.kt:113)
	at com.almasb.fxgl.all@17.3/com.almasb.fxgl.app.MainWindow$update$1.invoke(MainWindow.kt:115)
	at com.almasb.fxgl.all@17.3/com.almasb.fxgl.app.MainWindow$update$1.invoke(MainWindow.kt:115)
	at com.almasb.fxgl.core@17.3/com.almasb.fxgl.core.fsm.StateMachine.runOnActiveStates(StateMachine.kt:69)
	at com.almasb.fxgl.all@17.3/com.almasb.fxgl.app.MainWindow.update(MainWindow.kt:115)
	at com.almasb.fxgl.all@17.3/com.almasb.fxgl.app.FXGLApplication$GameApplicationService.onUpdate(FXGLApplication.kt:426)
	at com.almasb.fxgl.all@17.3/com.almasb.fxgl.app.Engine.loop(Engine.kt:134)
	at com.almasb.fxgl.all@17.3/com.almasb.fxgl.app.Engine.access$loop(Engine.kt:24)
	at com.almasb.fxgl.all@17.3/com.almasb.fxgl.app.Engine$loop$1.invoke(Engine.kt:28)
	at com.almasb.fxgl.all@17.3/com.almasb.fxgl.app.Engine$loop$1.invoke(Engine.kt:28)
	at com.almasb.fxgl.all@17.3/com.almasb.fxgl.app.LoopRunner.frame(LoopRunner.kt:103)
	at com.almasb.fxgl.all@17.3/com.almasb.fxgl.app.LoopRunner.access$frame(LoopRunner.kt:23)
	at com.almasb.fxgl.all@17.3/com.almasb.fxgl.app.LoopRunner$impl$2$1.onTick(LoopRunner.kt:57)
	at com.almasb.fxgl.all@17.3/com.almasb.fxgl.app.AnimationTimerLoop$timer$1.handle(LoopRunner.kt:137)
	at javafx.graphics@21.0.6/javafx.animation.AnimationTimer$AnimationTimerReceiver.lambda$handle$0(AnimationTimer.java:58)
	at java.base/java.security.AccessController.doPrivileged(AccessController.java:138)
	at javafx.graphics@21.0.6/javafx.animation.AnimationTimer$AnimationTimerReceiver.handle(AnimationTimer.java:57)
	at javafx.graphics@21.0.6/com.sun.scenario.animation.AbstractPrimaryTimer.timePulseImpl(AbstractPrimaryTimer.java:356)
	at javafx.graphics@21.0.6/com.sun.scenario.animation.AbstractPrimaryTimer$MainLoop.run(AbstractPrimaryTimer.java:266)
	at javafx.graphics@21.0.6/com.sun.javafx.tk.quantum.QuantumToolkit.pulse(QuantumToolkit.java:588)
	at javafx.graphics@21.0.6/com.sun.javafx.tk.quantum.QuantumToolkit.pulse(QuantumToolkit.java:572)
	at javafx.graphics@21.0.6/com.sun.javafx.tk.quantum.QuantumToolkit.pulseFromQueue(QuantumToolkit.java:565)
	at javafx.graphics@21.0.6/com.sun.javafx.tk.quantum.QuantumToolkit.lambda$runToolkit$11(QuantumToolkit.java:352)
	at javafx.graphics@21.0.6/com.sun.glass.ui.InvokeLaterDispatcher$Future.run(InvokeLaterDispatcher.java:95)

18:51:57.024 [JavaFX Application Thread] FATAL FXGLApplication      - Application will now exit
18:51:57.043 [JavaFX Application Thread] DEBUG PrimaryStageWindow   - Push state: ErrorSubScene
18:51:57.043 [JavaFX Application Thread] DEBUG Input                - Clearing active input actions
18:51:57.047 [JavaFX Application Thread] DEBUG GameApplicationServi - Removing overlay from GameScene and adding to ErrorSubScene
18:51:57.047 [JavaFX Application Thread] DEBUG PrimaryStageWindow   - GameScene -> ErrorSubScene
18:51:58.588 [FXGL Background Thread 3 ] DEBUG Engine               - Logging environment variables
18:51:58.589 [FXGL Background Thread 3 ] DEBUG Engine               - achievements: []
18:51:58.589 [FXGL Background Thread 3 ] DEBUG Engine               - actualHeight: 720.0
18:51:58.590 [FXGL Background Thread 3 ] DEBUG Engine               - actualHeightProperty: ReadOnlyDoubleProperty [value: 720.0]
18:51:58.590 [FXGL Background Thread 3 ] DEBUG Engine               - actualWidth: 960.0
18:51:58.590 [FXGL Background Thread 3 ] DEBUG Engine               - actualWidthProperty: ReadOnlyDoubleProperty [value: 960.0]
18:51:58.590 [FXGL Background Thread 3 ] DEBUG Engine               - appIcon: fxgl_icon.png
18:51:58.590 [FXGL Background Thread 3 ] DEBUG Engine               - applicationMode: DEVELOPER
18:51:58.590 [FXGL Background Thread 3 ] DEBUG Engine               - cSSList: [fxgl_dark.css]
18:51:58.590 [FXGL Background Thread 3 ] DEBUG Engine               - collisionDetectionStrategy: BRUTE_FORCE
18:51:58.590 [FXGL Background Thread 3 ] DEBUG Engine               - configClass: Optional.empty
18:51:58.590 [FXGL Background Thread 3 ] DEBUG Engine               - credits: []
18:51:58.591 [FXGL Background Thread 3 ] DEBUG Engine               - defaultCursor: CursorInfo(imageName=fxgl_default_cursor.png, hotspotX=7.0, hotspotY=6.0)
18:51:58.591 [FXGL Background Thread 3 ] DEBUG Engine               - devBBoxColorProperty: ObjectProperty [value: 0xff0000ff]
18:51:58.591 [FXGL Background Thread 3 ] DEBUG Engine               - devEnableDebugCameraProperty: BooleanProperty [value: false]
18:51:58.591 [FXGL Background Thread 3 ] DEBUG Engine               - devSensorColorProperty: ObjectProperty [value: 0xffff00ff]
18:51:58.591 [FXGL Background Thread 3 ] DEBUG Engine               - devShowBBoxProperty: BooleanProperty [value: false]
18:51:58.591 [FXGL Background Thread 3 ] DEBUG Engine               - devShowPositionProperty: BooleanProperty [value: false]
18:51:58.591 [FXGL Background Thread 3 ] DEBUG Engine               - enabledMenuItems: []
18:51:58.591 [FXGL Background Thread 3 ] DEBUG Engine               - engineServices: [class com.almasb.fxgl.app.services.FXGLAssetLoaderService, class com.almasb.fxgl.app.FXGLApplication$GameApplicationService, class com.almasb.fxgl.app.services.FXGLDialogService, class com.almasb.fxgl.app.services.IOTaskExecutorService, class com.almasb.fxgl.io.FileSystemService, class com.almasb.fxgl.localization.LocalizationService, class com.almasb.fxgl.app.services.SystemBundleService, class com.almasb.fxgl.profile.SaveLoadService, class com.almasb.fxgl.ui.FXGLUIFactoryServiceProvider, class com.almasb.fxgl.ui.FXGLDialogFactoryServiceProvider, class com.almasb.fxgl.audio.AudioPlayer, class com.almasb.fxgl.notification.impl.NotificationServiceProvider, class com.almasb.fxgl.achievement.AchievementService, class com.almasb.fxgl.cutscene.CutsceneService, class com.almasb.fxgl.minigames.MiniGameService, class com.almasb.fxgl.net.NetService, class com.almasb.fxgl.app.services.UpdaterService, class com.almasb.fxgl.dev.DevService]
18:51:58.592 [FXGL Background Thread 3 ] DEBUG Engine               - fontGame: Abel-Regular.ttf
18:51:58.592 [FXGL Background Thread 3 ] DEBUG Engine               - fontMono: TerminalLandMono-Regular.otf
18:51:58.592 [FXGL Background Thread 3 ] DEBUG Engine               - fontSizeScaleUI: 1.0
18:51:58.592 [FXGL Background Thread 3 ] DEBUG Engine               - fontText: Courier-Prime.ttf
18:51:58.592 [FXGL Background Thread 3 ] DEBUG Engine               - fontUI: VarelaRound-Regular.ttf
18:51:58.592 [FXGL Background Thread 3 ] DEBUG Engine               - fullScreen: BooleanProperty [value: false]
18:51:58.592 [FXGL Background Thread 3 ] DEBUG Engine               - gameDifficulty: MEDIUM
18:51:58.592 [FXGL Background Thread 3 ] DEBUG Engine               - gameDifficultyProperty: ObjectProperty [value: MEDIUM]
18:51:58.592 [FXGL Background Thread 3 ] DEBUG Engine               - globalMusicVolume: 0.5
18:51:58.592 [FXGL Background Thread 3 ] DEBUG Engine               - globalMusicVolumeProperty: DoubleProperty [value: 0.5]
18:51:58.592 [FXGL Background Thread 3 ] DEBUG Engine               - globalSoundVolume: 0.5
18:51:58.592 [FXGL Background Thread 3 ] DEBUG Engine               - globalSoundVolumeProperty: DoubleProperty [value: 0.5]
18:51:58.592 [FXGL Background Thread 3 ] DEBUG Engine               - height: 720
18:51:58.592 [FXGL Background Thread 3 ] DEBUG Engine               - is3D: false
18:51:58.593 [FXGL Background Thread 3 ] DEBUG Engine               - isAndroid: false
18:51:58.593 [FXGL Background Thread 3 ] DEBUG Engine               - isBrowser: false
18:51:58.593 [FXGL Background Thread 3 ] DEBUG Engine               - isClickFeedbackEnabled: false
18:51:58.593 [FXGL Background Thread 3 ] DEBUG Engine               - isCloseConfirmation: false
18:51:58.593 [FXGL Background Thread 3 ] DEBUG Engine               - isDesktop: true
18:51:58.593 [FXGL Background Thread 3 ] DEBUG Engine               - isDeveloperMenuEnabled: false
18:51:58.593 [FXGL Background Thread 3 ] DEBUG Engine               - isEmbedded: false
18:51:58.593 [FXGL Background Thread 3 ] DEBUG Engine               - isEntityPreloadEnabled: true
18:51:58.593 [FXGL Background Thread 3 ] DEBUG Engine               - isExperimentalTiledLargeMap: false
18:51:58.593 [FXGL Background Thread 3 ] DEBUG Engine               - isFileSystemWriteAllowed: true
18:51:58.593 [FXGL Background Thread 3 ] DEBUG Engine               - isFullScreenAllowed: false
18:51:58.593 [FXGL Background Thread 3 ] DEBUG Engine               - isFullScreenFromStart: false
18:51:58.593 [FXGL Background Thread 3 ] DEBUG Engine               - isGameMenuEnabled: true
18:51:58.593 [FXGL Background Thread 3 ] DEBUG Engine               - isIOS: false
18:51:58.593 [FXGL Background Thread 3 ] DEBUG Engine               - isIntroEnabled: false
18:51:58.593 [FXGL Background Thread 3 ] DEBUG Engine               - isLinux: false
18:51:58.594 [FXGL Background Thread 3 ] DEBUG Engine               - isMac: true
18:51:58.594 [FXGL Background Thread 3 ] DEBUG Engine               - isMainMenuEnabled: false
18:51:58.594 [FXGL Background Thread 3 ] DEBUG Engine               - isManualResizeEnabled: false
18:51:58.594 [FXGL Background Thread 3 ] DEBUG Engine               - isMobile: false
18:51:58.594 [FXGL Background Thread 3 ] DEBUG Engine               - isNative: false
18:51:58.594 [FXGL Background Thread 3 ] DEBUG Engine               - isPauseMusicWhenMinimized: true
18:51:58.594 [FXGL Background Thread 3 ] DEBUG Engine               - isPreserveResizeRatio: false
18:51:58.594 [FXGL Background Thread 3 ] DEBUG Engine               - isProfilingEnabled: false
18:51:58.594 [FXGL Background Thread 3 ] DEBUG Engine               - isScaleAffectedOnResize: true
18:51:58.594 [FXGL Background Thread 3 ] DEBUG Engine               - isSingleStep: false
18:51:58.594 [FXGL Background Thread 3 ] DEBUG Engine               - isUserProfileEnabled: false
18:51:58.594 [FXGL Background Thread 3 ] DEBUG Engine               - isWindows: false
18:51:58.594 [FXGL Background Thread 3 ] DEBUG Engine               - language: ObjectProperty [value: ENGLISH]
18:51:58.594 [FXGL Background Thread 3 ] DEBUG Engine               - menuKey: ESCAPE
18:51:58.594 [FXGL Background Thread 3 ] DEBUG Engine               - mouseSensitivity: 0.2
18:51:58.594 [FXGL Background Thread 3 ] DEBUG Engine               - notificationViewClass: class com.almasb.fxgl.notification.view.XboxNotificationView
18:51:58.594 [FXGL Background Thread 3 ] DEBUG Engine               - pixelsPerMeter: 50.0
18:51:58.594 [FXGL Background Thread 3 ] DEBUG Engine               - platform: MAC
18:51:58.595 [FXGL Background Thread 3 ] DEBUG Engine               - prefHeightProperty: ReadOnlyDoubleProperty [value: 720.0]
18:51:58.595 [FXGL Background Thread 3 ] DEBUG Engine               - prefWidthProperty: ReadOnlyDoubleProperty [value: 960.0]
18:51:58.595 [FXGL Background Thread 3 ] DEBUG Engine               - profileDir: profiles/
18:51:58.595 [FXGL Background Thread 3 ] DEBUG Engine               - profileName: StringProperty [value: DEFAULT]
18:51:58.595 [FXGL Background Thread 3 ] DEBUG Engine               - randomSeed: -1
18:51:58.595 [FXGL Background Thread 3 ] DEBUG Engine               - runtimeInfo: RuntimeInfo(platform=MAC, version=17.3, build=30.03.2023 11.49)
18:51:58.595 [FXGL Background Thread 3 ] DEBUG Engine               - saveFileExt: sav
18:51:58.595 [FXGL Background Thread 3 ] DEBUG Engine               - scaledHeightProp$fxgl: DoubleProperty [bound, value: 720.0]
18:51:58.595 [FXGL Background Thread 3 ] DEBUG Engine               - scaledWidthProp$fxgl: DoubleProperty [bound, value: 960.0]
18:51:58.595 [FXGL Background Thread 3 ] DEBUG Engine               - sceneFactory: com.almasb.fxgl.app.scene.SceneFactory@fe05037
18:51:58.595 [FXGL Background Thread 3 ] DEBUG Engine               - secondsIn24h: 60
18:51:58.595 [FXGL Background Thread 3 ] DEBUG Engine               - soundMenuBack: menu/back.wav
18:51:58.595 [FXGL Background Thread 3 ] DEBUG Engine               - soundMenuPress: menu/press.wav
18:51:58.596 [FXGL Background Thread 3 ] DEBUG Engine               - soundMenuSelect: menu/select.wav
18:51:58.596 [FXGL Background Thread 3 ] DEBUG Engine               - soundNotification: core/notification.wav
18:51:58.596 [FXGL Background Thread 3 ] DEBUG Engine               - stageStyle: DECORATED
18:51:58.596 [FXGL Background Thread 3 ] DEBUG Engine               - supportedLanguages: [ENGLISH, FRENCH, GERMAN, HUNGARIAN, RUSSIAN]
18:51:58.596 [FXGL Background Thread 3 ] DEBUG Engine               - ticksPerSecond: -1
18:51:58.596 [FXGL Background Thread 3 ] DEBUG Engine               - title: Akanov-an225
18:51:58.597 [FXGL Background Thread 3 ] DEBUG Engine               - urlGithub: https://github.com/AlmasB/FXGL
18:51:58.597 [FXGL Background Thread 3 ] DEBUG Engine               - urlLeaderboard: http://fxgl-top.herokuapp.com/
18:51:58.597 [FXGL Background Thread 3 ] DEBUG Engine               - urlPOM: https://raw.githubusercontent.com/AlmasB/FXGL/release/README.md
18:51:58.597 [FXGL Background Thread 3 ] DEBUG Engine               - userAppClass: class view.Launch
18:51:58.597 [FXGL Background Thread 3 ] DEBUG Engine               - version: 0.2
18:51:58.597 [FXGL Background Thread 3 ] DEBUG Engine               - versionCheckDays: 7
18:51:58.597 [FXGL Background Thread 3 ] DEBUG Engine               - width: 960
18:51:58.597 [FXGL Background Thread 3 ] DEBUG Engine               - Logging services
18:51:58.597 [FXGL Background Thread 3 ] DEBUG Engine               - class com.almasb.fxgl.app.services.FXGLAssetLoaderService
18:51:58.597 [FXGL Background Thread 3 ] DEBUG Engine               - class com.almasb.fxgl.app.FXGLApplication$GameApplicationService
18:51:58.597 [FXGL Background Thread 3 ] DEBUG Engine               - class com.almasb.fxgl.app.services.FXGLDialogService
18:51:58.597 [FXGL Background Thread 3 ] DEBUG Engine               - class com.almasb.fxgl.app.services.IOTaskExecutorService
18:51:58.597 [FXGL Background Thread 3 ] DEBUG Engine               - class com.almasb.fxgl.io.FileSystemService
18:51:58.597 [FXGL Background Thread 3 ] DEBUG Engine               - class com.almasb.fxgl.localization.LocalizationService
18:51:58.598 [FXGL Background Thread 3 ] DEBUG Engine               - class com.almasb.fxgl.app.services.SystemBundleService
18:51:58.598 [FXGL Background Thread 3 ] DEBUG Engine               - class com.almasb.fxgl.profile.SaveLoadService
18:51:58.598 [FXGL Background Thread 3 ] DEBUG Engine               - class com.almasb.fxgl.ui.FXGLUIFactoryServiceProvider
18:51:58.598 [FXGL Background Thread 3 ] DEBUG Engine               - class com.almasb.fxgl.ui.FXGLDialogFactoryServiceProvider
18:51:58.598 [FXGL Background Thread 3 ] DEBUG Engine               - class com.almasb.fxgl.audio.AudioPlayer
18:51:58.598 [FXGL Background Thread 3 ] DEBUG Engine               - class com.almasb.fxgl.notification.impl.NotificationServiceProvider
18:51:58.598 [FXGL Background Thread 3 ] DEBUG Engine               - class com.almasb.fxgl.achievement.AchievementService
18:51:58.598 [FXGL Background Thread 3 ] DEBUG Engine               - class com.almasb.fxgl.cutscene.CutsceneService
18:51:58.598 [FXGL Background Thread 3 ] DEBUG Engine               - class com.almasb.fxgl.minigames.MiniGameService
18:51:58.598 [FXGL Background Thread 3 ] DEBUG Engine               - class com.almasb.fxgl.net.NetService
18:51:58.598 [FXGL Background Thread 3 ] DEBUG Engine               - class com.almasb.fxgl.app.services.UpdaterService
18:51:58.598 [FXGL Background Thread 3 ] DEBUG Engine               - class com.almasb.fxgl.dev.DevService
18:51:59.752 [JavaFX Application Thread] DEBUG FXGLApplication      - Exiting FXGL
18:51:59.752 [JavaFX Application Thread] DEBUG Async                - Shutting down background threads
18:51:59.752 [JavaFX Application Thread] DEBUG PrimaryStageWindow   - Closing main window
18:51:59.766 [JavaFX Application Thread] DEBUG Logger               - Closing Logger
