00:55:46.185 [main                     ] DEBUG Logger               - Configured Logger
00:55:46.191 [main                     ] DEBUG GameApplication      - Logging settings
Title: Akanov-an225
Version: 0.2
Width: 960
Height: 720
Fullscreen: false
Intro: false
Profiling: false
Single step:false
App Mode: DEVELOPER
Menu Key: ESCAPE
Stage Style: DECORATED
Scene Factory: class view.GeneralInit$1

00:55:46.580 [JavaFX Application Thread] DEBUG FXGLApplication      - Initializing FXGL
00:55:46.585 [JavaFX Application Thread] INFO  Engine               - FXGL-17.3 (30.03.2023 11.49) on WINDOWS (J:24.0.2 FX:21.0.6)
00:55:46.585 [JavaFX Application Thread] DEBUG Engine               - JRE Vendor Name: Oracle Corporation
00:55:46.586 [JavaFX Application Thread] DEBUG Engine               - Running on OS: Windows 11 version 10.0
00:55:46.586 [JavaFX Application Thread] DEBUG Engine               - Architecture: amd64
00:55:46.586 [JavaFX Application Thread] INFO  Engine               - Source code and latest versions at: https://github.com/AlmasB/FXGL
00:55:46.586 [JavaFX Application Thread] INFO  Engine               -       Ask questions and discuss at: https://github.com/AlmasB/FXGL/discussions
00:55:46.586 [JavaFX Application Thread] INFO  Engine               -              Join the FXGL chat at: https://gitter.im/AlmasB/FXGL
00:55:46.665 [JavaFX Application Thread] DEBUG PrimaryStageWindow   - Creating a JavaFX scene
00:55:46.707 [JavaFX Application Thread] DEBUG PrimaryStageWindow   - Target settings size: 960.0 x 720.0
00:55:46.707 [JavaFX Application Thread] DEBUG PrimaryStageWindow   - Scaled scene size:    960.0 x 720.0
00:55:46.707 [JavaFX Application Thread] DEBUG PrimaryStageWindow   - Scaled ratio: (1.0, 1.0)
00:55:46.708 [JavaFX Application Thread] DEBUG PrimaryStageWindow   - Set initial scene to FXGLStartupScene
00:55:46.711 [JavaFX Application Thread] DEBUG PrimaryStageWindow   - Opening main window
00:55:46.814 [JavaFX Application Thread] DEBUG PrimaryStageWindow   - Window border size: (13.823974609375, 37.24798583984375)
00:55:46.815 [JavaFX Application Thread] DEBUG PrimaryStageWindow   - Scaled size: 960.0 x 720.0
00:55:46.815 [JavaFX Application Thread] DEBUG PrimaryStageWindow   - Scaled ratio: (1.0, 1.0)
00:55:46.816 [JavaFX Application Thread] DEBUG PrimaryStageWindow   - Scene size: 960.0 x 720.0
00:55:46.816 [JavaFX Application Thread] DEBUG PrimaryStageWindow   - Stage size: 973.823974609375 x 757.2479858398438
00:55:46.829 [FXGL Background Thread 1 ] DEBUG Engine               - Initializing environment variables
00:55:46.910 [FXGL Background Thread 1 ] DEBUG FXGLAssetLoaderServi - User app class for loading assets: class view.Launch
00:55:46.910 [FXGL Background Thread 1 ] DEBUG GameApplicationServi - Applying CSS: fxgl_dark.css
00:55:46.910 [FXGL Background Thread 1 ] DEBUG FXGLAssetLoaderServi - Loading from file system: jar:file:///C:/Users/Tuanngth/.m2/repository/com/github/almasb/fxgl/17.3/fxgl-17.3.jar!/fxglassets/ui/css/fxgl_dark.css
00:55:46.956 [FXGL Background Thread 1 ] DEBUG GameApplicationServi - Initializing application scenes
00:55:46.999 [FXGL Background Thread 1 ] DEBUG GameWorld            - Game world initialized
00:55:47.066 [FXGL Background Thread 1 ] DEBUG PhysicsWorld         - Physics world initialized: appHeight=720, physics.ppm=50,0
00:55:47.066 [FXGL Background Thread 1 ] DEBUG PhysicsWorld         - Using strategy: BRUTE_FORCE
00:55:47.069 [FXGL Background Thread 1 ] DEBUG GameScene            - Game scene initialized: 960x720
00:55:47.097 [FXGL Background Thread 1 ] DEBUG GameApplicationServi - Application scenes initialized
00:55:47.107 [FXGL Background Thread 1 ] DEBUG SystemBundleService  - Loading FXGL system data
00:55:47.111 [FXGL Background Thread 1 ] DEBUG FileSystemAccess     - Reading from: C:\Users\Tuanngth\Desktop\akanov-an225-huy\system\fxgl.bundle
00:55:47.117 [FXGL Background Thread 1 ] DEBUG SystemBundleService  - Bundle FXGL: {}
00:55:47.117 [FXGL Background Thread 1 ] DEBUG UpdaterService       - Checking for updates
00:55:47.125 [FXGL Background Thread 4 ] DEBUG FXGLApplication      - Loading fonts
00:55:47.125 [FXGL Background Thread 4 ] DEBUG FXGLAssetLoaderServi - Loading from file system: jar:file:///C:/Users/Tuanngth/.m2/repository/com/github/almasb/fxgl/17.3/fxgl-17.3.jar!/fxglassets/ui/fonts/VarelaRound-Regular.ttf
00:55:47.126 [FXGL Background Thread 1 ] DEBUG FXGLApplication      - Loading default localization
00:55:47.126 [FXGL Background Thread 1 ] DEBUG FXGLAssetLoaderServi - Loading from file system: jar:file:///C:/Users/Tuanngth/.m2/repository/com/github/almasb/fxgl/17.3/fxgl-17.3.jar!/fxglassets/languages/english.lang
00:55:47.164 [FXGL Background Thread 4 ] DEBUG FXGLAssetLoaderServi - Loading from file system: jar:file:///C:/Users/Tuanngth/.m2/repository/com/github/almasb/fxgl/17.3/fxgl-17.3.jar!/fxglassets/ui/fonts/Abel-Regular.ttf
00:55:47.166 [FXGL Background Thread 1 ] WARN  LocalizationService  - menu.title is not localized for language ENGLISH
00:55:47.168 [FXGL Background Thread 1 ] INFO  FXGLApplication      - FXGL initialization took: 0,339 sec
00:55:47.170 [FXGL Background Thread 4 ] DEBUG FXGLAssetLoaderServi - Loading from file system: jar:file:///C:/Users/Tuanngth/.m2/repository/com/github/almasb/fxgl/17.3/fxgl-17.3.jar!/fxglassets/ui/fonts/TerminalLandMono-Regular.otf
00:55:47.176 [FXGL Background Thread 4 ] DEBUG FXGLAssetLoaderServi - Loading from file system: jar:file:///C:/Users/Tuanngth/.m2/repository/com/github/almasb/fxgl/17.3/fxgl-17.3.jar!/fxglassets/ui/fonts/Courier-Prime.ttf
00:55:47.186 [JavaFX Application Thread] DEBUG Input                - Registered new binding: action0 - Right
00:55:47.188 [JavaFX Application Thread] DEBUG Input                - Registered new binding: action1 - Left
00:55:47.188 [JavaFX Application Thread] DEBUG Input                - Registered new binding: action2 - D
00:55:47.189 [JavaFX Application Thread] DEBUG FXGLAssetLoaderServi - Loading from file system: jar:file:///C:/Users/Tuanngth/.m2/repository/com/github/almasb/fxgl/17.3/fxgl-17.3.jar!/fxglassets/textures/fxgl_icon.png
00:55:47.243 [JavaFX Application Thread] DEBUG FXGLAssetLoaderServi - Loading from file system: jar:file:///C:/Users/Tuanngth/.m2/repository/com/github/almasb/fxgl/17.3/fxgl-17.3.jar!/fxglassets/textures/fxgl_default_cursor.png
00:55:47.246 [JavaFX Application Thread] DEBUG Input                - Registered new binding: Screenshot - CTRL+8
00:55:47.248 [JavaFX Application Thread] DEBUG Input                - Registered new binding: System info dump - CTRL+9
00:55:47.249 [JavaFX Application Thread] DEBUG Input                - Registered new binding: Restart - CTRL+R
00:55:47.251 [JavaFX Application Thread] DEBUG Input                - Registered new binding: Toggle Debug Camera - CTRL+7
00:55:47.255 [JavaFX Application Thread] DEBUG LoopRunner           - Starting loop
00:55:47.255 [JavaFX Application Thread] DEBUG LoopRunner           - Initializing JavaFX AnimationTimerLoop
00:55:47.258 [JavaFX Application Thread] DEBUG GameApplicationServi - Starting new game
00:55:47.258 [JavaFX Application Thread] DEBUG Input                - Clearing active input actions
00:55:47.271 [JavaFX Application Thread] DEBUG GameApplicationServi - Removing overlay from FXGLStartupScene and adding to FXGLLoadingScene
00:55:47.272 [JavaFX Application Thread] DEBUG PrimaryStageWindow   - FXGLStartupScene -> FXGLLoadingScene
00:55:47.272 [JavaFX Application Thread] DEBUG GameApplicationServi - Clearing previous game
00:55:47.272 [JavaFX Application Thread] DEBUG GameScene            - Clearing game scene
00:55:47.272 [JavaFX Application Thread] DEBUG GameWorld            - Clearing game world
00:55:47.272 [JavaFX Application Thread] DEBUG PhysicsWorld         - Clearing physics world
00:55:47.275 [FXGL Background Thread 4 ] DEBUG FXGLApplication      - Initializing game
00:55:47.278 [JavaFX Application Thread] DEBUG FXGLApplication      - Registering font factories with UI factory
00:55:47.282 [FXGL Background Thread 4 ] WARN  Entity               - Entity already has component: com.almasb.fxgl.entity.components.BoundingBoxComponent
00:55:47.354 [FXGL Background Thread 4 ] INFO  FXGLApplication      - Game initialization took: 0,080 sec
00:55:47.421 [JavaFX Application Thread] DEBUG Input                - Clearing active input actions
00:55:47.436 [JavaFX Application Thread] DEBUG GameApplicationServi - Removing overlay from FXGLLoadingScene and adding to GameScene
00:55:47.436 [JavaFX Application Thread] DEBUG PrimaryStageWindow   - FXGLLoadingScene -> GameScene
00:55:47.901 [FXGL Background Thread 2 ] INFO  UpdaterService       - Your current version:  17.3
00:55:47.901 [FXGL Background Thread 2 ] INFO  UpdaterService       - Latest stable version: 21.1
00:55:48.132 [JavaFX Application Thread] DEBUG PrimaryStageWindow   - Push state: PauseMenu
00:55:48.185 [JavaFX Application Thread] DEBUG Input                - Clearing active input actions
00:55:48.186 [JavaFX Application Thread] DEBUG GameApplicationServi - Removing overlay from GameScene and adding to PauseMenu
00:55:48.187 [JavaFX Application Thread] DEBUG PrimaryStageWindow   - GameScene -> PauseMenu
00:55:50.122 [FXGL Background Thread 3 ] DEBUG Engine               - Logging environment variables
00:55:50.123 [FXGL Background Thread 3 ] DEBUG Engine               - achievements: []
00:55:50.123 [FXGL Background Thread 3 ] DEBUG Engine               - actualHeight: 720.0
00:55:50.124 [FXGL Background Thread 3 ] DEBUG Engine               - actualHeightProperty: ReadOnlyDoubleProperty [value: 720.0]
00:55:50.124 [FXGL Background Thread 3 ] DEBUG Engine               - actualWidth: 960.0
00:55:50.124 [FXGL Background Thread 3 ] DEBUG Engine               - actualWidthProperty: ReadOnlyDoubleProperty [value: 960.0]
00:55:50.125 [FXGL Background Thread 3 ] DEBUG Engine               - appIcon: fxgl_icon.png
00:55:50.125 [FXGL Background Thread 3 ] DEBUG Engine               - applicationMode: DEVELOPER
00:55:50.125 [FXGL Background Thread 3 ] DEBUG Engine               - cSSList: [fxgl_dark.css]
00:55:50.125 [FXGL Background Thread 3 ] DEBUG Engine               - collisionDetectionStrategy: BRUTE_FORCE
00:55:50.125 [FXGL Background Thread 3 ] DEBUG Engine               - configClass: Optional.empty
00:55:50.125 [FXGL Background Thread 3 ] DEBUG Engine               - credits: []
00:55:50.129 [FXGL Background Thread 3 ] DEBUG Engine               - defaultCursor: CursorInfo(imageName=fxgl_default_cursor.png, hotspotX=7.0, hotspotY=6.0)
00:55:50.129 [FXGL Background Thread 3 ] DEBUG Engine               - devBBoxColorProperty: ObjectProperty [value: 0xff0000ff]
00:55:50.129 [FXGL Background Thread 3 ] DEBUG Engine               - devEnableDebugCameraProperty: BooleanProperty [value: false]
00:55:50.129 [FXGL Background Thread 3 ] DEBUG Engine               - devSensorColorProperty: ObjectProperty [value: 0xffff00ff]
00:55:50.129 [FXGL Background Thread 3 ] DEBUG Engine               - devShowBBoxProperty: BooleanProperty [value: false]
00:55:50.129 [FXGL Background Thread 3 ] DEBUG Engine               - devShowPositionProperty: BooleanProperty [value: false]
00:55:50.129 [FXGL Background Thread 3 ] DEBUG Engine               - enabledMenuItems: []
00:55:50.130 [FXGL Background Thread 3 ] DEBUG Engine               - engineServices: [class com.almasb.fxgl.app.services.FXGLAssetLoaderService, class com.almasb.fxgl.app.FXGLApplication$GameApplicationService, class com.almasb.fxgl.app.services.FXGLDialogService, class com.almasb.fxgl.app.services.IOTaskExecutorService, class com.almasb.fxgl.io.FileSystemService, class com.almasb.fxgl.localization.LocalizationService, class com.almasb.fxgl.app.services.SystemBundleService, class com.almasb.fxgl.profile.SaveLoadService, class com.almasb.fxgl.ui.FXGLUIFactoryServiceProvider, class com.almasb.fxgl.ui.FXGLDialogFactoryServiceProvider, class com.almasb.fxgl.audio.AudioPlayer, class com.almasb.fxgl.notification.impl.NotificationServiceProvider, class com.almasb.fxgl.achievement.AchievementService, class com.almasb.fxgl.cutscene.CutsceneService, class com.almasb.fxgl.minigames.MiniGameService, class com.almasb.fxgl.net.NetService, class com.almasb.fxgl.app.services.UpdaterService, class com.almasb.fxgl.dev.DevService]
00:55:50.130 [FXGL Background Thread 3 ] DEBUG Engine               - fontGame: Abel-Regular.ttf
00:55:50.130 [FXGL Background Thread 3 ] DEBUG Engine               - fontMono: TerminalLandMono-Regular.otf
00:55:50.130 [FXGL Background Thread 3 ] DEBUG Engine               - fontSizeScaleUI: 1.0
00:55:50.130 [FXGL Background Thread 3 ] DEBUG Engine               - fontText: Courier-Prime.ttf
00:55:50.130 [FXGL Background Thread 3 ] DEBUG Engine               - fontUI: VarelaRound-Regular.ttf
00:55:50.130 [FXGL Background Thread 3 ] DEBUG Engine               - fullScreen: BooleanProperty [value: false]
00:55:50.130 [FXGL Background Thread 3 ] DEBUG Engine               - gameDifficulty: MEDIUM
00:55:50.130 [FXGL Background Thread 3 ] DEBUG Engine               - gameDifficultyProperty: ObjectProperty [value: MEDIUM]
00:55:50.131 [FXGL Background Thread 3 ] DEBUG Engine               - globalMusicVolume: 0.5
00:55:50.132 [FXGL Background Thread 3 ] DEBUG Engine               - globalMusicVolumeProperty: DoubleProperty [value: 0.5]
00:55:50.132 [FXGL Background Thread 3 ] DEBUG Engine               - globalSoundVolume: 0.5
00:55:50.132 [FXGL Background Thread 3 ] DEBUG Engine               - globalSoundVolumeProperty: DoubleProperty [value: 0.5]
00:55:50.132 [FXGL Background Thread 3 ] DEBUG Engine               - height: 720
00:55:50.132 [FXGL Background Thread 3 ] DEBUG Engine               - is3D: false
00:55:50.132 [FXGL Background Thread 3 ] DEBUG Engine               - isAndroid: false
00:55:50.132 [FXGL Background Thread 3 ] DEBUG Engine               - isBrowser: false
00:55:50.132 [FXGL Background Thread 3 ] DEBUG Engine               - isClickFeedbackEnabled: false
00:55:50.132 [FXGL Background Thread 3 ] DEBUG Engine               - isCloseConfirmation: false
00:55:50.132 [FXGL Background Thread 3 ] DEBUG Engine               - isDesktop: true
00:55:50.132 [FXGL Background Thread 3 ] DEBUG Engine               - isDeveloperMenuEnabled: false
00:55:50.133 [FXGL Background Thread 3 ] DEBUG Engine               - isEmbedded: false
00:55:50.133 [FXGL Background Thread 3 ] DEBUG Engine               - isEntityPreloadEnabled: true
00:55:50.133 [FXGL Background Thread 3 ] DEBUG Engine               - isExperimentalTiledLargeMap: false
00:55:50.133 [FXGL Background Thread 3 ] DEBUG Engine               - isFileSystemWriteAllowed: true
00:55:50.133 [FXGL Background Thread 3 ] DEBUG Engine               - isFullScreenAllowed: false
00:55:50.133 [FXGL Background Thread 3 ] DEBUG Engine               - isFullScreenFromStart: false
00:55:50.133 [FXGL Background Thread 3 ] DEBUG Engine               - isGameMenuEnabled: true
00:55:50.133 [FXGL Background Thread 3 ] DEBUG Engine               - isIOS: false
00:55:50.133 [FXGL Background Thread 3 ] DEBUG Engine               - isIntroEnabled: false
00:55:50.134 [FXGL Background Thread 3 ] DEBUG Engine               - isLinux: false
00:55:50.134 [FXGL Background Thread 3 ] DEBUG Engine               - isMac: false
00:55:50.134 [FXGL Background Thread 3 ] DEBUG Engine               - isMainMenuEnabled: false
00:55:50.134 [FXGL Background Thread 3 ] DEBUG Engine               - isManualResizeEnabled: false
00:55:50.134 [FXGL Background Thread 3 ] DEBUG Engine               - isMobile: false
00:55:50.134 [FXGL Background Thread 3 ] DEBUG Engine               - isNative: false
00:55:50.134 [FXGL Background Thread 3 ] DEBUG Engine               - isPauseMusicWhenMinimized: true
00:55:50.134 [FXGL Background Thread 3 ] DEBUG Engine               - isPreserveResizeRatio: false
00:55:50.134 [FXGL Background Thread 3 ] DEBUG Engine               - isProfilingEnabled: false
00:55:50.134 [FXGL Background Thread 3 ] DEBUG Engine               - isScaleAffectedOnResize: true
00:55:50.134 [FXGL Background Thread 3 ] DEBUG Engine               - isSingleStep: false
00:55:50.134 [FXGL Background Thread 3 ] DEBUG Engine               - isUserProfileEnabled: false
00:55:50.135 [FXGL Background Thread 3 ] DEBUG Engine               - isWindows: true
00:55:50.135 [FXGL Background Thread 3 ] DEBUG Engine               - language: ObjectProperty [value: ENGLISH]
00:55:50.135 [FXGL Background Thread 3 ] DEBUG Engine               - menuKey: ESCAPE
00:55:50.135 [FXGL Background Thread 3 ] DEBUG Engine               - mouseSensitivity: 0.2
00:55:50.135 [FXGL Background Thread 3 ] DEBUG Engine               - notificationViewClass: class com.almasb.fxgl.notification.view.XboxNotificationView
00:55:50.135 [FXGL Background Thread 3 ] DEBUG Engine               - pixelsPerMeter: 50.0
00:55:50.135 [FXGL Background Thread 3 ] DEBUG Engine               - platform: WINDOWS
00:55:50.135 [FXGL Background Thread 3 ] DEBUG Engine               - prefHeightProperty: ReadOnlyDoubleProperty [value: 720.0]
00:55:50.135 [FXGL Background Thread 3 ] DEBUG Engine               - prefWidthProperty: ReadOnlyDoubleProperty [value: 960.0]
00:55:50.135 [FXGL Background Thread 3 ] DEBUG Engine               - profileDir: profiles/
00:55:50.135 [FXGL Background Thread 3 ] DEBUG Engine               - profileName: StringProperty [value: DEFAULT]
00:55:50.135 [FXGL Background Thread 3 ] DEBUG Engine               - randomSeed: -1
00:55:50.136 [FXGL Background Thread 3 ] DEBUG Engine               - runtimeInfo: RuntimeInfo(platform=WINDOWS, version=17.3, build=30.03.2023 11.49)
00:55:50.136 [FXGL Background Thread 3 ] DEBUG Engine               - saveFileExt: sav
00:55:50.136 [FXGL Background Thread 3 ] DEBUG Engine               - scaledHeightProp$fxgl: DoubleProperty [bound, value: 720.0]
00:55:50.136 [FXGL Background Thread 3 ] DEBUG Engine               - scaledWidthProp$fxgl: DoubleProperty [bound, value: 960.0]
00:55:50.136 [FXGL Background Thread 3 ] DEBUG Engine               - sceneFactory: view.GeneralInit$1@1a2a8ad4
00:55:50.136 [FXGL Background Thread 3 ] DEBUG Engine               - secondsIn24h: 60
00:55:50.136 [FXGL Background Thread 3 ] DEBUG Engine               - soundMenuBack: menu/back.wav
00:55:50.136 [FXGL Background Thread 3 ] DEBUG Engine               - soundMenuPress: menu/press.wav
00:55:50.136 [FXGL Background Thread 3 ] DEBUG Engine               - soundMenuSelect: menu/select.wav
00:55:50.136 [FXGL Background Thread 3 ] DEBUG Engine               - soundNotification: core/notification.wav
00:55:50.137 [FXGL Background Thread 3 ] DEBUG Engine               - stageStyle: DECORATED
00:55:50.137 [FXGL Background Thread 3 ] DEBUG Engine               - supportedLanguages: [ENGLISH, FRENCH, GERMAN, HUNGARIAN, RUSSIAN]
00:55:50.137 [FXGL Background Thread 3 ] DEBUG Engine               - ticksPerSecond: -1
00:55:50.137 [FXGL Background Thread 3 ] DEBUG Engine               - title: Akanov-an225
00:55:50.137 [FXGL Background Thread 3 ] DEBUG Engine               - urlGithub: https://github.com/AlmasB/FXGL
00:55:50.137 [FXGL Background Thread 3 ] DEBUG Engine               - urlLeaderboard: http://fxgl-top.herokuapp.com/
00:55:50.137 [FXGL Background Thread 3 ] DEBUG Engine               - urlPOM: https://raw.githubusercontent.com/AlmasB/FXGL/release/README.md
00:55:50.137 [FXGL Background Thread 3 ] DEBUG Engine               - userAppClass: class view.Launch
00:55:50.137 [FXGL Background Thread 3 ] DEBUG Engine               - version: 0.2
00:55:50.137 [FXGL Background Thread 3 ] DEBUG Engine               - versionCheckDays: 7
00:55:50.137 [FXGL Background Thread 3 ] DEBUG Engine               - width: 960
00:55:50.137 [FXGL Background Thread 3 ] DEBUG Engine               - Logging services
00:55:50.138 [FXGL Background Thread 3 ] DEBUG Engine               - class com.almasb.fxgl.app.services.FXGLAssetLoaderService
00:55:50.138 [FXGL Background Thread 3 ] DEBUG Engine               - class com.almasb.fxgl.app.FXGLApplication$GameApplicationService
00:55:50.138 [FXGL Background Thread 3 ] DEBUG Engine               - class com.almasb.fxgl.app.services.FXGLDialogService
00:55:50.138 [FXGL Background Thread 3 ] DEBUG Engine               - class com.almasb.fxgl.app.services.IOTaskExecutorService
00:55:50.138 [FXGL Background Thread 3 ] DEBUG Engine               - class com.almasb.fxgl.io.FileSystemService
00:55:50.138 [FXGL Background Thread 3 ] DEBUG Engine               - class com.almasb.fxgl.localization.LocalizationService
00:55:50.138 [FXGL Background Thread 3 ] DEBUG Engine               - class com.almasb.fxgl.app.services.SystemBundleService
00:55:50.138 [FXGL Background Thread 3 ] DEBUG Engine               - class com.almasb.fxgl.profile.SaveLoadService
00:55:50.138 [FXGL Background Thread 3 ] DEBUG Engine               - class com.almasb.fxgl.ui.FXGLUIFactoryServiceProvider
00:55:50.138 [FXGL Background Thread 3 ] DEBUG Engine               - class com.almasb.fxgl.ui.FXGLDialogFactoryServiceProvider
00:55:50.138 [FXGL Background Thread 3 ] DEBUG Engine               - class com.almasb.fxgl.audio.AudioPlayer
00:55:50.138 [FXGL Background Thread 3 ] DEBUG Engine               - class com.almasb.fxgl.notification.impl.NotificationServiceProvider
00:55:50.138 [FXGL Background Thread 3 ] DEBUG Engine               - class com.almasb.fxgl.achievement.AchievementService
00:55:50.138 [FXGL Background Thread 3 ] DEBUG Engine               - class com.almasb.fxgl.cutscene.CutsceneService
00:55:50.138 [FXGL Background Thread 3 ] DEBUG Engine               - class com.almasb.fxgl.minigames.MiniGameService
00:55:50.138 [FXGL Background Thread 3 ] DEBUG Engine               - class com.almasb.fxgl.net.NetService
00:55:50.138 [FXGL Background Thread 3 ] DEBUG Engine               - class com.almasb.fxgl.app.services.UpdaterService
00:55:50.138 [FXGL Background Thread 3 ] DEBUG Engine               - class com.almasb.fxgl.dev.DevService
00:55:51.663 [JavaFX Application Thread] DEBUG PrimaryStageWindow   - Pop state: PauseMenu
00:55:51.663 [JavaFX Application Thread] DEBUG Input                - Clearing active input actions
00:55:51.664 [JavaFX Application Thread] DEBUG GameApplicationServi - Removing overlay from PauseMenu and adding to GameScene
00:55:51.665 [JavaFX Application Thread] DEBUG PrimaryStageWindow   - GameScene <- PauseMenu
00:55:52.099 [JavaFX Application Thread] DEBUG PrimaryStageWindow   - Push state: PauseMenu
00:55:52.121 [JavaFX Application Thread] DEBUG Input                - Clearing active input actions
00:55:52.123 [JavaFX Application Thread] DEBUG GameApplicationServi - Removing overlay from GameScene and adding to PauseMenu
00:55:52.123 [JavaFX Application Thread] DEBUG PrimaryStageWindow   - GameScene -> PauseMenu
00:55:52.862 [JavaFX Application Thread] DEBUG PrimaryStageWindow   - Pop state: PauseMenu
00:55:52.863 [JavaFX Application Thread] DEBUG Input                - Clearing active input actions
00:55:52.864 [JavaFX Application Thread] DEBUG GameApplicationServi - Removing overlay from PauseMenu and adding to GameScene
00:55:52.865 [JavaFX Application Thread] DEBUG PrimaryStageWindow   - GameScene <- PauseMenu
00:55:54.728 [JavaFX Application Thread] DEBUG FXGLApplication      - Exiting FXGL
00:55:54.728 [JavaFX Application Thread] DEBUG LoopRunner           - Stopping loop
00:55:54.728 [JavaFX Application Thread] DEBUG SystemBundleService  - Saving FXGL system data
00:55:54.734 [JavaFX Application Thread] DEBUG FileSystemAccess     - Writing to: C:\Users\Tuanngth\Desktop\akanov-an225-huy\system\fxgl.bundle
00:55:54.738 [JavaFX Application Thread] DEBUG Async                - Shutting down background threads
00:55:54.739 [JavaFX Application Thread] DEBUG PrimaryStageWindow   - Closing main window
00:55:54.771 [JavaFX Application Thread] DEBUG Logger               - Closing Logger
