11:31:34.722 [main                     ] DEBUG Logger               - Configured Logger
11:31:34.729 [main                     ] DEBUG GameApplication      - Logging settings
Title: Akanov-an225
Version: 0.1
Width: 800
Height: 600
Fullscreen: false
Intro: false
Profiling: false
Single step:false
App Mode: DEVELOPER
Menu Key: ESCAPE
Stage Style: DECORATED
Scene Factory: class com.almasb.fxgl.app.scene.SceneFactory

11:31:35.092 [JavaFX Application Thread] DEBUG FXGLApplication      - Initializing FXGL
11:31:35.095 [JavaFX Application Thread] INFO  Engine               - FXGL-17.3 (30.03.2023 11.49) on MAC (J:24.0.2 FX:21.0.6)
11:31:35.095 [JavaFX Application Thread] DEBUG Engine               - JRE Vendor Name: Amazon.com Inc.
11:31:35.095 [JavaFX Application Thread] DEBUG Engine               - Running on OS: Mac OS X version 14.8.1
11:31:35.095 [JavaFX Application Thread] DEBUG Engine               - Architecture: aarch64
11:31:35.095 [JavaFX Application Thread] INFO  Engine               - Source code and latest versions at: https://github.com/AlmasB/FXGL
11:31:35.096 [JavaFX Application Thread] INFO  Engine               -       Ask questions and discuss at: https://github.com/AlmasB/FXGL/discussions
11:31:35.096 [JavaFX Application Thread] INFO  Engine               -              Join the FXGL chat at: https://gitter.im/AlmasB/FXGL
11:31:35.185 [JavaFX Application Thread] DEBUG PrimaryStageWindow   - Creating a JavaFX scene
11:31:35.232 [JavaFX Application Thread] DEBUG PrimaryStageWindow   - Target settings size: 800.0 x 600.0
11:31:35.232 [JavaFX Application Thread] DEBUG PrimaryStageWindow   - Scaled scene size:    800.0 x 600.0
11:31:35.232 [JavaFX Application Thread] DEBUG PrimaryStageWindow   - Scaled ratio: (1.0, 1.0)
11:31:35.233 [JavaFX Application Thread] DEBUG PrimaryStageWindow   - Set initial scene to FXGLStartupScene
11:31:35.236 [JavaFX Application Thread] DEBUG PrimaryStageWindow   - Opening main window
11:31:35.321 [JavaFX Application Thread] DEBUG PrimaryStageWindow   - Window border size: (0.0, 28.0)
11:31:35.321 [JavaFX Application Thread] DEBUG PrimaryStageWindow   - Scaled size: 800.0 x 600.0
11:31:35.321 [JavaFX Application Thread] DEBUG PrimaryStageWindow   - Scaled ratio: (1.0, 1.0)
11:31:35.322 [JavaFX Application Thread] DEBUG PrimaryStageWindow   - Scene size: 800.0 x 600.0
11:31:35.322 [JavaFX Application Thread] DEBUG PrimaryStageWindow   - Stage size: 800.0 x 628.0
11:31:35.328 [FXGL Background Thread 1 ] DEBUG Engine               - Initializing environment variables
11:31:35.408 [FXGL Background Thread 1 ] DEBUG FXGLAssetLoaderServi - User app class for loading assets: class view.Launch
11:31:35.408 [FXGL Background Thread 1 ] DEBUG GameApplicationServi - Applying CSS: fxgl_dark.css
11:31:35.409 [FXGL Background Thread 1 ] DEBUG FXGLAssetLoaderServi - Loading from file system: jar:file:///Users/huyle/.m2/repository/com/github/almasb/fxgl/17.3/fxgl-17.3.jar!/fxglassets/ui/css/fxgl_dark.css
11:31:35.454 [FXGL Background Thread 1 ] DEBUG GameApplicationServi - Initializing application scenes
11:31:35.543 [FXGL Background Thread 1 ] DEBUG GameWorld            - Game world initialized
11:31:35.589 [FXGL Background Thread 1 ] DEBUG PhysicsWorld         - Physics world initialized: appHeight=600, physics.ppm=50.0
11:31:35.589 [FXGL Background Thread 1 ] DEBUG PhysicsWorld         - Using strategy: BRUTE_FORCE
11:31:35.592 [FXGL Background Thread 1 ] DEBUG GameScene            - Game scene initialized: 800x600
11:31:35.600 [FXGL Background Thread 1 ] DEBUG FXGL.DefaultMenu     - createMenuBodyGameMenu()
11:31:35.611 [FXGL Background Thread 1 ] DEBUG FXGL.DefaultMenu     - createOptionsMenu()
11:31:35.618 [FXGL Background Thread 1 ] DEBUG FXGLAssetLoaderServi - Loading from file system: jar:file:///Users/huyle/.m2/repository/com/github/almasb/fxgl/17.3/fxgl-17.3.jar!/fxglassets/textures/particles/smoke.png
11:31:35.691 [FXGL Background Thread 1 ] DEBUG FXGLAssetLoaderServi - Loading from file system: jar:file:///Users/huyle/.m2/repository/com/github/almasb/fxgl/17.3/fxgl-17.3.jar!/fxglassets/textures/particles/trace_horizontal.png
11:31:35.711 [FXGL Background Thread 1 ] DEBUG GameApplicationServi - Application scenes initialized
11:31:35.718 [FXGL Background Thread 1 ] DEBUG SystemBundleService  - Loading FXGL system data
11:31:35.720 [FXGL Background Thread 1 ] DEBUG FileSystemAccess     - Reading from: /Users/huyle/Documents/UET/year2/ki1/OOP/BTL/demo/system/fxgl.bundle
11:31:35.724 [FXGL Background Thread 1 ] DEBUG SystemBundleService  - Bundle FXGL: {}
11:31:35.724 [FXGL Background Thread 1 ] DEBUG UpdaterService       - Checking for updates
11:31:35.727 [FXGL Background Thread 4 ] DEBUG FXGLApplication      - Loading fonts
11:31:35.727 [FXGL Background Thread 4 ] DEBUG FXGLAssetLoaderServi - Loading from file system: jar:file:///Users/huyle/.m2/repository/com/github/almasb/fxgl/17.3/fxgl-17.3.jar!/fxglassets/ui/fonts/VarelaRound-Regular.ttf
11:31:35.727 [FXGL Background Thread 1 ] DEBUG FXGLApplication      - Loading default localization
11:31:35.728 [FXGL Background Thread 1 ] DEBUG FXGLAssetLoaderServi - Loading from file system: jar:file:///Users/huyle/.m2/repository/com/github/almasb/fxgl/17.3/fxgl-17.3.jar!/fxglassets/languages/english.lang
11:31:35.737 [FXGL Background Thread 4 ] DEBUG FXGLAssetLoaderServi - Loading from file system: jar:file:///Users/huyle/.m2/repository/com/github/almasb/fxgl/17.3/fxgl-17.3.jar!/fxglassets/ui/fonts/Abel-Regular.ttf
11:31:35.738 [FXGL Background Thread 1 ] INFO  FXGLApplication      - FXGL initialization took: 0.410 sec
11:31:35.739 [FXGL Background Thread 4 ] DEBUG FXGLAssetLoaderServi - Loading from file system: jar:file:///Users/huyle/.m2/repository/com/github/almasb/fxgl/17.3/fxgl-17.3.jar!/fxglassets/ui/fonts/TerminalLandMono-Regular.otf
11:31:35.741 [FXGL Background Thread 4 ] DEBUG FXGLAssetLoaderServi - Loading from file system: jar:file:///Users/huyle/.m2/repository/com/github/almasb/fxgl/17.3/fxgl-17.3.jar!/fxglassets/ui/fonts/Courier-Prime.ttf
11:31:35.744 [JavaFX Application Thread] DEBUG Input                - Registered new binding: action0 - D
11:31:35.744 [JavaFX Application Thread] DEBUG Input                - Registered new binding: action1 - A
11:31:35.745 [JavaFX Application Thread] DEBUG Input                - Registered new binding: action2 - Left
11:31:35.745 [JavaFX Application Thread] DEBUG Input                - Registered new binding: action3 - Right
11:31:35.745 [JavaFX Application Thread] DEBUG FXGLAssetLoaderServi - Loading from file system: jar:file:///Users/huyle/.m2/repository/com/github/almasb/fxgl/17.3/fxgl-17.3.jar!/fxglassets/textures/fxgl_icon.png
11:31:35.765 [JavaFX Application Thread] DEBUG FXGLAssetLoaderServi - Loading from file system: jar:file:///Users/huyle/.m2/repository/com/github/almasb/fxgl/17.3/fxgl-17.3.jar!/fxglassets/textures/fxgl_default_cursor.png
11:31:35.766 [JavaFX Application Thread] DEBUG Input                - Registered new binding: Screenshot - CTRL+8
11:31:35.766 [JavaFX Application Thread] DEBUG Input                - Registered new binding: System info dump - CTRL+9
11:31:35.766 [JavaFX Application Thread] DEBUG Input                - Registered new binding: Restart - CTRL+R
11:31:35.767 [JavaFX Application Thread] DEBUG Input                - Registered new binding: Toggle Debug Camera - CTRL+7
11:31:35.768 [JavaFX Application Thread] DEBUG LoopRunner           - Starting loop
11:31:35.768 [JavaFX Application Thread] DEBUG LoopRunner           - Initializing JavaFX AnimationTimerLoop
11:31:35.768 [JavaFX Application Thread] DEBUG GameApplicationServi - Starting new game
11:31:35.769 [JavaFX Application Thread] DEBUG Input                - Clearing active input actions
11:31:35.775 [JavaFX Application Thread] DEBUG GameApplicationServi - Removing overlay from FXGLStartupScene and adding to FXGLLoadingScene
11:31:35.775 [JavaFX Application Thread] DEBUG PrimaryStageWindow   - FXGLStartupScene -> FXGLLoadingScene
11:31:35.775 [JavaFX Application Thread] DEBUG GameApplicationServi - Clearing previous game
11:31:35.775 [JavaFX Application Thread] DEBUG GameScene            - Clearing game scene
11:31:35.775 [JavaFX Application Thread] DEBUG GameWorld            - Clearing game world
11:31:35.775 [JavaFX Application Thread] DEBUG PhysicsWorld         - Clearing physics world
11:31:35.776 [FXGL Background Thread 4 ] DEBUG FXGLApplication      - Initializing game
11:31:35.780 [FXGL Background Thread 4 ] INFO  FXGLApplication      - Game initialization took: 0.004 sec
11:31:35.788 [JavaFX Application Thread] DEBUG FXGLApplication      - Registering font factories with UI factory
11:31:35.813 [JavaFX Application Thread] DEBUG Input                - Clearing active input actions
11:31:35.817 [JavaFX Application Thread] DEBUG GameApplicationServi - Removing overlay from FXGLLoadingScene and adding to GameScene
11:31:35.817 [JavaFX Application Thread] DEBUG PrimaryStageWindow   - FXGLLoadingScene -> GameScene
11:31:36.098 [FXGL Background Thread 2 ] INFO  UpdaterService       - Your current version:  17.3
11:31:36.098 [FXGL Background Thread 2 ] INFO  UpdaterService       - Latest stable version: 21.1
11:31:36.661 [JavaFX Application Thread] DEBUG FXGLApplication      - Exiting FXGL
11:31:36.661 [JavaFX Application Thread] DEBUG LoopRunner           - Stopping loop
11:31:36.662 [JavaFX Application Thread] DEBUG SystemBundleService  - Saving FXGL system data
11:31:36.667 [JavaFX Application Thread] DEBUG FileSystemAccess     - Writing to: /Users/huyle/Documents/UET/year2/ki1/OOP/BTL/demo/system/fxgl.bundle
11:31:36.671 [JavaFX Application Thread] DEBUG Async                - Shutting down background threads
11:31:36.671 [JavaFX Application Thread] DEBUG PrimaryStageWindow   - Closing main window
11:31:36.712 [JavaFX Application Thread] DEBUG Logger               - Closing Logger
