23:40:12.413 [main                     ] DEBUG Logger               - Configured Logger
23:40:12.419 [main                     ] DEBUG GameApplication      - Logging settings
Title: Akanov-an225
Version: 0.2
Width: 960
Height: 720
Fullscreen: false
Intro: false
Profiling: false
Single step:false
App Mode: DEVELOPER
Menu Key: ESCAPE
Stage Style: DECORATED
Scene Factory: class view.GeneralInit$1

23:40:12.832 [JavaFX Application Thread] DEBUG FXGLApplication      - Initializing FXGL
23:40:12.835 [JavaFX Application Thread] INFO  Engine               - FXGL-17.3 (30.03.2023 11.49) on WINDOWS (J:24.0.2 FX:21.0.6)
23:40:12.835 [JavaFX Application Thread] DEBUG Engine               - JRE Vendor Name: Oracle Corporation
23:40:12.836 [JavaFX Application Thread] DEBUG Engine               - Running on OS: Windows 11 version 10.0
23:40:12.836 [JavaFX Application Thread] DEBUG Engine               - Architecture: amd64
23:40:12.836 [JavaFX Application Thread] INFO  Engine               - Source code and latest versions at: https://github.com/AlmasB/FXGL
23:40:12.836 [JavaFX Application Thread] INFO  Engine               -       Ask questions and discuss at: https://github.com/AlmasB/FXGL/discussions
23:40:12.836 [JavaFX Application Thread] INFO  Engine               -              Join the FXGL chat at: https://gitter.im/AlmasB/FXGL
23:40:12.918 [JavaFX Application Thread] DEBUG PrimaryStageWindow   - Creating a JavaFX scene
23:40:12.959 [JavaFX Application Thread] DEBUG PrimaryStageWindow   - Target settings size: 960.0 x 720.0
23:40:12.959 [JavaFX Application Thread] DEBUG PrimaryStageWindow   - Scaled scene size:    960.0 x 720.0
23:40:12.960 [JavaFX Application Thread] DEBUG PrimaryStageWindow   - Scaled ratio: (1.0, 1.0)
23:40:12.960 [JavaFX Application Thread] DEBUG PrimaryStageWindow   - Set initial scene to FXGLStartupScene
23:40:12.963 [JavaFX Application Thread] DEBUG PrimaryStageWindow   - Opening main window
23:40:13.062 [JavaFX Application Thread] DEBUG PrimaryStageWindow   - Window border size: (13.823974609375, 37.24798583984375)
23:40:13.062 [JavaFX Application Thread] DEBUG PrimaryStageWindow   - Scaled size: 960.0 x 720.0
23:40:13.062 [JavaFX Application Thread] DEBUG PrimaryStageWindow   - Scaled ratio: (1.0, 1.0)
23:40:13.063 [JavaFX Application Thread] DEBUG PrimaryStageWindow   - Scene size: 960.0 x 720.0
23:40:13.063 [JavaFX Application Thread] DEBUG PrimaryStageWindow   - Stage size: 973.823974609375 x 757.2479858398438
23:40:13.077 [FXGL Background Thread 1 ] DEBUG Engine               - Initializing environment variables
23:40:13.158 [FXGL Background Thread 1 ] DEBUG FXGLAssetLoaderServi - User app class for loading assets: class view.Launch
23:40:13.159 [FXGL Background Thread 1 ] DEBUG GameApplicationServi - Applying CSS: fxgl_dark.css
23:40:13.160 [FXGL Background Thread 1 ] DEBUG FXGLAssetLoaderServi - Loading from file system: jar:file:///C:/Users/Tuanngth/.m2/repository/com/github/almasb/fxgl/17.3/fxgl-17.3.jar!/fxglassets/ui/css/fxgl_dark.css
23:40:13.206 [FXGL Background Thread 1 ] DEBUG GameApplicationServi - Initializing application scenes
23:40:13.253 [FXGL Background Thread 1 ] DEBUG GameWorld            - Game world initialized
23:40:13.313 [FXGL Background Thread 1 ] DEBUG PhysicsWorld         - Physics world initialized: appHeight=720, physics.ppm=50,0
23:40:13.313 [FXGL Background Thread 1 ] DEBUG PhysicsWorld         - Using strategy: BRUTE_FORCE
23:40:13.316 [FXGL Background Thread 1 ] DEBUG GameScene            - Game scene initialized: 960x720
23:40:13.379 [FXGL Background Thread 1 ] DEBUG GameApplicationServi - Application scenes initialized
23:40:13.386 [FXGL Background Thread 1 ] DEBUG SystemBundleService  - Loading FXGL system data
23:40:13.390 [FXGL Background Thread 1 ] DEBUG FileSystemAccess     - Reading from: C:\Users\Tuanngth\Desktop\akanov-an225\system\fxgl.bundle
23:40:13.397 [FXGL Background Thread 1 ] DEBUG SystemBundleService  - Bundle FXGL: {}
23:40:13.397 [FXGL Background Thread 1 ] DEBUG UpdaterService       - Checking for updates
23:40:13.402 [FXGL Background Thread 4 ] DEBUG FXGLApplication      - Loading fonts
23:40:13.403 [FXGL Background Thread 1 ] DEBUG FXGLApplication      - Loading default localization
23:40:13.403 [FXGL Background Thread 4 ] DEBUG FXGLAssetLoaderServi - Loading from file system: jar:file:///C:/Users/Tuanngth/.m2/repository/com/github/almasb/fxgl/17.3/fxgl-17.3.jar!/fxglassets/ui/fonts/VarelaRound-Regular.ttf
23:40:13.403 [FXGL Background Thread 1 ] DEBUG FXGLAssetLoaderServi - Loading from file system: jar:file:///C:/Users/Tuanngth/.m2/repository/com/github/almasb/fxgl/17.3/fxgl-17.3.jar!/fxglassets/languages/english.lang
23:40:13.467 [FXGL Background Thread 4 ] DEBUG FXGLAssetLoaderServi - Loading from file system: jar:file:///C:/Users/Tuanngth/.m2/repository/com/github/almasb/fxgl/17.3/fxgl-17.3.jar!/fxglassets/ui/fonts/Abel-Regular.ttf
23:40:13.473 [FXGL Background Thread 4 ] DEBUG FXGLAssetLoaderServi - Loading from file system: jar:file:///C:/Users/Tuanngth/.m2/repository/com/github/almasb/fxgl/17.3/fxgl-17.3.jar!/fxglassets/ui/fonts/TerminalLandMono-Regular.otf
23:40:13.481 [FXGL Background Thread 4 ] DEBUG FXGLAssetLoaderServi - Loading from file system: jar:file:///C:/Users/Tuanngth/.m2/repository/com/github/almasb/fxgl/17.3/fxgl-17.3.jar!/fxglassets/ui/fonts/Courier-Prime.ttf
23:40:13.481 [FXGL Background Thread 1 ] INFO  FXGLApplication      - FXGL initialization took: 0,403 sec
23:40:13.501 [JavaFX Application Thread] DEBUG Input                - Registered new binding: action0 - Right
23:40:13.503 [JavaFX Application Thread] DEBUG Input                - Registered new binding: action1 - Left
23:40:13.503 [JavaFX Application Thread] DEBUG Input                - Registered new binding: action2 - D
23:40:13.504 [JavaFX Application Thread] DEBUG FXGLAssetLoaderServi - Loading from file system: jar:file:///C:/Users/Tuanngth/.m2/repository/com/github/almasb/fxgl/17.3/fxgl-17.3.jar!/fxglassets/textures/fxgl_icon.png
23:40:13.560 [JavaFX Application Thread] DEBUG FXGLAssetLoaderServi - Loading from file system: jar:file:///C:/Users/Tuanngth/.m2/repository/com/github/almasb/fxgl/17.3/fxgl-17.3.jar!/fxglassets/textures/fxgl_default_cursor.png
23:40:13.566 [JavaFX Application Thread] DEBUG Input                - Registered new binding: Screenshot - CTRL+8
23:40:13.568 [JavaFX Application Thread] DEBUG Input                - Registered new binding: System info dump - CTRL+9
23:40:13.569 [JavaFX Application Thread] DEBUG Input                - Registered new binding: Restart - CTRL+R
23:40:13.572 [JavaFX Application Thread] DEBUG Input                - Registered new binding: Toggle Debug Camera - CTRL+7
23:40:13.579 [JavaFX Application Thread] DEBUG LoopRunner           - Starting loop
23:40:13.579 [JavaFX Application Thread] DEBUG LoopRunner           - Initializing JavaFX AnimationTimerLoop
23:40:13.586 [JavaFX Application Thread] DEBUG Input                - Clearing active input actions
23:40:13.597 [JavaFX Application Thread] DEBUG GameApplicationServi - Removing overlay from FXGLStartupScene and adding to FXGLMainMenuDummyScene
23:40:13.598 [JavaFX Application Thread] DEBUG PrimaryStageWindow   - FXGLStartupScene -> FXGLMainMenuDummyScene
23:40:13.598 [JavaFX Application Thread] DEBUG PrimaryStageWindow   - Push state: MainMenu
23:40:13.598 [JavaFX Application Thread] DEBUG Input                - Clearing active input actions
23:40:13.603 [JavaFX Application Thread] DEBUG GameApplicationServi - Removing overlay from FXGLMainMenuDummyScene and adding to MainMenu
23:40:13.603 [JavaFX Application Thread] DEBUG PrimaryStageWindow   - FXGLMainMenuDummyScene -> MainMenu
23:40:13.603 [JavaFX Application Thread] DEBUG FXGLApplication      - Registering font factories with UI factory
23:40:14.385 [FXGL Background Thread 2 ] INFO  UpdaterService       - Your current version:  17.3
23:40:14.386 [FXGL Background Thread 2 ] INFO  UpdaterService       - Latest stable version: 21.1
23:40:15.505 [JavaFX Application Thread] DEBUG Menu                 - fireNewGame()
23:40:15.505 [JavaFX Application Thread] DEBUG GameApplicationServi - Starting new game
23:40:15.505 [JavaFX Application Thread] DEBUG PrimaryStageWindow   - Pop state: MainMenu
23:40:15.505 [JavaFX Application Thread] DEBUG Input                - Clearing active input actions
23:40:15.506 [JavaFX Application Thread] DEBUG GameApplicationServi - Removing overlay from MainMenu and adding to FXGLMainMenuDummyScene
23:40:15.506 [JavaFX Application Thread] DEBUG PrimaryStageWindow   - FXGLMainMenuDummyScene <- MainMenu
23:40:15.508 [JavaFX Application Thread] DEBUG Input                - Clearing active input actions
23:40:15.517 [JavaFX Application Thread] DEBUG GameApplicationServi - Removing overlay from FXGLMainMenuDummyScene and adding to FXGLLoadingScene
23:40:15.517 [JavaFX Application Thread] DEBUG PrimaryStageWindow   - FXGLMainMenuDummyScene -> FXGLLoadingScene
23:40:15.517 [JavaFX Application Thread] DEBUG GameApplicationServi - Clearing previous game
23:40:15.517 [JavaFX Application Thread] DEBUG GameScene            - Clearing game scene
23:40:15.517 [JavaFX Application Thread] DEBUG GameWorld            - Clearing game world
23:40:15.517 [JavaFX Application Thread] DEBUG PhysicsWorld         - Clearing physics world
23:40:15.519 [FXGL Background Thread 2 ] DEBUG FXGLApplication      - Initializing game
23:40:15.529 [FXGL Background Thread 2 ] WARN  Entity               - Entity already has component: com.almasb.fxgl.entity.components.BoundingBoxComponent
23:40:15.668 [FXGL Background Thread 2 ] INFO  FXGLApplication      - Game initialization took: 0,150 sec
23:40:15.678 [JavaFX Application Thread] DEBUG Input                - Clearing active input actions
23:40:15.689 [JavaFX Application Thread] DEBUG GameApplicationServi - Removing overlay from FXGLLoadingScene and adding to GameScene
23:40:15.689 [JavaFX Application Thread] DEBUG PrimaryStageWindow   - FXGLLoadingScene -> GameScene
23:40:16.402 [FXGL Background Thread 3 ] DEBUG Engine               - Logging environment variables
23:40:16.403 [FXGL Background Thread 3 ] DEBUG Engine               - achievements: []
23:40:16.403 [FXGL Background Thread 3 ] DEBUG Engine               - actualHeight: 720.0
23:40:16.403 [FXGL Background Thread 3 ] DEBUG Engine               - actualHeightProperty: ReadOnlyDoubleProperty [value: 720.0]
23:40:16.403 [FXGL Background Thread 3 ] DEBUG Engine               - actualWidth: 960.0
23:40:16.403 [FXGL Background Thread 3 ] DEBUG Engine               - actualWidthProperty: ReadOnlyDoubleProperty [value: 960.0]
23:40:16.403 [FXGL Background Thread 3 ] DEBUG Engine               - appIcon: fxgl_icon.png
23:40:16.403 [FXGL Background Thread 3 ] DEBUG Engine               - applicationMode: DEVELOPER
23:40:16.403 [FXGL Background Thread 3 ] DEBUG Engine               - cSSList: [fxgl_dark.css]
23:40:16.403 [FXGL Background Thread 3 ] DEBUG Engine               - collisionDetectionStrategy: BRUTE_FORCE
23:40:16.403 [FXGL Background Thread 3 ] DEBUG Engine               - configClass: Optional.empty
23:40:16.403 [FXGL Background Thread 3 ] DEBUG Engine               - credits: []
23:40:16.408 [FXGL Background Thread 3 ] DEBUG Engine               - defaultCursor: CursorInfo(imageName=fxgl_default_cursor.png, hotspotX=7.0, hotspotY=6.0)
23:40:16.408 [FXGL Background Thread 3 ] DEBUG Engine               - devBBoxColorProperty: ObjectProperty [value: 0xff0000ff]
23:40:16.408 [FXGL Background Thread 3 ] DEBUG Engine               - devEnableDebugCameraProperty: BooleanProperty [value: false]
23:40:16.408 [FXGL Background Thread 3 ] DEBUG Engine               - devSensorColorProperty: ObjectProperty [value: 0xffff00ff]
23:40:16.408 [FXGL Background Thread 3 ] DEBUG Engine               - devShowBBoxProperty: BooleanProperty [value: false]
23:40:16.408 [FXGL Background Thread 3 ] DEBUG Engine               - devShowPositionProperty: BooleanProperty [value: false]
23:40:16.409 [FXGL Background Thread 3 ] DEBUG Engine               - enabledMenuItems: []
23:40:16.409 [FXGL Background Thread 3 ] DEBUG Engine               - engineServices: [class com.almasb.fxgl.app.services.FXGLAssetLoaderService, class com.almasb.fxgl.app.FXGLApplication$GameApplicationService, class com.almasb.fxgl.app.services.FXGLDialogService, class com.almasb.fxgl.app.services.IOTaskExecutorService, class com.almasb.fxgl.io.FileSystemService, class com.almasb.fxgl.localization.LocalizationService, class com.almasb.fxgl.app.services.SystemBundleService, class com.almasb.fxgl.profile.SaveLoadService, class com.almasb.fxgl.ui.FXGLUIFactoryServiceProvider, class com.almasb.fxgl.ui.FXGLDialogFactoryServiceProvider, class com.almasb.fxgl.audio.AudioPlayer, class com.almasb.fxgl.notification.impl.NotificationServiceProvider, class com.almasb.fxgl.achievement.AchievementService, class com.almasb.fxgl.cutscene.CutsceneService, class com.almasb.fxgl.minigames.MiniGameService, class com.almasb.fxgl.net.NetService, class com.almasb.fxgl.app.services.UpdaterService, class com.almasb.fxgl.dev.DevService]
23:40:16.409 [FXGL Background Thread 3 ] DEBUG Engine               - fontGame: Abel-Regular.ttf
23:40:16.409 [FXGL Background Thread 3 ] DEBUG Engine               - fontMono: TerminalLandMono-Regular.otf
23:40:16.410 [FXGL Background Thread 3 ] DEBUG Engine               - fontSizeScaleUI: 1.0
23:40:16.410 [FXGL Background Thread 3 ] DEBUG Engine               - fontText: Courier-Prime.ttf
23:40:16.410 [FXGL Background Thread 3 ] DEBUG Engine               - fontUI: VarelaRound-Regular.ttf
23:40:16.410 [FXGL Background Thread 3 ] DEBUG Engine               - fullScreen: BooleanProperty [value: false]
23:40:16.410 [FXGL Background Thread 3 ] DEBUG Engine               - gameDifficulty: MEDIUM
23:40:16.410 [FXGL Background Thread 3 ] DEBUG Engine               - gameDifficultyProperty: ObjectProperty [value: MEDIUM]
23:40:16.410 [FXGL Background Thread 3 ] DEBUG Engine               - globalMusicVolume: 0.5
23:40:16.410 [FXGL Background Thread 3 ] DEBUG Engine               - globalMusicVolumeProperty: DoubleProperty [value: 0.5]
23:40:16.411 [FXGL Background Thread 3 ] DEBUG Engine               - globalSoundVolume: 0.5
23:40:16.411 [FXGL Background Thread 3 ] DEBUG Engine               - globalSoundVolumeProperty: DoubleProperty [value: 0.5]
23:40:16.411 [FXGL Background Thread 3 ] DEBUG Engine               - height: 720
23:40:16.412 [FXGL Background Thread 3 ] DEBUG Engine               - is3D: false
23:40:16.412 [FXGL Background Thread 3 ] DEBUG Engine               - isAndroid: false
23:40:16.412 [FXGL Background Thread 3 ] DEBUG Engine               - isBrowser: false
23:40:16.412 [FXGL Background Thread 3 ] DEBUG Engine               - isClickFeedbackEnabled: false
23:40:16.412 [FXGL Background Thread 3 ] DEBUG Engine               - isCloseConfirmation: false
23:40:16.412 [FXGL Background Thread 3 ] DEBUG Engine               - isDesktop: true
23:40:16.412 [FXGL Background Thread 3 ] DEBUG Engine               - isDeveloperMenuEnabled: false
23:40:16.412 [FXGL Background Thread 3 ] DEBUG Engine               - isEmbedded: false
23:40:16.412 [FXGL Background Thread 3 ] DEBUG Engine               - isEntityPreloadEnabled: true
23:40:16.412 [FXGL Background Thread 3 ] DEBUG Engine               - isExperimentalTiledLargeMap: false
23:40:16.412 [FXGL Background Thread 3 ] DEBUG Engine               - isFileSystemWriteAllowed: true
23:40:16.412 [FXGL Background Thread 3 ] DEBUG Engine               - isFullScreenAllowed: false
23:40:16.413 [FXGL Background Thread 3 ] DEBUG Engine               - isFullScreenFromStart: false
23:40:16.413 [FXGL Background Thread 3 ] DEBUG Engine               - isGameMenuEnabled: true
23:40:16.413 [FXGL Background Thread 3 ] DEBUG Engine               - isIOS: false
23:40:16.413 [FXGL Background Thread 3 ] DEBUG Engine               - isIntroEnabled: false
23:40:16.413 [FXGL Background Thread 3 ] DEBUG Engine               - isLinux: false
23:40:16.413 [FXGL Background Thread 3 ] DEBUG Engine               - isMac: false
23:40:16.413 [FXGL Background Thread 3 ] DEBUG Engine               - isMainMenuEnabled: true
23:40:16.413 [FXGL Background Thread 3 ] DEBUG Engine               - isManualResizeEnabled: false
23:40:16.413 [FXGL Background Thread 3 ] DEBUG Engine               - isMobile: false
23:40:16.413 [FXGL Background Thread 3 ] DEBUG Engine               - isNative: false
23:40:16.413 [FXGL Background Thread 3 ] DEBUG Engine               - isPauseMusicWhenMinimized: true
23:40:16.413 [FXGL Background Thread 3 ] DEBUG Engine               - isPreserveResizeRatio: false
23:40:16.413 [FXGL Background Thread 3 ] DEBUG Engine               - isProfilingEnabled: false
23:40:16.414 [FXGL Background Thread 3 ] DEBUG Engine               - isScaleAffectedOnResize: true
23:40:16.414 [FXGL Background Thread 3 ] DEBUG Engine               - isSingleStep: false
23:40:16.414 [FXGL Background Thread 3 ] DEBUG Engine               - isUserProfileEnabled: false
23:40:16.414 [FXGL Background Thread 3 ] DEBUG Engine               - isWindows: true
23:40:16.414 [FXGL Background Thread 3 ] DEBUG Engine               - language: ObjectProperty [value: ENGLISH]
23:40:16.414 [FXGL Background Thread 3 ] DEBUG Engine               - menuKey: ESCAPE
23:40:16.415 [FXGL Background Thread 3 ] DEBUG Engine               - mouseSensitivity: 0.2
23:40:16.415 [FXGL Background Thread 3 ] DEBUG Engine               - notificationViewClass: class com.almasb.fxgl.notification.view.XboxNotificationView
23:40:16.415 [FXGL Background Thread 3 ] DEBUG Engine               - pixelsPerMeter: 50.0
23:40:16.415 [FXGL Background Thread 3 ] DEBUG Engine               - platform: WINDOWS
23:40:16.415 [FXGL Background Thread 3 ] DEBUG Engine               - prefHeightProperty: ReadOnlyDoubleProperty [value: 720.0]
23:40:16.415 [FXGL Background Thread 3 ] DEBUG Engine               - prefWidthProperty: ReadOnlyDoubleProperty [value: 960.0]
23:40:16.415 [FXGL Background Thread 3 ] DEBUG Engine               - profileDir: profiles/
23:40:16.415 [FXGL Background Thread 3 ] DEBUG Engine               - profileName: StringProperty [value: DEFAULT]
23:40:16.415 [FXGL Background Thread 3 ] DEBUG Engine               - randomSeed: -1
23:40:16.416 [FXGL Background Thread 3 ] DEBUG Engine               - runtimeInfo: RuntimeInfo(platform=WINDOWS, version=17.3, build=30.03.2023 11.49)
23:40:16.416 [FXGL Background Thread 3 ] DEBUG Engine               - saveFileExt: sav
23:40:16.416 [FXGL Background Thread 3 ] DEBUG Engine               - scaledHeightProp$fxgl: DoubleProperty [bound, value: 720.0]
23:40:16.416 [FXGL Background Thread 3 ] DEBUG Engine               - scaledWidthProp$fxgl: DoubleProperty [bound, value: 960.0]
23:40:16.416 [FXGL Background Thread 3 ] DEBUG Engine               - sceneFactory: view.GeneralInit$1@75c227f8
23:40:16.416 [FXGL Background Thread 3 ] DEBUG Engine               - secondsIn24h: 60
23:40:16.416 [FXGL Background Thread 3 ] DEBUG Engine               - soundMenuBack: menu/back.wav
23:40:16.416 [FXGL Background Thread 3 ] DEBUG Engine               - soundMenuPress: menu/press.wav
23:40:16.417 [FXGL Background Thread 3 ] DEBUG Engine               - soundMenuSelect: menu/select.wav
23:40:16.417 [FXGL Background Thread 3 ] DEBUG Engine               - soundNotification: core/notification.wav
23:40:16.417 [FXGL Background Thread 3 ] DEBUG Engine               - stageStyle: DECORATED
23:40:16.417 [FXGL Background Thread 3 ] DEBUG Engine               - supportedLanguages: [ENGLISH, FRENCH, GERMAN, HUNGARIAN, RUSSIAN]
23:40:16.417 [FXGL Background Thread 3 ] DEBUG Engine               - ticksPerSecond: -1
23:40:16.417 [FXGL Background Thread 3 ] DEBUG Engine               - title: Akanov-an225
23:40:16.417 [FXGL Background Thread 3 ] DEBUG Engine               - urlGithub: https://github.com/AlmasB/FXGL
23:40:16.418 [FXGL Background Thread 3 ] DEBUG Engine               - urlLeaderboard: http://fxgl-top.herokuapp.com/
23:40:16.418 [FXGL Background Thread 3 ] DEBUG Engine               - urlPOM: https://raw.githubusercontent.com/AlmasB/FXGL/release/README.md
23:40:16.418 [FXGL Background Thread 3 ] DEBUG Engine               - userAppClass: class view.Launch
23:40:16.418 [FXGL Background Thread 3 ] DEBUG Engine               - version: 0.2
23:40:16.418 [FXGL Background Thread 3 ] DEBUG Engine               - versionCheckDays: 7
23:40:16.418 [FXGL Background Thread 3 ] DEBUG Engine               - width: 960
23:40:16.418 [FXGL Background Thread 3 ] DEBUG Engine               - Logging services
23:40:16.418 [FXGL Background Thread 3 ] DEBUG Engine               - class com.almasb.fxgl.app.services.FXGLAssetLoaderService
23:40:16.418 [FXGL Background Thread 3 ] DEBUG Engine               - class com.almasb.fxgl.app.FXGLApplication$GameApplicationService
23:40:16.418 [FXGL Background Thread 3 ] DEBUG Engine               - class com.almasb.fxgl.app.services.FXGLDialogService
23:40:16.418 [FXGL Background Thread 3 ] DEBUG Engine               - class com.almasb.fxgl.app.services.IOTaskExecutorService
23:40:16.418 [FXGL Background Thread 3 ] DEBUG Engine               - class com.almasb.fxgl.io.FileSystemService
23:40:16.418 [FXGL Background Thread 3 ] DEBUG Engine               - class com.almasb.fxgl.localization.LocalizationService
23:40:16.418 [FXGL Background Thread 3 ] DEBUG Engine               - class com.almasb.fxgl.app.services.SystemBundleService
23:40:16.419 [FXGL Background Thread 3 ] DEBUG Engine               - class com.almasb.fxgl.profile.SaveLoadService
23:40:16.419 [FXGL Background Thread 3 ] DEBUG Engine               - class com.almasb.fxgl.ui.FXGLUIFactoryServiceProvider
23:40:16.419 [FXGL Background Thread 3 ] DEBUG Engine               - class com.almasb.fxgl.ui.FXGLDialogFactoryServiceProvider
23:40:16.419 [FXGL Background Thread 3 ] DEBUG Engine               - class com.almasb.fxgl.audio.AudioPlayer
23:40:16.419 [FXGL Background Thread 3 ] DEBUG Engine               - class com.almasb.fxgl.notification.impl.NotificationServiceProvider
23:40:16.419 [FXGL Background Thread 3 ] DEBUG Engine               - class com.almasb.fxgl.achievement.AchievementService
23:40:16.419 [FXGL Background Thread 3 ] DEBUG Engine               - class com.almasb.fxgl.cutscene.CutsceneService
23:40:16.419 [FXGL Background Thread 3 ] DEBUG Engine               - class com.almasb.fxgl.minigames.MiniGameService
23:40:16.419 [FXGL Background Thread 3 ] DEBUG Engine               - class com.almasb.fxgl.net.NetService
23:40:16.419 [FXGL Background Thread 3 ] DEBUG Engine               - class com.almasb.fxgl.app.services.UpdaterService
23:40:16.419 [FXGL Background Thread 3 ] DEBUG Engine               - class com.almasb.fxgl.dev.DevService
23:40:17.440 [JavaFX Application Thread] WARN  GameWorld            - Attempted to remove entity which is not active
23:40:17.441 [JavaFX Application Thread] WARN  GameWorld            - Attempted to remove entity which is not active
23:40:17.441 [JavaFX Application Thread] WARN  GameWorld            - Attempted to remove entity which is not active
23:40:17.442 [JavaFX Application Thread] WARN  GameWorld            - Attempted to remove entity which is not active
23:40:17.442 [JavaFX Application Thread] WARN  GameWorld            - Attempted to remove entity which is not active
23:40:17.442 [JavaFX Application Thread] WARN  GameWorld            - Attempted to remove entity which is not active
23:40:17.442 [JavaFX Application Thread] WARN  GameWorld            - Attempted to remove entity which is not active
23:40:17.442 [JavaFX Application Thread] WARN  GameWorld            - Attempted to remove entity which is not active
23:40:17.442 [JavaFX Application Thread] WARN  GameWorld            - Attempted to remove entity which is not active
23:40:17.443 [JavaFX Application Thread] WARN  GameWorld            - Attempted to remove entity which is not active
23:40:17.443 [JavaFX Application Thread] WARN  GameWorld            - Attempted to remove entity which is not active
23:40:17.443 [JavaFX Application Thread] WARN  GameWorld            - Attempted to remove entity which is not active
23:40:17.443 [JavaFX Application Thread] WARN  GameWorld            - Attempted to remove entity which is not active
23:40:17.443 [JavaFX Application Thread] WARN  GameWorld            - Attempted to remove entity which is not active
23:40:17.443 [JavaFX Application Thread] WARN  GameWorld            - Attempted to remove entity which is not active
23:40:17.443 [JavaFX Application Thread] WARN  GameWorld            - Attempted to remove entity which is not active
23:40:17.444 [JavaFX Application Thread] WARN  GameWorld            - Attempted to remove entity which is not active
23:40:17.444 [JavaFX Application Thread] WARN  GameWorld            - Attempted to remove entity which is not active
23:40:17.444 [JavaFX Application Thread] WARN  GameWorld            - Attempted to remove entity which is not active
23:40:17.444 [JavaFX Application Thread] WARN  GameWorld            - Attempted to remove entity which is not active
23:40:17.444 [JavaFX Application Thread] WARN  GameWorld            - Attempted to remove entity which is not active
23:40:17.444 [JavaFX Application Thread] WARN  GameWorld            - Attempted to remove entity which is not active
23:40:17.444 [JavaFX Application Thread] WARN  GameWorld            - Attempted to remove entity which is not active
23:40:17.444 [JavaFX Application Thread] WARN  GameWorld            - Attempted to remove entity which is not active
23:40:17.445 [JavaFX Application Thread] WARN  GameWorld            - Attempted to remove entity which is not active
23:40:17.445 [JavaFX Application Thread] WARN  GameWorld            - Attempted to remove entity which is not active
23:40:17.445 [JavaFX Application Thread] WARN  GameWorld            - Attempted to remove entity which is not active
23:40:17.445 [JavaFX Application Thread] WARN  GameWorld            - Attempted to remove entity which is not active
23:40:17.445 [JavaFX Application Thread] WARN  GameWorld            - Attempted to remove entity which is not active
23:40:17.446 [JavaFX Application Thread] WARN  GameWorld            - Attempted to remove entity which is not active
23:40:17.446 [JavaFX Application Thread] WARN  GameWorld            - Attempted to remove entity which is not active
23:40:17.446 [JavaFX Application Thread] WARN  GameWorld            - Attempted to remove entity which is not active
23:40:17.446 [JavaFX Application Thread] WARN  GameWorld            - Attempted to remove entity which is not active
23:40:17.446 [JavaFX Application Thread] WARN  GameWorld            - Attempted to remove entity which is not active
23:40:17.447 [JavaFX Application Thread] WARN  GameWorld            - Attempted to remove entity which is not active
23:40:17.447 [JavaFX Application Thread] WARN  GameWorld            - Attempted to remove entity which is not active
23:40:17.447 [JavaFX Application Thread] WARN  GameWorld            - Attempted to remove entity which is not active
23:40:17.447 [JavaFX Application Thread] WARN  GameWorld            - Attempted to remove entity which is not active
23:40:17.456 [JavaFX Application Thread] WARN  GameWorld            - Attempted to remove entity which is not active
23:40:17.457 [JavaFX Application Thread] WARN  GameWorld            - Attempted to remove entity which is not active
23:40:17.457 [JavaFX Application Thread] WARN  GameWorld            - Attempted to remove entity which is not active
23:40:17.457 [JavaFX Application Thread] WARN  GameWorld            - Attempted to remove entity which is not active
23:40:17.457 [JavaFX Application Thread] WARN  GameWorld            - Attempted to remove entity which is not active
23:40:17.457 [JavaFX Application Thread] WARN  GameWorld            - Attempted to remove entity which is not active
23:40:17.457 [JavaFX Application Thread] WARN  GameWorld            - Attempted to remove entity which is not active
23:40:17.457 [JavaFX Application Thread] WARN  GameWorld            - Attempted to remove entity which is not active
23:40:17.457 [JavaFX Application Thread] WARN  GameWorld            - Attempted to remove entity which is not active
23:40:17.457 [JavaFX Application Thread] WARN  GameWorld            - Attempted to remove entity which is not active
23:40:17.457 [JavaFX Application Thread] WARN  GameWorld            - Attempted to remove entity which is not active
23:40:17.458 [JavaFX Application Thread] WARN  GameWorld            - Attempted to remove entity which is not active
23:40:17.458 [JavaFX Application Thread] WARN  GameWorld            - Attempted to remove entity which is not active
23:40:17.458 [JavaFX Application Thread] WARN  GameWorld            - Attempted to remove entity which is not active
23:40:17.458 [JavaFX Application Thread] WARN  GameWorld            - Attempted to remove entity which is not active
23:40:17.458 [JavaFX Application Thread] WARN  GameWorld            - Attempted to remove entity which is not active
23:40:17.458 [JavaFX Application Thread] WARN  GameWorld            - Attempted to remove entity which is not active
23:40:17.458 [JavaFX Application Thread] WARN  GameWorld            - Attempted to remove entity which is not active
23:40:17.458 [JavaFX Application Thread] WARN  GameWorld            - Attempted to remove entity which is not active
23:40:17.458 [JavaFX Application Thread] WARN  GameWorld            - Attempted to remove entity which is not active
23:40:17.459 [JavaFX Application Thread] WARN  GameWorld            - Attempted to remove entity which is not active
23:40:17.459 [JavaFX Application Thread] WARN  GameWorld            - Attempted to remove entity which is not active
23:40:17.459 [JavaFX Application Thread] WARN  GameWorld            - Attempted to remove entity which is not active
23:40:17.459 [JavaFX Application Thread] WARN  GameWorld            - Attempted to remove entity which is not active
23:40:17.459 [JavaFX Application Thread] WARN  GameWorld            - Attempted to remove entity which is not active
23:40:17.459 [JavaFX Application Thread] WARN  GameWorld            - Attempted to remove entity which is not active
23:40:17.459 [JavaFX Application Thread] WARN  GameWorld            - Attempted to remove entity which is not active
23:40:17.459 [JavaFX Application Thread] WARN  GameWorld            - Attempted to remove entity which is not active
23:40:17.459 [JavaFX Application Thread] WARN  GameWorld            - Attempted to remove entity which is not active
23:40:17.459 [JavaFX Application Thread] WARN  GameWorld            - Attempted to remove entity which is not active
23:40:17.459 [JavaFX Application Thread] WARN  GameWorld            - Attempted to remove entity which is not active
23:40:17.460 [JavaFX Application Thread] WARN  GameWorld            - Attempted to remove entity which is not active
23:40:17.460 [JavaFX Application Thread] WARN  GameWorld            - Attempted to remove entity which is not active
23:40:17.460 [JavaFX Application Thread] WARN  GameWorld            - Attempted to remove entity which is not active
23:40:17.460 [JavaFX Application Thread] WARN  GameWorld            - Attempted to remove entity which is not active
23:40:17.460 [JavaFX Application Thread] WARN  GameWorld            - Attempted to remove entity which is not active
23:40:17.460 [JavaFX Application Thread] WARN  GameWorld            - Attempted to remove entity which is not active
23:40:17.460 [JavaFX Application Thread] WARN  GameWorld            - Attempted to remove entity which is not active
23:40:17.460 [JavaFX Application Thread] WARN  GameWorld            - Attempted to remove entity which is not active
23:40:17.460 [JavaFX Application Thread] WARN  GameWorld            - Attempted to remove entity which is not active
23:40:17.460 [JavaFX Application Thread] WARN  GameWorld            - Attempted to remove entity which is not active
23:40:17.461 [JavaFX Application Thread] WARN  GameWorld            - Attempted to remove entity which is not active
23:40:17.461 [JavaFX Application Thread] WARN  GameWorld            - Attempted to remove entity which is not active
23:40:17.461 [JavaFX Application Thread] WARN  GameWorld            - Attempted to remove entity which is not active
23:40:17.472 [JavaFX Application Thread] WARN  GameWorld            - Attempted to remove entity which is not active
23:40:17.472 [JavaFX Application Thread] WARN  GameWorld            - Attempted to remove entity which is not active
23:40:17.473 [JavaFX Application Thread] WARN  GameWorld            - Attempted to remove entity which is not active
23:40:17.473 [JavaFX Application Thread] WARN  GameWorld            - Attempted to remove entity which is not active
23:40:17.473 [JavaFX Application Thread] WARN  GameWorld            - Attempted to remove entity which is not active
23:40:17.473 [JavaFX Application Thread] WARN  GameWorld            - Attempted to remove entity which is not active
23:40:17.473 [JavaFX Application Thread] WARN  GameWorld            - Attempted to remove entity which is not active
23:40:17.473 [JavaFX Application Thread] WARN  GameWorld            - Attempted to remove entity which is not active
23:40:17.473 [JavaFX Application Thread] WARN  GameWorld            - Attempted to remove entity which is not active
23:40:17.473 [JavaFX Application Thread] WARN  GameWorld            - Attempted to remove entity which is not active
23:40:17.473 [JavaFX Application Thread] WARN  GameWorld            - Attempted to remove entity which is not active
23:40:17.473 [JavaFX Application Thread] WARN  GameWorld            - Attempted to remove entity which is not active
23:40:17.473 [JavaFX Application Thread] WARN  GameWorld            - Attempted to remove entity which is not active
23:40:17.473 [JavaFX Application Thread] WARN  GameWorld            - Attempted to remove entity which is not active
23:40:17.473 [JavaFX Application Thread] WARN  GameWorld            - Attempted to remove entity which is not active
23:40:17.474 [JavaFX Application Thread] WARN  GameWorld            - Attempted to remove entity which is not active
23:40:17.474 [JavaFX Application Thread] WARN  GameWorld            - Attempted to remove entity which is not active
23:40:17.474 [JavaFX Application Thread] WARN  GameWorld            - Attempted to remove entity which is not active
23:40:17.474 [JavaFX Application Thread] WARN  GameWorld            - Attempted to remove entity which is not active
23:40:17.474 [JavaFX Application Thread] WARN  GameWorld            - Attempted to remove entity which is not active
23:40:17.474 [JavaFX Application Thread] WARN  GameWorld            - Attempted to remove entity which is not active
23:40:17.474 [JavaFX Application Thread] WARN  GameWorld            - Attempted to remove entity which is not active
23:40:17.474 [JavaFX Application Thread] WARN  GameWorld            - Attempted to remove entity which is not active
23:40:17.474 [JavaFX Application Thread] WARN  GameWorld            - Attempted to remove entity which is not active
23:40:17.474 [JavaFX Application Thread] WARN  GameWorld            - Attempted to remove entity which is not active
23:40:17.474 [JavaFX Application Thread] WARN  GameWorld            - Attempted to remove entity which is not active
23:40:17.474 [JavaFX Application Thread] WARN  GameWorld            - Attempted to remove entity which is not active
23:40:17.474 [JavaFX Application Thread] WARN  GameWorld            - Attempted to remove entity which is not active
23:40:17.475 [JavaFX Application Thread] WARN  GameWorld            - Attempted to remove entity which is not active
23:40:17.475 [JavaFX Application Thread] WARN  GameWorld            - Attempted to remove entity which is not active
23:40:17.475 [JavaFX Application Thread] WARN  GameWorld            - Attempted to remove entity which is not active
23:40:17.475 [JavaFX Application Thread] WARN  GameWorld            - Attempted to remove entity which is not active
23:40:17.475 [JavaFX Application Thread] WARN  GameWorld            - Attempted to remove entity which is not active
23:40:17.475 [JavaFX Application Thread] WARN  GameWorld            - Attempted to remove entity which is not active
23:40:17.475 [JavaFX Application Thread] WARN  GameWorld            - Attempted to remove entity which is not active
23:40:17.475 [JavaFX Application Thread] WARN  GameWorld            - Attempted to remove entity which is not active
23:40:17.475 [JavaFX Application Thread] WARN  GameWorld            - Attempted to remove entity which is not active
23:40:17.475 [JavaFX Application Thread] WARN  GameWorld            - Attempted to remove entity which is not active
23:40:17.476 [JavaFX Application Thread] WARN  GameWorld            - Attempted to remove entity which is not active
23:40:17.476 [JavaFX Application Thread] WARN  GameWorld            - Attempted to remove entity which is not active
23:40:17.476 [JavaFX Application Thread] WARN  GameWorld            - Attempted to remove entity which is not active
23:40:17.476 [JavaFX Application Thread] WARN  GameWorld            - Attempted to remove entity which is not active
23:40:17.476 [JavaFX Application Thread] WARN  GameWorld            - Attempted to remove entity which is not active
23:40:17.476 [JavaFX Application Thread] WARN  GameWorld            - Attempted to remove entity which is not active
23:40:24.100 [JavaFX Application Thread] DEBUG FXGLApplication      - Exiting FXGL
23:40:24.100 [JavaFX Application Thread] DEBUG LoopRunner           - Stopping loop
23:40:24.100 [JavaFX Application Thread] DEBUG SystemBundleService  - Saving FXGL system data
23:40:24.104 [JavaFX Application Thread] DEBUG FileSystemAccess     - Writing to: C:\Users\Tuanngth\Desktop\akanov-an225\system\fxgl.bundle
23:40:24.109 [JavaFX Application Thread] DEBUG Async                - Shutting down background threads
23:40:24.109 [JavaFX Application Thread] DEBUG PrimaryStageWindow   - Closing main window
23:40:24.182 [JavaFX Application Thread] DEBUG Logger               - Closing Logger
