01:07:44.887 [main                     ] DEBUG Logger               - Configured Logger
01:07:44.894 [main                     ] DEBUG GameApplication      - Logging settings
Title: Akanov-an225
Version: 0.2
Width: 960
Height: 720
Fullscreen: false
Intro: false
Profiling: false
Single step:false
App Mode: DEVELOPER
Menu Key: ESCAPE
Stage Style: DECORATED
Scene Factory: class view.GeneralInit$1

01:07:45.279 [JavaFX Application Thread] DEBUG FXGLApplication      - Initializing FXGL
01:07:45.282 [JavaFX Application Thread] INFO  Engine               - FXGL-17.3 (30.03.2023 11.49) on WINDOWS (J:24.0.2 FX:21.0.6)
01:07:45.282 [JavaFX Application Thread] DEBUG Engine               - JRE Vendor Name: Oracle Corporation
01:07:45.282 [JavaFX Application Thread] DEBUG Engine               - Running on OS: Windows 11 version 10.0
01:07:45.282 [JavaFX Application Thread] DEBUG Engine               - Architecture: amd64
01:07:45.283 [JavaFX Application Thread] INFO  Engine               - Source code and latest versions at: https://github.com/AlmasB/FXGL
01:07:45.283 [JavaFX Application Thread] INFO  Engine               -       Ask questions and discuss at: https://github.com/AlmasB/FXGL/discussions
01:07:45.283 [JavaFX Application Thread] INFO  Engine               -              Join the FXGL chat at: https://gitter.im/AlmasB/FXGL
01:07:45.367 [JavaFX Application Thread] DEBUG PrimaryStageWindow   - Creating a JavaFX scene
01:07:45.411 [JavaFX Application Thread] DEBUG PrimaryStageWindow   - Target settings size: 960.0 x 720.0
01:07:45.411 [JavaFX Application Thread] DEBUG PrimaryStageWindow   - Scaled scene size:    960.0 x 720.0
01:07:45.411 [JavaFX Application Thread] DEBUG PrimaryStageWindow   - Scaled ratio: (1.0, 1.0)
01:07:45.412 [JavaFX Application Thread] DEBUG PrimaryStageWindow   - Set initial scene to FXGLStartupScene
01:07:45.415 [JavaFX Application Thread] DEBUG PrimaryStageWindow   - Opening main window
01:07:45.519 [JavaFX Application Thread] DEBUG PrimaryStageWindow   - Window border size: (13.823974609375, 37.24798583984375)
01:07:45.520 [JavaFX Application Thread] DEBUG PrimaryStageWindow   - Scaled size: 960.0 x 720.0
01:07:45.520 [JavaFX Application Thread] DEBUG PrimaryStageWindow   - Scaled ratio: (1.0, 1.0)
01:07:45.520 [JavaFX Application Thread] DEBUG PrimaryStageWindow   - Scene size: 960.0 x 720.0
01:07:45.520 [JavaFX Application Thread] DEBUG PrimaryStageWindow   - Stage size: 973.823974609375 x 757.2479858398438
01:07:45.536 [FXGL Background Thread 1 ] DEBUG Engine               - Initializing environment variables
01:07:45.612 [FXGL Background Thread 1 ] DEBUG FXGLAssetLoaderServi - User app class for loading assets: class view.Launch
01:07:45.612 [FXGL Background Thread 1 ] DEBUG GameApplicationServi - Applying CSS: fxgl_dark.css
01:07:45.613 [FXGL Background Thread 1 ] DEBUG FXGLAssetLoaderServi - Loading from file system: jar:file:///C:/Users/Tuanngth/.m2/repository/com/github/almasb/fxgl/17.3/fxgl-17.3.jar!/fxglassets/ui/css/fxgl_dark.css
01:07:45.658 [FXGL Background Thread 1 ] DEBUG GameApplicationServi - Initializing application scenes
01:07:45.715 [FXGL Background Thread 1 ] DEBUG GameWorld            - Game world initialized
01:07:45.767 [FXGL Background Thread 1 ] DEBUG PhysicsWorld         - Physics world initialized: appHeight=720, physics.ppm=50,0
01:07:45.767 [FXGL Background Thread 1 ] DEBUG PhysicsWorld         - Using strategy: BRUTE_FORCE
01:07:45.770 [FXGL Background Thread 1 ] DEBUG GameScene            - Game scene initialized: 960x720
01:07:45.800 [FXGL Background Thread 1 ] DEBUG GameApplicationServi - Application scenes initialized
01:07:45.808 [FXGL Background Thread 1 ] DEBUG SystemBundleService  - Loading FXGL system data
01:07:45.813 [FXGL Background Thread 1 ] DEBUG FileSystemAccess     - Reading from: C:\Users\Tuanngth\Desktop\akanov-an225-huy\system\fxgl.bundle
01:07:45.818 [FXGL Background Thread 1 ] DEBUG SystemBundleService  - Bundle FXGL: {}
01:07:45.818 [FXGL Background Thread 1 ] DEBUG UpdaterService       - Checking for updates
01:07:45.822 [FXGL Background Thread 4 ] DEBUG FXGLApplication      - Loading fonts
01:07:45.823 [FXGL Background Thread 1 ] DEBUG FXGLApplication      - Loading default localization
01:07:45.823 [FXGL Background Thread 1 ] DEBUG FXGLAssetLoaderServi - Loading from file system: jar:file:///C:/Users/Tuanngth/.m2/repository/com/github/almasb/fxgl/17.3/fxgl-17.3.jar!/fxglassets/languages/english.lang
01:07:45.824 [FXGL Background Thread 4 ] DEBUG FXGLAssetLoaderServi - Loading from file system: jar:file:///C:/Users/Tuanngth/.m2/repository/com/github/almasb/fxgl/17.3/fxgl-17.3.jar!/fxglassets/ui/fonts/VarelaRound-Regular.ttf
01:07:45.867 [FXGL Background Thread 4 ] DEBUG FXGLAssetLoaderServi - Loading from file system: jar:file:///C:/Users/Tuanngth/.m2/repository/com/github/almasb/fxgl/17.3/fxgl-17.3.jar!/fxglassets/ui/fonts/Abel-Regular.ttf
01:07:45.875 [FXGL Background Thread 4 ] DEBUG FXGLAssetLoaderServi - Loading from file system: jar:file:///C:/Users/Tuanngth/.m2/repository/com/github/almasb/fxgl/17.3/fxgl-17.3.jar!/fxglassets/ui/fonts/TerminalLandMono-Regular.otf
01:07:45.878 [FXGL Background Thread 1 ] INFO  FXGLApplication      - FXGL initialization took: 0,341 sec
01:07:45.880 [FXGL Background Thread 4 ] DEBUG FXGLAssetLoaderServi - Loading from file system: jar:file:///C:/Users/Tuanngth/.m2/repository/com/github/almasb/fxgl/17.3/fxgl-17.3.jar!/fxglassets/ui/fonts/Courier-Prime.ttf
01:07:45.892 [JavaFX Application Thread] DEBUG Input                - Registered new binding: action0 - Right
01:07:45.892 [JavaFX Application Thread] DEBUG Input                - Registered new binding: action1 - Left
01:07:45.893 [JavaFX Application Thread] DEBUG Input                - Registered new binding: action2 - D
01:07:45.893 [JavaFX Application Thread] DEBUG FXGLAssetLoaderServi - Loading from file system: jar:file:///C:/Users/Tuanngth/.m2/repository/com/github/almasb/fxgl/17.3/fxgl-17.3.jar!/fxglassets/textures/fxgl_icon.png
01:07:45.927 [JavaFX Application Thread] DEBUG FXGLAssetLoaderServi - Loading from file system: jar:file:///C:/Users/Tuanngth/.m2/repository/com/github/almasb/fxgl/17.3/fxgl-17.3.jar!/fxglassets/textures/fxgl_default_cursor.png
01:07:45.930 [JavaFX Application Thread] DEBUG Input                - Registered new binding: Screenshot - CTRL+8
01:07:45.930 [JavaFX Application Thread] DEBUG Input                - Registered new binding: System info dump - CTRL+9
01:07:45.930 [JavaFX Application Thread] DEBUG Input                - Registered new binding: Restart - CTRL+R
01:07:45.931 [JavaFX Application Thread] DEBUG Input                - Registered new binding: Toggle Debug Camera - CTRL+7
01:07:45.933 [JavaFX Application Thread] DEBUG LoopRunner           - Starting loop
01:07:45.933 [JavaFX Application Thread] DEBUG LoopRunner           - Initializing JavaFX AnimationTimerLoop
01:07:45.936 [JavaFX Application Thread] DEBUG GameApplicationServi - Starting new game
01:07:45.936 [JavaFX Application Thread] DEBUG Input                - Clearing active input actions
01:07:45.948 [JavaFX Application Thread] DEBUG GameApplicationServi - Removing overlay from FXGLStartupScene and adding to FXGLLoadingScene
01:07:45.949 [JavaFX Application Thread] DEBUG PrimaryStageWindow   - FXGLStartupScene -> FXGLLoadingScene
01:07:45.949 [JavaFX Application Thread] DEBUG GameApplicationServi - Clearing previous game
01:07:45.949 [JavaFX Application Thread] DEBUG GameScene            - Clearing game scene
01:07:45.949 [JavaFX Application Thread] DEBUG GameWorld            - Clearing game world
01:07:45.949 [JavaFX Application Thread] DEBUG PhysicsWorld         - Clearing physics world
01:07:45.950 [FXGL Background Thread 4 ] DEBUG FXGLApplication      - Initializing game
01:07:45.950 [JavaFX Application Thread] DEBUG FXGLApplication      - Registering font factories with UI factory
01:07:45.956 [FXGL Background Thread 4 ] WARN  Entity               - Entity already has component: com.almasb.fxgl.entity.components.BoundingBoxComponent
01:07:46.018 [FXGL Background Thread 4 ] INFO  FXGLApplication      - Game initialization took: 0,067 sec
01:07:46.018 [JavaFX Application Thread] DEBUG Input                - Clearing active input actions
01:07:46.029 [JavaFX Application Thread] DEBUG GameApplicationServi - Removing overlay from FXGLLoadingScene and adding to GameScene
01:07:46.030 [JavaFX Application Thread] DEBUG PrimaryStageWindow   - FXGLLoadingScene -> GameScene
01:07:46.580 [FXGL Background Thread 2 ] INFO  UpdaterService       - Your current version:  17.3
01:07:46.580 [FXGL Background Thread 2 ] INFO  UpdaterService       - Latest stable version: 21.1
01:07:47.069 [JavaFX Application Thread] DEBUG PrimaryStageWindow   - Push state: PauseMenu
01:07:47.106 [JavaFX Application Thread] DEBUG Input                - Clearing active input actions
01:07:47.107 [JavaFX Application Thread] DEBUG GameApplicationServi - Removing overlay from GameScene and adding to PauseMenu
01:07:47.107 [JavaFX Application Thread] DEBUG PrimaryStageWindow   - GameScene -> PauseMenu
01:07:48.821 [FXGL Background Thread 3 ] DEBUG Engine               - Logging environment variables
01:07:48.824 [FXGL Background Thread 3 ] DEBUG Engine               - achievements: []
01:07:48.824 [FXGL Background Thread 3 ] DEBUG Engine               - actualHeight: 720.0
01:07:48.824 [FXGL Background Thread 3 ] DEBUG Engine               - actualHeightProperty: ReadOnlyDoubleProperty [value: 720.0]
01:07:48.825 [FXGL Background Thread 3 ] DEBUG Engine               - actualWidth: 960.0
01:07:48.825 [FXGL Background Thread 3 ] DEBUG Engine               - actualWidthProperty: ReadOnlyDoubleProperty [value: 960.0]
01:07:48.825 [FXGL Background Thread 3 ] DEBUG Engine               - appIcon: fxgl_icon.png
01:07:48.825 [FXGL Background Thread 3 ] DEBUG Engine               - applicationMode: DEVELOPER
01:07:48.825 [FXGL Background Thread 3 ] DEBUG Engine               - cSSList: [fxgl_dark.css]
01:07:48.825 [FXGL Background Thread 3 ] DEBUG Engine               - collisionDetectionStrategy: BRUTE_FORCE
01:07:48.825 [FXGL Background Thread 3 ] DEBUG Engine               - configClass: Optional.empty
01:07:48.826 [FXGL Background Thread 3 ] DEBUG Engine               - credits: []
01:07:48.830 [FXGL Background Thread 3 ] DEBUG Engine               - defaultCursor: CursorInfo(imageName=fxgl_default_cursor.png, hotspotX=7.0, hotspotY=6.0)
01:07:48.831 [FXGL Background Thread 3 ] DEBUG Engine               - devBBoxColorProperty: ObjectProperty [value: 0xff0000ff]
01:07:48.831 [FXGL Background Thread 3 ] DEBUG Engine               - devEnableDebugCameraProperty: BooleanProperty [value: false]
01:07:48.831 [FXGL Background Thread 3 ] DEBUG Engine               - devSensorColorProperty: ObjectProperty [value: 0xffff00ff]
01:07:48.831 [FXGL Background Thread 3 ] DEBUG Engine               - devShowBBoxProperty: BooleanProperty [value: false]
01:07:48.831 [FXGL Background Thread 3 ] DEBUG Engine               - devShowPositionProperty: BooleanProperty [value: false]
01:07:48.831 [FXGL Background Thread 3 ] DEBUG Engine               - enabledMenuItems: []
01:07:48.832 [FXGL Background Thread 3 ] DEBUG Engine               - engineServices: [class com.almasb.fxgl.app.services.FXGLAssetLoaderService, class com.almasb.fxgl.app.FXGLApplication$GameApplicationService, class com.almasb.fxgl.app.services.FXGLDialogService, class com.almasb.fxgl.app.services.IOTaskExecutorService, class com.almasb.fxgl.io.FileSystemService, class com.almasb.fxgl.localization.LocalizationService, class com.almasb.fxgl.app.services.SystemBundleService, class com.almasb.fxgl.profile.SaveLoadService, class com.almasb.fxgl.ui.FXGLUIFactoryServiceProvider, class com.almasb.fxgl.ui.FXGLDialogFactoryServiceProvider, class com.almasb.fxgl.audio.AudioPlayer, class com.almasb.fxgl.notification.impl.NotificationServiceProvider, class com.almasb.fxgl.achievement.AchievementService, class com.almasb.fxgl.cutscene.CutsceneService, class com.almasb.fxgl.minigames.MiniGameService, class com.almasb.fxgl.net.NetService, class com.almasb.fxgl.app.services.UpdaterService, class com.almasb.fxgl.dev.DevService]
01:07:48.832 [FXGL Background Thread 3 ] DEBUG Engine               - fontGame: Abel-Regular.ttf
01:07:48.832 [FXGL Background Thread 3 ] DEBUG Engine               - fontMono: TerminalLandMono-Regular.otf
01:07:48.832 [FXGL Background Thread 3 ] DEBUG Engine               - fontSizeScaleUI: 1.0
01:07:48.833 [FXGL Background Thread 3 ] DEBUG Engine               - fontText: Courier-Prime.ttf
01:07:48.833 [FXGL Background Thread 3 ] DEBUG Engine               - fontUI: VarelaRound-Regular.ttf
01:07:48.833 [FXGL Background Thread 3 ] DEBUG Engine               - fullScreen: BooleanProperty [value: false]
01:07:48.833 [FXGL Background Thread 3 ] DEBUG Engine               - gameDifficulty: MEDIUM
01:07:48.833 [FXGL Background Thread 3 ] DEBUG Engine               - gameDifficultyProperty: ObjectProperty [value: MEDIUM]
01:07:48.833 [FXGL Background Thread 3 ] DEBUG Engine               - globalMusicVolume: 0.5
01:07:48.833 [FXGL Background Thread 3 ] DEBUG Engine               - globalMusicVolumeProperty: DoubleProperty [value: 0.5]
01:07:48.833 [FXGL Background Thread 3 ] DEBUG Engine               - globalSoundVolume: 0.5
01:07:48.834 [FXGL Background Thread 3 ] DEBUG Engine               - globalSoundVolumeProperty: DoubleProperty [value: 0.5]
01:07:48.834 [FXGL Background Thread 3 ] DEBUG Engine               - height: 720
01:07:48.834 [FXGL Background Thread 3 ] DEBUG Engine               - is3D: false
01:07:48.834 [FXGL Background Thread 3 ] DEBUG Engine               - isAndroid: false
01:07:48.834 [FXGL Background Thread 3 ] DEBUG Engine               - isBrowser: false
01:07:48.834 [FXGL Background Thread 3 ] DEBUG Engine               - isClickFeedbackEnabled: false
01:07:48.834 [FXGL Background Thread 3 ] DEBUG Engine               - isCloseConfirmation: false
01:07:48.834 [FXGL Background Thread 3 ] DEBUG Engine               - isDesktop: true
01:07:48.834 [FXGL Background Thread 3 ] DEBUG Engine               - isDeveloperMenuEnabled: false
01:07:48.834 [FXGL Background Thread 3 ] DEBUG Engine               - isEmbedded: false
01:07:48.834 [FXGL Background Thread 3 ] DEBUG Engine               - isEntityPreloadEnabled: true
01:07:48.834 [FXGL Background Thread 3 ] DEBUG Engine               - isExperimentalTiledLargeMap: false
01:07:48.835 [FXGL Background Thread 3 ] DEBUG Engine               - isFileSystemWriteAllowed: true
01:07:48.835 [FXGL Background Thread 3 ] DEBUG Engine               - isFullScreenAllowed: false
01:07:48.835 [FXGL Background Thread 3 ] DEBUG Engine               - isFullScreenFromStart: false
01:07:48.835 [FXGL Background Thread 3 ] DEBUG Engine               - isGameMenuEnabled: true
01:07:48.835 [FXGL Background Thread 3 ] DEBUG Engine               - isIOS: false
01:07:48.835 [FXGL Background Thread 3 ] DEBUG Engine               - isIntroEnabled: false
01:07:48.836 [FXGL Background Thread 3 ] DEBUG Engine               - isLinux: false
01:07:48.836 [FXGL Background Thread 3 ] DEBUG Engine               - isMac: false
01:07:48.836 [FXGL Background Thread 3 ] DEBUG Engine               - isMainMenuEnabled: false
01:07:48.836 [FXGL Background Thread 3 ] DEBUG Engine               - isManualResizeEnabled: false
01:07:48.836 [FXGL Background Thread 3 ] DEBUG Engine               - isMobile: false
01:07:48.836 [FXGL Background Thread 3 ] DEBUG Engine               - isNative: false
01:07:48.836 [FXGL Background Thread 3 ] DEBUG Engine               - isPauseMusicWhenMinimized: true
01:07:48.837 [FXGL Background Thread 3 ] DEBUG Engine               - isPreserveResizeRatio: false
01:07:48.837 [FXGL Background Thread 3 ] DEBUG Engine               - isProfilingEnabled: false
01:07:48.837 [FXGL Background Thread 3 ] DEBUG Engine               - isScaleAffectedOnResize: true
01:07:48.837 [FXGL Background Thread 3 ] DEBUG Engine               - isSingleStep: false
01:07:48.837 [FXGL Background Thread 3 ] DEBUG Engine               - isUserProfileEnabled: false
01:07:48.837 [FXGL Background Thread 3 ] DEBUG Engine               - isWindows: true
01:07:48.837 [FXGL Background Thread 3 ] DEBUG Engine               - language: ObjectProperty [value: ENGLISH]
01:07:48.837 [FXGL Background Thread 3 ] DEBUG Engine               - menuKey: ESCAPE
01:07:48.837 [FXGL Background Thread 3 ] DEBUG Engine               - mouseSensitivity: 0.2
01:07:48.837 [FXGL Background Thread 3 ] DEBUG Engine               - notificationViewClass: class com.almasb.fxgl.notification.view.XboxNotificationView
01:07:48.837 [FXGL Background Thread 3 ] DEBUG Engine               - pixelsPerMeter: 50.0
01:07:48.837 [FXGL Background Thread 3 ] DEBUG Engine               - platform: WINDOWS
01:07:48.837 [FXGL Background Thread 3 ] DEBUG Engine               - prefHeightProperty: ReadOnlyDoubleProperty [value: 720.0]
01:07:48.837 [FXGL Background Thread 3 ] DEBUG Engine               - prefWidthProperty: ReadOnlyDoubleProperty [value: 960.0]
01:07:48.837 [FXGL Background Thread 3 ] DEBUG Engine               - profileDir: profiles/
01:07:48.837 [FXGL Background Thread 3 ] DEBUG Engine               - profileName: StringProperty [value: DEFAULT]
01:07:48.837 [FXGL Background Thread 3 ] DEBUG Engine               - randomSeed: -1
01:07:48.839 [FXGL Background Thread 3 ] DEBUG Engine               - runtimeInfo: RuntimeInfo(platform=WINDOWS, version=17.3, build=30.03.2023 11.49)
01:07:48.839 [FXGL Background Thread 3 ] DEBUG Engine               - saveFileExt: sav
01:07:48.839 [FXGL Background Thread 3 ] DEBUG Engine               - scaledHeightProp$fxgl: DoubleProperty [bound, value: 720.0]
01:07:48.839 [FXGL Background Thread 3 ] DEBUG Engine               - scaledWidthProp$fxgl: DoubleProperty [bound, value: 960.0]
01:07:48.839 [FXGL Background Thread 3 ] DEBUG Engine               - sceneFactory: view.GeneralInit$1@4fdd2e04
01:07:48.839 [FXGL Background Thread 3 ] DEBUG Engine               - secondsIn24h: 60
01:07:48.839 [FXGL Background Thread 3 ] DEBUG Engine               - soundMenuBack: menu/back.wav
01:07:48.839 [FXGL Background Thread 3 ] DEBUG Engine               - soundMenuPress: menu/press.wav
01:07:48.839 [FXGL Background Thread 3 ] DEBUG Engine               - soundMenuSelect: menu/select.wav
01:07:48.839 [FXGL Background Thread 3 ] DEBUG Engine               - soundNotification: core/notification.wav
01:07:48.840 [FXGL Background Thread 3 ] DEBUG Engine               - stageStyle: DECORATED
01:07:48.840 [FXGL Background Thread 3 ] DEBUG Engine               - supportedLanguages: [ENGLISH, FRENCH, GERMAN, HUNGARIAN, RUSSIAN]
01:07:48.840 [FXGL Background Thread 3 ] DEBUG Engine               - ticksPerSecond: -1
01:07:48.840 [FXGL Background Thread 3 ] DEBUG Engine               - title: Akanov-an225
01:07:48.840 [FXGL Background Thread 3 ] DEBUG Engine               - urlGithub: https://github.com/AlmasB/FXGL
01:07:48.840 [FXGL Background Thread 3 ] DEBUG Engine               - urlLeaderboard: http://fxgl-top.herokuapp.com/
01:07:48.840 [FXGL Background Thread 3 ] DEBUG Engine               - urlPOM: https://raw.githubusercontent.com/AlmasB/FXGL/release/README.md
01:07:48.840 [FXGL Background Thread 3 ] DEBUG Engine               - userAppClass: class view.Launch
01:07:48.840 [FXGL Background Thread 3 ] DEBUG Engine               - version: 0.2
01:07:48.840 [FXGL Background Thread 3 ] DEBUG Engine               - versionCheckDays: 7
01:07:48.840 [FXGL Background Thread 3 ] DEBUG Engine               - width: 960
01:07:48.840 [FXGL Background Thread 3 ] DEBUG Engine               - Logging services
01:07:48.840 [FXGL Background Thread 3 ] DEBUG Engine               - class com.almasb.fxgl.app.services.FXGLAssetLoaderService
01:07:48.841 [FXGL Background Thread 3 ] DEBUG Engine               - class com.almasb.fxgl.app.FXGLApplication$GameApplicationService
01:07:48.841 [FXGL Background Thread 3 ] DEBUG Engine               - class com.almasb.fxgl.app.services.FXGLDialogService
01:07:48.841 [FXGL Background Thread 3 ] DEBUG Engine               - class com.almasb.fxgl.app.services.IOTaskExecutorService
01:07:48.841 [FXGL Background Thread 3 ] DEBUG Engine               - class com.almasb.fxgl.io.FileSystemService
01:07:48.841 [FXGL Background Thread 3 ] DEBUG Engine               - class com.almasb.fxgl.localization.LocalizationService
01:07:48.841 [FXGL Background Thread 3 ] DEBUG Engine               - class com.almasb.fxgl.app.services.SystemBundleService
01:07:48.841 [FXGL Background Thread 3 ] DEBUG Engine               - class com.almasb.fxgl.profile.SaveLoadService
01:07:48.841 [FXGL Background Thread 3 ] DEBUG Engine               - class com.almasb.fxgl.ui.FXGLUIFactoryServiceProvider
01:07:48.841 [FXGL Background Thread 3 ] DEBUG Engine               - class com.almasb.fxgl.ui.FXGLDialogFactoryServiceProvider
01:07:48.841 [FXGL Background Thread 3 ] DEBUG Engine               - class com.almasb.fxgl.audio.AudioPlayer
01:07:48.841 [FXGL Background Thread 3 ] DEBUG Engine               - class com.almasb.fxgl.notification.impl.NotificationServiceProvider
01:07:48.841 [FXGL Background Thread 3 ] DEBUG Engine               - class com.almasb.fxgl.achievement.AchievementService
01:07:48.841 [FXGL Background Thread 3 ] DEBUG Engine               - class com.almasb.fxgl.cutscene.CutsceneService
01:07:48.841 [FXGL Background Thread 3 ] DEBUG Engine               - class com.almasb.fxgl.minigames.MiniGameService
01:07:48.841 [FXGL Background Thread 3 ] DEBUG Engine               - class com.almasb.fxgl.net.NetService
01:07:48.842 [FXGL Background Thread 3 ] DEBUG Engine               - class com.almasb.fxgl.app.services.UpdaterService
01:07:48.842 [FXGL Background Thread 3 ] DEBUG Engine               - class com.almasb.fxgl.dev.DevService
01:07:54.827 [JavaFX Application Thread] DEBUG PrimaryStageWindow   - Pop state: PauseMenu
01:07:54.827 [JavaFX Application Thread] DEBUG Input                - Clearing active input actions
01:07:54.827 [JavaFX Application Thread] DEBUG GameApplicationServi - Removing overlay from PauseMenu and adding to GameScene
01:07:54.827 [JavaFX Application Thread] DEBUG PrimaryStageWindow   - GameScene <- PauseMenu
01:07:57.460 [JavaFX Application Thread] DEBUG FXGLApplication      - Exiting FXGL
01:07:57.461 [JavaFX Application Thread] DEBUG LoopRunner           - Stopping loop
01:07:57.461 [JavaFX Application Thread] DEBUG SystemBundleService  - Saving FXGL system data
01:07:57.466 [JavaFX Application Thread] DEBUG FileSystemAccess     - Writing to: C:\Users\Tuanngth\Desktop\akanov-an225-huy\system\fxgl.bundle
01:07:57.469 [JavaFX Application Thread] DEBUG Async                - Shutting down background threads
01:07:57.470 [JavaFX Application Thread] DEBUG PrimaryStageWindow   - Closing main window
01:07:57.505 [JavaFX Application Thread] DEBUG Logger               - Closing Logger
