13:06:29.328 [main                     ] DEBUG Logger               - Configured Logger
13:06:29.338 [main                     ] DEBUG GameApplication      - Logging settings
Title: Akanov-an225
Version: 0.2
Width: 960
Height: 720
Fullscreen: false
Intro: false
Profiling: false
Single step:false
App Mode: DEVELOPER
Menu Key: ESCAPE
Stage Style: DECORATED
Scene Factory: class view.GeneralInit$1

13:06:29.704 [JavaFX Application Thread] DEBUG FXGLApplication      - Initializing FXGL
13:06:29.707 [JavaFX Application Thread] INFO  Engine               - FXGL-17.3 (30.03.2023 11.49) on WINDOWS (J:24.0.2 FX:21.0.6)
13:06:29.707 [JavaFX Application Thread] DEBUG Engine               - JRE Vendor Name: Oracle Corporation
13:06:29.707 [JavaFX Application Thread] DEBUG Engine               - Running on OS: Windows 11 version 10.0
13:06:29.708 [JavaFX Application Thread] DEBUG Engine               - Architecture: amd64
13:06:29.708 [JavaFX Application Thread] INFO  Engine               - Source code and latest versions at: https://github.com/AlmasB/FXGL
13:06:29.708 [JavaFX Application Thread] INFO  Engine               -       Ask questions and discuss at: https://github.com/AlmasB/FXGL/discussions
13:06:29.708 [JavaFX Application Thread] INFO  Engine               -              Join the FXGL chat at: https://gitter.im/AlmasB/FXGL
13:06:29.816 [JavaFX Application Thread] DEBUG PrimaryStageWindow   - Creating a JavaFX scene
13:06:29.871 [JavaFX Application Thread] DEBUG PrimaryStageWindow   - Target settings size: 960.0 x 720.0
13:06:29.871 [JavaFX Application Thread] DEBUG PrimaryStageWindow   - Scaled scene size:    960.0 x 720.0
13:06:29.871 [JavaFX Application Thread] DEBUG PrimaryStageWindow   - Scaled ratio: (1.0, 1.0)
13:06:29.872 [JavaFX Application Thread] DEBUG PrimaryStageWindow   - Set initial scene to FXGLStartupScene
13:06:29.875 [JavaFX Application Thread] DEBUG PrimaryStageWindow   - Opening main window
13:06:29.982 [JavaFX Application Thread] DEBUG PrimaryStageWindow   - Window border size: (14.66668701171875, 37.33331298828125)
13:06:29.982 [JavaFX Application Thread] DEBUG PrimaryStageWindow   - Scaled size: 960.0 x 720.0
13:06:29.982 [JavaFX Application Thread] DEBUG PrimaryStageWindow   - Scaled ratio: (1.0, 1.0)
13:06:29.982 [JavaFX Application Thread] DEBUG PrimaryStageWindow   - Scene size: 960.0 x 720.0
13:06:29.982 [JavaFX Application Thread] DEBUG PrimaryStageWindow   - Stage size: 974.6666870117188 x 757.3333129882812
13:06:29.991 [FXGL Background Thread 1 ] DEBUG Engine               - Initializing environment variables
13:06:30.061 [FXGL Background Thread 1 ] DEBUG FXGLAssetLoaderServi - User app class for loading assets: class view.Launch
13:06:30.061 [FXGL Background Thread 1 ] DEBUG GameApplicationServi - Applying CSS: fxgl_dark.css
13:06:30.062 [FXGL Background Thread 1 ] DEBUG FXGLAssetLoaderServi - Loading from file system: jar:file:///C:/Users/DELL/.m2/repository/com/github/almasb/fxgl/17.3/fxgl-17.3.jar!/fxglassets/ui/css/fxgl_dark.css
13:06:30.112 [FXGL Background Thread 1 ] DEBUG GameApplicationServi - Initializing application scenes
13:06:30.159 [FXGL Background Thread 1 ] DEBUG GameWorld            - Game world initialized
13:06:30.216 [FXGL Background Thread 1 ] DEBUG PhysicsWorld         - Physics world initialized: appHeight=720, physics.ppm=50.0
13:06:30.217 [FXGL Background Thread 1 ] DEBUG PhysicsWorld         - Using strategy: BRUTE_FORCE
13:06:30.220 [FXGL Background Thread 1 ] DEBUG GameScene            - Game scene initialized: 960x720
13:06:30.286 [FXGL Background Thread 1 ] DEBUG GameApplicationServi - Application scenes initialized
13:06:30.295 [FXGL Background Thread 1 ] DEBUG SystemBundleService  - Loading FXGL system data
13:06:30.300 [FXGL Background Thread 1 ] DEBUG FileSystemAccess     - Reading from: D:\akanov-an225\system\fxgl.bundle
13:06:30.309 [FXGL Background Thread 1 ] DEBUG SystemBundleService  - Bundle FXGL: {}
13:06:30.309 [FXGL Background Thread 1 ] DEBUG UpdaterService       - Checking for updates
13:06:30.315 [FXGL Background Thread 4 ] DEBUG FXGLApplication      - Loading fonts
13:06:30.315 [FXGL Background Thread 4 ] DEBUG FXGLAssetLoaderServi - Loading from file system: jar:file:///C:/Users/DELL/.m2/repository/com/github/almasb/fxgl/17.3/fxgl-17.3.jar!/fxglassets/ui/fonts/VarelaRound-Regular.ttf
13:06:30.315 [FXGL Background Thread 1 ] DEBUG FXGLApplication      - Loading default localization
13:06:30.316 [FXGL Background Thread 1 ] DEBUG FXGLAssetLoaderServi - Loading from file system: jar:file:///C:/Users/DELL/.m2/repository/com/github/almasb/fxgl/17.3/fxgl-17.3.jar!/fxglassets/languages/english.lang
13:06:30.334 [FXGL Background Thread 1 ] INFO  FXGLApplication      - FXGL initialization took: 0.343 sec
13:06:30.345 [JavaFX Application Thread] DEBUG Input                - Registered new binding: action0 - Right
13:06:30.345 [JavaFX Application Thread] DEBUG Input                - Registered new binding: action1 - Left
13:06:30.346 [JavaFX Application Thread] DEBUG Input                - Registered new binding: action2 - D
13:06:30.346 [JavaFX Application Thread] DEBUG Input                - Registered new binding: action3 - R
13:06:30.347 [JavaFX Application Thread] DEBUG FXGLAssetLoaderServi - Loading from file system: jar:file:///C:/Users/DELL/.m2/repository/com/github/almasb/fxgl/17.3/fxgl-17.3.jar!/fxglassets/textures/fxgl_icon.png
13:06:30.348 [FXGL Background Thread 4 ] DEBUG FXGLAssetLoaderServi - Loading from file system: jar:file:///C:/Users/DELL/.m2/repository/com/github/almasb/fxgl/17.3/fxgl-17.3.jar!/fxglassets/ui/fonts/Abel-Regular.ttf
13:06:30.353 [FXGL Background Thread 4 ] DEBUG FXGLAssetLoaderServi - Loading from file system: jar:file:///C:/Users/DELL/.m2/repository/com/github/almasb/fxgl/17.3/fxgl-17.3.jar!/fxglassets/ui/fonts/TerminalLandMono-Regular.otf
13:06:30.357 [FXGL Background Thread 4 ] DEBUG FXGLAssetLoaderServi - Loading from file system: jar:file:///C:/Users/DELL/.m2/repository/com/github/almasb/fxgl/17.3/fxgl-17.3.jar!/fxglassets/ui/fonts/Courier-Prime.ttf
13:06:30.381 [JavaFX Application Thread] DEBUG FXGLAssetLoaderServi - Loading from file system: jar:file:///C:/Users/DELL/.m2/repository/com/github/almasb/fxgl/17.3/fxgl-17.3.jar!/fxglassets/textures/fxgl_default_cursor.png
13:06:30.383 [JavaFX Application Thread] DEBUG Input                - Registered new binding: Screenshot - CTRL+8
13:06:30.384 [JavaFX Application Thread] DEBUG Input                - Registered new binding: System info dump - CTRL+9
13:06:30.384 [JavaFX Application Thread] DEBUG Input                - Registered new binding: Restart - CTRL+R
13:06:30.384 [JavaFX Application Thread] DEBUG Input                - Registered new binding: Toggle Debug Camera - CTRL+7
13:06:30.388 [JavaFX Application Thread] DEBUG LoopRunner           - Starting loop
13:06:30.388 [JavaFX Application Thread] DEBUG LoopRunner           - Initializing JavaFX AnimationTimerLoop
13:06:30.390 [JavaFX Application Thread] DEBUG Input                - Clearing active input actions
13:06:30.397 [JavaFX Application Thread] DEBUG GameApplicationServi - Removing overlay from FXGLStartupScene and adding to FXGLMainMenuDummyScene
13:06:30.397 [JavaFX Application Thread] DEBUG PrimaryStageWindow   - FXGLStartupScene -> FXGLMainMenuDummyScene
13:06:30.397 [JavaFX Application Thread] DEBUG PrimaryStageWindow   - Push state: MainMenu
13:06:30.397 [JavaFX Application Thread] DEBUG Input                - Clearing active input actions
13:06:30.399 [JavaFX Application Thread] DEBUG GameApplicationServi - Removing overlay from FXGLMainMenuDummyScene and adding to MainMenu
13:06:30.400 [JavaFX Application Thread] DEBUG PrimaryStageWindow   - FXGLMainMenuDummyScene -> MainMenu
13:06:30.403 [JavaFX Application Thread] DEBUG FXGLApplication      - Registering font factories with UI factory
13:06:30.996 [FXGL Background Thread 2 ] INFO  UpdaterService       - Your current version:  17.3
13:06:30.996 [FXGL Background Thread 2 ] INFO  UpdaterService       - Latest stable version: 21.1
13:06:31.034 [JavaFX Application Thread] DEBUG Menu                 - fireNewGame()
13:06:31.034 [JavaFX Application Thread] DEBUG GameApplicationServi - Starting new game
13:06:31.034 [JavaFX Application Thread] DEBUG PrimaryStageWindow   - Pop state: MainMenu
13:06:31.034 [JavaFX Application Thread] DEBUG Input                - Clearing active input actions
13:06:31.035 [JavaFX Application Thread] DEBUG GameApplicationServi - Removing overlay from MainMenu and adding to FXGLMainMenuDummyScene
13:06:31.035 [JavaFX Application Thread] DEBUG PrimaryStageWindow   - FXGLMainMenuDummyScene <- MainMenu
13:06:31.035 [JavaFX Application Thread] DEBUG Input                - Clearing active input actions
13:06:31.043 [JavaFX Application Thread] DEBUG GameApplicationServi - Removing overlay from FXGLMainMenuDummyScene and adding to FXGLLoadingScene
13:06:31.044 [JavaFX Application Thread] DEBUG PrimaryStageWindow   - FXGLMainMenuDummyScene -> FXGLLoadingScene
13:06:31.044 [JavaFX Application Thread] DEBUG GameApplicationServi - Clearing previous game
13:06:31.044 [JavaFX Application Thread] DEBUG GameScene            - Clearing game scene
13:06:31.044 [JavaFX Application Thread] DEBUG GameWorld            - Clearing game world
13:06:31.044 [JavaFX Application Thread] DEBUG PhysicsWorld         - Clearing physics world
13:06:31.046 [FXGL Background Thread 2 ] DEBUG FXGLApplication      - Initializing game
13:06:31.118 [JavaFX Application Thread] DEBUG LoopRunner           - Stopping loop
13:06:31.120 [JavaFX Application Thread] FATAL FXGLApplication      - Uncaught Exception:
java.lang.RuntimeException: Initialization failed
	at com.almasb.fxgl.all@17.3/com.almasb.fxgl.app.FXGLApplication$InitAppTask.failed(FXGLApplication.kt:343)
	at javafx.graphics@21.0.6/javafx.concurrent.Task.setState(Task.java:710)
	at javafx.graphics@21.0.6/javafx.concurrent.Task$TaskCallable.lambda$call$2(Task.java:1429)
	at javafx.graphics@21.0.6/com.sun.javafx.application.PlatformImpl.lambda$runLater$10(PlatformImpl.java:456)
	at java.base/java.security.AccessController.doPrivileged(AccessController.java:138)
	at javafx.graphics@21.0.6/com.sun.javafx.application.PlatformImpl.lambda$runLater$11(PlatformImpl.java:455)
	at javafx.graphics@21.0.6/com.sun.glass.ui.InvokeLaterDispatcher$Future.run(InvokeLaterDispatcher.java:95)
	at javafx.graphics@21.0.6/com.sun.glass.ui.win.WinApplication._runLoop(Native Method)
	at javafx.graphics@21.0.6/com.sun.glass.ui.win.WinApplication.lambda$runLoop$3(WinApplication.java:185)
	at java.base/java.lang.Thread.run(Thread.java:1447)
Caused by: java.lang.NullPointerException: Cannot invoke "javafx.scene.image.ImageView.setImage(javafx.scene.image.Image)" because "this.imageView" is null
	at view/controller.ball_control.Ball.<init>(Ball.java:41)
	at view/view.Launch.initGame(Launch.java:48)
	at com.almasb.fxgl.all@17.3/com.almasb.fxgl.app.FXGLApplication$InitAppTask.initGame(FXGLApplication.kt:339)
	at com.almasb.fxgl.all@17.3/com.almasb.fxgl.app.FXGLApplication$InitAppTask.call(FXGLApplication.kt:319)
	at com.almasb.fxgl.all@17.3/com.almasb.fxgl.app.FXGLApplication$InitAppTask.call(FXGLApplication.kt:311)
	at javafx.graphics@21.0.6/javafx.concurrent.Task$TaskCallable.call(Task.java:1399)
	at java.base/java.util.concurrent.FutureTask.run(FutureTask.java:328)
	at java.base/java.util.concurrent.Executors$RunnableAdapter.call(Executors.java:545)
	at java.base/java.util.concurrent.FutureTask.run(FutureTask.java:328)
	at java.base/java.util.concurrent.ThreadPoolExecutor.runWorker(ThreadPoolExecutor.java:1095)
	at java.base/java.util.concurrent.ThreadPoolExecutor$Worker.run(ThreadPoolExecutor.java:619)
	... 1 more

13:06:31.120 [JavaFX Application Thread] FATAL FXGLApplication      - Application will now exit
13:06:31.155 [JavaFX Application Thread] DEBUG PrimaryStageWindow   - Push state: ErrorSubScene
13:06:31.155 [JavaFX Application Thread] DEBUG Input                - Clearing active input actions
13:06:31.160 [JavaFX Application Thread] DEBUG GameApplicationServi - Removing overlay from FXGLLoadingScene and adding to ErrorSubScene
13:06:31.161 [JavaFX Application Thread] DEBUG PrimaryStageWindow   - FXGLLoadingScene -> ErrorSubScene
13:06:32.467 [JavaFX Application Thread] DEBUG FXGLApplication      - Exiting FXGL
13:06:32.468 [JavaFX Application Thread] DEBUG Async                - Shutting down background threads
13:06:32.468 [JavaFX Application Thread] DEBUG PrimaryStageWindow   - Closing main window
13:06:32.482 [JavaFX Application Thread] DEBUG Logger               - Closing Logger
