16:50:35.166 [main                     ] DEBUG Logger               - Configured Logger
16:50:35.174 [main                     ] DEBUG GameApplication      - Logging settings
Title: Akanov-an225
Version: 0.2
Width: 960
Height: 720
Fullscreen: false
Intro: false
Profiling: false
Single step:false
App Mode: DEVELOPER
Menu Key: ESCAPE
Stage Style: DECORATED
Scene Factory: class view.GeneralInit$1

16:50:35.447 [JavaFX Application Thread] DEBUG FXGLApplication      - Initializing FXGL
16:50:35.449 [JavaFX Application Thread] INFO  Engine               - FXGL-17.3 (30.03.2023 11.49) on WINDOWS (J:24.0.2 FX:21.0.6)
16:50:35.449 [JavaFX Application Thread] DEBUG Engine               - JRE Vendor Name: Oracle Corporation
16:50:35.449 [JavaFX Application Thread] DEBUG Engine               - Running on OS: Windows 11 version 10.0
16:50:35.449 [JavaFX Application Thread] DEBUG Engine               - Architecture: amd64
16:50:35.449 [JavaFX Application Thread] INFO  Engine               - Source code and latest versions at: https://github.com/AlmasB/FXGL
16:50:35.449 [JavaFX Application Thread] INFO  Engine               -       Ask questions and discuss at: https://github.com/AlmasB/FXGL/discussions
16:50:35.449 [JavaFX Application Thread] INFO  Engine               -              Join the FXGL chat at: https://gitter.im/AlmasB/FXGL
16:50:35.518 [JavaFX Application Thread] DEBUG PrimaryStageWindow   - Creating a JavaFX scene
16:50:35.559 [JavaFX Application Thread] DEBUG PrimaryStageWindow   - Target settings size: 960.0 x 720.0
16:50:35.559 [JavaFX Application Thread] DEBUG PrimaryStageWindow   - Scaled scene size:    960.0 x 720.0
16:50:35.559 [JavaFX Application Thread] DEBUG PrimaryStageWindow   - Scaled ratio: (1.0, 1.0)
16:50:35.560 [JavaFX Application Thread] DEBUG PrimaryStageWindow   - Set initial scene to FXGLStartupScene
16:50:35.562 [JavaFX Application Thread] DEBUG PrimaryStageWindow   - Opening main window
16:50:35.634 [JavaFX Application Thread] DEBUG PrimaryStageWindow   - Window border size: (14.66668701171875, 37.33331298828125)
16:50:35.634 [JavaFX Application Thread] DEBUG PrimaryStageWindow   - Scaled size: 960.0 x 720.0
16:50:35.634 [JavaFX Application Thread] DEBUG PrimaryStageWindow   - Scaled ratio: (1.0, 1.0)
16:50:35.634 [JavaFX Application Thread] DEBUG PrimaryStageWindow   - Scene size: 960.0 x 720.0
16:50:35.634 [JavaFX Application Thread] DEBUG PrimaryStageWindow   - Stage size: 974.6666870117188 x 757.3333129882812
16:50:35.642 [FXGL Background Thread 1 ] DEBUG Engine               - Initializing environment variables
16:50:35.697 [FXGL Background Thread 1 ] DEBUG FXGLAssetLoaderServi - User app class for loading assets: class view.Launch
16:50:35.697 [FXGL Background Thread 1 ] DEBUG GameApplicationServi - Applying CSS: fxgl_dark.css
16:50:35.698 [FXGL Background Thread 1 ] DEBUG FXGLAssetLoaderServi - Loading from file system: jar:file:///C:/Users/DELL/.m2/repository/com/github/almasb/fxgl/17.3/fxgl-17.3.jar!/fxglassets/ui/css/fxgl_dark.css
16:50:35.738 [FXGL Background Thread 1 ] DEBUG GameApplicationServi - Initializing application scenes
16:50:35.773 [FXGL Background Thread 1 ] DEBUG GameWorld            - Game world initialized
16:50:35.835 [FXGL Background Thread 1 ] DEBUG PhysicsWorld         - Physics world initialized: appHeight=720, physics.ppm=50.0
16:50:35.836 [FXGL Background Thread 1 ] DEBUG PhysicsWorld         - Using strategy: BRUTE_FORCE
16:50:35.838 [FXGL Background Thread 1 ] DEBUG GameScene            - Game scene initialized: 960x720
16:50:35.888 [FXGL Background Thread 1 ] DEBUG GameApplicationServi - Application scenes initialized
16:50:35.895 [FXGL Background Thread 1 ] DEBUG SystemBundleService  - Loading FXGL system data
16:50:35.898 [FXGL Background Thread 1 ] DEBUG FileSystemAccess     - Reading from: D:\akanov-an225\system\fxgl.bundle
16:50:35.903 [FXGL Background Thread 1 ] DEBUG SystemBundleService  - Bundle FXGL: {}
16:50:35.903 [FXGL Background Thread 1 ] DEBUG UpdaterService       - Checking for updates
16:50:35.908 [FXGL Background Thread 4 ] DEBUG FXGLApplication      - Loading fonts
16:50:35.908 [FXGL Background Thread 4 ] DEBUG FXGLAssetLoaderServi - Loading from file system: jar:file:///C:/Users/DELL/.m2/repository/com/github/almasb/fxgl/17.3/fxgl-17.3.jar!/fxglassets/ui/fonts/VarelaRound-Regular.ttf
16:50:35.908 [FXGL Background Thread 1 ] DEBUG FXGLApplication      - Loading default localization
16:50:35.909 [FXGL Background Thread 1 ] DEBUG FXGLAssetLoaderServi - Loading from file system: jar:file:///C:/Users/DELL/.m2/repository/com/github/almasb/fxgl/17.3/fxgl-17.3.jar!/fxglassets/languages/english.lang
16:50:35.928 [FXGL Background Thread 1 ] INFO  FXGLApplication      - FXGL initialization took: 0.286 sec
16:50:35.939 [JavaFX Application Thread] DEBUG Input                - Registered new binding: action0 - Right
16:50:35.940 [JavaFX Application Thread] DEBUG Input                - Registered new binding: action1 - Left
16:50:35.940 [JavaFX Application Thread] DEBUG Input                - Registered new binding: action2 - D
16:50:35.940 [JavaFX Application Thread] DEBUG FXGLAssetLoaderServi - Loading from file system: jar:file:///C:/Users/DELL/.m2/repository/com/github/almasb/fxgl/17.3/fxgl-17.3.jar!/fxglassets/textures/fxgl_icon.png
16:50:35.952 [FXGL Background Thread 4 ] DEBUG FXGLAssetLoaderServi - Loading from file system: jar:file:///C:/Users/DELL/.m2/repository/com/github/almasb/fxgl/17.3/fxgl-17.3.jar!/fxglassets/ui/fonts/Abel-Regular.ttf
16:50:35.956 [FXGL Background Thread 4 ] DEBUG FXGLAssetLoaderServi - Loading from file system: jar:file:///C:/Users/DELL/.m2/repository/com/github/almasb/fxgl/17.3/fxgl-17.3.jar!/fxglassets/ui/fonts/TerminalLandMono-Regular.otf
16:50:35.960 [FXGL Background Thread 4 ] DEBUG FXGLAssetLoaderServi - Loading from file system: jar:file:///C:/Users/DELL/.m2/repository/com/github/almasb/fxgl/17.3/fxgl-17.3.jar!/fxglassets/ui/fonts/Courier-Prime.ttf
16:50:35.975 [JavaFX Application Thread] DEBUG FXGLAssetLoaderServi - Loading from file system: jar:file:///C:/Users/DELL/.m2/repository/com/github/almasb/fxgl/17.3/fxgl-17.3.jar!/fxglassets/textures/fxgl_default_cursor.png
16:50:35.977 [JavaFX Application Thread] DEBUG Input                - Registered new binding: Screenshot - CTRL+8
16:50:35.977 [JavaFX Application Thread] DEBUG Input                - Registered new binding: System info dump - CTRL+9
16:50:35.977 [JavaFX Application Thread] DEBUG Input                - Registered new binding: Restart - CTRL+R
16:50:35.978 [JavaFX Application Thread] DEBUG Input                - Registered new binding: Toggle Debug Camera - CTRL+7
16:50:35.982 [JavaFX Application Thread] DEBUG LoopRunner           - Starting loop
16:50:35.982 [JavaFX Application Thread] DEBUG LoopRunner           - Initializing JavaFX AnimationTimerLoop
16:50:35.984 [JavaFX Application Thread] DEBUG Input                - Clearing active input actions
16:50:35.993 [JavaFX Application Thread] DEBUG GameApplicationServi - Removing overlay from FXGLStartupScene and adding to FXGLMainMenuDummyScene
16:50:35.994 [JavaFX Application Thread] DEBUG PrimaryStageWindow   - FXGLStartupScene -> FXGLMainMenuDummyScene
16:50:35.994 [JavaFX Application Thread] DEBUG PrimaryStageWindow   - Push state: MainMenu
16:50:35.994 [JavaFX Application Thread] DEBUG Input                - Clearing active input actions
16:50:35.996 [JavaFX Application Thread] DEBUG GameApplicationServi - Removing overlay from FXGLMainMenuDummyScene and adding to MainMenu
16:50:35.997 [JavaFX Application Thread] DEBUG PrimaryStageWindow   - FXGLMainMenuDummyScene -> MainMenu
16:50:35.997 [JavaFX Application Thread] DEBUG FXGLApplication      - Registering font factories with UI factory
16:50:36.377 [FXGL Background Thread 2 ] INFO  UpdaterService       - Your current version:  17.3
16:50:36.377 [FXGL Background Thread 2 ] INFO  UpdaterService       - Latest stable version: 21.1
16:50:37.685 [JavaFX Application Thread] DEBUG Menu                 - fireNewGame()
16:50:37.685 [JavaFX Application Thread] DEBUG GameApplicationServi - Starting new game
16:50:37.685 [JavaFX Application Thread] DEBUG PrimaryStageWindow   - Pop state: MainMenu
16:50:37.685 [JavaFX Application Thread] DEBUG Input                - Clearing active input actions
16:50:37.686 [JavaFX Application Thread] DEBUG GameApplicationServi - Removing overlay from MainMenu and adding to FXGLMainMenuDummyScene
16:50:37.686 [JavaFX Application Thread] DEBUG PrimaryStageWindow   - FXGLMainMenuDummyScene <- MainMenu
16:50:37.686 [JavaFX Application Thread] DEBUG Input                - Clearing active input actions
16:50:37.691 [JavaFX Application Thread] DEBUG GameApplicationServi - Removing overlay from FXGLMainMenuDummyScene and adding to FXGLLoadingScene
16:50:37.692 [JavaFX Application Thread] DEBUG PrimaryStageWindow   - FXGLMainMenuDummyScene -> FXGLLoadingScene
16:50:37.692 [JavaFX Application Thread] DEBUG GameApplicationServi - Clearing previous game
16:50:37.692 [JavaFX Application Thread] DEBUG GameScene            - Clearing game scene
16:50:37.692 [JavaFX Application Thread] DEBUG GameWorld            - Clearing game world
16:50:37.692 [JavaFX Application Thread] DEBUG PhysicsWorld         - Clearing physics world
16:50:37.693 [FXGL Background Thread 2 ] DEBUG FXGLApplication      - Initializing game
16:50:37.698 [FXGL Background Thread 2 ] WARN  Entity               - Entity already has component: com.almasb.fxgl.entity.components.BoundingBoxComponent
16:50:37.740 [FXGL Background Thread 2 ] INFO  FXGLApplication      - Game initialization took: 0.046 sec
16:50:37.741 [JavaFX Application Thread] DEBUG Input                - Clearing active input actions
16:50:37.747 [JavaFX Application Thread] DEBUG GameApplicationServi - Removing overlay from FXGLLoadingScene and adding to GameScene
16:50:37.747 [JavaFX Application Thread] DEBUG PrimaryStageWindow   - FXGLLoadingScene -> GameScene
16:50:38.906 [FXGL Background Thread 3 ] DEBUG Engine               - Logging environment variables
16:50:38.906 [FXGL Background Thread 3 ] DEBUG Engine               - achievements: []
16:50:38.906 [FXGL Background Thread 3 ] DEBUG Engine               - actualHeight: 720.0
16:50:38.906 [FXGL Background Thread 3 ] DEBUG Engine               - actualHeightProperty: ReadOnlyDoubleProperty [value: 720.0]
16:50:38.906 [FXGL Background Thread 3 ] DEBUG Engine               - actualWidth: 960.0
16:50:38.907 [FXGL Background Thread 3 ] DEBUG Engine               - actualWidthProperty: ReadOnlyDoubleProperty [value: 960.0]
16:50:38.907 [FXGL Background Thread 3 ] DEBUG Engine               - appIcon: fxgl_icon.png
16:50:38.907 [FXGL Background Thread 3 ] DEBUG Engine               - applicationMode: DEVELOPER
16:50:38.907 [FXGL Background Thread 3 ] DEBUG Engine               - cSSList: [fxgl_dark.css]
16:50:38.907 [FXGL Background Thread 3 ] DEBUG Engine               - collisionDetectionStrategy: BRUTE_FORCE
16:50:38.907 [FXGL Background Thread 3 ] DEBUG Engine               - configClass: Optional.empty
16:50:38.907 [FXGL Background Thread 3 ] DEBUG Engine               - credits: []
16:50:38.908 [FXGL Background Thread 3 ] DEBUG Engine               - defaultCursor: CursorInfo(imageName=fxgl_default_cursor.png, hotspotX=7.0, hotspotY=6.0)
16:50:38.908 [FXGL Background Thread 3 ] DEBUG Engine               - devBBoxColorProperty: ObjectProperty [value: 0xff0000ff]
16:50:38.908 [FXGL Background Thread 3 ] DEBUG Engine               - devEnableDebugCameraProperty: BooleanProperty [value: false]
16:50:38.909 [FXGL Background Thread 3 ] DEBUG Engine               - devSensorColorProperty: ObjectProperty [value: 0xffff00ff]
16:50:38.909 [FXGL Background Thread 3 ] DEBUG Engine               - devShowBBoxProperty: BooleanProperty [value: false]
16:50:38.909 [FXGL Background Thread 3 ] DEBUG Engine               - devShowPositionProperty: BooleanProperty [value: false]
16:50:38.909 [FXGL Background Thread 3 ] DEBUG Engine               - enabledMenuItems: []
16:50:38.909 [FXGL Background Thread 3 ] DEBUG Engine               - engineServices: [class com.almasb.fxgl.app.services.FXGLAssetLoaderService, class com.almasb.fxgl.app.FXGLApplication$GameApplicationService, class com.almasb.fxgl.app.services.FXGLDialogService, class com.almasb.fxgl.app.services.IOTaskExecutorService, class com.almasb.fxgl.io.FileSystemService, class com.almasb.fxgl.localization.LocalizationService, class com.almasb.fxgl.app.services.SystemBundleService, class com.almasb.fxgl.profile.SaveLoadService, class com.almasb.fxgl.ui.FXGLUIFactoryServiceProvider, class com.almasb.fxgl.ui.FXGLDialogFactoryServiceProvider, class com.almasb.fxgl.audio.AudioPlayer, class com.almasb.fxgl.notification.impl.NotificationServiceProvider, class com.almasb.fxgl.achievement.AchievementService, class com.almasb.fxgl.cutscene.CutsceneService, class com.almasb.fxgl.minigames.MiniGameService, class com.almasb.fxgl.net.NetService, class com.almasb.fxgl.app.services.UpdaterService, class com.almasb.fxgl.dev.DevService]
16:50:38.909 [FXGL Background Thread 3 ] DEBUG Engine               - fontGame: Abel-Regular.ttf
16:50:38.909 [FXGL Background Thread 3 ] DEBUG Engine               - fontMono: TerminalLandMono-Regular.otf
16:50:38.909 [FXGL Background Thread 3 ] DEBUG Engine               - fontSizeScaleUI: 1.0
16:50:38.909 [FXGL Background Thread 3 ] DEBUG Engine               - fontText: Courier-Prime.ttf
16:50:38.909 [FXGL Background Thread 3 ] DEBUG Engine               - fontUI: VarelaRound-Regular.ttf
16:50:38.909 [FXGL Background Thread 3 ] DEBUG Engine               - fullScreen: BooleanProperty [value: false]
16:50:38.909 [FXGL Background Thread 3 ] DEBUG Engine               - gameDifficulty: MEDIUM
16:50:38.909 [FXGL Background Thread 3 ] DEBUG Engine               - gameDifficultyProperty: ObjectProperty [value: MEDIUM]
16:50:38.909 [FXGL Background Thread 3 ] DEBUG Engine               - globalMusicVolume: 0.5
16:50:38.909 [FXGL Background Thread 3 ] DEBUG Engine               - globalMusicVolumeProperty: DoubleProperty [value: 0.5]
16:50:38.909 [FXGL Background Thread 3 ] DEBUG Engine               - globalSoundVolume: 0.5
16:50:38.909 [FXGL Background Thread 3 ] DEBUG Engine               - globalSoundVolumeProperty: DoubleProperty [value: 0.5]
16:50:38.909 [FXGL Background Thread 3 ] DEBUG Engine               - height: 720
16:50:38.909 [FXGL Background Thread 3 ] DEBUG Engine               - is3D: false
16:50:38.909 [FXGL Background Thread 3 ] DEBUG Engine               - isAndroid: false
16:50:38.909 [FXGL Background Thread 3 ] DEBUG Engine               - isBrowser: false
16:50:38.909 [FXGL Background Thread 3 ] DEBUG Engine               - isClickFeedbackEnabled: false
16:50:38.910 [FXGL Background Thread 3 ] DEBUG Engine               - isCloseConfirmation: false
16:50:38.910 [FXGL Background Thread 3 ] DEBUG Engine               - isDesktop: true
16:50:38.910 [FXGL Background Thread 3 ] DEBUG Engine               - isDeveloperMenuEnabled: false
16:50:38.910 [FXGL Background Thread 3 ] DEBUG Engine               - isEmbedded: false
16:50:38.910 [FXGL Background Thread 3 ] DEBUG Engine               - isEntityPreloadEnabled: true
16:50:38.910 [FXGL Background Thread 3 ] DEBUG Engine               - isExperimentalTiledLargeMap: false
16:50:38.910 [FXGL Background Thread 3 ] DEBUG Engine               - isFileSystemWriteAllowed: true
16:50:38.910 [FXGL Background Thread 3 ] DEBUG Engine               - isFullScreenAllowed: false
16:50:38.910 [FXGL Background Thread 3 ] DEBUG Engine               - isFullScreenFromStart: false
16:50:38.910 [FXGL Background Thread 3 ] DEBUG Engine               - isGameMenuEnabled: true
16:50:38.910 [FXGL Background Thread 3 ] DEBUG Engine               - isIOS: false
16:50:38.910 [FXGL Background Thread 3 ] DEBUG Engine               - isIntroEnabled: false
16:50:38.910 [FXGL Background Thread 3 ] DEBUG Engine               - isLinux: false
16:50:38.910 [FXGL Background Thread 3 ] DEBUG Engine               - isMac: false
16:50:38.910 [FXGL Background Thread 3 ] DEBUG Engine               - isMainMenuEnabled: true
16:50:38.910 [FXGL Background Thread 3 ] DEBUG Engine               - isManualResizeEnabled: false
16:50:38.910 [FXGL Background Thread 3 ] DEBUG Engine               - isMobile: false
16:50:38.910 [FXGL Background Thread 3 ] DEBUG Engine               - isNative: false
16:50:38.910 [FXGL Background Thread 3 ] DEBUG Engine               - isPauseMusicWhenMinimized: true
16:50:38.910 [FXGL Background Thread 3 ] DEBUG Engine               - isPreserveResizeRatio: false
16:50:38.910 [FXGL Background Thread 3 ] DEBUG Engine               - isProfilingEnabled: false
16:50:38.910 [FXGL Background Thread 3 ] DEBUG Engine               - isScaleAffectedOnResize: true
16:50:38.910 [FXGL Background Thread 3 ] DEBUG Engine               - isSingleStep: false
16:50:38.910 [FXGL Background Thread 3 ] DEBUG Engine               - isUserProfileEnabled: false
16:50:38.910 [FXGL Background Thread 3 ] DEBUG Engine               - isWindows: true
16:50:38.910 [FXGL Background Thread 3 ] DEBUG Engine               - language: ObjectProperty [value: ENGLISH]
16:50:38.910 [FXGL Background Thread 3 ] DEBUG Engine               - menuKey: ESCAPE
16:50:38.910 [FXGL Background Thread 3 ] DEBUG Engine               - mouseSensitivity: 0.2
16:50:38.910 [FXGL Background Thread 3 ] DEBUG Engine               - notificationViewClass: class com.almasb.fxgl.notification.view.XboxNotificationView
16:50:38.912 [FXGL Background Thread 3 ] DEBUG Engine               - pixelsPerMeter: 50.0
16:50:38.912 [FXGL Background Thread 3 ] DEBUG Engine               - platform: WINDOWS
16:50:38.912 [FXGL Background Thread 3 ] DEBUG Engine               - prefHeightProperty: ReadOnlyDoubleProperty [value: 720.0]
16:50:38.912 [FXGL Background Thread 3 ] DEBUG Engine               - prefWidthProperty: ReadOnlyDoubleProperty [value: 960.0]
16:50:38.912 [FXGL Background Thread 3 ] DEBUG Engine               - profileDir: profiles/
16:50:38.912 [FXGL Background Thread 3 ] DEBUG Engine               - profileName: StringProperty [value: DEFAULT]
16:50:38.912 [FXGL Background Thread 3 ] DEBUG Engine               - randomSeed: -1
16:50:38.912 [FXGL Background Thread 3 ] DEBUG Engine               - runtimeInfo: RuntimeInfo(platform=WINDOWS, version=17.3, build=30.03.2023 11.49)
16:50:38.912 [FXGL Background Thread 3 ] DEBUG Engine               - saveFileExt: sav
16:50:38.912 [FXGL Background Thread 3 ] DEBUG Engine               - scaledHeightProp$fxgl: DoubleProperty [bound, value: 720.0]
16:50:38.912 [FXGL Background Thread 3 ] DEBUG Engine               - scaledWidthProp$fxgl: DoubleProperty [bound, value: 960.0]
16:50:38.912 [FXGL Background Thread 3 ] DEBUG Engine               - sceneFactory: view.GeneralInit$1@1472c10d
16:50:38.912 [FXGL Background Thread 3 ] DEBUG Engine               - secondsIn24h: 60
16:50:38.912 [FXGL Background Thread 3 ] DEBUG Engine               - soundMenuBack: menu/back.wav
16:50:38.912 [FXGL Background Thread 3 ] DEBUG Engine               - soundMenuPress: menu/press.wav
16:50:38.912 [FXGL Background Thread 3 ] DEBUG Engine               - soundMenuSelect: menu/select.wav
16:50:38.912 [FXGL Background Thread 3 ] DEBUG Engine               - soundNotification: core/notification.wav
16:50:38.912 [FXGL Background Thread 3 ] DEBUG Engine               - stageStyle: DECORATED
16:50:38.912 [FXGL Background Thread 3 ] DEBUG Engine               - supportedLanguages: [ENGLISH, FRENCH, GERMAN, HUNGARIAN, RUSSIAN]
16:50:38.912 [FXGL Background Thread 3 ] DEBUG Engine               - ticksPerSecond: -1
16:50:38.912 [FXGL Background Thread 3 ] DEBUG Engine               - title: Akanov-an225
16:50:38.913 [FXGL Background Thread 3 ] DEBUG Engine               - urlGithub: https://github.com/AlmasB/FXGL
16:50:38.913 [FXGL Background Thread 3 ] DEBUG Engine               - urlLeaderboard: http://fxgl-top.herokuapp.com/
16:50:38.913 [FXGL Background Thread 3 ] DEBUG Engine               - urlPOM: https://raw.githubusercontent.com/AlmasB/FXGL/release/README.md
16:50:38.913 [FXGL Background Thread 3 ] DEBUG Engine               - userAppClass: class view.Launch
16:50:38.913 [FXGL Background Thread 3 ] DEBUG Engine               - version: 0.2
16:50:38.913 [FXGL Background Thread 3 ] DEBUG Engine               - versionCheckDays: 7
16:50:38.913 [FXGL Background Thread 3 ] DEBUG Engine               - width: 960
16:50:38.913 [FXGL Background Thread 3 ] DEBUG Engine               - Logging services
16:50:38.913 [FXGL Background Thread 3 ] DEBUG Engine               - class com.almasb.fxgl.app.services.FXGLAssetLoaderService
16:50:38.913 [FXGL Background Thread 3 ] DEBUG Engine               - class com.almasb.fxgl.app.FXGLApplication$GameApplicationService
16:50:38.913 [FXGL Background Thread 3 ] DEBUG Engine               - class com.almasb.fxgl.app.services.FXGLDialogService
16:50:38.913 [FXGL Background Thread 3 ] DEBUG Engine               - class com.almasb.fxgl.app.services.IOTaskExecutorService
16:50:38.913 [FXGL Background Thread 3 ] DEBUG Engine               - class com.almasb.fxgl.io.FileSystemService
16:50:38.913 [FXGL Background Thread 3 ] DEBUG Engine               - class com.almasb.fxgl.localization.LocalizationService
16:50:38.913 [FXGL Background Thread 3 ] DEBUG Engine               - class com.almasb.fxgl.app.services.SystemBundleService
16:50:38.913 [FXGL Background Thread 3 ] DEBUG Engine               - class com.almasb.fxgl.profile.SaveLoadService
16:50:38.913 [FXGL Background Thread 3 ] DEBUG Engine               - class com.almasb.fxgl.ui.FXGLUIFactoryServiceProvider
16:50:38.913 [FXGL Background Thread 3 ] DEBUG Engine               - class com.almasb.fxgl.ui.FXGLDialogFactoryServiceProvider
16:50:38.913 [FXGL Background Thread 3 ] DEBUG Engine               - class com.almasb.fxgl.audio.AudioPlayer
16:50:38.913 [FXGL Background Thread 3 ] DEBUG Engine               - class com.almasb.fxgl.notification.impl.NotificationServiceProvider
16:50:38.913 [FXGL Background Thread 3 ] DEBUG Engine               - class com.almasb.fxgl.achievement.AchievementService
16:50:38.913 [FXGL Background Thread 3 ] DEBUG Engine               - class com.almasb.fxgl.cutscene.CutsceneService
16:50:38.913 [FXGL Background Thread 3 ] DEBUG Engine               - class com.almasb.fxgl.minigames.MiniGameService
16:50:38.913 [FXGL Background Thread 3 ] DEBUG Engine               - class com.almasb.fxgl.net.NetService
16:50:38.913 [FXGL Background Thread 3 ] DEBUG Engine               - class com.almasb.fxgl.app.services.UpdaterService
16:50:38.913 [FXGL Background Thread 3 ] DEBUG Engine               - class com.almasb.fxgl.dev.DevService
16:52:42.437 [JavaFX Application Thread] DEBUG FXGLApplication      - Exiting FXGL
16:52:42.437 [JavaFX Application Thread] DEBUG LoopRunner           - Stopping loop
16:52:42.437 [JavaFX Application Thread] DEBUG SystemBundleService  - Saving FXGL system data
16:52:42.440 [JavaFX Application Thread] DEBUG FileSystemAccess     - Writing to: D:\akanov-an225\system\fxgl.bundle
16:52:42.442 [JavaFX Application Thread] DEBUG Async                - Shutting down background threads
16:52:42.442 [JavaFX Application Thread] DEBUG PrimaryStageWindow   - Closing main window
16:52:42.453 [JavaFX Application Thread] DEBUG Logger               - Closing Logger
