22:37:32.652 [main                     ] DEBUG Logger               - Configured Logger
22:37:32.660 [main                     ] DEBUG GameApplication      - Logging settings
Title: Akanov-an225
Version: 0.2
Width: 960
Height: 720
Fullscreen: false
Intro: false
Profiling: false
Single step:false
App Mode: DEVELOPER
Menu Key: ESCAPE
Stage Style: DECORATED
Scene Factory: class view.GeneralInit$1

22:37:33.218 [JavaFX Application Thread] DEBUG FXGLApplication      - Initializing FXGL
22:37:33.222 [JavaFX Application Thread] INFO  Engine               - FXGL-17.3 (30.03.2023 11.49) on WINDOWS (J:24.0.2 FX:21.0.6)
22:37:33.223 [JavaFX Application Thread] DEBUG Engine               - JRE Vendor Name: Oracle Corporation
22:37:33.223 [JavaFX Application Thread] DEBUG Engine               - Running on OS: Windows 11 version 10.0
22:37:33.223 [JavaFX Application Thread] DEBUG Engine               - Architecture: amd64
22:37:33.223 [JavaFX Application Thread] INFO  Engine               - Source code and latest versions at: https://github.com/AlmasB/FXGL
22:37:33.223 [JavaFX Application Thread] INFO  Engine               -       Ask questions and discuss at: https://github.com/AlmasB/FXGL/discussions
22:37:33.223 [JavaFX Application Thread] INFO  Engine               -              Join the FXGL chat at: https://gitter.im/AlmasB/FXGL
22:37:33.367 [JavaFX Application Thread] DEBUG PrimaryStageWindow   - Creating a JavaFX scene
22:37:33.450 [JavaFX Application Thread] DEBUG PrimaryStageWindow   - Target settings size: 960.0 x 720.0
22:37:33.451 [JavaFX Application Thread] DEBUG PrimaryStageWindow   - Scaled scene size:    960.0 x 720.0
22:37:33.451 [JavaFX Application Thread] DEBUG PrimaryStageWindow   - Scaled ratio: (1.0, 1.0)
22:37:33.452 [JavaFX Application Thread] DEBUG PrimaryStageWindow   - Set initial scene to FXGLStartupScene
22:37:33.456 [JavaFX Application Thread] DEBUG PrimaryStageWindow   - Opening main window
22:37:33.615 [JavaFX Application Thread] DEBUG PrimaryStageWindow   - Window border size: (14.4000244140625, 37.5999755859375)
22:37:33.615 [JavaFX Application Thread] DEBUG PrimaryStageWindow   - Scaled size: 960.0 x 720.0
22:37:33.615 [JavaFX Application Thread] DEBUG PrimaryStageWindow   - Scaled ratio: (1.0, 1.0)
22:37:33.615 [JavaFX Application Thread] DEBUG PrimaryStageWindow   - Scene size: 960.0 x 720.0
22:37:33.615 [JavaFX Application Thread] DEBUG PrimaryStageWindow   - Stage size: 974.4000244140625 x 757.5999755859375
22:37:33.631 [FXGL Background Thread 1 ] DEBUG Engine               - Initializing environment variables
22:37:33.724 [FXGL Background Thread 1 ] DEBUG FXGLAssetLoaderServi - User app class for loading assets: class view.Launch
22:37:33.725 [FXGL Background Thread 1 ] DEBUG GameApplicationServi - Applying CSS: fxgl_dark.css
22:37:33.726 [FXGL Background Thread 1 ] DEBUG FXGLAssetLoaderServi - Loading from file system: jar:file:///C:/Users/nguye/.m2/repository/com/github/almasb/fxgl/17.3/fxgl-17.3.jar!/fxglassets/ui/css/fxgl_dark.css
22:37:33.789 [FXGL Background Thread 1 ] DEBUG GameApplicationServi - Initializing application scenes
22:37:33.851 [FXGL Background Thread 1 ] DEBUG GameWorld            - Game world initialized
22:37:33.947 [FXGL Background Thread 1 ] DEBUG PhysicsWorld         - Physics world initialized: appHeight=720, physics.ppm=50.0
22:37:33.948 [FXGL Background Thread 1 ] DEBUG PhysicsWorld         - Using strategy: BRUTE_FORCE
22:37:33.952 [FXGL Background Thread 1 ] DEBUG GameScene            - Game scene initialized: 960x720
22:37:34.560 [FXGL Background Thread 1 ] DEBUG GameApplicationServi - Application scenes initialized
22:37:34.575 [FXGL Background Thread 1 ] DEBUG SystemBundleService  - Loading FXGL system data
22:37:34.582 [FXGL Background Thread 1 ] DEBUG FileSystemAccess     - Reading from: C:\akk\akanov-an225\system\fxgl.bundle
22:37:34.596 [FXGL Background Thread 1 ] DEBUG SystemBundleService  - Bundle FXGL: {}
22:37:34.596 [FXGL Background Thread 1 ] DEBUG UpdaterService       - Checking for updates
22:37:34.603 [FXGL Background Thread 4 ] DEBUG FXGLApplication      - Loading fonts
22:37:34.604 [FXGL Background Thread 1 ] DEBUG FXGLApplication      - Loading default localization
22:37:34.604 [FXGL Background Thread 4 ] DEBUG FXGLAssetLoaderServi - Loading from file system: jar:file:///C:/Users/nguye/.m2/repository/com/github/almasb/fxgl/17.3/fxgl-17.3.jar!/fxglassets/ui/fonts/VarelaRound-Regular.ttf
22:37:34.604 [FXGL Background Thread 1 ] DEBUG FXGLAssetLoaderServi - Loading from file system: jar:file:///C:/Users/nguye/.m2/repository/com/github/almasb/fxgl/17.3/fxgl-17.3.jar!/fxglassets/languages/english.lang
22:37:34.634 [FXGL Background Thread 1 ] INFO  FXGLApplication      - FXGL initialization took: 1.004 sec
22:37:34.644 [FXGL Background Thread 4 ] DEBUG FXGLAssetLoaderServi - Loading from file system: jar:file:///C:/Users/nguye/.m2/repository/com/github/almasb/fxgl/17.3/fxgl-17.3.jar!/fxglassets/ui/fonts/Abel-Regular.ttf
22:37:34.646 [JavaFX Application Thread] DEBUG Input                - Registered new binding: action0 - Right
22:37:34.647 [JavaFX Application Thread] DEBUG Input                - Registered new binding: action1 - Left
22:37:34.647 [JavaFX Application Thread] DEBUG Input                - Registered new binding: action2 - D
22:37:34.647 [JavaFX Application Thread] DEBUG Input                - Registered new binding: action3 - R
22:37:34.648 [JavaFX Application Thread] DEBUG FXGLAssetLoaderServi - Loading from file system: jar:file:///C:/Users/nguye/.m2/repository/com/github/almasb/fxgl/17.3/fxgl-17.3.jar!/fxglassets/textures/fxgl_icon.png
22:37:34.649 [FXGL Background Thread 4 ] DEBUG FXGLAssetLoaderServi - Loading from file system: jar:file:///C:/Users/nguye/.m2/repository/com/github/almasb/fxgl/17.3/fxgl-17.3.jar!/fxglassets/ui/fonts/TerminalLandMono-Regular.otf
22:37:34.654 [FXGL Background Thread 4 ] DEBUG FXGLAssetLoaderServi - Loading from file system: jar:file:///C:/Users/nguye/.m2/repository/com/github/almasb/fxgl/17.3/fxgl-17.3.jar!/fxglassets/ui/fonts/Courier-Prime.ttf
22:37:34.688 [JavaFX Application Thread] DEBUG FXGLAssetLoaderServi - Loading from file system: jar:file:///C:/Users/nguye/.m2/repository/com/github/almasb/fxgl/17.3/fxgl-17.3.jar!/fxglassets/textures/fxgl_default_cursor.png
22:37:34.695 [JavaFX Application Thread] DEBUG Input                - Registered new binding: Screenshot - CTRL+8
22:37:34.695 [JavaFX Application Thread] DEBUG Input                - Registered new binding: System info dump - CTRL+9
22:37:34.696 [JavaFX Application Thread] DEBUG Input                - Registered new binding: Restart - CTRL+R
22:37:34.696 [JavaFX Application Thread] DEBUG Input                - Registered new binding: Toggle Debug Camera - CTRL+7
22:37:34.702 [JavaFX Application Thread] DEBUG LoopRunner           - Starting loop
22:37:34.702 [JavaFX Application Thread] DEBUG LoopRunner           - Initializing JavaFX AnimationTimerLoop
22:37:34.707 [JavaFX Application Thread] DEBUG Input                - Clearing active input actions
22:37:34.715 [JavaFX Application Thread] DEBUG GameApplicationServi - Removing overlay from FXGLStartupScene and adding to FXGLMainMenuDummyScene
22:37:34.715 [JavaFX Application Thread] DEBUG PrimaryStageWindow   - FXGLStartupScene -> FXGLMainMenuDummyScene
22:37:34.716 [JavaFX Application Thread] DEBUG PrimaryStageWindow   - Push state: MainMenu
22:37:34.716 [JavaFX Application Thread] DEBUG Input                - Clearing active input actions
22:37:34.724 [JavaFX Application Thread] DEBUG GameApplicationServi - Removing overlay from FXGLMainMenuDummyScene and adding to MainMenu
22:37:34.725 [JavaFX Application Thread] DEBUG PrimaryStageWindow   - FXGLMainMenuDummyScene -> MainMenu
22:37:34.729 [JavaFX Application Thread] DEBUG FXGLApplication      - Registering font factories with UI factory
22:37:35.667 [FXGL Background Thread 2 ] INFO  UpdaterService       - Your current version:  17.3
22:37:35.668 [FXGL Background Thread 2 ] INFO  UpdaterService       - Latest stable version: 21.1
22:37:37.037 [JavaFX Application Thread] DEBUG FXGLApplication      - Exiting FXGL
22:37:37.037 [JavaFX Application Thread] DEBUG LoopRunner           - Stopping loop
22:37:37.037 [JavaFX Application Thread] DEBUG SystemBundleService  - Saving FXGL system data
22:37:37.051 [JavaFX Application Thread] DEBUG FileSystemAccess     - Writing to: C:\akk\akanov-an225\system\fxgl.bundle
22:37:37.053 [JavaFX Application Thread] DEBUG Async                - Shutting down background threads
22:37:37.053 [JavaFX Application Thread] DEBUG PrimaryStageWindow   - Closing main window
22:37:37.088 [JavaFX Application Thread] DEBUG Logger               - Closing Logger
