20:35:22.952 [main                     ] DEBUG Logger               - Configured Logger
20:35:22.961 [main                     ] DEBUG GameApplication      - Logging settings
Title: Akanov-an225
Version: 0.2
Width: 960
Height: 720
Fullscreen: false
Intro: false
Profiling: false
Single step:false
App Mode: DEVELOPER
Menu Key: ESCAPE
Stage Style: DECORATED
Scene Factory: class view.GeneralInit$1

20:35:23.275 [JavaFX Application Thread] DEBUG FXGLApplication      - Initializing FXGL
20:35:23.279 [JavaFX Application Thread] INFO  Engine               - FXGL-17.3 (30.03.2023 11.49) on WINDOWS (J:24.0.2 FX:21.0.6)
20:35:23.279 [JavaFX Application Thread] DEBUG Engine               - JRE Vendor Name: Oracle Corporation
20:35:23.279 [JavaFX Application Thread] DEBUG Engine               - Running on OS: Windows 11 version 10.0
20:35:23.279 [JavaFX Application Thread] DEBUG Engine               - Architecture: amd64
20:35:23.279 [JavaFX Application Thread] INFO  Engine               - Source code and latest versions at: https://github.com/AlmasB/FXGL
20:35:23.279 [JavaFX Application Thread] INFO  Engine               -       Ask questions and discuss at: https://github.com/AlmasB/FXGL/discussions
20:35:23.279 [JavaFX Application Thread] INFO  Engine               -              Join the FXGL chat at: https://gitter.im/AlmasB/FXGL
20:35:23.366 [JavaFX Application Thread] DEBUG PrimaryStageWindow   - Creating a JavaFX scene
20:35:23.417 [JavaFX Application Thread] DEBUG PrimaryStageWindow   - Target settings size: 960.0 x 720.0
20:35:23.417 [JavaFX Application Thread] DEBUG PrimaryStageWindow   - Scaled scene size:    960.0 x 720.0
20:35:23.417 [JavaFX Application Thread] DEBUG PrimaryStageWindow   - Scaled ratio: (1.0, 1.0)
20:35:23.418 [JavaFX Application Thread] DEBUG PrimaryStageWindow   - Set initial scene to FXGLStartupScene
20:35:23.421 [JavaFX Application Thread] DEBUG PrimaryStageWindow   - Opening main window
20:35:23.486 [JavaFX Application Thread] DEBUG PrimaryStageWindow   - Window border size: (14.66668701171875, 37.33331298828125)
20:35:23.486 [JavaFX Application Thread] DEBUG PrimaryStageWindow   - Scaled size: 960.0 x 720.0
20:35:23.486 [JavaFX Application Thread] DEBUG PrimaryStageWindow   - Scaled ratio: (1.0, 1.0)
20:35:23.486 [JavaFX Application Thread] DEBUG PrimaryStageWindow   - Scene size: 960.0 x 720.0
20:35:23.486 [JavaFX Application Thread] DEBUG PrimaryStageWindow   - Stage size: 974.6666870117188 x 757.3333129882812
20:35:23.495 [FXGL Background Thread 1 ] DEBUG Engine               - Initializing environment variables
20:35:23.560 [FXGL Background Thread 1 ] DEBUG FXGLAssetLoaderServi - User app class for loading assets: class view.Launch
20:35:23.561 [FXGL Background Thread 1 ] DEBUG GameApplicationServi - Applying CSS: fxgl_dark.css
20:35:23.562 [FXGL Background Thread 1 ] DEBUG FXGLAssetLoaderServi - Loading from file system: jar:file:///C:/Users/DELL/.m2/repository/com/github/almasb/fxgl/17.3/fxgl-17.3.jar!/fxglassets/ui/css/fxgl_dark.css
20:35:23.605 [FXGL Background Thread 1 ] DEBUG GameApplicationServi - Initializing application scenes
20:35:23.641 [FXGL Background Thread 1 ] DEBUG GameWorld            - Game world initialized
20:35:23.704 [FXGL Background Thread 1 ] DEBUG PhysicsWorld         - Physics world initialized: appHeight=720, physics.ppm=50.0
20:35:23.704 [FXGL Background Thread 1 ] DEBUG PhysicsWorld         - Using strategy: BRUTE_FORCE
20:35:23.708 [FXGL Background Thread 1 ] DEBUG GameScene            - Game scene initialized: 960x720
20:35:23.783 [FXGL Background Thread 1 ] DEBUG GameApplicationServi - Application scenes initialized
20:35:23.790 [FXGL Background Thread 1 ] DEBUG SystemBundleService  - Loading FXGL system data
20:35:23.793 [FXGL Background Thread 1 ] DEBUG FileSystemAccess     - Reading from: D:\akanov-an225\system\fxgl.bundle
20:35:23.799 [FXGL Background Thread 1 ] DEBUG SystemBundleService  - Bundle FXGL: {}
20:35:23.799 [FXGL Background Thread 1 ] DEBUG UpdaterService       - Checking for updates
20:35:23.802 [FXGL Background Thread 4 ] DEBUG FXGLApplication      - Loading fonts
20:35:23.803 [FXGL Background Thread 4 ] DEBUG FXGLAssetLoaderServi - Loading from file system: jar:file:///C:/Users/DELL/.m2/repository/com/github/almasb/fxgl/17.3/fxgl-17.3.jar!/fxglassets/ui/fonts/VarelaRound-Regular.ttf
20:35:23.803 [FXGL Background Thread 1 ] DEBUG FXGLApplication      - Loading default localization
20:35:23.803 [FXGL Background Thread 1 ] DEBUG FXGLAssetLoaderServi - Loading from file system: jar:file:///C:/Users/DELL/.m2/repository/com/github/almasb/fxgl/17.3/fxgl-17.3.jar!/fxglassets/languages/english.lang
20:35:23.821 [FXGL Background Thread 1 ] INFO  FXGLApplication      - FXGL initialization took: 0.326 sec
20:35:23.832 [JavaFX Application Thread] DEBUG Input                - Registered new binding: action0 - Right
20:35:23.833 [JavaFX Application Thread] DEBUG Input                - Registered new binding: action1 - Left
20:35:23.833 [FXGL Background Thread 4 ] DEBUG FXGLAssetLoaderServi - Loading from file system: jar:file:///C:/Users/DELL/.m2/repository/com/github/almasb/fxgl/17.3/fxgl-17.3.jar!/fxglassets/ui/fonts/Abel-Regular.ttf
20:35:23.833 [JavaFX Application Thread] DEBUG Input                - Registered new binding: action2 - D
20:35:23.834 [JavaFX Application Thread] DEBUG Input                - Registered new binding: action3 - R
20:35:23.834 [JavaFX Application Thread] DEBUG FXGLAssetLoaderServi - Loading from file system: jar:file:///C:/Users/DELL/.m2/repository/com/github/almasb/fxgl/17.3/fxgl-17.3.jar!/fxglassets/textures/fxgl_icon.png
20:35:23.837 [FXGL Background Thread 4 ] DEBUG FXGLAssetLoaderServi - Loading from file system: jar:file:///C:/Users/DELL/.m2/repository/com/github/almasb/fxgl/17.3/fxgl-17.3.jar!/fxglassets/ui/fonts/TerminalLandMono-Regular.otf
20:35:23.842 [FXGL Background Thread 4 ] DEBUG FXGLAssetLoaderServi - Loading from file system: jar:file:///C:/Users/DELL/.m2/repository/com/github/almasb/fxgl/17.3/fxgl-17.3.jar!/fxglassets/ui/fonts/Courier-Prime.ttf
20:35:23.869 [JavaFX Application Thread] DEBUG FXGLAssetLoaderServi - Loading from file system: jar:file:///C:/Users/DELL/.m2/repository/com/github/almasb/fxgl/17.3/fxgl-17.3.jar!/fxglassets/textures/fxgl_default_cursor.png
20:35:23.873 [JavaFX Application Thread] DEBUG Input                - Registered new binding: Screenshot - CTRL+8
20:35:23.873 [JavaFX Application Thread] DEBUG Input                - Registered new binding: System info dump - CTRL+9
20:35:23.873 [JavaFX Application Thread] DEBUG Input                - Registered new binding: Restart - CTRL+R
20:35:23.874 [JavaFX Application Thread] DEBUG Input                - Registered new binding: Toggle Debug Camera - CTRL+7
20:35:23.877 [JavaFX Application Thread] DEBUG LoopRunner           - Starting loop
20:35:23.878 [JavaFX Application Thread] DEBUG LoopRunner           - Initializing JavaFX AnimationTimerLoop
20:35:23.880 [JavaFX Application Thread] DEBUG Input                - Clearing active input actions
20:35:23.887 [JavaFX Application Thread] DEBUG GameApplicationServi - Removing overlay from FXGLStartupScene and adding to FXGLMainMenuDummyScene
20:35:23.888 [JavaFX Application Thread] DEBUG PrimaryStageWindow   - FXGLStartupScene -> FXGLMainMenuDummyScene
20:35:23.888 [JavaFX Application Thread] DEBUG PrimaryStageWindow   - Push state: MainMenu
20:35:23.888 [JavaFX Application Thread] DEBUG Input                - Clearing active input actions
20:35:23.897 [JavaFX Application Thread] DEBUG GameApplicationServi - Removing overlay from FXGLMainMenuDummyScene and adding to MainMenu
20:35:23.897 [JavaFX Application Thread] DEBUG PrimaryStageWindow   - FXGLMainMenuDummyScene -> MainMenu
20:35:23.899 [JavaFX Application Thread] DEBUG FXGLApplication      - Registering font factories with UI factory
20:35:24.404 [FXGL Background Thread 2 ] INFO  UpdaterService       - Your current version:  17.3
20:35:24.405 [FXGL Background Thread 2 ] INFO  UpdaterService       - Latest stable version: 21.1
20:35:26.406 [JavaFX Application Thread] DEBUG FXGLApplication      - Exiting FXGL
20:35:26.406 [JavaFX Application Thread] DEBUG LoopRunner           - Stopping loop
20:35:26.406 [JavaFX Application Thread] DEBUG SystemBundleService  - Saving FXGL system data
20:35:26.409 [JavaFX Application Thread] DEBUG FileSystemAccess     - Writing to: D:\akanov-an225\system\fxgl.bundle
20:35:26.411 [JavaFX Application Thread] DEBUG Async                - Shutting down background threads
20:35:26.412 [JavaFX Application Thread] DEBUG PrimaryStageWindow   - Closing main window
20:35:26.422 [JavaFX Application Thread] DEBUG Logger               - Closing Logger
