19:35:31.360 [main                     ] DEBUG Logger               - Configured Logger
19:35:31.374 [main                     ] DEBUG GameApplication      - Logging settings
Title: Akanov-an225
Version: 0.1
Width: 800
Height: 600
Fullscreen: false
Intro: false
Profiling: false
Single step:false
App Mode: DEVELOPER
Menu Key: ESCAPE
Stage Style: DECORATED
Scene Factory: class com.almasb.fxgl.app.scene.SceneFactory

19:35:32.007 [JavaFX Application Thread] DEBUG FXGLApplication      - Initializing FXGL
19:35:32.014 [JavaFX Application Thread] INFO  Engine               - FXGL-17.3 (30.03.2023 11.49) on WINDOWS (J:24.0.2 FX:21.0.6)
19:35:32.014 [JavaFX Application Thread] DEBUG Engine               - JRE Vendor Name: Oracle Corporation
19:35:32.014 [JavaFX Application Thread] DEBUG Engine               - Running on OS: Windows 11 version 10.0
19:35:32.014 [JavaFX Application Thread] DEBUG Engine               - Architecture: amd64
19:35:32.014 [JavaFX Application Thread] INFO  Engine               - Source code and latest versions at: https://github.com/AlmasB/FXGL
19:35:32.014 [JavaFX Application Thread] INFO  Engine               -       Ask questions and discuss at: https://github.com/AlmasB/FXGL/discussions
19:35:32.015 [JavaFX Application Thread] INFO  Engine               -              Join the FXGL chat at: https://gitter.im/AlmasB/FXGL
19:35:32.114 [JavaFX Application Thread] DEBUG PrimaryStageWindow   - Creating a JavaFX scene
19:35:32.160 [JavaFX Application Thread] DEBUG PrimaryStageWindow   - Target settings size: 800.0 x 600.0
19:35:32.161 [JavaFX Application Thread] DEBUG PrimaryStageWindow   - Scaled scene size:    800.0 x 600.0
19:35:32.161 [JavaFX Application Thread] DEBUG PrimaryStageWindow   - Scaled ratio: (1.0, 1.0)
19:35:32.162 [JavaFX Application Thread] DEBUG PrimaryStageWindow   - Set initial scene to FXGLStartupScene
19:35:32.164 [JavaFX Application Thread] DEBUG PrimaryStageWindow   - Opening main window
19:35:32.310 [JavaFX Application Thread] DEBUG PrimaryStageWindow   - Window border size: (14.66668701171875, 37.33331298828125)
19:35:32.310 [JavaFX Application Thread] DEBUG PrimaryStageWindow   - Scaled size: 800.0 x 600.0
19:35:32.310 [JavaFX Application Thread] DEBUG PrimaryStageWindow   - Scaled ratio: (1.0, 1.0)
19:35:32.310 [JavaFX Application Thread] DEBUG PrimaryStageWindow   - Scene size: 800.0 x 600.0
19:35:32.311 [JavaFX Application Thread] DEBUG PrimaryStageWindow   - Stage size: 814.6666870117188 x 637.3333129882812
19:35:32.319 [FXGL Background Thread 1 ] DEBUG Engine               - Initializing environment variables
19:35:32.375 [FXGL Background Thread 1 ] DEBUG FXGLAssetLoaderServi - User app class for loading assets: class view.Launch
19:35:32.377 [FXGL Background Thread 1 ] DEBUG GameApplicationServi - Applying CSS: fxgl_dark.css
19:35:32.377 [FXGL Background Thread 1 ] DEBUG FXGLAssetLoaderServi - Loading from file system: jar:file:///C:/Users/DELL/.m2/repository/com/github/almasb/fxgl/17.3/fxgl-17.3.jar!/fxglassets/ui/css/fxgl_dark.css
19:35:32.432 [FXGL Background Thread 1 ] DEBUG GameApplicationServi - Initializing application scenes
19:35:32.485 [FXGL Background Thread 1 ] DEBUG GameWorld            - Game world initialized
19:35:32.540 [FXGL Background Thread 1 ] DEBUG PhysicsWorld         - Physics world initialized: appHeight=600, physics.ppm=50.0
19:35:32.540 [FXGL Background Thread 1 ] DEBUG PhysicsWorld         - Using strategy: BRUTE_FORCE
19:35:32.544 [FXGL Background Thread 1 ] DEBUG GameScene            - Game scene initialized: 800x600
19:35:32.556 [FXGL Background Thread 1 ] DEBUG FXGL.DefaultMenu     - createMenuBodyGameMenu()
19:35:32.570 [FXGL Background Thread 1 ] DEBUG FXGL.DefaultMenu     - createOptionsMenu()
19:35:32.582 [FXGL Background Thread 1 ] DEBUG FXGLAssetLoaderServi - Loading from file system: jar:file:///C:/Users/DELL/.m2/repository/com/github/almasb/fxgl/17.3/fxgl-17.3.jar!/fxglassets/textures/particles/smoke.png
19:35:32.699 [FXGL Background Thread 1 ] DEBUG FXGLAssetLoaderServi - Loading from file system: jar:file:///C:/Users/DELL/.m2/repository/com/github/almasb/fxgl/17.3/fxgl-17.3.jar!/fxglassets/textures/particles/trace_horizontal.png
19:35:32.729 [FXGL Background Thread 1 ] DEBUG GameApplicationServi - Application scenes initialized
19:35:32.741 [FXGL Background Thread 1 ] DEBUG SystemBundleService  - Loading FXGL system data
19:35:32.743 [FXGL Background Thread 1 ] DEBUG FileSystemAccess     - Reading from: D:\akanov-an225\system\fxgl.bundle
19:35:32.746 [FXGL Background Thread 1 ] DEBUG SystemBundleService  - Bundle FXGL: {}
19:35:32.746 [FXGL Background Thread 1 ] DEBUG UpdaterService       - Checking for updates
19:35:32.752 [FXGL Background Thread 4 ] DEBUG FXGLApplication      - Loading fonts
19:35:32.752 [FXGL Background Thread 1 ] DEBUG FXGLApplication      - Loading default localization
19:35:32.752 [FXGL Background Thread 4 ] DEBUG FXGLAssetLoaderServi - Loading from file system: jar:file:///C:/Users/DELL/.m2/repository/com/github/almasb/fxgl/17.3/fxgl-17.3.jar!/fxglassets/ui/fonts/VarelaRound-Regular.ttf
19:35:32.753 [FXGL Background Thread 1 ] DEBUG FXGLAssetLoaderServi - Loading from file system: jar:file:///C:/Users/DELL/.m2/repository/com/github/almasb/fxgl/17.3/fxgl-17.3.jar!/fxglassets/languages/english.lang
19:35:32.767 [FXGL Background Thread 4 ] DEBUG FXGLAssetLoaderServi - Loading from file system: jar:file:///C:/Users/DELL/.m2/repository/com/github/almasb/fxgl/17.3/fxgl-17.3.jar!/fxglassets/ui/fonts/Abel-Regular.ttf
19:35:32.775 [FXGL Background Thread 4 ] DEBUG FXGLAssetLoaderServi - Loading from file system: jar:file:///C:/Users/DELL/.m2/repository/com/github/almasb/fxgl/17.3/fxgl-17.3.jar!/fxglassets/ui/fonts/TerminalLandMono-Regular.otf
19:35:32.778 [FXGL Background Thread 1 ] INFO  FXGLApplication      - FXGL initialization took: 0.460 sec
19:35:32.780 [JavaFX Application Thread] DEBUG FXGLAssetLoaderServi - Loading from file system: jar:file:///C:/Users/DELL/.m2/repository/com/github/almasb/fxgl/17.3/fxgl-17.3.jar!/fxglassets/textures/fxgl_icon.png
19:35:32.781 [FXGL Background Thread 4 ] DEBUG FXGLAssetLoaderServi - Loading from file system: jar:file:///C:/Users/DELL/.m2/repository/com/github/almasb/fxgl/17.3/fxgl-17.3.jar!/fxglassets/ui/fonts/Courier-Prime.ttf
19:35:32.804 [JavaFX Application Thread] DEBUG FXGLAssetLoaderServi - Loading from file system: jar:file:///C:/Users/DELL/.m2/repository/com/github/almasb/fxgl/17.3/fxgl-17.3.jar!/fxglassets/textures/fxgl_default_cursor.png
19:35:32.820 [JavaFX Application Thread] DEBUG Input                - Registered new binding: Screenshot - CTRL+8
19:35:32.820 [JavaFX Application Thread] DEBUG Input                - Registered new binding: System info dump - CTRL+9
19:35:32.821 [JavaFX Application Thread] DEBUG Input                - Registered new binding: Restart - CTRL+R
19:35:32.821 [JavaFX Application Thread] DEBUG Input                - Registered new binding: Toggle Debug Camera - CTRL+7
19:35:32.826 [JavaFX Application Thread] DEBUG LoopRunner           - Starting loop
19:35:32.826 [JavaFX Application Thread] DEBUG LoopRunner           - Initializing JavaFX AnimationTimerLoop
19:35:32.830 [JavaFX Application Thread] DEBUG GameApplicationServi - Starting new game
19:35:32.830 [JavaFX Application Thread] DEBUG Input                - Clearing active input actions
19:35:32.841 [JavaFX Application Thread] DEBUG GameApplicationServi - Removing overlay from FXGLStartupScene and adding to FXGLLoadingScene
19:35:32.843 [JavaFX Application Thread] DEBUG PrimaryStageWindow   - FXGLStartupScene -> FXGLLoadingScene
19:35:32.843 [JavaFX Application Thread] DEBUG GameApplicationServi - Clearing previous game
19:35:32.843 [JavaFX Application Thread] DEBUG GameScene            - Clearing game scene
19:35:32.843 [JavaFX Application Thread] DEBUG GameWorld            - Clearing game world
19:35:32.843 [JavaFX Application Thread] DEBUG PhysicsWorld         - Clearing physics world
19:35:32.845 [FXGL Background Thread 4 ] DEBUG FXGLApplication      - Initializing game
19:35:32.845 [JavaFX Application Thread] DEBUG FXGLApplication      - Registering font factories with UI factory
19:35:32.847 [FXGL Background Thread 4 ] WARN  Entity               - Entity already has component: com.almasb.fxgl.entity.components.BoundingBoxComponent
19:35:32.860 [FXGL Background Thread 4 ] INFO  FXGLApplication      - Game initialization took: 0.015 sec
19:35:32.891 [JavaFX Application Thread] DEBUG Input                - Clearing active input actions
19:35:32.898 [JavaFX Application Thread] DEBUG GameApplicationServi - Removing overlay from FXGLLoadingScene and adding to GameScene
19:35:32.898 [JavaFX Application Thread] DEBUG PrimaryStageWindow   - FXGLLoadingScene -> GameScene
19:35:34.515 [FXGL Background Thread 2 ] INFO  UpdaterService       - Your current version:  17.3
19:35:34.515 [FXGL Background Thread 2 ] INFO  UpdaterService       - Latest stable version: 21.1
19:35:35.586 [JavaFX Application Thread] DEBUG FXGLApplication      - Exiting FXGL
19:35:35.586 [JavaFX Application Thread] DEBUG LoopRunner           - Stopping loop
19:35:35.586 [JavaFX Application Thread] DEBUG SystemBundleService  - Saving FXGL system data
19:35:35.587 [JavaFX Application Thread] DEBUG FileSystemAccess     - Writing to: D:\akanov-an225\system\fxgl.bundle
19:35:35.588 [JavaFX Application Thread] DEBUG Async                - Shutting down background threads
19:35:35.590 [JavaFX Application Thread] DEBUG PrimaryStageWindow   - Closing main window
19:35:35.603 [JavaFX Application Thread] DEBUG Logger               - Closing Logger
