18:56:01.480 [main                     ] DEBUG Logger               - Configured Logger
18:56:01.486 [main                     ] DEBUG GameApplication      - Logging settings
Title: Akanov-an225
Version: 0.2
Width: 960
Height: 720
Fullscreen: false
Intro: false
Profiling: false
Single step:false
App Mode: DEVELOPER
Menu Key: ESCAPE
Stage Style: DECORATED
Scene Factory: class com.almasb.fxgl.app.scene.SceneFactory

18:56:01.771 [JavaFX Application Thread] DEBUG FXGLApplication      - Initializing FXGL
18:56:01.773 [JavaFX Application Thread] INFO  Engine               - FXGL-17.3 (30.03.2023 11.49) on MAC (J:24.0.2 FX:21.0.6)
18:56:01.773 [JavaFX Application Thread] DEBUG Engine               - JRE Vendor Name: Amazon.com Inc.
18:56:01.773 [JavaFX Application Thread] DEBUG Engine               - Running on OS: Mac OS X version 14.8.1
18:56:01.773 [JavaFX Application Thread] DEBUG Engine               - Architecture: aarch64
18:56:01.773 [JavaFX Application Thread] INFO  Engine               - Source code and latest versions at: https://github.com/AlmasB/FXGL
18:56:01.773 [JavaFX Application Thread] INFO  Engine               -       Ask questions and discuss at: https://github.com/AlmasB/FXGL/discussions
18:56:01.773 [JavaFX Application Thread] INFO  Engine               -              Join the FXGL chat at: https://gitter.im/AlmasB/FXGL
18:56:01.839 [JavaFX Application Thread] DEBUG PrimaryStageWindow   - Creating a JavaFX scene
18:56:01.873 [JavaFX Application Thread] DEBUG PrimaryStageWindow   - Target settings size: 960.0 x 720.0
18:56:01.873 [JavaFX Application Thread] DEBUG PrimaryStageWindow   - Scaled scene size:    960.0 x 720.0
18:56:01.873 [JavaFX Application Thread] DEBUG PrimaryStageWindow   - Scaled ratio: (1.0, 1.0)
18:56:01.873 [JavaFX Application Thread] DEBUG PrimaryStageWindow   - Set initial scene to FXGLStartupScene
18:56:01.875 [JavaFX Application Thread] DEBUG PrimaryStageWindow   - Opening main window
18:56:01.942 [JavaFX Application Thread] DEBUG PrimaryStageWindow   - Window border size: (0.0, 28.0)
18:56:01.942 [JavaFX Application Thread] DEBUG PrimaryStageWindow   - Scaled size: 960.0 x 720.0
18:56:01.942 [JavaFX Application Thread] DEBUG PrimaryStageWindow   - Scaled ratio: (1.0, 1.0)
18:56:01.942 [JavaFX Application Thread] DEBUG PrimaryStageWindow   - Scene size: 960.0 x 720.0
18:56:01.943 [JavaFX Application Thread] DEBUG PrimaryStageWindow   - Stage size: 960.0 x 748.0
18:56:01.948 [FXGL Background Thread 1 ] DEBUG Engine               - Initializing environment variables
18:56:02.002 [FXGL Background Thread 1 ] DEBUG FXGLAssetLoaderServi - User app class for loading assets: class view.Launch
18:56:02.002 [FXGL Background Thread 1 ] DEBUG GameApplicationServi - Applying CSS: fxgl_dark.css
18:56:02.003 [FXGL Background Thread 1 ] DEBUG FXGLAssetLoaderServi - Loading from file system: jar:file:///Users/huyle/.m2/repository/com/github/almasb/fxgl/17.3/fxgl-17.3.jar!/fxglassets/ui/css/fxgl_dark.css
18:56:02.039 [FXGL Background Thread 1 ] DEBUG GameApplicationServi - Initializing application scenes
18:56:02.111 [FXGL Background Thread 1 ] DEBUG GameWorld            - Game world initialized
18:56:02.150 [FXGL Background Thread 1 ] DEBUG PhysicsWorld         - Physics world initialized: appHeight=720, physics.ppm=50.0
18:56:02.151 [FXGL Background Thread 1 ] DEBUG PhysicsWorld         - Using strategy: BRUTE_FORCE
18:56:02.153 [FXGL Background Thread 1 ] DEBUG GameScene            - Game scene initialized: 960x720
18:56:02.160 [FXGL Background Thread 1 ] DEBUG FXGL.DefaultMenu     - createMenuBodyGameMenu()
18:56:02.170 [FXGL Background Thread 1 ] DEBUG FXGL.DefaultMenu     - createOptionsMenu()
18:56:02.177 [FXGL Background Thread 1 ] DEBUG FXGLAssetLoaderServi - Loading from file system: jar:file:///Users/huyle/.m2/repository/com/github/almasb/fxgl/17.3/fxgl-17.3.jar!/fxglassets/textures/particles/smoke.png
18:56:02.243 [FXGL Background Thread 1 ] DEBUG FXGLAssetLoaderServi - Loading from file system: jar:file:///Users/huyle/.m2/repository/com/github/almasb/fxgl/17.3/fxgl-17.3.jar!/fxglassets/textures/particles/trace_horizontal.png
18:56:02.265 [FXGL Background Thread 1 ] DEBUG GameApplicationServi - Application scenes initialized
18:56:02.271 [FXGL Background Thread 1 ] DEBUG SystemBundleService  - Loading FXGL system data
18:56:02.273 [FXGL Background Thread 1 ] DEBUG FileSystemAccess     - Reading from: /Users/huyle/Documents/UET/year2/ki1/OOP/BTL/demo1/system/fxgl.bundle
18:56:02.277 [FXGL Background Thread 1 ] DEBUG SystemBundleService  - Bundle FXGL: {}
18:56:02.277 [FXGL Background Thread 1 ] DEBUG UpdaterService       - Checking for updates
18:56:02.280 [FXGL Background Thread 4 ] DEBUG FXGLApplication      - Loading fonts
18:56:02.280 [FXGL Background Thread 4 ] DEBUG FXGLAssetLoaderServi - Loading from file system: jar:file:///Users/huyle/.m2/repository/com/github/almasb/fxgl/17.3/fxgl-17.3.jar!/fxglassets/ui/fonts/VarelaRound-Regular.ttf
18:56:02.280 [FXGL Background Thread 1 ] DEBUG FXGLApplication      - Loading default localization
18:56:02.280 [FXGL Background Thread 1 ] DEBUG FXGLAssetLoaderServi - Loading from file system: jar:file:///Users/huyle/.m2/repository/com/github/almasb/fxgl/17.3/fxgl-17.3.jar!/fxglassets/languages/english.lang
18:56:02.292 [FXGL Background Thread 1 ] INFO  FXGLApplication      - FXGL initialization took: 0.344 sec
18:56:02.292 [FXGL Background Thread 4 ] DEBUG FXGLAssetLoaderServi - Loading from file system: jar:file:///Users/huyle/.m2/repository/com/github/almasb/fxgl/17.3/fxgl-17.3.jar!/fxglassets/ui/fonts/Abel-Regular.ttf
18:56:02.294 [FXGL Background Thread 4 ] DEBUG FXGLAssetLoaderServi - Loading from file system: jar:file:///Users/huyle/.m2/repository/com/github/almasb/fxgl/17.3/fxgl-17.3.jar!/fxglassets/ui/fonts/TerminalLandMono-Regular.otf
18:56:02.297 [FXGL Background Thread 4 ] DEBUG FXGLAssetLoaderServi - Loading from file system: jar:file:///Users/huyle/.m2/repository/com/github/almasb/fxgl/17.3/fxgl-17.3.jar!/fxglassets/ui/fonts/Courier-Prime.ttf
18:56:02.298 [JavaFX Application Thread] DEBUG Input                - Registered new binding: action0 - Right
18:56:02.298 [JavaFX Application Thread] DEBUG Input                - Registered new binding: action1 - Left
18:56:02.299 [JavaFX Application Thread] DEBUG FXGLAssetLoaderServi - Loading from file system: jar:file:///Users/huyle/.m2/repository/com/github/almasb/fxgl/17.3/fxgl-17.3.jar!/fxglassets/textures/fxgl_icon.png
18:56:02.325 [JavaFX Application Thread] DEBUG FXGLAssetLoaderServi - Loading from file system: jar:file:///Users/huyle/.m2/repository/com/github/almasb/fxgl/17.3/fxgl-17.3.jar!/fxglassets/textures/fxgl_default_cursor.png
18:56:02.326 [JavaFX Application Thread] DEBUG Input                - Registered new binding: Screenshot - CTRL+8
18:56:02.327 [JavaFX Application Thread] DEBUG Input                - Registered new binding: System info dump - CTRL+9
18:56:02.327 [JavaFX Application Thread] DEBUG Input                - Registered new binding: Restart - CTRL+R
18:56:02.327 [JavaFX Application Thread] DEBUG Input                - Registered new binding: Toggle Debug Camera - CTRL+7
18:56:02.328 [JavaFX Application Thread] DEBUG LoopRunner           - Starting loop
18:56:02.329 [JavaFX Application Thread] DEBUG LoopRunner           - Initializing JavaFX AnimationTimerLoop
18:56:02.329 [JavaFX Application Thread] DEBUG GameApplicationServi - Starting new game
18:56:02.329 [JavaFX Application Thread] DEBUG Input                - Clearing active input actions
18:56:02.336 [JavaFX Application Thread] DEBUG GameApplicationServi - Removing overlay from FXGLStartupScene and adding to FXGLLoadingScene
18:56:02.336 [JavaFX Application Thread] DEBUG PrimaryStageWindow   - FXGLStartupScene -> FXGLLoadingScene
18:56:02.337 [JavaFX Application Thread] DEBUG GameApplicationServi - Clearing previous game
18:56:02.337 [JavaFX Application Thread] DEBUG GameScene            - Clearing game scene
18:56:02.337 [JavaFX Application Thread] DEBUG GameWorld            - Clearing game world
18:56:02.337 [JavaFX Application Thread] DEBUG PhysicsWorld         - Clearing physics world
18:56:02.338 [FXGL Background Thread 4 ] DEBUG FXGLApplication      - Initializing game
18:56:02.341 [FXGL Background Thread 4 ] WARN  Entity               - Entity already has component: com.almasb.fxgl.entity.components.BoundingBoxComponent
18:56:02.351 [JavaFX Application Thread] DEBUG FXGLApplication      - Registering font factories with UI factory
18:56:02.368 [FXGL Background Thread 4 ] INFO  FXGLApplication      - Game initialization took: 0.030 sec
18:56:02.377 [JavaFX Application Thread] DEBUG Input                - Clearing active input actions
18:56:02.381 [JavaFX Application Thread] DEBUG GameApplicationServi - Removing overlay from FXGLLoadingScene and adding to GameScene
18:56:02.382 [JavaFX Application Thread] DEBUG PrimaryStageWindow   - FXGLLoadingScene -> GameScene
18:56:02.660 [FXGL Background Thread 2 ] INFO  UpdaterService       - Your current version:  17.3
18:56:02.660 [FXGL Background Thread 2 ] INFO  UpdaterService       - Latest stable version: 21.1
18:56:05.283 [FXGL Background Thread 3 ] DEBUG Engine               - Logging environment variables
18:56:05.284 [FXGL Background Thread 3 ] DEBUG Engine               - achievements: []
18:56:05.285 [FXGL Background Thread 3 ] DEBUG Engine               - actualHeight: 720.0
18:56:05.285 [FXGL Background Thread 3 ] DEBUG Engine               - actualHeightProperty: ReadOnlyDoubleProperty [value: 720.0]
18:56:05.285 [FXGL Background Thread 3 ] DEBUG Engine               - actualWidth: 960.0
18:56:05.285 [FXGL Background Thread 3 ] DEBUG Engine               - actualWidthProperty: ReadOnlyDoubleProperty [value: 960.0]
18:56:05.285 [FXGL Background Thread 3 ] DEBUG Engine               - appIcon: fxgl_icon.png
18:56:05.285 [FXGL Background Thread 3 ] DEBUG Engine               - applicationMode: DEVELOPER
18:56:05.285 [FXGL Background Thread 3 ] DEBUG Engine               - cSSList: [fxgl_dark.css]
18:56:05.286 [FXGL Background Thread 3 ] DEBUG Engine               - collisionDetectionStrategy: BRUTE_FORCE
18:56:05.286 [FXGL Background Thread 3 ] DEBUG Engine               - configClass: Optional.empty
18:56:05.286 [FXGL Background Thread 3 ] DEBUG Engine               - credits: []
18:56:05.286 [FXGL Background Thread 3 ] DEBUG Engine               - defaultCursor: CursorInfo(imageName=fxgl_default_cursor.png, hotspotX=7.0, hotspotY=6.0)
18:56:05.286 [FXGL Background Thread 3 ] DEBUG Engine               - devBBoxColorProperty: ObjectProperty [value: 0xff0000ff]
18:56:05.287 [FXGL Background Thread 3 ] DEBUG Engine               - devEnableDebugCameraProperty: BooleanProperty [value: false]
18:56:05.287 [FXGL Background Thread 3 ] DEBUG Engine               - devSensorColorProperty: ObjectProperty [value: 0xffff00ff]
18:56:05.287 [FXGL Background Thread 3 ] DEBUG Engine               - devShowBBoxProperty: BooleanProperty [value: false]
18:56:05.287 [FXGL Background Thread 3 ] DEBUG Engine               - devShowPositionProperty: BooleanProperty [value: false]
18:56:05.287 [FXGL Background Thread 3 ] DEBUG Engine               - enabledMenuItems: []
18:56:05.287 [FXGL Background Thread 3 ] DEBUG Engine               - engineServices: [class com.almasb.fxgl.app.services.FXGLAssetLoaderService, class com.almasb.fxgl.app.FXGLApplication$GameApplicationService, class com.almasb.fxgl.app.services.FXGLDialogService, class com.almasb.fxgl.app.services.IOTaskExecutorService, class com.almasb.fxgl.io.FileSystemService, class com.almasb.fxgl.localization.LocalizationService, class com.almasb.fxgl.app.services.SystemBundleService, class com.almasb.fxgl.profile.SaveLoadService, class com.almasb.fxgl.ui.FXGLUIFactoryServiceProvider, class com.almasb.fxgl.ui.FXGLDialogFactoryServiceProvider, class com.almasb.fxgl.audio.AudioPlayer, class com.almasb.fxgl.notification.impl.NotificationServiceProvider, class com.almasb.fxgl.achievement.AchievementService, class com.almasb.fxgl.cutscene.CutsceneService, class com.almasb.fxgl.minigames.MiniGameService, class com.almasb.fxgl.net.NetService, class com.almasb.fxgl.app.services.UpdaterService, class com.almasb.fxgl.dev.DevService]
18:56:05.287 [FXGL Background Thread 3 ] DEBUG Engine               - fontGame: Abel-Regular.ttf
18:56:05.287 [FXGL Background Thread 3 ] DEBUG Engine               - fontMono: TerminalLandMono-Regular.otf
18:56:05.288 [FXGL Background Thread 3 ] DEBUG Engine               - fontSizeScaleUI: 1.0
18:56:05.288 [FXGL Background Thread 3 ] DEBUG Engine               - fontText: Courier-Prime.ttf
18:56:05.288 [FXGL Background Thread 3 ] DEBUG Engine               - fontUI: VarelaRound-Regular.ttf
18:56:05.288 [FXGL Background Thread 3 ] DEBUG Engine               - fullScreen: BooleanProperty [value: false]
18:56:05.288 [FXGL Background Thread 3 ] DEBUG Engine               - gameDifficulty: MEDIUM
18:56:05.288 [FXGL Background Thread 3 ] DEBUG Engine               - gameDifficultyProperty: ObjectProperty [value: MEDIUM]
18:56:05.288 [FXGL Background Thread 3 ] DEBUG Engine               - globalMusicVolume: 0.5
18:56:05.288 [FXGL Background Thread 3 ] DEBUG Engine               - globalMusicVolumeProperty: DoubleProperty [value: 0.5]
18:56:05.288 [FXGL Background Thread 3 ] DEBUG Engine               - globalSoundVolume: 0.5
18:56:05.289 [FXGL Background Thread 3 ] DEBUG Engine               - globalSoundVolumeProperty: DoubleProperty [value: 0.5]
18:56:05.289 [FXGL Background Thread 3 ] DEBUG Engine               - height: 720
18:56:05.289 [FXGL Background Thread 3 ] DEBUG Engine               - is3D: false
18:56:05.289 [FXGL Background Thread 3 ] DEBUG Engine               - isAndroid: false
18:56:05.289 [FXGL Background Thread 3 ] DEBUG Engine               - isBrowser: false
18:56:05.289 [FXGL Background Thread 3 ] DEBUG Engine               - isClickFeedbackEnabled: false
18:56:05.289 [FXGL Background Thread 3 ] DEBUG Engine               - isCloseConfirmation: false
18:56:05.289 [FXGL Background Thread 3 ] DEBUG Engine               - isDesktop: true
18:56:05.289 [FXGL Background Thread 3 ] DEBUG Engine               - isDeveloperMenuEnabled: false
18:56:05.289 [FXGL Background Thread 3 ] DEBUG Engine               - isEmbedded: false
18:56:05.289 [FXGL Background Thread 3 ] DEBUG Engine               - isEntityPreloadEnabled: true
18:56:05.289 [FXGL Background Thread 3 ] DEBUG Engine               - isExperimentalTiledLargeMap: false
18:56:05.289 [FXGL Background Thread 3 ] DEBUG Engine               - isFileSystemWriteAllowed: true
18:56:05.289 [FXGL Background Thread 3 ] DEBUG Engine               - isFullScreenAllowed: false
18:56:05.289 [FXGL Background Thread 3 ] DEBUG Engine               - isFullScreenFromStart: false
18:56:05.290 [FXGL Background Thread 3 ] DEBUG Engine               - isGameMenuEnabled: true
18:56:05.290 [FXGL Background Thread 3 ] DEBUG Engine               - isIOS: false
18:56:05.290 [FXGL Background Thread 3 ] DEBUG Engine               - isIntroEnabled: false
18:56:05.290 [FXGL Background Thread 3 ] DEBUG Engine               - isLinux: false
18:56:05.290 [FXGL Background Thread 3 ] DEBUG Engine               - isMac: true
18:56:05.290 [FXGL Background Thread 3 ] DEBUG Engine               - isMainMenuEnabled: false
18:56:05.290 [FXGL Background Thread 3 ] DEBUG Engine               - isManualResizeEnabled: false
18:56:05.290 [FXGL Background Thread 3 ] DEBUG Engine               - isMobile: false
18:56:05.290 [FXGL Background Thread 3 ] DEBUG Engine               - isNative: false
18:56:05.291 [FXGL Background Thread 3 ] DEBUG Engine               - isPauseMusicWhenMinimized: true
18:56:05.291 [FXGL Background Thread 3 ] DEBUG Engine               - isPreserveResizeRatio: false
18:56:05.291 [FXGL Background Thread 3 ] DEBUG Engine               - isProfilingEnabled: false
18:56:05.291 [FXGL Background Thread 3 ] DEBUG Engine               - isScaleAffectedOnResize: true
18:56:05.291 [FXGL Background Thread 3 ] DEBUG Engine               - isSingleStep: false
18:56:05.291 [FXGL Background Thread 3 ] DEBUG Engine               - isUserProfileEnabled: false
18:56:05.291 [FXGL Background Thread 3 ] DEBUG Engine               - isWindows: false
18:56:05.291 [FXGL Background Thread 3 ] DEBUG Engine               - language: ObjectProperty [value: ENGLISH]
18:56:05.291 [FXGL Background Thread 3 ] DEBUG Engine               - menuKey: ESCAPE
18:56:05.291 [FXGL Background Thread 3 ] DEBUG Engine               - mouseSensitivity: 0.2
18:56:05.291 [FXGL Background Thread 3 ] DEBUG Engine               - notificationViewClass: class com.almasb.fxgl.notification.view.XboxNotificationView
18:56:05.291 [FXGL Background Thread 3 ] DEBUG Engine               - pixelsPerMeter: 50.0
18:56:05.292 [FXGL Background Thread 3 ] DEBUG Engine               - platform: MAC
18:56:05.292 [FXGL Background Thread 3 ] DEBUG Engine               - prefHeightProperty: ReadOnlyDoubleProperty [value: 720.0]
18:56:05.292 [FXGL Background Thread 3 ] DEBUG Engine               - prefWidthProperty: ReadOnlyDoubleProperty [value: 960.0]
18:56:05.292 [FXGL Background Thread 3 ] DEBUG Engine               - profileDir: profiles/
18:56:05.292 [FXGL Background Thread 3 ] DEBUG Engine               - profileName: StringProperty [value: DEFAULT]
18:56:05.292 [FXGL Background Thread 3 ] DEBUG Engine               - randomSeed: -1
18:56:05.292 [FXGL Background Thread 3 ] DEBUG Engine               - runtimeInfo: RuntimeInfo(platform=MAC, version=17.3, build=30.03.2023 11.49)
18:56:05.292 [FXGL Background Thread 3 ] DEBUG Engine               - saveFileExt: sav
18:56:05.292 [FXGL Background Thread 3 ] DEBUG Engine               - scaledHeightProp$fxgl: DoubleProperty [bound, value: 720.0]
18:56:05.292 [FXGL Background Thread 3 ] DEBUG Engine               - scaledWidthProp$fxgl: DoubleProperty [bound, value: 960.0]
18:56:05.293 [FXGL Background Thread 3 ] DEBUG Engine               - sceneFactory: com.almasb.fxgl.app.scene.SceneFactory@7147ab5f
18:56:05.293 [FXGL Background Thread 3 ] DEBUG Engine               - secondsIn24h: 60
18:56:05.293 [FXGL Background Thread 3 ] DEBUG Engine               - soundMenuBack: menu/back.wav
18:56:05.293 [FXGL Background Thread 3 ] DEBUG Engine               - soundMenuPress: menu/press.wav
18:56:05.293 [FXGL Background Thread 3 ] DEBUG Engine               - soundMenuSelect: menu/select.wav
18:56:05.293 [FXGL Background Thread 3 ] DEBUG Engine               - soundNotification: core/notification.wav
18:56:05.293 [FXGL Background Thread 3 ] DEBUG Engine               - stageStyle: DECORATED
18:56:05.293 [FXGL Background Thread 3 ] DEBUG Engine               - supportedLanguages: [ENGLISH, FRENCH, GERMAN, HUNGARIAN, RUSSIAN]
18:56:05.293 [FXGL Background Thread 3 ] DEBUG Engine               - ticksPerSecond: -1
18:56:05.293 [FXGL Background Thread 3 ] DEBUG Engine               - title: Akanov-an225
18:56:05.293 [FXGL Background Thread 3 ] DEBUG Engine               - urlGithub: https://github.com/AlmasB/FXGL
18:56:05.293 [FXGL Background Thread 3 ] DEBUG Engine               - urlLeaderboard: http://fxgl-top.herokuapp.com/
18:56:05.293 [FXGL Background Thread 3 ] DEBUG Engine               - urlPOM: https://raw.githubusercontent.com/AlmasB/FXGL/release/README.md
18:56:05.293 [FXGL Background Thread 3 ] DEBUG Engine               - userAppClass: class view.Launch
18:56:05.293 [FXGL Background Thread 3 ] DEBUG Engine               - version: 0.2
18:56:05.293 [FXGL Background Thread 3 ] DEBUG Engine               - versionCheckDays: 7
18:56:05.294 [FXGL Background Thread 3 ] DEBUG Engine               - width: 960
18:56:05.294 [FXGL Background Thread 3 ] DEBUG Engine               - Logging services
18:56:05.294 [FXGL Background Thread 3 ] DEBUG Engine               - class com.almasb.fxgl.app.services.FXGLAssetLoaderService
18:56:05.294 [FXGL Background Thread 3 ] DEBUG Engine               - class com.almasb.fxgl.app.FXGLApplication$GameApplicationService
18:56:05.294 [FXGL Background Thread 3 ] DEBUG Engine               - class com.almasb.fxgl.app.services.FXGLDialogService
18:56:05.294 [FXGL Background Thread 3 ] DEBUG Engine               - class com.almasb.fxgl.app.services.IOTaskExecutorService
18:56:05.294 [FXGL Background Thread 3 ] DEBUG Engine               - class com.almasb.fxgl.io.FileSystemService
18:56:05.294 [FXGL Background Thread 3 ] DEBUG Engine               - class com.almasb.fxgl.localization.LocalizationService
18:56:05.294 [FXGL Background Thread 3 ] DEBUG Engine               - class com.almasb.fxgl.app.services.SystemBundleService
18:56:05.294 [FXGL Background Thread 3 ] DEBUG Engine               - class com.almasb.fxgl.profile.SaveLoadService
18:56:05.294 [FXGL Background Thread 3 ] DEBUG Engine               - class com.almasb.fxgl.ui.FXGLUIFactoryServiceProvider
18:56:05.294 [FXGL Background Thread 3 ] DEBUG Engine               - class com.almasb.fxgl.ui.FXGLDialogFactoryServiceProvider
18:56:05.294 [FXGL Background Thread 3 ] DEBUG Engine               - class com.almasb.fxgl.audio.AudioPlayer
18:56:05.294 [FXGL Background Thread 3 ] DEBUG Engine               - class com.almasb.fxgl.notification.impl.NotificationServiceProvider
18:56:05.294 [FXGL Background Thread 3 ] DEBUG Engine               - class com.almasb.fxgl.achievement.AchievementService
18:56:05.294 [FXGL Background Thread 3 ] DEBUG Engine               - class com.almasb.fxgl.cutscene.CutsceneService
18:56:05.294 [FXGL Background Thread 3 ] DEBUG Engine               - class com.almasb.fxgl.minigames.MiniGameService
18:56:05.294 [FXGL Background Thread 3 ] DEBUG Engine               - class com.almasb.fxgl.net.NetService
18:56:05.294 [FXGL Background Thread 3 ] DEBUG Engine               - class com.almasb.fxgl.app.services.UpdaterService
18:56:05.294 [FXGL Background Thread 3 ] DEBUG Engine               - class com.almasb.fxgl.dev.DevService
18:56:08.965 [JavaFX Application Thread] DEBUG FXGLApplication      - Exiting FXGL
18:56:08.965 [JavaFX Application Thread] DEBUG LoopRunner           - Stopping loop
18:56:08.965 [JavaFX Application Thread] DEBUG SystemBundleService  - Saving FXGL system data
18:56:08.967 [JavaFX Application Thread] DEBUG FileSystemAccess     - Writing to: /Users/huyle/Documents/UET/year2/ki1/OOP/BTL/demo1/system/fxgl.bundle
18:56:08.969 [JavaFX Application Thread] DEBUG Async                - Shutting down background threads
18:56:08.969 [JavaFX Application Thread] DEBUG PrimaryStageWindow   - Closing main window
18:56:08.977 [JavaFX Application Thread] DEBUG Logger               - Closing Logger
