19:50:00.100 [main                     ] DEBUG Logger               - Configured Logger
19:50:00.109 [main                     ] DEBUG GameApplication      - Logging settings
Title: Akanov-an225
Version: 0.1
Width: 800
Height: 600
Fullscreen: false
Intro: false
Profiling: false
Single step:false
App Mode: DEVELOPER
Menu Key: ESCAPE
Stage Style: DECORATED
Scene Factory: class com.almasb.fxgl.app.scene.SceneFactory

19:50:00.730 [JavaFX Application Thread] DEBUG FXGLApplication      - Initializing FXGL
19:50:00.740 [JavaFX Application Thread] INFO  Engine               - FXGL-17.3 (30.03.2023 11.49) on WINDOWS (J:24.0.2 FX:21.0.6)
19:50:00.741 [JavaFX Application Thread] DEBUG Engine               - JRE Vendor Name: Oracle Corporation
19:50:00.741 [JavaFX Application Thread] DEBUG Engine               - Running on OS: Windows 11 version 10.0
19:50:00.742 [JavaFX Application Thread] DEBUG Engine               - Architecture: amd64
19:50:00.742 [JavaFX Application Thread] INFO  Engine               - Source code and latest versions at: https://github.com/AlmasB/FXGL
19:50:00.742 [JavaFX Application Thread] INFO  Engine               -       Ask questions and discuss at: https://github.com/AlmasB/FXGL/discussions
19:50:00.742 [JavaFX Application Thread] INFO  Engine               -              Join the FXGL chat at: https://gitter.im/AlmasB/FXGL
19:50:00.859 [JavaFX Application Thread] DEBUG PrimaryStageWindow   - Creating a JavaFX scene
19:50:00.914 [JavaFX Application Thread] DEBUG PrimaryStageWindow   - Target settings size: 800.0 x 600.0
19:50:00.914 [JavaFX Application Thread] DEBUG PrimaryStageWindow   - Scaled scene size:    800.0 x 600.0
19:50:00.915 [JavaFX Application Thread] DEBUG PrimaryStageWindow   - Scaled ratio: (1.0, 1.0)
19:50:00.916 [JavaFX Application Thread] DEBUG PrimaryStageWindow   - Set initial scene to FXGLStartupScene
19:50:00.920 [JavaFX Application Thread] DEBUG PrimaryStageWindow   - Opening main window
19:50:01.071 [JavaFX Application Thread] DEBUG PrimaryStageWindow   - Window border size: (14.66668701171875, 37.33331298828125)
19:50:01.072 [JavaFX Application Thread] DEBUG PrimaryStageWindow   - Scaled size: 800.0 x 600.0
19:50:01.072 [JavaFX Application Thread] DEBUG PrimaryStageWindow   - Scaled ratio: (1.0, 1.0)
19:50:01.072 [JavaFX Application Thread] DEBUG PrimaryStageWindow   - Scene size: 800.0 x 600.0
19:50:01.072 [JavaFX Application Thread] DEBUG PrimaryStageWindow   - Stage size: 814.6666870117188 x 637.3333129882812
19:50:01.079 [FXGL Background Thread 1 ] DEBUG Engine               - Initializing environment variables
19:50:01.129 [FXGL Background Thread 1 ] DEBUG FXGLAssetLoaderServi - User app class for loading assets: class view.Launch
19:50:01.129 [FXGL Background Thread 1 ] DEBUG GameApplicationServi - Applying CSS: fxgl_dark.css
19:50:01.130 [FXGL Background Thread 1 ] DEBUG FXGLAssetLoaderServi - Loading from file system: jar:file:///C:/Users/DELL/.m2/repository/com/github/almasb/fxgl/17.3/fxgl-17.3.jar!/fxglassets/ui/css/fxgl_dark.css
19:50:01.165 [FXGL Background Thread 1 ] DEBUG GameApplicationServi - Initializing application scenes
19:50:01.208 [FXGL Background Thread 1 ] DEBUG GameWorld            - Game world initialized
19:50:01.256 [FXGL Background Thread 1 ] DEBUG PhysicsWorld         - Physics world initialized: appHeight=600, physics.ppm=50.0
19:50:01.256 [FXGL Background Thread 1 ] DEBUG PhysicsWorld         - Using strategy: BRUTE_FORCE
19:50:01.260 [FXGL Background Thread 1 ] DEBUG GameScene            - Game scene initialized: 800x600
19:50:01.268 [FXGL Background Thread 1 ] DEBUG FXGL.DefaultMenu     - createMenuBodyGameMenu()
19:50:01.281 [FXGL Background Thread 1 ] DEBUG FXGL.DefaultMenu     - createOptionsMenu()
19:50:01.289 [FXGL Background Thread 1 ] DEBUG FXGLAssetLoaderServi - Loading from file system: jar:file:///C:/Users/DELL/.m2/repository/com/github/almasb/fxgl/17.3/fxgl-17.3.jar!/fxglassets/textures/particles/smoke.png
19:50:01.377 [FXGL Background Thread 1 ] DEBUG FXGLAssetLoaderServi - Loading from file system: jar:file:///C:/Users/DELL/.m2/repository/com/github/almasb/fxgl/17.3/fxgl-17.3.jar!/fxglassets/textures/particles/trace_horizontal.png
19:50:01.399 [FXGL Background Thread 1 ] DEBUG GameApplicationServi - Application scenes initialized
19:50:01.409 [FXGL Background Thread 1 ] DEBUG SystemBundleService  - Loading FXGL system data
19:50:01.410 [FXGL Background Thread 1 ] DEBUG FileSystemAccess     - Reading from: D:\akanov-an225\system\fxgl.bundle
19:50:01.412 [FXGL Background Thread 1 ] DEBUG SystemBundleService  - Bundle FXGL: {}
19:50:01.413 [FXGL Background Thread 1 ] DEBUG UpdaterService       - Checking for updates
19:50:01.417 [FXGL Background Thread 4 ] DEBUG FXGLApplication      - Loading fonts
19:50:01.417 [FXGL Background Thread 4 ] DEBUG FXGLAssetLoaderServi - Loading from file system: jar:file:///C:/Users/DELL/.m2/repository/com/github/almasb/fxgl/17.3/fxgl-17.3.jar!/fxglassets/ui/fonts/VarelaRound-Regular.ttf
19:50:01.417 [FXGL Background Thread 1 ] DEBUG FXGLApplication      - Loading default localization
19:50:01.417 [FXGL Background Thread 1 ] DEBUG FXGLAssetLoaderServi - Loading from file system: jar:file:///C:/Users/DELL/.m2/repository/com/github/almasb/fxgl/17.3/fxgl-17.3.jar!/fxglassets/languages/english.lang
19:50:01.431 [FXGL Background Thread 4 ] DEBUG FXGLAssetLoaderServi - Loading from file system: jar:file:///C:/Users/DELL/.m2/repository/com/github/almasb/fxgl/17.3/fxgl-17.3.jar!/fxglassets/ui/fonts/Abel-Regular.ttf
19:50:01.434 [FXGL Background Thread 4 ] DEBUG FXGLAssetLoaderServi - Loading from file system: jar:file:///C:/Users/DELL/.m2/repository/com/github/almasb/fxgl/17.3/fxgl-17.3.jar!/fxglassets/ui/fonts/TerminalLandMono-Regular.otf
19:50:01.437 [FXGL Background Thread 1 ] INFO  FXGLApplication      - FXGL initialization took: 0.358 sec
19:50:01.437 [FXGL Background Thread 4 ] DEBUG FXGLAssetLoaderServi - Loading from file system: jar:file:///C:/Users/DELL/.m2/repository/com/github/almasb/fxgl/17.3/fxgl-17.3.jar!/fxglassets/ui/fonts/Courier-Prime.ttf
19:50:01.438 [JavaFX Application Thread] DEBUG FXGLAssetLoaderServi - Loading from file system: jar:file:///C:/Users/DELL/.m2/repository/com/github/almasb/fxgl/17.3/fxgl-17.3.jar!/fxglassets/textures/fxgl_icon.png
19:50:01.458 [JavaFX Application Thread] DEBUG FXGLAssetLoaderServi - Loading from file system: jar:file:///C:/Users/DELL/.m2/repository/com/github/almasb/fxgl/17.3/fxgl-17.3.jar!/fxglassets/textures/fxgl_default_cursor.png
19:50:01.473 [JavaFX Application Thread] DEBUG Input                - Registered new binding: Screenshot - CTRL+8
19:50:01.474 [JavaFX Application Thread] DEBUG Input                - Registered new binding: System info dump - CTRL+9
19:50:01.474 [JavaFX Application Thread] DEBUG Input                - Registered new binding: Restart - CTRL+R
19:50:01.474 [JavaFX Application Thread] DEBUG Input                - Registered new binding: Toggle Debug Camera - CTRL+7
19:50:01.478 [JavaFX Application Thread] DEBUG LoopRunner           - Starting loop
19:50:01.478 [JavaFX Application Thread] DEBUG LoopRunner           - Initializing JavaFX AnimationTimerLoop
19:50:01.479 [JavaFX Application Thread] DEBUG GameApplicationServi - Starting new game
19:50:01.480 [JavaFX Application Thread] DEBUG Input                - Clearing active input actions
19:50:01.489 [JavaFX Application Thread] DEBUG GameApplicationServi - Removing overlay from FXGLStartupScene and adding to FXGLLoadingScene
19:50:01.490 [JavaFX Application Thread] DEBUG PrimaryStageWindow   - FXGLStartupScene -> FXGLLoadingScene
19:50:01.490 [JavaFX Application Thread] DEBUG GameApplicationServi - Clearing previous game
19:50:01.490 [JavaFX Application Thread] DEBUG GameScene            - Clearing game scene
19:50:01.490 [JavaFX Application Thread] DEBUG GameWorld            - Clearing game world
19:50:01.490 [JavaFX Application Thread] DEBUG PhysicsWorld         - Clearing physics world
19:50:01.492 [JavaFX Application Thread] DEBUG FXGLApplication      - Registering font factories with UI factory
19:50:01.492 [FXGL Background Thread 4 ] DEBUG FXGLApplication      - Initializing game
19:50:01.495 [FXGL Background Thread 4 ] WARN  Entity               - Entity already has component: com.almasb.fxgl.entity.components.BoundingBoxComponent
19:50:01.509 [FXGL Background Thread 4 ] INFO  FXGLApplication      - Game initialization took: 0.018 sec
19:50:01.532 [JavaFX Application Thread] DEBUG Input                - Clearing active input actions
19:50:01.538 [JavaFX Application Thread] DEBUG GameApplicationServi - Removing overlay from FXGLLoadingScene and adding to GameScene
19:50:01.538 [JavaFX Application Thread] DEBUG PrimaryStageWindow   - FXGLLoadingScene -> GameScene
19:50:02.762 [JavaFX Application Thread] DEBUG FXGLApplication      - Exiting FXGL
19:50:02.762 [JavaFX Application Thread] DEBUG LoopRunner           - Stopping loop
19:50:02.762 [JavaFX Application Thread] DEBUG SystemBundleService  - Saving FXGL system data
19:50:02.764 [JavaFX Application Thread] DEBUG FileSystemAccess     - Writing to: D:\akanov-an225\system\fxgl.bundle
19:50:02.767 [JavaFX Application Thread] DEBUG Async                - Shutting down background threads
19:50:02.767 [JavaFX Application Thread] DEBUG PrimaryStageWindow   - Closing main window
19:50:02.774 [FXGL Background Thread 2 ] INFO  UpdaterService       - Your current version:  17.3
19:50:02.775 [FXGL Background Thread 2 ] INFO  UpdaterService       - Latest stable version: 21.1
19:50:02.782 [JavaFX Application Thread] DEBUG Logger               - Closing Logger
