07:48:41.334 [main                     ] DEBUG Logger               - Configured Logger
07:48:41.346 [main                     ] DEBUG GameApplication      - Logging settings
Title: Akanov-an225
Version: 0.1
Width: 800
Height: 600
Fullscreen: false
Intro: false
Profiling: false
Single step:false
App Mode: DEVELOPER
Menu Key: ESCAPE
Stage Style: DECORATED
Scene Factory: class com.almasb.fxgl.app.scene.SceneFactory

07:48:41.752 [JavaFX Application Thread] DEBUG FXGLApplication      - Initializing FXGL
07:48:41.756 [JavaFX Application Thread] INFO  Engine               - FXGL-17.3 (30.03.2023 11.49) on WINDOWS (J:24.0.2 FX:21.0.6)
07:48:41.757 [JavaFX Application Thread] DEBUG Engine               - JRE Vendor Name: Oracle Corporation
07:48:41.757 [JavaFX Application Thread] DEBUG Engine               - Running on OS: Windows 11 version 10.0
07:48:41.757 [JavaFX Application Thread] DEBUG Engine               - Architecture: amd64
07:48:41.757 [JavaFX Application Thread] INFO  Engine               - Source code and latest versions at: https://github.com/AlmasB/FXGL
07:48:41.757 [JavaFX Application Thread] INFO  Engine               -       Ask questions and discuss at: https://github.com/AlmasB/FXGL/discussions
07:48:41.757 [JavaFX Application Thread] INFO  Engine               -              Join the FXGL chat at: https://gitter.im/AlmasB/FXGL
07:48:41.871 [JavaFX Application Thread] DEBUG PrimaryStageWindow   - Creating a JavaFX scene
07:48:41.948 [JavaFX Application Thread] DEBUG PrimaryStageWindow   - Target settings size: 800.0 x 600.0
07:48:41.948 [JavaFX Application Thread] DEBUG PrimaryStageWindow   - Scaled scene size:    800.0 x 600.0
07:48:41.948 [JavaFX Application Thread] DEBUG PrimaryStageWindow   - Scaled ratio: (1.0, 1.0)
07:48:41.949 [JavaFX Application Thread] DEBUG PrimaryStageWindow   - Set initial scene to FXGLStartupScene
07:48:41.953 [JavaFX Application Thread] DEBUG PrimaryStageWindow   - Opening main window
07:48:42.077 [JavaFX Application Thread] DEBUG PrimaryStageWindow   - Window border size: (14.66668701171875, 37.33331298828125)
07:48:42.077 [JavaFX Application Thread] DEBUG PrimaryStageWindow   - Scaled size: 800.0 x 600.0
07:48:42.077 [JavaFX Application Thread] DEBUG PrimaryStageWindow   - Scaled ratio: (1.0, 1.0)
07:48:42.078 [JavaFX Application Thread] DEBUG PrimaryStageWindow   - Scene size: 800.0 x 600.0
07:48:42.078 [JavaFX Application Thread] DEBUG PrimaryStageWindow   - Stage size: 814.6666870117188 x 637.3333129882812
07:48:42.090 [FXGL Background Thread 1 ] DEBUG Engine               - Initializing environment variables
07:48:42.183 [FXGL Background Thread 1 ] DEBUG FXGLAssetLoaderServi - User app class for loading assets: class view.Launch
07:48:42.183 [FXGL Background Thread 1 ] DEBUG GameApplicationServi - Applying CSS: fxgl_dark.css
07:48:42.184 [FXGL Background Thread 1 ] DEBUG FXGLAssetLoaderServi - Loading from file system: jar:file:///C:/Users/DELL/.m2/repository/com/github/almasb/fxgl/17.3/fxgl-17.3.jar!/fxglassets/ui/css/fxgl_dark.css
07:48:42.254 [FXGL Background Thread 1 ] DEBUG GameApplicationServi - Initializing application scenes
07:48:42.308 [FXGL Background Thread 1 ] DEBUG GameWorld            - Game world initialized
07:48:42.400 [FXGL Background Thread 1 ] DEBUG PhysicsWorld         - Physics world initialized: appHeight=600, physics.ppm=50.0
07:48:42.400 [FXGL Background Thread 1 ] DEBUG PhysicsWorld         - Using strategy: BRUTE_FORCE
07:48:42.406 [FXGL Background Thread 1 ] DEBUG GameScene            - Game scene initialized: 800x600
07:48:42.425 [FXGL Background Thread 1 ] DEBUG FXGL.DefaultMenu     - createMenuBodyGameMenu()
07:48:42.447 [FXGL Background Thread 1 ] DEBUG FXGL.DefaultMenu     - createOptionsMenu()
07:48:42.460 [FXGL Background Thread 1 ] DEBUG FXGLAssetLoaderServi - Loading from file system: jar:file:///C:/Users/DELL/.m2/repository/com/github/almasb/fxgl/17.3/fxgl-17.3.jar!/fxglassets/textures/particles/smoke.png
07:48:42.589 [FXGL Background Thread 1 ] DEBUG FXGLAssetLoaderServi - Loading from file system: jar:file:///C:/Users/DELL/.m2/repository/com/github/almasb/fxgl/17.3/fxgl-17.3.jar!/fxglassets/textures/particles/trace_horizontal.png
07:48:42.630 [FXGL Background Thread 1 ] DEBUG GameApplicationServi - Application scenes initialized
07:48:42.645 [FXGL Background Thread 1 ] DEBUG SystemBundleService  - Loading FXGL system data
07:48:42.651 [FXGL Background Thread 1 ] DEBUG FileSystemAccess     - Reading from: D:\akanov-an225\system\fxgl.bundle
07:48:42.660 [FXGL Background Thread 1 ] DEBUG SystemBundleService  - Bundle FXGL: {}
07:48:42.660 [FXGL Background Thread 1 ] DEBUG UpdaterService       - Checking for updates
07:48:42.666 [FXGL Background Thread 4 ] DEBUG FXGLApplication      - Loading fonts
07:48:42.667 [FXGL Background Thread 4 ] DEBUG FXGLAssetLoaderServi - Loading from file system: jar:file:///C:/Users/DELL/.m2/repository/com/github/almasb/fxgl/17.3/fxgl-17.3.jar!/fxglassets/ui/fonts/VarelaRound-Regular.ttf
07:48:42.668 [FXGL Background Thread 1 ] DEBUG FXGLApplication      - Loading default localization
07:48:42.668 [FXGL Background Thread 1 ] DEBUG FXGLAssetLoaderServi - Loading from file system: jar:file:///C:/Users/DELL/.m2/repository/com/github/almasb/fxgl/17.3/fxgl-17.3.jar!/fxglassets/languages/english.lang
07:48:42.694 [FXGL Background Thread 1 ] INFO  FXGLApplication      - FXGL initialization took: 0.604 sec
07:48:42.712 [JavaFX Application Thread] DEBUG Input                - Registered new binding: action0 - Left
07:48:42.716 [JavaFX Application Thread] DEBUG Input                - Registered new binding: action1 - Right
07:48:42.716 [JavaFX Application Thread] DEBUG FXGLAssetLoaderServi - Loading from file system: jar:file:///C:/Users/DELL/.m2/repository/com/github/almasb/fxgl/17.3/fxgl-17.3.jar!/fxglassets/textures/fxgl_icon.png
07:48:42.743 [JavaFX Application Thread] DEBUG FXGLAssetLoaderServi - Loading from file system: jar:file:///C:/Users/DELL/.m2/repository/com/github/almasb/fxgl/17.3/fxgl-17.3.jar!/fxglassets/textures/fxgl_default_cursor.png
07:48:42.746 [JavaFX Application Thread] DEBUG Input                - Registered new binding: Screenshot - CTRL+8
07:48:42.747 [JavaFX Application Thread] DEBUG Input                - Registered new binding: System info dump - CTRL+9
07:48:42.747 [JavaFX Application Thread] DEBUG Input                - Registered new binding: Restart - CTRL+R
07:48:42.748 [JavaFX Application Thread] DEBUG Input                - Registered new binding: Toggle Debug Camera - CTRL+7
07:48:42.752 [FXGL Background Thread 4 ] DEBUG FXGLAssetLoaderServi - Loading from file system: jar:file:///C:/Users/DELL/.m2/repository/com/github/almasb/fxgl/17.3/fxgl-17.3.jar!/fxglassets/ui/fonts/Abel-Regular.ttf
07:48:42.758 [FXGL Background Thread 4 ] DEBUG FXGLAssetLoaderServi - Loading from file system: jar:file:///C:/Users/DELL/.m2/repository/com/github/almasb/fxgl/17.3/fxgl-17.3.jar!/fxglassets/ui/fonts/TerminalLandMono-Regular.otf
07:48:42.760 [JavaFX Application Thread] DEBUG LoopRunner           - Starting loop
07:48:42.760 [JavaFX Application Thread] DEBUG LoopRunner           - Initializing JavaFX AnimationTimerLoop
07:48:42.762 [JavaFX Application Thread] DEBUG GameApplicationServi - Starting new game
07:48:42.763 [JavaFX Application Thread] DEBUG Input                - Clearing active input actions
07:48:42.764 [FXGL Background Thread 4 ] DEBUG FXGLAssetLoaderServi - Loading from file system: jar:file:///C:/Users/DELL/.m2/repository/com/github/almasb/fxgl/17.3/fxgl-17.3.jar!/fxglassets/ui/fonts/Courier-Prime.ttf
07:48:42.776 [JavaFX Application Thread] DEBUG GameApplicationServi - Removing overlay from FXGLStartupScene and adding to FXGLLoadingScene
07:48:42.777 [JavaFX Application Thread] DEBUG PrimaryStageWindow   - FXGLStartupScene -> FXGLLoadingScene
07:48:42.777 [JavaFX Application Thread] DEBUG GameApplicationServi - Clearing previous game
07:48:42.777 [JavaFX Application Thread] DEBUG GameScene            - Clearing game scene
07:48:42.777 [JavaFX Application Thread] DEBUG GameWorld            - Clearing game world
07:48:42.777 [JavaFX Application Thread] DEBUG PhysicsWorld         - Clearing physics world
07:48:42.779 [FXGL Background Thread 4 ] DEBUG FXGLApplication      - Initializing game
07:48:42.784 [FXGL Background Thread 4 ] WARN  Entity               - Entity already has component: com.almasb.fxgl.entity.components.BoundingBoxComponent
07:48:42.820 [FXGL Background Thread 4 ] INFO  FXGLApplication      - Game initialization took: 0.041 sec
07:48:42.841 [JavaFX Application Thread] DEBUG FXGLApplication      - Registering font factories with UI factory
07:48:42.844 [JavaFX Application Thread] DEBUG Input                - Clearing active input actions
07:48:42.855 [JavaFX Application Thread] DEBUG GameApplicationServi - Removing overlay from FXGLLoadingScene and adding to GameScene
07:48:42.856 [JavaFX Application Thread] DEBUG PrimaryStageWindow   - FXGLLoadingScene -> GameScene
07:48:43.298 [FXGL Background Thread 2 ] INFO  UpdaterService       - Your current version:  17.3
07:48:43.299 [FXGL Background Thread 2 ] INFO  UpdaterService       - Latest stable version: 21.1
07:48:45.665 [FXGL Background Thread 3 ] DEBUG Engine               - Logging environment variables
07:48:45.666 [FXGL Background Thread 3 ] DEBUG Engine               - achievements: []
07:48:45.666 [FXGL Background Thread 3 ] DEBUG Engine               - actualHeight: 600.0
07:48:45.667 [FXGL Background Thread 3 ] DEBUG Engine               - actualHeightProperty: ReadOnlyDoubleProperty [value: 600.0]
07:48:45.667 [FXGL Background Thread 3 ] DEBUG Engine               - actualWidth: 800.0
07:48:45.667 [FXGL Background Thread 3 ] DEBUG Engine               - actualWidthProperty: ReadOnlyDoubleProperty [value: 800.0]
07:48:45.667 [FXGL Background Thread 3 ] DEBUG Engine               - appIcon: fxgl_icon.png
07:48:45.667 [FXGL Background Thread 3 ] DEBUG Engine               - applicationMode: DEVELOPER
07:48:45.667 [FXGL Background Thread 3 ] DEBUG Engine               - cSSList: [fxgl_dark.css]
07:48:45.667 [FXGL Background Thread 3 ] DEBUG Engine               - collisionDetectionStrategy: BRUTE_FORCE
07:48:45.667 [FXGL Background Thread 3 ] DEBUG Engine               - configClass: Optional.empty
07:48:45.667 [FXGL Background Thread 3 ] DEBUG Engine               - credits: []
07:48:45.668 [FXGL Background Thread 3 ] DEBUG Engine               - defaultCursor: CursorInfo(imageName=fxgl_default_cursor.png, hotspotX=7.0, hotspotY=6.0)
07:48:45.668 [FXGL Background Thread 3 ] DEBUG Engine               - devBBoxColorProperty: ObjectProperty [value: 0xff0000ff]
07:48:45.670 [FXGL Background Thread 3 ] DEBUG Engine               - devEnableDebugCameraProperty: BooleanProperty [value: false]
07:48:45.670 [FXGL Background Thread 3 ] DEBUG Engine               - devSensorColorProperty: ObjectProperty [value: 0xffff00ff]
07:48:45.670 [FXGL Background Thread 3 ] DEBUG Engine               - devShowBBoxProperty: BooleanProperty [value: false]
07:48:45.670 [FXGL Background Thread 3 ] DEBUG Engine               - devShowPositionProperty: BooleanProperty [value: false]
07:48:45.670 [FXGL Background Thread 3 ] DEBUG Engine               - enabledMenuItems: []
07:48:45.670 [FXGL Background Thread 3 ] DEBUG Engine               - engineServices: [class com.almasb.fxgl.app.services.FXGLAssetLoaderService, class com.almasb.fxgl.app.FXGLApplication$GameApplicationService, class com.almasb.fxgl.app.services.FXGLDialogService, class com.almasb.fxgl.app.services.IOTaskExecutorService, class com.almasb.fxgl.io.FileSystemService, class com.almasb.fxgl.localization.LocalizationService, class com.almasb.fxgl.app.services.SystemBundleService, class com.almasb.fxgl.profile.SaveLoadService, class com.almasb.fxgl.ui.FXGLUIFactoryServiceProvider, class com.almasb.fxgl.ui.FXGLDialogFactoryServiceProvider, class com.almasb.fxgl.audio.AudioPlayer, class com.almasb.fxgl.notification.impl.NotificationServiceProvider, class com.almasb.fxgl.achievement.AchievementService, class com.almasb.fxgl.cutscene.CutsceneService, class com.almasb.fxgl.minigames.MiniGameService, class com.almasb.fxgl.net.NetService, class com.almasb.fxgl.app.services.UpdaterService, class com.almasb.fxgl.dev.DevService]
07:48:45.670 [FXGL Background Thread 3 ] DEBUG Engine               - fontGame: Abel-Regular.ttf
07:48:45.670 [FXGL Background Thread 3 ] DEBUG Engine               - fontMono: TerminalLandMono-Regular.otf
07:48:45.670 [FXGL Background Thread 3 ] DEBUG Engine               - fontSizeScaleUI: 1.0
07:48:45.670 [FXGL Background Thread 3 ] DEBUG Engine               - fontText: Courier-Prime.ttf
07:48:45.671 [FXGL Background Thread 3 ] DEBUG Engine               - fontUI: VarelaRound-Regular.ttf
07:48:45.671 [FXGL Background Thread 3 ] DEBUG Engine               - fullScreen: BooleanProperty [value: false]
07:48:45.671 [FXGL Background Thread 3 ] DEBUG Engine               - gameDifficulty: MEDIUM
07:48:45.671 [FXGL Background Thread 3 ] DEBUG Engine               - gameDifficultyProperty: ObjectProperty [value: MEDIUM]
07:48:45.671 [FXGL Background Thread 3 ] DEBUG Engine               - globalMusicVolume: 0.5
07:48:45.671 [FXGL Background Thread 3 ] DEBUG Engine               - globalMusicVolumeProperty: DoubleProperty [value: 0.5]
07:48:45.671 [FXGL Background Thread 3 ] DEBUG Engine               - globalSoundVolume: 0.5
07:48:45.671 [FXGL Background Thread 3 ] DEBUG Engine               - globalSoundVolumeProperty: DoubleProperty [value: 0.5]
07:48:45.671 [FXGL Background Thread 3 ] DEBUG Engine               - height: 600
07:48:45.671 [FXGL Background Thread 3 ] DEBUG Engine               - is3D: false
07:48:45.671 [FXGL Background Thread 3 ] DEBUG Engine               - isAndroid: false
07:48:45.671 [FXGL Background Thread 3 ] DEBUG Engine               - isBrowser: false
07:48:45.671 [FXGL Background Thread 3 ] DEBUG Engine               - isClickFeedbackEnabled: false
07:48:45.671 [FXGL Background Thread 3 ] DEBUG Engine               - isCloseConfirmation: false
07:48:45.672 [FXGL Background Thread 3 ] DEBUG Engine               - isDesktop: true
07:48:45.672 [FXGL Background Thread 3 ] DEBUG Engine               - isDeveloperMenuEnabled: false
07:48:45.672 [FXGL Background Thread 3 ] DEBUG Engine               - isEmbedded: false
07:48:45.672 [FXGL Background Thread 3 ] DEBUG Engine               - isEntityPreloadEnabled: true
07:48:45.672 [FXGL Background Thread 3 ] DEBUG Engine               - isExperimentalTiledLargeMap: false
07:48:45.672 [FXGL Background Thread 3 ] DEBUG Engine               - isFileSystemWriteAllowed: true
07:48:45.672 [FXGL Background Thread 3 ] DEBUG Engine               - isFullScreenAllowed: false
07:48:45.672 [FXGL Background Thread 3 ] DEBUG Engine               - isFullScreenFromStart: false
07:48:45.672 [FXGL Background Thread 3 ] DEBUG Engine               - isGameMenuEnabled: true
07:48:45.672 [FXGL Background Thread 3 ] DEBUG Engine               - isIOS: false
07:48:45.672 [FXGL Background Thread 3 ] DEBUG Engine               - isIntroEnabled: false
07:48:45.672 [FXGL Background Thread 3 ] DEBUG Engine               - isLinux: false
07:48:45.673 [FXGL Background Thread 3 ] DEBUG Engine               - isMac: false
07:48:45.673 [FXGL Background Thread 3 ] DEBUG Engine               - isMainMenuEnabled: false
07:48:45.673 [FXGL Background Thread 3 ] DEBUG Engine               - isManualResizeEnabled: false
07:48:45.673 [FXGL Background Thread 3 ] DEBUG Engine               - isMobile: false
07:48:45.673 [FXGL Background Thread 3 ] DEBUG Engine               - isNative: false
07:48:45.673 [FXGL Background Thread 3 ] DEBUG Engine               - isPauseMusicWhenMinimized: true
07:48:45.673 [FXGL Background Thread 3 ] DEBUG Engine               - isPreserveResizeRatio: false
07:48:45.673 [FXGL Background Thread 3 ] DEBUG Engine               - isProfilingEnabled: false
07:48:45.673 [FXGL Background Thread 3 ] DEBUG Engine               - isScaleAffectedOnResize: true
07:48:45.674 [FXGL Background Thread 3 ] DEBUG Engine               - isSingleStep: false
07:48:45.674 [FXGL Background Thread 3 ] DEBUG Engine               - isUserProfileEnabled: false
07:48:45.674 [FXGL Background Thread 3 ] DEBUG Engine               - isWindows: true
07:48:45.674 [FXGL Background Thread 3 ] DEBUG Engine               - language: ObjectProperty [value: ENGLISH]
07:48:45.674 [FXGL Background Thread 3 ] DEBUG Engine               - menuKey: ESCAPE
07:48:45.674 [FXGL Background Thread 3 ] DEBUG Engine               - mouseSensitivity: 0.2
07:48:45.674 [FXGL Background Thread 3 ] DEBUG Engine               - notificationViewClass: class com.almasb.fxgl.notification.view.XboxNotificationView
07:48:45.674 [FXGL Background Thread 3 ] DEBUG Engine               - pixelsPerMeter: 50.0
07:48:45.674 [FXGL Background Thread 3 ] DEBUG Engine               - platform: WINDOWS
07:48:45.674 [FXGL Background Thread 3 ] DEBUG Engine               - prefHeightProperty: ReadOnlyDoubleProperty [value: 600.0]
07:48:45.674 [FXGL Background Thread 3 ] DEBUG Engine               - prefWidthProperty: ReadOnlyDoubleProperty [value: 800.0]
07:48:45.674 [FXGL Background Thread 3 ] DEBUG Engine               - profileDir: profiles/
07:48:45.674 [FXGL Background Thread 3 ] DEBUG Engine               - profileName: StringProperty [value: DEFAULT]
07:48:45.675 [FXGL Background Thread 3 ] DEBUG Engine               - randomSeed: -1
07:48:45.675 [FXGL Background Thread 3 ] DEBUG Engine               - runtimeInfo: RuntimeInfo(platform=WINDOWS, version=17.3, build=30.03.2023 11.49)
07:48:45.675 [FXGL Background Thread 3 ] DEBUG Engine               - saveFileExt: sav
07:48:45.675 [FXGL Background Thread 3 ] DEBUG Engine               - scaledHeightProp$fxgl: DoubleProperty [bound, value: 600.0]
07:48:45.675 [FXGL Background Thread 3 ] DEBUG Engine               - scaledWidthProp$fxgl: DoubleProperty [bound, value: 800.0]
07:48:45.675 [FXGL Background Thread 3 ] DEBUG Engine               - sceneFactory: com.almasb.fxgl.app.scene.SceneFactory@24b6446f
07:48:45.675 [FXGL Background Thread 3 ] DEBUG Engine               - secondsIn24h: 60
07:48:45.675 [FXGL Background Thread 3 ] DEBUG Engine               - soundMenuBack: menu/back.wav
07:48:45.675 [FXGL Background Thread 3 ] DEBUG Engine               - soundMenuPress: menu/press.wav
07:48:45.675 [FXGL Background Thread 3 ] DEBUG Engine               - soundMenuSelect: menu/select.wav
07:48:45.675 [FXGL Background Thread 3 ] DEBUG Engine               - soundNotification: core/notification.wav
07:48:45.675 [FXGL Background Thread 3 ] DEBUG Engine               - stageStyle: DECORATED
07:48:45.675 [FXGL Background Thread 3 ] DEBUG Engine               - supportedLanguages: [ENGLISH, FRENCH, GERMAN, HUNGARIAN, RUSSIAN]
07:48:45.675 [FXGL Background Thread 3 ] DEBUG Engine               - ticksPerSecond: -1
07:48:45.675 [FXGL Background Thread 3 ] DEBUG Engine               - title: Akanov-an225
07:48:45.675 [FXGL Background Thread 3 ] DEBUG Engine               - urlGithub: https://github.com/AlmasB/FXGL
07:48:45.675 [FXGL Background Thread 3 ] DEBUG Engine               - urlLeaderboard: http://fxgl-top.herokuapp.com/
07:48:45.677 [FXGL Background Thread 3 ] DEBUG Engine               - urlPOM: https://raw.githubusercontent.com/AlmasB/FXGL/release/README.md
07:48:45.677 [FXGL Background Thread 3 ] DEBUG Engine               - userAppClass: class view.Launch
07:48:45.677 [FXGL Background Thread 3 ] DEBUG Engine               - version: 0.1
07:48:45.677 [FXGL Background Thread 3 ] DEBUG Engine               - versionCheckDays: 7
07:48:45.677 [FXGL Background Thread 3 ] DEBUG Engine               - width: 800
07:48:45.677 [FXGL Background Thread 3 ] DEBUG Engine               - Logging services
07:48:45.677 [FXGL Background Thread 3 ] DEBUG Engine               - class com.almasb.fxgl.app.services.FXGLAssetLoaderService
07:48:45.677 [FXGL Background Thread 3 ] DEBUG Engine               - class com.almasb.fxgl.app.FXGLApplication$GameApplicationService
07:48:45.677 [FXGL Background Thread 3 ] DEBUG Engine               - class com.almasb.fxgl.app.services.FXGLDialogService
07:48:45.677 [FXGL Background Thread 3 ] DEBUG Engine               - class com.almasb.fxgl.app.services.IOTaskExecutorService
07:48:45.677 [FXGL Background Thread 3 ] DEBUG Engine               - class com.almasb.fxgl.io.FileSystemService
07:48:45.677 [FXGL Background Thread 3 ] DEBUG Engine               - class com.almasb.fxgl.localization.LocalizationService
07:48:45.677 [FXGL Background Thread 3 ] DEBUG Engine               - class com.almasb.fxgl.app.services.SystemBundleService
07:48:45.677 [FXGL Background Thread 3 ] DEBUG Engine               - class com.almasb.fxgl.profile.SaveLoadService
07:48:45.677 [FXGL Background Thread 3 ] DEBUG Engine               - class com.almasb.fxgl.ui.FXGLUIFactoryServiceProvider
07:48:45.677 [FXGL Background Thread 3 ] DEBUG Engine               - class com.almasb.fxgl.ui.FXGLDialogFactoryServiceProvider
07:48:45.677 [FXGL Background Thread 3 ] DEBUG Engine               - class com.almasb.fxgl.audio.AudioPlayer
07:48:45.677 [FXGL Background Thread 3 ] DEBUG Engine               - class com.almasb.fxgl.notification.impl.NotificationServiceProvider
07:48:45.677 [FXGL Background Thread 3 ] DEBUG Engine               - class com.almasb.fxgl.achievement.AchievementService
07:48:45.677 [FXGL Background Thread 3 ] DEBUG Engine               - class com.almasb.fxgl.cutscene.CutsceneService
07:48:45.677 [FXGL Background Thread 3 ] DEBUG Engine               - class com.almasb.fxgl.minigames.MiniGameService
07:48:45.678 [FXGL Background Thread 3 ] DEBUG Engine               - class com.almasb.fxgl.net.NetService
07:48:45.678 [FXGL Background Thread 3 ] DEBUG Engine               - class com.almasb.fxgl.app.services.UpdaterService
07:48:45.678 [FXGL Background Thread 3 ] DEBUG Engine               - class com.almasb.fxgl.dev.DevService
07:48:53.894 [JavaFX Application Thread] DEBUG FXGLApplication      - Exiting FXGL
07:48:53.894 [JavaFX Application Thread] DEBUG LoopRunner           - Stopping loop
07:48:53.894 [JavaFX Application Thread] DEBUG SystemBundleService  - Saving FXGL system data
07:48:53.897 [JavaFX Application Thread] DEBUG FileSystemAccess     - Writing to: D:\akanov-an225\system\fxgl.bundle
07:48:53.899 [JavaFX Application Thread] DEBUG Async                - Shutting down background threads
07:48:53.901 [JavaFX Application Thread] DEBUG PrimaryStageWindow   - Closing main window
07:48:53.920 [JavaFX Application Thread] DEBUG Logger               - Closing Logger
