11:40:23.078 [main                     ] DEBUG Logger               - Configured Logger
11:40:23.085 [main                     ] DEBUG GameApplication      - Logging settings
Title: Akanov-an225
Version: 0.1
Width: 800
Height: 600
Fullscreen: false
Intro: false
Profiling: false
Single step:false
App Mode: DEVELOPER
Menu Key: ESCAPE
Stage Style: DECORATED
Scene Factory: class com.almasb.fxgl.app.scene.SceneFactory

11:40:23.475 [JavaFX Application Thread] DEBUG FXGLApplication      - Initializing FXGL
11:40:23.478 [JavaFX Application Thread] INFO  Engine               - FXGL-17.3 (30.03.2023 11.49) on MAC (J:24.0.2 FX:21.0.6)
11:40:23.478 [JavaFX Application Thread] DEBUG Engine               - JRE Vendor Name: Amazon.com Inc.
11:40:23.478 [JavaFX Application Thread] DEBUG Engine               - Running on OS: Mac OS X version 14.8.1
11:40:23.478 [JavaFX Application Thread] DEBUG Engine               - Architecture: aarch64
11:40:23.478 [JavaFX Application Thread] INFO  Engine               - Source code and latest versions at: https://github.com/AlmasB/FXGL
11:40:23.478 [JavaFX Application Thread] INFO  Engine               -       Ask questions and discuss at: https://github.com/AlmasB/FXGL/discussions
11:40:23.479 [JavaFX Application Thread] INFO  Engine               -              Join the FXGL chat at: https://gitter.im/AlmasB/FXGL
11:40:23.566 [JavaFX Application Thread] DEBUG PrimaryStageWindow   - Creating a JavaFX scene
11:40:23.609 [JavaFX Application Thread] DEBUG PrimaryStageWindow   - Target settings size: 800.0 x 600.0
11:40:23.609 [JavaFX Application Thread] DEBUG PrimaryStageWindow   - Scaled scene size:    800.0 x 600.0
11:40:23.609 [JavaFX Application Thread] DEBUG PrimaryStageWindow   - Scaled ratio: (1.0, 1.0)
11:40:23.610 [JavaFX Application Thread] DEBUG PrimaryStageWindow   - Set initial scene to FXGLStartupScene
11:40:23.612 [JavaFX Application Thread] DEBUG PrimaryStageWindow   - Opening main window
11:40:23.694 [JavaFX Application Thread] DEBUG PrimaryStageWindow   - Window border size: (0.0, 28.0)
11:40:23.694 [JavaFX Application Thread] DEBUG PrimaryStageWindow   - Scaled size: 800.0 x 600.0
11:40:23.695 [JavaFX Application Thread] DEBUG PrimaryStageWindow   - Scaled ratio: (1.0, 1.0)
11:40:23.695 [JavaFX Application Thread] DEBUG PrimaryStageWindow   - Scene size: 800.0 x 600.0
11:40:23.695 [JavaFX Application Thread] DEBUG PrimaryStageWindow   - Stage size: 800.0 x 628.0
11:40:23.701 [FXGL Background Thread 1 ] DEBUG Engine               - Initializing environment variables
11:40:23.781 [FXGL Background Thread 1 ] DEBUG FXGLAssetLoaderServi - User app class for loading assets: class view.Launch
11:40:23.782 [FXGL Background Thread 1 ] DEBUG GameApplicationServi - Applying CSS: fxgl_dark.css
11:40:23.782 [FXGL Background Thread 1 ] DEBUG FXGLAssetLoaderServi - Loading from file system: jar:file:///Users/huyle/.m2/repository/com/github/almasb/fxgl/17.3/fxgl-17.3.jar!/fxglassets/ui/css/fxgl_dark.css
11:40:23.831 [FXGL Background Thread 1 ] DEBUG GameApplicationServi - Initializing application scenes
11:40:23.936 [FXGL Background Thread 1 ] DEBUG GameWorld            - Game world initialized
11:40:23.981 [FXGL Background Thread 1 ] DEBUG PhysicsWorld         - Physics world initialized: appHeight=600, physics.ppm=50.0
11:40:23.981 [FXGL Background Thread 1 ] DEBUG PhysicsWorld         - Using strategy: BRUTE_FORCE
11:40:23.983 [FXGL Background Thread 1 ] DEBUG GameScene            - Game scene initialized: 800x600
11:40:23.991 [FXGL Background Thread 1 ] DEBUG FXGL.DefaultMenu     - createMenuBodyGameMenu()
11:40:24.002 [FXGL Background Thread 1 ] DEBUG FXGL.DefaultMenu     - createOptionsMenu()
11:40:24.009 [FXGL Background Thread 1 ] DEBUG FXGLAssetLoaderServi - Loading from file system: jar:file:///Users/huyle/.m2/repository/com/github/almasb/fxgl/17.3/fxgl-17.3.jar!/fxglassets/textures/particles/smoke.png
11:40:24.081 [FXGL Background Thread 1 ] DEBUG FXGLAssetLoaderServi - Loading from file system: jar:file:///Users/huyle/.m2/repository/com/github/almasb/fxgl/17.3/fxgl-17.3.jar!/fxglassets/textures/particles/trace_horizontal.png
11:40:24.103 [FXGL Background Thread 1 ] DEBUG GameApplicationServi - Application scenes initialized
11:40:24.109 [FXGL Background Thread 1 ] DEBUG SystemBundleService  - Loading FXGL system data
11:40:24.112 [FXGL Background Thread 1 ] DEBUG FileSystemAccess     - Reading from: /Users/huyle/Documents/UET/year2/ki1/OOP/BTL/demo/system/fxgl.bundle
11:40:24.116 [FXGL Background Thread 1 ] DEBUG SystemBundleService  - Bundle FXGL: {}
11:40:24.116 [FXGL Background Thread 1 ] DEBUG UpdaterService       - Checking for updates
11:40:24.118 [FXGL Background Thread 4 ] DEBUG FXGLApplication      - Loading fonts
11:40:24.118 [FXGL Background Thread 4 ] DEBUG FXGLAssetLoaderServi - Loading from file system: jar:file:///Users/huyle/.m2/repository/com/github/almasb/fxgl/17.3/fxgl-17.3.jar!/fxglassets/ui/fonts/VarelaRound-Regular.ttf
11:40:24.119 [FXGL Background Thread 1 ] DEBUG FXGLApplication      - Loading default localization
11:40:24.119 [FXGL Background Thread 1 ] DEBUG FXGLAssetLoaderServi - Loading from file system: jar:file:///Users/huyle/.m2/repository/com/github/almasb/fxgl/17.3/fxgl-17.3.jar!/fxglassets/languages/english.lang
11:40:24.130 [FXGL Background Thread 1 ] INFO  FXGLApplication      - FXGL initialization took: 0.429 sec
11:40:24.130 [FXGL Background Thread 4 ] DEBUG FXGLAssetLoaderServi - Loading from file system: jar:file:///Users/huyle/.m2/repository/com/github/almasb/fxgl/17.3/fxgl-17.3.jar!/fxglassets/ui/fonts/Abel-Regular.ttf
11:40:24.132 [FXGL Background Thread 4 ] DEBUG FXGLAssetLoaderServi - Loading from file system: jar:file:///Users/huyle/.m2/repository/com/github/almasb/fxgl/17.3/fxgl-17.3.jar!/fxglassets/ui/fonts/TerminalLandMono-Regular.otf
11:40:24.134 [FXGL Background Thread 4 ] DEBUG FXGLAssetLoaderServi - Loading from file system: jar:file:///Users/huyle/.m2/repository/com/github/almasb/fxgl/17.3/fxgl-17.3.jar!/fxglassets/ui/fonts/Courier-Prime.ttf
11:40:24.136 [JavaFX Application Thread] DEBUG Input                - Registered new binding: action0 - D
11:40:24.136 [JavaFX Application Thread] DEBUG Input                - Registered new binding: action1 - A
11:40:24.136 [JavaFX Application Thread] DEBUG Input                - Registered new binding: action2 - Left
11:40:24.136 [JavaFX Application Thread] DEBUG Input                - Registered new binding: action3 - Right
11:40:24.137 [JavaFX Application Thread] DEBUG FXGLAssetLoaderServi - Loading from file system: jar:file:///Users/huyle/.m2/repository/com/github/almasb/fxgl/17.3/fxgl-17.3.jar!/fxglassets/textures/fxgl_icon.png
11:40:24.157 [JavaFX Application Thread] DEBUG FXGLAssetLoaderServi - Loading from file system: jar:file:///Users/huyle/.m2/repository/com/github/almasb/fxgl/17.3/fxgl-17.3.jar!/fxglassets/textures/fxgl_default_cursor.png
11:40:24.159 [JavaFX Application Thread] DEBUG Input                - Registered new binding: Screenshot - CTRL+8
11:40:24.159 [JavaFX Application Thread] DEBUG Input                - Registered new binding: System info dump - CTRL+9
11:40:24.159 [JavaFX Application Thread] DEBUG Input                - Registered new binding: Restart - CTRL+R
11:40:24.159 [JavaFX Application Thread] DEBUG Input                - Registered new binding: Toggle Debug Camera - CTRL+7
11:40:24.161 [JavaFX Application Thread] DEBUG LoopRunner           - Starting loop
11:40:24.161 [JavaFX Application Thread] DEBUG LoopRunner           - Initializing JavaFX AnimationTimerLoop
11:40:24.161 [JavaFX Application Thread] DEBUG GameApplicationServi - Starting new game
11:40:24.162 [JavaFX Application Thread] DEBUG Input                - Clearing active input actions
11:40:24.168 [JavaFX Application Thread] DEBUG GameApplicationServi - Removing overlay from FXGLStartupScene and adding to FXGLLoadingScene
11:40:24.168 [JavaFX Application Thread] DEBUG PrimaryStageWindow   - FXGLStartupScene -> FXGLLoadingScene
11:40:24.168 [JavaFX Application Thread] DEBUG GameApplicationServi - Clearing previous game
11:40:24.168 [JavaFX Application Thread] DEBUG GameScene            - Clearing game scene
11:40:24.168 [JavaFX Application Thread] DEBUG GameWorld            - Clearing game world
11:40:24.168 [JavaFX Application Thread] DEBUG PhysicsWorld         - Clearing physics world
11:40:24.169 [FXGL Background Thread 4 ] DEBUG FXGLApplication      - Initializing game
11:40:24.173 [FXGL Background Thread 4 ] INFO  FXGLApplication      - Game initialization took: 0.004 sec
11:40:24.183 [JavaFX Application Thread] DEBUG FXGLApplication      - Registering font factories with UI factory
11:40:24.208 [JavaFX Application Thread] DEBUG Input                - Clearing active input actions
11:40:24.212 [JavaFX Application Thread] DEBUG GameApplicationServi - Removing overlay from FXGLLoadingScene and adding to GameScene
11:40:24.212 [JavaFX Application Thread] DEBUG PrimaryStageWindow   - FXGLLoadingScene -> GameScene
11:40:24.565 [FXGL Background Thread 2 ] INFO  UpdaterService       - Your current version:  17.3
11:40:24.565 [FXGL Background Thread 2 ] INFO  UpdaterService       - Latest stable version: 21.1
11:40:25.077 [JavaFX Application Thread] DEBUG FXGLApplication      - Exiting FXGL
11:40:25.077 [JavaFX Application Thread] DEBUG LoopRunner           - Stopping loop
11:40:25.078 [JavaFX Application Thread] DEBUG SystemBundleService  - Saving FXGL system data
11:40:25.082 [JavaFX Application Thread] DEBUG FileSystemAccess     - Writing to: /Users/huyle/Documents/UET/year2/ki1/OOP/BTL/demo/system/fxgl.bundle
11:40:25.086 [JavaFX Application Thread] DEBUG Async                - Shutting down background threads
11:40:25.086 [JavaFX Application Thread] DEBUG PrimaryStageWindow   - Closing main window
11:40:25.124 [JavaFX Application Thread] DEBUG Logger               - Closing Logger
