23:10:22.118 [main                     ] DEBUG Logger               - Configured Logger
23:10:22.125 [main                     ] DEBUG GameApplication      - Logging settings
Title: Akanov-an225
Version: 0.2
Width: 960
Height: 720
Fullscreen: false
Intro: false
Profiling: false
Single step:false
App Mode: DEVELOPER
Menu Key: ESCAPE
Stage Style: DECORATED
Scene Factory: class view.GeneralInit$1

23:10:22.721 [JavaFX Application Thread] DEBUG FXGLApplication      - Initializing FXGL
23:10:22.724 [JavaFX Application Thread] INFO  Engine               - FXGL-17.3 (30.03.2023 11.49) on WINDOWS (J:24.0.2 FX:21.0.6)
23:10:22.724 [JavaFX Application Thread] DEBUG Engine               - JRE Vendor Name: Oracle Corporation
23:10:22.725 [JavaFX Application Thread] DEBUG Engine               - Running on OS: Windows 11 version 10.0
23:10:22.725 [JavaFX Application Thread] DEBUG Engine               - Architecture: amd64
23:10:22.725 [JavaFX Application Thread] INFO  Engine               - Source code and latest versions at: https://github.com/AlmasB/FXGL
23:10:22.725 [JavaFX Application Thread] INFO  Engine               -       Ask questions and discuss at: https://github.com/AlmasB/FXGL/discussions
23:10:22.725 [JavaFX Application Thread] INFO  Engine               -              Join the FXGL chat at: https://gitter.im/AlmasB/FXGL
23:10:22.856 [JavaFX Application Thread] DEBUG PrimaryStageWindow   - Creating a JavaFX scene
23:10:22.927 [JavaFX Application Thread] DEBUG PrimaryStageWindow   - Target settings size: 960.0 x 720.0
23:10:22.927 [JavaFX Application Thread] DEBUG PrimaryStageWindow   - Scaled scene size:    960.0 x 720.0
23:10:22.928 [JavaFX Application Thread] DEBUG PrimaryStageWindow   - Scaled ratio: (1.0, 1.0)
23:10:22.929 [JavaFX Application Thread] DEBUG PrimaryStageWindow   - Set initial scene to FXGLStartupScene
23:10:22.934 [JavaFX Application Thread] DEBUG PrimaryStageWindow   - Opening main window
23:10:23.076 [JavaFX Application Thread] DEBUG PrimaryStageWindow   - Window border size: (14.4000244140625, 37.5999755859375)
23:10:23.076 [JavaFX Application Thread] DEBUG PrimaryStageWindow   - Scaled size: 960.0 x 720.0
23:10:23.077 [JavaFX Application Thread] DEBUG PrimaryStageWindow   - Scaled ratio: (1.0, 1.0)
23:10:23.077 [JavaFX Application Thread] DEBUG PrimaryStageWindow   - Scene size: 960.0 x 720.0
23:10:23.077 [JavaFX Application Thread] DEBUG PrimaryStageWindow   - Stage size: 974.4000244140625 x 757.5999755859375
23:10:23.095 [FXGL Background Thread 1 ] DEBUG Engine               - Initializing environment variables
23:10:23.189 [FXGL Background Thread 1 ] DEBUG FXGLAssetLoaderServi - User app class for loading assets: class view.Launch
23:10:23.190 [FXGL Background Thread 1 ] DEBUG GameApplicationServi - Applying CSS: fxgl_dark.css
23:10:23.191 [FXGL Background Thread 1 ] DEBUG FXGLAssetLoaderServi - Loading from file system: jar:file:///C:/Users/nguye/.m2/repository/com/github/almasb/fxgl/17.3/fxgl-17.3.jar!/fxglassets/ui/css/fxgl_dark.css
23:10:23.247 [FXGL Background Thread 1 ] DEBUG GameApplicationServi - Initializing application scenes
23:10:23.301 [FXGL Background Thread 1 ] DEBUG GameWorld            - Game world initialized
23:10:23.390 [FXGL Background Thread 1 ] DEBUG PhysicsWorld         - Physics world initialized: appHeight=720, physics.ppm=50.0
23:10:23.390 [FXGL Background Thread 1 ] DEBUG PhysicsWorld         - Using strategy: BRUTE_FORCE
23:10:23.395 [FXGL Background Thread 1 ] DEBUG GameScene            - Game scene initialized: 960x720
23:10:24.052 [FXGL Background Thread 1 ] DEBUG GameApplicationServi - Application scenes initialized
23:10:24.068 [FXGL Background Thread 1 ] DEBUG SystemBundleService  - Loading FXGL system data
23:10:24.075 [FXGL Background Thread 1 ] DEBUG FileSystemAccess     - Reading from: C:\akk\akanov-an225\system\fxgl.bundle
23:10:24.089 [FXGL Background Thread 1 ] DEBUG SystemBundleService  - Bundle FXGL: {}
23:10:24.089 [FXGL Background Thread 1 ] DEBUG UpdaterService       - Checking for updates
23:10:24.096 [FXGL Background Thread 4 ] DEBUG FXGLApplication      - Loading fonts
23:10:24.097 [FXGL Background Thread 1 ] DEBUG FXGLApplication      - Loading default localization
23:10:24.097 [FXGL Background Thread 4 ] DEBUG FXGLAssetLoaderServi - Loading from file system: jar:file:///C:/Users/nguye/.m2/repository/com/github/almasb/fxgl/17.3/fxgl-17.3.jar!/fxglassets/ui/fonts/VarelaRound-Regular.ttf
23:10:24.097 [FXGL Background Thread 1 ] DEBUG FXGLAssetLoaderServi - Loading from file system: jar:file:///C:/Users/nguye/.m2/repository/com/github/almasb/fxgl/17.3/fxgl-17.3.jar!/fxglassets/languages/english.lang
23:10:24.144 [FXGL Background Thread 1 ] INFO  FXGLApplication      - FXGL initialization took: 1.048 sec
23:10:24.155 [JavaFX Application Thread] DEBUG Input                - Registered new binding: action0 - Right
23:10:24.155 [JavaFX Application Thread] DEBUG Input                - Registered new binding: action1 - Left
23:10:24.156 [JavaFX Application Thread] DEBUG Input                - Registered new binding: action2 - D
23:10:24.156 [JavaFX Application Thread] DEBUG Input                - Registered new binding: action3 - R
23:10:24.157 [JavaFX Application Thread] DEBUG FXGLAssetLoaderServi - Loading from file system: jar:file:///C:/Users/nguye/.m2/repository/com/github/almasb/fxgl/17.3/fxgl-17.3.jar!/fxglassets/textures/fxgl_icon.png
23:10:24.181 [FXGL Background Thread 4 ] DEBUG FXGLAssetLoaderServi - Loading from file system: jar:file:///C:/Users/nguye/.m2/repository/com/github/almasb/fxgl/17.3/fxgl-17.3.jar!/fxglassets/ui/fonts/Abel-Regular.ttf
23:10:24.186 [JavaFX Application Thread] DEBUG FXGLAssetLoaderServi - Loading from file system: jar:file:///C:/Users/nguye/.m2/repository/com/github/almasb/fxgl/17.3/fxgl-17.3.jar!/fxglassets/textures/fxgl_default_cursor.png
23:10:24.187 [FXGL Background Thread 4 ] DEBUG FXGLAssetLoaderServi - Loading from file system: jar:file:///C:/Users/nguye/.m2/repository/com/github/almasb/fxgl/17.3/fxgl-17.3.jar!/fxglassets/ui/fonts/TerminalLandMono-Regular.otf
23:10:24.190 [JavaFX Application Thread] DEBUG Input                - Registered new binding: Screenshot - CTRL+8
23:10:24.190 [JavaFX Application Thread] DEBUG Input                - Registered new binding: System info dump - CTRL+9
23:10:24.202 [JavaFX Application Thread] DEBUG Input                - Registered new binding: Restart - CTRL+R
23:10:24.203 [FXGL Background Thread 4 ] DEBUG FXGLAssetLoaderServi - Loading from file system: jar:file:///C:/Users/nguye/.m2/repository/com/github/almasb/fxgl/17.3/fxgl-17.3.jar!/fxglassets/ui/fonts/Courier-Prime.ttf
23:10:24.204 [JavaFX Application Thread] DEBUG Input                - Registered new binding: Toggle Debug Camera - CTRL+7
23:10:24.212 [JavaFX Application Thread] DEBUG LoopRunner           - Starting loop
23:10:24.212 [JavaFX Application Thread] DEBUG LoopRunner           - Initializing JavaFX AnimationTimerLoop
23:10:24.216 [JavaFX Application Thread] DEBUG Input                - Clearing active input actions
23:10:24.224 [JavaFX Application Thread] DEBUG GameApplicationServi - Removing overlay from FXGLStartupScene and adding to FXGLMainMenuDummyScene
23:10:24.224 [JavaFX Application Thread] DEBUG PrimaryStageWindow   - FXGLStartupScene -> FXGLMainMenuDummyScene
23:10:24.225 [JavaFX Application Thread] DEBUG PrimaryStageWindow   - Push state: MainMenu
23:10:24.225 [JavaFX Application Thread] DEBUG Input                - Clearing active input actions
23:10:24.238 [JavaFX Application Thread] DEBUG GameApplicationServi - Removing overlay from FXGLMainMenuDummyScene and adding to MainMenu
23:10:24.239 [JavaFX Application Thread] DEBUG PrimaryStageWindow   - FXGLMainMenuDummyScene -> MainMenu
23:10:24.239 [JavaFX Application Thread] DEBUG FXGLApplication      - Registering font factories with UI factory
23:10:24.953 [FXGL Background Thread 2 ] INFO  UpdaterService       - Your current version:  17.3
23:10:24.953 [FXGL Background Thread 2 ] INFO  UpdaterService       - Latest stable version: 21.1
23:10:27.096 [FXGL Background Thread 3 ] DEBUG Engine               - Logging environment variables
23:10:27.096 [FXGL Background Thread 3 ] DEBUG Engine               - achievements: []
23:10:27.096 [FXGL Background Thread 3 ] DEBUG Engine               - actualHeight: 720.0
23:10:27.096 [FXGL Background Thread 3 ] DEBUG Engine               - actualHeightProperty: ReadOnlyDoubleProperty [value: 720.0]
23:10:27.096 [FXGL Background Thread 3 ] DEBUG Engine               - actualWidth: 960.0
23:10:27.096 [FXGL Background Thread 3 ] DEBUG Engine               - actualWidthProperty: ReadOnlyDoubleProperty [value: 960.0]
23:10:27.096 [FXGL Background Thread 3 ] DEBUG Engine               - appIcon: fxgl_icon.png
23:10:27.097 [FXGL Background Thread 3 ] DEBUG Engine               - applicationMode: DEVELOPER
23:10:27.097 [FXGL Background Thread 3 ] DEBUG Engine               - cSSList: [fxgl_dark.css]
23:10:27.097 [FXGL Background Thread 3 ] DEBUG Engine               - collisionDetectionStrategy: BRUTE_FORCE
23:10:27.097 [FXGL Background Thread 3 ] DEBUG Engine               - configClass: Optional.empty
23:10:27.097 [FXGL Background Thread 3 ] DEBUG Engine               - credits: []
23:10:27.099 [FXGL Background Thread 3 ] DEBUG Engine               - defaultCursor: CursorInfo(imageName=fxgl_default_cursor.png, hotspotX=7.0, hotspotY=6.0)
23:10:27.099 [FXGL Background Thread 3 ] DEBUG Engine               - devBBoxColorProperty: ObjectProperty [value: 0xff0000ff]
23:10:27.099 [FXGL Background Thread 3 ] DEBUG Engine               - devEnableDebugCameraProperty: BooleanProperty [value: false]
23:10:27.099 [FXGL Background Thread 3 ] DEBUG Engine               - devSensorColorProperty: ObjectProperty [value: 0xffff00ff]
23:10:27.099 [FXGL Background Thread 3 ] DEBUG Engine               - devShowBBoxProperty: BooleanProperty [value: false]
23:10:27.099 [FXGL Background Thread 3 ] DEBUG Engine               - devShowPositionProperty: BooleanProperty [value: false]
23:10:27.099 [FXGL Background Thread 3 ] DEBUG Engine               - enabledMenuItems: []
23:10:27.099 [FXGL Background Thread 3 ] DEBUG Engine               - engineServices: [class com.almasb.fxgl.app.services.FXGLAssetLoaderService, class com.almasb.fxgl.app.FXGLApplication$GameApplicationService, class com.almasb.fxgl.app.services.FXGLDialogService, class com.almasb.fxgl.app.services.IOTaskExecutorService, class com.almasb.fxgl.io.FileSystemService, class com.almasb.fxgl.localization.LocalizationService, class com.almasb.fxgl.app.services.SystemBundleService, class com.almasb.fxgl.profile.SaveLoadService, class com.almasb.fxgl.ui.FXGLUIFactoryServiceProvider, class com.almasb.fxgl.ui.FXGLDialogFactoryServiceProvider, class com.almasb.fxgl.audio.AudioPlayer, class com.almasb.fxgl.notification.impl.NotificationServiceProvider, class com.almasb.fxgl.achievement.AchievementService, class com.almasb.fxgl.cutscene.CutsceneService, class com.almasb.fxgl.minigames.MiniGameService, class com.almasb.fxgl.net.NetService, class com.almasb.fxgl.app.services.UpdaterService, class com.almasb.fxgl.dev.DevService]
23:10:27.099 [FXGL Background Thread 3 ] DEBUG Engine               - fontGame: Abel-Regular.ttf
23:10:27.100 [FXGL Background Thread 3 ] DEBUG Engine               - fontMono: TerminalLandMono-Regular.otf
23:10:27.100 [FXGL Background Thread 3 ] DEBUG Engine               - fontSizeScaleUI: 1.0
23:10:27.100 [FXGL Background Thread 3 ] DEBUG Engine               - fontText: Courier-Prime.ttf
23:10:27.100 [FXGL Background Thread 3 ] DEBUG Engine               - fontUI: VarelaRound-Regular.ttf
23:10:27.100 [FXGL Background Thread 3 ] DEBUG Engine               - fullScreen: BooleanProperty [value: false]
23:10:27.100 [FXGL Background Thread 3 ] DEBUG Engine               - gameDifficulty: MEDIUM
23:10:27.100 [FXGL Background Thread 3 ] DEBUG Engine               - gameDifficultyProperty: ObjectProperty [value: MEDIUM]
23:10:27.100 [FXGL Background Thread 3 ] DEBUG Engine               - globalMusicVolume: 0.5
23:10:27.100 [FXGL Background Thread 3 ] DEBUG Engine               - globalMusicVolumeProperty: DoubleProperty [value: 0.5]
23:10:27.100 [FXGL Background Thread 3 ] DEBUG Engine               - globalSoundVolume: 0.5
23:10:27.100 [FXGL Background Thread 3 ] DEBUG Engine               - globalSoundVolumeProperty: DoubleProperty [value: 0.5]
23:10:27.100 [FXGL Background Thread 3 ] DEBUG Engine               - height: 720
23:10:27.100 [FXGL Background Thread 3 ] DEBUG Engine               - is3D: false
23:10:27.100 [FXGL Background Thread 3 ] DEBUG Engine               - isAndroid: false
23:10:27.100 [FXGL Background Thread 3 ] DEBUG Engine               - isBrowser: false
23:10:27.100 [FXGL Background Thread 3 ] DEBUG Engine               - isClickFeedbackEnabled: false
23:10:27.100 [FXGL Background Thread 3 ] DEBUG Engine               - isCloseConfirmation: false
23:10:27.100 [FXGL Background Thread 3 ] DEBUG Engine               - isDesktop: true
23:10:27.100 [FXGL Background Thread 3 ] DEBUG Engine               - isDeveloperMenuEnabled: false
23:10:27.101 [FXGL Background Thread 3 ] DEBUG Engine               - isEmbedded: false
23:10:27.101 [FXGL Background Thread 3 ] DEBUG Engine               - isEntityPreloadEnabled: true
23:10:27.101 [FXGL Background Thread 3 ] DEBUG Engine               - isExperimentalTiledLargeMap: false
23:10:27.101 [FXGL Background Thread 3 ] DEBUG Engine               - isFileSystemWriteAllowed: true
23:10:27.101 [FXGL Background Thread 3 ] DEBUG Engine               - isFullScreenAllowed: false
23:10:27.101 [FXGL Background Thread 3 ] DEBUG Engine               - isFullScreenFromStart: false
23:10:27.101 [FXGL Background Thread 3 ] DEBUG Engine               - isGameMenuEnabled: true
23:10:27.101 [FXGL Background Thread 3 ] DEBUG Engine               - isIOS: false
23:10:27.101 [FXGL Background Thread 3 ] DEBUG Engine               - isIntroEnabled: false
23:10:27.101 [FXGL Background Thread 3 ] DEBUG Engine               - isLinux: false
23:10:27.101 [FXGL Background Thread 3 ] DEBUG Engine               - isMac: false
23:10:27.101 [FXGL Background Thread 3 ] DEBUG Engine               - isMainMenuEnabled: true
23:10:27.101 [FXGL Background Thread 3 ] DEBUG Engine               - isManualResizeEnabled: false
23:10:27.101 [FXGL Background Thread 3 ] DEBUG Engine               - isMobile: false
23:10:27.101 [FXGL Background Thread 3 ] DEBUG Engine               - isNative: false
23:10:27.101 [FXGL Background Thread 3 ] DEBUG Engine               - isPauseMusicWhenMinimized: true
23:10:27.102 [FXGL Background Thread 3 ] DEBUG Engine               - isPreserveResizeRatio: false
23:10:27.102 [FXGL Background Thread 3 ] DEBUG Engine               - isProfilingEnabled: false
23:10:27.102 [FXGL Background Thread 3 ] DEBUG Engine               - isScaleAffectedOnResize: true
23:10:27.102 [FXGL Background Thread 3 ] DEBUG Engine               - isSingleStep: false
23:10:27.102 [FXGL Background Thread 3 ] DEBUG Engine               - isUserProfileEnabled: false
23:10:27.102 [FXGL Background Thread 3 ] DEBUG Engine               - isWindows: true
23:10:27.102 [FXGL Background Thread 3 ] DEBUG Engine               - language: ObjectProperty [value: ENGLISH]
23:10:27.102 [FXGL Background Thread 3 ] DEBUG Engine               - menuKey: ESCAPE
23:10:27.102 [FXGL Background Thread 3 ] DEBUG Engine               - mouseSensitivity: 0.2
23:10:27.102 [FXGL Background Thread 3 ] DEBUG Engine               - notificationViewClass: class com.almasb.fxgl.notification.view.XboxNotificationView
23:10:27.102 [FXGL Background Thread 3 ] DEBUG Engine               - pixelsPerMeter: 50.0
23:10:27.102 [FXGL Background Thread 3 ] DEBUG Engine               - platform: WINDOWS
23:10:27.102 [FXGL Background Thread 3 ] DEBUG Engine               - prefHeightProperty: ReadOnlyDoubleProperty [value: 720.0]
23:10:27.103 [FXGL Background Thread 3 ] DEBUG Engine               - prefWidthProperty: ReadOnlyDoubleProperty [value: 960.0]
23:10:27.103 [FXGL Background Thread 3 ] DEBUG Engine               - profileDir: profiles/
23:10:27.103 [FXGL Background Thread 3 ] DEBUG Engine               - profileName: StringProperty [value: DEFAULT]
23:10:27.103 [FXGL Background Thread 3 ] DEBUG Engine               - randomSeed: -1
23:10:27.103 [FXGL Background Thread 3 ] DEBUG Engine               - runtimeInfo: RuntimeInfo(platform=WINDOWS, version=17.3, build=30.03.2023 11.49)
23:10:27.103 [FXGL Background Thread 3 ] DEBUG Engine               - saveFileExt: sav
23:10:27.103 [FXGL Background Thread 3 ] DEBUG Engine               - scaledHeightProp$fxgl: DoubleProperty [bound, value: 720.0]
23:10:27.103 [FXGL Background Thread 3 ] DEBUG Engine               - scaledWidthProp$fxgl: DoubleProperty [bound, value: 960.0]
23:10:27.103 [FXGL Background Thread 3 ] DEBUG Engine               - sceneFactory: view.GeneralInit$1@5849217c
23:10:27.103 [FXGL Background Thread 3 ] DEBUG Engine               - secondsIn24h: 60
23:10:27.103 [FXGL Background Thread 3 ] DEBUG Engine               - soundMenuBack: menu/back.wav
23:10:27.103 [FXGL Background Thread 3 ] DEBUG Engine               - soundMenuPress: menu/press.wav
23:10:27.103 [FXGL Background Thread 3 ] DEBUG Engine               - soundMenuSelect: menu/select.wav
23:10:27.103 [FXGL Background Thread 3 ] DEBUG Engine               - soundNotification: core/notification.wav
23:10:27.103 [FXGL Background Thread 3 ] DEBUG Engine               - stageStyle: DECORATED
23:10:27.103 [FXGL Background Thread 3 ] DEBUG Engine               - supportedLanguages: [ENGLISH, FRENCH, GERMAN, HUNGARIAN, RUSSIAN]
23:10:27.103 [FXGL Background Thread 3 ] DEBUG Engine               - ticksPerSecond: -1
23:10:27.103 [FXGL Background Thread 3 ] DEBUG Engine               - title: Akanov-an225
23:10:27.104 [FXGL Background Thread 3 ] DEBUG Engine               - urlGithub: https://github.com/AlmasB/FXGL
23:10:27.104 [FXGL Background Thread 3 ] DEBUG Engine               - urlLeaderboard: http://fxgl-top.herokuapp.com/
23:10:27.104 [FXGL Background Thread 3 ] DEBUG Engine               - urlPOM: https://raw.githubusercontent.com/AlmasB/FXGL/release/README.md
23:10:27.104 [FXGL Background Thread 3 ] DEBUG Engine               - userAppClass: class view.Launch
23:10:27.104 [FXGL Background Thread 3 ] DEBUG Engine               - version: 0.2
23:10:27.104 [FXGL Background Thread 3 ] DEBUG Engine               - versionCheckDays: 7
23:10:27.104 [FXGL Background Thread 3 ] DEBUG Engine               - width: 960
23:10:27.104 [FXGL Background Thread 3 ] DEBUG Engine               - Logging services
23:10:27.104 [FXGL Background Thread 3 ] DEBUG Engine               - class com.almasb.fxgl.app.services.FXGLAssetLoaderService
23:10:27.104 [FXGL Background Thread 3 ] DEBUG Engine               - class com.almasb.fxgl.app.FXGLApplication$GameApplicationService
23:10:27.104 [FXGL Background Thread 3 ] DEBUG Engine               - class com.almasb.fxgl.app.services.FXGLDialogService
23:10:27.104 [FXGL Background Thread 3 ] DEBUG Engine               - class com.almasb.fxgl.app.services.IOTaskExecutorService
23:10:27.104 [FXGL Background Thread 3 ] DEBUG Engine               - class com.almasb.fxgl.io.FileSystemService
23:10:27.104 [FXGL Background Thread 3 ] DEBUG Engine               - class com.almasb.fxgl.localization.LocalizationService
23:10:27.104 [FXGL Background Thread 3 ] DEBUG Engine               - class com.almasb.fxgl.app.services.SystemBundleService
23:10:27.104 [FXGL Background Thread 3 ] DEBUG Engine               - class com.almasb.fxgl.profile.SaveLoadService
23:10:27.104 [FXGL Background Thread 3 ] DEBUG Engine               - class com.almasb.fxgl.ui.FXGLUIFactoryServiceProvider
23:10:27.104 [FXGL Background Thread 3 ] DEBUG Engine               - class com.almasb.fxgl.ui.FXGLDialogFactoryServiceProvider
23:10:27.104 [FXGL Background Thread 3 ] DEBUG Engine               - class com.almasb.fxgl.audio.AudioPlayer
23:10:27.104 [FXGL Background Thread 3 ] DEBUG Engine               - class com.almasb.fxgl.notification.impl.NotificationServiceProvider
23:10:27.104 [FXGL Background Thread 3 ] DEBUG Engine               - class com.almasb.fxgl.achievement.AchievementService
23:10:27.104 [FXGL Background Thread 3 ] DEBUG Engine               - class com.almasb.fxgl.cutscene.CutsceneService
23:10:27.104 [FXGL Background Thread 3 ] DEBUG Engine               - class com.almasb.fxgl.minigames.MiniGameService
23:10:27.104 [FXGL Background Thread 3 ] DEBUG Engine               - class com.almasb.fxgl.net.NetService
23:10:27.104 [FXGL Background Thread 3 ] DEBUG Engine               - class com.almasb.fxgl.app.services.UpdaterService
23:10:27.104 [FXGL Background Thread 3 ] DEBUG Engine               - class com.almasb.fxgl.dev.DevService
23:10:39.281 [JavaFX Application Thread] DEBUG PrimaryStageWindow   - Push state: DialogSubScene
23:10:39.281 [JavaFX Application Thread] DEBUG Input                - Clearing active input actions
23:10:39.282 [JavaFX Application Thread] DEBUG GameApplicationServi - Removing overlay from MainMenu and adding to DialogSubScene
23:10:39.282 [JavaFX Application Thread] DEBUG PrimaryStageWindow   - MainMenu -> DialogSubScene
23:10:48.442 [JavaFX Application Thread] DEBUG Menu                 - fireNewGame()
23:10:48.442 [JavaFX Application Thread] DEBUG GameApplicationServi - Starting new game
23:10:48.443 [JavaFX Application Thread] DEBUG PrimaryStageWindow   - Pop state: DialogSubScene
23:10:48.443 [JavaFX Application Thread] DEBUG Input                - Clearing active input actions
23:10:48.443 [JavaFX Application Thread] DEBUG GameApplicationServi - Removing overlay from DialogSubScene and adding to MainMenu
23:10:48.443 [JavaFX Application Thread] DEBUG PrimaryStageWindow   - MainMenu <- DialogSubScene
23:10:48.443 [JavaFX Application Thread] DEBUG PrimaryStageWindow   - Pop state: MainMenu
23:10:48.443 [JavaFX Application Thread] DEBUG Input                - Clearing active input actions
23:10:48.443 [JavaFX Application Thread] DEBUG GameApplicationServi - Removing overlay from MainMenu and adding to FXGLMainMenuDummyScene
23:10:48.443 [JavaFX Application Thread] DEBUG PrimaryStageWindow   - FXGLMainMenuDummyScene <- MainMenu
23:10:48.443 [JavaFX Application Thread] DEBUG Input                - Clearing active input actions
23:10:48.448 [JavaFX Application Thread] DEBUG GameApplicationServi - Removing overlay from FXGLMainMenuDummyScene and adding to FXGLLoadingScene
23:10:48.449 [JavaFX Application Thread] DEBUG PrimaryStageWindow   - FXGLMainMenuDummyScene -> FXGLLoadingScene
23:10:48.449 [JavaFX Application Thread] DEBUG GameApplicationServi - Clearing previous game
23:10:48.449 [JavaFX Application Thread] DEBUG GameScene            - Clearing game scene
23:10:48.449 [JavaFX Application Thread] DEBUG GameWorld            - Clearing game world
23:10:48.449 [JavaFX Application Thread] DEBUG PhysicsWorld         - Clearing physics world
23:10:48.453 [FXGL Background Thread 2 ] DEBUG FXGLApplication      - Initializing game
23:10:48.563 [FXGL Background Thread 2 ] WARN  Entity               - Entity already has component: com.almasb.fxgl.entity.components.BoundingBoxComponent
23:10:48.615 [FXGL Background Thread 2 ] INFO  FXGLApplication      - Game initialization took: 0.162 sec
23:10:48.618 [JavaFX Application Thread] DEBUG Input                - Clearing active input actions
23:10:48.625 [JavaFX Application Thread] DEBUG GameApplicationServi - Removing overlay from FXGLLoadingScene and adding to GameScene
23:10:48.626 [JavaFX Application Thread] DEBUG PrimaryStageWindow   - FXGLLoadingScene -> GameScene
23:11:58.736 [JavaFX Application Thread] WARN  Entity               - Entity already has component: com.almasb.fxgl.entity.components.BoundingBoxComponent
23:11:58.736 [JavaFX Application Thread] WARN  Entity               - Entity already has component: com.almasb.fxgl.entity.components.BoundingBoxComponent
23:12:21.290 [JavaFX Application Thread] DEBUG FXGLApplication      - Exiting FXGL
23:12:21.291 [JavaFX Application Thread] DEBUG LoopRunner           - Stopping loop
23:12:21.291 [JavaFX Application Thread] DEBUG SystemBundleService  - Saving FXGL system data
23:12:21.296 [JavaFX Application Thread] DEBUG FileSystemAccess     - Writing to: C:\akk\akanov-an225\system\fxgl.bundle
23:12:21.299 [JavaFX Application Thread] DEBUG Async                - Shutting down background threads
23:12:21.299 [JavaFX Application Thread] DEBUG PrimaryStageWindow   - Closing main window
23:12:21.331 [JavaFX Application Thread] DEBUG Logger               - Closing Logger
