13:45:48.705 [main                     ] DEBUG Logger               - Configured Logger
13:45:48.712 [main                     ] DEBUG GameApplication      - Logging settings
Title: Akanov-an225
Version: 0.1
Width: 800
Height: 600
Fullscreen: false
Intro: false
Profiling: false
Single step:false
App Mode: DEVELOPER
Menu Key: ESCAPE
Stage Style: DECORATED
Scene Factory: class com.almasb.fxgl.app.scene.SceneFactory

13:45:49.056 [JavaFX Application Thread] DEBUG FXGLApplication      - Initializing FXGL
13:45:49.059 [JavaFX Application Thread] INFO  Engine               - FXGL-17.3 (30.03.2023 11.49) on WINDOWS (J:24.0.2 FX:21.0.6)
13:45:49.059 [JavaFX Application Thread] DEBUG Engine               - JRE Vendor Name: Oracle Corporation
13:45:49.059 [JavaFX Application Thread] DEBUG Engine               - Running on OS: Windows 11 version 10.0
13:45:49.059 [JavaFX Application Thread] DEBUG Engine               - Architecture: amd64
13:45:49.059 [JavaFX Application Thread] INFO  Engine               - Source code and latest versions at: https://github.com/AlmasB/FXGL
13:45:49.060 [JavaFX Application Thread] INFO  Engine               -       Ask questions and discuss at: https://github.com/AlmasB/FXGL/discussions
13:45:49.060 [JavaFX Application Thread] INFO  Engine               -              Join the FXGL chat at: https://gitter.im/AlmasB/FXGL
13:45:49.158 [JavaFX Application Thread] DEBUG PrimaryStageWindow   - Creating a JavaFX scene
13:45:49.213 [JavaFX Application Thread] DEBUG PrimaryStageWindow   - Target settings size: 800.0 x 600.0
13:45:49.213 [JavaFX Application Thread] DEBUG PrimaryStageWindow   - Scaled scene size:    800.0 x 600.0
13:45:49.213 [JavaFX Application Thread] DEBUG PrimaryStageWindow   - Scaled ratio: (1.0, 1.0)
13:45:49.214 [JavaFX Application Thread] DEBUG PrimaryStageWindow   - Set initial scene to FXGLStartupScene
13:45:49.217 [JavaFX Application Thread] DEBUG PrimaryStageWindow   - Opening main window
13:45:49.295 [JavaFX Application Thread] DEBUG PrimaryStageWindow   - Window border size: (14.66668701171875, 37.33331298828125)
13:45:49.296 [JavaFX Application Thread] DEBUG PrimaryStageWindow   - Scaled size: 800.0 x 600.0
13:45:49.296 [JavaFX Application Thread] DEBUG PrimaryStageWindow   - Scaled ratio: (1.0, 1.0)
13:45:49.296 [JavaFX Application Thread] DEBUG PrimaryStageWindow   - Scene size: 800.0 x 600.0
13:45:49.296 [JavaFX Application Thread] DEBUG PrimaryStageWindow   - Stage size: 814.6666870117188 x 637.3333129882812
13:45:49.304 [FXGL Background Thread 1 ] DEBUG Engine               - Initializing environment variables
13:45:49.371 [FXGL Background Thread 1 ] DEBUG FXGLAssetLoaderServi - User app class for loading assets: class view.Launch
13:45:49.371 [FXGL Background Thread 1 ] DEBUG GameApplicationServi - Applying CSS: fxgl_dark.css
13:45:49.373 [FXGL Background Thread 1 ] DEBUG FXGLAssetLoaderServi - Loading from file system: jar:file:///C:/Users/DELL/.m2/repository/com/github/almasb/fxgl/17.3/fxgl-17.3.jar!/fxglassets/ui/css/fxgl_dark.css
13:45:49.418 [FXGL Background Thread 1 ] DEBUG GameApplicationServi - Initializing application scenes
13:45:49.457 [FXGL Background Thread 1 ] DEBUG GameWorld            - Game world initialized
13:45:49.521 [FXGL Background Thread 1 ] DEBUG PhysicsWorld         - Physics world initialized: appHeight=600, physics.ppm=50.0
13:45:49.521 [FXGL Background Thread 1 ] DEBUG PhysicsWorld         - Using strategy: BRUTE_FORCE
13:45:49.526 [FXGL Background Thread 1 ] DEBUG GameScene            - Game scene initialized: 800x600
13:45:49.536 [FXGL Background Thread 1 ] DEBUG FXGL.DefaultMenu     - createMenuBodyGameMenu()
13:45:49.551 [FXGL Background Thread 1 ] DEBUG FXGL.DefaultMenu     - createOptionsMenu()
13:45:49.560 [FXGL Background Thread 1 ] DEBUG FXGLAssetLoaderServi - Loading from file system: jar:file:///C:/Users/DELL/.m2/repository/com/github/almasb/fxgl/17.3/fxgl-17.3.jar!/fxglassets/textures/particles/smoke.png
13:45:49.655 [FXGL Background Thread 1 ] DEBUG FXGLAssetLoaderServi - Loading from file system: jar:file:///C:/Users/DELL/.m2/repository/com/github/almasb/fxgl/17.3/fxgl-17.3.jar!/fxglassets/textures/particles/trace_horizontal.png
13:45:49.682 [FXGL Background Thread 1 ] DEBUG GameApplicationServi - Application scenes initialized
13:45:49.691 [FXGL Background Thread 1 ] DEBUG SystemBundleService  - Loading FXGL system data
13:45:49.694 [FXGL Background Thread 1 ] DEBUG FileSystemAccess     - Reading from: D:\akanov-an225\system\fxgl.bundle
13:45:49.701 [FXGL Background Thread 1 ] DEBUG SystemBundleService  - Bundle FXGL: {}
13:45:49.701 [FXGL Background Thread 1 ] DEBUG UpdaterService       - Checking for updates
13:45:49.706 [FXGL Background Thread 4 ] DEBUG FXGLApplication      - Loading fonts
13:45:49.707 [FXGL Background Thread 4 ] DEBUG FXGLAssetLoaderServi - Loading from file system: jar:file:///C:/Users/DELL/.m2/repository/com/github/almasb/fxgl/17.3/fxgl-17.3.jar!/fxglassets/ui/fonts/VarelaRound-Regular.ttf
13:45:49.707 [FXGL Background Thread 1 ] DEBUG FXGLApplication      - Loading default localization
13:45:49.708 [FXGL Background Thread 1 ] DEBUG FXGLAssetLoaderServi - Loading from file system: jar:file:///C:/Users/DELL/.m2/repository/com/github/almasb/fxgl/17.3/fxgl-17.3.jar!/fxglassets/languages/english.lang
13:45:49.723 [FXGL Background Thread 1 ] INFO  FXGLApplication      - FXGL initialization took: 0.420 sec
13:45:49.734 [JavaFX Application Thread] DEBUG Input                - Registered new binding: action0 - Left
13:45:49.735 [JavaFX Application Thread] DEBUG Input                - Registered new binding: action1 - Right
13:45:49.735 [JavaFX Application Thread] DEBUG FXGLAssetLoaderServi - Loading from file system: jar:file:///C:/Users/DELL/.m2/repository/com/github/almasb/fxgl/17.3/fxgl-17.3.jar!/fxglassets/textures/fxgl_icon.png
13:45:49.764 [JavaFX Application Thread] DEBUG FXGLAssetLoaderServi - Loading from file system: jar:file:///C:/Users/DELL/.m2/repository/com/github/almasb/fxgl/17.3/fxgl-17.3.jar!/fxglassets/textures/fxgl_default_cursor.png
13:45:49.765 [FXGL Background Thread 4 ] DEBUG FXGLAssetLoaderServi - Loading from file system: jar:file:///C:/Users/DELL/.m2/repository/com/github/almasb/fxgl/17.3/fxgl-17.3.jar!/fxglassets/ui/fonts/Abel-Regular.ttf
13:45:49.767 [JavaFX Application Thread] DEBUG Input                - Registered new binding: Screenshot - CTRL+8
13:45:49.767 [JavaFX Application Thread] DEBUG Input                - Registered new binding: System info dump - CTRL+9
13:45:49.767 [JavaFX Application Thread] DEBUG Input                - Registered new binding: Restart - CTRL+R
13:45:49.768 [JavaFX Application Thread] DEBUG Input                - Registered new binding: Toggle Debug Camera - CTRL+7
13:45:49.770 [JavaFX Application Thread] DEBUG LoopRunner           - Starting loop
13:45:49.770 [JavaFX Application Thread] DEBUG LoopRunner           - Initializing JavaFX AnimationTimerLoop
13:45:49.772 [FXGL Background Thread 4 ] DEBUG FXGLAssetLoaderServi - Loading from file system: jar:file:///C:/Users/DELL/.m2/repository/com/github/almasb/fxgl/17.3/fxgl-17.3.jar!/fxglassets/ui/fonts/TerminalLandMono-Regular.otf
13:45:49.775 [JavaFX Application Thread] DEBUG GameApplicationServi - Starting new game
13:45:49.775 [JavaFX Application Thread] DEBUG Input                - Clearing active input actions
13:45:49.780 [FXGL Background Thread 4 ] DEBUG FXGLAssetLoaderServi - Loading from file system: jar:file:///C:/Users/DELL/.m2/repository/com/github/almasb/fxgl/17.3/fxgl-17.3.jar!/fxglassets/ui/fonts/Courier-Prime.ttf
13:45:49.787 [JavaFX Application Thread] DEBUG GameApplicationServi - Removing overlay from FXGLStartupScene and adding to FXGLLoadingScene
13:45:49.788 [JavaFX Application Thread] DEBUG PrimaryStageWindow   - FXGLStartupScene -> FXGLLoadingScene
13:45:49.788 [JavaFX Application Thread] DEBUG GameApplicationServi - Clearing previous game
13:45:49.788 [JavaFX Application Thread] DEBUG GameScene            - Clearing game scene
13:45:49.788 [JavaFX Application Thread] DEBUG GameWorld            - Clearing game world
13:45:49.789 [JavaFX Application Thread] DEBUG PhysicsWorld         - Clearing physics world
13:45:49.791 [FXGL Background Thread 4 ] DEBUG FXGLApplication      - Initializing game
13:45:49.794 [FXGL Background Thread 4 ] WARN  Entity               - Entity already has component: com.almasb.fxgl.entity.components.BoundingBoxComponent
13:45:49.813 [FXGL Background Thread 4 ] INFO  FXGLApplication      - Game initialization took: 0.023 sec
13:45:49.841 [JavaFX Application Thread] DEBUG FXGLApplication      - Registering font factories with UI factory
13:45:49.843 [JavaFX Application Thread] DEBUG Input                - Clearing active input actions
13:45:49.850 [JavaFX Application Thread] DEBUG GameApplicationServi - Removing overlay from FXGLLoadingScene and adding to GameScene
13:45:49.851 [JavaFX Application Thread] DEBUG PrimaryStageWindow   - FXGLLoadingScene -> GameScene
13:45:50.288 [FXGL Background Thread 2 ] INFO  UpdaterService       - Your current version:  17.3
13:45:50.288 [FXGL Background Thread 2 ] INFO  UpdaterService       - Latest stable version: 21.1
13:45:51.424 [JavaFX Application Thread] DEBUG FXGLApplication      - Exiting FXGL
13:45:51.425 [JavaFX Application Thread] DEBUG LoopRunner           - Stopping loop
13:45:51.425 [JavaFX Application Thread] DEBUG SystemBundleService  - Saving FXGL system data
13:45:51.428 [JavaFX Application Thread] DEBUG FileSystemAccess     - Writing to: D:\akanov-an225\system\fxgl.bundle
13:45:51.431 [JavaFX Application Thread] DEBUG Async                - Shutting down background threads
13:45:51.431 [JavaFX Application Thread] DEBUG PrimaryStageWindow   - Closing main window
13:45:51.449 [JavaFX Application Thread] DEBUG Logger               - Closing Logger
