13:04:48.592 [main                     ] DEBUG Logger               - Configured Logger
13:04:48.597 [main                     ] DEBUG GameApplication      - Logging settings
Title: Akanov-an225
Version: 0.2
Width: 960
Height: 720
Fullscreen: false
Intro: false
Profiling: false
Single step:false
App Mode: DEVELOPER
Menu Key: ESCAPE
Stage Style: DECORATED
Scene Factory: class view.GeneralInit$1

13:04:48.966 [JavaFX Application Thread] DEBUG FXGLApplication      - Initializing FXGL
13:04:48.970 [JavaFX Application Thread] INFO  Engine               - FXGL-17.3 (30.03.2023 11.49) on WINDOWS (J:24.0.2 FX:21.0.6)
13:04:48.970 [JavaFX Application Thread] DEBUG Engine               - JRE Vendor Name: Oracle Corporation
13:04:48.970 [JavaFX Application Thread] DEBUG Engine               - Running on OS: Windows 11 version 10.0
13:04:48.971 [JavaFX Application Thread] DEBUG Engine               - Architecture: amd64
13:04:48.971 [JavaFX Application Thread] INFO  Engine               - Source code and latest versions at: https://github.com/AlmasB/FXGL
13:04:48.971 [JavaFX Application Thread] INFO  Engine               -       Ask questions and discuss at: https://github.com/AlmasB/FXGL/discussions
13:04:48.971 [JavaFX Application Thread] INFO  Engine               -              Join the FXGL chat at: https://gitter.im/AlmasB/FXGL
13:04:49.063 [JavaFX Application Thread] DEBUG PrimaryStageWindow   - Creating a JavaFX scene
13:04:49.124 [JavaFX Application Thread] DEBUG PrimaryStageWindow   - Target settings size: 960.0 x 720.0
13:04:49.124 [JavaFX Application Thread] DEBUG PrimaryStageWindow   - Scaled scene size:    960.0 x 720.0
13:04:49.124 [JavaFX Application Thread] DEBUG PrimaryStageWindow   - Scaled ratio: (1.0, 1.0)
13:04:49.125 [JavaFX Application Thread] DEBUG PrimaryStageWindow   - Set initial scene to FXGLStartupScene
13:04:49.129 [JavaFX Application Thread] DEBUG PrimaryStageWindow   - Opening main window
13:04:49.249 [JavaFX Application Thread] DEBUG PrimaryStageWindow   - Window border size: (14.66668701171875, 37.33331298828125)
13:04:49.249 [JavaFX Application Thread] DEBUG PrimaryStageWindow   - Scaled size: 960.0 x 720.0
13:04:49.250 [JavaFX Application Thread] DEBUG PrimaryStageWindow   - Scaled ratio: (1.0, 1.0)
13:04:49.250 [JavaFX Application Thread] DEBUG PrimaryStageWindow   - Scene size: 960.0 x 720.0
13:04:49.250 [JavaFX Application Thread] DEBUG PrimaryStageWindow   - Stage size: 974.6666870117188 x 757.3333129882812
13:04:49.260 [FXGL Background Thread 1 ] DEBUG Engine               - Initializing environment variables
13:04:49.344 [FXGL Background Thread 1 ] DEBUG FXGLAssetLoaderServi - User app class for loading assets: class view.Launch
13:04:49.344 [FXGL Background Thread 1 ] DEBUG GameApplicationServi - Applying CSS: fxgl_dark.css
13:04:49.345 [FXGL Background Thread 1 ] DEBUG FXGLAssetLoaderServi - Loading from file system: jar:file:///C:/Users/DELL/.m2/repository/com/github/almasb/fxgl/17.3/fxgl-17.3.jar!/fxglassets/ui/css/fxgl_dark.css
13:04:49.410 [FXGL Background Thread 1 ] DEBUG GameApplicationServi - Initializing application scenes
13:04:49.460 [FXGL Background Thread 1 ] DEBUG GameWorld            - Game world initialized
13:04:49.547 [FXGL Background Thread 1 ] DEBUG PhysicsWorld         - Physics world initialized: appHeight=720, physics.ppm=50.0
13:04:49.548 [FXGL Background Thread 1 ] DEBUG PhysicsWorld         - Using strategy: BRUTE_FORCE
13:04:49.552 [FXGL Background Thread 1 ] DEBUG GameScene            - Game scene initialized: 960x720
13:04:49.626 [FXGL Background Thread 1 ] DEBUG GameApplicationServi - Application scenes initialized
13:04:49.637 [FXGL Background Thread 1 ] DEBUG SystemBundleService  - Loading FXGL system data
13:04:49.641 [FXGL Background Thread 1 ] DEBUG FileSystemAccess     - Reading from: D:\akanov-an225\system\fxgl.bundle
13:04:49.646 [FXGL Background Thread 1 ] DEBUG SystemBundleService  - Bundle FXGL: {}
13:04:49.646 [FXGL Background Thread 1 ] DEBUG UpdaterService       - Checking for updates
13:04:49.654 [FXGL Background Thread 4 ] DEBUG FXGLApplication      - Loading fonts
13:04:49.654 [FXGL Background Thread 4 ] DEBUG FXGLAssetLoaderServi - Loading from file system: jar:file:///C:/Users/DELL/.m2/repository/com/github/almasb/fxgl/17.3/fxgl-17.3.jar!/fxglassets/ui/fonts/VarelaRound-Regular.ttf
13:04:49.655 [FXGL Background Thread 1 ] DEBUG FXGLApplication      - Loading default localization
13:04:49.655 [FXGL Background Thread 1 ] DEBUG FXGLAssetLoaderServi - Loading from file system: jar:file:///C:/Users/DELL/.m2/repository/com/github/almasb/fxgl/17.3/fxgl-17.3.jar!/fxglassets/languages/english.lang
13:04:49.675 [FXGL Background Thread 1 ] INFO  FXGLApplication      - FXGL initialization took: 0.416 sec
13:04:49.688 [JavaFX Application Thread] DEBUG Input                - Registered new binding: action0 - Right
13:04:49.690 [JavaFX Application Thread] DEBUG Input                - Registered new binding: action1 - Left
13:04:49.690 [JavaFX Application Thread] DEBUG Input                - Registered new binding: action2 - D
13:04:49.690 [JavaFX Application Thread] DEBUG Input                - Registered new binding: action3 - R
13:04:49.691 [JavaFX Application Thread] DEBUG FXGLAssetLoaderServi - Loading from file system: jar:file:///C:/Users/DELL/.m2/repository/com/github/almasb/fxgl/17.3/fxgl-17.3.jar!/fxglassets/textures/fxgl_icon.png
13:04:49.694 [FXGL Background Thread 4 ] DEBUG FXGLAssetLoaderServi - Loading from file system: jar:file:///C:/Users/DELL/.m2/repository/com/github/almasb/fxgl/17.3/fxgl-17.3.jar!/fxglassets/ui/fonts/Abel-Regular.ttf
13:04:49.697 [FXGL Background Thread 4 ] DEBUG FXGLAssetLoaderServi - Loading from file system: jar:file:///C:/Users/DELL/.m2/repository/com/github/almasb/fxgl/17.3/fxgl-17.3.jar!/fxglassets/ui/fonts/TerminalLandMono-Regular.otf
13:04:49.702 [FXGL Background Thread 4 ] DEBUG FXGLAssetLoaderServi - Loading from file system: jar:file:///C:/Users/DELL/.m2/repository/com/github/almasb/fxgl/17.3/fxgl-17.3.jar!/fxglassets/ui/fonts/Courier-Prime.ttf
13:04:49.731 [JavaFX Application Thread] DEBUG FXGLAssetLoaderServi - Loading from file system: jar:file:///C:/Users/DELL/.m2/repository/com/github/almasb/fxgl/17.3/fxgl-17.3.jar!/fxglassets/textures/fxgl_default_cursor.png
13:04:49.734 [JavaFX Application Thread] DEBUG Input                - Registered new binding: Screenshot - CTRL+8
13:04:49.734 [JavaFX Application Thread] DEBUG Input                - Registered new binding: System info dump - CTRL+9
13:04:49.735 [JavaFX Application Thread] DEBUG Input                - Registered new binding: Restart - CTRL+R
13:04:49.737 [JavaFX Application Thread] DEBUG Input                - Registered new binding: Toggle Debug Camera - CTRL+7
13:04:49.740 [JavaFX Application Thread] DEBUG LoopRunner           - Starting loop
13:04:49.740 [JavaFX Application Thread] DEBUG LoopRunner           - Initializing JavaFX AnimationTimerLoop
13:04:49.742 [JavaFX Application Thread] DEBUG Input                - Clearing active input actions
13:04:49.752 [JavaFX Application Thread] DEBUG GameApplicationServi - Removing overlay from FXGLStartupScene and adding to FXGLMainMenuDummyScene
13:04:49.753 [JavaFX Application Thread] DEBUG PrimaryStageWindow   - FXGLStartupScene -> FXGLMainMenuDummyScene
13:04:49.753 [JavaFX Application Thread] DEBUG PrimaryStageWindow   - Push state: MainMenu
13:04:49.753 [JavaFX Application Thread] DEBUG Input                - Clearing active input actions
13:04:49.756 [JavaFX Application Thread] DEBUG GameApplicationServi - Removing overlay from FXGLMainMenuDummyScene and adding to MainMenu
13:04:49.756 [JavaFX Application Thread] DEBUG PrimaryStageWindow   - FXGLMainMenuDummyScene -> MainMenu
13:04:49.760 [JavaFX Application Thread] DEBUG FXGLApplication      - Registering font factories with UI factory
13:04:50.155 [FXGL Background Thread 2 ] INFO  UpdaterService       - Your current version:  17.3
13:04:50.155 [FXGL Background Thread 2 ] INFO  UpdaterService       - Latest stable version: 21.1
13:04:51.373 [JavaFX Application Thread] DEBUG FXGLApplication      - Exiting FXGL
13:04:51.373 [JavaFX Application Thread] DEBUG LoopRunner           - Stopping loop
13:04:51.373 [JavaFX Application Thread] DEBUG SystemBundleService  - Saving FXGL system data
13:04:51.376 [JavaFX Application Thread] DEBUG FileSystemAccess     - Writing to: D:\akanov-an225\system\fxgl.bundle
13:04:51.378 [JavaFX Application Thread] DEBUG Async                - Shutting down background threads
13:04:51.378 [JavaFX Application Thread] DEBUG PrimaryStageWindow   - Closing main window
13:04:51.394 [JavaFX Application Thread] DEBUG Logger               - Closing Logger
