18:33:54.426 [main                     ] DEBUG Logger               - Configured Logger
18:33:54.438 [main                     ] DEBUG GameApplication      - Logging settings
Title: Akanov-an225
Version: 0.1
Width: 800
Height: 600
Fullscreen: false
Intro: false
Profiling: false
Single step:false
App Mode: DEVELOPER
Menu Key: ESCAPE
Stage Style: DECORATED
Scene Factory: class com.almasb.fxgl.app.scene.SceneFactory

18:33:55.149 [JavaFX Application Thread] DEBUG FXGLApplication      - Initializing FXGL
18:33:55.154 [JavaFX Application Thread] INFO  Engine               - FXGL-17.3 (30.03.2023 11.49) on WINDOWS (J:24.0.2 FX:21.0.6)
18:33:55.155 [JavaFX Application Thread] DEBUG Engine               - JRE Vendor Name: Oracle Corporation
18:33:55.155 [JavaFX Application Thread] DEBUG Engine               - Running on OS: Windows 11 version 10.0
18:33:55.155 [JavaFX Application Thread] DEBUG Engine               - Architecture: amd64
18:33:55.155 [JavaFX Application Thread] INFO  Engine               - Source code and latest versions at: https://github.com/AlmasB/FXGL
18:33:55.156 [JavaFX Application Thread] INFO  Engine               -       Ask questions and discuss at: https://github.com/AlmasB/FXGL/discussions
18:33:55.156 [JavaFX Application Thread] INFO  Engine               -              Join the FXGL chat at: https://gitter.im/AlmasB/FXGL
18:33:55.315 [JavaFX Application Thread] DEBUG PrimaryStageWindow   - Creating a JavaFX scene
18:33:55.402 [JavaFX Application Thread] DEBUG PrimaryStageWindow   - Target settings size: 800.0 x 600.0
18:33:55.402 [JavaFX Application Thread] DEBUG PrimaryStageWindow   - Scaled scene size:    800.0 x 600.0
18:33:55.402 [JavaFX Application Thread] DEBUG PrimaryStageWindow   - Scaled ratio: (1.0, 1.0)
18:33:55.403 [JavaFX Application Thread] DEBUG PrimaryStageWindow   - Set initial scene to FXGLStartupScene
18:33:55.409 [JavaFX Application Thread] DEBUG PrimaryStageWindow   - Opening main window
18:33:55.592 [JavaFX Application Thread] DEBUG PrimaryStageWindow   - Window border size: (14.66668701171875, 37.33331298828125)
18:33:55.593 [JavaFX Application Thread] DEBUG PrimaryStageWindow   - Scaled size: 800.0 x 600.0
18:33:55.593 [JavaFX Application Thread] DEBUG PrimaryStageWindow   - Scaled ratio: (1.0, 1.0)
18:33:55.593 [JavaFX Application Thread] DEBUG PrimaryStageWindow   - Scene size: 800.0 x 600.0
18:33:55.593 [JavaFX Application Thread] DEBUG PrimaryStageWindow   - Stage size: 814.6666870117188 x 637.3333129882812
18:33:55.607 [FXGL Background Thread 1 ] DEBUG Engine               - Initializing environment variables
18:33:55.696 [FXGL Background Thread 1 ] DEBUG FXGLAssetLoaderServi - User app class for loading assets: class view.Launch
18:33:55.697 [FXGL Background Thread 1 ] DEBUG GameApplicationServi - Applying CSS: fxgl_dark.css
18:33:55.698 [FXGL Background Thread 1 ] DEBUG FXGLAssetLoaderServi - Loading from file system: jar:file:///C:/Users/DELL/.m2/repository/com/github/almasb/fxgl/17.3/fxgl-17.3.jar!/fxglassets/ui/css/fxgl_dark.css
18:33:55.758 [FXGL Background Thread 1 ] DEBUG GameApplicationServi - Initializing application scenes
18:33:55.823 [FXGL Background Thread 1 ] DEBUG GameWorld            - Game world initialized
18:33:55.906 [FXGL Background Thread 1 ] DEBUG PhysicsWorld         - Physics world initialized: appHeight=600, physics.ppm=50.0
18:33:55.906 [FXGL Background Thread 1 ] DEBUG PhysicsWorld         - Using strategy: BRUTE_FORCE
18:33:55.912 [FXGL Background Thread 1 ] DEBUG GameScene            - Game scene initialized: 800x600
18:33:55.927 [FXGL Background Thread 1 ] DEBUG FXGL.DefaultMenu     - createMenuBodyMainMenu()
18:33:55.946 [FXGL Background Thread 1 ] DEBUG FXGL.DefaultMenu     - createOptionsMenu()
18:33:55.961 [FXGL Background Thread 1 ] DEBUG FXGLAssetLoaderServi - Loading from file system: jar:file:///C:/Users/DELL/.m2/repository/com/github/almasb/fxgl/17.3/fxgl-17.3.jar!/fxglassets/textures/particles/smoke.png
18:33:56.082 [FXGL Background Thread 1 ] DEBUG FXGLAssetLoaderServi - Loading from file system: jar:file:///C:/Users/DELL/.m2/repository/com/github/almasb/fxgl/17.3/fxgl-17.3.jar!/fxglassets/textures/particles/trace_horizontal.png
18:33:56.117 [FXGL Background Thread 1 ] DEBUG FXGL.DefaultMenu     - createMenuBodyGameMenu()
18:33:56.118 [FXGL Background Thread 1 ] DEBUG FXGL.DefaultMenu     - createOptionsMenu()
18:33:56.139 [FXGL Background Thread 1 ] DEBUG GameApplicationServi - Application scenes initialized
18:33:56.155 [FXGL Background Thread 1 ] DEBUG SystemBundleService  - Loading FXGL system data
18:33:56.161 [FXGL Background Thread 1 ] DEBUG FileSystemAccess     - Reading from: D:\akanov-an225\system\fxgl.bundle
18:33:56.174 [FXGL Background Thread 1 ] DEBUG SystemBundleService  - Bundle FXGL: {}
18:33:56.174 [FXGL Background Thread 1 ] DEBUG UpdaterService       - Checking for updates
18:33:56.180 [FXGL Background Thread 4 ] DEBUG FXGLApplication      - Loading fonts
18:33:56.181 [FXGL Background Thread 4 ] DEBUG FXGLAssetLoaderServi - Loading from file system: jar:file:///C:/Users/DELL/.m2/repository/com/github/almasb/fxgl/17.3/fxgl-17.3.jar!/fxglassets/ui/fonts/VarelaRound-Regular.ttf
18:33:56.181 [FXGL Background Thread 1 ] DEBUG FXGLApplication      - Loading default localization
18:33:56.182 [FXGL Background Thread 1 ] DEBUG FXGLAssetLoaderServi - Loading from file system: jar:file:///C:/Users/DELL/.m2/repository/com/github/almasb/fxgl/17.3/fxgl-17.3.jar!/fxglassets/languages/english.lang
18:33:56.210 [FXGL Background Thread 1 ] INFO  FXGLApplication      - FXGL initialization took: 0.604 sec
18:33:56.234 [JavaFX Application Thread] DEBUG Input                - Registered new binding: action0 - Left
18:33:56.235 [JavaFX Application Thread] DEBUG Input                - Registered new binding: action1 - Right
18:33:56.235 [JavaFX Application Thread] DEBUG FXGLAssetLoaderServi - Loading from file system: jar:file:///C:/Users/DELL/.m2/repository/com/github/almasb/fxgl/17.3/fxgl-17.3.jar!/fxglassets/textures/fxgl_icon.png
18:33:56.256 [FXGL Background Thread 4 ] DEBUG FXGLAssetLoaderServi - Loading from file system: jar:file:///C:/Users/DELL/.m2/repository/com/github/almasb/fxgl/17.3/fxgl-17.3.jar!/fxglassets/ui/fonts/Abel-Regular.ttf
18:33:56.258 [JavaFX Application Thread] DEBUG FXGLAssetLoaderServi - Loading from file system: jar:file:///C:/Users/DELL/.m2/repository/com/github/almasb/fxgl/17.3/fxgl-17.3.jar!/fxglassets/textures/fxgl_default_cursor.png
18:33:56.261 [JavaFX Application Thread] DEBUG Input                - Registered new binding: Screenshot - CTRL+8
18:33:56.262 [FXGL Background Thread 4 ] DEBUG FXGLAssetLoaderServi - Loading from file system: jar:file:///C:/Users/DELL/.m2/repository/com/github/almasb/fxgl/17.3/fxgl-17.3.jar!/fxglassets/ui/fonts/TerminalLandMono-Regular.otf
18:33:56.262 [JavaFX Application Thread] DEBUG Input                - Registered new binding: System info dump - CTRL+9
18:33:56.262 [JavaFX Application Thread] DEBUG Input                - Registered new binding: Restart - CTRL+R
18:33:56.263 [JavaFX Application Thread] DEBUG Input                - Registered new binding: Toggle Debug Camera - CTRL+7
18:33:56.266 [JavaFX Application Thread] DEBUG LoopRunner           - Starting loop
18:33:56.266 [JavaFX Application Thread] DEBUG LoopRunner           - Initializing JavaFX AnimationTimerLoop
18:33:56.268 [FXGL Background Thread 4 ] DEBUG FXGLAssetLoaderServi - Loading from file system: jar:file:///C:/Users/DELL/.m2/repository/com/github/almasb/fxgl/17.3/fxgl-17.3.jar!/fxglassets/ui/fonts/Courier-Prime.ttf
18:33:56.269 [JavaFX Application Thread] DEBUG Input                - Clearing active input actions
18:33:56.277 [JavaFX Application Thread] DEBUG GameApplicationServi - Removing overlay from FXGLStartupScene and adding to FXGLMainMenuDummyScene
18:33:56.278 [JavaFX Application Thread] DEBUG PrimaryStageWindow   - FXGLStartupScene -> FXGLMainMenuDummyScene
18:33:56.278 [JavaFX Application Thread] DEBUG PrimaryStageWindow   - Push state: FXGLDefaultMenu
18:33:56.285 [JavaFX Application Thread] DEBUG Input                - Clearing active input actions
18:33:56.293 [JavaFX Application Thread] DEBUG GameApplicationServi - Removing overlay from FXGLMainMenuDummyScene and adding to FXGLDefaultMenu
18:33:56.294 [JavaFX Application Thread] DEBUG PrimaryStageWindow   - FXGLMainMenuDummyScene -> FXGLDefaultMenu
18:33:56.294 [JavaFX Application Thread] DEBUG FXGLApplication      - Registering font factories with UI factory
18:33:57.363 [FXGL Background Thread 2 ] INFO  UpdaterService       - Your current version:  17.3
18:33:57.363 [FXGL Background Thread 2 ] INFO  UpdaterService       - Latest stable version: 21.1
18:33:57.906 [JavaFX Application Thread] DEBUG Menu                 - fireNewGame()
18:33:57.906 [JavaFX Application Thread] DEBUG GameApplicationServi - Starting new game
18:33:57.913 [JavaFX Application Thread] DEBUG PrimaryStageWindow   - Pop state: FXGLDefaultMenu
18:33:57.913 [JavaFX Application Thread] DEBUG Input                - Clearing active input actions
18:33:57.914 [JavaFX Application Thread] DEBUG GameApplicationServi - Removing overlay from FXGLDefaultMenu and adding to FXGLMainMenuDummyScene
18:33:57.914 [JavaFX Application Thread] DEBUG PrimaryStageWindow   - FXGLMainMenuDummyScene <- FXGLDefaultMenu
18:33:57.915 [JavaFX Application Thread] DEBUG Input                - Clearing active input actions
18:33:57.923 [JavaFX Application Thread] DEBUG GameApplicationServi - Removing overlay from FXGLMainMenuDummyScene and adding to FXGLLoadingScene
18:33:57.923 [JavaFX Application Thread] DEBUG PrimaryStageWindow   - FXGLMainMenuDummyScene -> FXGLLoadingScene
18:33:57.924 [JavaFX Application Thread] DEBUG GameApplicationServi - Clearing previous game
18:33:57.924 [JavaFX Application Thread] DEBUG GameScene            - Clearing game scene
18:33:57.924 [JavaFX Application Thread] DEBUG GameWorld            - Clearing game world
18:33:57.924 [JavaFX Application Thread] DEBUG PhysicsWorld         - Clearing physics world
18:33:57.926 [FXGL Background Thread 2 ] DEBUG FXGLApplication      - Initializing game
18:33:57.933 [FXGL Background Thread 2 ] WARN  Entity               - Entity already has component: com.almasb.fxgl.entity.components.BoundingBoxComponent
18:33:57.973 [FXGL Background Thread 2 ] INFO  FXGLApplication      - Game initialization took: 0.046 sec
18:33:57.988 [JavaFX Application Thread] DEBUG Input                - Clearing active input actions
18:33:58.000 [JavaFX Application Thread] DEBUG GameApplicationServi - Removing overlay from FXGLLoadingScene and adding to GameScene
18:33:58.000 [JavaFX Application Thread] DEBUG PrimaryStageWindow   - FXGLLoadingScene -> GameScene
18:33:59.179 [FXGL Background Thread 3 ] DEBUG Engine               - Logging environment variables
18:33:59.180 [FXGL Background Thread 3 ] DEBUG Engine               - achievements: []
18:33:59.180 [FXGL Background Thread 3 ] DEBUG Engine               - actualHeight: 600.0
18:33:59.180 [FXGL Background Thread 3 ] DEBUG Engine               - actualHeightProperty: ReadOnlyDoubleProperty [value: 600.0]
18:33:59.181 [FXGL Background Thread 3 ] DEBUG Engine               - actualWidth: 800.0
18:33:59.181 [FXGL Background Thread 3 ] DEBUG Engine               - actualWidthProperty: ReadOnlyDoubleProperty [value: 800.0]
18:33:59.181 [FXGL Background Thread 3 ] DEBUG Engine               - appIcon: fxgl_icon.png
18:33:59.181 [FXGL Background Thread 3 ] DEBUG Engine               - applicationMode: DEVELOPER
18:33:59.181 [FXGL Background Thread 3 ] DEBUG Engine               - cSSList: [fxgl_dark.css]
18:33:59.181 [FXGL Background Thread 3 ] DEBUG Engine               - collisionDetectionStrategy: BRUTE_FORCE
18:33:59.181 [FXGL Background Thread 3 ] DEBUG Engine               - configClass: Optional.empty
18:33:59.181 [FXGL Background Thread 3 ] DEBUG Engine               - credits: []
18:33:59.181 [FXGL Background Thread 3 ] DEBUG Engine               - defaultCursor: CursorInfo(imageName=fxgl_default_cursor.png, hotspotX=7.0, hotspotY=6.0)
18:33:59.182 [FXGL Background Thread 3 ] DEBUG Engine               - devBBoxColorProperty: ObjectProperty [value: 0xff0000ff]
18:33:59.182 [FXGL Background Thread 3 ] DEBUG Engine               - devEnableDebugCameraProperty: BooleanProperty [value: false]
18:33:59.182 [FXGL Background Thread 3 ] DEBUG Engine               - devSensorColorProperty: ObjectProperty [value: 0xffff00ff]
18:33:59.182 [FXGL Background Thread 3 ] DEBUG Engine               - devShowBBoxProperty: BooleanProperty [value: false]
18:33:59.182 [FXGL Background Thread 3 ] DEBUG Engine               - devShowPositionProperty: BooleanProperty [value: false]
18:33:59.182 [FXGL Background Thread 3 ] DEBUG Engine               - enabledMenuItems: []
18:33:59.182 [FXGL Background Thread 3 ] DEBUG Engine               - engineServices: [class com.almasb.fxgl.app.services.FXGLAssetLoaderService, class com.almasb.fxgl.app.FXGLApplication$GameApplicationService, class com.almasb.fxgl.app.services.FXGLDialogService, class com.almasb.fxgl.app.services.IOTaskExecutorService, class com.almasb.fxgl.io.FileSystemService, class com.almasb.fxgl.localization.LocalizationService, class com.almasb.fxgl.app.services.SystemBundleService, class com.almasb.fxgl.profile.SaveLoadService, class com.almasb.fxgl.ui.FXGLUIFactoryServiceProvider, class com.almasb.fxgl.ui.FXGLDialogFactoryServiceProvider, class com.almasb.fxgl.audio.AudioPlayer, class com.almasb.fxgl.notification.impl.NotificationServiceProvider, class com.almasb.fxgl.achievement.AchievementService, class com.almasb.fxgl.cutscene.CutsceneService, class com.almasb.fxgl.minigames.MiniGameService, class com.almasb.fxgl.net.NetService, class com.almasb.fxgl.app.services.UpdaterService, class com.almasb.fxgl.dev.DevService]
18:33:59.182 [FXGL Background Thread 3 ] DEBUG Engine               - fontGame: Abel-Regular.ttf
18:33:59.182 [FXGL Background Thread 3 ] DEBUG Engine               - fontMono: TerminalLandMono-Regular.otf
18:33:59.183 [FXGL Background Thread 3 ] DEBUG Engine               - fontSizeScaleUI: 1.0
18:33:59.183 [FXGL Background Thread 3 ] DEBUG Engine               - fontText: Courier-Prime.ttf
18:33:59.183 [FXGL Background Thread 3 ] DEBUG Engine               - fontUI: VarelaRound-Regular.ttf
18:33:59.183 [FXGL Background Thread 3 ] DEBUG Engine               - fullScreen: BooleanProperty [value: false]
18:33:59.183 [FXGL Background Thread 3 ] DEBUG Engine               - gameDifficulty: MEDIUM
18:33:59.183 [FXGL Background Thread 3 ] DEBUG Engine               - gameDifficultyProperty: ObjectProperty [value: MEDIUM]
18:33:59.183 [FXGL Background Thread 3 ] DEBUG Engine               - globalMusicVolume: 0.5
18:33:59.183 [FXGL Background Thread 3 ] DEBUG Engine               - globalMusicVolumeProperty: DoubleProperty [value: 0.5]
18:33:59.183 [FXGL Background Thread 3 ] DEBUG Engine               - globalSoundVolume: 0.5
18:33:59.183 [FXGL Background Thread 3 ] DEBUG Engine               - globalSoundVolumeProperty: DoubleProperty [value: 0.5]
18:33:59.183 [FXGL Background Thread 3 ] DEBUG Engine               - height: 600
18:33:59.183 [FXGL Background Thread 3 ] DEBUG Engine               - is3D: false
18:33:59.183 [FXGL Background Thread 3 ] DEBUG Engine               - isAndroid: false
18:33:59.183 [FXGL Background Thread 3 ] DEBUG Engine               - isBrowser: false
18:33:59.184 [FXGL Background Thread 3 ] DEBUG Engine               - isClickFeedbackEnabled: false
18:33:59.184 [FXGL Background Thread 3 ] DEBUG Engine               - isCloseConfirmation: false
18:33:59.184 [FXGL Background Thread 3 ] DEBUG Engine               - isDesktop: true
18:33:59.184 [FXGL Background Thread 3 ] DEBUG Engine               - isDeveloperMenuEnabled: false
18:33:59.184 [FXGL Background Thread 3 ] DEBUG Engine               - isEmbedded: false
18:33:59.184 [FXGL Background Thread 3 ] DEBUG Engine               - isEntityPreloadEnabled: true
18:33:59.184 [FXGL Background Thread 3 ] DEBUG Engine               - isExperimentalTiledLargeMap: false
18:33:59.184 [FXGL Background Thread 3 ] DEBUG Engine               - isFileSystemWriteAllowed: true
18:33:59.184 [FXGL Background Thread 3 ] DEBUG Engine               - isFullScreenAllowed: false
18:33:59.184 [FXGL Background Thread 3 ] DEBUG Engine               - isFullScreenFromStart: false
18:33:59.184 [FXGL Background Thread 3 ] DEBUG Engine               - isGameMenuEnabled: true
18:33:59.184 [FXGL Background Thread 3 ] DEBUG Engine               - isIOS: false
18:33:59.184 [FXGL Background Thread 3 ] DEBUG Engine               - isIntroEnabled: false
18:33:59.184 [FXGL Background Thread 3 ] DEBUG Engine               - isLinux: false
18:33:59.184 [FXGL Background Thread 3 ] DEBUG Engine               - isMac: false
18:33:59.184 [FXGL Background Thread 3 ] DEBUG Engine               - isMainMenuEnabled: true
18:33:59.184 [FXGL Background Thread 3 ] DEBUG Engine               - isManualResizeEnabled: false
18:33:59.185 [FXGL Background Thread 3 ] DEBUG Engine               - isMobile: false
18:33:59.185 [FXGL Background Thread 3 ] DEBUG Engine               - isNative: false
18:33:59.185 [FXGL Background Thread 3 ] DEBUG Engine               - isPauseMusicWhenMinimized: true
18:33:59.185 [FXGL Background Thread 3 ] DEBUG Engine               - isPreserveResizeRatio: false
18:33:59.185 [FXGL Background Thread 3 ] DEBUG Engine               - isProfilingEnabled: false
18:33:59.185 [FXGL Background Thread 3 ] DEBUG Engine               - isScaleAffectedOnResize: true
18:33:59.185 [FXGL Background Thread 3 ] DEBUG Engine               - isSingleStep: false
18:33:59.185 [FXGL Background Thread 3 ] DEBUG Engine               - isUserProfileEnabled: false
18:33:59.185 [FXGL Background Thread 3 ] DEBUG Engine               - isWindows: true
18:33:59.185 [FXGL Background Thread 3 ] DEBUG Engine               - language: ObjectProperty [value: ENGLISH]
18:33:59.185 [FXGL Background Thread 3 ] DEBUG Engine               - menuKey: ESCAPE
18:33:59.185 [FXGL Background Thread 3 ] DEBUG Engine               - mouseSensitivity: 0.2
18:33:59.185 [FXGL Background Thread 3 ] DEBUG Engine               - notificationViewClass: class com.almasb.fxgl.notification.view.XboxNotificationView
18:33:59.185 [FXGL Background Thread 3 ] DEBUG Engine               - pixelsPerMeter: 50.0
18:33:59.185 [FXGL Background Thread 3 ] DEBUG Engine               - platform: WINDOWS
18:33:59.185 [FXGL Background Thread 3 ] DEBUG Engine               - prefHeightProperty: ReadOnlyDoubleProperty [value: 600.0]
18:33:59.185 [FXGL Background Thread 3 ] DEBUG Engine               - prefWidthProperty: ReadOnlyDoubleProperty [value: 800.0]
18:33:59.186 [FXGL Background Thread 3 ] DEBUG Engine               - profileDir: profiles/
18:33:59.186 [FXGL Background Thread 3 ] DEBUG Engine               - profileName: StringProperty [value: DEFAULT]
18:33:59.186 [FXGL Background Thread 3 ] DEBUG Engine               - randomSeed: -1
18:33:59.186 [FXGL Background Thread 3 ] DEBUG Engine               - runtimeInfo: RuntimeInfo(platform=WINDOWS, version=17.3, build=30.03.2023 11.49)
18:33:59.186 [FXGL Background Thread 3 ] DEBUG Engine               - saveFileExt: sav
18:33:59.186 [FXGL Background Thread 3 ] DEBUG Engine               - scaledHeightProp$fxgl: DoubleProperty [bound, value: 600.0]
18:33:59.186 [FXGL Background Thread 3 ] DEBUG Engine               - scaledWidthProp$fxgl: DoubleProperty [bound, value: 800.0]
18:33:59.186 [FXGL Background Thread 3 ] DEBUG Engine               - sceneFactory: com.almasb.fxgl.app.scene.SceneFactory@3e29d1ca
18:33:59.186 [FXGL Background Thread 3 ] DEBUG Engine               - secondsIn24h: 60
18:33:59.186 [FXGL Background Thread 3 ] DEBUG Engine               - soundMenuBack: menu/back.wav
18:33:59.186 [FXGL Background Thread 3 ] DEBUG Engine               - soundMenuPress: menu/press.wav
18:33:59.186 [FXGL Background Thread 3 ] DEBUG Engine               - soundMenuSelect: menu/select.wav
18:33:59.186 [FXGL Background Thread 3 ] DEBUG Engine               - soundNotification: core/notification.wav
18:33:59.186 [FXGL Background Thread 3 ] DEBUG Engine               - stageStyle: DECORATED
18:33:59.186 [FXGL Background Thread 3 ] DEBUG Engine               - supportedLanguages: [ENGLISH, FRENCH, GERMAN, HUNGARIAN, RUSSIAN]
18:33:59.186 [FXGL Background Thread 3 ] DEBUG Engine               - ticksPerSecond: -1
18:33:59.187 [FXGL Background Thread 3 ] DEBUG Engine               - title: Akanov-an225
18:33:59.187 [FXGL Background Thread 3 ] DEBUG Engine               - urlGithub: https://github.com/AlmasB/FXGL
18:33:59.187 [FXGL Background Thread 3 ] DEBUG Engine               - urlLeaderboard: http://fxgl-top.herokuapp.com/
18:33:59.187 [FXGL Background Thread 3 ] DEBUG Engine               - urlPOM: https://raw.githubusercontent.com/AlmasB/FXGL/release/README.md
18:33:59.187 [FXGL Background Thread 3 ] DEBUG Engine               - userAppClass: class view.Launch
18:33:59.187 [FXGL Background Thread 3 ] DEBUG Engine               - version: 0.1
18:33:59.187 [FXGL Background Thread 3 ] DEBUG Engine               - versionCheckDays: 7
18:33:59.187 [FXGL Background Thread 3 ] DEBUG Engine               - width: 800
18:33:59.187 [FXGL Background Thread 3 ] DEBUG Engine               - Logging services
18:33:59.187 [FXGL Background Thread 3 ] DEBUG Engine               - class com.almasb.fxgl.app.services.FXGLAssetLoaderService
18:33:59.187 [FXGL Background Thread 3 ] DEBUG Engine               - class com.almasb.fxgl.app.FXGLApplication$GameApplicationService
18:33:59.187 [FXGL Background Thread 3 ] DEBUG Engine               - class com.almasb.fxgl.app.services.FXGLDialogService
18:33:59.187 [FXGL Background Thread 3 ] DEBUG Engine               - class com.almasb.fxgl.app.services.IOTaskExecutorService
18:33:59.187 [FXGL Background Thread 3 ] DEBUG Engine               - class com.almasb.fxgl.io.FileSystemService
18:33:59.187 [FXGL Background Thread 3 ] DEBUG Engine               - class com.almasb.fxgl.localization.LocalizationService
18:33:59.187 [FXGL Background Thread 3 ] DEBUG Engine               - class com.almasb.fxgl.app.services.SystemBundleService
18:33:59.187 [FXGL Background Thread 3 ] DEBUG Engine               - class com.almasb.fxgl.profile.SaveLoadService
18:33:59.187 [FXGL Background Thread 3 ] DEBUG Engine               - class com.almasb.fxgl.ui.FXGLUIFactoryServiceProvider
18:33:59.187 [FXGL Background Thread 3 ] DEBUG Engine               - class com.almasb.fxgl.ui.FXGLDialogFactoryServiceProvider
18:33:59.187 [FXGL Background Thread 3 ] DEBUG Engine               - class com.almasb.fxgl.audio.AudioPlayer
18:33:59.187 [FXGL Background Thread 3 ] DEBUG Engine               - class com.almasb.fxgl.notification.impl.NotificationServiceProvider
18:33:59.187 [FXGL Background Thread 3 ] DEBUG Engine               - class com.almasb.fxgl.achievement.AchievementService
18:33:59.187 [FXGL Background Thread 3 ] DEBUG Engine               - class com.almasb.fxgl.cutscene.CutsceneService
18:33:59.187 [FXGL Background Thread 3 ] DEBUG Engine               - class com.almasb.fxgl.minigames.MiniGameService
18:33:59.187 [FXGL Background Thread 3 ] DEBUG Engine               - class com.almasb.fxgl.net.NetService
18:33:59.187 [FXGL Background Thread 3 ] DEBUG Engine               - class com.almasb.fxgl.app.services.UpdaterService
18:33:59.187 [FXGL Background Thread 3 ] DEBUG Engine               - class com.almasb.fxgl.dev.DevService
18:35:00.322 [JavaFX Application Thread] DEBUG FXGLApplication      - Exiting FXGL
18:35:00.322 [JavaFX Application Thread] DEBUG LoopRunner           - Stopping loop
18:35:00.322 [JavaFX Application Thread] DEBUG SystemBundleService  - Saving FXGL system data
18:35:00.325 [JavaFX Application Thread] DEBUG FileSystemAccess     - Writing to: D:\akanov-an225\system\fxgl.bundle
18:35:00.330 [JavaFX Application Thread] DEBUG Async                - Shutting down background threads
18:35:00.330 [JavaFX Application Thread] DEBUG PrimaryStageWindow   - Closing main window
18:35:00.355 [JavaFX Application Thread] DEBUG Logger               - Closing Logger
