18:40:35.446 [main                     ] DEBUG Logger               - Configured Logger
18:40:35.455 [main                     ] DEBUG GameApplication      - Logging settings
Title: Akanov-an225
Version: 0.2
Width: 960
Height: 720
Fullscreen: false
Intro: false
Profiling: false
Single step:false
App Mode: DEVELOPER
Menu Key: ESCAPE
Stage Style: DECORATED
Scene Factory: class view.GeneralInit$1

18:40:35.784 [JavaFX Application Thread] DEBUG FXGLApplication      - Initializing FXGL
18:40:35.788 [JavaFX Application Thread] INFO  Engine               - FXGL-17.3 (30.03.2023 11.49) on WINDOWS (J:24.0.2 FX:21.0.6)
18:40:35.788 [JavaFX Application Thread] DEBUG Engine               - JRE Vendor Name: Oracle Corporation
18:40:35.788 [JavaFX Application Thread] DEBUG Engine               - Running on OS: Windows 11 version 10.0
18:40:35.788 [JavaFX Application Thread] DEBUG Engine               - Architecture: amd64
18:40:35.788 [JavaFX Application Thread] INFO  Engine               - Source code and latest versions at: https://github.com/AlmasB/FXGL
18:40:35.788 [JavaFX Application Thread] INFO  Engine               -       Ask questions and discuss at: https://github.com/AlmasB/FXGL/discussions
18:40:35.788 [JavaFX Application Thread] INFO  Engine               -              Join the FXGL chat at: https://gitter.im/AlmasB/FXGL
18:40:35.878 [JavaFX Application Thread] DEBUG PrimaryStageWindow   - Creating a JavaFX scene
18:40:35.932 [JavaFX Application Thread] DEBUG PrimaryStageWindow   - Target settings size: 960.0 x 720.0
18:40:35.932 [JavaFX Application Thread] DEBUG PrimaryStageWindow   - Scaled scene size:    960.0 x 720.0
18:40:35.932 [JavaFX Application Thread] DEBUG PrimaryStageWindow   - Scaled ratio: (1.0, 1.0)
18:40:35.933 [JavaFX Application Thread] DEBUG PrimaryStageWindow   - Set initial scene to FXGLStartupScene
18:40:35.936 [JavaFX Application Thread] DEBUG PrimaryStageWindow   - Opening main window
18:40:36.018 [JavaFX Application Thread] DEBUG PrimaryStageWindow   - Window border size: (14.66668701171875, 37.33331298828125)
18:40:36.018 [JavaFX Application Thread] DEBUG PrimaryStageWindow   - Scaled size: 960.0 x 720.0
18:40:36.018 [JavaFX Application Thread] DEBUG PrimaryStageWindow   - Scaled ratio: (1.0, 1.0)
18:40:36.019 [JavaFX Application Thread] DEBUG PrimaryStageWindow   - Scene size: 960.0 x 720.0
18:40:36.019 [JavaFX Application Thread] DEBUG PrimaryStageWindow   - Stage size: 974.6666870117188 x 757.3333129882812
18:40:36.028 [FXGL Background Thread 1 ] DEBUG Engine               - Initializing environment variables
18:40:36.085 [FXGL Background Thread 1 ] DEBUG FXGLAssetLoaderServi - User app class for loading assets: class view.Launch
18:40:36.085 [FXGL Background Thread 1 ] DEBUG GameApplicationServi - Applying CSS: fxgl_dark.css
18:40:36.087 [FXGL Background Thread 1 ] DEBUG FXGLAssetLoaderServi - Loading from file system: jar:file:///C:/Users/DELL/.m2/repository/com/github/almasb/fxgl/17.3/fxgl-17.3.jar!/fxglassets/ui/css/fxgl_dark.css
18:40:36.129 [FXGL Background Thread 1 ] DEBUG GameApplicationServi - Initializing application scenes
18:40:36.161 [FXGL Background Thread 1 ] DEBUG GameWorld            - Game world initialized
18:40:36.218 [FXGL Background Thread 1 ] DEBUG PhysicsWorld         - Physics world initialized: appHeight=720, physics.ppm=50.0
18:40:36.218 [FXGL Background Thread 1 ] DEBUG PhysicsWorld         - Using strategy: BRUTE_FORCE
18:40:36.221 [FXGL Background Thread 1 ] DEBUG GameScene            - Game scene initialized: 960x720
18:40:36.278 [FXGL Background Thread 1 ] DEBUG GameApplicationServi - Application scenes initialized
18:40:36.286 [FXGL Background Thread 1 ] DEBUG SystemBundleService  - Loading FXGL system data
18:40:36.290 [FXGL Background Thread 1 ] DEBUG FileSystemAccess     - Reading from: D:\akanov-an225\system\fxgl.bundle
18:40:36.296 [FXGL Background Thread 1 ] DEBUG SystemBundleService  - Bundle FXGL: {}
18:40:36.296 [FXGL Background Thread 1 ] DEBUG UpdaterService       - Checking for updates
18:40:36.301 [FXGL Background Thread 4 ] DEBUG FXGLApplication      - Loading fonts
18:40:36.302 [FXGL Background Thread 4 ] DEBUG FXGLAssetLoaderServi - Loading from file system: jar:file:///C:/Users/DELL/.m2/repository/com/github/almasb/fxgl/17.3/fxgl-17.3.jar!/fxglassets/ui/fonts/VarelaRound-Regular.ttf
18:40:36.302 [FXGL Background Thread 1 ] DEBUG FXGLApplication      - Loading default localization
18:40:36.302 [FXGL Background Thread 1 ] DEBUG FXGLAssetLoaderServi - Loading from file system: jar:file:///C:/Users/DELL/.m2/repository/com/github/almasb/fxgl/17.3/fxgl-17.3.jar!/fxglassets/languages/english.lang
18:40:36.315 [FXGL Background Thread 1 ] INFO  FXGLApplication      - FXGL initialization took: 0.287 sec
18:40:36.325 [JavaFX Application Thread] DEBUG Input                - Registered new binding: action0 - Right
18:40:36.325 [JavaFX Application Thread] DEBUG Input                - Registered new binding: action1 - Left
18:40:36.325 [JavaFX Application Thread] DEBUG Input                - Registered new binding: action2 - D
18:40:36.325 [JavaFX Application Thread] DEBUG FXGLAssetLoaderServi - Loading from file system: jar:file:///C:/Users/DELL/.m2/repository/com/github/almasb/fxgl/17.3/fxgl-17.3.jar!/fxglassets/textures/fxgl_icon.png
18:40:36.328 [FXGL Background Thread 4 ] DEBUG FXGLAssetLoaderServi - Loading from file system: jar:file:///C:/Users/DELL/.m2/repository/com/github/almasb/fxgl/17.3/fxgl-17.3.jar!/fxglassets/ui/fonts/Abel-Regular.ttf
18:40:36.331 [FXGL Background Thread 4 ] DEBUG FXGLAssetLoaderServi - Loading from file system: jar:file:///C:/Users/DELL/.m2/repository/com/github/almasb/fxgl/17.3/fxgl-17.3.jar!/fxglassets/ui/fonts/TerminalLandMono-Regular.otf
18:40:36.335 [FXGL Background Thread 4 ] DEBUG FXGLAssetLoaderServi - Loading from file system: jar:file:///C:/Users/DELL/.m2/repository/com/github/almasb/fxgl/17.3/fxgl-17.3.jar!/fxglassets/ui/fonts/Courier-Prime.ttf
18:40:36.351 [JavaFX Application Thread] DEBUG FXGLAssetLoaderServi - Loading from file system: jar:file:///C:/Users/DELL/.m2/repository/com/github/almasb/fxgl/17.3/fxgl-17.3.jar!/fxglassets/textures/fxgl_default_cursor.png
18:40:36.353 [JavaFX Application Thread] DEBUG Input                - Registered new binding: Screenshot - CTRL+8
18:40:36.353 [JavaFX Application Thread] DEBUG Input                - Registered new binding: System info dump - CTRL+9
18:40:36.353 [JavaFX Application Thread] DEBUG Input                - Registered new binding: Restart - CTRL+R
18:40:36.353 [JavaFX Application Thread] DEBUG Input                - Registered new binding: Toggle Debug Camera - CTRL+7
18:40:36.355 [JavaFX Application Thread] DEBUG LoopRunner           - Starting loop
18:40:36.355 [JavaFX Application Thread] DEBUG LoopRunner           - Initializing JavaFX AnimationTimerLoop
18:40:36.356 [JavaFX Application Thread] DEBUG Input                - Clearing active input actions
18:40:36.362 [JavaFX Application Thread] DEBUG GameApplicationServi - Removing overlay from FXGLStartupScene and adding to FXGLMainMenuDummyScene
18:40:36.363 [JavaFX Application Thread] DEBUG PrimaryStageWindow   - FXGLStartupScene -> FXGLMainMenuDummyScene
18:40:36.363 [JavaFX Application Thread] DEBUG PrimaryStageWindow   - Push state: MainMenu
18:40:36.363 [JavaFX Application Thread] DEBUG Input                - Clearing active input actions
18:40:36.364 [JavaFX Application Thread] DEBUG GameApplicationServi - Removing overlay from FXGLMainMenuDummyScene and adding to MainMenu
18:40:36.365 [JavaFX Application Thread] DEBUG PrimaryStageWindow   - FXGLMainMenuDummyScene -> MainMenu
18:40:36.365 [JavaFX Application Thread] DEBUG FXGLApplication      - Registering font factories with UI factory
18:40:36.814 [FXGL Background Thread 2 ] INFO  UpdaterService       - Your current version:  17.3
18:40:36.814 [FXGL Background Thread 2 ] INFO  UpdaterService       - Latest stable version: 21.1
18:40:37.702 [JavaFX Application Thread] DEBUG Menu                 - fireNewGame()
18:40:37.702 [JavaFX Application Thread] DEBUG GameApplicationServi - Starting new game
18:40:37.702 [JavaFX Application Thread] DEBUG PrimaryStageWindow   - Pop state: MainMenu
18:40:37.702 [JavaFX Application Thread] DEBUG Input                - Clearing active input actions
18:40:37.703 [JavaFX Application Thread] DEBUG GameApplicationServi - Removing overlay from MainMenu and adding to FXGLMainMenuDummyScene
18:40:37.703 [JavaFX Application Thread] DEBUG PrimaryStageWindow   - FXGLMainMenuDummyScene <- MainMenu
18:40:37.704 [JavaFX Application Thread] DEBUG Input                - Clearing active input actions
18:40:37.712 [JavaFX Application Thread] DEBUG GameApplicationServi - Removing overlay from FXGLMainMenuDummyScene and adding to FXGLLoadingScene
18:40:37.712 [JavaFX Application Thread] DEBUG PrimaryStageWindow   - FXGLMainMenuDummyScene -> FXGLLoadingScene
18:40:37.712 [JavaFX Application Thread] DEBUG GameApplicationServi - Clearing previous game
18:40:37.712 [JavaFX Application Thread] DEBUG GameScene            - Clearing game scene
18:40:37.712 [JavaFX Application Thread] DEBUG GameWorld            - Clearing game world
18:40:37.712 [JavaFX Application Thread] DEBUG PhysicsWorld         - Clearing physics world
18:40:37.715 [FXGL Background Thread 2 ] DEBUG FXGLApplication      - Initializing game
18:40:37.724 [FXGL Background Thread 2 ] WARN  Entity               - Entity already has component: com.almasb.fxgl.entity.components.BoundingBoxComponent
18:40:37.757 [FXGL Background Thread 2 ] INFO  FXGLApplication      - Game initialization took: 0.042 sec
18:40:37.765 [JavaFX Application Thread] DEBUG Input                - Clearing active input actions
18:40:37.771 [JavaFX Application Thread] DEBUG GameApplicationServi - Removing overlay from FXGLLoadingScene and adding to GameScene
18:40:37.772 [JavaFX Application Thread] DEBUG PrimaryStageWindow   - FXGLLoadingScene -> GameScene
18:40:39.300 [FXGL Background Thread 3 ] DEBUG Engine               - Logging environment variables
18:40:39.302 [FXGL Background Thread 3 ] DEBUG Engine               - achievements: []
18:40:39.302 [FXGL Background Thread 3 ] DEBUG Engine               - actualHeight: 720.0
18:40:39.302 [FXGL Background Thread 3 ] DEBUG Engine               - actualHeightProperty: ReadOnlyDoubleProperty [value: 720.0]
18:40:39.302 [FXGL Background Thread 3 ] DEBUG Engine               - actualWidth: 960.0
18:40:39.302 [FXGL Background Thread 3 ] DEBUG Engine               - actualWidthProperty: ReadOnlyDoubleProperty [value: 960.0]
18:40:39.302 [FXGL Background Thread 3 ] DEBUG Engine               - appIcon: fxgl_icon.png
18:40:39.302 [FXGL Background Thread 3 ] DEBUG Engine               - applicationMode: DEVELOPER
18:40:39.303 [FXGL Background Thread 3 ] DEBUG Engine               - cSSList: [fxgl_dark.css]
18:40:39.303 [FXGL Background Thread 3 ] DEBUG Engine               - collisionDetectionStrategy: BRUTE_FORCE
18:40:39.303 [FXGL Background Thread 3 ] DEBUG Engine               - configClass: Optional.empty
18:40:39.303 [FXGL Background Thread 3 ] DEBUG Engine               - credits: []
18:40:39.306 [FXGL Background Thread 3 ] DEBUG Engine               - defaultCursor: CursorInfo(imageName=fxgl_default_cursor.png, hotspotX=7.0, hotspotY=6.0)
18:40:39.306 [FXGL Background Thread 3 ] DEBUG Engine               - devBBoxColorProperty: ObjectProperty [value: 0xff0000ff]
18:40:39.306 [FXGL Background Thread 3 ] DEBUG Engine               - devEnableDebugCameraProperty: BooleanProperty [value: false]
18:40:39.306 [FXGL Background Thread 3 ] DEBUG Engine               - devSensorColorProperty: ObjectProperty [value: 0xffff00ff]
18:40:39.306 [FXGL Background Thread 3 ] DEBUG Engine               - devShowBBoxProperty: BooleanProperty [value: false]
18:40:39.307 [FXGL Background Thread 3 ] DEBUG Engine               - devShowPositionProperty: BooleanProperty [value: false]
18:40:39.307 [FXGL Background Thread 3 ] DEBUG Engine               - enabledMenuItems: []
18:40:39.307 [FXGL Background Thread 3 ] DEBUG Engine               - engineServices: [class com.almasb.fxgl.app.services.FXGLAssetLoaderService, class com.almasb.fxgl.app.FXGLApplication$GameApplicationService, class com.almasb.fxgl.app.services.FXGLDialogService, class com.almasb.fxgl.app.services.IOTaskExecutorService, class com.almasb.fxgl.io.FileSystemService, class com.almasb.fxgl.localization.LocalizationService, class com.almasb.fxgl.app.services.SystemBundleService, class com.almasb.fxgl.profile.SaveLoadService, class com.almasb.fxgl.ui.FXGLUIFactoryServiceProvider, class com.almasb.fxgl.ui.FXGLDialogFactoryServiceProvider, class com.almasb.fxgl.audio.AudioPlayer, class com.almasb.fxgl.notification.impl.NotificationServiceProvider, class com.almasb.fxgl.achievement.AchievementService, class com.almasb.fxgl.cutscene.CutsceneService, class com.almasb.fxgl.minigames.MiniGameService, class com.almasb.fxgl.net.NetService, class com.almasb.fxgl.app.services.UpdaterService, class com.almasb.fxgl.dev.DevService]
18:40:39.307 [FXGL Background Thread 3 ] DEBUG Engine               - fontGame: Abel-Regular.ttf
18:40:39.307 [FXGL Background Thread 3 ] DEBUG Engine               - fontMono: TerminalLandMono-Regular.otf
18:40:39.307 [FXGL Background Thread 3 ] DEBUG Engine               - fontSizeScaleUI: 1.0
18:40:39.307 [FXGL Background Thread 3 ] DEBUG Engine               - fontText: Courier-Prime.ttf
18:40:39.307 [FXGL Background Thread 3 ] DEBUG Engine               - fontUI: VarelaRound-Regular.ttf
18:40:39.307 [FXGL Background Thread 3 ] DEBUG Engine               - fullScreen: BooleanProperty [value: false]
18:40:39.307 [FXGL Background Thread 3 ] DEBUG Engine               - gameDifficulty: MEDIUM
18:40:39.307 [FXGL Background Thread 3 ] DEBUG Engine               - gameDifficultyProperty: ObjectProperty [value: MEDIUM]
18:40:39.307 [FXGL Background Thread 3 ] DEBUG Engine               - globalMusicVolume: 0.5
18:40:39.307 [FXGL Background Thread 3 ] DEBUG Engine               - globalMusicVolumeProperty: DoubleProperty [value: 0.5]
18:40:39.307 [FXGL Background Thread 3 ] DEBUG Engine               - globalSoundVolume: 0.5
18:40:39.307 [FXGL Background Thread 3 ] DEBUG Engine               - globalSoundVolumeProperty: DoubleProperty [value: 0.5]
18:40:39.307 [FXGL Background Thread 3 ] DEBUG Engine               - height: 720
18:40:39.307 [FXGL Background Thread 3 ] DEBUG Engine               - is3D: false
18:40:39.307 [FXGL Background Thread 3 ] DEBUG Engine               - isAndroid: false
18:40:39.307 [FXGL Background Thread 3 ] DEBUG Engine               - isBrowser: false
18:40:39.307 [FXGL Background Thread 3 ] DEBUG Engine               - isClickFeedbackEnabled: false
18:40:39.308 [FXGL Background Thread 3 ] DEBUG Engine               - isCloseConfirmation: false
18:40:39.308 [FXGL Background Thread 3 ] DEBUG Engine               - isDesktop: true
18:40:39.308 [FXGL Background Thread 3 ] DEBUG Engine               - isDeveloperMenuEnabled: false
18:40:39.308 [FXGL Background Thread 3 ] DEBUG Engine               - isEmbedded: false
18:40:39.308 [FXGL Background Thread 3 ] DEBUG Engine               - isEntityPreloadEnabled: true
18:40:39.308 [FXGL Background Thread 3 ] DEBUG Engine               - isExperimentalTiledLargeMap: false
18:40:39.308 [FXGL Background Thread 3 ] DEBUG Engine               - isFileSystemWriteAllowed: true
18:40:39.308 [FXGL Background Thread 3 ] DEBUG Engine               - isFullScreenAllowed: false
18:40:39.308 [FXGL Background Thread 3 ] DEBUG Engine               - isFullScreenFromStart: false
18:40:39.308 [FXGL Background Thread 3 ] DEBUG Engine               - isGameMenuEnabled: true
18:40:39.308 [FXGL Background Thread 3 ] DEBUG Engine               - isIOS: false
18:40:39.308 [FXGL Background Thread 3 ] DEBUG Engine               - isIntroEnabled: false
18:40:39.308 [FXGL Background Thread 3 ] DEBUG Engine               - isLinux: false
18:40:39.308 [FXGL Background Thread 3 ] DEBUG Engine               - isMac: false
18:40:39.308 [FXGL Background Thread 3 ] DEBUG Engine               - isMainMenuEnabled: true
18:40:39.308 [FXGL Background Thread 3 ] DEBUG Engine               - isManualResizeEnabled: false
18:40:39.308 [FXGL Background Thread 3 ] DEBUG Engine               - isMobile: false
18:40:39.308 [FXGL Background Thread 3 ] DEBUG Engine               - isNative: false
18:40:39.308 [FXGL Background Thread 3 ] DEBUG Engine               - isPauseMusicWhenMinimized: true
18:40:39.308 [FXGL Background Thread 3 ] DEBUG Engine               - isPreserveResizeRatio: false
18:40:39.308 [FXGL Background Thread 3 ] DEBUG Engine               - isProfilingEnabled: false
18:40:39.308 [FXGL Background Thread 3 ] DEBUG Engine               - isScaleAffectedOnResize: true
18:40:39.308 [FXGL Background Thread 3 ] DEBUG Engine               - isSingleStep: false
18:40:39.308 [FXGL Background Thread 3 ] DEBUG Engine               - isUserProfileEnabled: false
18:40:39.308 [FXGL Background Thread 3 ] DEBUG Engine               - isWindows: true
18:40:39.308 [FXGL Background Thread 3 ] DEBUG Engine               - language: ObjectProperty [value: ENGLISH]
18:40:39.308 [FXGL Background Thread 3 ] DEBUG Engine               - menuKey: ESCAPE
18:40:39.308 [FXGL Background Thread 3 ] DEBUG Engine               - mouseSensitivity: 0.2
18:40:39.308 [FXGL Background Thread 3 ] DEBUG Engine               - notificationViewClass: class com.almasb.fxgl.notification.view.XboxNotificationView
18:40:39.309 [FXGL Background Thread 3 ] DEBUG Engine               - pixelsPerMeter: 50.0
18:40:39.309 [FXGL Background Thread 3 ] DEBUG Engine               - platform: WINDOWS
18:40:39.309 [FXGL Background Thread 3 ] DEBUG Engine               - prefHeightProperty: ReadOnlyDoubleProperty [value: 720.0]
18:40:39.309 [FXGL Background Thread 3 ] DEBUG Engine               - prefWidthProperty: ReadOnlyDoubleProperty [value: 960.0]
18:40:39.309 [FXGL Background Thread 3 ] DEBUG Engine               - profileDir: profiles/
18:40:39.309 [FXGL Background Thread 3 ] DEBUG Engine               - profileName: StringProperty [value: DEFAULT]
18:40:39.309 [FXGL Background Thread 3 ] DEBUG Engine               - randomSeed: -1
18:40:39.309 [FXGL Background Thread 3 ] DEBUG Engine               - runtimeInfo: RuntimeInfo(platform=WINDOWS, version=17.3, build=30.03.2023 11.49)
18:40:39.309 [FXGL Background Thread 3 ] DEBUG Engine               - saveFileExt: sav
18:40:39.309 [FXGL Background Thread 3 ] DEBUG Engine               - scaledHeightProp$fxgl: DoubleProperty [bound, value: 720.0]
18:40:39.309 [FXGL Background Thread 3 ] DEBUG Engine               - scaledWidthProp$fxgl: DoubleProperty [bound, value: 960.0]
18:40:39.309 [FXGL Background Thread 3 ] DEBUG Engine               - sceneFactory: view.GeneralInit$1@4a02ea36
18:40:39.309 [FXGL Background Thread 3 ] DEBUG Engine               - secondsIn24h: 60
18:40:39.309 [FXGL Background Thread 3 ] DEBUG Engine               - soundMenuBack: menu/back.wav
18:40:39.309 [FXGL Background Thread 3 ] DEBUG Engine               - soundMenuPress: menu/press.wav
18:40:39.309 [FXGL Background Thread 3 ] DEBUG Engine               - soundMenuSelect: menu/select.wav
18:40:39.309 [FXGL Background Thread 3 ] DEBUG Engine               - soundNotification: core/notification.wav
18:40:39.309 [FXGL Background Thread 3 ] DEBUG Engine               - stageStyle: DECORATED
18:40:39.309 [FXGL Background Thread 3 ] DEBUG Engine               - supportedLanguages: [ENGLISH, FRENCH, GERMAN, HUNGARIAN, RUSSIAN]
18:40:39.309 [FXGL Background Thread 3 ] DEBUG Engine               - ticksPerSecond: -1
18:40:39.309 [FXGL Background Thread 3 ] DEBUG Engine               - title: Akanov-an225
18:40:39.309 [FXGL Background Thread 3 ] DEBUG Engine               - urlGithub: https://github.com/AlmasB/FXGL
18:40:39.309 [FXGL Background Thread 3 ] DEBUG Engine               - urlLeaderboard: http://fxgl-top.herokuapp.com/
18:40:39.309 [FXGL Background Thread 3 ] DEBUG Engine               - urlPOM: https://raw.githubusercontent.com/AlmasB/FXGL/release/README.md
18:40:39.310 [FXGL Background Thread 3 ] DEBUG Engine               - userAppClass: class view.Launch
18:40:39.310 [FXGL Background Thread 3 ] DEBUG Engine               - version: 0.2
18:40:39.310 [FXGL Background Thread 3 ] DEBUG Engine               - versionCheckDays: 7
18:40:39.310 [FXGL Background Thread 3 ] DEBUG Engine               - width: 960
18:40:39.310 [FXGL Background Thread 3 ] DEBUG Engine               - Logging services
18:40:39.310 [FXGL Background Thread 3 ] DEBUG Engine               - class com.almasb.fxgl.app.services.FXGLAssetLoaderService
18:40:39.310 [FXGL Background Thread 3 ] DEBUG Engine               - class com.almasb.fxgl.app.FXGLApplication$GameApplicationService
18:40:39.310 [FXGL Background Thread 3 ] DEBUG Engine               - class com.almasb.fxgl.app.services.FXGLDialogService
18:40:39.310 [FXGL Background Thread 3 ] DEBUG Engine               - class com.almasb.fxgl.app.services.IOTaskExecutorService
18:40:39.310 [FXGL Background Thread 3 ] DEBUG Engine               - class com.almasb.fxgl.io.FileSystemService
18:40:39.310 [FXGL Background Thread 3 ] DEBUG Engine               - class com.almasb.fxgl.localization.LocalizationService
18:40:39.310 [FXGL Background Thread 3 ] DEBUG Engine               - class com.almasb.fxgl.app.services.SystemBundleService
18:40:39.310 [FXGL Background Thread 3 ] DEBUG Engine               - class com.almasb.fxgl.profile.SaveLoadService
18:40:39.310 [FXGL Background Thread 3 ] DEBUG Engine               - class com.almasb.fxgl.ui.FXGLUIFactoryServiceProvider
18:40:39.310 [FXGL Background Thread 3 ] DEBUG Engine               - class com.almasb.fxgl.ui.FXGLDialogFactoryServiceProvider
18:40:39.310 [FXGL Background Thread 3 ] DEBUG Engine               - class com.almasb.fxgl.audio.AudioPlayer
18:40:39.310 [FXGL Background Thread 3 ] DEBUG Engine               - class com.almasb.fxgl.notification.impl.NotificationServiceProvider
18:40:39.310 [FXGL Background Thread 3 ] DEBUG Engine               - class com.almasb.fxgl.achievement.AchievementService
18:40:39.310 [FXGL Background Thread 3 ] DEBUG Engine               - class com.almasb.fxgl.cutscene.CutsceneService
18:40:39.310 [FXGL Background Thread 3 ] DEBUG Engine               - class com.almasb.fxgl.minigames.MiniGameService
18:40:39.310 [FXGL Background Thread 3 ] DEBUG Engine               - class com.almasb.fxgl.net.NetService
18:40:39.310 [FXGL Background Thread 3 ] DEBUG Engine               - class com.almasb.fxgl.app.services.UpdaterService
18:40:39.310 [FXGL Background Thread 3 ] DEBUG Engine               - class com.almasb.fxgl.dev.DevService
18:40:41.874 [JavaFX Application Thread] WARN  GameWorld            - Attempted to remove entity which is not active
18:40:50.032 [JavaFX Application Thread] WARN  GameWorld            - Attempted to remove entity which is not active
18:40:54.591 [JavaFX Application Thread] WARN  GameWorld            - Attempted to remove entity which is not active
18:40:54.734 [JavaFX Application Thread] WARN  GameWorld            - Attempted to remove entity which is not active
18:40:55.295 [JavaFX Application Thread] WARN  GameWorld            - Attempted to remove entity which is not active
18:40:55.631 [JavaFX Application Thread] WARN  GameWorld            - Attempted to remove entity which is not active
18:40:55.951 [JavaFX Application Thread] WARN  GameWorld            - Attempted to remove entity which is not active
18:40:56.286 [JavaFX Application Thread] WARN  GameWorld            - Attempted to remove entity which is not active
18:40:56.959 [JavaFX Application Thread] WARN  GameWorld            - Attempted to remove entity which is not active
18:40:57.439 [JavaFX Application Thread] WARN  GameWorld            - Attempted to remove entity which is not active
18:40:58.527 [JavaFX Application Thread] WARN  GameWorld            - Attempted to remove entity which is not active
18:40:59.822 [JavaFX Application Thread] WARN  GameWorld            - Attempted to remove entity which is not active
18:41:00.061 [JavaFX Application Thread] WARN  GameWorld            - Attempted to remove entity which is not active
18:41:01.583 [JavaFX Application Thread] WARN  GameWorld            - Attempted to remove entity which is not active
18:41:03.056 [JavaFX Application Thread] WARN  GameWorld            - Attempted to remove entity which is not active
18:41:04.527 [JavaFX Application Thread] WARN  GameWorld            - Attempted to remove entity which is not active
18:41:05.600 [JavaFX Application Thread] WARN  GameWorld            - Attempted to remove entity which is not active
18:41:06.255 [JavaFX Application Thread] WARN  GameWorld            - Attempted to remove entity which is not active
18:41:06.526 [JavaFX Application Thread] WARN  GameWorld            - Attempted to remove entity which is not active
18:41:06.591 [JavaFX Application Thread] WARN  GameWorld            - Attempted to remove entity which is not active
18:41:06.655 [JavaFX Application Thread] WARN  GameWorld            - Attempted to remove entity which is not active
18:41:06.925 [JavaFX Application Thread] WARN  GameWorld            - Attempted to remove entity which is not active
18:41:09.998 [JavaFX Application Thread] WARN  GameWorld            - Attempted to remove entity which is not active
18:41:11.870 [JavaFX Application Thread] WARN  GameWorld            - Attempted to remove entity which is not active
18:41:13.262 [JavaFX Application Thread] WARN  GameWorld            - Attempted to remove entity which is not active
18:41:15.055 [JavaFX Application Thread] WARN  GameWorld            - Attempted to remove entity which is not active
18:41:15.118 [JavaFX Application Thread] WARN  GameWorld            - Attempted to remove entity which is not active
18:41:16.031 [JavaFX Application Thread] WARN  GameWorld            - Attempted to remove entity which is not active
18:41:16.511 [JavaFX Application Thread] WARN  GameWorld            - Attempted to remove entity which is not active
18:41:16.910 [JavaFX Application Thread] WARN  GameWorld            - Attempted to remove entity which is not active
18:41:16.990 [JavaFX Application Thread] WARN  GameWorld            - Attempted to remove entity which is not active
18:41:19.679 [JavaFX Application Thread] WARN  GameWorld            - Attempted to remove entity which is not active
18:41:19.694 [JavaFX Application Thread] WARN  GameWorld            - Attempted to remove entity which is not active
18:41:27.246 [JavaFX Application Thread] WARN  GameWorld            - Attempted to remove entity which is not active
18:41:29.039 [JavaFX Application Thread] WARN  GameWorld            - Attempted to remove entity which is not active
18:41:36.734 [JavaFX Application Thread] WARN  GameWorld            - Attempted to remove entity which is not active
18:41:39.678 [JavaFX Application Thread] WARN  GameWorld            - Attempted to remove entity which is not active
18:41:43.855 [JavaFX Application Thread] WARN  GameWorld            - Attempted to remove entity which is not active
18:41:45.886 [JavaFX Application Thread] WARN  GameWorld            - Attempted to remove entity which is not active
18:42:00.591 [JavaFX Application Thread] WARN  GameWorld            - Attempted to remove entity which is not active
18:42:01.230 [JavaFX Application Thread] WARN  GameWorld            - Attempted to remove entity which is not active
18:42:01.855 [JavaFX Application Thread] WARN  GameWorld            - Attempted to remove entity which is not active
18:42:07.246 [JavaFX Application Thread] WARN  GameWorld            - Attempted to remove entity which is not active
18:42:12.654 [JavaFX Application Thread] WARN  GameWorld            - Attempted to remove entity which is not active
18:43:24.210 [JavaFX Application Thread] DEBUG FXGLApplication      - Exiting FXGL
18:43:24.210 [JavaFX Application Thread] DEBUG LoopRunner           - Stopping loop
18:43:24.210 [JavaFX Application Thread] DEBUG SystemBundleService  - Saving FXGL system data
18:43:24.227 [JavaFX Application Thread] DEBUG FileSystemAccess     - Writing to: D:\akanov-an225\system\fxgl.bundle
18:43:24.233 [JavaFX Application Thread] DEBUG Async                - Shutting down background threads
18:43:24.233 [JavaFX Application Thread] DEBUG PrimaryStageWindow   - Closing main window
18:43:24.252 [JavaFX Application Thread] DEBUG Logger               - Closing Logger
