10:19:27.511 [main                     ] DEBUG Logger               - Configured Logger
10:19:27.518 [main                     ] DEBUG GameApplication      - Logging settings
Title: Akanov-an225
Version: 0.2
Width: 960
Height: 720
Fullscreen: false
Intro: false
Profiling: false
Single step:false
App Mode: DEVELOPER
Menu Key: ESCAPE
Stage Style: DECORATED
Scene Factory: class view.GeneralInit$1

10:19:27.955 [JavaFX Application Thread] DEBUG FXGLApplication      - Initializing FXGL
10:19:27.959 [JavaFX Application Thread] INFO  Engine               - FXGL-17.3 (30.03.2023 11.49) on WINDOWS (J:24.0.2 FX:21.0.6)
10:19:27.959 [JavaFX Application Thread] DEBUG Engine               - JRE Vendor Name: Oracle Corporation
10:19:27.960 [JavaFX Application Thread] DEBUG Engine               - Running on OS: Windows 11 version 10.0
10:19:27.960 [JavaFX Application Thread] DEBUG Engine               - Architecture: amd64
10:19:27.960 [JavaFX Application Thread] INFO  Engine               - Source code and latest versions at: https://github.com/AlmasB/FXGL
10:19:27.960 [JavaFX Application Thread] INFO  Engine               -       Ask questions and discuss at: https://github.com/AlmasB/FXGL/discussions
10:19:27.960 [JavaFX Application Thread] INFO  Engine               -              Join the FXGL chat at: https://gitter.im/AlmasB/FXGL
10:19:28.052 [JavaFX Application Thread] DEBUG PrimaryStageWindow   - Creating a JavaFX scene
10:19:28.105 [JavaFX Application Thread] DEBUG PrimaryStageWindow   - Target settings size: 960.0 x 720.0
10:19:28.105 [JavaFX Application Thread] DEBUG PrimaryStageWindow   - Scaled scene size:    960.0 x 720.0
10:19:28.105 [JavaFX Application Thread] DEBUG PrimaryStageWindow   - Scaled ratio: (1.0, 1.0)
10:19:28.107 [JavaFX Application Thread] DEBUG PrimaryStageWindow   - Set initial scene to FXGLStartupScene
10:19:28.110 [JavaFX Application Thread] DEBUG PrimaryStageWindow   - Opening main window
10:19:28.227 [JavaFX Application Thread] DEBUG PrimaryStageWindow   - Window border size: (14.4000244140625, 37.5999755859375)
10:19:28.227 [JavaFX Application Thread] DEBUG PrimaryStageWindow   - Scaled size: 960.0 x 720.0
10:19:28.229 [JavaFX Application Thread] DEBUG PrimaryStageWindow   - Scaled ratio: (1.0, 1.0)
10:19:28.229 [JavaFX Application Thread] DEBUG PrimaryStageWindow   - Scene size: 960.0 x 720.0
10:19:28.229 [JavaFX Application Thread] DEBUG PrimaryStageWindow   - Stage size: 974.4000244140625 x 757.5999755859375
10:19:28.242 [FXGL Background Thread 1 ] DEBUG Engine               - Initializing environment variables
10:19:28.329 [FXGL Background Thread 1 ] DEBUG FXGLAssetLoaderServi - User app class for loading assets: class view.Launch
10:19:28.330 [FXGL Background Thread 1 ] DEBUG GameApplicationServi - Applying CSS: fxgl_dark.css
10:19:28.332 [FXGL Background Thread 1 ] DEBUG FXGLAssetLoaderServi - Loading from file system: jar:file:///C:/Users/nguye/.m2/repository/com/github/almasb/fxgl/17.3/fxgl-17.3.jar!/fxglassets/ui/css/fxgl_dark.css
10:19:28.388 [FXGL Background Thread 1 ] DEBUG GameApplicationServi - Initializing application scenes
10:19:28.437 [FXGL Background Thread 1 ] DEBUG GameWorld            - Game world initialized
10:19:28.510 [FXGL Background Thread 1 ] DEBUG PhysicsWorld         - Physics world initialized: appHeight=720, physics.ppm=50.0
10:19:28.511 [FXGL Background Thread 1 ] DEBUG PhysicsWorld         - Using strategy: BRUTE_FORCE
10:19:28.516 [FXGL Background Thread 1 ] DEBUG GameScene            - Game scene initialized: 960x720
10:19:28.850 [JavaFX Application Thread] DEBUG LoopRunner           - Stopping loop
10:19:28.850 [JavaFX Application Thread] DEBUG LoopRunner           - Initializing JavaFX AnimationTimerLoop
10:19:28.853 [JavaFX Application Thread] FATAL FXGLApplication      - Uncaught Exception:
java.lang.ExceptionInInitializerError
	at view/view.MainMenu.<init>(MainMenu.java:46)
	at view/view.GeneralInit$1.newMainMenu(GeneralInit.java:26)
	at com.almasb.fxgl.all@17.3/com.almasb.fxgl.app.FXGLApplication$GameApplicationService.initAppScenes(FXGLApplication.kt:457)
	at com.almasb.fxgl.all@17.3/com.almasb.fxgl.app.FXGLApplication$GameApplicationService.onInit(FXGLApplication.kt:417)
	at com.almasb.fxgl.all@17.3/com.almasb.fxgl.app.Engine.initServices(Engine.kt:85)
	at com.almasb.fxgl.all@17.3/com.almasb.fxgl.app.FXGLApplication.startImpl$lambda$2(FXGLApplication.kt:138)
	at com.almasb.fxgl.core@17.3/com.almasb.fxgl.core.concurrent.IOTask.lambda$ofVoid$5(IOTask.java:184)
	at com.almasb.fxgl.core@17.3/com.almasb.fxgl.core.concurrent.IOTask$2.onExecute(IOTask.java:197)
	at com.almasb.fxgl.core@17.3/com.almasb.fxgl.core.concurrent.IOTask$1.call(IOTask.java:148)
	at javafx.graphics@21.0.6/javafx.concurrent.Task$TaskCallable.call(Task.java:1399)
	at java.base/java.util.concurrent.FutureTask.run(FutureTask.java:328)
	at java.base/java.util.concurrent.Executors$RunnableAdapter.call(Executors.java:545)
	at java.base/java.util.concurrent.FutureTask.run(FutureTask.java:328)
	at java.base/java.util.concurrent.ThreadPoolExecutor.runWorker(ThreadPoolExecutor.java:1095)
	at java.base/java.util.concurrent.ThreadPoolExecutor$Worker.run(ThreadPoolExecutor.java:619)
	at java.base/java.lang.Thread.run(Thread.java:1447)
Caused by: java.lang.NullPointerException
	at java.base/java.util.Objects.requireNonNull(Objects.java:220)
	at view/controller.InitVari.<clinit>(InitVari.java:34)
	... 16 more

10:19:28.853 [JavaFX Application Thread] FATAL FXGLApplication      - Application will now exit
10:19:28.884 [JavaFX Application Thread] DEBUG PrimaryStageWindow   - Push state: ErrorSubScene
10:19:28.884 [JavaFX Application Thread] DEBUG Input                - Clearing active input actions
10:19:28.892 [JavaFX Application Thread] DEBUG GameApplicationServi - Removing overlay from FXGLStartupScene and adding to ErrorSubScene
10:19:28.893 [JavaFX Application Thread] DEBUG PrimaryStageWindow   - FXGLStartupScene -> ErrorSubScene
10:19:32.049 [JavaFX Application Thread] DEBUG FXGLApplication      - Exiting FXGL
10:19:32.049 [JavaFX Application Thread] DEBUG Async                - Shutting down background threads
10:19:32.050 [JavaFX Application Thread] DEBUG PrimaryStageWindow   - Closing main window
10:19:32.083 [JavaFX Application Thread] DEBUG Logger               - Closing Logger
